[2024-05-09T20:19:44.107+0000] {local_task_job_runner.py:120} INFO - ::group::Pre task execution logs
[2024-05-09T20:19:44.122+0000] {taskinstance.py:2076} INFO - Dependencies all met for dep_context=non-requeueable deps ti=<TaskInstance: Proyecto_SpaceX.Guardar_datos_Fichero scheduled__2024-01-01T00:00:00+00:00 [queued]>
[2024-05-09T20:19:44.130+0000] {taskinstance.py:2076} INFO - Dependencies all met for dep_context=requeueable deps ti=<TaskInstance: Proyecto_SpaceX.Guardar_datos_Fichero scheduled__2024-01-01T00:00:00+00:00 [queued]>
[2024-05-09T20:19:44.131+0000] {taskinstance.py:2306} INFO - Starting attempt 4 of 4
[2024-05-09T20:19:44.264+0000] {taskinstance.py:2330} INFO - Executing <Task(PythonOperator): Guardar_datos_Fichero> on 2024-01-01 00:00:00+00:00
[2024-05-09T20:19:44.269+0000] {warnings.py:110} WARNING - /home/***/.local/lib/python3.12/site-packages/***/task/task_runner/standard_task_runner.py:61: DeprecationWarning: This process (pid=1519) is multi-threaded, use of fork() may lead to deadlocks in the child.
  pid = os.fork()

[2024-05-09T20:19:44.271+0000] {standard_task_runner.py:63} INFO - Started process 1523 to run task
[2024-05-09T20:19:44.273+0000] {standard_task_runner.py:90} INFO - Running: ['***', 'tasks', 'run', 'Proyecto_SpaceX', 'Guardar_datos_Fichero', 'scheduled__2024-01-01T00:00:00+00:00', '--job-id', '987', '--raw', '--subdir', 'DAGS_FOLDER/Proyecto_SpaceX.py', '--cfg-path', '/tmp/tmpc3a_uhna']
[2024-05-09T20:19:44.275+0000] {standard_task_runner.py:91} INFO - Job 987: Subtask Guardar_datos_Fichero
[2024-05-09T20:19:44.323+0000] {task_command.py:426} INFO - Running <TaskInstance: Proyecto_SpaceX.Guardar_datos_Fichero scheduled__2024-01-01T00:00:00+00:00 [running]> on host 7a81a983afb0
[2024-05-09T20:19:44.390+0000] {taskinstance.py:2648} INFO - Exporting env vars: AIRFLOW_CTX_DAG_OWNER='***' AIRFLOW_CTX_DAG_ID='Proyecto_SpaceX' AIRFLOW_CTX_TASK_ID='Guardar_datos_Fichero' AIRFLOW_CTX_EXECUTION_DATE='2024-01-01T00:00:00+00:00' AIRFLOW_CTX_TRY_NUMBER='4' AIRFLOW_CTX_DAG_RUN_ID='scheduled__2024-01-01T00:00:00+00:00'
[2024-05-09T20:19:44.391+0000] {taskinstance.py:430} INFO - ::endgroup::
[2024-05-09T20:19:44.412+0000] {python.py:237} INFO - Done. Returned value was: None
[2024-05-09T20:19:44.413+0000] {taskinstance.py:441} INFO - ::group::Post task execution logs
[2024-05-09T20:19:44.421+0000] {taskinstance.py:1206} INFO - Marking task as SUCCESS. dag_id=Proyecto_SpaceX, task_id=Guardar_datos_Fichero, run_id=scheduled__2024-01-01T00:00:00+00:00, execution_date=20240101T000000, start_date=20240509T201944, end_date=20240509T201944
[2024-05-09T20:19:44.446+0000] {local_task_job_runner.py:240} INFO - Task exited with return code 0
[2024-05-09T20:19:44.467+0000] {taskinstance.py:3498} INFO - 1 downstream tasks scheduled from follow-on schedule check
[2024-05-09T20:19:44.471+0000] {local_task_job_runner.py:222} INFO - ::endgroup::
[2024-05-10T05:54:39.245+0000] {local_task_job_runner.py:120} INFO - ::group::Pre task execution logs
[2024-05-10T05:54:39.295+0000] {taskinstance.py:2076} INFO - Dependencies all met for dep_context=non-requeueable deps ti=<TaskInstance: Proyecto_SpaceX.Guardar_datos_Fichero scheduled__2024-01-01T00:00:00+00:00 [queued]>
[2024-05-10T05:54:39.307+0000] {taskinstance.py:2076} INFO - Dependencies all met for dep_context=requeueable deps ti=<TaskInstance: Proyecto_SpaceX.Guardar_datos_Fichero scheduled__2024-01-01T00:00:00+00:00 [queued]>
[2024-05-10T05:54:39.308+0000] {taskinstance.py:2306} INFO - Starting attempt 4 of 4
[2024-05-10T05:54:39.940+0000] {taskinstance.py:2330} INFO - Executing <Task(PythonOperator): Guardar_datos_Fichero> on 2024-01-01 00:00:00+00:00
[2024-05-10T05:54:39.965+0000] {standard_task_runner.py:90} INFO - Running: ['***', 'tasks', 'run', 'Proyecto_SpaceX', 'Guardar_datos_Fichero', 'scheduled__2024-01-01T00:00:00+00:00', '--job-id', '1060', '--raw', '--subdir', 'DAGS_FOLDER/Proyecto_SpaceX.py', '--cfg-path', '/tmp/tmpex74zt_y']
[2024-05-10T05:54:39.967+0000] {warnings.py:110} WARNING - /home/***/.local/lib/python3.12/site-packages/***/task/task_runner/standard_task_runner.py:61: DeprecationWarning: This process (pid=715) is multi-threaded, use of fork() may lead to deadlocks in the child.
  pid = os.fork()

[2024-05-10T05:54:39.980+0000] {standard_task_runner.py:91} INFO - Job 1060: Subtask Guardar_datos_Fichero
[2024-05-10T05:54:39.981+0000] {standard_task_runner.py:63} INFO - Started process 719 to run task
[2024-05-10T05:54:40.123+0000] {task_command.py:426} INFO - Running <TaskInstance: Proyecto_SpaceX.Guardar_datos_Fichero scheduled__2024-01-01T00:00:00+00:00 [running]> on host 1b7f0b10dd99
[2024-05-10T05:54:40.240+0000] {taskinstance.py:2648} INFO - Exporting env vars: AIRFLOW_CTX_DAG_OWNER='***' AIRFLOW_CTX_DAG_ID='Proyecto_SpaceX' AIRFLOW_CTX_TASK_ID='Guardar_datos_Fichero' AIRFLOW_CTX_EXECUTION_DATE='2024-01-01T00:00:00+00:00' AIRFLOW_CTX_TRY_NUMBER='4' AIRFLOW_CTX_DAG_RUN_ID='scheduled__2024-01-01T00:00:00+00:00'
[2024-05-10T05:54:40.243+0000] {taskinstance.py:430} INFO - ::endgroup::
[2024-05-10T05:54:40.330+0000] {python.py:237} INFO - Done. Returned value was: None
[2024-05-10T05:54:40.331+0000] {taskinstance.py:441} INFO - ::group::Post task execution logs
[2024-05-10T05:54:40.340+0000] {taskinstance.py:1206} INFO - Marking task as SUCCESS. dag_id=Proyecto_SpaceX, task_id=Guardar_datos_Fichero, run_id=scheduled__2024-01-01T00:00:00+00:00, execution_date=20240101T000000, start_date=20240510T055439, end_date=20240510T055440
[2024-05-10T05:54:40.358+0000] {local_task_job_runner.py:240} INFO - Task exited with return code 0
[2024-05-10T05:54:40.378+0000] {taskinstance.py:3498} INFO - 0 downstream tasks scheduled from follow-on schedule check
[2024-05-10T05:54:40.382+0000] {local_task_job_runner.py:222} INFO - ::endgroup::
