[2024-05-09T19:44:42.428+0000] {local_task_job_runner.py:120} INFO - ::group::Pre task execution logs
[2024-05-09T19:44:42.445+0000] {taskinstance.py:2076} INFO - Dependencies all met for dep_context=non-requeueable deps ti=<TaskInstance: Proyecto_SpaceX.Guardar_datos_Fichero scheduled__2024-01-01T00:00:00+00:00 [queued]>
[2024-05-09T19:44:42.453+0000] {taskinstance.py:2076} INFO - Dependencies all met for dep_context=requeueable deps ti=<TaskInstance: Proyecto_SpaceX.Guardar_datos_Fichero scheduled__2024-01-01T00:00:00+00:00 [queued]>
[2024-05-09T19:44:42.455+0000] {taskinstance.py:2306} INFO - Starting attempt 2 of 2
[2024-05-09T19:44:42.601+0000] {taskinstance.py:2330} INFO - Executing <Task(PythonOperator): Guardar_datos_Fichero> on 2024-01-01 00:00:00+00:00
[2024-05-09T19:44:42.609+0000] {warnings.py:110} WARNING - /home/***/.local/lib/python3.12/site-packages/***/task/task_runner/standard_task_runner.py:61: DeprecationWarning: This process (pid=914) is multi-threaded, use of fork() may lead to deadlocks in the child.
  pid = os.fork()

[2024-05-09T19:44:42.612+0000] {standard_task_runner.py:63} INFO - Started process 918 to run task
[2024-05-09T19:44:42.611+0000] {standard_task_runner.py:90} INFO - Running: ['***', 'tasks', 'run', 'Proyecto_SpaceX', 'Guardar_datos_Fichero', 'scheduled__2024-01-01T00:00:00+00:00', '--job-id', '950', '--raw', '--subdir', 'DAGS_FOLDER/Proyecto_SpaceX.py', '--cfg-path', '/tmp/tmpd87z2t_c']
[2024-05-09T19:44:42.613+0000] {standard_task_runner.py:91} INFO - Job 950: Subtask Guardar_datos_Fichero
[2024-05-09T19:44:42.652+0000] {task_command.py:426} INFO - Running <TaskInstance: Proyecto_SpaceX.Guardar_datos_Fichero scheduled__2024-01-01T00:00:00+00:00 [running]> on host 7a81a983afb0
[2024-05-09T19:44:42.722+0000] {taskinstance.py:2648} INFO - Exporting env vars: AIRFLOW_CTX_DAG_OWNER='***' AIRFLOW_CTX_DAG_ID='Proyecto_SpaceX' AIRFLOW_CTX_TASK_ID='Guardar_datos_Fichero' AIRFLOW_CTX_EXECUTION_DATE='2024-01-01T00:00:00+00:00' AIRFLOW_CTX_TRY_NUMBER='2' AIRFLOW_CTX_DAG_RUN_ID='scheduled__2024-01-01T00:00:00+00:00'
[2024-05-09T19:44:42.724+0000] {taskinstance.py:430} INFO - ::endgroup::
[2024-05-09T19:44:42.753+0000] {python.py:237} INFO - Done. Returned value was: None
[2024-05-09T19:44:42.755+0000] {taskinstance.py:441} INFO - ::group::Post task execution logs
[2024-05-09T19:44:42.803+0000] {taskinstance.py:1206} INFO - Marking task as SUCCESS. dag_id=Proyecto_SpaceX, task_id=Guardar_datos_Fichero, run_id=scheduled__2024-01-01T00:00:00+00:00, execution_date=20240101T000000, start_date=20240509T194442, end_date=20240509T194442
[2024-05-09T19:44:42.826+0000] {local_task_job_runner.py:240} INFO - Task exited with return code 0
[2024-05-09T19:44:42.848+0000] {taskinstance.py:3498} INFO - 0 downstream tasks scheduled from follow-on schedule check
[2024-05-09T19:44:42.853+0000] {local_task_job_runner.py:222} INFO - ::endgroup::
[2024-05-10T05:21:21.890+0000] {local_task_job_runner.py:120} INFO - ::group::Pre task execution logs
[2024-05-10T05:21:21.912+0000] {taskinstance.py:2076} INFO - Dependencies all met for dep_context=non-requeueable deps ti=<TaskInstance: Proyecto_SpaceX.Guardar_datos_Fichero scheduled__2024-01-01T00:00:00+00:00 [queued]>
[2024-05-10T05:21:21.920+0000] {taskinstance.py:2076} INFO - Dependencies all met for dep_context=requeueable deps ti=<TaskInstance: Proyecto_SpaceX.Guardar_datos_Fichero scheduled__2024-01-01T00:00:00+00:00 [queued]>
[2024-05-10T05:21:21.921+0000] {taskinstance.py:2306} INFO - Starting attempt 2 of 2
[2024-05-10T05:21:22.086+0000] {taskinstance.py:2330} INFO - Executing <Task(PythonOperator): Guardar_datos_Fichero> on 2024-01-01 00:00:00+00:00
[2024-05-10T05:21:22.093+0000] {warnings.py:110} WARNING - /home/***/.local/lib/python3.12/site-packages/***/task/task_runner/standard_task_runner.py:61: DeprecationWarning: This process (pid=141) is multi-threaded, use of fork() may lead to deadlocks in the child.
  pid = os.fork()

[2024-05-10T05:21:22.095+0000] {standard_task_runner.py:63} INFO - Started process 145 to run task
[2024-05-10T05:21:22.095+0000] {standard_task_runner.py:90} INFO - Running: ['***', 'tasks', 'run', 'Proyecto_SpaceX', 'Guardar_datos_Fichero', 'scheduled__2024-01-01T00:00:00+00:00', '--job-id', '1025', '--raw', '--subdir', 'DAGS_FOLDER/Proyecto_SpaceX.py', '--cfg-path', '/tmp/tmpsbozgyjb']
[2024-05-10T05:21:22.097+0000] {standard_task_runner.py:91} INFO - Job 1025: Subtask Guardar_datos_Fichero
[2024-05-10T05:21:22.149+0000] {task_command.py:426} INFO - Running <TaskInstance: Proyecto_SpaceX.Guardar_datos_Fichero scheduled__2024-01-01T00:00:00+00:00 [running]> on host 1b7f0b10dd99
[2024-05-10T05:21:22.225+0000] {taskinstance.py:2648} INFO - Exporting env vars: AIRFLOW_CTX_DAG_OWNER='***' AIRFLOW_CTX_DAG_ID='Proyecto_SpaceX' AIRFLOW_CTX_TASK_ID='Guardar_datos_Fichero' AIRFLOW_CTX_EXECUTION_DATE='2024-01-01T00:00:00+00:00' AIRFLOW_CTX_TRY_NUMBER='2' AIRFLOW_CTX_DAG_RUN_ID='scheduled__2024-01-01T00:00:00+00:00'
[2024-05-10T05:21:22.226+0000] {taskinstance.py:430} INFO - ::endgroup::
[2024-05-10T05:21:22.275+0000] {python.py:237} INFO - Done. Returned value was: None
[2024-05-10T05:21:22.276+0000] {taskinstance.py:441} INFO - ::group::Post task execution logs
[2024-05-10T05:21:22.285+0000] {taskinstance.py:1206} INFO - Marking task as SUCCESS. dag_id=Proyecto_SpaceX, task_id=Guardar_datos_Fichero, run_id=scheduled__2024-01-01T00:00:00+00:00, execution_date=20240101T000000, start_date=20240510T052121, end_date=20240510T052122
[2024-05-10T05:21:22.311+0000] {local_task_job_runner.py:240} INFO - Task exited with return code 0
[2024-05-10T05:21:22.347+0000] {taskinstance.py:3498} INFO - 1 downstream tasks scheduled from follow-on schedule check
[2024-05-10T05:21:22.350+0000] {local_task_job_runner.py:222} INFO - ::endgroup::
