[2024-05-09T18:53:29.000+0000] {local_task_job_runner.py:120} INFO - ::group::Pre task execution logs
[2024-05-09T18:53:29.019+0000] {taskinstance.py:2076} INFO - Dependencies all met for dep_context=non-requeueable deps ti=<TaskInstance: Proyecto_SpaceX.Guardar_datos_Fichero scheduled__2024-01-01T00:00:00+00:00 [queued]>
[2024-05-09T18:53:29.026+0000] {taskinstance.py:2076} INFO - Dependencies all met for dep_context=requeueable deps ti=<TaskInstance: Proyecto_SpaceX.Guardar_datos_Fichero scheduled__2024-01-01T00:00:00+00:00 [queued]>
[2024-05-09T18:53:29.033+0000] {taskinstance.py:2306} INFO - Starting attempt 1 of 1
[2024-05-09T18:53:29.149+0000] {taskinstance.py:2330} INFO - Executing <Task(PythonOperator): Guardar_datos_Fichero> on 2024-01-01 00:00:00+00:00
[2024-05-09T18:53:29.154+0000] {warnings.py:110} WARNING - /home/***/.local/lib/python3.12/site-packages/***/task/task_runner/standard_task_runner.py:61: DeprecationWarning: This process (pid=123) is multi-threaded, use of fork() may lead to deadlocks in the child.
  pid = os.fork()

[2024-05-09T18:53:29.155+0000] {standard_task_runner.py:63} INFO - Started process 125 to run task
[2024-05-09T18:53:29.155+0000] {standard_task_runner.py:90} INFO - Running: ['***', 'tasks', 'run', 'Proyecto_SpaceX', 'Guardar_datos_Fichero', 'scheduled__2024-01-01T00:00:00+00:00', '--job-id', '921', '--raw', '--subdir', 'DAGS_FOLDER/Proyecto_SpaceX.py', '--cfg-path', '/tmp/tmpk5tfa40g']
[2024-05-09T18:53:29.157+0000] {standard_task_runner.py:91} INFO - Job 921: Subtask Guardar_datos_Fichero
[2024-05-09T18:53:29.190+0000] {task_command.py:426} INFO - Running <TaskInstance: Proyecto_SpaceX.Guardar_datos_Fichero scheduled__2024-01-01T00:00:00+00:00 [running]> on host 7a81a983afb0
[2024-05-09T18:53:29.250+0000] {taskinstance.py:2648} INFO - Exporting env vars: AIRFLOW_CTX_DAG_OWNER='***' AIRFLOW_CTX_DAG_ID='Proyecto_SpaceX' AIRFLOW_CTX_TASK_ID='Guardar_datos_Fichero' AIRFLOW_CTX_EXECUTION_DATE='2024-01-01T00:00:00+00:00' AIRFLOW_CTX_TRY_NUMBER='1' AIRFLOW_CTX_DAG_RUN_ID='scheduled__2024-01-01T00:00:00+00:00'
[2024-05-09T18:53:29.251+0000] {taskinstance.py:430} INFO - ::endgroup::
[2024-05-09T18:53:29.293+0000] {python.py:237} INFO - Done. Returned value was: None
[2024-05-09T18:53:29.293+0000] {taskinstance.py:441} INFO - ::group::Post task execution logs
[2024-05-09T18:53:29.300+0000] {taskinstance.py:1206} INFO - Marking task as SUCCESS. dag_id=Proyecto_SpaceX, task_id=Guardar_datos_Fichero, run_id=scheduled__2024-01-01T00:00:00+00:00, execution_date=20240101T000000, start_date=20240509T185329, end_date=20240509T185329
[2024-05-09T18:53:29.329+0000] {local_task_job_runner.py:240} INFO - Task exited with return code 0
[2024-05-09T18:53:29.351+0000] {taskinstance.py:3498} INFO - 1 downstream tasks scheduled from follow-on schedule check
[2024-05-09T18:53:29.358+0000] {local_task_job_runner.py:222} INFO - ::endgroup::
[2024-05-09T19:17:12.220+0000] {local_task_job_runner.py:120} INFO - ::group::Pre task execution logs
[2024-05-09T19:17:12.395+0000] {taskinstance.py:2076} INFO - Dependencies all met for dep_context=non-requeueable deps ti=<TaskInstance: Proyecto_SpaceX.Guardar_datos_Fichero scheduled__2024-01-01T00:00:00+00:00 [queued]>
[2024-05-09T19:17:12.407+0000] {taskinstance.py:2076} INFO - Dependencies all met for dep_context=requeueable deps ti=<TaskInstance: Proyecto_SpaceX.Guardar_datos_Fichero scheduled__2024-01-01T00:00:00+00:00 [queued]>
[2024-05-09T19:17:12.408+0000] {taskinstance.py:2306} INFO - Starting attempt 1 of 1
[2024-05-09T19:17:14.506+0000] {taskinstance.py:2330} INFO - Executing <Task(PythonOperator): Guardar_datos_Fichero> on 2024-01-01 00:00:00+00:00
[2024-05-09T19:17:14.512+0000] {warnings.py:110} WARNING - /home/***/.local/lib/python3.12/site-packages/***/task/task_runner/standard_task_runner.py:61: DeprecationWarning: This process (pid=480) is multi-threaded, use of fork() may lead to deadlocks in the child.
  pid = os.fork()

[2024-05-09T19:17:14.514+0000] {standard_task_runner.py:63} INFO - Started process 488 to run task
[2024-05-09T19:17:14.513+0000] {standard_task_runner.py:90} INFO - Running: ['***', 'tasks', 'run', 'Proyecto_SpaceX', 'Guardar_datos_Fichero', 'scheduled__2024-01-01T00:00:00+00:00', '--job-id', '933', '--raw', '--subdir', 'DAGS_FOLDER/Proyecto_SpaceX.py', '--cfg-path', '/tmp/tmpbzsho4af']
[2024-05-09T19:17:14.515+0000] {standard_task_runner.py:91} INFO - Job 933: Subtask Guardar_datos_Fichero
[2024-05-09T19:17:14.581+0000] {task_command.py:426} INFO - Running <TaskInstance: Proyecto_SpaceX.Guardar_datos_Fichero scheduled__2024-01-01T00:00:00+00:00 [running]> on host 7a81a983afb0
[2024-05-09T19:17:14.693+0000] {taskinstance.py:2648} INFO - Exporting env vars: AIRFLOW_CTX_DAG_OWNER='***' AIRFLOW_CTX_DAG_ID='Proyecto_SpaceX' AIRFLOW_CTX_TASK_ID='Guardar_datos_Fichero' AIRFLOW_CTX_EXECUTION_DATE='2024-01-01T00:00:00+00:00' AIRFLOW_CTX_TRY_NUMBER='1' AIRFLOW_CTX_DAG_RUN_ID='scheduled__2024-01-01T00:00:00+00:00'
[2024-05-09T19:17:14.697+0000] {taskinstance.py:430} INFO - ::endgroup::
[2024-05-09T19:17:14.715+0000] {python.py:237} INFO - Done. Returned value was: None
[2024-05-09T19:17:14.716+0000] {taskinstance.py:441} INFO - ::group::Post task execution logs
[2024-05-09T19:17:14.724+0000] {taskinstance.py:1206} INFO - Marking task as SUCCESS. dag_id=Proyecto_SpaceX, task_id=Guardar_datos_Fichero, run_id=scheduled__2024-01-01T00:00:00+00:00, execution_date=20240101T000000, start_date=20240509T191712, end_date=20240509T191714
[2024-05-09T19:17:14.769+0000] {local_task_job_runner.py:240} INFO - Task exited with return code 0
[2024-05-09T19:17:14.790+0000] {taskinstance.py:3498} INFO - 1 downstream tasks scheduled from follow-on schedule check
[2024-05-09T19:17:14.820+0000] {local_task_job_runner.py:222} INFO - ::endgroup::
[2024-05-09T21:00:58.498+0000] {local_task_job_runner.py:120} INFO - ::group::Pre task execution logs
[2024-05-09T21:00:58.521+0000] {taskinstance.py:2076} INFO - Dependencies all met for dep_context=non-requeueable deps ti=<TaskInstance: Proyecto_SpaceX.Guardar_datos_Fichero scheduled__2024-01-01T00:00:00+00:00 [queued]>
[2024-05-09T21:00:58.532+0000] {taskinstance.py:2076} INFO - Dependencies all met for dep_context=requeueable deps ti=<TaskInstance: Proyecto_SpaceX.Guardar_datos_Fichero scheduled__2024-01-01T00:00:00+00:00 [queued]>
[2024-05-09T21:00:58.544+0000] {taskinstance.py:2306} INFO - Starting attempt 1 of 1
[2024-05-09T21:00:58.713+0000] {taskinstance.py:2330} INFO - Executing <Task(PythonOperator): Guardar_datos_Fichero> on 2024-01-01 00:00:00+00:00
[2024-05-09T21:00:58.721+0000] {warnings.py:110} WARNING - /home/***/.local/lib/python3.12/site-packages/***/task/task_runner/standard_task_runner.py:61: DeprecationWarning: This process (pid=1826) is multi-threaded, use of fork() may lead to deadlocks in the child.
  pid = os.fork()

[2024-05-09T21:00:58.722+0000] {standard_task_runner.py:90} INFO - Running: ['***', 'tasks', 'run', 'Proyecto_SpaceX', 'Guardar_datos_Fichero', 'scheduled__2024-01-01T00:00:00+00:00', '--job-id', '1004', '--raw', '--subdir', 'DAGS_FOLDER/Proyecto_SpaceX.py', '--cfg-path', '/tmp/tmpne1d_av7']
[2024-05-09T21:00:58.725+0000] {standard_task_runner.py:63} INFO - Started process 1830 to run task
[2024-05-09T21:00:58.725+0000] {standard_task_runner.py:91} INFO - Job 1004: Subtask Guardar_datos_Fichero
[2024-05-09T21:00:58.779+0000] {task_command.py:426} INFO - Running <TaskInstance: Proyecto_SpaceX.Guardar_datos_Fichero scheduled__2024-01-01T00:00:00+00:00 [running]> on host 7a81a983afb0
[2024-05-09T21:00:58.863+0000] {taskinstance.py:2648} INFO - Exporting env vars: AIRFLOW_CTX_DAG_OWNER='***' AIRFLOW_CTX_DAG_ID='Proyecto_SpaceX' AIRFLOW_CTX_TASK_ID='Guardar_datos_Fichero' AIRFLOW_CTX_EXECUTION_DATE='2024-01-01T00:00:00+00:00' AIRFLOW_CTX_TRY_NUMBER='1' AIRFLOW_CTX_DAG_RUN_ID='scheduled__2024-01-01T00:00:00+00:00'
[2024-05-09T21:00:58.865+0000] {taskinstance.py:430} INFO - ::endgroup::
[2024-05-09T21:00:58.887+0000] {python.py:237} INFO - Done. Returned value was: None
[2024-05-09T21:00:58.888+0000] {taskinstance.py:441} INFO - ::group::Post task execution logs
[2024-05-09T21:00:58.898+0000] {taskinstance.py:1206} INFO - Marking task as SUCCESS. dag_id=Proyecto_SpaceX, task_id=Guardar_datos_Fichero, run_id=scheduled__2024-01-01T00:00:00+00:00, execution_date=20240101T000000, start_date=20240509T210058, end_date=20240509T210058
[2024-05-09T21:00:59.023+0000] {local_task_job_runner.py:240} INFO - Task exited with return code 0
[2024-05-09T21:00:59.059+0000] {taskinstance.py:3498} INFO - 0 downstream tasks scheduled from follow-on schedule check
[2024-05-09T21:00:59.062+0000] {local_task_job_runner.py:222} INFO - ::endgroup::
