[2024-05-10T06:11:24.772+0000] {local_task_job_runner.py:120} INFO - ::group::Pre task execution logs
[2024-05-10T06:11:24.788+0000] {taskinstance.py:2076} INFO - Dependencies all met for dep_context=non-requeueable deps ti=<TaskInstance: Proyecto_SpaceX_v1.Confirmacion_NASA scheduled__2024-03-02T00:00:00+00:00 [queued]>
[2024-05-10T06:11:24.795+0000] {taskinstance.py:2076} INFO - Dependencies all met for dep_context=requeueable deps ti=<TaskInstance: Proyecto_SpaceX_v1.Confirmacion_NASA scheduled__2024-03-02T00:00:00+00:00 [queued]>
[2024-05-10T06:11:24.796+0000] {taskinstance.py:2306} INFO - Starting attempt 2 of 4
[2024-05-10T06:11:24.808+0000] {taskinstance.py:2330} INFO - Executing <Task(BashOperator): Confirmacion_NASA> on 2024-03-02 00:00:00+00:00
[2024-05-10T06:11:24.814+0000] {warnings.py:110} WARNING - /home/***/.local/lib/python3.12/site-packages/***/task/task_runner/standard_task_runner.py:61: DeprecationWarning: This process (pid=1310) is multi-threaded, use of fork() may lead to deadlocks in the child.
  pid = os.fork()

[2024-05-10T06:11:24.815+0000] {standard_task_runner.py:63} INFO - Started process 1312 to run task
[2024-05-10T06:11:24.815+0000] {standard_task_runner.py:90} INFO - Running: ['***', 'tasks', 'run', 'Proyecto_SpaceX_v1', 'Confirmacion_NASA', 'scheduled__2024-03-02T00:00:00+00:00', '--job-id', '1147', '--raw', '--subdir', 'DAGS_FOLDER/Proyecto_SpaceX_v1.py', '--cfg-path', '/tmp/tmph6_2e873']
[2024-05-10T06:11:24.818+0000] {standard_task_runner.py:91} INFO - Job 1147: Subtask Confirmacion_NASA
[2024-05-10T06:11:24.858+0000] {task_command.py:426} INFO - Running <TaskInstance: Proyecto_SpaceX_v1.Confirmacion_NASA scheduled__2024-03-02T00:00:00+00:00 [running]> on host 1b7f0b10dd99
[2024-05-10T06:11:25.044+0000] {taskinstance.py:2648} INFO - Exporting env vars: AIRFLOW_CTX_DAG_OWNER='***' AIRFLOW_CTX_DAG_ID='Proyecto_SpaceX_v1' AIRFLOW_CTX_TASK_ID='Confirmacion_NASA' AIRFLOW_CTX_EXECUTION_DATE='2024-03-02T00:00:00+00:00' AIRFLOW_CTX_TRY_NUMBER='2' AIRFLOW_CTX_DAG_RUN_ID='scheduled__2024-03-02T00:00:00+00:00'
[2024-05-10T06:11:25.046+0000] {taskinstance.py:430} INFO - ::endgroup::
[2024-05-10T06:11:25.055+0000] {subprocess.py:63} INFO - Tmp dir root location: /tmp
[2024-05-10T06:11:25.056+0000] {subprocess.py:75} INFO - Running command: ['/usr/bin/bash', '-c', "sleep 20 && echo 'Confirmación, puede proceder' > /tmp/response_20240302.txt"]
[2024-05-10T06:11:25.065+0000] {subprocess.py:86} INFO - Output:
[2024-05-10T06:11:45.069+0000] {subprocess.py:97} INFO - Command exited with return code 0
[2024-05-10T06:11:45.070+0000] {taskinstance.py:441} INFO - ::group::Post task execution logs
[2024-05-10T06:11:45.094+0000] {taskinstance.py:1206} INFO - Marking task as SUCCESS. dag_id=Proyecto_SpaceX_v1, task_id=Confirmacion_NASA, run_id=scheduled__2024-03-02T00:00:00+00:00, execution_date=20240302T000000, start_date=20240510T061124, end_date=20240510T061145
[2024-05-10T06:11:45.154+0000] {local_task_job_runner.py:240} INFO - Task exited with return code 0
[2024-05-10T06:11:45.176+0000] {taskinstance.py:3498} INFO - 1 downstream tasks scheduled from follow-on schedule check
[2024-05-10T06:11:45.179+0000] {local_task_job_runner.py:222} INFO - ::endgroup::
