[2024-05-09T19:45:39.284+0000] {local_task_job_runner.py:120} INFO - ::group::Pre task execution logs
[2024-05-09T19:45:39.300+0000] {taskinstance.py:2076} INFO - Dependencies all met for dep_context=non-requeueable deps ti=<TaskInstance: Proyecto_SpaceX.Guardar_datos_Fichero scheduled__2024-03-01T00:00:00+00:00 [queued]>
[2024-05-09T19:45:39.311+0000] {taskinstance.py:2076} INFO - Dependencies all met for dep_context=requeueable deps ti=<TaskInstance: Proyecto_SpaceX.Guardar_datos_Fichero scheduled__2024-03-01T00:00:00+00:00 [queued]>
[2024-05-09T19:45:39.312+0000] {taskinstance.py:2306} INFO - Starting attempt 2 of 2
[2024-05-09T19:45:39.543+0000] {taskinstance.py:2330} INFO - Executing <Task(PythonOperator): Guardar_datos_Fichero> on 2024-03-01 00:00:00+00:00
[2024-05-09T19:45:39.560+0000] {warnings.py:110} WARNING - /home/***/.local/lib/python3.12/site-packages/***/task/task_runner/standard_task_runner.py:61: DeprecationWarning: This process (pid=978) is multi-threaded, use of fork() may lead to deadlocks in the child.
  pid = os.fork()

[2024-05-09T19:45:39.562+0000] {standard_task_runner.py:63} INFO - Started process 982 to run task
[2024-05-09T19:45:39.562+0000] {standard_task_runner.py:90} INFO - Running: ['***', 'tasks', 'run', 'Proyecto_SpaceX', 'Guardar_datos_Fichero', 'scheduled__2024-03-01T00:00:00+00:00', '--job-id', '962', '--raw', '--subdir', 'DAGS_FOLDER/Proyecto_SpaceX.py', '--cfg-path', '/tmp/tmpqdzuov7o']
[2024-05-09T19:45:39.564+0000] {standard_task_runner.py:91} INFO - Job 962: Subtask Guardar_datos_Fichero
[2024-05-09T19:45:39.620+0000] {task_command.py:426} INFO - Running <TaskInstance: Proyecto_SpaceX.Guardar_datos_Fichero scheduled__2024-03-01T00:00:00+00:00 [running]> on host 7a81a983afb0
[2024-05-09T19:45:39.689+0000] {taskinstance.py:2648} INFO - Exporting env vars: AIRFLOW_CTX_DAG_OWNER='***' AIRFLOW_CTX_DAG_ID='Proyecto_SpaceX' AIRFLOW_CTX_TASK_ID='Guardar_datos_Fichero' AIRFLOW_CTX_EXECUTION_DATE='2024-03-01T00:00:00+00:00' AIRFLOW_CTX_TRY_NUMBER='2' AIRFLOW_CTX_DAG_RUN_ID='scheduled__2024-03-01T00:00:00+00:00'
[2024-05-09T19:45:39.691+0000] {taskinstance.py:430} INFO - ::endgroup::
[2024-05-09T19:45:39.709+0000] {python.py:237} INFO - Done. Returned value was: None
[2024-05-09T19:45:39.709+0000] {taskinstance.py:441} INFO - ::group::Post task execution logs
[2024-05-09T19:45:39.716+0000] {taskinstance.py:1206} INFO - Marking task as SUCCESS. dag_id=Proyecto_SpaceX, task_id=Guardar_datos_Fichero, run_id=scheduled__2024-03-01T00:00:00+00:00, execution_date=20240301T000000, start_date=20240509T194539, end_date=20240509T194539
[2024-05-09T19:45:39.736+0000] {local_task_job_runner.py:240} INFO - Task exited with return code 0
[2024-05-09T19:45:39.755+0000] {taskinstance.py:3498} INFO - 0 downstream tasks scheduled from follow-on schedule check
[2024-05-09T19:45:39.760+0000] {local_task_job_runner.py:222} INFO - ::endgroup::
[2024-05-10T05:22:21.114+0000] {local_task_job_runner.py:120} INFO - ::group::Pre task execution logs
[2024-05-10T05:22:21.138+0000] {taskinstance.py:2076} INFO - Dependencies all met for dep_context=non-requeueable deps ti=<TaskInstance: Proyecto_SpaceX.Guardar_datos_Fichero scheduled__2024-03-01T00:00:00+00:00 [queued]>
[2024-05-10T05:22:21.147+0000] {taskinstance.py:2076} INFO - Dependencies all met for dep_context=requeueable deps ti=<TaskInstance: Proyecto_SpaceX.Guardar_datos_Fichero scheduled__2024-03-01T00:00:00+00:00 [queued]>
[2024-05-10T05:22:21.147+0000] {taskinstance.py:2306} INFO - Starting attempt 2 of 2
[2024-05-10T05:22:21.531+0000] {taskinstance.py:2330} INFO - Executing <Task(PythonOperator): Guardar_datos_Fichero> on 2024-03-01 00:00:00+00:00
[2024-05-10T05:22:21.543+0000] {warnings.py:110} WARNING - /home/***/.local/lib/python3.12/site-packages/***/task/task_runner/standard_task_runner.py:61: DeprecationWarning: This process (pid=204) is multi-threaded, use of fork() may lead to deadlocks in the child.
  pid = os.fork()

[2024-05-10T05:22:21.546+0000] {standard_task_runner.py:63} INFO - Started process 209 to run task
[2024-05-10T05:22:21.544+0000] {standard_task_runner.py:90} INFO - Running: ['***', 'tasks', 'run', 'Proyecto_SpaceX', 'Guardar_datos_Fichero', 'scheduled__2024-03-01T00:00:00+00:00', '--job-id', '1036', '--raw', '--subdir', 'DAGS_FOLDER/Proyecto_SpaceX.py', '--cfg-path', '/tmp/tmph0snpbu4']
[2024-05-10T05:22:21.548+0000] {standard_task_runner.py:91} INFO - Job 1036: Subtask Guardar_datos_Fichero
[2024-05-10T05:22:21.812+0000] {task_command.py:426} INFO - Running <TaskInstance: Proyecto_SpaceX.Guardar_datos_Fichero scheduled__2024-03-01T00:00:00+00:00 [running]> on host 1b7f0b10dd99
[2024-05-10T05:22:21.953+0000] {taskinstance.py:2648} INFO - Exporting env vars: AIRFLOW_CTX_DAG_OWNER='***' AIRFLOW_CTX_DAG_ID='Proyecto_SpaceX' AIRFLOW_CTX_TASK_ID='Guardar_datos_Fichero' AIRFLOW_CTX_EXECUTION_DATE='2024-03-01T00:00:00+00:00' AIRFLOW_CTX_TRY_NUMBER='2' AIRFLOW_CTX_DAG_RUN_ID='scheduled__2024-03-01T00:00:00+00:00'
[2024-05-10T05:22:21.961+0000] {taskinstance.py:430} INFO - ::endgroup::
[2024-05-10T05:22:22.009+0000] {python.py:237} INFO - Done. Returned value was: None
[2024-05-10T05:22:22.010+0000] {taskinstance.py:441} INFO - ::group::Post task execution logs
[2024-05-10T05:22:22.021+0000] {taskinstance.py:1206} INFO - Marking task as SUCCESS. dag_id=Proyecto_SpaceX, task_id=Guardar_datos_Fichero, run_id=scheduled__2024-03-01T00:00:00+00:00, execution_date=20240301T000000, start_date=20240510T052221, end_date=20240510T052222
[2024-05-10T05:22:22.043+0000] {local_task_job_runner.py:240} INFO - Task exited with return code 0
[2024-05-10T05:22:22.068+0000] {taskinstance.py:3498} INFO - 1 downstream tasks scheduled from follow-on schedule check
[2024-05-10T05:22:22.070+0000] {local_task_job_runner.py:222} INFO - ::endgroup::
