[2024-05-09T20:02:13.153+0000] {local_task_job_runner.py:120} INFO - ::group::Pre task execution logs
[2024-05-09T20:02:13.174+0000] {taskinstance.py:2076} INFO - Dependencies all met for dep_context=non-requeueable deps ti=<TaskInstance: Proyecto_SpaceX.Guardar_datos_Fichero scheduled__2024-03-01T00:00:00+00:00 [queued]>
[2024-05-09T20:02:13.184+0000] {taskinstance.py:2076} INFO - Dependencies all met for dep_context=requeueable deps ti=<TaskInstance: Proyecto_SpaceX.Guardar_datos_Fichero scheduled__2024-03-01T00:00:00+00:00 [queued]>
[2024-05-09T20:02:13.185+0000] {taskinstance.py:2306} INFO - Starting attempt 3 of 3
[2024-05-09T20:02:13.336+0000] {taskinstance.py:2330} INFO - Executing <Task(PythonOperator): Guardar_datos_Fichero> on 2024-03-01 00:00:00+00:00
[2024-05-09T20:02:13.345+0000] {standard_task_runner.py:90} INFO - Running: ['***', 'tasks', 'run', 'Proyecto_SpaceX', 'Guardar_datos_Fichero', 'scheduled__2024-03-01T00:00:00+00:00', '--job-id', '980', '--raw', '--subdir', 'DAGS_FOLDER/Proyecto_SpaceX.py', '--cfg-path', '/tmp/tmpvnhg94ch']
[2024-05-09T20:02:13.343+0000] {warnings.py:110} WARNING - /home/***/.local/lib/python3.12/site-packages/***/task/task_runner/standard_task_runner.py:61: DeprecationWarning: This process (pid=1267) is multi-threaded, use of fork() may lead to deadlocks in the child.
  pid = os.fork()

[2024-05-09T20:02:13.347+0000] {standard_task_runner.py:91} INFO - Job 980: Subtask Guardar_datos_Fichero
[2024-05-09T20:02:13.347+0000] {standard_task_runner.py:63} INFO - Started process 1271 to run task
[2024-05-09T20:02:13.397+0000] {task_command.py:426} INFO - Running <TaskInstance: Proyecto_SpaceX.Guardar_datos_Fichero scheduled__2024-03-01T00:00:00+00:00 [running]> on host 7a81a983afb0
[2024-05-09T20:02:13.466+0000] {taskinstance.py:2648} INFO - Exporting env vars: AIRFLOW_CTX_DAG_OWNER='***' AIRFLOW_CTX_DAG_ID='Proyecto_SpaceX' AIRFLOW_CTX_TASK_ID='Guardar_datos_Fichero' AIRFLOW_CTX_EXECUTION_DATE='2024-03-01T00:00:00+00:00' AIRFLOW_CTX_TRY_NUMBER='3' AIRFLOW_CTX_DAG_RUN_ID='scheduled__2024-03-01T00:00:00+00:00'
[2024-05-09T20:02:13.468+0000] {taskinstance.py:430} INFO - ::endgroup::
[2024-05-09T20:02:13.525+0000] {python.py:237} INFO - Done. Returned value was: None
[2024-05-09T20:02:13.526+0000] {taskinstance.py:441} INFO - ::group::Post task execution logs
[2024-05-09T20:02:13.533+0000] {taskinstance.py:1206} INFO - Marking task as SUCCESS. dag_id=Proyecto_SpaceX, task_id=Guardar_datos_Fichero, run_id=scheduled__2024-03-01T00:00:00+00:00, execution_date=20240301T000000, start_date=20240509T200213, end_date=20240509T200213
[2024-05-09T20:02:13.562+0000] {local_task_job_runner.py:240} INFO - Task exited with return code 0
[2024-05-09T20:02:13.585+0000] {taskinstance.py:3498} INFO - 1 downstream tasks scheduled from follow-on schedule check
[2024-05-09T20:02:13.588+0000] {local_task_job_runner.py:222} INFO - ::endgroup::
[2024-05-10T05:45:53.226+0000] {local_task_job_runner.py:120} INFO - ::group::Pre task execution logs
[2024-05-10T05:45:53.254+0000] {taskinstance.py:2076} INFO - Dependencies all met for dep_context=non-requeueable deps ti=<TaskInstance: Proyecto_SpaceX.Guardar_datos_Fichero scheduled__2024-03-01T00:00:00+00:00 [queued]>
[2024-05-10T05:45:53.265+0000] {taskinstance.py:2076} INFO - Dependencies all met for dep_context=requeueable deps ti=<TaskInstance: Proyecto_SpaceX.Guardar_datos_Fichero scheduled__2024-03-01T00:00:00+00:00 [queued]>
[2024-05-10T05:45:53.266+0000] {taskinstance.py:2306} INFO - Starting attempt 3 of 3
[2024-05-10T05:45:53.473+0000] {taskinstance.py:2330} INFO - Executing <Task(PythonOperator): Guardar_datos_Fichero> on 2024-03-01 00:00:00+00:00
[2024-05-10T05:45:53.482+0000] {warnings.py:110} WARNING - /home/***/.local/lib/python3.12/site-packages/***/task/task_runner/standard_task_runner.py:61: DeprecationWarning: This process (pid=578) is multi-threaded, use of fork() may lead to deadlocks in the child.
  pid = os.fork()

[2024-05-10T05:45:53.484+0000] {standard_task_runner.py:63} INFO - Started process 583 to run task
[2024-05-10T05:45:53.484+0000] {standard_task_runner.py:90} INFO - Running: ['***', 'tasks', 'run', 'Proyecto_SpaceX', 'Guardar_datos_Fichero', 'scheduled__2024-03-01T00:00:00+00:00', '--job-id', '1055', '--raw', '--subdir', 'DAGS_FOLDER/Proyecto_SpaceX.py', '--cfg-path', '/tmp/tmp6eww103_']
[2024-05-10T05:45:53.487+0000] {standard_task_runner.py:91} INFO - Job 1055: Subtask Guardar_datos_Fichero
[2024-05-10T05:45:53.542+0000] {task_command.py:426} INFO - Running <TaskInstance: Proyecto_SpaceX.Guardar_datos_Fichero scheduled__2024-03-01T00:00:00+00:00 [running]> on host 1b7f0b10dd99
[2024-05-10T05:45:53.630+0000] {taskinstance.py:2648} INFO - Exporting env vars: AIRFLOW_CTX_DAG_OWNER='***' AIRFLOW_CTX_DAG_ID='Proyecto_SpaceX' AIRFLOW_CTX_TASK_ID='Guardar_datos_Fichero' AIRFLOW_CTX_EXECUTION_DATE='2024-03-01T00:00:00+00:00' AIRFLOW_CTX_TRY_NUMBER='3' AIRFLOW_CTX_DAG_RUN_ID='scheduled__2024-03-01T00:00:00+00:00'
[2024-05-10T05:45:53.632+0000] {taskinstance.py:430} INFO - ::endgroup::
[2024-05-10T05:45:53.665+0000] {python.py:237} INFO - Done. Returned value was: None
[2024-05-10T05:45:53.667+0000] {taskinstance.py:441} INFO - ::group::Post task execution logs
[2024-05-10T05:45:53.681+0000] {taskinstance.py:1206} INFO - Marking task as SUCCESS. dag_id=Proyecto_SpaceX, task_id=Guardar_datos_Fichero, run_id=scheduled__2024-03-01T00:00:00+00:00, execution_date=20240301T000000, start_date=20240510T054553, end_date=20240510T054553
[2024-05-10T05:45:53.740+0000] {local_task_job_runner.py:240} INFO - Task exited with return code 0
[2024-05-10T05:45:53.783+0000] {taskinstance.py:3498} INFO - 1 downstream tasks scheduled from follow-on schedule check
[2024-05-10T05:45:53.789+0000] {local_task_job_runner.py:222} INFO - ::endgroup::
