[2024-05-09T19:18:36.251+0000] {local_task_job_runner.py:120} INFO - ::group::Pre task execution logs
[2024-05-09T19:18:36.268+0000] {taskinstance.py:2076} INFO - Dependencies all met for dep_context=non-requeueable deps ti=<TaskInstance: Proyecto_SpaceX.Guardar_datos_Fichero scheduled__2024-03-01T00:00:00+00:00 [queued]>
[2024-05-09T19:18:36.276+0000] {taskinstance.py:2076} INFO - Dependencies all met for dep_context=requeueable deps ti=<TaskInstance: Proyecto_SpaceX.Guardar_datos_Fichero scheduled__2024-03-01T00:00:00+00:00 [queued]>
[2024-05-09T19:18:36.308+0000] {taskinstance.py:2306} INFO - Starting attempt 1 of 1
[2024-05-09T19:18:36.540+0000] {taskinstance.py:2330} INFO - Executing <Task(PythonOperator): Guardar_datos_Fichero> on 2024-03-01 00:00:00+00:00
[2024-05-09T19:18:36.761+0000] {standard_task_runner.py:90} INFO - Running: ['***', 'tasks', 'run', 'Proyecto_SpaceX', 'Guardar_datos_Fichero', 'scheduled__2024-03-01T00:00:00+00:00', '--job-id', '945', '--raw', '--subdir', 'DAGS_FOLDER/Proyecto_SpaceX.py', '--cfg-path', '/tmp/tmp4xv5lvnw']
[2024-05-09T19:18:36.846+0000] {standard_task_runner.py:91} INFO - Job 945: Subtask Guardar_datos_Fichero
[2024-05-09T19:18:36.598+0000] {warnings.py:110} WARNING - /home/***/.local/lib/python3.12/site-packages/***/task/task_runner/standard_task_runner.py:61: DeprecationWarning: This process (pid=547) is multi-threaded, use of fork() may lead to deadlocks in the child.
  pid = os.fork()

[2024-05-09T19:18:36.880+0000] {standard_task_runner.py:63} INFO - Started process 551 to run task
[2024-05-09T19:18:38.139+0000] {task_command.py:426} INFO - Running <TaskInstance: Proyecto_SpaceX.Guardar_datos_Fichero scheduled__2024-03-01T00:00:00+00:00 [running]> on host 7a81a983afb0
[2024-05-09T19:18:39.401+0000] {taskinstance.py:2648} INFO - Exporting env vars: AIRFLOW_CTX_DAG_OWNER='***' AIRFLOW_CTX_DAG_ID='Proyecto_SpaceX' AIRFLOW_CTX_TASK_ID='Guardar_datos_Fichero' AIRFLOW_CTX_EXECUTION_DATE='2024-03-01T00:00:00+00:00' AIRFLOW_CTX_TRY_NUMBER='1' AIRFLOW_CTX_DAG_RUN_ID='scheduled__2024-03-01T00:00:00+00:00'
[2024-05-09T19:18:39.427+0000] {taskinstance.py:430} INFO - ::endgroup::
[2024-05-09T19:18:39.449+0000] {python.py:237} INFO - Done. Returned value was: None
[2024-05-09T19:18:39.450+0000] {taskinstance.py:441} INFO - ::group::Post task execution logs
[2024-05-09T19:18:39.459+0000] {taskinstance.py:1206} INFO - Marking task as SUCCESS. dag_id=Proyecto_SpaceX, task_id=Guardar_datos_Fichero, run_id=scheduled__2024-03-01T00:00:00+00:00, execution_date=20240301T000000, start_date=20240509T191836, end_date=20240509T191839
[2024-05-09T19:18:39.665+0000] {local_task_job_runner.py:240} INFO - Task exited with return code 0
[2024-05-09T19:18:39.688+0000] {taskinstance.py:3498} INFO - 1 downstream tasks scheduled from follow-on schedule check
[2024-05-09T19:18:39.815+0000] {local_task_job_runner.py:222} INFO - ::endgroup::
[2024-05-09T21:01:57.968+0000] {local_task_job_runner.py:120} INFO - ::group::Pre task execution logs
[2024-05-09T21:01:58.001+0000] {taskinstance.py:2076} INFO - Dependencies all met for dep_context=non-requeueable deps ti=<TaskInstance: Proyecto_SpaceX.Guardar_datos_Fichero scheduled__2024-03-01T00:00:00+00:00 [queued]>
[2024-05-09T21:01:58.011+0000] {taskinstance.py:2076} INFO - Dependencies all met for dep_context=requeueable deps ti=<TaskInstance: Proyecto_SpaceX.Guardar_datos_Fichero scheduled__2024-03-01T00:00:00+00:00 [queued]>
[2024-05-09T21:01:58.012+0000] {taskinstance.py:2306} INFO - Starting attempt 1 of 1
[2024-05-09T21:01:58.173+0000] {taskinstance.py:2330} INFO - Executing <Task(PythonOperator): Guardar_datos_Fichero> on 2024-03-01 00:00:00+00:00
[2024-05-09T21:01:58.180+0000] {warnings.py:110} WARNING - /home/***/.local/lib/python3.12/site-packages/***/task/task_runner/standard_task_runner.py:61: DeprecationWarning: This process (pid=1889) is multi-threaded, use of fork() may lead to deadlocks in the child.
  pid = os.fork()

[2024-05-09T21:01:58.183+0000] {standard_task_runner.py:63} INFO - Started process 1894 to run task
[2024-05-09T21:01:58.182+0000] {standard_task_runner.py:90} INFO - Running: ['***', 'tasks', 'run', 'Proyecto_SpaceX', 'Guardar_datos_Fichero', 'scheduled__2024-03-01T00:00:00+00:00', '--job-id', '1017', '--raw', '--subdir', 'DAGS_FOLDER/Proyecto_SpaceX.py', '--cfg-path', '/tmp/tmpyu58sjrx']
[2024-05-09T21:01:58.188+0000] {standard_task_runner.py:91} INFO - Job 1017: Subtask Guardar_datos_Fichero
[2024-05-09T21:01:58.253+0000] {task_command.py:426} INFO - Running <TaskInstance: Proyecto_SpaceX.Guardar_datos_Fichero scheduled__2024-03-01T00:00:00+00:00 [running]> on host 7a81a983afb0
[2024-05-09T21:01:58.344+0000] {taskinstance.py:2648} INFO - Exporting env vars: AIRFLOW_CTX_DAG_OWNER='***' AIRFLOW_CTX_DAG_ID='Proyecto_SpaceX' AIRFLOW_CTX_TASK_ID='Guardar_datos_Fichero' AIRFLOW_CTX_EXECUTION_DATE='2024-03-01T00:00:00+00:00' AIRFLOW_CTX_TRY_NUMBER='1' AIRFLOW_CTX_DAG_RUN_ID='scheduled__2024-03-01T00:00:00+00:00'
[2024-05-09T21:01:58.346+0000] {taskinstance.py:430} INFO - ::endgroup::
[2024-05-09T21:01:58.367+0000] {python.py:237} INFO - Done. Returned value was: None
[2024-05-09T21:01:58.368+0000] {taskinstance.py:441} INFO - ::group::Post task execution logs
[2024-05-09T21:01:58.378+0000] {taskinstance.py:1206} INFO - Marking task as SUCCESS. dag_id=Proyecto_SpaceX, task_id=Guardar_datos_Fichero, run_id=scheduled__2024-03-01T00:00:00+00:00, execution_date=20240301T000000, start_date=20240509T210158, end_date=20240509T210158
[2024-05-09T21:01:58.400+0000] {local_task_job_runner.py:240} INFO - Task exited with return code 0
[2024-05-09T21:01:58.423+0000] {taskinstance.py:3498} INFO - 0 downstream tasks scheduled from follow-on schedule check
[2024-05-09T21:01:58.426+0000] {local_task_job_runner.py:222} INFO - ::endgroup::
