[2024-05-07T23:41:47.666+0000] {local_task_job_runner.py:120} INFO - ::group::Pre task execution logs
[2024-05-07T23:41:47.692+0000] {taskinstance.py:2076} INFO - Dependencies all met for dep_context=non-requeueable deps ti=<TaskInstance: 5.1_orquestacion.tarea2 scheduled__2024-03-17T00:00:00+00:00 [queued]>
[2024-05-07T23:41:47.701+0000] {taskinstance.py:2076} INFO - Dependencies all met for dep_context=requeueable deps ti=<TaskInstance: 5.1_orquestacion.tarea2 scheduled__2024-03-17T00:00:00+00:00 [queued]>
[2024-05-07T23:41:47.702+0000] {taskinstance.py:2306} INFO - Starting attempt 1 of 1
[2024-05-07T23:41:47.716+0000] {taskinstance.py:2330} INFO - Executing <Task(BashOperator): tarea2> on 2024-03-17 00:00:00+00:00
[2024-05-07T23:41:47.722+0000] {warnings.py:110} WARNING - /home/***/.local/lib/python3.12/site-packages/***/task/task_runner/standard_task_runner.py:61: DeprecationWarning: This process (pid=3039) is multi-threaded, use of fork() may lead to deadlocks in the child.
  pid = os.fork()

[2024-05-07T23:41:47.723+0000] {standard_task_runner.py:63} INFO - Started process 3042 to run task
[2024-05-07T23:41:47.723+0000] {standard_task_runner.py:90} INFO - Running: ['***', 'tasks', 'run', '5.1_orquestacion', 'tarea2', 'scheduled__2024-03-17T00:00:00+00:00', '--job-id', '120', '--raw', '--subdir', 'DAGS_FOLDER/051_orquestacion.py', '--cfg-path', '/tmp/tmpblmjmxn2']
[2024-05-07T23:41:47.724+0000] {standard_task_runner.py:91} INFO - Job 120: Subtask tarea2
[2024-05-07T23:41:47.766+0000] {task_command.py:426} INFO - Running <TaskInstance: 5.1_orquestacion.tarea2 scheduled__2024-03-17T00:00:00+00:00 [running]> on host 521bf890d837
[2024-05-07T23:41:47.845+0000] {taskinstance.py:2648} INFO - Exporting env vars: AIRFLOW_CTX_DAG_OWNER='***' AIRFLOW_CTX_DAG_ID='5.1_orquestacion' AIRFLOW_CTX_TASK_ID='tarea2' AIRFLOW_CTX_EXECUTION_DATE='2024-03-17T00:00:00+00:00' AIRFLOW_CTX_TRY_NUMBER='1' AIRFLOW_CTX_DAG_RUN_ID='scheduled__2024-03-17T00:00:00+00:00'
[2024-05-07T23:41:47.846+0000] {taskinstance.py:430} INFO - ::endgroup::
[2024-05-07T23:41:47.859+0000] {subprocess.py:63} INFO - Tmp dir root location: /tmp
[2024-05-07T23:41:47.865+0000] {subprocess.py:75} INFO - Running command: ['/usr/bin/bash', '-c', "sleep 2 && echo 'Tarea 2'"]
[2024-05-07T23:41:47.883+0000] {subprocess.py:86} INFO - Output:
[2024-05-07T23:41:49.886+0000] {subprocess.py:93} INFO - Tarea 2
[2024-05-07T23:41:49.887+0000] {subprocess.py:97} INFO - Command exited with return code 0
[2024-05-07T23:41:49.888+0000] {taskinstance.py:441} INFO - ::group::Post task execution logs
[2024-05-07T23:41:49.913+0000] {taskinstance.py:1206} INFO - Marking task as SUCCESS. dag_id=5.1_orquestacion, task_id=tarea2, run_id=scheduled__2024-03-17T00:00:00+00:00, execution_date=20240317T000000, start_date=20240507T234147, end_date=20240507T234149
[2024-05-07T23:41:49.953+0000] {local_task_job_runner.py:240} INFO - Task exited with return code 0
[2024-05-07T23:41:49.978+0000] {taskinstance.py:3498} INFO - 2 downstream tasks scheduled from follow-on schedule check
[2024-05-07T23:41:49.981+0000] {local_task_job_runner.py:222} INFO - ::endgroup::
[2024-05-07T23:48:23.641+0000] {local_task_job_runner.py:120} INFO - ::group::Pre task execution logs
[2024-05-07T23:48:23.667+0000] {taskinstance.py:2076} INFO - Dependencies all met for dep_context=non-requeueable deps ti=<TaskInstance: 5.1_orquestacion.tarea2 scheduled__2024-03-17T00:00:00+00:00 [queued]>
[2024-05-07T23:48:23.677+0000] {taskinstance.py:2076} INFO - Dependencies all met for dep_context=requeueable deps ti=<TaskInstance: 5.1_orquestacion.tarea2 scheduled__2024-03-17T00:00:00+00:00 [queued]>
[2024-05-07T23:48:23.677+0000] {taskinstance.py:2306} INFO - Starting attempt 1 of 1
[2024-05-07T23:48:23.692+0000] {taskinstance.py:2330} INFO - Executing <Task(BashOperator): tarea2> on 2024-03-17 00:00:00+00:00
[2024-05-07T23:48:23.698+0000] {warnings.py:110} WARNING - /home/***/.local/lib/python3.12/site-packages/***/task/task_runner/standard_task_runner.py:61: DeprecationWarning: This process (pid=3642) is multi-threaded, use of fork() may lead to deadlocks in the child.
  pid = os.fork()

[2024-05-07T23:48:23.700+0000] {standard_task_runner.py:63} INFO - Started process 3643 to run task
[2024-05-07T23:48:23.700+0000] {standard_task_runner.py:90} INFO - Running: ['***', 'tasks', 'run', '5.1_orquestacion', 'tarea2', 'scheduled__2024-03-17T00:00:00+00:00', '--job-id', '250', '--raw', '--subdir', 'DAGS_FOLDER/051_orquestacion.py', '--cfg-path', '/tmp/tmpuip4_dp7']
[2024-05-07T23:48:23.701+0000] {standard_task_runner.py:91} INFO - Job 250: Subtask tarea2
[2024-05-07T23:48:23.843+0000] {task_command.py:426} INFO - Running <TaskInstance: 5.1_orquestacion.tarea2 scheduled__2024-03-17T00:00:00+00:00 [running]> on host 521bf890d837
[2024-05-07T23:48:23.968+0000] {taskinstance.py:2648} INFO - Exporting env vars: AIRFLOW_CTX_DAG_OWNER='***' AIRFLOW_CTX_DAG_ID='5.1_orquestacion' AIRFLOW_CTX_TASK_ID='tarea2' AIRFLOW_CTX_EXECUTION_DATE='2024-03-17T00:00:00+00:00' AIRFLOW_CTX_TRY_NUMBER='1' AIRFLOW_CTX_DAG_RUN_ID='scheduled__2024-03-17T00:00:00+00:00'
[2024-05-07T23:48:23.969+0000] {taskinstance.py:430} INFO - ::endgroup::
[2024-05-07T23:48:23.981+0000] {subprocess.py:63} INFO - Tmp dir root location: /tmp
[2024-05-07T23:48:23.982+0000] {subprocess.py:75} INFO - Running command: ['/usr/bin/bash', '-c', "sleep 2 && echo 'Tarea 2'"]
[2024-05-07T23:48:23.991+0000] {subprocess.py:86} INFO - Output:
[2024-05-07T23:48:25.994+0000] {subprocess.py:93} INFO - Tarea 2
[2024-05-07T23:48:25.996+0000] {subprocess.py:97} INFO - Command exited with return code 0
[2024-05-07T23:48:25.997+0000] {taskinstance.py:441} INFO - ::group::Post task execution logs
[2024-05-07T23:48:26.082+0000] {taskinstance.py:1206} INFO - Marking task as SUCCESS. dag_id=5.1_orquestacion, task_id=tarea2, run_id=scheduled__2024-03-17T00:00:00+00:00, execution_date=20240317T000000, start_date=20240507T234823, end_date=20240507T234826
[2024-05-07T23:48:26.169+0000] {local_task_job_runner.py:240} INFO - Task exited with return code 0
[2024-05-07T23:48:26.191+0000] {taskinstance.py:3498} INFO - 2 downstream tasks scheduled from follow-on schedule check
[2024-05-07T23:48:26.194+0000] {local_task_job_runner.py:222} INFO - ::endgroup::
