[2024-05-07T23:41:21.964+0000] {local_task_job_runner.py:120} INFO - ::group::Pre task execution logs
[2024-05-07T23:41:21.992+0000] {taskinstance.py:2076} INFO - Dependencies all met for dep_context=non-requeueable deps ti=<TaskInstance: 5.1_orquestacion.tarea3 scheduled__2024-03-09T00:00:00+00:00 [queued]>
[2024-05-07T23:41:22.004+0000] {taskinstance.py:2076} INFO - Dependencies all met for dep_context=requeueable deps ti=<TaskInstance: 5.1_orquestacion.tarea3 scheduled__2024-03-09T00:00:00+00:00 [queued]>
[2024-05-07T23:41:22.005+0000] {taskinstance.py:2306} INFO - Starting attempt 1 of 1
[2024-05-07T23:41:22.021+0000] {taskinstance.py:2330} INFO - Executing <Task(BashOperator): tarea3> on 2024-03-09 00:00:00+00:00
[2024-05-07T23:41:22.026+0000] {warnings.py:110} WARNING - /home/***/.local/lib/python3.12/site-packages/***/task/task_runner/standard_task_runner.py:61: DeprecationWarning: This process (pid=2922) is multi-threaded, use of fork() may lead to deadlocks in the child.
  pid = os.fork()

[2024-05-07T23:41:22.028+0000] {standard_task_runner.py:63} INFO - Started process 2923 to run task
[2024-05-07T23:41:22.028+0000] {standard_task_runner.py:90} INFO - Running: ['***', 'tasks', 'run', '5.1_orquestacion', 'tarea3', 'scheduled__2024-03-09T00:00:00+00:00', '--job-id', '92', '--raw', '--subdir', 'DAGS_FOLDER/051_orquestacion.py', '--cfg-path', '/tmp/tmpxqef58h5']
[2024-05-07T23:41:22.030+0000] {standard_task_runner.py:91} INFO - Job 92: Subtask tarea3
[2024-05-07T23:41:22.074+0000] {task_command.py:426} INFO - Running <TaskInstance: 5.1_orquestacion.tarea3 scheduled__2024-03-09T00:00:00+00:00 [running]> on host 521bf890d837
[2024-05-07T23:41:22.158+0000] {taskinstance.py:2648} INFO - Exporting env vars: AIRFLOW_CTX_DAG_OWNER='***' AIRFLOW_CTX_DAG_ID='5.1_orquestacion' AIRFLOW_CTX_TASK_ID='tarea3' AIRFLOW_CTX_EXECUTION_DATE='2024-03-09T00:00:00+00:00' AIRFLOW_CTX_TRY_NUMBER='1' AIRFLOW_CTX_DAG_RUN_ID='scheduled__2024-03-09T00:00:00+00:00'
[2024-05-07T23:41:22.159+0000] {taskinstance.py:430} INFO - ::endgroup::
[2024-05-07T23:41:22.172+0000] {subprocess.py:63} INFO - Tmp dir root location: /tmp
[2024-05-07T23:41:22.173+0000] {subprocess.py:75} INFO - Running command: ['/usr/bin/bash', '-c', "sleep 2 && echo 'Tarea 3'"]
[2024-05-07T23:41:22.181+0000] {subprocess.py:86} INFO - Output:
[2024-05-07T23:41:24.184+0000] {subprocess.py:93} INFO - Tarea 3
[2024-05-07T23:41:24.187+0000] {subprocess.py:97} INFO - Command exited with return code 0
[2024-05-07T23:41:24.196+0000] {taskinstance.py:441} INFO - ::group::Post task execution logs
[2024-05-07T23:41:24.273+0000] {taskinstance.py:1206} INFO - Marking task as SUCCESS. dag_id=5.1_orquestacion, task_id=tarea3, run_id=scheduled__2024-03-09T00:00:00+00:00, execution_date=20240309T000000, start_date=20240507T234121, end_date=20240507T234124
[2024-05-07T23:41:24.375+0000] {local_task_job_runner.py:240} INFO - Task exited with return code 0
[2024-05-07T23:41:24.387+0000] {taskinstance.py:3498} INFO - 0 downstream tasks scheduled from follow-on schedule check
[2024-05-07T23:41:24.402+0000] {local_task_job_runner.py:222} INFO - ::endgroup::
[2024-05-07T23:46:54.467+0000] {local_task_job_runner.py:120} INFO - ::group::Pre task execution logs
[2024-05-07T23:46:54.490+0000] {taskinstance.py:2076} INFO - Dependencies all met for dep_context=non-requeueable deps ti=<TaskInstance: 5.1_orquestacion.tarea3 scheduled__2024-03-09T00:00:00+00:00 [queued]>
[2024-05-07T23:46:54.535+0000] {taskinstance.py:2076} INFO - Dependencies all met for dep_context=requeueable deps ti=<TaskInstance: 5.1_orquestacion.tarea3 scheduled__2024-03-09T00:00:00+00:00 [queued]>
[2024-05-07T23:46:54.535+0000] {taskinstance.py:2306} INFO - Starting attempt 1 of 1
[2024-05-07T23:46:54.585+0000] {taskinstance.py:2330} INFO - Executing <Task(BashOperator): tarea3> on 2024-03-09 00:00:00+00:00
[2024-05-07T23:46:54.594+0000] {warnings.py:110} WARNING - /home/***/.local/lib/python3.12/site-packages/***/task/task_runner/standard_task_runner.py:61: DeprecationWarning: This process (pid=3498) is multi-threaded, use of fork() may lead to deadlocks in the child.
  pid = os.fork()

[2024-05-07T23:46:54.604+0000] {standard_task_runner.py:63} INFO - Started process 3500 to run task
[2024-05-07T23:46:54.605+0000] {standard_task_runner.py:90} INFO - Running: ['***', 'tasks', 'run', '5.1_orquestacion', 'tarea3', 'scheduled__2024-03-09T00:00:00+00:00', '--job-id', '220', '--raw', '--subdir', 'DAGS_FOLDER/051_orquestacion.py', '--cfg-path', '/tmp/tmp59hjuuy0']
[2024-05-07T23:46:54.610+0000] {standard_task_runner.py:91} INFO - Job 220: Subtask tarea3
[2024-05-07T23:46:54.668+0000] {task_command.py:426} INFO - Running <TaskInstance: 5.1_orquestacion.tarea3 scheduled__2024-03-09T00:00:00+00:00 [running]> on host 521bf890d837
[2024-05-07T23:46:54.740+0000] {taskinstance.py:2648} INFO - Exporting env vars: AIRFLOW_CTX_DAG_OWNER='***' AIRFLOW_CTX_DAG_ID='5.1_orquestacion' AIRFLOW_CTX_TASK_ID='tarea3' AIRFLOW_CTX_EXECUTION_DATE='2024-03-09T00:00:00+00:00' AIRFLOW_CTX_TRY_NUMBER='1' AIRFLOW_CTX_DAG_RUN_ID='scheduled__2024-03-09T00:00:00+00:00'
[2024-05-07T23:46:54.742+0000] {taskinstance.py:430} INFO - ::endgroup::
[2024-05-07T23:46:54.754+0000] {subprocess.py:63} INFO - Tmp dir root location: /tmp
[2024-05-07T23:46:54.756+0000] {subprocess.py:75} INFO - Running command: ['/usr/bin/bash', '-c', "sleep 2 && echo 'Tarea 3'"]
[2024-05-07T23:46:54.766+0000] {subprocess.py:86} INFO - Output:
[2024-05-07T23:46:56.771+0000] {subprocess.py:93} INFO - Tarea 3
[2024-05-07T23:46:56.776+0000] {subprocess.py:97} INFO - Command exited with return code 0
[2024-05-07T23:46:56.778+0000] {taskinstance.py:441} INFO - ::group::Post task execution logs
[2024-05-07T23:46:56.860+0000] {taskinstance.py:1206} INFO - Marking task as SUCCESS. dag_id=5.1_orquestacion, task_id=tarea3, run_id=scheduled__2024-03-09T00:00:00+00:00, execution_date=20240309T000000, start_date=20240507T234654, end_date=20240507T234656
[2024-05-07T23:46:56.916+0000] {local_task_job_runner.py:240} INFO - Task exited with return code 0
[2024-05-07T23:46:56.924+0000] {local_task_job_runner.py:222} INFO - ::endgroup::
