[2024-05-07T23:42:39.848+0000] {local_task_job_runner.py:120} INFO - ::group::Pre task execution logs
[2024-05-07T23:42:39.894+0000] {taskinstance.py:2076} INFO - Dependencies all met for dep_context=non-requeueable deps ti=<TaskInstance: 5.1_orquestacion.tarea4 scheduled__2024-03-30T00:00:00+00:00 [queued]>
[2024-05-07T23:42:39.905+0000] {taskinstance.py:2076} INFO - Dependencies all met for dep_context=requeueable deps ti=<TaskInstance: 5.1_orquestacion.tarea4 scheduled__2024-03-30T00:00:00+00:00 [queued]>
[2024-05-07T23:42:39.907+0000] {taskinstance.py:2306} INFO - Starting attempt 1 of 1
[2024-05-07T23:42:39.924+0000] {taskinstance.py:2330} INFO - Executing <Task(BashOperator): tarea4> on 2024-03-30 00:00:00+00:00
[2024-05-07T23:42:39.930+0000] {warnings.py:110} WARNING - /home/***/.local/lib/python3.12/site-packages/***/task/task_runner/standard_task_runner.py:61: DeprecationWarning: This process (pid=3272) is multi-threaded, use of fork() may lead to deadlocks in the child.
  pid = os.fork()

[2024-05-07T23:42:39.931+0000] {standard_task_runner.py:63} INFO - Started process 3273 to run task
[2024-05-07T23:42:39.932+0000] {standard_task_runner.py:90} INFO - Running: ['***', 'tasks', 'run', '5.1_orquestacion', 'tarea4', 'scheduled__2024-03-30T00:00:00+00:00', '--job-id', '177', '--raw', '--subdir', 'DAGS_FOLDER/051_orquestacion.py', '--cfg-path', '/tmp/tmpayd51s_9']
[2024-05-07T23:42:39.933+0000] {standard_task_runner.py:91} INFO - Job 177: Subtask tarea4
[2024-05-07T23:42:39.977+0000] {task_command.py:426} INFO - Running <TaskInstance: 5.1_orquestacion.tarea4 scheduled__2024-03-30T00:00:00+00:00 [running]> on host 521bf890d837
[2024-05-07T23:42:40.083+0000] {taskinstance.py:2648} INFO - Exporting env vars: AIRFLOW_CTX_DAG_OWNER='***' AIRFLOW_CTX_DAG_ID='5.1_orquestacion' AIRFLOW_CTX_TASK_ID='tarea4' AIRFLOW_CTX_EXECUTION_DATE='2024-03-30T00:00:00+00:00' AIRFLOW_CTX_TRY_NUMBER='1' AIRFLOW_CTX_DAG_RUN_ID='scheduled__2024-03-30T00:00:00+00:00'
[2024-05-07T23:42:40.084+0000] {taskinstance.py:430} INFO - ::endgroup::
[2024-05-07T23:42:40.097+0000] {subprocess.py:63} INFO - Tmp dir root location: /tmp
[2024-05-07T23:42:40.098+0000] {subprocess.py:75} INFO - Running command: ['/usr/bin/bash', '-c', "sleep 2 && echo 'Tarea 4'"]
[2024-05-07T23:42:40.106+0000] {subprocess.py:86} INFO - Output:
[2024-05-07T23:42:42.109+0000] {subprocess.py:93} INFO - Tarea 4
[2024-05-07T23:42:42.110+0000] {subprocess.py:97} INFO - Command exited with return code 0
[2024-05-07T23:42:42.111+0000] {taskinstance.py:441} INFO - ::group::Post task execution logs
[2024-05-07T23:42:42.170+0000] {taskinstance.py:1206} INFO - Marking task as SUCCESS. dag_id=5.1_orquestacion, task_id=tarea4, run_id=scheduled__2024-03-30T00:00:00+00:00, execution_date=20240330T000000, start_date=20240507T234239, end_date=20240507T234242
[2024-05-07T23:42:42.238+0000] {local_task_job_runner.py:240} INFO - Task exited with return code 0
[2024-05-07T23:42:42.271+0000] {taskinstance.py:3498} INFO - 0 downstream tasks scheduled from follow-on schedule check
[2024-05-07T23:42:42.274+0000] {local_task_job_runner.py:222} INFO - ::endgroup::
