[2024-05-08T00:28:28.610+0000] {local_task_job_runner.py:120} INFO - ::group::Pre task execution logs
[2024-05-08T00:28:28.639+0000] {taskinstance.py:2076} INFO - Dependencies all met for dep_context=non-requeueable deps ti=<TaskInstance: 6.1_monitoring.tarea2 scheduled__2024-01-26T00:00:00+00:00 [queued]>
[2024-05-08T00:28:28.651+0000] {taskinstance.py:2076} INFO - Dependencies all met for dep_context=requeueable deps ti=<TaskInstance: 6.1_monitoring.tarea2 scheduled__2024-01-26T00:00:00+00:00 [queued]>
[2024-05-08T00:28:28.652+0000] {taskinstance.py:2306} INFO - Starting attempt 2 of 2
[2024-05-08T00:28:28.678+0000] {taskinstance.py:2330} INFO - Executing <Task(BashOperator): tarea2> on 2024-01-26 00:00:00+00:00
[2024-05-08T00:28:28.687+0000] {warnings.py:110} WARNING - /home/***/.local/lib/python3.12/site-packages/***/task/task_runner/standard_task_runner.py:61: DeprecationWarning: This process (pid=4801) is multi-threaded, use of fork() may lead to deadlocks in the child.
  pid = os.fork()

[2024-05-08T00:28:28.689+0000] {standard_task_runner.py:63} INFO - Started process 4813 to run task
[2024-05-08T00:28:28.689+0000] {standard_task_runner.py:90} INFO - Running: ['***', 'tasks', 'run', '6.1_monitoring', 'tarea2', 'scheduled__2024-01-26T00:00:00+00:00', '--job-id', '432', '--raw', '--subdir', 'DAGS_FOLDER/061_monitoring.py', '--cfg-path', '/tmp/tmp303whqpw']
[2024-05-08T00:28:28.693+0000] {standard_task_runner.py:91} INFO - Job 432: Subtask tarea2
[2024-05-08T00:28:28.763+0000] {task_command.py:426} INFO - Running <TaskInstance: 6.1_monitoring.tarea2 scheduled__2024-01-26T00:00:00+00:00 [running]> on host 521bf890d837
[2024-05-08T00:28:28.900+0000] {taskinstance.py:2648} INFO - Exporting env vars: AIRFLOW_CTX_DAG_OWNER='***' AIRFLOW_CTX_DAG_ID='6.1_monitoring' AIRFLOW_CTX_TASK_ID='tarea2' AIRFLOW_CTX_EXECUTION_DATE='2024-01-26T00:00:00+00:00' AIRFLOW_CTX_TRY_NUMBER='2' AIRFLOW_CTX_DAG_RUN_ID='scheduled__2024-01-26T00:00:00+00:00'
[2024-05-08T00:28:28.901+0000] {taskinstance.py:430} INFO - ::endgroup::
[2024-05-08T00:28:28.916+0000] {subprocess.py:63} INFO - Tmp dir root location: /tmp
[2024-05-08T00:28:28.917+0000] {subprocess.py:75} INFO - Running command: ['/usr/bin/bash', '-c', "sleep 2 && echo 'Segunda tarea!'"]
[2024-05-08T00:28:28.926+0000] {subprocess.py:86} INFO - Output:
[2024-05-08T00:28:30.930+0000] {subprocess.py:93} INFO - Segunda tarea!
[2024-05-08T00:28:30.931+0000] {subprocess.py:97} INFO - Command exited with return code 0
[2024-05-08T00:28:30.932+0000] {taskinstance.py:441} INFO - ::group::Post task execution logs
[2024-05-08T00:28:30.956+0000] {taskinstance.py:1206} INFO - Marking task as SUCCESS. dag_id=6.1_monitoring, task_id=tarea2, run_id=scheduled__2024-01-26T00:00:00+00:00, execution_date=20240126T000000, start_date=20240508T002828, end_date=20240508T002830
[2024-05-08T00:28:30.993+0000] {local_task_job_runner.py:240} INFO - Task exited with return code 0
[2024-05-08T00:28:31.022+0000] {taskinstance.py:3498} INFO - 1 downstream tasks scheduled from follow-on schedule check
[2024-05-08T00:28:31.025+0000] {local_task_job_runner.py:222} INFO - ::endgroup::
