[2024-05-07T23:40:58.079+0000] {local_task_job_runner.py:120} INFO - ::group::Pre task execution logs
[2024-05-07T23:40:58.155+0000] {taskinstance.py:2076} INFO - Dependencies all met for dep_context=non-requeueable deps ti=<TaskInstance: 5.1_orquestacion.tarea1 scheduled__2024-03-05T00:00:00+00:00 [queued]>
[2024-05-07T23:40:58.172+0000] {taskinstance.py:2076} INFO - Dependencies all met for dep_context=requeueable deps ti=<TaskInstance: 5.1_orquestacion.tarea1 scheduled__2024-03-05T00:00:00+00:00 [queued]>
[2024-05-07T23:40:58.173+0000] {taskinstance.py:2306} INFO - Starting attempt 1 of 1
[2024-05-07T23:40:58.194+0000] {taskinstance.py:2330} INFO - Executing <Task(BashOperator): tarea1> on 2024-03-05 00:00:00+00:00
[2024-05-07T23:40:58.200+0000] {warnings.py:110} WARNING - /home/***/.local/lib/python3.12/site-packages/***/task/task_runner/standard_task_runner.py:61: DeprecationWarning: This process (pid=2819) is multi-threaded, use of fork() may lead to deadlocks in the child.
  pid = os.fork()

[2024-05-07T23:40:58.202+0000] {standard_task_runner.py:63} INFO - Started process 2821 to run task
[2024-05-07T23:40:58.202+0000] {standard_task_runner.py:90} INFO - Running: ['***', 'tasks', 'run', '5.1_orquestacion', 'tarea1', 'scheduled__2024-03-05T00:00:00+00:00', '--job-id', '69', '--raw', '--subdir', 'DAGS_FOLDER/051_orquestacion.py', '--cfg-path', '/tmp/tmpk25kcwai']
[2024-05-07T23:40:58.203+0000] {standard_task_runner.py:91} INFO - Job 69: Subtask tarea1
[2024-05-07T23:40:58.253+0000] {task_command.py:426} INFO - Running <TaskInstance: 5.1_orquestacion.tarea1 scheduled__2024-03-05T00:00:00+00:00 [running]> on host 521bf890d837
[2024-05-07T23:40:58.338+0000] {taskinstance.py:2648} INFO - Exporting env vars: AIRFLOW_CTX_DAG_OWNER='***' AIRFLOW_CTX_DAG_ID='5.1_orquestacion' AIRFLOW_CTX_TASK_ID='tarea1' AIRFLOW_CTX_EXECUTION_DATE='2024-03-05T00:00:00+00:00' AIRFLOW_CTX_TRY_NUMBER='1' AIRFLOW_CTX_DAG_RUN_ID='scheduled__2024-03-05T00:00:00+00:00'
[2024-05-07T23:40:58.339+0000] {taskinstance.py:430} INFO - ::endgroup::
[2024-05-07T23:40:58.354+0000] {subprocess.py:63} INFO - Tmp dir root location: /tmp
[2024-05-07T23:40:58.356+0000] {subprocess.py:75} INFO - Running command: ['/usr/bin/bash', '-c', "sleep 2 && echo 'Tarea 1'"]
[2024-05-07T23:40:58.364+0000] {subprocess.py:86} INFO - Output:
[2024-05-07T23:41:00.370+0000] {subprocess.py:93} INFO - Tarea 1
[2024-05-07T23:41:00.371+0000] {subprocess.py:97} INFO - Command exited with return code 0
[2024-05-07T23:41:00.372+0000] {taskinstance.py:441} INFO - ::group::Post task execution logs
[2024-05-07T23:41:00.529+0000] {taskinstance.py:1206} INFO - Marking task as SUCCESS. dag_id=5.1_orquestacion, task_id=tarea1, run_id=scheduled__2024-03-05T00:00:00+00:00, execution_date=20240305T000000, start_date=20240507T234058, end_date=20240507T234100
[2024-05-07T23:41:00.675+0000] {local_task_job_runner.py:240} INFO - Task exited with return code 0
[2024-05-07T23:41:00.745+0000] {local_task_job_runner.py:222} INFO - ::endgroup::
[2024-05-07T23:45:59.301+0000] {local_task_job_runner.py:120} INFO - ::group::Pre task execution logs
[2024-05-07T23:45:59.340+0000] {taskinstance.py:2076} INFO - Dependencies all met for dep_context=non-requeueable deps ti=<TaskInstance: 5.1_orquestacion.tarea1 scheduled__2024-03-05T00:00:00+00:00 [queued]>
[2024-05-07T23:45:59.360+0000] {taskinstance.py:2076} INFO - Dependencies all met for dep_context=requeueable deps ti=<TaskInstance: 5.1_orquestacion.tarea1 scheduled__2024-03-05T00:00:00+00:00 [queued]>
[2024-05-07T23:45:59.367+0000] {taskinstance.py:2306} INFO - Starting attempt 1 of 1
[2024-05-07T23:45:59.399+0000] {taskinstance.py:2330} INFO - Executing <Task(BashOperator): tarea1> on 2024-03-05 00:00:00+00:00
[2024-05-07T23:45:59.418+0000] {warnings.py:110} WARNING - /home/***/.local/lib/python3.12/site-packages/***/task/task_runner/standard_task_runner.py:61: DeprecationWarning: This process (pid=3411) is multi-threaded, use of fork() may lead to deadlocks in the child.
  pid = os.fork()

[2024-05-07T23:45:59.423+0000] {standard_task_runner.py:63} INFO - Started process 3419 to run task
[2024-05-07T23:45:59.423+0000] {standard_task_runner.py:90} INFO - Running: ['***', 'tasks', 'run', '5.1_orquestacion', 'tarea1', 'scheduled__2024-03-05T00:00:00+00:00', '--job-id', '201', '--raw', '--subdir', 'DAGS_FOLDER/051_orquestacion.py', '--cfg-path', '/tmp/tmpj01pwptc']
[2024-05-07T23:45:59.425+0000] {standard_task_runner.py:91} INFO - Job 201: Subtask tarea1
[2024-05-07T23:45:59.463+0000] {task_command.py:426} INFO - Running <TaskInstance: 5.1_orquestacion.tarea1 scheduled__2024-03-05T00:00:00+00:00 [running]> on host 521bf890d837
[2024-05-07T23:45:59.566+0000] {taskinstance.py:2648} INFO - Exporting env vars: AIRFLOW_CTX_DAG_OWNER='***' AIRFLOW_CTX_DAG_ID='5.1_orquestacion' AIRFLOW_CTX_TASK_ID='tarea1' AIRFLOW_CTX_EXECUTION_DATE='2024-03-05T00:00:00+00:00' AIRFLOW_CTX_TRY_NUMBER='1' AIRFLOW_CTX_DAG_RUN_ID='scheduled__2024-03-05T00:00:00+00:00'
[2024-05-07T23:45:59.567+0000] {taskinstance.py:430} INFO - ::endgroup::
[2024-05-07T23:45:59.633+0000] {subprocess.py:63} INFO - Tmp dir root location: /tmp
[2024-05-07T23:45:59.635+0000] {subprocess.py:75} INFO - Running command: ['/usr/bin/bash', '-c', "sleep 2 && echo 'Tarea 1'"]
[2024-05-07T23:45:59.677+0000] {subprocess.py:86} INFO - Output:
[2024-05-07T23:46:01.691+0000] {subprocess.py:93} INFO - Tarea 1
[2024-05-07T23:46:01.693+0000] {subprocess.py:97} INFO - Command exited with return code 0
[2024-05-07T23:46:01.694+0000] {taskinstance.py:441} INFO - ::group::Post task execution logs
[2024-05-07T23:46:01.714+0000] {taskinstance.py:1206} INFO - Marking task as SUCCESS. dag_id=5.1_orquestacion, task_id=tarea1, run_id=scheduled__2024-03-05T00:00:00+00:00, execution_date=20240305T000000, start_date=20240507T234559, end_date=20240507T234601
[2024-05-07T23:46:01.733+0000] {local_task_job_runner.py:240} INFO - Task exited with return code 0
[2024-05-07T23:46:01.765+0000] {taskinstance.py:3498} INFO - 1 downstream tasks scheduled from follow-on schedule check
[2024-05-07T23:46:01.783+0000] {local_task_job_runner.py:222} INFO - ::endgroup::
