[2024-05-08T00:23:01.147+0000] {local_task_job_runner.py:120} INFO - ::group::Pre task execution logs
[2024-05-08T00:23:01.174+0000] {taskinstance.py:2076} INFO - Dependencies all met for dep_context=non-requeueable deps ti=<TaskInstance: 6.1_monitoring.tarea1 scheduled__2024-01-02T00:00:00+00:00 [queued]>
[2024-05-08T00:23:01.185+0000] {taskinstance.py:2076} INFO - Dependencies all met for dep_context=requeueable deps ti=<TaskInstance: 6.1_monitoring.tarea1 scheduled__2024-01-02T00:00:00+00:00 [queued]>
[2024-05-08T00:23:01.186+0000] {taskinstance.py:2306} INFO - Starting attempt 1 of 1
[2024-05-08T00:23:01.203+0000] {taskinstance.py:2330} INFO - Executing <Task(BashOperator): tarea1> on 2024-01-02 00:00:00+00:00
[2024-05-08T00:23:01.210+0000] {warnings.py:110} WARNING - /home/***/.local/lib/python3.12/site-packages/***/task/task_runner/standard_task_runner.py:61: DeprecationWarning: This process (pid=4258) is multi-threaded, use of fork() may lead to deadlocks in the child.
  pid = os.fork()

[2024-05-08T00:23:01.210+0000] {standard_task_runner.py:90} INFO - Running: ['***', 'tasks', 'run', '6.1_monitoring', 'tarea1', 'scheduled__2024-01-02T00:00:00+00:00', '--job-id', '291', '--raw', '--subdir', 'DAGS_FOLDER/061_monitoring.py', '--cfg-path', '/tmp/tmp4okb4_qi']
[2024-05-08T00:23:01.211+0000] {standard_task_runner.py:63} INFO - Started process 4263 to run task
[2024-05-08T00:23:01.212+0000] {standard_task_runner.py:91} INFO - Job 291: Subtask tarea1
[2024-05-08T00:23:01.274+0000] {task_command.py:426} INFO - Running <TaskInstance: 6.1_monitoring.tarea1 scheduled__2024-01-02T00:00:00+00:00 [running]> on host 521bf890d837
[2024-05-08T00:23:01.416+0000] {taskinstance.py:2648} INFO - Exporting env vars: AIRFLOW_CTX_DAG_OWNER='***' AIRFLOW_CTX_DAG_ID='6.1_monitoring' AIRFLOW_CTX_TASK_ID='tarea1' AIRFLOW_CTX_EXECUTION_DATE='2024-01-02T00:00:00+00:00' AIRFLOW_CTX_TRY_NUMBER='1' AIRFLOW_CTX_DAG_RUN_ID='scheduled__2024-01-02T00:00:00+00:00'
[2024-05-08T00:23:01.426+0000] {taskinstance.py:430} INFO - ::endgroup::
[2024-05-08T00:23:01.465+0000] {subprocess.py:63} INFO - Tmp dir root location: /tmp
[2024-05-08T00:23:01.468+0000] {subprocess.py:75} INFO - Running command: ['/usr/bin/bash', '-c', "sleep 2 && echo 'Primera tarea!'"]
[2024-05-08T00:23:01.481+0000] {subprocess.py:86} INFO - Output:
[2024-05-08T00:23:03.486+0000] {subprocess.py:93} INFO - Primera tarea!
[2024-05-08T00:23:03.487+0000] {subprocess.py:97} INFO - Command exited with return code 0
[2024-05-08T00:23:03.488+0000] {taskinstance.py:441} INFO - ::group::Post task execution logs
[2024-05-08T00:23:03.542+0000] {taskinstance.py:1206} INFO - Marking task as SUCCESS. dag_id=6.1_monitoring, task_id=tarea1, run_id=scheduled__2024-01-02T00:00:00+00:00, execution_date=20240102T000000, start_date=20240508T002301, end_date=20240508T002303
[2024-05-08T00:23:03.601+0000] {local_task_job_runner.py:240} INFO - Task exited with return code 0
[2024-05-08T00:23:03.623+0000] {local_task_job_runner.py:222} INFO - ::endgroup::
