[2024-05-07T23:40:48.143+0000] {local_task_job_runner.py:120} INFO - ::group::Pre task execution logs
[2024-05-07T23:40:48.171+0000] {taskinstance.py:2076} INFO - Dependencies all met for dep_context=non-requeueable deps ti=<TaskInstance: 5.1_orquestacion.tarea3 scheduled__2024-03-01T00:00:00+00:00 [queued]>
[2024-05-07T23:40:48.180+0000] {taskinstance.py:2076} INFO - Dependencies all met for dep_context=requeueable deps ti=<TaskInstance: 5.1_orquestacion.tarea3 scheduled__2024-03-01T00:00:00+00:00 [queued]>
[2024-05-07T23:40:48.181+0000] {taskinstance.py:2306} INFO - Starting attempt 1 of 1
[2024-05-07T23:40:48.197+0000] {taskinstance.py:2330} INFO - Executing <Task(BashOperator): tarea3> on 2024-03-01 00:00:00+00:00
[2024-05-07T23:40:48.204+0000] {warnings.py:110} WARNING - /home/***/.local/lib/python3.12/site-packages/***/task/task_runner/standard_task_runner.py:61: DeprecationWarning: This process (pid=2784) is multi-threaded, use of fork() may lead to deadlocks in the child.
  pid = os.fork()

[2024-05-07T23:40:48.206+0000] {standard_task_runner.py:63} INFO - Started process 2788 to run task
[2024-05-07T23:40:48.206+0000] {standard_task_runner.py:90} INFO - Running: ['***', 'tasks', 'run', '5.1_orquestacion', 'tarea3', 'scheduled__2024-03-01T00:00:00+00:00', '--job-id', '60', '--raw', '--subdir', 'DAGS_FOLDER/051_orquestacion.py', '--cfg-path', '/tmp/tmpkxer39ev']
[2024-05-07T23:40:48.207+0000] {standard_task_runner.py:91} INFO - Job 60: Subtask tarea3
[2024-05-07T23:40:48.254+0000] {task_command.py:426} INFO - Running <TaskInstance: 5.1_orquestacion.tarea3 scheduled__2024-03-01T00:00:00+00:00 [running]> on host 521bf890d837
[2024-05-07T23:40:48.333+0000] {taskinstance.py:2648} INFO - Exporting env vars: AIRFLOW_CTX_DAG_OWNER='***' AIRFLOW_CTX_DAG_ID='5.1_orquestacion' AIRFLOW_CTX_TASK_ID='tarea3' AIRFLOW_CTX_EXECUTION_DATE='2024-03-01T00:00:00+00:00' AIRFLOW_CTX_TRY_NUMBER='1' AIRFLOW_CTX_DAG_RUN_ID='scheduled__2024-03-01T00:00:00+00:00'
[2024-05-07T23:40:48.335+0000] {taskinstance.py:430} INFO - ::endgroup::
[2024-05-07T23:40:48.347+0000] {subprocess.py:63} INFO - Tmp dir root location: /tmp
[2024-05-07T23:40:48.348+0000] {subprocess.py:75} INFO - Running command: ['/usr/bin/bash', '-c', "sleep 2 && echo 'Tarea 3'"]
[2024-05-07T23:40:48.357+0000] {subprocess.py:86} INFO - Output:
[2024-05-07T23:40:50.360+0000] {subprocess.py:93} INFO - Tarea 3
[2024-05-07T23:40:50.365+0000] {subprocess.py:97} INFO - Command exited with return code 0
[2024-05-07T23:40:50.365+0000] {taskinstance.py:441} INFO - ::group::Post task execution logs
[2024-05-07T23:40:50.393+0000] {taskinstance.py:1206} INFO - Marking task as SUCCESS. dag_id=5.1_orquestacion, task_id=tarea3, run_id=scheduled__2024-03-01T00:00:00+00:00, execution_date=20240301T000000, start_date=20240507T234048, end_date=20240507T234050
[2024-05-07T23:40:50.429+0000] {local_task_job_runner.py:240} INFO - Task exited with return code 0
[2024-05-07T23:40:50.443+0000] {taskinstance.py:3498} INFO - 0 downstream tasks scheduled from follow-on schedule check
[2024-05-07T23:40:50.452+0000] {local_task_job_runner.py:222} INFO - ::endgroup::
[2024-05-07T23:45:18.892+0000] {local_task_job_runner.py:120} INFO - ::group::Pre task execution logs
[2024-05-07T23:45:18.910+0000] {taskinstance.py:2076} INFO - Dependencies all met for dep_context=non-requeueable deps ti=<TaskInstance: 5.1_orquestacion.tarea3 scheduled__2024-03-01T00:00:00+00:00 [queued]>
[2024-05-07T23:45:18.916+0000] {taskinstance.py:2076} INFO - Dependencies all met for dep_context=requeueable deps ti=<TaskInstance: 5.1_orquestacion.tarea3 scheduled__2024-03-01T00:00:00+00:00 [queued]>
[2024-05-07T23:45:18.919+0000] {taskinstance.py:2306} INFO - Starting attempt 1 of 1
[2024-05-07T23:45:18.932+0000] {taskinstance.py:2330} INFO - Executing <Task(BashOperator): tarea3> on 2024-03-01 00:00:00+00:00
[2024-05-07T23:45:18.938+0000] {warnings.py:110} WARNING - /home/***/.local/lib/python3.12/site-packages/***/task/task_runner/standard_task_runner.py:61: DeprecationWarning: This process (pid=3349) is multi-threaded, use of fork() may lead to deadlocks in the child.
  pid = os.fork()

[2024-05-07T23:45:18.944+0000] {standard_task_runner.py:63} INFO - Started process 3350 to run task
[2024-05-07T23:45:18.941+0000] {standard_task_runner.py:90} INFO - Running: ['***', 'tasks', 'run', '5.1_orquestacion', 'tarea3', 'scheduled__2024-03-01T00:00:00+00:00', '--job-id', '188', '--raw', '--subdir', 'DAGS_FOLDER/051_orquestacion.py', '--cfg-path', '/tmp/tmpajzc340g']
[2024-05-07T23:45:18.958+0000] {standard_task_runner.py:91} INFO - Job 188: Subtask tarea3
[2024-05-07T23:45:19.085+0000] {task_command.py:426} INFO - Running <TaskInstance: 5.1_orquestacion.tarea3 scheduled__2024-03-01T00:00:00+00:00 [running]> on host 521bf890d837
[2024-05-07T23:45:19.199+0000] {taskinstance.py:2648} INFO - Exporting env vars: AIRFLOW_CTX_DAG_OWNER='***' AIRFLOW_CTX_DAG_ID='5.1_orquestacion' AIRFLOW_CTX_TASK_ID='tarea3' AIRFLOW_CTX_EXECUTION_DATE='2024-03-01T00:00:00+00:00' AIRFLOW_CTX_TRY_NUMBER='1' AIRFLOW_CTX_DAG_RUN_ID='scheduled__2024-03-01T00:00:00+00:00'
[2024-05-07T23:45:19.200+0000] {taskinstance.py:430} INFO - ::endgroup::
[2024-05-07T23:45:19.209+0000] {subprocess.py:63} INFO - Tmp dir root location: /tmp
[2024-05-07T23:45:19.212+0000] {subprocess.py:75} INFO - Running command: ['/usr/bin/bash', '-c', "sleep 2 && echo 'Tarea 3'"]
[2024-05-07T23:45:19.232+0000] {subprocess.py:86} INFO - Output:
[2024-05-07T23:45:21.237+0000] {subprocess.py:93} INFO - Tarea 3
[2024-05-07T23:45:21.241+0000] {subprocess.py:97} INFO - Command exited with return code 0
[2024-05-07T23:45:21.244+0000] {taskinstance.py:441} INFO - ::group::Post task execution logs
[2024-05-07T23:45:21.405+0000] {taskinstance.py:1206} INFO - Marking task as SUCCESS. dag_id=5.1_orquestacion, task_id=tarea3, run_id=scheduled__2024-03-01T00:00:00+00:00, execution_date=20240301T000000, start_date=20240507T234518, end_date=20240507T234521
[2024-05-07T23:45:21.555+0000] {local_task_job_runner.py:240} INFO - Task exited with return code 0
[2024-05-07T23:45:21.616+0000] {local_task_job_runner.py:222} INFO - ::endgroup::
