[2024-05-07T23:41:25.808+0000] {local_task_job_runner.py:120} INFO - ::group::Pre task execution logs
[2024-05-07T23:41:25.841+0000] {taskinstance.py:2076} INFO - Dependencies all met for dep_context=non-requeueable deps ti=<TaskInstance: 5.1_orquestacion.tarea4 scheduled__2024-03-10T00:00:00+00:00 [queued]>
[2024-05-07T23:41:25.854+0000] {taskinstance.py:2076} INFO - Dependencies all met for dep_context=requeueable deps ti=<TaskInstance: 5.1_orquestacion.tarea4 scheduled__2024-03-10T00:00:00+00:00 [queued]>
[2024-05-07T23:41:25.855+0000] {taskinstance.py:2306} INFO - Starting attempt 1 of 1
[2024-05-07T23:41:25.874+0000] {taskinstance.py:2330} INFO - Executing <Task(BashOperator): tarea4> on 2024-03-10 00:00:00+00:00
[2024-05-07T23:41:25.879+0000] {warnings.py:110} WARNING - /home/***/.local/lib/python3.12/site-packages/***/task/task_runner/standard_task_runner.py:61: DeprecationWarning: This process (pid=2938) is multi-threaded, use of fork() may lead to deadlocks in the child.
  pid = os.fork()

[2024-05-07T23:41:25.881+0000] {standard_task_runner.py:63} INFO - Started process 2941 to run task
[2024-05-07T23:41:25.881+0000] {standard_task_runner.py:90} INFO - Running: ['***', 'tasks', 'run', '5.1_orquestacion', 'tarea4', 'scheduled__2024-03-10T00:00:00+00:00', '--job-id', '98', '--raw', '--subdir', 'DAGS_FOLDER/051_orquestacion.py', '--cfg-path', '/tmp/tmpaexgxq_5']
[2024-05-07T23:41:25.882+0000] {standard_task_runner.py:91} INFO - Job 98: Subtask tarea4
[2024-05-07T23:41:25.928+0000] {task_command.py:426} INFO - Running <TaskInstance: 5.1_orquestacion.tarea4 scheduled__2024-03-10T00:00:00+00:00 [running]> on host 521bf890d837
[2024-05-07T23:41:26.069+0000] {taskinstance.py:2648} INFO - Exporting env vars: AIRFLOW_CTX_DAG_OWNER='***' AIRFLOW_CTX_DAG_ID='5.1_orquestacion' AIRFLOW_CTX_TASK_ID='tarea4' AIRFLOW_CTX_EXECUTION_DATE='2024-03-10T00:00:00+00:00' AIRFLOW_CTX_TRY_NUMBER='1' AIRFLOW_CTX_DAG_RUN_ID='scheduled__2024-03-10T00:00:00+00:00'
[2024-05-07T23:41:26.070+0000] {taskinstance.py:430} INFO - ::endgroup::
[2024-05-07T23:41:26.085+0000] {subprocess.py:63} INFO - Tmp dir root location: /tmp
[2024-05-07T23:41:26.086+0000] {subprocess.py:75} INFO - Running command: ['/usr/bin/bash', '-c', "sleep 2 && echo 'Tarea 4'"]
[2024-05-07T23:41:26.094+0000] {subprocess.py:86} INFO - Output:
[2024-05-07T23:41:28.097+0000] {subprocess.py:93} INFO - Tarea 4
[2024-05-07T23:41:28.098+0000] {subprocess.py:97} INFO - Command exited with return code 0
[2024-05-07T23:41:28.099+0000] {taskinstance.py:441} INFO - ::group::Post task execution logs
[2024-05-07T23:41:28.195+0000] {taskinstance.py:1206} INFO - Marking task as SUCCESS. dag_id=5.1_orquestacion, task_id=tarea4, run_id=scheduled__2024-03-10T00:00:00+00:00, execution_date=20240310T000000, start_date=20240507T234125, end_date=20240507T234128
[2024-05-07T23:41:28.272+0000] {local_task_job_runner.py:240} INFO - Task exited with return code 0
[2024-05-07T23:41:28.322+0000] {taskinstance.py:3498} INFO - 0 downstream tasks scheduled from follow-on schedule check
[2024-05-07T23:41:28.324+0000] {local_task_job_runner.py:222} INFO - ::endgroup::
[2024-05-07T23:47:05.929+0000] {local_task_job_runner.py:120} INFO - ::group::Pre task execution logs
[2024-05-07T23:47:05.958+0000] {taskinstance.py:2076} INFO - Dependencies all met for dep_context=non-requeueable deps ti=<TaskInstance: 5.1_orquestacion.tarea4 scheduled__2024-03-10T00:00:00+00:00 [queued]>
[2024-05-07T23:47:05.968+0000] {taskinstance.py:2076} INFO - Dependencies all met for dep_context=requeueable deps ti=<TaskInstance: 5.1_orquestacion.tarea4 scheduled__2024-03-10T00:00:00+00:00 [queued]>
[2024-05-07T23:47:05.969+0000] {taskinstance.py:2306} INFO - Starting attempt 1 of 1
[2024-05-07T23:47:06.000+0000] {taskinstance.py:2330} INFO - Executing <Task(BashOperator): tarea4> on 2024-03-10 00:00:00+00:00
[2024-05-07T23:47:06.007+0000] {warnings.py:110} WARNING - /home/***/.local/lib/python3.12/site-packages/***/task/task_runner/standard_task_runner.py:61: DeprecationWarning: This process (pid=3520) is multi-threaded, use of fork() may lead to deadlocks in the child.
  pid = os.fork()

[2024-05-07T23:47:06.008+0000] {standard_task_runner.py:63} INFO - Started process 3522 to run task
[2024-05-07T23:47:06.008+0000] {standard_task_runner.py:90} INFO - Running: ['***', 'tasks', 'run', '5.1_orquestacion', 'tarea4', 'scheduled__2024-03-10T00:00:00+00:00', '--job-id', '224', '--raw', '--subdir', 'DAGS_FOLDER/051_orquestacion.py', '--cfg-path', '/tmp/tmp9wv4guhi']
[2024-05-07T23:47:06.010+0000] {standard_task_runner.py:91} INFO - Job 224: Subtask tarea4
[2024-05-07T23:47:06.072+0000] {task_command.py:426} INFO - Running <TaskInstance: 5.1_orquestacion.tarea4 scheduled__2024-03-10T00:00:00+00:00 [running]> on host 521bf890d837
[2024-05-07T23:47:06.159+0000] {taskinstance.py:2648} INFO - Exporting env vars: AIRFLOW_CTX_DAG_OWNER='***' AIRFLOW_CTX_DAG_ID='5.1_orquestacion' AIRFLOW_CTX_TASK_ID='tarea4' AIRFLOW_CTX_EXECUTION_DATE='2024-03-10T00:00:00+00:00' AIRFLOW_CTX_TRY_NUMBER='1' AIRFLOW_CTX_DAG_RUN_ID='scheduled__2024-03-10T00:00:00+00:00'
[2024-05-07T23:47:06.160+0000] {taskinstance.py:430} INFO - ::endgroup::
[2024-05-07T23:47:06.173+0000] {subprocess.py:63} INFO - Tmp dir root location: /tmp
[2024-05-07T23:47:06.173+0000] {subprocess.py:75} INFO - Running command: ['/usr/bin/bash', '-c', "sleep 2 && echo 'Tarea 4'"]
[2024-05-07T23:47:06.183+0000] {subprocess.py:86} INFO - Output:
[2024-05-07T23:47:08.188+0000] {subprocess.py:93} INFO - Tarea 4
[2024-05-07T23:47:08.199+0000] {subprocess.py:97} INFO - Command exited with return code 0
[2024-05-07T23:47:08.204+0000] {taskinstance.py:441} INFO - ::group::Post task execution logs
[2024-05-07T23:47:08.295+0000] {taskinstance.py:1206} INFO - Marking task as SUCCESS. dag_id=5.1_orquestacion, task_id=tarea4, run_id=scheduled__2024-03-10T00:00:00+00:00, execution_date=20240310T000000, start_date=20240507T234705, end_date=20240507T234708
[2024-05-07T23:47:08.355+0000] {local_task_job_runner.py:240} INFO - Task exited with return code 0
[2024-05-07T23:47:08.388+0000] {taskinstance.py:3498} INFO - 0 downstream tasks scheduled from follow-on schedule check
[2024-05-07T23:47:08.399+0000] {local_task_job_runner.py:222} INFO - ::endgroup::
