[2024-05-07T23:42:20.340+0000] {local_task_job_runner.py:120} INFO - ::group::Pre task execution logs
[2024-05-07T23:42:20.367+0000] {taskinstance.py:2076} INFO - Dependencies all met for dep_context=non-requeueable deps ti=<TaskInstance: 5.1_orquestacion.tarea3 scheduled__2024-03-25T00:00:00+00:00 [queued]>
[2024-05-07T23:42:20.377+0000] {taskinstance.py:2076} INFO - Dependencies all met for dep_context=requeueable deps ti=<TaskInstance: 5.1_orquestacion.tarea3 scheduled__2024-03-25T00:00:00+00:00 [queued]>
[2024-05-07T23:42:20.378+0000] {taskinstance.py:2306} INFO - Starting attempt 1 of 1
[2024-05-07T23:42:20.393+0000] {taskinstance.py:2330} INFO - Executing <Task(BashOperator): tarea3> on 2024-03-25 00:00:00+00:00
[2024-05-07T23:42:20.399+0000] {warnings.py:110} WARNING - /home/***/.local/lib/python3.12/site-packages/***/task/task_runner/standard_task_runner.py:61: DeprecationWarning: This process (pid=3192) is multi-threaded, use of fork() may lead to deadlocks in the child.
  pid = os.fork()

[2024-05-07T23:42:20.400+0000] {standard_task_runner.py:63} INFO - Started process 3193 to run task
[2024-05-07T23:42:20.400+0000] {standard_task_runner.py:90} INFO - Running: ['***', 'tasks', 'run', '5.1_orquestacion', 'tarea3', 'scheduled__2024-03-25T00:00:00+00:00', '--job-id', '158', '--raw', '--subdir', 'DAGS_FOLDER/051_orquestacion.py', '--cfg-path', '/tmp/tmp7n1tuxir']
[2024-05-07T23:42:20.402+0000] {standard_task_runner.py:91} INFO - Job 158: Subtask tarea3
[2024-05-07T23:42:20.447+0000] {task_command.py:426} INFO - Running <TaskInstance: 5.1_orquestacion.tarea3 scheduled__2024-03-25T00:00:00+00:00 [running]> on host 521bf890d837
[2024-05-07T23:42:20.591+0000] {taskinstance.py:2648} INFO - Exporting env vars: AIRFLOW_CTX_DAG_OWNER='***' AIRFLOW_CTX_DAG_ID='5.1_orquestacion' AIRFLOW_CTX_TASK_ID='tarea3' AIRFLOW_CTX_EXECUTION_DATE='2024-03-25T00:00:00+00:00' AIRFLOW_CTX_TRY_NUMBER='1' AIRFLOW_CTX_DAG_RUN_ID='scheduled__2024-03-25T00:00:00+00:00'
[2024-05-07T23:42:20.599+0000] {taskinstance.py:430} INFO - ::endgroup::
[2024-05-07T23:42:20.621+0000] {subprocess.py:63} INFO - Tmp dir root location: /tmp
[2024-05-07T23:42:20.622+0000] {subprocess.py:75} INFO - Running command: ['/usr/bin/bash', '-c', "sleep 2 && echo 'Tarea 3'"]
[2024-05-07T23:42:20.632+0000] {subprocess.py:86} INFO - Output:
[2024-05-07T23:42:22.634+0000] {subprocess.py:93} INFO - Tarea 3
[2024-05-07T23:42:22.635+0000] {subprocess.py:97} INFO - Command exited with return code 0
[2024-05-07T23:42:22.636+0000] {taskinstance.py:441} INFO - ::group::Post task execution logs
[2024-05-07T23:42:22.706+0000] {taskinstance.py:1206} INFO - Marking task as SUCCESS. dag_id=5.1_orquestacion, task_id=tarea3, run_id=scheduled__2024-03-25T00:00:00+00:00, execution_date=20240325T000000, start_date=20240507T234220, end_date=20240507T234222
[2024-05-07T23:42:22.746+0000] {local_task_job_runner.py:240} INFO - Task exited with return code 0
[2024-05-07T23:42:22.755+0000] {local_task_job_runner.py:222} INFO - ::endgroup::
[2024-05-07T23:49:52.818+0000] {local_task_job_runner.py:120} INFO - ::group::Pre task execution logs
[2024-05-07T23:49:52.844+0000] {taskinstance.py:2076} INFO - Dependencies all met for dep_context=non-requeueable deps ti=<TaskInstance: 5.1_orquestacion.tarea3 scheduled__2024-03-25T00:00:00+00:00 [queued]>
[2024-05-07T23:49:52.856+0000] {taskinstance.py:2076} INFO - Dependencies all met for dep_context=requeueable deps ti=<TaskInstance: 5.1_orquestacion.tarea3 scheduled__2024-03-25T00:00:00+00:00 [queued]>
[2024-05-07T23:49:52.857+0000] {taskinstance.py:2306} INFO - Starting attempt 1 of 1
[2024-05-07T23:49:52.873+0000] {taskinstance.py:2330} INFO - Executing <Task(BashOperator): tarea3> on 2024-03-25 00:00:00+00:00
[2024-05-07T23:49:52.878+0000] {warnings.py:110} WARNING - /home/***/.local/lib/python3.12/site-packages/***/task/task_runner/standard_task_runner.py:61: DeprecationWarning: This process (pid=3796) is multi-threaded, use of fork() may lead to deadlocks in the child.
  pid = os.fork()

[2024-05-07T23:49:52.880+0000] {standard_task_runner.py:63} INFO - Started process 3798 to run task
[2024-05-07T23:49:52.880+0000] {standard_task_runner.py:90} INFO - Running: ['***', 'tasks', 'run', '5.1_orquestacion', 'tarea3', 'scheduled__2024-03-25T00:00:00+00:00', '--job-id', '284', '--raw', '--subdir', 'DAGS_FOLDER/051_orquestacion.py', '--cfg-path', '/tmp/tmprl2alh8i']
[2024-05-07T23:49:52.881+0000] {standard_task_runner.py:91} INFO - Job 284: Subtask tarea3
[2024-05-07T23:49:52.923+0000] {task_command.py:426} INFO - Running <TaskInstance: 5.1_orquestacion.tarea3 scheduled__2024-03-25T00:00:00+00:00 [running]> on host 521bf890d837
[2024-05-07T23:49:53.024+0000] {taskinstance.py:2648} INFO - Exporting env vars: AIRFLOW_CTX_DAG_OWNER='***' AIRFLOW_CTX_DAG_ID='5.1_orquestacion' AIRFLOW_CTX_TASK_ID='tarea3' AIRFLOW_CTX_EXECUTION_DATE='2024-03-25T00:00:00+00:00' AIRFLOW_CTX_TRY_NUMBER='1' AIRFLOW_CTX_DAG_RUN_ID='scheduled__2024-03-25T00:00:00+00:00'
[2024-05-07T23:49:53.025+0000] {taskinstance.py:430} INFO - ::endgroup::
[2024-05-07T23:49:53.037+0000] {subprocess.py:63} INFO - Tmp dir root location: /tmp
[2024-05-07T23:49:53.038+0000] {subprocess.py:75} INFO - Running command: ['/usr/bin/bash', '-c', "sleep 2 && echo 'Tarea 3'"]
[2024-05-07T23:49:53.046+0000] {subprocess.py:86} INFO - Output:
[2024-05-07T23:49:55.049+0000] {subprocess.py:93} INFO - Tarea 3
[2024-05-07T23:49:55.051+0000] {subprocess.py:97} INFO - Command exited with return code 0
[2024-05-07T23:49:55.054+0000] {taskinstance.py:441} INFO - ::group::Post task execution logs
[2024-05-07T23:49:55.081+0000] {taskinstance.py:1206} INFO - Marking task as SUCCESS. dag_id=5.1_orquestacion, task_id=tarea3, run_id=scheduled__2024-03-25T00:00:00+00:00, execution_date=20240325T000000, start_date=20240507T234952, end_date=20240507T234955
[2024-05-07T23:49:55.104+0000] {local_task_job_runner.py:240} INFO - Task exited with return code 0
[2024-05-07T23:49:55.118+0000] {taskinstance.py:3498} INFO - 0 downstream tasks scheduled from follow-on schedule check
[2024-05-07T23:49:55.123+0000] {local_task_job_runner.py:222} INFO - ::endgroup::
