[2024-05-10T05:57:46.243+0000] {local_task_job_runner.py:120} INFO - ::group::Pre task execution logs
[2024-05-10T05:57:46.264+0000] {taskinstance.py:2076} INFO - Dependencies all met for dep_context=non-requeueable deps ti=<TaskInstance: Proyecto_SpaceX.Leer_Datos_Respuesta_Satelite scheduled__2024-01-01T00:00:00+00:00 [queued]>
[2024-05-10T05:57:46.271+0000] {taskinstance.py:2076} INFO - Dependencies all met for dep_context=requeueable deps ti=<TaskInstance: Proyecto_SpaceX.Leer_Datos_Respuesta_Satelite scheduled__2024-01-01T00:00:00+00:00 [queued]>
[2024-05-10T05:57:46.271+0000] {taskinstance.py:2306} INFO - Starting attempt 5 of 5
[2024-05-10T05:57:46.394+0000] {taskinstance.py:2330} INFO - Executing <Task(BashOperator): Leer_Datos_Respuesta_Satelite> on 2024-01-01 00:00:00+00:00
[2024-05-10T05:57:46.400+0000] {warnings.py:110} WARNING - /home/***/.local/lib/python3.12/site-packages/***/task/task_runner/standard_task_runner.py:61: DeprecationWarning: This process (pid=832) is multi-threaded, use of fork() may lead to deadlocks in the child.
  pid = os.fork()

[2024-05-10T05:57:46.402+0000] {standard_task_runner.py:63} INFO - Started process 834 to run task
[2024-05-10T05:57:46.402+0000] {standard_task_runner.py:90} INFO - Running: ['***', 'tasks', 'run', 'Proyecto_SpaceX', 'Leer_Datos_Respuesta_Satelite', 'scheduled__2024-01-01T00:00:00+00:00', '--job-id', '1080', '--raw', '--subdir', 'DAGS_FOLDER/Proyecto_SpaceX.py', '--cfg-path', '/tmp/tmpp5g1gqeo']
[2024-05-10T05:57:46.404+0000] {standard_task_runner.py:91} INFO - Job 1080: Subtask Leer_Datos_Respuesta_Satelite
[2024-05-10T05:57:46.447+0000] {task_command.py:426} INFO - Running <TaskInstance: Proyecto_SpaceX.Leer_Datos_Respuesta_Satelite scheduled__2024-01-01T00:00:00+00:00 [running]> on host 1b7f0b10dd99
[2024-05-10T05:57:46.512+0000] {taskinstance.py:2648} INFO - Exporting env vars: AIRFLOW_CTX_DAG_OWNER='***' AIRFLOW_CTX_DAG_ID='Proyecto_SpaceX' AIRFLOW_CTX_TASK_ID='Leer_Datos_Respuesta_Satelite' AIRFLOW_CTX_EXECUTION_DATE='2024-01-01T00:00:00+00:00' AIRFLOW_CTX_TRY_NUMBER='5' AIRFLOW_CTX_DAG_RUN_ID='scheduled__2024-01-01T00:00:00+00:00'
[2024-05-10T05:57:46.513+0000] {taskinstance.py:430} INFO - ::endgroup::
[2024-05-10T05:57:46.524+0000] {subprocess.py:63} INFO - Tmp dir root location: /tmp
[2024-05-10T05:57:46.530+0000] {subprocess.py:75} INFO - Running command: ['/usr/bin/bash', '-c', 'ls /tmp && head /tmp/platzi_data_20240101.csv']
[2024-05-10T05:57:46.541+0000] {subprocess.py:86} INFO - Output:
[2024-05-10T05:57:46.550+0000] {subprocess.py:93} INFO - ***tmpmg6ik41x
[2024-05-10T05:57:46.554+0000] {subprocess.py:93} INFO - platzi_data_20240101.csv
[2024-05-10T05:57:46.556+0000] {subprocess.py:93} INFO - platzi_data_20240201.csv
[2024-05-10T05:57:46.557+0000] {subprocess.py:93} INFO - platzi_data_20240301.csv
[2024-05-10T05:57:46.560+0000] {subprocess.py:93} INFO - pymp-uyxtzsi7
[2024-05-10T05:57:46.561+0000] {subprocess.py:93} INFO - response_20240101.txt
[2024-05-10T05:57:46.562+0000] {subprocess.py:93} INFO - response_20240201.txt
[2024-05-10T05:57:46.562+0000] {subprocess.py:93} INFO - response_20240301.txt
[2024-05-10T05:57:46.563+0000] {subprocess.py:93} INFO - Student,timestamp
[2024-05-10T05:57:46.564+0000] {subprocess.py:93} INFO - Maria Cruz,2024-01-01 00:00:00+00:00
[2024-05-10T05:57:46.565+0000] {subprocess.py:93} INFO - Daniel Crema,2024-01-01 00:00:00+00:00
[2024-05-10T05:57:46.566+0000] {subprocess.py:93} INFO - Elon Musk,2024-01-01 00:00:00+00:00
[2024-05-10T05:57:46.567+0000] {subprocess.py:93} INFO - Karol Castrejon,2024-01-01 00:00:00+00:00
[2024-05-10T05:57:46.567+0000] {subprocess.py:93} INFO - Freddy Vega,2024-01-01 00:00:00+00:00
[2024-05-10T05:57:46.568+0000] {subprocess.py:93} INFO - Felipe Duque,2024-01-01 00:00:00+00:00
[2024-05-10T05:57:46.569+0000] {subprocess.py:97} INFO - Command exited with return code 0
[2024-05-10T05:57:46.607+0000] {taskinstance.py:441} INFO - ::group::Post task execution logs
[2024-05-10T05:57:46.649+0000] {taskinstance.py:1206} INFO - Marking task as SUCCESS. dag_id=Proyecto_SpaceX, task_id=Leer_Datos_Respuesta_Satelite, run_id=scheduled__2024-01-01T00:00:00+00:00, execution_date=20240101T000000, start_date=20240510T055746, end_date=20240510T055746
[2024-05-10T05:57:46.698+0000] {local_task_job_runner.py:240} INFO - Task exited with return code 0
[2024-05-10T05:57:46.722+0000] {taskinstance.py:3498} INFO - 1 downstream tasks scheduled from follow-on schedule check
[2024-05-10T05:57:46.725+0000] {local_task_job_runner.py:222} INFO - ::endgroup::
