[2024-05-09T18:53:30.796+0000] {local_task_job_runner.py:120} INFO - ::group::Pre task execution logs
[2024-05-09T18:53:30.815+0000] {taskinstance.py:2076} INFO - Dependencies all met for dep_context=non-requeueable deps ti=<TaskInstance: Proyecto_SpaceX.Leer_Datos_Respuesta_Satelite scheduled__2024-01-01T00:00:00+00:00 [queued]>
[2024-05-09T18:53:30.824+0000] {taskinstance.py:2076} INFO - Dependencies all met for dep_context=requeueable deps ti=<TaskInstance: Proyecto_SpaceX.Leer_Datos_Respuesta_Satelite scheduled__2024-01-01T00:00:00+00:00 [queued]>
[2024-05-09T18:53:30.825+0000] {taskinstance.py:2306} INFO - Starting attempt 1 of 1
[2024-05-09T18:53:30.942+0000] {taskinstance.py:2330} INFO - Executing <Task(BashOperator): Leer_Datos_Respuesta_Satelite> on 2024-01-01 00:00:00+00:00
[2024-05-09T18:53:30.948+0000] {warnings.py:110} WARNING - /home/***/.local/lib/python3.12/site-packages/***/task/task_runner/standard_task_runner.py:61: DeprecationWarning: This process (pid=126) is multi-threaded, use of fork() may lead to deadlocks in the child.
  pid = os.fork()

[2024-05-09T18:53:30.949+0000] {standard_task_runner.py:63} INFO - Started process 135 to run task
[2024-05-09T18:53:30.949+0000] {standard_task_runner.py:90} INFO - Running: ['***', 'tasks', 'run', 'Proyecto_SpaceX', 'Leer_Datos_Respuesta_Satelite', 'scheduled__2024-01-01T00:00:00+00:00', '--job-id', '922', '--raw', '--subdir', 'DAGS_FOLDER/Proyecto_SpaceX.py', '--cfg-path', '/tmp/tmplo50p5jj']
[2024-05-09T18:53:30.951+0000] {standard_task_runner.py:91} INFO - Job 922: Subtask Leer_Datos_Respuesta_Satelite
[2024-05-09T18:53:30.998+0000] {task_command.py:426} INFO - Running <TaskInstance: Proyecto_SpaceX.Leer_Datos_Respuesta_Satelite scheduled__2024-01-01T00:00:00+00:00 [running]> on host 7a81a983afb0
[2024-05-09T18:53:31.071+0000] {taskinstance.py:2648} INFO - Exporting env vars: AIRFLOW_CTX_DAG_OWNER='***' AIRFLOW_CTX_DAG_ID='Proyecto_SpaceX' AIRFLOW_CTX_TASK_ID='Leer_Datos_Respuesta_Satelite' AIRFLOW_CTX_EXECUTION_DATE='2024-01-01T00:00:00+00:00' AIRFLOW_CTX_TRY_NUMBER='1' AIRFLOW_CTX_DAG_RUN_ID='scheduled__2024-01-01T00:00:00+00:00'
[2024-05-09T18:53:31.072+0000] {taskinstance.py:430} INFO - ::endgroup::
[2024-05-09T18:53:31.085+0000] {subprocess.py:63} INFO - Tmp dir root location: /tmp
[2024-05-09T18:53:31.086+0000] {subprocess.py:75} INFO - Running command: ['/usr/bin/bash', '-c', 'ls /tmp && head /tmp/platzi_data_20240101.csv']
[2024-05-09T18:53:31.095+0000] {subprocess.py:86} INFO - Output:
[2024-05-09T18:53:31.098+0000] {subprocess.py:93} INFO - ***tmpmioa0h6i
[2024-05-09T18:53:31.098+0000] {subprocess.py:93} INFO - platzi_data_20240101.csv
[2024-05-09T18:53:31.099+0000] {subprocess.py:93} INFO - pymp-lgtt6ocg
[2024-05-09T18:53:31.100+0000] {subprocess.py:93} INFO - response_20240101.txt
[2024-05-09T18:53:31.101+0000] {subprocess.py:93} INFO - Student,timestamp
[2024-05-09T18:53:31.102+0000] {subprocess.py:93} INFO - Maria Cruz,2024-01-01 00:00:00+00:00
[2024-05-09T18:53:31.103+0000] {subprocess.py:93} INFO - Daniel Crema,2024-01-01 00:00:00+00:00
[2024-05-09T18:53:31.103+0000] {subprocess.py:93} INFO - Elon Musk,2024-01-01 00:00:00+00:00
[2024-05-09T18:53:31.104+0000] {subprocess.py:93} INFO - Karol Castrejon,2024-01-01 00:00:00+00:00
[2024-05-09T18:53:31.105+0000] {subprocess.py:93} INFO - Freddy Vega,2024-01-01 00:00:00+00:00
[2024-05-09T18:53:31.106+0000] {subprocess.py:93} INFO - Felipe Duque,2024-01-01 00:00:00+00:00
[2024-05-09T18:53:31.107+0000] {subprocess.py:97} INFO - Command exited with return code 0
[2024-05-09T18:53:31.108+0000] {taskinstance.py:441} INFO - ::group::Post task execution logs
[2024-05-09T18:53:31.135+0000] {taskinstance.py:1206} INFO - Marking task as SUCCESS. dag_id=Proyecto_SpaceX, task_id=Leer_Datos_Respuesta_Satelite, run_id=scheduled__2024-01-01T00:00:00+00:00, execution_date=20240101T000000, start_date=20240509T185330, end_date=20240509T185331
[2024-05-09T18:53:31.164+0000] {local_task_job_runner.py:240} INFO - Task exited with return code 0
[2024-05-09T18:53:31.183+0000] {taskinstance.py:3498} INFO - 1 downstream tasks scheduled from follow-on schedule check
[2024-05-09T18:53:31.197+0000] {local_task_job_runner.py:222} INFO - ::endgroup::
[2024-05-09T19:17:16.329+0000] {local_task_job_runner.py:120} INFO - ::group::Pre task execution logs
[2024-05-09T19:17:16.350+0000] {taskinstance.py:2076} INFO - Dependencies all met for dep_context=non-requeueable deps ti=<TaskInstance: Proyecto_SpaceX.Leer_Datos_Respuesta_Satelite scheduled__2024-01-01T00:00:00+00:00 [queued]>
[2024-05-09T19:17:16.358+0000] {taskinstance.py:2076} INFO - Dependencies all met for dep_context=requeueable deps ti=<TaskInstance: Proyecto_SpaceX.Leer_Datos_Respuesta_Satelite scheduled__2024-01-01T00:00:00+00:00 [queued]>
[2024-05-09T19:17:16.359+0000] {taskinstance.py:2306} INFO - Starting attempt 1 of 1
[2024-05-09T19:17:16.580+0000] {taskinstance.py:2330} INFO - Executing <Task(BashOperator): Leer_Datos_Respuesta_Satelite> on 2024-01-01 00:00:00+00:00
[2024-05-09T19:17:16.588+0000] {warnings.py:110} WARNING - /home/***/.local/lib/python3.12/site-packages/***/task/task_runner/standard_task_runner.py:61: DeprecationWarning: This process (pid=489) is multi-threaded, use of fork() may lead to deadlocks in the child.
  pid = os.fork()

[2024-05-09T19:17:16.589+0000] {standard_task_runner.py:63} INFO - Started process 491 to run task
[2024-05-09T19:17:16.589+0000] {standard_task_runner.py:90} INFO - Running: ['***', 'tasks', 'run', 'Proyecto_SpaceX', 'Leer_Datos_Respuesta_Satelite', 'scheduled__2024-01-01T00:00:00+00:00', '--job-id', '934', '--raw', '--subdir', 'DAGS_FOLDER/Proyecto_SpaceX.py', '--cfg-path', '/tmp/tmpm6jpb5y6']
[2024-05-09T19:17:16.591+0000] {standard_task_runner.py:91} INFO - Job 934: Subtask Leer_Datos_Respuesta_Satelite
[2024-05-09T19:17:16.742+0000] {task_command.py:426} INFO - Running <TaskInstance: Proyecto_SpaceX.Leer_Datos_Respuesta_Satelite scheduled__2024-01-01T00:00:00+00:00 [running]> on host 7a81a983afb0
[2024-05-09T19:17:16.958+0000] {taskinstance.py:2648} INFO - Exporting env vars: AIRFLOW_CTX_DAG_OWNER='***' AIRFLOW_CTX_DAG_ID='Proyecto_SpaceX' AIRFLOW_CTX_TASK_ID='Leer_Datos_Respuesta_Satelite' AIRFLOW_CTX_EXECUTION_DATE='2024-01-01T00:00:00+00:00' AIRFLOW_CTX_TRY_NUMBER='1' AIRFLOW_CTX_DAG_RUN_ID='scheduled__2024-01-01T00:00:00+00:00'
[2024-05-09T19:17:16.960+0000] {taskinstance.py:430} INFO - ::endgroup::
[2024-05-09T19:17:16.972+0000] {subprocess.py:63} INFO - Tmp dir root location: /tmp
[2024-05-09T19:17:16.973+0000] {subprocess.py:75} INFO - Running command: ['/usr/bin/bash', '-c', 'ls /tmp && head /tmp/platzi_data_20240101.csv']
[2024-05-09T19:17:17.008+0000] {subprocess.py:86} INFO - Output:
[2024-05-09T19:17:17.012+0000] {subprocess.py:93} INFO - ***tmpsyi31u3y
[2024-05-09T19:17:17.016+0000] {subprocess.py:93} INFO - platzi_data_20240101.csv
[2024-05-09T19:17:17.022+0000] {subprocess.py:93} INFO - platzi_data_20240201.csv
[2024-05-09T19:17:17.023+0000] {subprocess.py:93} INFO - pymp-lgtt6ocg
[2024-05-09T19:17:17.024+0000] {subprocess.py:93} INFO - response_20240101.txt
[2024-05-09T19:17:17.024+0000] {subprocess.py:93} INFO - response_20240201.txt
[2024-05-09T19:17:17.025+0000] {subprocess.py:93} INFO - Student,timestamp
[2024-05-09T19:17:17.026+0000] {subprocess.py:93} INFO - Maria Cruz,2024-01-01 00:00:00+00:00
[2024-05-09T19:17:17.027+0000] {subprocess.py:93} INFO - Daniel Crema,2024-01-01 00:00:00+00:00
[2024-05-09T19:17:17.029+0000] {subprocess.py:93} INFO - Elon Musk,2024-01-01 00:00:00+00:00
[2024-05-09T19:17:17.030+0000] {subprocess.py:93} INFO - Karol Castrejon,2024-01-01 00:00:00+00:00
[2024-05-09T19:17:17.031+0000] {subprocess.py:93} INFO - Freddy Vega,2024-01-01 00:00:00+00:00
[2024-05-09T19:17:17.032+0000] {subprocess.py:93} INFO - Felipe Duque,2024-01-01 00:00:00+00:00
[2024-05-09T19:17:17.033+0000] {subprocess.py:97} INFO - Command exited with return code 0
[2024-05-09T19:17:17.034+0000] {taskinstance.py:441} INFO - ::group::Post task execution logs
[2024-05-09T19:17:17.099+0000] {taskinstance.py:1206} INFO - Marking task as SUCCESS. dag_id=Proyecto_SpaceX, task_id=Leer_Datos_Respuesta_Satelite, run_id=scheduled__2024-01-01T00:00:00+00:00, execution_date=20240101T000000, start_date=20240509T191716, end_date=20240509T191717
[2024-05-09T19:17:17.207+0000] {local_task_job_runner.py:240} INFO - Task exited with return code 0
[2024-05-09T19:17:17.228+0000] {taskinstance.py:3498} INFO - 1 downstream tasks scheduled from follow-on schedule check
[2024-05-09T19:17:17.265+0000] {local_task_job_runner.py:222} INFO - ::endgroup::
[2024-05-09T21:01:00.862+0000] {local_task_job_runner.py:120} INFO - ::group::Pre task execution logs
[2024-05-09T21:01:00.885+0000] {taskinstance.py:2076} INFO - Dependencies all met for dep_context=non-requeueable deps ti=<TaskInstance: Proyecto_SpaceX.Leer_Datos_Respuesta_Satelite scheduled__2024-01-01T00:00:00+00:00 [queued]>
[2024-05-09T21:01:00.896+0000] {taskinstance.py:2076} INFO - Dependencies all met for dep_context=requeueable deps ti=<TaskInstance: Proyecto_SpaceX.Leer_Datos_Respuesta_Satelite scheduled__2024-01-01T00:00:00+00:00 [queued]>
[2024-05-09T21:01:00.897+0000] {taskinstance.py:2306} INFO - Starting attempt 1 of 1
[2024-05-09T21:01:01.068+0000] {taskinstance.py:2330} INFO - Executing <Task(BashOperator): Leer_Datos_Respuesta_Satelite> on 2024-01-01 00:00:00+00:00
[2024-05-09T21:01:01.075+0000] {warnings.py:110} WARNING - /home/***/.local/lib/python3.12/site-packages/***/task/task_runner/standard_task_runner.py:61: DeprecationWarning: This process (pid=1832) is multi-threaded, use of fork() may lead to deadlocks in the child.
  pid = os.fork()

[2024-05-09T21:01:01.077+0000] {standard_task_runner.py:63} INFO - Started process 1834 to run task
[2024-05-09T21:01:01.077+0000] {standard_task_runner.py:90} INFO - Running: ['***', 'tasks', 'run', 'Proyecto_SpaceX', 'Leer_Datos_Respuesta_Satelite', 'scheduled__2024-01-01T00:00:00+00:00', '--job-id', '1006', '--raw', '--subdir', 'DAGS_FOLDER/Proyecto_SpaceX.py', '--cfg-path', '/tmp/tmpa0s7x1lh']
[2024-05-09T21:01:01.080+0000] {standard_task_runner.py:91} INFO - Job 1006: Subtask Leer_Datos_Respuesta_Satelite
[2024-05-09T21:01:01.125+0000] {task_command.py:426} INFO - Running <TaskInstance: Proyecto_SpaceX.Leer_Datos_Respuesta_Satelite scheduled__2024-01-01T00:00:00+00:00 [running]> on host 7a81a983afb0
[2024-05-09T21:01:01.197+0000] {taskinstance.py:2648} INFO - Exporting env vars: AIRFLOW_CTX_DAG_OWNER='***' AIRFLOW_CTX_DAG_ID='Proyecto_SpaceX' AIRFLOW_CTX_TASK_ID='Leer_Datos_Respuesta_Satelite' AIRFLOW_CTX_EXECUTION_DATE='2024-01-01T00:00:00+00:00' AIRFLOW_CTX_TRY_NUMBER='1' AIRFLOW_CTX_DAG_RUN_ID='scheduled__2024-01-01T00:00:00+00:00'
[2024-05-09T21:01:01.199+0000] {taskinstance.py:430} INFO - ::endgroup::
[2024-05-09T21:01:01.212+0000] {subprocess.py:63} INFO - Tmp dir root location: /tmp
[2024-05-09T21:01:01.213+0000] {subprocess.py:75} INFO - Running command: ['/usr/bin/bash', '-c', 'ls /tmp && head /tmp/platzi_data_20240101.csv']
[2024-05-09T21:01:01.223+0000] {subprocess.py:86} INFO - Output:
[2024-05-09T21:01:01.225+0000] {subprocess.py:93} INFO - ***tmpjhvypvox
[2024-05-09T21:01:01.226+0000] {subprocess.py:93} INFO - platzi_data_20240101.csv
[2024-05-09T21:01:01.227+0000] {subprocess.py:93} INFO - platzi_data_20240201.csv
[2024-05-09T21:01:01.228+0000] {subprocess.py:93} INFO - platzi_data_20240301.csv
[2024-05-09T21:01:01.228+0000] {subprocess.py:93} INFO - pymp-lgtt6ocg
[2024-05-09T21:01:01.229+0000] {subprocess.py:93} INFO - response_20240101.txt
[2024-05-09T21:01:01.229+0000] {subprocess.py:93} INFO - response_20240201.txt
[2024-05-09T21:01:01.230+0000] {subprocess.py:93} INFO - response_20240301.txt
[2024-05-09T21:01:01.230+0000] {subprocess.py:93} INFO - Student,timestamp
[2024-05-09T21:01:01.231+0000] {subprocess.py:93} INFO - Maria Cruz,2024-01-01 00:00:00+00:00
[2024-05-09T21:01:01.231+0000] {subprocess.py:93} INFO - Daniel Crema,2024-01-01 00:00:00+00:00
[2024-05-09T21:01:01.232+0000] {subprocess.py:93} INFO - Elon Musk,2024-01-01 00:00:00+00:00
[2024-05-09T21:01:01.232+0000] {subprocess.py:93} INFO - Karol Castrejon,2024-01-01 00:00:00+00:00
[2024-05-09T21:01:01.233+0000] {subprocess.py:93} INFO - Freddy Vega,2024-01-01 00:00:00+00:00
[2024-05-09T21:01:01.233+0000] {subprocess.py:93} INFO - Felipe Duque,2024-01-01 00:00:00+00:00
[2024-05-09T21:01:01.234+0000] {subprocess.py:97} INFO - Command exited with return code 0
[2024-05-09T21:01:01.235+0000] {taskinstance.py:441} INFO - ::group::Post task execution logs
[2024-05-09T21:01:01.258+0000] {taskinstance.py:1206} INFO - Marking task as SUCCESS. dag_id=Proyecto_SpaceX, task_id=Leer_Datos_Respuesta_Satelite, run_id=scheduled__2024-01-01T00:00:00+00:00, execution_date=20240101T000000, start_date=20240509T210100, end_date=20240509T210101
[2024-05-09T21:01:01.292+0000] {local_task_job_runner.py:240} INFO - Task exited with return code 0
[2024-05-09T21:01:01.313+0000] {taskinstance.py:3498} INFO - 1 downstream tasks scheduled from follow-on schedule check
[2024-05-09T21:01:01.316+0000] {local_task_job_runner.py:222} INFO - ::endgroup::
