[2024-05-09T20:01:17.584+0000] {local_task_job_runner.py:120} INFO - ::group::Pre task execution logs
[2024-05-09T20:01:17.605+0000] {taskinstance.py:2076} INFO - Dependencies all met for dep_context=non-requeueable deps ti=<TaskInstance: Proyecto_SpaceX.Leer_Datos_Respuesta_Satelite scheduled__2024-01-01T00:00:00+00:00 [queued]>
[2024-05-09T20:01:17.615+0000] {taskinstance.py:2076} INFO - Dependencies all met for dep_context=requeueable deps ti=<TaskInstance: Proyecto_SpaceX.Leer_Datos_Respuesta_Satelite scheduled__2024-01-01T00:00:00+00:00 [queued]>
[2024-05-09T20:01:17.620+0000] {taskinstance.py:2306} INFO - Starting attempt 3 of 3
[2024-05-09T20:01:17.751+0000] {taskinstance.py:2330} INFO - Executing <Task(BashOperator): Leer_Datos_Respuesta_Satelite> on 2024-01-01 00:00:00+00:00
[2024-05-09T20:01:17.758+0000] {warnings.py:110} WARNING - /home/***/.local/lib/python3.12/site-packages/***/task/task_runner/standard_task_runner.py:61: DeprecationWarning: This process (pid=1210) is multi-threaded, use of fork() may lead to deadlocks in the child.
  pid = os.fork()

[2024-05-09T20:01:17.760+0000] {standard_task_runner.py:63} INFO - Started process 1212 to run task
[2024-05-09T20:01:17.759+0000] {standard_task_runner.py:90} INFO - Running: ['***', 'tasks', 'run', 'Proyecto_SpaceX', 'Leer_Datos_Respuesta_Satelite', 'scheduled__2024-01-01T00:00:00+00:00', '--job-id', '970', '--raw', '--subdir', 'DAGS_FOLDER/Proyecto_SpaceX.py', '--cfg-path', '/tmp/tmps1w8hry1']
[2024-05-09T20:01:17.762+0000] {standard_task_runner.py:91} INFO - Job 970: Subtask Leer_Datos_Respuesta_Satelite
[2024-05-09T20:01:17.812+0000] {task_command.py:426} INFO - Running <TaskInstance: Proyecto_SpaceX.Leer_Datos_Respuesta_Satelite scheduled__2024-01-01T00:00:00+00:00 [running]> on host 7a81a983afb0
[2024-05-09T20:01:17.891+0000] {taskinstance.py:2648} INFO - Exporting env vars: AIRFLOW_CTX_DAG_OWNER='***' AIRFLOW_CTX_DAG_ID='Proyecto_SpaceX' AIRFLOW_CTX_TASK_ID='Leer_Datos_Respuesta_Satelite' AIRFLOW_CTX_EXECUTION_DATE='2024-01-01T00:00:00+00:00' AIRFLOW_CTX_TRY_NUMBER='3' AIRFLOW_CTX_DAG_RUN_ID='scheduled__2024-01-01T00:00:00+00:00'
[2024-05-09T20:01:17.894+0000] {taskinstance.py:430} INFO - ::endgroup::
[2024-05-09T20:01:17.904+0000] {subprocess.py:63} INFO - Tmp dir root location: /tmp
[2024-05-09T20:01:17.905+0000] {subprocess.py:75} INFO - Running command: ['/usr/bin/bash', '-c', 'ls /tmp && head /tmp/platzi_data_20240101.csv']
[2024-05-09T20:01:17.914+0000] {subprocess.py:86} INFO - Output:
[2024-05-09T20:01:17.918+0000] {subprocess.py:93} INFO - ***tmphb5obcbl
[2024-05-09T20:01:17.918+0000] {subprocess.py:93} INFO - platzi_data_20240101.csv
[2024-05-09T20:01:17.919+0000] {subprocess.py:93} INFO - platzi_data_20240201.csv
[2024-05-09T20:01:17.919+0000] {subprocess.py:93} INFO - platzi_data_20240301.csv
[2024-05-09T20:01:17.920+0000] {subprocess.py:93} INFO - pymp-lgtt6ocg
[2024-05-09T20:01:17.920+0000] {subprocess.py:93} INFO - response_20240101.txt
[2024-05-09T20:01:17.921+0000] {subprocess.py:93} INFO - response_20240201.txt
[2024-05-09T20:01:17.921+0000] {subprocess.py:93} INFO - response_20240301.txt
[2024-05-09T20:01:17.922+0000] {subprocess.py:93} INFO - Student,timestamp
[2024-05-09T20:01:17.922+0000] {subprocess.py:93} INFO - Maria Cruz,2024-01-01 00:00:00+00:00
[2024-05-09T20:01:17.923+0000] {subprocess.py:93} INFO - Daniel Crema,2024-01-01 00:00:00+00:00
[2024-05-09T20:01:17.923+0000] {subprocess.py:93} INFO - Elon Musk,2024-01-01 00:00:00+00:00
[2024-05-09T20:01:17.924+0000] {subprocess.py:93} INFO - Karol Castrejon,2024-01-01 00:00:00+00:00
[2024-05-09T20:01:17.925+0000] {subprocess.py:93} INFO - Freddy Vega,2024-01-01 00:00:00+00:00
[2024-05-09T20:01:17.925+0000] {subprocess.py:93} INFO - Felipe Duque,2024-01-01 00:00:00+00:00
[2024-05-09T20:01:17.926+0000] {subprocess.py:97} INFO - Command exited with return code 0
[2024-05-09T20:01:17.927+0000] {taskinstance.py:441} INFO - ::group::Post task execution logs
[2024-05-09T20:01:17.949+0000] {taskinstance.py:1206} INFO - Marking task as SUCCESS. dag_id=Proyecto_SpaceX, task_id=Leer_Datos_Respuesta_Satelite, run_id=scheduled__2024-01-01T00:00:00+00:00, execution_date=20240101T000000, start_date=20240509T200117, end_date=20240509T200117
[2024-05-09T20:01:17.975+0000] {local_task_job_runner.py:240} INFO - Task exited with return code 0
[2024-05-09T20:01:17.996+0000] {taskinstance.py:3498} INFO - 1 downstream tasks scheduled from follow-on schedule check
[2024-05-09T20:01:18.006+0000] {local_task_job_runner.py:222} INFO - ::endgroup::
[2024-05-10T05:44:52.445+0000] {local_task_job_runner.py:120} INFO - ::group::Pre task execution logs
[2024-05-10T05:44:52.475+0000] {taskinstance.py:2076} INFO - Dependencies all met for dep_context=non-requeueable deps ti=<TaskInstance: Proyecto_SpaceX.Leer_Datos_Respuesta_Satelite scheduled__2024-01-01T00:00:00+00:00 [queued]>
[2024-05-10T05:44:52.488+0000] {taskinstance.py:2076} INFO - Dependencies all met for dep_context=requeueable deps ti=<TaskInstance: Proyecto_SpaceX.Leer_Datos_Respuesta_Satelite scheduled__2024-01-01T00:00:00+00:00 [queued]>
[2024-05-10T05:44:52.491+0000] {taskinstance.py:2306} INFO - Starting attempt 3 of 3
[2024-05-10T05:44:52.707+0000] {taskinstance.py:2330} INFO - Executing <Task(BashOperator): Leer_Datos_Respuesta_Satelite> on 2024-01-01 00:00:00+00:00
[2024-05-10T05:44:52.716+0000] {warnings.py:110} WARNING - /home/***/.local/lib/python3.12/site-packages/***/task/task_runner/standard_task_runner.py:61: DeprecationWarning: This process (pid=521) is multi-threaded, use of fork() may lead to deadlocks in the child.
  pid = os.fork()

[2024-05-10T05:44:52.719+0000] {standard_task_runner.py:63} INFO - Started process 523 to run task
[2024-05-10T05:44:52.718+0000] {standard_task_runner.py:90} INFO - Running: ['***', 'tasks', 'run', 'Proyecto_SpaceX', 'Leer_Datos_Respuesta_Satelite', 'scheduled__2024-01-01T00:00:00+00:00', '--job-id', '1044', '--raw', '--subdir', 'DAGS_FOLDER/Proyecto_SpaceX.py', '--cfg-path', '/tmp/tmpjzunq9xc']
[2024-05-10T05:44:52.721+0000] {standard_task_runner.py:91} INFO - Job 1044: Subtask Leer_Datos_Respuesta_Satelite
[2024-05-10T05:44:52.821+0000] {task_command.py:426} INFO - Running <TaskInstance: Proyecto_SpaceX.Leer_Datos_Respuesta_Satelite scheduled__2024-01-01T00:00:00+00:00 [running]> on host 1b7f0b10dd99
[2024-05-10T05:44:52.931+0000] {taskinstance.py:2648} INFO - Exporting env vars: AIRFLOW_CTX_DAG_OWNER='***' AIRFLOW_CTX_DAG_ID='Proyecto_SpaceX' AIRFLOW_CTX_TASK_ID='Leer_Datos_Respuesta_Satelite' AIRFLOW_CTX_EXECUTION_DATE='2024-01-01T00:00:00+00:00' AIRFLOW_CTX_TRY_NUMBER='3' AIRFLOW_CTX_DAG_RUN_ID='scheduled__2024-01-01T00:00:00+00:00'
[2024-05-10T05:44:52.933+0000] {taskinstance.py:430} INFO - ::endgroup::
[2024-05-10T05:44:52.960+0000] {subprocess.py:63} INFO - Tmp dir root location: /tmp
[2024-05-10T05:44:52.965+0000] {subprocess.py:75} INFO - Running command: ['/usr/bin/bash', '-c', 'ls /tmp && head /tmp/platzi_data_20240101.csv']
[2024-05-10T05:44:52.980+0000] {subprocess.py:86} INFO - Output:
[2024-05-10T05:44:52.983+0000] {subprocess.py:93} INFO - ***tmpgm_x6m_d
[2024-05-10T05:44:52.985+0000] {subprocess.py:93} INFO - platzi_data_20240101.csv
[2024-05-10T05:44:52.986+0000] {subprocess.py:93} INFO - platzi_data_20240201.csv
[2024-05-10T05:44:52.987+0000] {subprocess.py:93} INFO - platzi_data_20240301.csv
[2024-05-10T05:44:52.988+0000] {subprocess.py:93} INFO - pymp-uyxtzsi7
[2024-05-10T05:44:52.989+0000] {subprocess.py:93} INFO - response_20240101.txt
[2024-05-10T05:44:52.990+0000] {subprocess.py:93} INFO - response_20240201.txt
[2024-05-10T05:44:52.991+0000] {subprocess.py:93} INFO - response_20240301.txt
[2024-05-10T05:44:52.992+0000] {subprocess.py:93} INFO - Student,timestamp
[2024-05-10T05:44:52.993+0000] {subprocess.py:93} INFO - Maria Cruz,2024-01-01 00:00:00+00:00
[2024-05-10T05:44:52.994+0000] {subprocess.py:93} INFO - Daniel Crema,2024-01-01 00:00:00+00:00
[2024-05-10T05:44:52.995+0000] {subprocess.py:93} INFO - Elon Musk,2024-01-01 00:00:00+00:00
[2024-05-10T05:44:52.996+0000] {subprocess.py:93} INFO - Karol Castrejon,2024-01-01 00:00:00+00:00
[2024-05-10T05:44:52.997+0000] {subprocess.py:93} INFO - Freddy Vega,2024-01-01 00:00:00+00:00
[2024-05-10T05:44:52.998+0000] {subprocess.py:93} INFO - Felipe Duque,2024-01-01 00:00:00+00:00
[2024-05-10T05:44:52.999+0000] {subprocess.py:97} INFO - Command exited with return code 0
[2024-05-10T05:44:53.001+0000] {taskinstance.py:441} INFO - ::group::Post task execution logs
[2024-05-10T05:44:53.036+0000] {taskinstance.py:1206} INFO - Marking task as SUCCESS. dag_id=Proyecto_SpaceX, task_id=Leer_Datos_Respuesta_Satelite, run_id=scheduled__2024-01-01T00:00:00+00:00, execution_date=20240101T000000, start_date=20240510T054452, end_date=20240510T054453
[2024-05-10T05:44:53.096+0000] {local_task_job_runner.py:240} INFO - Task exited with return code 0
[2024-05-10T05:44:53.125+0000] {taskinstance.py:3498} INFO - 1 downstream tasks scheduled from follow-on schedule check
[2024-05-10T05:44:53.130+0000] {local_task_job_runner.py:222} INFO - ::endgroup::
