[2024-05-08T19:05:29.556+0000] {local_task_job_runner.py:120} INFO - ::group::Pre task execution logs
[2024-05-08T19:05:29.579+0000] {taskinstance.py:2076} INFO - Dependencies all met for dep_context=non-requeueable deps ti=<TaskInstance: 7.1_externalTaskSensor.tarea1 scheduled__2024-03-17T00:00:00+00:00 [queued]>
[2024-05-08T19:05:29.588+0000] {taskinstance.py:2076} INFO - Dependencies all met for dep_context=requeueable deps ti=<TaskInstance: 7.1_externalTaskSensor.tarea1 scheduled__2024-03-17T00:00:00+00:00 [queued]>
[2024-05-08T19:05:29.590+0000] {taskinstance.py:2306} INFO - Starting attempt 1 of 1
[2024-05-08T19:05:29.602+0000] {taskinstance.py:2330} INFO - Executing <Task(BashOperator): tarea1> on 2024-03-17 00:00:00+00:00
[2024-05-08T19:05:29.608+0000] {warnings.py:110} WARNING - /home/***/.local/lib/python3.12/site-packages/***/task/task_runner/standard_task_runner.py:61: DeprecationWarning: This process (pid=1132) is multi-threaded, use of fork() may lead to deadlocks in the child.
  pid = os.fork()

[2024-05-08T19:05:29.609+0000] {standard_task_runner.py:63} INFO - Started process 1133 to run task
[2024-05-08T19:05:29.609+0000] {standard_task_runner.py:90} INFO - Running: ['***', 'tasks', 'run', '7.1_externalTaskSensor', 'tarea1', 'scheduled__2024-03-17T00:00:00+00:00', '--job-id', '566', '--raw', '--subdir', 'DAGS_FOLDER/071_ExternalTaskSensor.py', '--cfg-path', '/tmp/tmp4gumo_gq']
[2024-05-08T19:05:29.610+0000] {standard_task_runner.py:91} INFO - Job 566: Subtask tarea1
[2024-05-08T19:05:29.649+0000] {task_command.py:426} INFO - Running <TaskInstance: 7.1_externalTaskSensor.tarea1 scheduled__2024-03-17T00:00:00+00:00 [running]> on host ccc314eb571d
[2024-05-08T19:05:29.724+0000] {taskinstance.py:2648} INFO - Exporting env vars: AIRFLOW_CTX_DAG_OWNER='***' AIRFLOW_CTX_DAG_ID='7.1_externalTaskSensor' AIRFLOW_CTX_TASK_ID='tarea1' AIRFLOW_CTX_EXECUTION_DATE='2024-03-17T00:00:00+00:00' AIRFLOW_CTX_TRY_NUMBER='1' AIRFLOW_CTX_DAG_RUN_ID='scheduled__2024-03-17T00:00:00+00:00'
[2024-05-08T19:05:29.725+0000] {taskinstance.py:430} INFO - ::endgroup::
[2024-05-08T19:05:29.734+0000] {subprocess.py:63} INFO - Tmp dir root location: /tmp
[2024-05-08T19:05:29.735+0000] {subprocess.py:75} INFO - Running command: ['/usr/bin/bash', '-c', "sleep 10 && echo 'DAG finalizado!'"]
[2024-05-08T19:05:29.743+0000] {subprocess.py:86} INFO - Output:
[2024-05-08T19:05:39.745+0000] {subprocess.py:93} INFO - DAG finalizado!
[2024-05-08T19:05:39.746+0000] {subprocess.py:97} INFO - Command exited with return code 0
[2024-05-08T19:05:39.748+0000] {taskinstance.py:441} INFO - ::group::Post task execution logs
[2024-05-08T19:05:39.771+0000] {taskinstance.py:1206} INFO - Marking task as SUCCESS. dag_id=7.1_externalTaskSensor, task_id=tarea1, run_id=scheduled__2024-03-17T00:00:00+00:00, execution_date=20240317T000000, start_date=20240508T190529, end_date=20240508T190539
[2024-05-08T19:05:39.827+0000] {local_task_job_runner.py:240} INFO - Task exited with return code 0
[2024-05-08T19:05:39.838+0000] {taskinstance.py:3498} INFO - 0 downstream tasks scheduled from follow-on schedule check
[2024-05-08T19:05:40.036+0000] {local_task_job_runner.py:222} INFO - ::endgroup::
