[2024-05-10T06:22:59.141+0000] {local_task_job_runner.py:120} INFO - ::group::Pre task execution logs
[2024-05-10T06:22:59.290+0000] {taskinstance.py:2076} INFO - Dependencies all met for dep_context=non-requeueable deps ti=<TaskInstance: Proyecto_SpaceX_v1.Visualizar_Respuesta_Satelite scheduled__2024-03-23T00:00:00+00:00 [queued]>
[2024-05-10T06:22:59.299+0000] {taskinstance.py:2076} INFO - Dependencies all met for dep_context=requeueable deps ti=<TaskInstance: Proyecto_SpaceX_v1.Visualizar_Respuesta_Satelite scheduled__2024-03-23T00:00:00+00:00 [queued]>
[2024-05-10T06:22:59.300+0000] {taskinstance.py:2306} INFO - Starting attempt 1 of 1
[2024-05-10T06:22:59.316+0000] {taskinstance.py:2330} INFO - Executing <Task(BashOperator): Visualizar_Respuesta_Satelite> on 2024-03-23 00:00:00+00:00
[2024-05-10T06:22:59.323+0000] {warnings.py:110} WARNING - /home/***/.local/lib/python3.12/site-packages/***/task/task_runner/standard_task_runner.py:61: DeprecationWarning: This process (pid=2056) is multi-threaded, use of fork() may lead to deadlocks in the child.
  pid = os.fork()

[2024-05-10T06:22:59.324+0000] {standard_task_runner.py:63} INFO - Started process 2065 to run task
[2024-05-10T06:22:59.324+0000] {standard_task_runner.py:90} INFO - Running: ['***', 'tasks', 'run', 'Proyecto_SpaceX_v1', 'Visualizar_Respuesta_Satelite', 'scheduled__2024-03-23T00:00:00+00:00', '--job-id', '1286', '--raw', '--subdir', 'DAGS_FOLDER/Proyecto_SpaceX_v1.py', '--cfg-path', '/tmp/tmp6bmevfvh']
[2024-05-10T06:22:59.326+0000] {standard_task_runner.py:91} INFO - Job 1286: Subtask Visualizar_Respuesta_Satelite
[2024-05-10T06:22:59.368+0000] {task_command.py:426} INFO - Running <TaskInstance: Proyecto_SpaceX_v1.Visualizar_Respuesta_Satelite scheduled__2024-03-23T00:00:00+00:00 [running]> on host 1b7f0b10dd99
[2024-05-10T06:22:59.446+0000] {taskinstance.py:2648} INFO - Exporting env vars: AIRFLOW_CTX_DAG_OWNER='***' AIRFLOW_CTX_DAG_ID='Proyecto_SpaceX_v1' AIRFLOW_CTX_TASK_ID='Visualizar_Respuesta_Satelite' AIRFLOW_CTX_EXECUTION_DATE='2024-03-23T00:00:00+00:00' AIRFLOW_CTX_TRY_NUMBER='1' AIRFLOW_CTX_DAG_RUN_ID='scheduled__2024-03-23T00:00:00+00:00'
[2024-05-10T06:22:59.448+0000] {taskinstance.py:430} INFO - ::endgroup::
[2024-05-10T06:22:59.460+0000] {subprocess.py:63} INFO - Tmp dir root location: /tmp
[2024-05-10T06:22:59.461+0000] {subprocess.py:75} INFO - Running command: ['/usr/bin/bash', '-c', 'ls /tmp && head /tmp/platzi_data_20240323.csv']
[2024-05-10T06:22:59.470+0000] {subprocess.py:86} INFO - Output:
[2024-05-10T06:22:59.473+0000] {subprocess.py:93} INFO - ***tmp1fgt3vm9
[2024-05-10T06:22:59.474+0000] {subprocess.py:93} INFO - history.json
[2024-05-10T06:22:59.474+0000] {subprocess.py:93} INFO - platzi_data_20231125.csv
[2024-05-10T06:22:59.475+0000] {subprocess.py:93} INFO - platzi_data_20231126.csv
[2024-05-10T06:22:59.476+0000] {subprocess.py:93} INFO - platzi_data_20231127.csv
[2024-05-10T06:22:59.476+0000] {subprocess.py:93} INFO - platzi_data_20240101.csv
[2024-05-10T06:22:59.477+0000] {subprocess.py:93} INFO - platzi_data_20240201.csv
[2024-05-10T06:22:59.477+0000] {subprocess.py:93} INFO - platzi_data_20240301.csv
[2024-05-10T06:22:59.478+0000] {subprocess.py:93} INFO - platzi_data_20240302.csv
[2024-05-10T06:22:59.479+0000] {subprocess.py:93} INFO - platzi_data_20240303.csv
[2024-05-10T06:22:59.479+0000] {subprocess.py:93} INFO - platzi_data_20240304.csv
[2024-05-10T06:22:59.480+0000] {subprocess.py:93} INFO - platzi_data_20240305.csv
[2024-05-10T06:22:59.480+0000] {subprocess.py:93} INFO - platzi_data_20240306.csv
[2024-05-10T06:22:59.481+0000] {subprocess.py:93} INFO - platzi_data_20240307.csv
[2024-05-10T06:22:59.482+0000] {subprocess.py:93} INFO - platzi_data_20240308.csv
[2024-05-10T06:22:59.482+0000] {subprocess.py:93} INFO - platzi_data_20240309.csv
[2024-05-10T06:22:59.483+0000] {subprocess.py:93} INFO - platzi_data_20240310.csv
[2024-05-10T06:22:59.483+0000] {subprocess.py:93} INFO - platzi_data_20240311.csv
[2024-05-10T06:22:59.484+0000] {subprocess.py:93} INFO - platzi_data_20240312.csv
[2024-05-10T06:22:59.484+0000] {subprocess.py:93} INFO - platzi_data_20240313.csv
[2024-05-10T06:22:59.485+0000] {subprocess.py:93} INFO - platzi_data_20240314.csv
[2024-05-10T06:22:59.486+0000] {subprocess.py:93} INFO - platzi_data_20240316.csv
[2024-05-10T06:22:59.486+0000] {subprocess.py:93} INFO - platzi_data_20240317.csv
[2024-05-10T06:22:59.487+0000] {subprocess.py:93} INFO - platzi_data_20240318.csv
[2024-05-10T06:22:59.488+0000] {subprocess.py:93} INFO - platzi_data_20240319.csv
[2024-05-10T06:22:59.488+0000] {subprocess.py:93} INFO - platzi_data_20240320.csv
[2024-05-10T06:22:59.489+0000] {subprocess.py:93} INFO - platzi_data_20240321.csv
[2024-05-10T06:22:59.489+0000] {subprocess.py:93} INFO - platzi_data_20240322.csv
[2024-05-10T06:22:59.489+0000] {subprocess.py:93} INFO - platzi_data_20240323.csv
[2024-05-10T06:22:59.490+0000] {subprocess.py:93} INFO - pymp-uyxtzsi7
[2024-05-10T06:22:59.491+0000] {subprocess.py:93} INFO - response_20231125.txt
[2024-05-10T06:22:59.491+0000] {subprocess.py:93} INFO - response_20231126.txt
[2024-05-10T06:22:59.492+0000] {subprocess.py:93} INFO - response_20231127.txt
[2024-05-10T06:22:59.493+0000] {subprocess.py:93} INFO - response_20240101.txt
[2024-05-10T06:22:59.493+0000] {subprocess.py:93} INFO - response_20240201.txt
[2024-05-10T06:22:59.494+0000] {subprocess.py:93} INFO - response_20240301.txt
[2024-05-10T06:22:59.495+0000] {subprocess.py:93} INFO - response_20240302.txt
[2024-05-10T06:22:59.496+0000] {subprocess.py:93} INFO - response_20240303.txt
[2024-05-10T06:22:59.496+0000] {subprocess.py:93} INFO - response_20240304.txt
[2024-05-10T06:22:59.497+0000] {subprocess.py:93} INFO - response_20240305.txt
[2024-05-10T06:22:59.498+0000] {subprocess.py:93} INFO - response_20240306.txt
[2024-05-10T06:22:59.499+0000] {subprocess.py:93} INFO - response_20240307.txt
[2024-05-10T06:22:59.499+0000] {subprocess.py:93} INFO - response_20240308.txt
[2024-05-10T06:22:59.500+0000] {subprocess.py:93} INFO - response_20240309.txt
[2024-05-10T06:22:59.501+0000] {subprocess.py:93} INFO - response_20240310.txt
[2024-05-10T06:22:59.501+0000] {subprocess.py:93} INFO - response_20240311.txt
[2024-05-10T06:22:59.502+0000] {subprocess.py:93} INFO - response_20240312.txt
[2024-05-10T06:22:59.503+0000] {subprocess.py:93} INFO - response_20240313.txt
[2024-05-10T06:22:59.503+0000] {subprocess.py:93} INFO - response_20240314.txt
[2024-05-10T06:22:59.504+0000] {subprocess.py:93} INFO - response_20240315.txt
[2024-05-10T06:22:59.505+0000] {subprocess.py:93} INFO - response_20240316.txt
[2024-05-10T06:22:59.506+0000] {subprocess.py:93} INFO - response_20240317.txt
[2024-05-10T06:22:59.506+0000] {subprocess.py:93} INFO - response_20240318.txt
[2024-05-10T06:22:59.507+0000] {subprocess.py:93} INFO - response_20240319.txt
[2024-05-10T06:22:59.508+0000] {subprocess.py:93} INFO - response_20240320.txt
[2024-05-10T06:22:59.509+0000] {subprocess.py:93} INFO - response_20240321.txt
[2024-05-10T06:22:59.510+0000] {subprocess.py:93} INFO - response_20240322.txt
[2024-05-10T06:22:59.510+0000] {subprocess.py:93} INFO - response_20240323.txt
[2024-05-10T06:22:59.511+0000] {subprocess.py:93} INFO - Student,timestamp
[2024-05-10T06:22:59.512+0000] {subprocess.py:93} INFO - Maria Cruz,2024-03-23 00:00:00+00:00
[2024-05-10T06:22:59.512+0000] {subprocess.py:93} INFO - Daniel Crema,2024-03-23 00:00:00+00:00
[2024-05-10T06:22:59.513+0000] {subprocess.py:93} INFO - Elon Musk,2024-03-23 00:00:00+00:00
[2024-05-10T06:22:59.514+0000] {subprocess.py:93} INFO - Karol Castrejon,2024-03-23 00:00:00+00:00
[2024-05-10T06:22:59.515+0000] {subprocess.py:93} INFO - Freddy Vega,2024-03-23 00:00:00+00:00
[2024-05-10T06:22:59.515+0000] {subprocess.py:93} INFO - Felipe Duque,2024-03-23 00:00:00+00:00
[2024-05-10T06:22:59.516+0000] {subprocess.py:97} INFO - Command exited with return code 0
[2024-05-10T06:22:59.517+0000] {taskinstance.py:441} INFO - ::group::Post task execution logs
[2024-05-10T06:22:59.538+0000] {taskinstance.py:1206} INFO - Marking task as SUCCESS. dag_id=Proyecto_SpaceX_v1, task_id=Visualizar_Respuesta_Satelite, run_id=scheduled__2024-03-23T00:00:00+00:00, execution_date=20240323T000000, start_date=20240510T062259, end_date=20240510T062259
[2024-05-10T06:22:59.579+0000] {local_task_job_runner.py:240} INFO - Task exited with return code 0
[2024-05-10T06:22:59.587+0000] {local_task_job_runner.py:222} INFO - ::endgroup::
