[2024-05-07T23:41:18.322+0000] {local_task_job_runner.py:120} INFO - ::group::Pre task execution logs
[2024-05-07T23:41:18.348+0000] {taskinstance.py:2076} INFO - Dependencies all met for dep_context=non-requeueable deps ti=<TaskInstance: 5.1_orquestacion.tarea4 scheduled__2024-03-08T00:00:00+00:00 [queued]>
[2024-05-07T23:41:18.358+0000] {taskinstance.py:2076} INFO - Dependencies all met for dep_context=requeueable deps ti=<TaskInstance: 5.1_orquestacion.tarea4 scheduled__2024-03-08T00:00:00+00:00 [queued]>
[2024-05-07T23:41:18.359+0000] {taskinstance.py:2306} INFO - Starting attempt 1 of 1
[2024-05-07T23:41:18.374+0000] {taskinstance.py:2330} INFO - Executing <Task(BashOperator): tarea4> on 2024-03-08 00:00:00+00:00
[2024-05-07T23:41:18.380+0000] {warnings.py:110} WARNING - /home/***/.local/lib/python3.12/site-packages/***/task/task_runner/standard_task_runner.py:61: DeprecationWarning: This process (pid=2905) is multi-threaded, use of fork() may lead to deadlocks in the child.
  pid = os.fork()

[2024-05-07T23:41:18.381+0000] {standard_task_runner.py:63} INFO - Started process 2910 to run task
[2024-05-07T23:41:18.382+0000] {standard_task_runner.py:90} INFO - Running: ['***', 'tasks', 'run', '5.1_orquestacion', 'tarea4', 'scheduled__2024-03-08T00:00:00+00:00', '--job-id', '91', '--raw', '--subdir', 'DAGS_FOLDER/051_orquestacion.py', '--cfg-path', '/tmp/tmp8qrww8lb']
[2024-05-07T23:41:18.393+0000] {standard_task_runner.py:91} INFO - Job 91: Subtask tarea4
[2024-05-07T23:41:18.484+0000] {task_command.py:426} INFO - Running <TaskInstance: 5.1_orquestacion.tarea4 scheduled__2024-03-08T00:00:00+00:00 [running]> on host 521bf890d837
[2024-05-07T23:41:18.599+0000] {taskinstance.py:2648} INFO - Exporting env vars: AIRFLOW_CTX_DAG_OWNER='***' AIRFLOW_CTX_DAG_ID='5.1_orquestacion' AIRFLOW_CTX_TASK_ID='tarea4' AIRFLOW_CTX_EXECUTION_DATE='2024-03-08T00:00:00+00:00' AIRFLOW_CTX_TRY_NUMBER='1' AIRFLOW_CTX_DAG_RUN_ID='scheduled__2024-03-08T00:00:00+00:00'
[2024-05-07T23:41:18.600+0000] {taskinstance.py:430} INFO - ::endgroup::
[2024-05-07T23:41:18.613+0000] {subprocess.py:63} INFO - Tmp dir root location: /tmp
[2024-05-07T23:41:18.614+0000] {subprocess.py:75} INFO - Running command: ['/usr/bin/bash', '-c', "sleep 2 && echo 'Tarea 4'"]
[2024-05-07T23:41:18.623+0000] {subprocess.py:86} INFO - Output:
[2024-05-07T23:41:20.629+0000] {subprocess.py:93} INFO - Tarea 4
[2024-05-07T23:41:20.634+0000] {subprocess.py:97} INFO - Command exited with return code 0
[2024-05-07T23:41:20.640+0000] {taskinstance.py:441} INFO - ::group::Post task execution logs
[2024-05-07T23:41:20.817+0000] {taskinstance.py:1206} INFO - Marking task as SUCCESS. dag_id=5.1_orquestacion, task_id=tarea4, run_id=scheduled__2024-03-08T00:00:00+00:00, execution_date=20240308T000000, start_date=20240507T234118, end_date=20240507T234120
[2024-05-07T23:41:20.979+0000] {local_task_job_runner.py:240} INFO - Task exited with return code 0
[2024-05-07T23:41:21.006+0000] {taskinstance.py:3498} INFO - 0 downstream tasks scheduled from follow-on schedule check
[2024-05-07T23:41:21.009+0000] {local_task_job_runner.py:222} INFO - ::endgroup::
[2024-05-07T23:46:43.165+0000] {local_task_job_runner.py:120} INFO - ::group::Pre task execution logs
[2024-05-07T23:46:43.196+0000] {taskinstance.py:2076} INFO - Dependencies all met for dep_context=non-requeueable deps ti=<TaskInstance: 5.1_orquestacion.tarea4 scheduled__2024-03-08T00:00:00+00:00 [queued]>
[2024-05-07T23:46:43.224+0000] {taskinstance.py:2076} INFO - Dependencies all met for dep_context=requeueable deps ti=<TaskInstance: 5.1_orquestacion.tarea4 scheduled__2024-03-08T00:00:00+00:00 [queued]>
[2024-05-07T23:46:43.226+0000] {taskinstance.py:2306} INFO - Starting attempt 1 of 1
[2024-05-07T23:46:43.255+0000] {taskinstance.py:2330} INFO - Executing <Task(BashOperator): tarea4> on 2024-03-08 00:00:00+00:00
[2024-05-07T23:46:43.269+0000] {warnings.py:110} WARNING - /home/***/.local/lib/python3.12/site-packages/***/task/task_runner/standard_task_runner.py:61: DeprecationWarning: This process (pid=3481) is multi-threaded, use of fork() may lead to deadlocks in the child.
  pid = os.fork()

[2024-05-07T23:46:43.270+0000] {standard_task_runner.py:90} INFO - Running: ['***', 'tasks', 'run', '5.1_orquestacion', 'tarea4', 'scheduled__2024-03-08T00:00:00+00:00', '--job-id', '215', '--raw', '--subdir', 'DAGS_FOLDER/051_orquestacion.py', '--cfg-path', '/tmp/tmpgv68pm04']
[2024-05-07T23:46:43.271+0000] {standard_task_runner.py:63} INFO - Started process 3484 to run task
[2024-05-07T23:46:43.272+0000] {standard_task_runner.py:91} INFO - Job 215: Subtask tarea4
[2024-05-07T23:46:43.316+0000] {task_command.py:426} INFO - Running <TaskInstance: 5.1_orquestacion.tarea4 scheduled__2024-03-08T00:00:00+00:00 [running]> on host 521bf890d837
[2024-05-07T23:46:43.397+0000] {taskinstance.py:2648} INFO - Exporting env vars: AIRFLOW_CTX_DAG_OWNER='***' AIRFLOW_CTX_DAG_ID='5.1_orquestacion' AIRFLOW_CTX_TASK_ID='tarea4' AIRFLOW_CTX_EXECUTION_DATE='2024-03-08T00:00:00+00:00' AIRFLOW_CTX_TRY_NUMBER='1' AIRFLOW_CTX_DAG_RUN_ID='scheduled__2024-03-08T00:00:00+00:00'
[2024-05-07T23:46:43.401+0000] {taskinstance.py:430} INFO - ::endgroup::
[2024-05-07T23:46:43.413+0000] {subprocess.py:63} INFO - Tmp dir root location: /tmp
[2024-05-07T23:46:43.415+0000] {subprocess.py:75} INFO - Running command: ['/usr/bin/bash', '-c', "sleep 2 && echo 'Tarea 4'"]
[2024-05-07T23:46:43.423+0000] {subprocess.py:86} INFO - Output:
[2024-05-07T23:46:45.425+0000] {subprocess.py:93} INFO - Tarea 4
[2024-05-07T23:46:45.427+0000] {subprocess.py:97} INFO - Command exited with return code 0
[2024-05-07T23:46:45.428+0000] {taskinstance.py:441} INFO - ::group::Post task execution logs
[2024-05-07T23:46:45.500+0000] {taskinstance.py:1206} INFO - Marking task as SUCCESS. dag_id=5.1_orquestacion, task_id=tarea4, run_id=scheduled__2024-03-08T00:00:00+00:00, execution_date=20240308T000000, start_date=20240507T234643, end_date=20240507T234645
[2024-05-07T23:46:45.580+0000] {local_task_job_runner.py:240} INFO - Task exited with return code 0
[2024-05-07T23:46:45.588+0000] {local_task_job_runner.py:222} INFO - ::endgroup::
