[2024-05-07T23:41:29.483+0000] {local_task_job_runner.py:120} INFO - ::group::Pre task execution logs
[2024-05-07T23:41:29.517+0000] {taskinstance.py:2076} INFO - Dependencies all met for dep_context=non-requeueable deps ti=<TaskInstance: 5.1_orquestacion.tarea1 scheduled__2024-03-13T00:00:00+00:00 [queued]>
[2024-05-07T23:41:29.530+0000] {taskinstance.py:2076} INFO - Dependencies all met for dep_context=requeueable deps ti=<TaskInstance: 5.1_orquestacion.tarea1 scheduled__2024-03-13T00:00:00+00:00 [queued]>
[2024-05-07T23:41:29.531+0000] {taskinstance.py:2306} INFO - Starting attempt 1 of 1
[2024-05-07T23:41:29.549+0000] {taskinstance.py:2330} INFO - Executing <Task(BashOperator): tarea1> on 2024-03-13 00:00:00+00:00
[2024-05-07T23:41:29.556+0000] {warnings.py:110} WARNING - /home/***/.local/lib/python3.12/site-packages/***/task/task_runner/standard_task_runner.py:61: DeprecationWarning: This process (pid=2951) is multi-threaded, use of fork() may lead to deadlocks in the child.
  pid = os.fork()

[2024-05-07T23:41:29.558+0000] {standard_task_runner.py:63} INFO - Started process 2956 to run task
[2024-05-07T23:41:29.558+0000] {standard_task_runner.py:90} INFO - Running: ['***', 'tasks', 'run', '5.1_orquestacion', 'tarea1', 'scheduled__2024-03-13T00:00:00+00:00', '--job-id', '101', '--raw', '--subdir', 'DAGS_FOLDER/051_orquestacion.py', '--cfg-path', '/tmp/tmpb48m95vg']
[2024-05-07T23:41:29.560+0000] {standard_task_runner.py:91} INFO - Job 101: Subtask tarea1
[2024-05-07T23:41:29.609+0000] {task_command.py:426} INFO - Running <TaskInstance: 5.1_orquestacion.tarea1 scheduled__2024-03-13T00:00:00+00:00 [running]> on host 521bf890d837
[2024-05-07T23:41:29.702+0000] {taskinstance.py:2648} INFO - Exporting env vars: AIRFLOW_CTX_DAG_OWNER='***' AIRFLOW_CTX_DAG_ID='5.1_orquestacion' AIRFLOW_CTX_TASK_ID='tarea1' AIRFLOW_CTX_EXECUTION_DATE='2024-03-13T00:00:00+00:00' AIRFLOW_CTX_TRY_NUMBER='1' AIRFLOW_CTX_DAG_RUN_ID='scheduled__2024-03-13T00:00:00+00:00'
[2024-05-07T23:41:29.704+0000] {taskinstance.py:430} INFO - ::endgroup::
[2024-05-07T23:41:29.719+0000] {subprocess.py:63} INFO - Tmp dir root location: /tmp
[2024-05-07T23:41:29.721+0000] {subprocess.py:75} INFO - Running command: ['/usr/bin/bash', '-c', "sleep 2 && echo 'Tarea 1'"]
[2024-05-07T23:41:29.729+0000] {subprocess.py:86} INFO - Output:
[2024-05-07T23:41:31.732+0000] {subprocess.py:93} INFO - Tarea 1
[2024-05-07T23:41:31.732+0000] {subprocess.py:97} INFO - Command exited with return code 0
[2024-05-07T23:41:31.733+0000] {taskinstance.py:441} INFO - ::group::Post task execution logs
[2024-05-07T23:41:31.812+0000] {taskinstance.py:1206} INFO - Marking task as SUCCESS. dag_id=5.1_orquestacion, task_id=tarea1, run_id=scheduled__2024-03-13T00:00:00+00:00, execution_date=20240313T000000, start_date=20240507T234129, end_date=20240507T234131
[2024-05-07T23:41:31.946+0000] {local_task_job_runner.py:240} INFO - Task exited with return code 0
[2024-05-07T23:41:32.001+0000] {local_task_job_runner.py:222} INFO - ::endgroup::
[2024-05-07T23:47:33.043+0000] {local_task_job_runner.py:120} INFO - ::group::Pre task execution logs
[2024-05-07T23:47:33.070+0000] {taskinstance.py:2076} INFO - Dependencies all met for dep_context=non-requeueable deps ti=<TaskInstance: 5.1_orquestacion.tarea1 scheduled__2024-03-13T00:00:00+00:00 [queued]>
[2024-05-07T23:47:33.080+0000] {taskinstance.py:2076} INFO - Dependencies all met for dep_context=requeueable deps ti=<TaskInstance: 5.1_orquestacion.tarea1 scheduled__2024-03-13T00:00:00+00:00 [queued]>
[2024-05-07T23:47:33.081+0000] {taskinstance.py:2306} INFO - Starting attempt 1 of 1
[2024-05-07T23:47:33.096+0000] {taskinstance.py:2330} INFO - Executing <Task(BashOperator): tarea1> on 2024-03-13 00:00:00+00:00
[2024-05-07T23:47:33.103+0000] {warnings.py:110} WARNING - /home/***/.local/lib/python3.12/site-packages/***/task/task_runner/standard_task_runner.py:61: DeprecationWarning: This process (pid=3560) is multi-threaded, use of fork() may lead to deadlocks in the child.
  pid = os.fork()

[2024-05-07T23:47:33.104+0000] {standard_task_runner.py:90} INFO - Running: ['***', 'tasks', 'run', '5.1_orquestacion', 'tarea1', 'scheduled__2024-03-13T00:00:00+00:00', '--job-id', '233', '--raw', '--subdir', 'DAGS_FOLDER/051_orquestacion.py', '--cfg-path', '/tmp/tmp6y96ha27']
[2024-05-07T23:47:33.112+0000] {standard_task_runner.py:63} INFO - Started process 3561 to run task
[2024-05-07T23:47:33.114+0000] {standard_task_runner.py:91} INFO - Job 233: Subtask tarea1
[2024-05-07T23:47:33.156+0000] {task_command.py:426} INFO - Running <TaskInstance: 5.1_orquestacion.tarea1 scheduled__2024-03-13T00:00:00+00:00 [running]> on host 521bf890d837
[2024-05-07T23:47:33.253+0000] {taskinstance.py:2648} INFO - Exporting env vars: AIRFLOW_CTX_DAG_OWNER='***' AIRFLOW_CTX_DAG_ID='5.1_orquestacion' AIRFLOW_CTX_TASK_ID='tarea1' AIRFLOW_CTX_EXECUTION_DATE='2024-03-13T00:00:00+00:00' AIRFLOW_CTX_TRY_NUMBER='1' AIRFLOW_CTX_DAG_RUN_ID='scheduled__2024-03-13T00:00:00+00:00'
[2024-05-07T23:47:33.261+0000] {taskinstance.py:430} INFO - ::endgroup::
[2024-05-07T23:47:33.275+0000] {subprocess.py:63} INFO - Tmp dir root location: /tmp
[2024-05-07T23:47:33.282+0000] {subprocess.py:75} INFO - Running command: ['/usr/bin/bash', '-c', "sleep 2 && echo 'Tarea 1'"]
[2024-05-07T23:47:33.290+0000] {subprocess.py:86} INFO - Output:
[2024-05-07T23:47:35.293+0000] {subprocess.py:93} INFO - Tarea 1
[2024-05-07T23:47:35.294+0000] {subprocess.py:97} INFO - Command exited with return code 0
[2024-05-07T23:47:35.299+0000] {taskinstance.py:441} INFO - ::group::Post task execution logs
[2024-05-07T23:47:35.319+0000] {taskinstance.py:1206} INFO - Marking task as SUCCESS. dag_id=5.1_orquestacion, task_id=tarea1, run_id=scheduled__2024-03-13T00:00:00+00:00, execution_date=20240313T000000, start_date=20240507T234733, end_date=20240507T234735
[2024-05-07T23:47:35.341+0000] {local_task_job_runner.py:240} INFO - Task exited with return code 0
[2024-05-07T23:47:35.371+0000] {taskinstance.py:3498} INFO - 1 downstream tasks scheduled from follow-on schedule check
[2024-05-07T23:47:35.377+0000] {local_task_job_runner.py:222} INFO - ::endgroup::
