[2024-05-08T19:52:14.120+0000] {local_task_job_runner.py:120} INFO - ::group::Pre task execution logs
[2024-05-08T19:52:14.138+0000] {taskinstance.py:2076} INFO - Dependencies all met for dep_context=non-requeueable deps ti=<TaskInstance: 7.3_filesensor.end_task scheduled__2022-07-21T00:00:00+00:00 [queued]>
[2024-05-08T19:52:14.146+0000] {taskinstance.py:2076} INFO - Dependencies all met for dep_context=requeueable deps ti=<TaskInstance: 7.3_filesensor.end_task scheduled__2022-07-21T00:00:00+00:00 [queued]>
[2024-05-08T19:52:14.147+0000] {taskinstance.py:2306} INFO - Starting attempt 1 of 1
[2024-05-08T19:52:14.156+0000] {taskinstance.py:2330} INFO - Executing <Task(BashOperator): end_task> on 2022-07-21 00:00:00+00:00
[2024-05-08T19:52:14.161+0000] {warnings.py:110} WARNING - /home/***/.local/lib/python3.12/site-packages/***/task/task_runner/standard_task_runner.py:61: DeprecationWarning: This process (pid=2204) is multi-threaded, use of fork() may lead to deadlocks in the child.
  pid = os.fork()

[2024-05-08T19:52:14.163+0000] {standard_task_runner.py:63} INFO - Started process 2205 to run task
[2024-05-08T19:52:14.163+0000] {standard_task_runner.py:90} INFO - Running: ['***', 'tasks', 'run', '7.3_filesensor', 'end_task', 'scheduled__2022-07-21T00:00:00+00:00', '--job-id', '713', '--raw', '--subdir', 'DAGS_FOLDER/07_FileSensor.py', '--cfg-path', '/tmp/tmp6uir68j9']
[2024-05-08T19:52:14.163+0000] {standard_task_runner.py:91} INFO - Job 713: Subtask end_task
[2024-05-08T19:52:14.195+0000] {task_command.py:426} INFO - Running <TaskInstance: 7.3_filesensor.end_task scheduled__2022-07-21T00:00:00+00:00 [running]> on host ccc314eb571d
[2024-05-08T19:52:14.260+0000] {taskinstance.py:2648} INFO - Exporting env vars: AIRFLOW_CTX_DAG_OWNER='***' AIRFLOW_CTX_DAG_ID='7.3_filesensor' AIRFLOW_CTX_TASK_ID='end_task' AIRFLOW_CTX_EXECUTION_DATE='2022-07-21T00:00:00+00:00' AIRFLOW_CTX_TRY_NUMBER='1' AIRFLOW_CTX_DAG_RUN_ID='scheduled__2022-07-21T00:00:00+00:00'
[2024-05-08T19:52:14.261+0000] {taskinstance.py:430} INFO - ::endgroup::
[2024-05-08T19:52:14.271+0000] {subprocess.py:63} INFO - Tmp dir root location: /tmp
[2024-05-08T19:52:14.271+0000] {subprocess.py:75} INFO - Running command: ['/usr/bin/bash', '-c', "echo 'El fichero ha llegado'"]
[2024-05-08T19:52:14.278+0000] {subprocess.py:86} INFO - Output:
[2024-05-08T19:52:14.279+0000] {subprocess.py:93} INFO - El fichero ha llegado
[2024-05-08T19:52:14.280+0000] {subprocess.py:97} INFO - Command exited with return code 0
[2024-05-08T19:52:14.280+0000] {taskinstance.py:441} INFO - ::group::Post task execution logs
[2024-05-08T19:52:14.296+0000] {taskinstance.py:1206} INFO - Marking task as SUCCESS. dag_id=7.3_filesensor, task_id=end_task, run_id=scheduled__2022-07-21T00:00:00+00:00, execution_date=20220721T000000, start_date=20240508T195214, end_date=20240508T195214
[2024-05-08T19:52:14.336+0000] {local_task_job_runner.py:240} INFO - Task exited with return code 0
[2024-05-08T19:52:14.347+0000] {taskinstance.py:3498} INFO - 0 downstream tasks scheduled from follow-on schedule check
[2024-05-08T19:52:14.349+0000] {local_task_job_runner.py:222} INFO - ::endgroup::
