[2024-05-10T06:19:48.651+0000] {local_task_job_runner.py:120} INFO - ::group::Pre task execution logs
[2024-05-10T06:19:48.798+0000] {taskinstance.py:2076} INFO - Dependencies all met for dep_context=non-requeueable deps ti=<TaskInstance: Proyecto_SpaceX_v1.Lectura_Datos_NASA scheduled__2024-03-17T00:00:00+00:00 [queued]>
[2024-05-10T06:19:48.807+0000] {taskinstance.py:2076} INFO - Dependencies all met for dep_context=requeueable deps ti=<TaskInstance: Proyecto_SpaceX_v1.Lectura_Datos_NASA scheduled__2024-03-17T00:00:00+00:00 [queued]>
[2024-05-10T06:19:48.811+0000] {taskinstance.py:2306} INFO - Starting attempt 1 of 1
[2024-05-10T06:19:48.829+0000] {taskinstance.py:2330} INFO - Executing <Task(BashOperator): Lectura_Datos_NASA> on 2024-03-17 00:00:00+00:00
[2024-05-10T06:19:48.837+0000] {warnings.py:110} WARNING - /home/***/.local/lib/python3.12/site-packages/***/task/task_runner/standard_task_runner.py:61: DeprecationWarning: This process (pid=1825) is multi-threaded, use of fork() may lead to deadlocks in the child.
  pid = os.fork()

[2024-05-10T06:19:48.838+0000] {standard_task_runner.py:90} INFO - Running: ['***', 'tasks', 'run', 'Proyecto_SpaceX_v1', 'Lectura_Datos_NASA', 'scheduled__2024-03-17T00:00:00+00:00', '--job-id', '1240', '--raw', '--subdir', 'DAGS_FOLDER/Proyecto_SpaceX_v1.py', '--cfg-path', '/tmp/tmpaeyjym7g']
[2024-05-10T06:19:48.843+0000] {standard_task_runner.py:63} INFO - Started process 1827 to run task
[2024-05-10T06:19:48.843+0000] {standard_task_runner.py:91} INFO - Job 1240: Subtask Lectura_Datos_NASA
[2024-05-10T06:19:48.914+0000] {task_command.py:426} INFO - Running <TaskInstance: Proyecto_SpaceX_v1.Lectura_Datos_NASA scheduled__2024-03-17T00:00:00+00:00 [running]> on host 1b7f0b10dd99
[2024-05-10T06:19:48.992+0000] {taskinstance.py:2648} INFO - Exporting env vars: AIRFLOW_CTX_DAG_OWNER='***' AIRFLOW_CTX_DAG_ID='Proyecto_SpaceX_v1' AIRFLOW_CTX_TASK_ID='Lectura_Datos_NASA' AIRFLOW_CTX_EXECUTION_DATE='2024-03-17T00:00:00+00:00' AIRFLOW_CTX_TRY_NUMBER='1' AIRFLOW_CTX_DAG_RUN_ID='scheduled__2024-03-17T00:00:00+00:00'
[2024-05-10T06:19:49.001+0000] {taskinstance.py:430} INFO - ::endgroup::
[2024-05-10T06:19:49.012+0000] {subprocess.py:63} INFO - Tmp dir root location: /tmp
[2024-05-10T06:19:49.035+0000] {subprocess.py:75} INFO - Running command: ['/usr/bin/bash', '-c', 'ls /tmp && head /tmp/response_20240317.txt']
[2024-05-10T06:19:49.061+0000] {subprocess.py:86} INFO - Output:
[2024-05-10T06:19:49.064+0000] {subprocess.py:93} INFO - ***tmpei4fxsbb
[2024-05-10T06:19:49.084+0000] {subprocess.py:93} INFO - history.json
[2024-05-10T06:19:49.093+0000] {subprocess.py:93} INFO - platzi_data_20231125.csv
[2024-05-10T06:19:49.095+0000] {subprocess.py:93} INFO - platzi_data_20231126.csv
[2024-05-10T06:19:49.096+0000] {subprocess.py:93} INFO - platzi_data_20231127.csv
[2024-05-10T06:19:49.097+0000] {subprocess.py:93} INFO - platzi_data_20240101.csv
[2024-05-10T06:19:49.099+0000] {subprocess.py:93} INFO - platzi_data_20240201.csv
[2024-05-10T06:19:49.100+0000] {subprocess.py:93} INFO - platzi_data_20240301.csv
[2024-05-10T06:19:49.101+0000] {subprocess.py:93} INFO - platzi_data_20240302.csv
[2024-05-10T06:19:49.103+0000] {subprocess.py:93} INFO - platzi_data_20240303.csv
[2024-05-10T06:19:49.104+0000] {subprocess.py:93} INFO - platzi_data_20240304.csv
[2024-05-10T06:19:49.105+0000] {subprocess.py:93} INFO - platzi_data_20240305.csv
[2024-05-10T06:19:49.106+0000] {subprocess.py:93} INFO - platzi_data_20240306.csv
[2024-05-10T06:19:49.108+0000] {subprocess.py:93} INFO - platzi_data_20240307.csv
[2024-05-10T06:19:49.109+0000] {subprocess.py:93} INFO - platzi_data_20240308.csv
[2024-05-10T06:19:49.111+0000] {subprocess.py:93} INFO - platzi_data_20240309.csv
[2024-05-10T06:19:49.116+0000] {subprocess.py:93} INFO - platzi_data_20240310.csv
[2024-05-10T06:19:49.117+0000] {subprocess.py:93} INFO - platzi_data_20240311.csv
[2024-05-10T06:19:49.118+0000] {subprocess.py:93} INFO - platzi_data_20240312.csv
[2024-05-10T06:19:49.120+0000] {subprocess.py:93} INFO - platzi_data_20240313.csv
[2024-05-10T06:19:49.121+0000] {subprocess.py:93} INFO - platzi_data_20240314.csv
[2024-05-10T06:19:49.123+0000] {subprocess.py:93} INFO - platzi_data_20240316.csv
[2024-05-10T06:19:49.124+0000] {subprocess.py:93} INFO - pymp-uyxtzsi7
[2024-05-10T06:19:49.125+0000] {subprocess.py:93} INFO - response_20231125.txt
[2024-05-10T06:19:49.133+0000] {subprocess.py:93} INFO - response_20231126.txt
[2024-05-10T06:19:49.136+0000] {subprocess.py:93} INFO - response_20231127.txt
[2024-05-10T06:19:49.137+0000] {subprocess.py:93} INFO - response_20240101.txt
[2024-05-10T06:19:49.138+0000] {subprocess.py:93} INFO - response_20240201.txt
[2024-05-10T06:19:49.139+0000] {subprocess.py:93} INFO - response_20240301.txt
[2024-05-10T06:19:49.141+0000] {subprocess.py:93} INFO - response_20240302.txt
[2024-05-10T06:19:49.142+0000] {subprocess.py:93} INFO - response_20240303.txt
[2024-05-10T06:19:49.143+0000] {subprocess.py:93} INFO - response_20240304.txt
[2024-05-10T06:19:49.144+0000] {subprocess.py:93} INFO - response_20240305.txt
[2024-05-10T06:19:49.145+0000] {subprocess.py:93} INFO - response_20240306.txt
[2024-05-10T06:19:49.146+0000] {subprocess.py:93} INFO - response_20240307.txt
[2024-05-10T06:19:49.147+0000] {subprocess.py:93} INFO - response_20240308.txt
[2024-05-10T06:19:49.148+0000] {subprocess.py:93} INFO - response_20240309.txt
[2024-05-10T06:19:49.149+0000] {subprocess.py:93} INFO - response_20240310.txt
[2024-05-10T06:19:49.151+0000] {subprocess.py:93} INFO - response_20240311.txt
[2024-05-10T06:19:49.152+0000] {subprocess.py:93} INFO - response_20240312.txt
[2024-05-10T06:19:49.153+0000] {subprocess.py:93} INFO - response_20240313.txt
[2024-05-10T06:19:49.154+0000] {subprocess.py:93} INFO - response_20240314.txt
[2024-05-10T06:19:49.155+0000] {subprocess.py:93} INFO - response_20240315.txt
[2024-05-10T06:19:49.157+0000] {subprocess.py:93} INFO - response_20240316.txt
[2024-05-10T06:19:49.162+0000] {subprocess.py:93} INFO - response_20240317.txt
[2024-05-10T06:19:49.163+0000] {subprocess.py:93} INFO - Confirmación, puede proceder
[2024-05-10T06:19:49.164+0000] {subprocess.py:97} INFO - Command exited with return code 0
[2024-05-10T06:19:49.166+0000] {taskinstance.py:441} INFO - ::group::Post task execution logs
[2024-05-10T06:19:49.207+0000] {taskinstance.py:1206} INFO - Marking task as SUCCESS. dag_id=Proyecto_SpaceX_v1, task_id=Lectura_Datos_NASA, run_id=scheduled__2024-03-17T00:00:00+00:00, execution_date=20240317T000000, start_date=20240510T061948, end_date=20240510T061949
[2024-05-10T06:19:49.259+0000] {local_task_job_runner.py:240} INFO - Task exited with return code 0
[2024-05-10T06:19:49.286+0000] {taskinstance.py:3498} INFO - 1 downstream tasks scheduled from follow-on schedule check
[2024-05-10T06:19:49.290+0000] {local_task_job_runner.py:222} INFO - ::endgroup::
