[2024-05-08T18:51:48.404+0000] {local_task_job_runner.py:120} INFO - ::group::Pre task execution logs
[2024-05-08T18:51:48.429+0000] {taskinstance.py:2076} INFO - Dependencies all met for dep_context=non-requeueable deps ti=<TaskInstance: 7.1_externalTaskSensor.tarea1 scheduled__2024-01-05T00:00:00+00:00 [queued]>
[2024-05-08T18:51:48.438+0000] {taskinstance.py:2076} INFO - Dependencies all met for dep_context=requeueable deps ti=<TaskInstance: 7.1_externalTaskSensor.tarea1 scheduled__2024-01-05T00:00:00+00:00 [queued]>
[2024-05-08T18:51:48.439+0000] {taskinstance.py:2306} INFO - Starting attempt 1 of 1
[2024-05-08T18:51:48.454+0000] {taskinstance.py:2330} INFO - Executing <Task(BashOperator): tarea1> on 2024-01-05 00:00:00+00:00
[2024-05-08T18:51:48.459+0000] {warnings.py:110} WARNING - /home/***/.local/lib/python3.12/site-packages/***/task/task_runner/standard_task_runner.py:61: DeprecationWarning: This process (pid=663) is multi-threaded, use of fork() may lead to deadlocks in the child.
  pid = os.fork()

[2024-05-08T18:51:48.460+0000] {standard_task_runner.py:90} INFO - Running: ['***', 'tasks', 'run', '7.1_externalTaskSensor', 'tarea1', 'scheduled__2024-01-05T00:00:00+00:00', '--job-id', '494', '--raw', '--subdir', 'DAGS_FOLDER/071_ExternalTaskSensor.py', '--cfg-path', '/tmp/tmpn3cuiajh']
[2024-05-08T18:51:48.461+0000] {standard_task_runner.py:91} INFO - Job 494: Subtask tarea1
[2024-05-08T18:51:48.461+0000] {standard_task_runner.py:63} INFO - Started process 664 to run task
[2024-05-08T18:51:48.502+0000] {task_command.py:426} INFO - Running <TaskInstance: 7.1_externalTaskSensor.tarea1 scheduled__2024-01-05T00:00:00+00:00 [running]> on host ccc314eb571d
[2024-05-08T18:51:48.576+0000] {taskinstance.py:2648} INFO - Exporting env vars: AIRFLOW_CTX_DAG_OWNER='***' AIRFLOW_CTX_DAG_ID='7.1_externalTaskSensor' AIRFLOW_CTX_TASK_ID='tarea1' AIRFLOW_CTX_EXECUTION_DATE='2024-01-05T00:00:00+00:00' AIRFLOW_CTX_TRY_NUMBER='1' AIRFLOW_CTX_DAG_RUN_ID='scheduled__2024-01-05T00:00:00+00:00'
[2024-05-08T18:51:48.577+0000] {taskinstance.py:430} INFO - ::endgroup::
[2024-05-08T18:51:48.587+0000] {subprocess.py:63} INFO - Tmp dir root location: /tmp
[2024-05-08T18:51:48.588+0000] {subprocess.py:75} INFO - Running command: ['/usr/bin/bash', '-c', "sleep 10 && echo 'DAG finalizado!'"]
[2024-05-08T18:51:48.595+0000] {subprocess.py:86} INFO - Output:
[2024-05-08T18:51:58.598+0000] {subprocess.py:93} INFO - DAG finalizado!
[2024-05-08T18:51:58.599+0000] {subprocess.py:97} INFO - Command exited with return code 0
[2024-05-08T18:51:58.600+0000] {taskinstance.py:441} INFO - ::group::Post task execution logs
[2024-05-08T18:51:58.632+0000] {taskinstance.py:1206} INFO - Marking task as SUCCESS. dag_id=7.1_externalTaskSensor, task_id=tarea1, run_id=scheduled__2024-01-05T00:00:00+00:00, execution_date=20240105T000000, start_date=20240508T185148, end_date=20240508T185158
[2024-05-08T18:51:58.680+0000] {local_task_job_runner.py:240} INFO - Task exited with return code 0
[2024-05-08T18:51:58.693+0000] {taskinstance.py:3498} INFO - 0 downstream tasks scheduled from follow-on schedule check
[2024-05-08T18:51:58.696+0000] {local_task_job_runner.py:222} INFO - ::endgroup::
