[2024-05-07T23:41:54.532+0000] {local_task_job_runner.py:120} INFO - ::group::Pre task execution logs
[2024-05-07T23:41:54.559+0000] {taskinstance.py:2076} INFO - Dependencies all met for dep_context=non-requeueable deps ti=<TaskInstance: 5.1_orquestacion.tarea3 scheduled__2024-03-18T00:00:00+00:00 [queued]>
[2024-05-07T23:41:54.587+0000] {taskinstance.py:2076} INFO - Dependencies all met for dep_context=requeueable deps ti=<TaskInstance: 5.1_orquestacion.tarea3 scheduled__2024-03-18T00:00:00+00:00 [queued]>
[2024-05-07T23:41:54.589+0000] {taskinstance.py:2306} INFO - Starting attempt 1 of 1
[2024-05-07T23:41:54.604+0000] {taskinstance.py:2330} INFO - Executing <Task(BashOperator): tarea3> on 2024-03-18 00:00:00+00:00
[2024-05-07T23:41:54.610+0000] {warnings.py:110} WARNING - /home/***/.local/lib/python3.12/site-packages/***/task/task_runner/standard_task_runner.py:61: DeprecationWarning: This process (pid=3071) is multi-threaded, use of fork() may lead to deadlocks in the child.
  pid = os.fork()

[2024-05-07T23:41:54.612+0000] {standard_task_runner.py:63} INFO - Started process 3074 to run task
[2024-05-07T23:41:54.612+0000] {standard_task_runner.py:90} INFO - Running: ['***', 'tasks', 'run', '5.1_orquestacion', 'tarea3', 'scheduled__2024-03-18T00:00:00+00:00', '--job-id', '129', '--raw', '--subdir', 'DAGS_FOLDER/051_orquestacion.py', '--cfg-path', '/tmp/tmpzihdij7_']
[2024-05-07T23:41:54.613+0000] {standard_task_runner.py:91} INFO - Job 129: Subtask tarea3
[2024-05-07T23:41:54.674+0000] {task_command.py:426} INFO - Running <TaskInstance: 5.1_orquestacion.tarea3 scheduled__2024-03-18T00:00:00+00:00 [running]> on host 521bf890d837
[2024-05-07T23:41:54.765+0000] {taskinstance.py:2648} INFO - Exporting env vars: AIRFLOW_CTX_DAG_OWNER='***' AIRFLOW_CTX_DAG_ID='5.1_orquestacion' AIRFLOW_CTX_TASK_ID='tarea3' AIRFLOW_CTX_EXECUTION_DATE='2024-03-18T00:00:00+00:00' AIRFLOW_CTX_TRY_NUMBER='1' AIRFLOW_CTX_DAG_RUN_ID='scheduled__2024-03-18T00:00:00+00:00'
[2024-05-07T23:41:54.766+0000] {taskinstance.py:430} INFO - ::endgroup::
[2024-05-07T23:41:54.778+0000] {subprocess.py:63} INFO - Tmp dir root location: /tmp
[2024-05-07T23:41:54.779+0000] {subprocess.py:75} INFO - Running command: ['/usr/bin/bash', '-c', "sleep 2 && echo 'Tarea 3'"]
[2024-05-07T23:41:54.789+0000] {subprocess.py:86} INFO - Output:
[2024-05-07T23:41:56.791+0000] {subprocess.py:93} INFO - Tarea 3
[2024-05-07T23:41:56.792+0000] {subprocess.py:97} INFO - Command exited with return code 0
[2024-05-07T23:41:56.793+0000] {taskinstance.py:441} INFO - ::group::Post task execution logs
[2024-05-07T23:41:56.843+0000] {taskinstance.py:1206} INFO - Marking task as SUCCESS. dag_id=5.1_orquestacion, task_id=tarea3, run_id=scheduled__2024-03-18T00:00:00+00:00, execution_date=20240318T000000, start_date=20240507T234154, end_date=20240507T234156
[2024-05-07T23:41:56.959+0000] {local_task_job_runner.py:240} INFO - Task exited with return code 0
[2024-05-07T23:41:57.041+0000] {taskinstance.py:3498} INFO - 0 downstream tasks scheduled from follow-on schedule check
[2024-05-07T23:41:57.051+0000] {local_task_job_runner.py:222} INFO - ::endgroup::
[2024-05-07T23:48:40.055+0000] {local_task_job_runner.py:120} INFO - ::group::Pre task execution logs
[2024-05-07T23:48:40.082+0000] {taskinstance.py:2076} INFO - Dependencies all met for dep_context=non-requeueable deps ti=<TaskInstance: 5.1_orquestacion.tarea3 scheduled__2024-03-18T00:00:00+00:00 [queued]>
[2024-05-07T23:48:40.101+0000] {taskinstance.py:2076} INFO - Dependencies all met for dep_context=requeueable deps ti=<TaskInstance: 5.1_orquestacion.tarea3 scheduled__2024-03-18T00:00:00+00:00 [queued]>
[2024-05-07T23:48:40.106+0000] {taskinstance.py:2306} INFO - Starting attempt 1 of 1
[2024-05-07T23:48:40.147+0000] {taskinstance.py:2330} INFO - Executing <Task(BashOperator): tarea3> on 2024-03-18 00:00:00+00:00
[2024-05-07T23:48:40.157+0000] {warnings.py:110} WARNING - /home/***/.local/lib/python3.12/site-packages/***/task/task_runner/standard_task_runner.py:61: DeprecationWarning: This process (pid=3663) is multi-threaded, use of fork() may lead to deadlocks in the child.
  pid = os.fork()

[2024-05-07T23:48:40.159+0000] {standard_task_runner.py:63} INFO - Started process 3665 to run task
[2024-05-07T23:48:40.159+0000] {standard_task_runner.py:90} INFO - Running: ['***', 'tasks', 'run', '5.1_orquestacion', 'tarea3', 'scheduled__2024-03-18T00:00:00+00:00', '--job-id', '255', '--raw', '--subdir', 'DAGS_FOLDER/051_orquestacion.py', '--cfg-path', '/tmp/tmppqrayxyi']
[2024-05-07T23:48:40.160+0000] {standard_task_runner.py:91} INFO - Job 255: Subtask tarea3
[2024-05-07T23:48:40.247+0000] {task_command.py:426} INFO - Running <TaskInstance: 5.1_orquestacion.tarea3 scheduled__2024-03-18T00:00:00+00:00 [running]> on host 521bf890d837
[2024-05-07T23:48:40.336+0000] {taskinstance.py:2648} INFO - Exporting env vars: AIRFLOW_CTX_DAG_OWNER='***' AIRFLOW_CTX_DAG_ID='5.1_orquestacion' AIRFLOW_CTX_TASK_ID='tarea3' AIRFLOW_CTX_EXECUTION_DATE='2024-03-18T00:00:00+00:00' AIRFLOW_CTX_TRY_NUMBER='1' AIRFLOW_CTX_DAG_RUN_ID='scheduled__2024-03-18T00:00:00+00:00'
[2024-05-07T23:48:40.337+0000] {taskinstance.py:430} INFO - ::endgroup::
[2024-05-07T23:48:40.351+0000] {subprocess.py:63} INFO - Tmp dir root location: /tmp
[2024-05-07T23:48:40.356+0000] {subprocess.py:75} INFO - Running command: ['/usr/bin/bash', '-c', "sleep 2 && echo 'Tarea 3'"]
[2024-05-07T23:48:40.382+0000] {subprocess.py:86} INFO - Output:
[2024-05-07T23:48:42.385+0000] {subprocess.py:93} INFO - Tarea 3
[2024-05-07T23:48:42.387+0000] {subprocess.py:97} INFO - Command exited with return code 0
[2024-05-07T23:48:42.388+0000] {taskinstance.py:441} INFO - ::group::Post task execution logs
[2024-05-07T23:48:42.412+0000] {taskinstance.py:1206} INFO - Marking task as SUCCESS. dag_id=5.1_orquestacion, task_id=tarea3, run_id=scheduled__2024-03-18T00:00:00+00:00, execution_date=20240318T000000, start_date=20240507T234840, end_date=20240507T234842
[2024-05-07T23:48:42.468+0000] {local_task_job_runner.py:240} INFO - Task exited with return code 0
[2024-05-07T23:48:42.482+0000] {taskinstance.py:3498} INFO - 0 downstream tasks scheduled from follow-on schedule check
[2024-05-07T23:48:42.492+0000] {local_task_job_runner.py:222} INFO - ::endgroup::
