[2024-05-08T00:28:29.136+0000] {local_task_job_runner.py:120} INFO - ::group::Pre task execution logs
[2024-05-08T00:28:29.155+0000] {taskinstance.py:2076} INFO - Dependencies all met for dep_context=non-requeueable deps ti=<TaskInstance: 6.1_monitoring.tarea2 scheduled__2024-02-01T00:00:00+00:00 [queued]>
[2024-05-08T00:28:29.163+0000] {taskinstance.py:2076} INFO - Dependencies all met for dep_context=requeueable deps ti=<TaskInstance: 6.1_monitoring.tarea2 scheduled__2024-02-01T00:00:00+00:00 [queued]>
[2024-05-08T00:28:29.164+0000] {taskinstance.py:2306} INFO - Starting attempt 2 of 2
[2024-05-08T00:28:29.178+0000] {taskinstance.py:2330} INFO - Executing <Task(BashOperator): tarea2> on 2024-02-01 00:00:00+00:00
[2024-05-08T00:28:29.184+0000] {warnings.py:110} WARNING - /home/***/.local/lib/python3.12/site-packages/***/task/task_runner/standard_task_runner.py:61: DeprecationWarning: This process (pid=4815) is multi-threaded, use of fork() may lead to deadlocks in the child.
  pid = os.fork()

[2024-05-08T00:28:29.185+0000] {standard_task_runner.py:63} INFO - Started process 4838 to run task
[2024-05-08T00:28:29.185+0000] {standard_task_runner.py:90} INFO - Running: ['***', 'tasks', 'run', '6.1_monitoring', 'tarea2', 'scheduled__2024-02-01T00:00:00+00:00', '--job-id', '433', '--raw', '--subdir', 'DAGS_FOLDER/061_monitoring.py', '--cfg-path', '/tmp/tmp7gu_fp2s']
[2024-05-08T00:28:29.186+0000] {standard_task_runner.py:91} INFO - Job 433: Subtask tarea2
[2024-05-08T00:28:29.229+0000] {task_command.py:426} INFO - Running <TaskInstance: 6.1_monitoring.tarea2 scheduled__2024-02-01T00:00:00+00:00 [running]> on host 521bf890d837
[2024-05-08T00:28:29.314+0000] {taskinstance.py:2648} INFO - Exporting env vars: AIRFLOW_CTX_DAG_OWNER='***' AIRFLOW_CTX_DAG_ID='6.1_monitoring' AIRFLOW_CTX_TASK_ID='tarea2' AIRFLOW_CTX_EXECUTION_DATE='2024-02-01T00:00:00+00:00' AIRFLOW_CTX_TRY_NUMBER='2' AIRFLOW_CTX_DAG_RUN_ID='scheduled__2024-02-01T00:00:00+00:00'
[2024-05-08T00:28:29.315+0000] {taskinstance.py:430} INFO - ::endgroup::
[2024-05-08T00:28:29.327+0000] {subprocess.py:63} INFO - Tmp dir root location: /tmp
[2024-05-08T00:28:29.329+0000] {subprocess.py:75} INFO - Running command: ['/usr/bin/bash', '-c', "sleep 2 && echo 'Segunda tarea!'"]
[2024-05-08T00:28:29.338+0000] {subprocess.py:86} INFO - Output:
[2024-05-08T00:28:31.341+0000] {subprocess.py:93} INFO - Segunda tarea!
[2024-05-08T00:28:31.345+0000] {subprocess.py:97} INFO - Command exited with return code 0
[2024-05-08T00:28:31.349+0000] {taskinstance.py:441} INFO - ::group::Post task execution logs
[2024-05-08T00:28:31.372+0000] {taskinstance.py:1206} INFO - Marking task as SUCCESS. dag_id=6.1_monitoring, task_id=tarea2, run_id=scheduled__2024-02-01T00:00:00+00:00, execution_date=20240201T000000, start_date=20240508T002829, end_date=20240508T002831
[2024-05-08T00:28:31.488+0000] {local_task_job_runner.py:240} INFO - Task exited with return code 0
[2024-05-08T00:28:31.515+0000] {taskinstance.py:3498} INFO - 1 downstream tasks scheduled from follow-on schedule check
[2024-05-08T00:28:31.520+0000] {local_task_job_runner.py:222} INFO - ::endgroup::
