[2024-05-09T18:53:32.322+0000] {local_task_job_runner.py:120} INFO - ::group::Pre task execution logs
[2024-05-09T18:53:32.349+0000] {taskinstance.py:2076} INFO - Dependencies all met for dep_context=non-requeueable deps ti=<TaskInstance: Proyecto_SpaceX.Notificar_Equipo scheduled__2024-01-01T00:00:00+00:00 [queued]>
[2024-05-09T18:53:32.500+0000] {taskinstance.py:2076} INFO - Dependencies all met for dep_context=requeueable deps ti=<TaskInstance: Proyecto_SpaceX.Notificar_Equipo scheduled__2024-01-01T00:00:00+00:00 [queued]>
[2024-05-09T18:53:32.501+0000] {taskinstance.py:2306} INFO - Starting attempt 1 of 1
[2024-05-09T18:53:32.512+0000] {taskinstance.py:2330} INFO - Executing <Task(EmailOperator): Notificar_Equipo> on 2024-01-01 00:00:00+00:00
[2024-05-09T18:53:32.518+0000] {warnings.py:110} WARNING - /home/***/.local/lib/python3.12/site-packages/***/task/task_runner/standard_task_runner.py:61: DeprecationWarning: This process (pid=138) is multi-threaded, use of fork() may lead to deadlocks in the child.
  pid = os.fork()

[2024-05-09T18:53:32.520+0000] {standard_task_runner.py:63} INFO - Started process 140 to run task
[2024-05-09T18:53:32.519+0000] {standard_task_runner.py:90} INFO - Running: ['***', 'tasks', 'run', 'Proyecto_SpaceX', 'Notificar_Equipo', 'scheduled__2024-01-01T00:00:00+00:00', '--job-id', '923', '--raw', '--subdir', 'DAGS_FOLDER/Proyecto_SpaceX.py', '--cfg-path', '/tmp/tmpbn315dbc']
[2024-05-09T18:53:32.521+0000] {standard_task_runner.py:91} INFO - Job 923: Subtask Notificar_Equipo
[2024-05-09T18:53:32.565+0000] {task_command.py:426} INFO - Running <TaskInstance: Proyecto_SpaceX.Notificar_Equipo scheduled__2024-01-01T00:00:00+00:00 [running]> on host 7a81a983afb0
[2024-05-09T18:53:32.649+0000] {taskinstance.py:2648} INFO - Exporting env vars: AIRFLOW_CTX_DAG_OWNER='***' AIRFLOW_CTX_DAG_ID='Proyecto_SpaceX' AIRFLOW_CTX_TASK_ID='Notificar_Equipo' AIRFLOW_CTX_EXECUTION_DATE='2024-01-01T00:00:00+00:00' AIRFLOW_CTX_TRY_NUMBER='1' AIRFLOW_CTX_DAG_RUN_ID='scheduled__2024-01-01T00:00:00+00:00'
[2024-05-09T18:53:32.651+0000] {taskinstance.py:430} INFO - ::endgroup::
[2024-05-09T18:53:32.691+0000] {warnings.py:110} WARNING - /home/***/.local/lib/python3.12/site-packages/***/utils/email.py:154: RemovedInAirflow3Warning: Fetching SMTP credentials from configuration variables will be deprecated in a future release. Please set credentials using a connection instead.
  send_mime_email(e_from=mail_from, e_to=recipients, mime_msg=msg, conn_id=conn_id, dryrun=dryrun)

[2024-05-09T18:53:32.697+0000] {configuration.py:1050} WARNING - section/key [smtp/smtp_user] not found in config
[2024-05-09T18:53:32.697+0000] {email.py:271} INFO - Email alerting: attempt 1
[2024-05-09T18:53:32.700+0000] {taskinstance.py:441} INFO - ::group::Post task execution logs
[2024-05-09T18:53:32.703+0000] {taskinstance.py:2905} ERROR - Task failed with exception
Traceback (most recent call last):
  File "/home/airflow/.local/lib/python3.12/site-packages/airflow/models/taskinstance.py", line 465, in _execute_task
    result = _execute_callable(context=context, **execute_callable_kwargs)
             ^^^^^^^^^^^^^^^^^^^^^^^^^^^^^^^^^^^^^^^^^^^^^^^^^^^^^^^^^^^^^
  File "/home/airflow/.local/lib/python3.12/site-packages/airflow/models/taskinstance.py", line 432, in _execute_callable
    return execute_callable(context=context, **execute_callable_kwargs)
           ^^^^^^^^^^^^^^^^^^^^^^^^^^^^^^^^^^^^^^^^^^^^^^^^^^^^^^^^^^^^
  File "/home/airflow/.local/lib/python3.12/site-packages/airflow/models/baseoperator.py", line 400, in wrapper
    return func(self, *args, **kwargs)
           ^^^^^^^^^^^^^^^^^^^^^^^^^^^
  File "/home/airflow/.local/lib/python3.12/site-packages/airflow/operators/email.py", line 79, in execute
    send_email(
  File "/home/airflow/.local/lib/python3.12/site-packages/airflow/utils/email.py", line 80, in send_email
    return backend(
           ^^^^^^^^
  File "/home/airflow/.local/lib/python3.12/site-packages/airflow/utils/email.py", line 154, in send_email_smtp
    send_mime_email(e_from=mail_from, e_to=recipients, mime_msg=msg, conn_id=conn_id, dryrun=dryrun)
  File "/home/airflow/.local/lib/python3.12/site-packages/airflow/utils/email.py", line 273, in send_mime_email
    smtp_conn = _get_smtp_connection(smtp_host, smtp_port, smtp_timeout, smtp_ssl)
                ^^^^^^^^^^^^^^^^^^^^^^^^^^^^^^^^^^^^^^^^^^^^^^^^^^^^^^^^^^^^^^^^^^
  File "/home/airflow/.local/lib/python3.12/site-packages/airflow/utils/email.py", line 317, in _get_smtp_connection
    return smtplib.SMTP(host=host, port=port, timeout=timeout)
           ^^^^^^^^^^^^^^^^^^^^^^^^^^^^^^^^^^^^^^^^^^^^^^^^^^^
  File "/usr/local/lib/python3.12/smtplib.py", line 255, in __init__
    (code, msg) = self.connect(host, port)
                  ^^^^^^^^^^^^^^^^^^^^^^^^
  File "/usr/local/lib/python3.12/smtplib.py", line 341, in connect
    self.sock = self._get_socket(host, port, self.timeout)
                ^^^^^^^^^^^^^^^^^^^^^^^^^^^^^^^^^^^^^^^^^^
  File "/usr/local/lib/python3.12/smtplib.py", line 312, in _get_socket
    return socket.create_connection((host, port), timeout,
           ^^^^^^^^^^^^^^^^^^^^^^^^^^^^^^^^^^^^^^^^^^^^^^^
  File "/usr/local/lib/python3.12/socket.py", line 852, in create_connection
    raise exceptions[0]
  File "/usr/local/lib/python3.12/socket.py", line 837, in create_connection
    sock.connect(sa)
OSError: [Errno 99] Cannot assign requested address
[2024-05-09T18:53:32.731+0000] {taskinstance.py:1206} INFO - Marking task as FAILED. dag_id=Proyecto_SpaceX, task_id=Notificar_Equipo, run_id=scheduled__2024-01-01T00:00:00+00:00, execution_date=20240101T000000, start_date=20240509T185332, end_date=20240509T185332
[2024-05-09T18:53:32.748+0000] {standard_task_runner.py:110} ERROR - Failed to execute job 923 for task Notificar_Equipo ([Errno 99] Cannot assign requested address; 140)
[2024-05-09T18:53:32.774+0000] {local_task_job_runner.py:240} INFO - Task exited with return code 1
[2024-05-09T18:53:32.786+0000] {taskinstance.py:3498} INFO - 0 downstream tasks scheduled from follow-on schedule check
[2024-05-09T18:53:32.789+0000] {local_task_job_runner.py:222} INFO - ::endgroup::
[2024-05-09T19:17:18.890+0000] {local_task_job_runner.py:120} INFO - ::group::Pre task execution logs
[2024-05-09T19:17:18.915+0000] {taskinstance.py:2076} INFO - Dependencies all met for dep_context=non-requeueable deps ti=<TaskInstance: Proyecto_SpaceX.Notificar_Equipo scheduled__2024-01-01T00:00:00+00:00 [queued]>
[2024-05-09T19:17:18.923+0000] {taskinstance.py:2076} INFO - Dependencies all met for dep_context=requeueable deps ti=<TaskInstance: Proyecto_SpaceX.Notificar_Equipo scheduled__2024-01-01T00:00:00+00:00 [queued]>
[2024-05-09T19:17:18.924+0000] {taskinstance.py:2306} INFO - Starting attempt 1 of 1
[2024-05-09T19:17:19.103+0000] {taskinstance.py:2330} INFO - Executing <Task(EmailOperator): Notificar_Equipo> on 2024-01-01 00:00:00+00:00
[2024-05-09T19:17:19.116+0000] {warnings.py:110} WARNING - /home/***/.local/lib/python3.12/site-packages/***/task/task_runner/standard_task_runner.py:61: DeprecationWarning: This process (pid=494) is multi-threaded, use of fork() may lead to deadlocks in the child.
  pid = os.fork()

[2024-05-09T19:17:19.117+0000] {standard_task_runner.py:63} INFO - Started process 496 to run task
[2024-05-09T19:17:19.117+0000] {standard_task_runner.py:90} INFO - Running: ['***', 'tasks', 'run', 'Proyecto_SpaceX', 'Notificar_Equipo', 'scheduled__2024-01-01T00:00:00+00:00', '--job-id', '935', '--raw', '--subdir', 'DAGS_FOLDER/Proyecto_SpaceX.py', '--cfg-path', '/tmp/tmpn999clx0']
[2024-05-09T19:17:19.119+0000] {standard_task_runner.py:91} INFO - Job 935: Subtask Notificar_Equipo
[2024-05-09T19:17:19.227+0000] {task_command.py:426} INFO - Running <TaskInstance: Proyecto_SpaceX.Notificar_Equipo scheduled__2024-01-01T00:00:00+00:00 [running]> on host 7a81a983afb0
[2024-05-09T19:17:19.358+0000] {taskinstance.py:2648} INFO - Exporting env vars: AIRFLOW_CTX_DAG_OWNER='***' AIRFLOW_CTX_DAG_ID='Proyecto_SpaceX' AIRFLOW_CTX_TASK_ID='Notificar_Equipo' AIRFLOW_CTX_EXECUTION_DATE='2024-01-01T00:00:00+00:00' AIRFLOW_CTX_TRY_NUMBER='1' AIRFLOW_CTX_DAG_RUN_ID='scheduled__2024-01-01T00:00:00+00:00'
[2024-05-09T19:17:19.360+0000] {taskinstance.py:430} INFO - ::endgroup::
[2024-05-09T19:17:19.380+0000] {warnings.py:110} WARNING - /home/***/.local/lib/python3.12/site-packages/***/utils/email.py:154: RemovedInAirflow3Warning: Fetching SMTP credentials from configuration variables will be deprecated in a future release. Please set credentials using a connection instead.
  send_mime_email(e_from=mail_from, e_to=recipients, mime_msg=msg, conn_id=conn_id, dryrun=dryrun)

[2024-05-09T19:17:19.381+0000] {configuration.py:1050} WARNING - section/key [smtp/smtp_user] not found in config
[2024-05-09T19:17:19.382+0000] {email.py:271} INFO - Email alerting: attempt 1
[2024-05-09T19:17:19.383+0000] {taskinstance.py:441} INFO - ::group::Post task execution logs
[2024-05-09T19:17:19.384+0000] {taskinstance.py:2905} ERROR - Task failed with exception
Traceback (most recent call last):
  File "/home/airflow/.local/lib/python3.12/site-packages/airflow/models/taskinstance.py", line 465, in _execute_task
    result = _execute_callable(context=context, **execute_callable_kwargs)
             ^^^^^^^^^^^^^^^^^^^^^^^^^^^^^^^^^^^^^^^^^^^^^^^^^^^^^^^^^^^^^
  File "/home/airflow/.local/lib/python3.12/site-packages/airflow/models/taskinstance.py", line 432, in _execute_callable
    return execute_callable(context=context, **execute_callable_kwargs)
           ^^^^^^^^^^^^^^^^^^^^^^^^^^^^^^^^^^^^^^^^^^^^^^^^^^^^^^^^^^^^
  File "/home/airflow/.local/lib/python3.12/site-packages/airflow/models/baseoperator.py", line 400, in wrapper
    return func(self, *args, **kwargs)
           ^^^^^^^^^^^^^^^^^^^^^^^^^^^
  File "/home/airflow/.local/lib/python3.12/site-packages/airflow/operators/email.py", line 79, in execute
    send_email(
  File "/home/airflow/.local/lib/python3.12/site-packages/airflow/utils/email.py", line 80, in send_email
    return backend(
           ^^^^^^^^
  File "/home/airflow/.local/lib/python3.12/site-packages/airflow/utils/email.py", line 154, in send_email_smtp
    send_mime_email(e_from=mail_from, e_to=recipients, mime_msg=msg, conn_id=conn_id, dryrun=dryrun)
  File "/home/airflow/.local/lib/python3.12/site-packages/airflow/utils/email.py", line 273, in send_mime_email
    smtp_conn = _get_smtp_connection(smtp_host, smtp_port, smtp_timeout, smtp_ssl)
                ^^^^^^^^^^^^^^^^^^^^^^^^^^^^^^^^^^^^^^^^^^^^^^^^^^^^^^^^^^^^^^^^^^
  File "/home/airflow/.local/lib/python3.12/site-packages/airflow/utils/email.py", line 317, in _get_smtp_connection
    return smtplib.SMTP(host=host, port=port, timeout=timeout)
           ^^^^^^^^^^^^^^^^^^^^^^^^^^^^^^^^^^^^^^^^^^^^^^^^^^^
  File "/usr/local/lib/python3.12/smtplib.py", line 255, in __init__
    (code, msg) = self.connect(host, port)
                  ^^^^^^^^^^^^^^^^^^^^^^^^
  File "/usr/local/lib/python3.12/smtplib.py", line 341, in connect
    self.sock = self._get_socket(host, port, self.timeout)
                ^^^^^^^^^^^^^^^^^^^^^^^^^^^^^^^^^^^^^^^^^^
  File "/usr/local/lib/python3.12/smtplib.py", line 312, in _get_socket
    return socket.create_connection((host, port), timeout,
           ^^^^^^^^^^^^^^^^^^^^^^^^^^^^^^^^^^^^^^^^^^^^^^^
  File "/usr/local/lib/python3.12/socket.py", line 852, in create_connection
    raise exceptions[0]
  File "/usr/local/lib/python3.12/socket.py", line 837, in create_connection
    sock.connect(sa)
OSError: [Errno 99] Cannot assign requested address
[2024-05-09T19:17:19.392+0000] {taskinstance.py:1206} INFO - Marking task as FAILED. dag_id=Proyecto_SpaceX, task_id=Notificar_Equipo, run_id=scheduled__2024-01-01T00:00:00+00:00, execution_date=20240101T000000, start_date=20240509T191718, end_date=20240509T191719
[2024-05-09T19:17:19.428+0000] {standard_task_runner.py:110} ERROR - Failed to execute job 935 for task Notificar_Equipo ([Errno 99] Cannot assign requested address; 496)
[2024-05-09T19:17:19.455+0000] {local_task_job_runner.py:240} INFO - Task exited with return code 1
[2024-05-09T19:17:19.472+0000] {taskinstance.py:3498} INFO - 0 downstream tasks scheduled from follow-on schedule check
[2024-05-09T19:17:19.584+0000] {local_task_job_runner.py:222} INFO - ::endgroup::
[2024-05-09T21:01:02.973+0000] {local_task_job_runner.py:120} INFO - ::group::Pre task execution logs
[2024-05-09T21:01:02.997+0000] {taskinstance.py:2076} INFO - Dependencies all met for dep_context=non-requeueable deps ti=<TaskInstance: Proyecto_SpaceX.Notificar_Equipo scheduled__2024-01-01T00:00:00+00:00 [queued]>
[2024-05-09T21:01:03.006+0000] {taskinstance.py:2076} INFO - Dependencies all met for dep_context=requeueable deps ti=<TaskInstance: Proyecto_SpaceX.Notificar_Equipo scheduled__2024-01-01T00:00:00+00:00 [queued]>
[2024-05-09T21:01:03.006+0000] {taskinstance.py:2306} INFO - Starting attempt 1 of 1
[2024-05-09T21:01:03.164+0000] {taskinstance.py:2330} INFO - Executing <Task(EmailOperator): Notificar_Equipo> on 2024-01-01 00:00:00+00:00
[2024-05-09T21:01:03.170+0000] {warnings.py:110} WARNING - /home/***/.local/lib/python3.12/site-packages/***/task/task_runner/standard_task_runner.py:61: DeprecationWarning: This process (pid=1837) is multi-threaded, use of fork() may lead to deadlocks in the child.
  pid = os.fork()

[2024-05-09T21:01:03.172+0000] {standard_task_runner.py:63} INFO - Started process 1839 to run task
[2024-05-09T21:01:03.172+0000] {standard_task_runner.py:90} INFO - Running: ['***', 'tasks', 'run', 'Proyecto_SpaceX', 'Notificar_Equipo', 'scheduled__2024-01-01T00:00:00+00:00', '--job-id', '1007', '--raw', '--subdir', 'DAGS_FOLDER/Proyecto_SpaceX.py', '--cfg-path', '/tmp/tmpaq37ksn_']
[2024-05-09T21:01:03.174+0000] {standard_task_runner.py:91} INFO - Job 1007: Subtask Notificar_Equipo
[2024-05-09T21:01:03.222+0000] {task_command.py:426} INFO - Running <TaskInstance: Proyecto_SpaceX.Notificar_Equipo scheduled__2024-01-01T00:00:00+00:00 [running]> on host 7a81a983afb0
[2024-05-09T21:01:03.307+0000] {taskinstance.py:2648} INFO - Exporting env vars: AIRFLOW_CTX_DAG_OWNER='***' AIRFLOW_CTX_DAG_ID='Proyecto_SpaceX' AIRFLOW_CTX_TASK_ID='Notificar_Equipo' AIRFLOW_CTX_EXECUTION_DATE='2024-01-01T00:00:00+00:00' AIRFLOW_CTX_TRY_NUMBER='1' AIRFLOW_CTX_DAG_RUN_ID='scheduled__2024-01-01T00:00:00+00:00'
[2024-05-09T21:01:03.309+0000] {taskinstance.py:430} INFO - ::endgroup::
[2024-05-09T21:01:03.331+0000] {warnings.py:110} WARNING - /home/***/.local/lib/python3.12/site-packages/***/utils/email.py:154: RemovedInAirflow3Warning: Fetching SMTP credentials from configuration variables will be deprecated in a future release. Please set credentials using a connection instead.
  send_mime_email(e_from=mail_from, e_to=recipients, mime_msg=msg, conn_id=conn_id, dryrun=dryrun)

[2024-05-09T21:01:03.336+0000] {configuration.py:1050} WARNING - section/key [smtp/smtp_user] not found in config
[2024-05-09T21:01:03.337+0000] {email.py:271} INFO - Email alerting: attempt 1
[2024-05-09T21:01:03.338+0000] {taskinstance.py:441} INFO - ::group::Post task execution logs
[2024-05-09T21:01:03.338+0000] {taskinstance.py:2905} ERROR - Task failed with exception
Traceback (most recent call last):
  File "/home/airflow/.local/lib/python3.12/site-packages/airflow/models/taskinstance.py", line 465, in _execute_task
    result = _execute_callable(context=context, **execute_callable_kwargs)
             ^^^^^^^^^^^^^^^^^^^^^^^^^^^^^^^^^^^^^^^^^^^^^^^^^^^^^^^^^^^^^
  File "/home/airflow/.local/lib/python3.12/site-packages/airflow/models/taskinstance.py", line 432, in _execute_callable
    return execute_callable(context=context, **execute_callable_kwargs)
           ^^^^^^^^^^^^^^^^^^^^^^^^^^^^^^^^^^^^^^^^^^^^^^^^^^^^^^^^^^^^
  File "/home/airflow/.local/lib/python3.12/site-packages/airflow/models/baseoperator.py", line 400, in wrapper
    return func(self, *args, **kwargs)
           ^^^^^^^^^^^^^^^^^^^^^^^^^^^
  File "/home/airflow/.local/lib/python3.12/site-packages/airflow/operators/email.py", line 79, in execute
    send_email(
  File "/home/airflow/.local/lib/python3.12/site-packages/airflow/utils/email.py", line 80, in send_email
    return backend(
           ^^^^^^^^
  File "/home/airflow/.local/lib/python3.12/site-packages/airflow/utils/email.py", line 154, in send_email_smtp
    send_mime_email(e_from=mail_from, e_to=recipients, mime_msg=msg, conn_id=conn_id, dryrun=dryrun)
  File "/home/airflow/.local/lib/python3.12/site-packages/airflow/utils/email.py", line 273, in send_mime_email
    smtp_conn = _get_smtp_connection(smtp_host, smtp_port, smtp_timeout, smtp_ssl)
                ^^^^^^^^^^^^^^^^^^^^^^^^^^^^^^^^^^^^^^^^^^^^^^^^^^^^^^^^^^^^^^^^^^
  File "/home/airflow/.local/lib/python3.12/site-packages/airflow/utils/email.py", line 317, in _get_smtp_connection
    return smtplib.SMTP(host=host, port=port, timeout=timeout)
           ^^^^^^^^^^^^^^^^^^^^^^^^^^^^^^^^^^^^^^^^^^^^^^^^^^^
  File "/usr/local/lib/python3.12/smtplib.py", line 255, in __init__
    (code, msg) = self.connect(host, port)
                  ^^^^^^^^^^^^^^^^^^^^^^^^
  File "/usr/local/lib/python3.12/smtplib.py", line 341, in connect
    self.sock = self._get_socket(host, port, self.timeout)
                ^^^^^^^^^^^^^^^^^^^^^^^^^^^^^^^^^^^^^^^^^^
  File "/usr/local/lib/python3.12/smtplib.py", line 312, in _get_socket
    return socket.create_connection((host, port), timeout,
           ^^^^^^^^^^^^^^^^^^^^^^^^^^^^^^^^^^^^^^^^^^^^^^^
  File "/usr/local/lib/python3.12/socket.py", line 852, in create_connection
    raise exceptions[0]
  File "/usr/local/lib/python3.12/socket.py", line 837, in create_connection
    sock.connect(sa)
OSError: [Errno 99] Cannot assign requested address
[2024-05-09T21:01:03.349+0000] {taskinstance.py:1206} INFO - Marking task as FAILED. dag_id=Proyecto_SpaceX, task_id=Notificar_Equipo, run_id=scheduled__2024-01-01T00:00:00+00:00, execution_date=20240101T000000, start_date=20240509T210102, end_date=20240509T210103
[2024-05-09T21:01:03.364+0000] {standard_task_runner.py:110} ERROR - Failed to execute job 1007 for task Notificar_Equipo ([Errno 99] Cannot assign requested address; 1839)
[2024-05-09T21:01:03.387+0000] {local_task_job_runner.py:240} INFO - Task exited with return code 1
[2024-05-09T21:01:03.403+0000] {taskinstance.py:3498} INFO - 0 downstream tasks scheduled from follow-on schedule check
[2024-05-09T21:01:03.405+0000] {local_task_job_runner.py:222} INFO - ::endgroup::
