[2024-05-10T06:18:06.070+0000] {local_task_job_runner.py:120} INFO - ::group::Pre task execution logs
[2024-05-10T06:18:06.216+0000] {taskinstance.py:2076} INFO - Dependencies all met for dep_context=non-requeueable deps ti=<TaskInstance: Proyecto_SpaceX_v1.Visualizar_Respuesta_Satelite scheduled__2024-03-14T00:00:00+00:00 [queued]>
[2024-05-10T06:18:06.225+0000] {taskinstance.py:2076} INFO - Dependencies all met for dep_context=requeueable deps ti=<TaskInstance: Proyecto_SpaceX_v1.Visualizar_Respuesta_Satelite scheduled__2024-03-14T00:00:00+00:00 [queued]>
[2024-05-10T06:18:06.227+0000] {taskinstance.py:2306} INFO - Starting attempt 1 of 1
[2024-05-10T06:18:06.245+0000] {taskinstance.py:2330} INFO - Executing <Task(BashOperator): Visualizar_Respuesta_Satelite> on 2024-03-14 00:00:00+00:00
[2024-05-10T06:18:06.256+0000] {warnings.py:110} WARNING - /home/***/.local/lib/python3.12/site-packages/***/task/task_runner/standard_task_runner.py:61: DeprecationWarning: This process (pid=1745) is multi-threaded, use of fork() may lead to deadlocks in the child.
  pid = os.fork()

[2024-05-10T06:18:06.258+0000] {standard_task_runner.py:63} INFO - Started process 1747 to run task
[2024-05-10T06:18:06.258+0000] {standard_task_runner.py:90} INFO - Running: ['***', 'tasks', 'run', 'Proyecto_SpaceX_v1', 'Visualizar_Respuesta_Satelite', 'scheduled__2024-03-14T00:00:00+00:00', '--job-id', '1229', '--raw', '--subdir', 'DAGS_FOLDER/Proyecto_SpaceX_v1.py', '--cfg-path', '/tmp/tmpex5tfuo5']
[2024-05-10T06:18:06.260+0000] {standard_task_runner.py:91} INFO - Job 1229: Subtask Visualizar_Respuesta_Satelite
[2024-05-10T06:18:06.300+0000] {task_command.py:426} INFO - Running <TaskInstance: Proyecto_SpaceX_v1.Visualizar_Respuesta_Satelite scheduled__2024-03-14T00:00:00+00:00 [running]> on host 1b7f0b10dd99
[2024-05-10T06:18:06.398+0000] {taskinstance.py:2648} INFO - Exporting env vars: AIRFLOW_CTX_DAG_OWNER='***' AIRFLOW_CTX_DAG_ID='Proyecto_SpaceX_v1' AIRFLOW_CTX_TASK_ID='Visualizar_Respuesta_Satelite' AIRFLOW_CTX_EXECUTION_DATE='2024-03-14T00:00:00+00:00' AIRFLOW_CTX_TRY_NUMBER='1' AIRFLOW_CTX_DAG_RUN_ID='scheduled__2024-03-14T00:00:00+00:00'
[2024-05-10T06:18:06.405+0000] {taskinstance.py:430} INFO - ::endgroup::
[2024-05-10T06:18:06.424+0000] {subprocess.py:63} INFO - Tmp dir root location: /tmp
[2024-05-10T06:18:06.436+0000] {subprocess.py:75} INFO - Running command: ['/usr/bin/bash', '-c', 'ls /tmp && head /tmp/platzi_data_20240314.csv']
[2024-05-10T06:18:06.454+0000] {subprocess.py:86} INFO - Output:
[2024-05-10T06:18:06.458+0000] {subprocess.py:93} INFO - ***tmpmdqx98pj
[2024-05-10T06:18:06.462+0000] {subprocess.py:93} INFO - history.json
[2024-05-10T06:18:06.467+0000] {subprocess.py:93} INFO - platzi_data_20231125.csv
[2024-05-10T06:18:06.467+0000] {subprocess.py:93} INFO - platzi_data_20231126.csv
[2024-05-10T06:18:06.468+0000] {subprocess.py:93} INFO - platzi_data_20231127.csv
[2024-05-10T06:18:06.469+0000] {subprocess.py:93} INFO - platzi_data_20240101.csv
[2024-05-10T06:18:06.469+0000] {subprocess.py:93} INFO - platzi_data_20240201.csv
[2024-05-10T06:18:06.470+0000] {subprocess.py:93} INFO - platzi_data_20240301.csv
[2024-05-10T06:18:06.470+0000] {subprocess.py:93} INFO - platzi_data_20240302.csv
[2024-05-10T06:18:06.471+0000] {subprocess.py:93} INFO - platzi_data_20240303.csv
[2024-05-10T06:18:06.471+0000] {subprocess.py:93} INFO - platzi_data_20240304.csv
[2024-05-10T06:18:06.471+0000] {subprocess.py:93} INFO - platzi_data_20240305.csv
[2024-05-10T06:18:06.472+0000] {subprocess.py:93} INFO - platzi_data_20240306.csv
[2024-05-10T06:18:06.472+0000] {subprocess.py:93} INFO - platzi_data_20240307.csv
[2024-05-10T06:18:06.473+0000] {subprocess.py:93} INFO - platzi_data_20240308.csv
[2024-05-10T06:18:06.473+0000] {subprocess.py:93} INFO - platzi_data_20240309.csv
[2024-05-10T06:18:06.474+0000] {subprocess.py:93} INFO - platzi_data_20240310.csv
[2024-05-10T06:18:06.474+0000] {subprocess.py:93} INFO - platzi_data_20240311.csv
[2024-05-10T06:18:06.475+0000] {subprocess.py:93} INFO - platzi_data_20240312.csv
[2024-05-10T06:18:06.475+0000] {subprocess.py:93} INFO - platzi_data_20240313.csv
[2024-05-10T06:18:06.476+0000] {subprocess.py:93} INFO - platzi_data_20240314.csv
[2024-05-10T06:18:06.476+0000] {subprocess.py:93} INFO - pymp-uyxtzsi7
[2024-05-10T06:18:06.477+0000] {subprocess.py:93} INFO - response_20231125.txt
[2024-05-10T06:18:06.477+0000] {subprocess.py:93} INFO - response_20231126.txt
[2024-05-10T06:18:06.478+0000] {subprocess.py:93} INFO - response_20231127.txt
[2024-05-10T06:18:06.478+0000] {subprocess.py:93} INFO - response_20240101.txt
[2024-05-10T06:18:06.479+0000] {subprocess.py:93} INFO - response_20240201.txt
[2024-05-10T06:18:06.479+0000] {subprocess.py:93} INFO - response_20240301.txt
[2024-05-10T06:18:06.480+0000] {subprocess.py:93} INFO - response_20240302.txt
[2024-05-10T06:18:06.480+0000] {subprocess.py:93} INFO - response_20240303.txt
[2024-05-10T06:18:06.481+0000] {subprocess.py:93} INFO - response_20240304.txt
[2024-05-10T06:18:06.482+0000] {subprocess.py:93} INFO - response_20240305.txt
[2024-05-10T06:18:06.482+0000] {subprocess.py:93} INFO - response_20240306.txt
[2024-05-10T06:18:06.483+0000] {subprocess.py:93} INFO - response_20240307.txt
[2024-05-10T06:18:06.483+0000] {subprocess.py:93} INFO - response_20240308.txt
[2024-05-10T06:18:06.484+0000] {subprocess.py:93} INFO - response_20240309.txt
[2024-05-10T06:18:06.484+0000] {subprocess.py:93} INFO - response_20240310.txt
[2024-05-10T06:18:06.485+0000] {subprocess.py:93} INFO - response_20240311.txt
[2024-05-10T06:18:06.485+0000] {subprocess.py:93} INFO - response_20240312.txt
[2024-05-10T06:18:06.486+0000] {subprocess.py:93} INFO - response_20240313.txt
[2024-05-10T06:18:06.486+0000] {subprocess.py:93} INFO - response_20240314.txt
[2024-05-10T06:18:06.487+0000] {subprocess.py:93} INFO - Student,timestamp
[2024-05-10T06:18:06.488+0000] {subprocess.py:93} INFO - Maria Cruz,2024-03-14 00:00:00+00:00
[2024-05-10T06:18:06.488+0000] {subprocess.py:93} INFO - Daniel Crema,2024-03-14 00:00:00+00:00
[2024-05-10T06:18:06.488+0000] {subprocess.py:93} INFO - Elon Musk,2024-03-14 00:00:00+00:00
[2024-05-10T06:18:06.489+0000] {subprocess.py:93} INFO - Karol Castrejon,2024-03-14 00:00:00+00:00
[2024-05-10T06:18:06.490+0000] {subprocess.py:93} INFO - Freddy Vega,2024-03-14 00:00:00+00:00
[2024-05-10T06:18:06.490+0000] {subprocess.py:93} INFO - Felipe Duque,2024-03-14 00:00:00+00:00
[2024-05-10T06:18:06.491+0000] {subprocess.py:97} INFO - Command exited with return code 0
[2024-05-10T06:18:06.492+0000] {taskinstance.py:441} INFO - ::group::Post task execution logs
[2024-05-10T06:18:06.521+0000] {taskinstance.py:1206} INFO - Marking task as SUCCESS. dag_id=Proyecto_SpaceX_v1, task_id=Visualizar_Respuesta_Satelite, run_id=scheduled__2024-03-14T00:00:00+00:00, execution_date=20240314T000000, start_date=20240510T061806, end_date=20240510T061806
[2024-05-10T06:18:06.553+0000] {local_task_job_runner.py:240} INFO - Task exited with return code 0
[2024-05-10T06:18:06.573+0000] {taskinstance.py:3498} INFO - 1 downstream tasks scheduled from follow-on schedule check
[2024-05-10T06:18:06.585+0000] {local_task_job_runner.py:222} INFO - ::endgroup::
