[2024-05-07T23:41:44.251+0000] {local_task_job_runner.py:120} INFO - ::group::Pre task execution logs
[2024-05-07T23:41:44.281+0000] {taskinstance.py:2076} INFO - Dependencies all met for dep_context=non-requeueable deps ti=<TaskInstance: 5.1_orquestacion.tarea3 scheduled__2024-03-15T00:00:00+00:00 [queued]>
[2024-05-07T23:41:44.294+0000] {taskinstance.py:2076} INFO - Dependencies all met for dep_context=requeueable deps ti=<TaskInstance: 5.1_orquestacion.tarea3 scheduled__2024-03-15T00:00:00+00:00 [queued]>
[2024-05-07T23:41:44.295+0000] {taskinstance.py:2306} INFO - Starting attempt 1 of 1
[2024-05-07T23:41:44.311+0000] {taskinstance.py:2330} INFO - Executing <Task(BashOperator): tarea3> on 2024-03-15 00:00:00+00:00
[2024-05-07T23:41:44.317+0000] {warnings.py:110} WARNING - /home/***/.local/lib/python3.12/site-packages/***/task/task_runner/standard_task_runner.py:61: DeprecationWarning: This process (pid=3023) is multi-threaded, use of fork() may lead to deadlocks in the child.
  pid = os.fork()

[2024-05-07T23:41:44.319+0000] {standard_task_runner.py:63} INFO - Started process 3028 to run task
[2024-05-07T23:41:44.319+0000] {standard_task_runner.py:90} INFO - Running: ['***', 'tasks', 'run', '5.1_orquestacion', 'tarea3', 'scheduled__2024-03-15T00:00:00+00:00', '--job-id', '118', '--raw', '--subdir', 'DAGS_FOLDER/051_orquestacion.py', '--cfg-path', '/tmp/tmpakk4zb4u']
[2024-05-07T23:41:44.320+0000] {standard_task_runner.py:91} INFO - Job 118: Subtask tarea3
[2024-05-07T23:41:44.361+0000] {task_command.py:426} INFO - Running <TaskInstance: 5.1_orquestacion.tarea3 scheduled__2024-03-15T00:00:00+00:00 [running]> on host 521bf890d837
[2024-05-07T23:41:44.459+0000] {taskinstance.py:2648} INFO - Exporting env vars: AIRFLOW_CTX_DAG_OWNER='***' AIRFLOW_CTX_DAG_ID='5.1_orquestacion' AIRFLOW_CTX_TASK_ID='tarea3' AIRFLOW_CTX_EXECUTION_DATE='2024-03-15T00:00:00+00:00' AIRFLOW_CTX_TRY_NUMBER='1' AIRFLOW_CTX_DAG_RUN_ID='scheduled__2024-03-15T00:00:00+00:00'
[2024-05-07T23:41:44.460+0000] {taskinstance.py:430} INFO - ::endgroup::
[2024-05-07T23:41:44.472+0000] {subprocess.py:63} INFO - Tmp dir root location: /tmp
[2024-05-07T23:41:44.473+0000] {subprocess.py:75} INFO - Running command: ['/usr/bin/bash', '-c', "sleep 2 && echo 'Tarea 3'"]
[2024-05-07T23:41:44.481+0000] {subprocess.py:86} INFO - Output:
[2024-05-07T23:41:46.484+0000] {subprocess.py:93} INFO - Tarea 3
[2024-05-07T23:41:46.484+0000] {subprocess.py:97} INFO - Command exited with return code 0
[2024-05-07T23:41:46.487+0000] {taskinstance.py:441} INFO - ::group::Post task execution logs
[2024-05-07T23:41:46.565+0000] {taskinstance.py:1206} INFO - Marking task as SUCCESS. dag_id=5.1_orquestacion, task_id=tarea3, run_id=scheduled__2024-03-15T00:00:00+00:00, execution_date=20240315T000000, start_date=20240507T234144, end_date=20240507T234146
[2024-05-07T23:41:46.664+0000] {local_task_job_runner.py:240} INFO - Task exited with return code 0
[2024-05-07T23:41:46.745+0000] {taskinstance.py:3498} INFO - 0 downstream tasks scheduled from follow-on schedule check
[2024-05-07T23:41:46.757+0000] {local_task_job_runner.py:222} INFO - ::endgroup::
[2024-05-07T23:48:04.349+0000] {local_task_job_runner.py:120} INFO - ::group::Pre task execution logs
[2024-05-07T23:48:04.386+0000] {taskinstance.py:2076} INFO - Dependencies all met for dep_context=non-requeueable deps ti=<TaskInstance: 5.1_orquestacion.tarea3 scheduled__2024-03-15T00:00:00+00:00 [queued]>
[2024-05-07T23:48:04.400+0000] {taskinstance.py:2076} INFO - Dependencies all met for dep_context=requeueable deps ti=<TaskInstance: 5.1_orquestacion.tarea3 scheduled__2024-03-15T00:00:00+00:00 [queued]>
[2024-05-07T23:48:04.401+0000] {taskinstance.py:2306} INFO - Starting attempt 1 of 1
[2024-05-07T23:48:04.419+0000] {taskinstance.py:2330} INFO - Executing <Task(BashOperator): tarea3> on 2024-03-15 00:00:00+00:00
[2024-05-07T23:48:04.426+0000] {warnings.py:110} WARNING - /home/***/.local/lib/python3.12/site-packages/***/task/task_runner/standard_task_runner.py:61: DeprecationWarning: This process (pid=3608) is multi-threaded, use of fork() may lead to deadlocks in the child.
  pid = os.fork()

[2024-05-07T23:48:04.428+0000] {standard_task_runner.py:63} INFO - Started process 3610 to run task
[2024-05-07T23:48:04.427+0000] {standard_task_runner.py:90} INFO - Running: ['***', 'tasks', 'run', '5.1_orquestacion', 'tarea3', 'scheduled__2024-03-15T00:00:00+00:00', '--job-id', '244', '--raw', '--subdir', 'DAGS_FOLDER/051_orquestacion.py', '--cfg-path', '/tmp/tmp6ef165x2']
[2024-05-07T23:48:04.429+0000] {standard_task_runner.py:91} INFO - Job 244: Subtask tarea3
[2024-05-07T23:48:04.481+0000] {task_command.py:426} INFO - Running <TaskInstance: 5.1_orquestacion.tarea3 scheduled__2024-03-15T00:00:00+00:00 [running]> on host 521bf890d837
[2024-05-07T23:48:04.574+0000] {taskinstance.py:2648} INFO - Exporting env vars: AIRFLOW_CTX_DAG_OWNER='***' AIRFLOW_CTX_DAG_ID='5.1_orquestacion' AIRFLOW_CTX_TASK_ID='tarea3' AIRFLOW_CTX_EXECUTION_DATE='2024-03-15T00:00:00+00:00' AIRFLOW_CTX_TRY_NUMBER='1' AIRFLOW_CTX_DAG_RUN_ID='scheduled__2024-03-15T00:00:00+00:00'
[2024-05-07T23:48:04.576+0000] {taskinstance.py:430} INFO - ::endgroup::
[2024-05-07T23:48:04.589+0000] {subprocess.py:63} INFO - Tmp dir root location: /tmp
[2024-05-07T23:48:04.591+0000] {subprocess.py:75} INFO - Running command: ['/usr/bin/bash', '-c', "sleep 2 && echo 'Tarea 3'"]
[2024-05-07T23:48:04.602+0000] {subprocess.py:86} INFO - Output:
[2024-05-07T23:48:06.605+0000] {subprocess.py:93} INFO - Tarea 3
[2024-05-07T23:48:06.612+0000] {subprocess.py:97} INFO - Command exited with return code 0
[2024-05-07T23:48:06.613+0000] {taskinstance.py:441} INFO - ::group::Post task execution logs
[2024-05-07T23:48:06.711+0000] {taskinstance.py:1206} INFO - Marking task as SUCCESS. dag_id=5.1_orquestacion, task_id=tarea3, run_id=scheduled__2024-03-15T00:00:00+00:00, execution_date=20240315T000000, start_date=20240507T234804, end_date=20240507T234806
[2024-05-07T23:48:06.775+0000] {local_task_job_runner.py:240} INFO - Task exited with return code 0
[2024-05-07T23:48:06.829+0000] {taskinstance.py:3498} INFO - 0 downstream tasks scheduled from follow-on schedule check
[2024-05-07T23:48:06.839+0000] {local_task_job_runner.py:222} INFO - ::endgroup::
