[2024-05-07T23:41:44.255+0000] {local_task_job_runner.py:120} INFO - ::group::Pre task execution logs
[2024-05-07T23:41:44.287+0000] {taskinstance.py:2076} INFO - Dependencies all met for dep_context=non-requeueable deps ti=<TaskInstance: 5.1_orquestacion.tarea1 scheduled__2024-03-17T00:00:00+00:00 [queued]>
[2024-05-07T23:41:44.300+0000] {taskinstance.py:2076} INFO - Dependencies all met for dep_context=requeueable deps ti=<TaskInstance: 5.1_orquestacion.tarea1 scheduled__2024-03-17T00:00:00+00:00 [queued]>
[2024-05-07T23:41:44.303+0000] {taskinstance.py:2306} INFO - Starting attempt 1 of 1
[2024-05-07T23:41:44.321+0000] {taskinstance.py:2330} INFO - Executing <Task(BashOperator): tarea1> on 2024-03-17 00:00:00+00:00
[2024-05-07T23:41:44.328+0000] {warnings.py:110} WARNING - /home/***/.local/lib/python3.12/site-packages/***/task/task_runner/standard_task_runner.py:61: DeprecationWarning: This process (pid=3025) is multi-threaded, use of fork() may lead to deadlocks in the child.
  pid = os.fork()

[2024-05-07T23:41:44.329+0000] {standard_task_runner.py:90} INFO - Running: ['***', 'tasks', 'run', '5.1_orquestacion', 'tarea1', 'scheduled__2024-03-17T00:00:00+00:00', '--job-id', '119', '--raw', '--subdir', 'DAGS_FOLDER/051_orquestacion.py', '--cfg-path', '/tmp/tmpf9l9h98u']
[2024-05-07T23:41:44.329+0000] {standard_task_runner.py:63} INFO - Started process 3029 to run task
[2024-05-07T23:41:44.330+0000] {standard_task_runner.py:91} INFO - Job 119: Subtask tarea1
[2024-05-07T23:41:44.371+0000] {task_command.py:426} INFO - Running <TaskInstance: 5.1_orquestacion.tarea1 scheduled__2024-03-17T00:00:00+00:00 [running]> on host 521bf890d837
[2024-05-07T23:41:44.470+0000] {taskinstance.py:2648} INFO - Exporting env vars: AIRFLOW_CTX_DAG_OWNER='***' AIRFLOW_CTX_DAG_ID='5.1_orquestacion' AIRFLOW_CTX_TASK_ID='tarea1' AIRFLOW_CTX_EXECUTION_DATE='2024-03-17T00:00:00+00:00' AIRFLOW_CTX_TRY_NUMBER='1' AIRFLOW_CTX_DAG_RUN_ID='scheduled__2024-03-17T00:00:00+00:00'
[2024-05-07T23:41:44.471+0000] {taskinstance.py:430} INFO - ::endgroup::
[2024-05-07T23:41:44.484+0000] {subprocess.py:63} INFO - Tmp dir root location: /tmp
[2024-05-07T23:41:44.485+0000] {subprocess.py:75} INFO - Running command: ['/usr/bin/bash', '-c', "sleep 2 && echo 'Tarea 1'"]
[2024-05-07T23:41:44.492+0000] {subprocess.py:86} INFO - Output:
[2024-05-07T23:41:46.495+0000] {subprocess.py:93} INFO - Tarea 1
[2024-05-07T23:41:46.502+0000] {subprocess.py:97} INFO - Command exited with return code 0
[2024-05-07T23:41:46.503+0000] {taskinstance.py:441} INFO - ::group::Post task execution logs
[2024-05-07T23:41:46.630+0000] {taskinstance.py:1206} INFO - Marking task as SUCCESS. dag_id=5.1_orquestacion, task_id=tarea1, run_id=scheduled__2024-03-17T00:00:00+00:00, execution_date=20240317T000000, start_date=20240507T234144, end_date=20240507T234146
[2024-05-07T23:41:46.720+0000] {local_task_job_runner.py:240} INFO - Task exited with return code 0
[2024-05-07T23:41:46.907+0000] {taskinstance.py:3498} INFO - 1 downstream tasks scheduled from follow-on schedule check
[2024-05-07T23:41:46.910+0000] {local_task_job_runner.py:222} INFO - ::endgroup::
[2024-05-07T23:48:20.432+0000] {local_task_job_runner.py:120} INFO - ::group::Pre task execution logs
[2024-05-07T23:48:20.453+0000] {taskinstance.py:2076} INFO - Dependencies all met for dep_context=non-requeueable deps ti=<TaskInstance: 5.1_orquestacion.tarea1 scheduled__2024-03-17T00:00:00+00:00 [queued]>
[2024-05-07T23:48:20.472+0000] {taskinstance.py:2076} INFO - Dependencies all met for dep_context=requeueable deps ti=<TaskInstance: 5.1_orquestacion.tarea1 scheduled__2024-03-17T00:00:00+00:00 [queued]>
[2024-05-07T23:48:20.473+0000] {taskinstance.py:2306} INFO - Starting attempt 1 of 1
[2024-05-07T23:48:20.496+0000] {taskinstance.py:2330} INFO - Executing <Task(BashOperator): tarea1> on 2024-03-17 00:00:00+00:00
[2024-05-07T23:48:20.505+0000] {warnings.py:110} WARNING - /home/***/.local/lib/python3.12/site-packages/***/task/task_runner/standard_task_runner.py:61: DeprecationWarning: This process (pid=3638) is multi-threaded, use of fork() may lead to deadlocks in the child.
  pid = os.fork()

[2024-05-07T23:48:20.506+0000] {standard_task_runner.py:90} INFO - Running: ['***', 'tasks', 'run', '5.1_orquestacion', 'tarea1', 'scheduled__2024-03-17T00:00:00+00:00', '--job-id', '249', '--raw', '--subdir', 'DAGS_FOLDER/051_orquestacion.py', '--cfg-path', '/tmp/tmpw9tacrze']
[2024-05-07T23:48:20.507+0000] {standard_task_runner.py:63} INFO - Started process 3639 to run task
[2024-05-07T23:48:20.507+0000] {standard_task_runner.py:91} INFO - Job 249: Subtask tarea1
[2024-05-07T23:48:20.547+0000] {task_command.py:426} INFO - Running <TaskInstance: 5.1_orquestacion.tarea1 scheduled__2024-03-17T00:00:00+00:00 [running]> on host 521bf890d837
[2024-05-07T23:48:20.619+0000] {taskinstance.py:2648} INFO - Exporting env vars: AIRFLOW_CTX_DAG_OWNER='***' AIRFLOW_CTX_DAG_ID='5.1_orquestacion' AIRFLOW_CTX_TASK_ID='tarea1' AIRFLOW_CTX_EXECUTION_DATE='2024-03-17T00:00:00+00:00' AIRFLOW_CTX_TRY_NUMBER='1' AIRFLOW_CTX_DAG_RUN_ID='scheduled__2024-03-17T00:00:00+00:00'
[2024-05-07T23:48:20.641+0000] {taskinstance.py:430} INFO - ::endgroup::
[2024-05-07T23:48:20.663+0000] {subprocess.py:63} INFO - Tmp dir root location: /tmp
[2024-05-07T23:48:20.664+0000] {subprocess.py:75} INFO - Running command: ['/usr/bin/bash', '-c', "sleep 2 && echo 'Tarea 1'"]
[2024-05-07T23:48:20.672+0000] {subprocess.py:86} INFO - Output:
[2024-05-07T23:48:22.674+0000] {subprocess.py:93} INFO - Tarea 1
[2024-05-07T23:48:22.675+0000] {subprocess.py:97} INFO - Command exited with return code 0
[2024-05-07T23:48:22.676+0000] {taskinstance.py:441} INFO - ::group::Post task execution logs
[2024-05-07T23:48:22.718+0000] {taskinstance.py:1206} INFO - Marking task as SUCCESS. dag_id=5.1_orquestacion, task_id=tarea1, run_id=scheduled__2024-03-17T00:00:00+00:00, execution_date=20240317T000000, start_date=20240507T234820, end_date=20240507T234822
[2024-05-07T23:48:22.738+0000] {local_task_job_runner.py:240} INFO - Task exited with return code 0
[2024-05-07T23:48:22.771+0000] {taskinstance.py:3498} INFO - 1 downstream tasks scheduled from follow-on schedule check
[2024-05-07T23:48:22.800+0000] {local_task_job_runner.py:222} INFO - ::endgroup::
