[2024-05-07T23:41:57.909+0000] {local_task_job_runner.py:120} INFO - ::group::Pre task execution logs
[2024-05-07T23:41:57.937+0000] {taskinstance.py:2076} INFO - Dependencies all met for dep_context=non-requeueable deps ti=<TaskInstance: 5.1_orquestacion.tarea1 scheduled__2024-03-21T00:00:00+00:00 [queued]>
[2024-05-07T23:41:57.948+0000] {taskinstance.py:2076} INFO - Dependencies all met for dep_context=requeueable deps ti=<TaskInstance: 5.1_orquestacion.tarea1 scheduled__2024-03-21T00:00:00+00:00 [queued]>
[2024-05-07T23:41:57.948+0000] {taskinstance.py:2306} INFO - Starting attempt 1 of 1
[2024-05-07T23:41:57.963+0000] {taskinstance.py:2330} INFO - Executing <Task(BashOperator): tarea1> on 2024-03-21 00:00:00+00:00
[2024-05-07T23:41:57.969+0000] {warnings.py:110} WARNING - /home/***/.local/lib/python3.12/site-packages/***/task/task_runner/standard_task_runner.py:61: DeprecationWarning: This process (pid=3088) is multi-threaded, use of fork() may lead to deadlocks in the child.
  pid = os.fork()

[2024-05-07T23:41:57.970+0000] {standard_task_runner.py:63} INFO - Started process 3093 to run task
[2024-05-07T23:41:57.970+0000] {standard_task_runner.py:90} INFO - Running: ['***', 'tasks', 'run', '5.1_orquestacion', 'tarea1', 'scheduled__2024-03-21T00:00:00+00:00', '--job-id', '135', '--raw', '--subdir', 'DAGS_FOLDER/051_orquestacion.py', '--cfg-path', '/tmp/tmp_zkj7rft']
[2024-05-07T23:41:57.972+0000] {standard_task_runner.py:91} INFO - Job 135: Subtask tarea1
[2024-05-07T23:41:58.010+0000] {task_command.py:426} INFO - Running <TaskInstance: 5.1_orquestacion.tarea1 scheduled__2024-03-21T00:00:00+00:00 [running]> on host 521bf890d837
[2024-05-07T23:41:58.090+0000] {taskinstance.py:2648} INFO - Exporting env vars: AIRFLOW_CTX_DAG_OWNER='***' AIRFLOW_CTX_DAG_ID='5.1_orquestacion' AIRFLOW_CTX_TASK_ID='tarea1' AIRFLOW_CTX_EXECUTION_DATE='2024-03-21T00:00:00+00:00' AIRFLOW_CTX_TRY_NUMBER='1' AIRFLOW_CTX_DAG_RUN_ID='scheduled__2024-03-21T00:00:00+00:00'
[2024-05-07T23:41:58.090+0000] {taskinstance.py:430} INFO - ::endgroup::
[2024-05-07T23:41:58.103+0000] {subprocess.py:63} INFO - Tmp dir root location: /tmp
[2024-05-07T23:41:58.104+0000] {subprocess.py:75} INFO - Running command: ['/usr/bin/bash', '-c', "sleep 2 && echo 'Tarea 1'"]
[2024-05-07T23:41:58.111+0000] {subprocess.py:86} INFO - Output:
[2024-05-07T23:42:00.110+0000] {subprocess.py:93} INFO - Tarea 1
[2024-05-07T23:42:00.113+0000] {subprocess.py:97} INFO - Command exited with return code 0
[2024-05-07T23:42:00.114+0000] {taskinstance.py:441} INFO - ::group::Post task execution logs
[2024-05-07T23:42:00.200+0000] {taskinstance.py:1206} INFO - Marking task as SUCCESS. dag_id=5.1_orquestacion, task_id=tarea1, run_id=scheduled__2024-03-21T00:00:00+00:00, execution_date=20240321T000000, start_date=20240507T234157, end_date=20240507T234200
[2024-05-07T23:42:00.313+0000] {local_task_job_runner.py:240} INFO - Task exited with return code 0
[2024-05-07T23:42:00.533+0000] {taskinstance.py:3498} INFO - 1 downstream tasks scheduled from follow-on schedule check
[2024-05-07T23:42:00.549+0000] {local_task_job_runner.py:222} INFO - ::endgroup::
[2024-05-07T23:49:06.447+0000] {local_task_job_runner.py:120} INFO - ::group::Pre task execution logs
[2024-05-07T23:49:06.477+0000] {taskinstance.py:2076} INFO - Dependencies all met for dep_context=non-requeueable deps ti=<TaskInstance: 5.1_orquestacion.tarea1 scheduled__2024-03-21T00:00:00+00:00 [queued]>
[2024-05-07T23:49:06.486+0000] {taskinstance.py:2076} INFO - Dependencies all met for dep_context=requeueable deps ti=<TaskInstance: 5.1_orquestacion.tarea1 scheduled__2024-03-21T00:00:00+00:00 [queued]>
[2024-05-07T23:49:06.489+0000] {taskinstance.py:2306} INFO - Starting attempt 1 of 1
[2024-05-07T23:49:06.501+0000] {taskinstance.py:2330} INFO - Executing <Task(BashOperator): tarea1> on 2024-03-21 00:00:00+00:00
[2024-05-07T23:49:06.513+0000] {warnings.py:110} WARNING - /home/***/.local/lib/python3.12/site-packages/***/task/task_runner/standard_task_runner.py:61: DeprecationWarning: This process (pid=3709) is multi-threaded, use of fork() may lead to deadlocks in the child.
  pid = os.fork()

[2024-05-07T23:49:06.514+0000] {standard_task_runner.py:90} INFO - Running: ['***', 'tasks', 'run', '5.1_orquestacion', 'tarea1', 'scheduled__2024-03-21T00:00:00+00:00', '--job-id', '265', '--raw', '--subdir', 'DAGS_FOLDER/051_orquestacion.py', '--cfg-path', '/tmp/tmpbb3j50lh']
[2024-05-07T23:49:06.519+0000] {standard_task_runner.py:63} INFO - Started process 3710 to run task
[2024-05-07T23:49:06.520+0000] {standard_task_runner.py:91} INFO - Job 265: Subtask tarea1
[2024-05-07T23:49:06.568+0000] {task_command.py:426} INFO - Running <TaskInstance: 5.1_orquestacion.tarea1 scheduled__2024-03-21T00:00:00+00:00 [running]> on host 521bf890d837
[2024-05-07T23:49:06.633+0000] {taskinstance.py:2648} INFO - Exporting env vars: AIRFLOW_CTX_DAG_OWNER='***' AIRFLOW_CTX_DAG_ID='5.1_orquestacion' AIRFLOW_CTX_TASK_ID='tarea1' AIRFLOW_CTX_EXECUTION_DATE='2024-03-21T00:00:00+00:00' AIRFLOW_CTX_TRY_NUMBER='1' AIRFLOW_CTX_DAG_RUN_ID='scheduled__2024-03-21T00:00:00+00:00'
[2024-05-07T23:49:06.638+0000] {taskinstance.py:430} INFO - ::endgroup::
[2024-05-07T23:49:06.654+0000] {subprocess.py:63} INFO - Tmp dir root location: /tmp
[2024-05-07T23:49:06.658+0000] {subprocess.py:75} INFO - Running command: ['/usr/bin/bash', '-c', "sleep 2 && echo 'Tarea 1'"]
[2024-05-07T23:49:06.679+0000] {subprocess.py:86} INFO - Output:
[2024-05-07T23:49:08.681+0000] {subprocess.py:93} INFO - Tarea 1
[2024-05-07T23:49:08.687+0000] {subprocess.py:97} INFO - Command exited with return code 0
[2024-05-07T23:49:08.688+0000] {taskinstance.py:441} INFO - ::group::Post task execution logs
[2024-05-07T23:49:08.708+0000] {taskinstance.py:1206} INFO - Marking task as SUCCESS. dag_id=5.1_orquestacion, task_id=tarea1, run_id=scheduled__2024-03-21T00:00:00+00:00, execution_date=20240321T000000, start_date=20240507T234906, end_date=20240507T234908
[2024-05-07T23:49:08.746+0000] {local_task_job_runner.py:240} INFO - Task exited with return code 0
[2024-05-07T23:49:08.772+0000] {taskinstance.py:3498} INFO - 1 downstream tasks scheduled from follow-on schedule check
[2024-05-07T23:49:08.774+0000] {local_task_job_runner.py:222} INFO - ::endgroup::
