[2024-05-10T06:25:46.531+0000] {local_task_job_runner.py:120} INFO - ::group::Pre task execution logs
[2024-05-10T06:25:46.662+0000] {taskinstance.py:2076} INFO - Dependencies all met for dep_context=non-requeueable deps ti=<TaskInstance: Proyecto_SpaceX_v1.Confirmacion_NASA scheduled__2024-03-29T00:00:00+00:00 [queued]>
[2024-05-10T06:25:46.669+0000] {taskinstance.py:2076} INFO - Dependencies all met for dep_context=requeueable deps ti=<TaskInstance: Proyecto_SpaceX_v1.Confirmacion_NASA scheduled__2024-03-29T00:00:00+00:00 [queued]>
[2024-05-10T06:25:46.671+0000] {taskinstance.py:2306} INFO - Starting attempt 1 of 3
[2024-05-10T06:25:46.685+0000] {taskinstance.py:2330} INFO - Executing <Task(BashOperator): Confirmacion_NASA> on 2024-03-29 00:00:00+00:00
[2024-05-10T06:25:46.693+0000] {warnings.py:110} WARNING - /home/***/.local/lib/python3.12/site-packages/***/task/task_runner/standard_task_runner.py:61: DeprecationWarning: This process (pid=2257) is multi-threaded, use of fork() may lead to deadlocks in the child.
  pid = os.fork()

[2024-05-10T06:25:46.694+0000] {standard_task_runner.py:63} INFO - Started process 2259 to run task
[2024-05-10T06:25:46.695+0000] {standard_task_runner.py:90} INFO - Running: ['***', 'tasks', 'run', 'Proyecto_SpaceX_v1', 'Confirmacion_NASA', 'scheduled__2024-03-29T00:00:00+00:00', '--job-id', '1323', '--raw', '--subdir', 'DAGS_FOLDER/Proyecto_SpaceX_v1.py', '--cfg-path', '/tmp/tmpkdne1pn1']
[2024-05-10T06:25:46.697+0000] {standard_task_runner.py:91} INFO - Job 1323: Subtask Confirmacion_NASA
[2024-05-10T06:25:46.735+0000] {task_command.py:426} INFO - Running <TaskInstance: Proyecto_SpaceX_v1.Confirmacion_NASA scheduled__2024-03-29T00:00:00+00:00 [running]> on host 1b7f0b10dd99
[2024-05-10T06:25:46.816+0000] {taskinstance.py:2648} INFO - Exporting env vars: AIRFLOW_CTX_DAG_OWNER='***' AIRFLOW_CTX_DAG_ID='Proyecto_SpaceX_v1' AIRFLOW_CTX_TASK_ID='Confirmacion_NASA' AIRFLOW_CTX_EXECUTION_DATE='2024-03-29T00:00:00+00:00' AIRFLOW_CTX_TRY_NUMBER='1' AIRFLOW_CTX_DAG_RUN_ID='scheduled__2024-03-29T00:00:00+00:00'
[2024-05-10T06:25:46.818+0000] {taskinstance.py:430} INFO - ::endgroup::
[2024-05-10T06:25:46.828+0000] {subprocess.py:63} INFO - Tmp dir root location: /tmp
[2024-05-10T06:25:46.830+0000] {subprocess.py:75} INFO - Running command: ['/usr/bin/bash', '-c', "sleep 20 && echo 'Confirmación, puede proceder' > /tmp/response_20240329.txt"]
[2024-05-10T06:25:46.839+0000] {subprocess.py:86} INFO - Output:
[2024-05-10T06:26:06.842+0000] {subprocess.py:97} INFO - Command exited with return code 0
[2024-05-10T06:26:06.844+0000] {taskinstance.py:441} INFO - ::group::Post task execution logs
[2024-05-10T06:26:06.867+0000] {taskinstance.py:1206} INFO - Marking task as SUCCESS. dag_id=Proyecto_SpaceX_v1, task_id=Confirmacion_NASA, run_id=scheduled__2024-03-29T00:00:00+00:00, execution_date=20240329T000000, start_date=20240510T062546, end_date=20240510T062606
[2024-05-10T06:26:06.905+0000] {local_task_job_runner.py:240} INFO - Task exited with return code 0
[2024-05-10T06:26:06.924+0000] {taskinstance.py:3498} INFO - 1 downstream tasks scheduled from follow-on schedule check
[2024-05-10T06:26:06.932+0000] {local_task_job_runner.py:222} INFO - ::endgroup::
