[2024-05-07T23:41:40.255+0000] {local_task_job_runner.py:120} INFO - ::group::Pre task execution logs
[2024-05-07T23:41:40.282+0000] {taskinstance.py:2076} INFO - Dependencies all met for dep_context=non-requeueable deps ti=<TaskInstance: 5.1_orquestacion.tarea3 scheduled__2024-03-14T00:00:00+00:00 [queued]>
[2024-05-07T23:41:40.293+0000] {taskinstance.py:2076} INFO - Dependencies all met for dep_context=requeueable deps ti=<TaskInstance: 5.1_orquestacion.tarea3 scheduled__2024-03-14T00:00:00+00:00 [queued]>
[2024-05-07T23:41:40.295+0000] {taskinstance.py:2306} INFO - Starting attempt 1 of 1
[2024-05-07T23:41:40.312+0000] {taskinstance.py:2330} INFO - Executing <Task(BashOperator): tarea3> on 2024-03-14 00:00:00+00:00
[2024-05-07T23:41:40.318+0000] {warnings.py:110} WARNING - /home/***/.local/lib/python3.12/site-packages/***/task/task_runner/standard_task_runner.py:61: DeprecationWarning: This process (pid=3007) is multi-threaded, use of fork() may lead to deadlocks in the child.
  pid = os.fork()

[2024-05-07T23:41:40.319+0000] {standard_task_runner.py:63} INFO - Started process 3011 to run task
[2024-05-07T23:41:40.319+0000] {standard_task_runner.py:90} INFO - Running: ['***', 'tasks', 'run', '5.1_orquestacion', 'tarea3', 'scheduled__2024-03-14T00:00:00+00:00', '--job-id', '112', '--raw', '--subdir', 'DAGS_FOLDER/051_orquestacion.py', '--cfg-path', '/tmp/tmp1ym9_rv9']
[2024-05-07T23:41:40.320+0000] {standard_task_runner.py:91} INFO - Job 112: Subtask tarea3
[2024-05-07T23:41:40.363+0000] {task_command.py:426} INFO - Running <TaskInstance: 5.1_orquestacion.tarea3 scheduled__2024-03-14T00:00:00+00:00 [running]> on host 521bf890d837
[2024-05-07T23:41:40.443+0000] {taskinstance.py:2648} INFO - Exporting env vars: AIRFLOW_CTX_DAG_OWNER='***' AIRFLOW_CTX_DAG_ID='5.1_orquestacion' AIRFLOW_CTX_TASK_ID='tarea3' AIRFLOW_CTX_EXECUTION_DATE='2024-03-14T00:00:00+00:00' AIRFLOW_CTX_TRY_NUMBER='1' AIRFLOW_CTX_DAG_RUN_ID='scheduled__2024-03-14T00:00:00+00:00'
[2024-05-07T23:41:40.444+0000] {taskinstance.py:430} INFO - ::endgroup::
[2024-05-07T23:41:40.474+0000] {subprocess.py:63} INFO - Tmp dir root location: /tmp
[2024-05-07T23:41:40.477+0000] {subprocess.py:75} INFO - Running command: ['/usr/bin/bash', '-c', "sleep 2 && echo 'Tarea 3'"]
[2024-05-07T23:41:40.501+0000] {subprocess.py:86} INFO - Output:
[2024-05-07T23:41:42.504+0000] {subprocess.py:93} INFO - Tarea 3
[2024-05-07T23:41:42.510+0000] {subprocess.py:97} INFO - Command exited with return code 0
[2024-05-07T23:41:42.512+0000] {taskinstance.py:441} INFO - ::group::Post task execution logs
[2024-05-07T23:41:42.552+0000] {taskinstance.py:1206} INFO - Marking task as SUCCESS. dag_id=5.1_orquestacion, task_id=tarea3, run_id=scheduled__2024-03-14T00:00:00+00:00, execution_date=20240314T000000, start_date=20240507T234140, end_date=20240507T234142
[2024-05-07T23:41:42.665+0000] {local_task_job_runner.py:240} INFO - Task exited with return code 0
[2024-05-07T23:41:42.767+0000] {taskinstance.py:3498} INFO - 0 downstream tasks scheduled from follow-on schedule check
[2024-05-07T23:41:42.772+0000] {local_task_job_runner.py:222} INFO - ::endgroup::
[2024-05-07T23:47:52.346+0000] {local_task_job_runner.py:120} INFO - ::group::Pre task execution logs
[2024-05-07T23:47:52.378+0000] {taskinstance.py:2076} INFO - Dependencies all met for dep_context=non-requeueable deps ti=<TaskInstance: 5.1_orquestacion.tarea3 scheduled__2024-03-14T00:00:00+00:00 [queued]>
[2024-05-07T23:47:52.393+0000] {taskinstance.py:2076} INFO - Dependencies all met for dep_context=requeueable deps ti=<TaskInstance: 5.1_orquestacion.tarea3 scheduled__2024-03-14T00:00:00+00:00 [queued]>
[2024-05-07T23:47:52.396+0000] {taskinstance.py:2306} INFO - Starting attempt 1 of 1
[2024-05-07T23:47:52.414+0000] {taskinstance.py:2330} INFO - Executing <Task(BashOperator): tarea3> on 2024-03-14 00:00:00+00:00
[2024-05-07T23:47:52.420+0000] {warnings.py:110} WARNING - /home/***/.local/lib/python3.12/site-packages/***/task/task_runner/standard_task_runner.py:61: DeprecationWarning: This process (pid=3592) is multi-threaded, use of fork() may lead to deadlocks in the child.
  pid = os.fork()

[2024-05-07T23:47:52.422+0000] {standard_task_runner.py:63} INFO - Started process 3594 to run task
[2024-05-07T23:47:52.422+0000] {standard_task_runner.py:90} INFO - Running: ['***', 'tasks', 'run', '5.1_orquestacion', 'tarea3', 'scheduled__2024-03-14T00:00:00+00:00', '--job-id', '240', '--raw', '--subdir', 'DAGS_FOLDER/051_orquestacion.py', '--cfg-path', '/tmp/tmponithwie']
[2024-05-07T23:47:52.423+0000] {standard_task_runner.py:91} INFO - Job 240: Subtask tarea3
[2024-05-07T23:47:52.528+0000] {task_command.py:426} INFO - Running <TaskInstance: 5.1_orquestacion.tarea3 scheduled__2024-03-14T00:00:00+00:00 [running]> on host 521bf890d837
[2024-05-07T23:47:52.648+0000] {taskinstance.py:2648} INFO - Exporting env vars: AIRFLOW_CTX_DAG_OWNER='***' AIRFLOW_CTX_DAG_ID='5.1_orquestacion' AIRFLOW_CTX_TASK_ID='tarea3' AIRFLOW_CTX_EXECUTION_DATE='2024-03-14T00:00:00+00:00' AIRFLOW_CTX_TRY_NUMBER='1' AIRFLOW_CTX_DAG_RUN_ID='scheduled__2024-03-14T00:00:00+00:00'
[2024-05-07T23:47:52.649+0000] {taskinstance.py:430} INFO - ::endgroup::
[2024-05-07T23:47:52.663+0000] {subprocess.py:63} INFO - Tmp dir root location: /tmp
[2024-05-07T23:47:52.664+0000] {subprocess.py:75} INFO - Running command: ['/usr/bin/bash', '-c', "sleep 2 && echo 'Tarea 3'"]
[2024-05-07T23:47:52.673+0000] {subprocess.py:86} INFO - Output:
[2024-05-07T23:47:54.676+0000] {subprocess.py:93} INFO - Tarea 3
[2024-05-07T23:47:54.677+0000] {subprocess.py:97} INFO - Command exited with return code 0
[2024-05-07T23:47:54.679+0000] {taskinstance.py:441} INFO - ::group::Post task execution logs
[2024-05-07T23:47:54.740+0000] {taskinstance.py:1206} INFO - Marking task as SUCCESS. dag_id=5.1_orquestacion, task_id=tarea3, run_id=scheduled__2024-03-14T00:00:00+00:00, execution_date=20240314T000000, start_date=20240507T234752, end_date=20240507T234754
[2024-05-07T23:47:54.768+0000] {local_task_job_runner.py:240} INFO - Task exited with return code 0
[2024-05-07T23:47:54.799+0000] {taskinstance.py:3498} INFO - 0 downstream tasks scheduled from follow-on schedule check
[2024-05-07T23:47:54.802+0000] {local_task_job_runner.py:222} INFO - ::endgroup::
