[2024-05-08T19:08:35.872+0000] {local_task_job_runner.py:120} INFO - ::group::Pre task execution logs
[2024-05-08T19:08:35.895+0000] {taskinstance.py:2076} INFO - Dependencies all met for dep_context=non-requeueable deps ti=<TaskInstance: 7.2_externalTaskSensor.tarea2 scheduled__2024-04-01T00:00:00+00:00 [queued]>
[2024-05-08T19:08:35.904+0000] {taskinstance.py:2076} INFO - Dependencies all met for dep_context=requeueable deps ti=<TaskInstance: 7.2_externalTaskSensor.tarea2 scheduled__2024-04-01T00:00:00+00:00 [queued]>
[2024-05-08T19:08:35.906+0000] {taskinstance.py:2306} INFO - Starting attempt 1 of 1
[2024-05-08T19:08:35.924+0000] {taskinstance.py:2330} INFO - Executing <Task(BashOperator): tarea2> on 2024-04-01 00:00:00+00:00
[2024-05-08T19:08:35.931+0000] {warnings.py:110} WARNING - /home/***/.local/lib/python3.12/site-packages/***/task/task_runner/standard_task_runner.py:61: DeprecationWarning: This process (pid=1238) is multi-threaded, use of fork() may lead to deadlocks in the child.
  pid = os.fork()

[2024-05-08T19:08:35.932+0000] {standard_task_runner.py:90} INFO - Running: ['***', 'tasks', 'run', '7.2_externalTaskSensor', 'tarea2', 'scheduled__2024-04-01T00:00:00+00:00', '--job-id', '582', '--raw', '--subdir', 'DAGS_FOLDER/072_ExternalTaskSensor.py', '--cfg-path', '/tmp/tmpj61rlabp']
[2024-05-08T19:08:35.933+0000] {standard_task_runner.py:63} INFO - Started process 1239 to run task
[2024-05-08T19:08:35.935+0000] {standard_task_runner.py:91} INFO - Job 582: Subtask tarea2
[2024-05-08T19:08:35.998+0000] {task_command.py:426} INFO - Running <TaskInstance: 7.2_externalTaskSensor.tarea2 scheduled__2024-04-01T00:00:00+00:00 [running]> on host ccc314eb571d
[2024-05-08T19:08:36.063+0000] {taskinstance.py:2648} INFO - Exporting env vars: AIRFLOW_CTX_DAG_OWNER='***' AIRFLOW_CTX_DAG_ID='7.2_externalTaskSensor' AIRFLOW_CTX_TASK_ID='tarea2' AIRFLOW_CTX_EXECUTION_DATE='2024-04-01T00:00:00+00:00' AIRFLOW_CTX_TRY_NUMBER='1' AIRFLOW_CTX_DAG_RUN_ID='scheduled__2024-04-01T00:00:00+00:00'
[2024-05-08T19:08:36.065+0000] {taskinstance.py:430} INFO - ::endgroup::
[2024-05-08T19:08:36.076+0000] {subprocess.py:63} INFO - Tmp dir root location: /tmp
[2024-05-08T19:08:36.077+0000] {subprocess.py:75} INFO - Running command: ['/usr/bin/bash', '-c', "sleep 10 && echo 'DAG 2 finalizado!'"]
[2024-05-08T19:08:36.085+0000] {subprocess.py:86} INFO - Output:
[2024-05-08T19:08:46.089+0000] {subprocess.py:93} INFO - DAG 2 finalizado!
[2024-05-08T19:08:46.090+0000] {subprocess.py:97} INFO - Command exited with return code 0
[2024-05-08T19:08:46.093+0000] {taskinstance.py:441} INFO - ::group::Post task execution logs
[2024-05-08T19:08:46.138+0000] {taskinstance.py:1206} INFO - Marking task as SUCCESS. dag_id=7.2_externalTaskSensor, task_id=tarea2, run_id=scheduled__2024-04-01T00:00:00+00:00, execution_date=20240401T000000, start_date=20240508T190835, end_date=20240508T190846
[2024-05-08T19:08:46.183+0000] {local_task_job_runner.py:240} INFO - Task exited with return code 0
[2024-05-08T19:08:46.199+0000] {taskinstance.py:3498} INFO - 0 downstream tasks scheduled from follow-on schedule check
[2024-05-08T19:08:46.208+0000] {local_task_job_runner.py:222} INFO - ::endgroup::
