[2024-05-07T23:42:16.402+0000] {local_task_job_runner.py:120} INFO - ::group::Pre task execution logs
[2024-05-07T23:42:16.430+0000] {taskinstance.py:2076} INFO - Dependencies all met for dep_context=non-requeueable deps ti=<TaskInstance: 5.1_orquestacion.tarea2 scheduled__2024-03-25T00:00:00+00:00 [queued]>
[2024-05-07T23:42:16.440+0000] {taskinstance.py:2076} INFO - Dependencies all met for dep_context=requeueable deps ti=<TaskInstance: 5.1_orquestacion.tarea2 scheduled__2024-03-25T00:00:00+00:00 [queued]>
[2024-05-07T23:42:16.441+0000] {taskinstance.py:2306} INFO - Starting attempt 1 of 1
[2024-05-07T23:42:16.457+0000] {taskinstance.py:2330} INFO - Executing <Task(BashOperator): tarea2> on 2024-03-25 00:00:00+00:00
[2024-05-07T23:42:16.462+0000] {warnings.py:110} WARNING - /home/***/.local/lib/python3.12/site-packages/***/task/task_runner/standard_task_runner.py:61: DeprecationWarning: This process (pid=3173) is multi-threaded, use of fork() may lead to deadlocks in the child.
  pid = os.fork()

[2024-05-07T23:42:16.464+0000] {standard_task_runner.py:90} INFO - Running: ['***', 'tasks', 'run', '5.1_orquestacion', 'tarea2', 'scheduled__2024-03-25T00:00:00+00:00', '--job-id', '154', '--raw', '--subdir', 'DAGS_FOLDER/051_orquestacion.py', '--cfg-path', '/tmp/tmpdyq97hsr']
[2024-05-07T23:42:16.464+0000] {standard_task_runner.py:63} INFO - Started process 3179 to run task
[2024-05-07T23:42:16.465+0000] {standard_task_runner.py:91} INFO - Job 154: Subtask tarea2
[2024-05-07T23:42:16.509+0000] {task_command.py:426} INFO - Running <TaskInstance: 5.1_orquestacion.tarea2 scheduled__2024-03-25T00:00:00+00:00 [running]> on host 521bf890d837
[2024-05-07T23:42:16.623+0000] {taskinstance.py:2648} INFO - Exporting env vars: AIRFLOW_CTX_DAG_OWNER='***' AIRFLOW_CTX_DAG_ID='5.1_orquestacion' AIRFLOW_CTX_TASK_ID='tarea2' AIRFLOW_CTX_EXECUTION_DATE='2024-03-25T00:00:00+00:00' AIRFLOW_CTX_TRY_NUMBER='1' AIRFLOW_CTX_DAG_RUN_ID='scheduled__2024-03-25T00:00:00+00:00'
[2024-05-07T23:42:16.629+0000] {taskinstance.py:430} INFO - ::endgroup::
[2024-05-07T23:42:16.640+0000] {subprocess.py:63} INFO - Tmp dir root location: /tmp
[2024-05-07T23:42:16.642+0000] {subprocess.py:75} INFO - Running command: ['/usr/bin/bash', '-c', "sleep 2 && echo 'Tarea 2'"]
[2024-05-07T23:42:16.650+0000] {subprocess.py:86} INFO - Output:
[2024-05-07T23:42:18.653+0000] {subprocess.py:93} INFO - Tarea 2
[2024-05-07T23:42:18.655+0000] {subprocess.py:97} INFO - Command exited with return code 0
[2024-05-07T23:42:18.656+0000] {taskinstance.py:441} INFO - ::group::Post task execution logs
[2024-05-07T23:42:18.733+0000] {taskinstance.py:1206} INFO - Marking task as SUCCESS. dag_id=5.1_orquestacion, task_id=tarea2, run_id=scheduled__2024-03-25T00:00:00+00:00, execution_date=20240325T000000, start_date=20240507T234216, end_date=20240507T234218
[2024-05-07T23:42:18.812+0000] {local_task_job_runner.py:240} INFO - Task exited with return code 0
[2024-05-07T23:42:18.831+0000] {taskinstance.py:3498} INFO - 2 downstream tasks scheduled from follow-on schedule check
[2024-05-07T23:42:18.834+0000] {local_task_job_runner.py:222} INFO - ::endgroup::
[2024-05-07T23:49:49.771+0000] {local_task_job_runner.py:120} INFO - ::group::Pre task execution logs
[2024-05-07T23:49:49.791+0000] {taskinstance.py:2076} INFO - Dependencies all met for dep_context=non-requeueable deps ti=<TaskInstance: 5.1_orquestacion.tarea2 scheduled__2024-03-25T00:00:00+00:00 [queued]>
[2024-05-07T23:49:49.801+0000] {taskinstance.py:2076} INFO - Dependencies all met for dep_context=requeueable deps ti=<TaskInstance: 5.1_orquestacion.tarea2 scheduled__2024-03-25T00:00:00+00:00 [queued]>
[2024-05-07T23:49:49.802+0000] {taskinstance.py:2306} INFO - Starting attempt 1 of 1
[2024-05-07T23:49:49.816+0000] {taskinstance.py:2330} INFO - Executing <Task(BashOperator): tarea2> on 2024-03-25 00:00:00+00:00
[2024-05-07T23:49:49.839+0000] {warnings.py:110} WARNING - /home/***/.local/lib/python3.12/site-packages/***/task/task_runner/standard_task_runner.py:61: DeprecationWarning: This process (pid=3784) is multi-threaded, use of fork() may lead to deadlocks in the child.
  pid = os.fork()

[2024-05-07T23:49:49.841+0000] {standard_task_runner.py:63} INFO - Started process 3792 to run task
[2024-05-07T23:49:49.840+0000] {standard_task_runner.py:90} INFO - Running: ['***', 'tasks', 'run', '5.1_orquestacion', 'tarea2', 'scheduled__2024-03-25T00:00:00+00:00', '--job-id', '282', '--raw', '--subdir', 'DAGS_FOLDER/051_orquestacion.py', '--cfg-path', '/tmp/tmp87vnovlf']
[2024-05-07T23:49:49.842+0000] {standard_task_runner.py:91} INFO - Job 282: Subtask tarea2
[2024-05-07T23:49:49.879+0000] {task_command.py:426} INFO - Running <TaskInstance: 5.1_orquestacion.tarea2 scheduled__2024-03-25T00:00:00+00:00 [running]> on host 521bf890d837
[2024-05-07T23:49:49.956+0000] {taskinstance.py:2648} INFO - Exporting env vars: AIRFLOW_CTX_DAG_OWNER='***' AIRFLOW_CTX_DAG_ID='5.1_orquestacion' AIRFLOW_CTX_TASK_ID='tarea2' AIRFLOW_CTX_EXECUTION_DATE='2024-03-25T00:00:00+00:00' AIRFLOW_CTX_TRY_NUMBER='1' AIRFLOW_CTX_DAG_RUN_ID='scheduled__2024-03-25T00:00:00+00:00'
[2024-05-07T23:49:49.957+0000] {taskinstance.py:430} INFO - ::endgroup::
[2024-05-07T23:49:49.968+0000] {subprocess.py:63} INFO - Tmp dir root location: /tmp
[2024-05-07T23:49:49.968+0000] {subprocess.py:75} INFO - Running command: ['/usr/bin/bash', '-c', "sleep 2 && echo 'Tarea 2'"]
[2024-05-07T23:49:49.976+0000] {subprocess.py:86} INFO - Output:
[2024-05-07T23:49:51.978+0000] {subprocess.py:93} INFO - Tarea 2
[2024-05-07T23:49:51.982+0000] {subprocess.py:97} INFO - Command exited with return code 0
[2024-05-07T23:49:51.997+0000] {taskinstance.py:441} INFO - ::group::Post task execution logs
[2024-05-07T23:49:52.018+0000] {taskinstance.py:1206} INFO - Marking task as SUCCESS. dag_id=5.1_orquestacion, task_id=tarea2, run_id=scheduled__2024-03-25T00:00:00+00:00, execution_date=20240325T000000, start_date=20240507T234949, end_date=20240507T234952
[2024-05-07T23:49:52.065+0000] {local_task_job_runner.py:240} INFO - Task exited with return code 0
[2024-05-07T23:49:52.094+0000] {taskinstance.py:3498} INFO - 2 downstream tasks scheduled from follow-on schedule check
[2024-05-07T23:49:52.098+0000] {local_task_job_runner.py:222} INFO - ::endgroup::
