[2024-05-10T06:00:53.551+0000] {local_task_job_runner.py:120} INFO - ::group::Pre task execution logs
[2024-05-10T06:00:53.674+0000] {taskinstance.py:2076} INFO - Dependencies all met for dep_context=non-requeueable deps ti=<TaskInstance: Proyecto_Nasa.t_spacex_api scheduled__2023-11-26T00:00:00+00:00 [queued]>
[2024-05-10T06:00:53.693+0000] {taskinstance.py:2076} INFO - Dependencies all met for dep_context=requeueable deps ti=<TaskInstance: Proyecto_Nasa.t_spacex_api scheduled__2023-11-26T00:00:00+00:00 [queued]>
[2024-05-10T06:00:53.709+0000] {taskinstance.py:2306} INFO - Starting attempt 1 of 1
[2024-05-10T06:00:53.727+0000] {taskinstance.py:2330} INFO - Executing <Task(BashOperator): t_spacex_api> on 2023-11-26 00:00:00+00:00
[2024-05-10T06:00:53.735+0000] {warnings.py:110} WARNING - /home/***/.local/lib/python3.12/site-packages/***/task/task_runner/standard_task_runner.py:61: DeprecationWarning: This process (pid=972) is multi-threaded, use of fork() may lead to deadlocks in the child.
  pid = os.fork()

[2024-05-10T06:00:53.736+0000] {standard_task_runner.py:90} INFO - Running: ['***', 'tasks', 'run', 'Proyecto_Nasa', 't_spacex_api', 'scheduled__2023-11-26T00:00:00+00:00', '--job-id', '1103', '--raw', '--subdir', 'DAGS_FOLDER/Proyecto_SpaceX_v1.py', '--cfg-path', '/tmp/tmp6_ak_yz4']
[2024-05-10T06:00:53.740+0000] {standard_task_runner.py:63} INFO - Started process 974 to run task
[2024-05-10T06:00:53.741+0000] {standard_task_runner.py:91} INFO - Job 1103: Subtask t_spacex_api
[2024-05-10T06:00:53.776+0000] {task_command.py:426} INFO - Running <TaskInstance: Proyecto_Nasa.t_spacex_api scheduled__2023-11-26T00:00:00+00:00 [running]> on host 1b7f0b10dd99
[2024-05-10T06:00:53.866+0000] {taskinstance.py:2648} INFO - Exporting env vars: AIRFLOW_CTX_DAG_OWNER='***' AIRFLOW_CTX_DAG_ID='Proyecto_Nasa' AIRFLOW_CTX_TASK_ID='t_spacex_api' AIRFLOW_CTX_EXECUTION_DATE='2023-11-26T00:00:00+00:00' AIRFLOW_CTX_TRY_NUMBER='1' AIRFLOW_CTX_DAG_RUN_ID='scheduled__2023-11-26T00:00:00+00:00'
[2024-05-10T06:00:53.868+0000] {taskinstance.py:430} INFO - ::endgroup::
[2024-05-10T06:00:53.879+0000] {subprocess.py:63} INFO - Tmp dir root location: /tmp
[2024-05-10T06:00:53.881+0000] {subprocess.py:75} INFO - Running command: ['/usr/bin/bash', '-c', "curl -o /tmp/history.json -L 'https://api.spacexdata.com/v4/history'"]
[2024-05-10T06:00:53.891+0000] {subprocess.py:86} INFO - Output:
[2024-05-10T06:00:53.897+0000] {subprocess.py:93} INFO -   % Total    % Received % Xferd  Average Speed   Time    Time     Time  Current
[2024-05-10T06:00:53.898+0000] {subprocess.py:93} INFO -                                  Dload  Upload   Total   Spent    Left  Speed
[2024-05-10T06:00:54.208+0000] {subprocess.py:93} INFO -   0     0    0     0    0     0      0      0 --:--:-- --:--:-- --:--:--     0100  6756    0  6756    0     0  21766      0 --:--:-- --:--:-- --:--:-- 21793
[2024-05-10T06:00:54.212+0000] {subprocess.py:97} INFO - Command exited with return code 0
[2024-05-10T06:00:54.214+0000] {taskinstance.py:441} INFO - ::group::Post task execution logs
[2024-05-10T06:00:54.262+0000] {taskinstance.py:1206} INFO - Marking task as SUCCESS. dag_id=Proyecto_Nasa, task_id=t_spacex_api, run_id=scheduled__2023-11-26T00:00:00+00:00, execution_date=20231126T000000, start_date=20240510T060053, end_date=20240510T060054
[2024-05-10T06:00:54.318+0000] {local_task_job_runner.py:240} INFO - Task exited with return code 0
[2024-05-10T06:00:54.349+0000] {taskinstance.py:3498} INFO - 1 downstream tasks scheduled from follow-on schedule check
[2024-05-10T06:00:54.353+0000] {local_task_job_runner.py:222} INFO - ::endgroup::
