[2024-05-10T06:25:42.176+0000] {local_task_job_runner.py:120} INFO - ::group::Pre task execution logs
[2024-05-10T06:25:42.323+0000] {taskinstance.py:2076} INFO - Dependencies all met for dep_context=non-requeueable deps ti=<TaskInstance: Proyecto_SpaceX_v1.Visualizar_Respuesta_Satelite scheduled__2024-03-28T00:00:00+00:00 [queued]>
[2024-05-10T06:25:42.331+0000] {taskinstance.py:2076} INFO - Dependencies all met for dep_context=requeueable deps ti=<TaskInstance: Proyecto_SpaceX_v1.Visualizar_Respuesta_Satelite scheduled__2024-03-28T00:00:00+00:00 [queued]>
[2024-05-10T06:25:42.334+0000] {taskinstance.py:2306} INFO - Starting attempt 1 of 1
[2024-05-10T06:25:42.350+0000] {taskinstance.py:2330} INFO - Executing <Task(BashOperator): Visualizar_Respuesta_Satelite> on 2024-03-28 00:00:00+00:00
[2024-05-10T06:25:42.358+0000] {warnings.py:110} WARNING - /home/***/.local/lib/python3.12/site-packages/***/task/task_runner/standard_task_runner.py:61: DeprecationWarning: This process (pid=2248) is multi-threaded, use of fork() may lead to deadlocks in the child.
  pid = os.fork()

[2024-05-10T06:25:42.359+0000] {standard_task_runner.py:63} INFO - Started process 2250 to run task
[2024-05-10T06:25:42.359+0000] {standard_task_runner.py:90} INFO - Running: ['***', 'tasks', 'run', 'Proyecto_SpaceX_v1', 'Visualizar_Respuesta_Satelite', 'scheduled__2024-03-28T00:00:00+00:00', '--job-id', '1321', '--raw', '--subdir', 'DAGS_FOLDER/Proyecto_SpaceX_v1.py', '--cfg-path', '/tmp/tmpd8nn4b_d']
[2024-05-10T06:25:42.361+0000] {standard_task_runner.py:91} INFO - Job 1321: Subtask Visualizar_Respuesta_Satelite
[2024-05-10T06:25:42.399+0000] {task_command.py:426} INFO - Running <TaskInstance: Proyecto_SpaceX_v1.Visualizar_Respuesta_Satelite scheduled__2024-03-28T00:00:00+00:00 [running]> on host 1b7f0b10dd99
[2024-05-10T06:25:42.481+0000] {taskinstance.py:2648} INFO - Exporting env vars: AIRFLOW_CTX_DAG_OWNER='***' AIRFLOW_CTX_DAG_ID='Proyecto_SpaceX_v1' AIRFLOW_CTX_TASK_ID='Visualizar_Respuesta_Satelite' AIRFLOW_CTX_EXECUTION_DATE='2024-03-28T00:00:00+00:00' AIRFLOW_CTX_TRY_NUMBER='1' AIRFLOW_CTX_DAG_RUN_ID='scheduled__2024-03-28T00:00:00+00:00'
[2024-05-10T06:25:42.495+0000] {taskinstance.py:430} INFO - ::endgroup::
[2024-05-10T06:25:42.537+0000] {subprocess.py:63} INFO - Tmp dir root location: /tmp
[2024-05-10T06:25:42.543+0000] {subprocess.py:75} INFO - Running command: ['/usr/bin/bash', '-c', 'ls /tmp && head /tmp/platzi_data_20240328.csv']
[2024-05-10T06:25:42.554+0000] {subprocess.py:86} INFO - Output:
[2024-05-10T06:25:42.557+0000] {subprocess.py:93} INFO - ***tmpldsw0kic
[2024-05-10T06:25:42.558+0000] {subprocess.py:93} INFO - history.json
[2024-05-10T06:25:42.559+0000] {subprocess.py:93} INFO - platzi_data_20231125.csv
[2024-05-10T06:25:42.559+0000] {subprocess.py:93} INFO - platzi_data_20231126.csv
[2024-05-10T06:25:42.560+0000] {subprocess.py:93} INFO - platzi_data_20231127.csv
[2024-05-10T06:25:42.561+0000] {subprocess.py:93} INFO - platzi_data_20240101.csv
[2024-05-10T06:25:42.561+0000] {subprocess.py:93} INFO - platzi_data_20240201.csv
[2024-05-10T06:25:42.562+0000] {subprocess.py:93} INFO - platzi_data_20240301.csv
[2024-05-10T06:25:42.563+0000] {subprocess.py:93} INFO - platzi_data_20240302.csv
[2024-05-10T06:25:42.563+0000] {subprocess.py:93} INFO - platzi_data_20240303.csv
[2024-05-10T06:25:42.564+0000] {subprocess.py:93} INFO - platzi_data_20240304.csv
[2024-05-10T06:25:42.565+0000] {subprocess.py:93} INFO - platzi_data_20240305.csv
[2024-05-10T06:25:42.566+0000] {subprocess.py:93} INFO - platzi_data_20240306.csv
[2024-05-10T06:25:42.566+0000] {subprocess.py:93} INFO - platzi_data_20240307.csv
[2024-05-10T06:25:42.567+0000] {subprocess.py:93} INFO - platzi_data_20240308.csv
[2024-05-10T06:25:42.568+0000] {subprocess.py:93} INFO - platzi_data_20240309.csv
[2024-05-10T06:25:42.568+0000] {subprocess.py:93} INFO - platzi_data_20240310.csv
[2024-05-10T06:25:42.569+0000] {subprocess.py:93} INFO - platzi_data_20240311.csv
[2024-05-10T06:25:42.570+0000] {subprocess.py:93} INFO - platzi_data_20240312.csv
[2024-05-10T06:25:42.570+0000] {subprocess.py:93} INFO - platzi_data_20240313.csv
[2024-05-10T06:25:42.571+0000] {subprocess.py:93} INFO - platzi_data_20240314.csv
[2024-05-10T06:25:42.571+0000] {subprocess.py:93} INFO - platzi_data_20240316.csv
[2024-05-10T06:25:42.572+0000] {subprocess.py:93} INFO - platzi_data_20240317.csv
[2024-05-10T06:25:42.573+0000] {subprocess.py:93} INFO - platzi_data_20240318.csv
[2024-05-10T06:25:42.573+0000] {subprocess.py:93} INFO - platzi_data_20240319.csv
[2024-05-10T06:25:42.574+0000] {subprocess.py:93} INFO - platzi_data_20240320.csv
[2024-05-10T06:25:42.574+0000] {subprocess.py:93} INFO - platzi_data_20240321.csv
[2024-05-10T06:25:42.575+0000] {subprocess.py:93} INFO - platzi_data_20240322.csv
[2024-05-10T06:25:42.576+0000] {subprocess.py:93} INFO - platzi_data_20240323.csv
[2024-05-10T06:25:42.576+0000] {subprocess.py:93} INFO - platzi_data_20240324.csv
[2024-05-10T06:25:42.577+0000] {subprocess.py:93} INFO - platzi_data_20240325.csv
[2024-05-10T06:25:42.577+0000] {subprocess.py:93} INFO - platzi_data_20240326.csv
[2024-05-10T06:25:42.578+0000] {subprocess.py:93} INFO - platzi_data_20240327.csv
[2024-05-10T06:25:42.578+0000] {subprocess.py:93} INFO - platzi_data_20240328.csv
[2024-05-10T06:25:42.579+0000] {subprocess.py:93} INFO - pymp-uyxtzsi7
[2024-05-10T06:25:42.579+0000] {subprocess.py:93} INFO - response_20231125.txt
[2024-05-10T06:25:42.580+0000] {subprocess.py:93} INFO - response_20231126.txt
[2024-05-10T06:25:42.580+0000] {subprocess.py:93} INFO - response_20231127.txt
[2024-05-10T06:25:42.581+0000] {subprocess.py:93} INFO - response_20240101.txt
[2024-05-10T06:25:42.581+0000] {subprocess.py:93} INFO - response_20240201.txt
[2024-05-10T06:25:42.582+0000] {subprocess.py:93} INFO - response_20240301.txt
[2024-05-10T06:25:42.582+0000] {subprocess.py:93} INFO - response_20240302.txt
[2024-05-10T06:25:42.583+0000] {subprocess.py:93} INFO - response_20240303.txt
[2024-05-10T06:25:42.583+0000] {subprocess.py:93} INFO - response_20240304.txt
[2024-05-10T06:25:42.584+0000] {subprocess.py:93} INFO - response_20240305.txt
[2024-05-10T06:25:42.585+0000] {subprocess.py:93} INFO - response_20240306.txt
[2024-05-10T06:25:42.585+0000] {subprocess.py:93} INFO - response_20240307.txt
[2024-05-10T06:25:42.585+0000] {subprocess.py:93} INFO - response_20240308.txt
[2024-05-10T06:25:42.586+0000] {subprocess.py:93} INFO - response_20240309.txt
[2024-05-10T06:25:42.587+0000] {subprocess.py:93} INFO - response_20240310.txt
[2024-05-10T06:25:42.588+0000] {subprocess.py:93} INFO - response_20240311.txt
[2024-05-10T06:25:42.596+0000] {subprocess.py:93} INFO - response_20240312.txt
[2024-05-10T06:25:42.597+0000] {subprocess.py:93} INFO - response_20240313.txt
[2024-05-10T06:25:42.597+0000] {subprocess.py:93} INFO - response_20240314.txt
[2024-05-10T06:25:42.598+0000] {subprocess.py:93} INFO - response_20240315.txt
[2024-05-10T06:25:42.599+0000] {subprocess.py:93} INFO - response_20240316.txt
[2024-05-10T06:25:42.599+0000] {subprocess.py:93} INFO - response_20240317.txt
[2024-05-10T06:25:42.600+0000] {subprocess.py:93} INFO - response_20240318.txt
[2024-05-10T06:25:42.601+0000] {subprocess.py:93} INFO - response_20240319.txt
[2024-05-10T06:25:42.601+0000] {subprocess.py:93} INFO - response_20240320.txt
[2024-05-10T06:25:42.602+0000] {subprocess.py:93} INFO - response_20240321.txt
[2024-05-10T06:25:42.602+0000] {subprocess.py:93} INFO - response_20240322.txt
[2024-05-10T06:25:42.603+0000] {subprocess.py:93} INFO - response_20240323.txt
[2024-05-10T06:25:42.603+0000] {subprocess.py:93} INFO - response_20240324.txt
[2024-05-10T06:25:42.604+0000] {subprocess.py:93} INFO - response_20240325.txt
[2024-05-10T06:25:42.605+0000] {subprocess.py:93} INFO - response_20240326.txt
[2024-05-10T06:25:42.605+0000] {subprocess.py:93} INFO - response_20240327.txt
[2024-05-10T06:25:42.606+0000] {subprocess.py:93} INFO - response_20240328.txt
[2024-05-10T06:25:42.606+0000] {subprocess.py:93} INFO - Student,timestamp
[2024-05-10T06:25:42.607+0000] {subprocess.py:93} INFO - Maria Cruz,2024-03-28 00:00:00+00:00
[2024-05-10T06:25:42.608+0000] {subprocess.py:93} INFO - Daniel Crema,2024-03-28 00:00:00+00:00
[2024-05-10T06:25:42.608+0000] {subprocess.py:93} INFO - Elon Musk,2024-03-28 00:00:00+00:00
[2024-05-10T06:25:42.609+0000] {subprocess.py:93} INFO - Karol Castrejon,2024-03-28 00:00:00+00:00
[2024-05-10T06:25:42.609+0000] {subprocess.py:93} INFO - Freddy Vega,2024-03-28 00:00:00+00:00
[2024-05-10T06:25:42.610+0000] {subprocess.py:93} INFO - Felipe Duque,2024-03-28 00:00:00+00:00
[2024-05-10T06:25:42.611+0000] {subprocess.py:97} INFO - Command exited with return code 0
[2024-05-10T06:25:42.612+0000] {taskinstance.py:441} INFO - ::group::Post task execution logs
[2024-05-10T06:25:42.642+0000] {taskinstance.py:1206} INFO - Marking task as SUCCESS. dag_id=Proyecto_SpaceX_v1, task_id=Visualizar_Respuesta_Satelite, run_id=scheduled__2024-03-28T00:00:00+00:00, execution_date=20240328T000000, start_date=20240510T062542, end_date=20240510T062542
[2024-05-10T06:25:42.696+0000] {local_task_job_runner.py:240} INFO - Task exited with return code 0
[2024-05-10T06:25:42.725+0000] {taskinstance.py:3498} INFO - 1 downstream tasks scheduled from follow-on schedule check
[2024-05-10T06:25:42.735+0000] {local_task_job_runner.py:222} INFO - ::endgroup::
