[2024-05-07T23:42:16.409+0000] {local_task_job_runner.py:120} INFO - ::group::Pre task execution logs
[2024-05-07T23:42:16.435+0000] {taskinstance.py:2076} INFO - Dependencies all met for dep_context=non-requeueable deps ti=<TaskInstance: 5.1_orquestacion.tarea3 scheduled__2024-03-24T00:00:00+00:00 [queued]>
[2024-05-07T23:42:16.451+0000] {taskinstance.py:2076} INFO - Dependencies all met for dep_context=requeueable deps ti=<TaskInstance: 5.1_orquestacion.tarea3 scheduled__2024-03-24T00:00:00+00:00 [queued]>
[2024-05-07T23:42:16.452+0000] {taskinstance.py:2306} INFO - Starting attempt 1 of 1
[2024-05-07T23:42:16.465+0000] {taskinstance.py:2330} INFO - Executing <Task(BashOperator): tarea3> on 2024-03-24 00:00:00+00:00
[2024-05-07T23:42:16.471+0000] {warnings.py:110} WARNING - /home/***/.local/lib/python3.12/site-packages/***/task/task_runner/standard_task_runner.py:61: DeprecationWarning: This process (pid=3175) is multi-threaded, use of fork() may lead to deadlocks in the child.
  pid = os.fork()

[2024-05-07T23:42:16.472+0000] {standard_task_runner.py:63} INFO - Started process 3180 to run task
[2024-05-07T23:42:16.472+0000] {standard_task_runner.py:90} INFO - Running: ['***', 'tasks', 'run', '5.1_orquestacion', 'tarea3', 'scheduled__2024-03-24T00:00:00+00:00', '--job-id', '155', '--raw', '--subdir', 'DAGS_FOLDER/051_orquestacion.py', '--cfg-path', '/tmp/tmpm95q7575']
[2024-05-07T23:42:16.473+0000] {standard_task_runner.py:91} INFO - Job 155: Subtask tarea3
[2024-05-07T23:42:16.515+0000] {task_command.py:426} INFO - Running <TaskInstance: 5.1_orquestacion.tarea3 scheduled__2024-03-24T00:00:00+00:00 [running]> on host 521bf890d837
[2024-05-07T23:42:16.629+0000] {taskinstance.py:2648} INFO - Exporting env vars: AIRFLOW_CTX_DAG_OWNER='***' AIRFLOW_CTX_DAG_ID='5.1_orquestacion' AIRFLOW_CTX_TASK_ID='tarea3' AIRFLOW_CTX_EXECUTION_DATE='2024-03-24T00:00:00+00:00' AIRFLOW_CTX_TRY_NUMBER='1' AIRFLOW_CTX_DAG_RUN_ID='scheduled__2024-03-24T00:00:00+00:00'
[2024-05-07T23:42:16.629+0000] {taskinstance.py:430} INFO - ::endgroup::
[2024-05-07T23:42:16.641+0000] {subprocess.py:63} INFO - Tmp dir root location: /tmp
[2024-05-07T23:42:16.642+0000] {subprocess.py:75} INFO - Running command: ['/usr/bin/bash', '-c', "sleep 2 && echo 'Tarea 3'"]
[2024-05-07T23:42:16.650+0000] {subprocess.py:86} INFO - Output:
[2024-05-07T23:42:18.653+0000] {subprocess.py:93} INFO - Tarea 3
[2024-05-07T23:42:18.655+0000] {subprocess.py:97} INFO - Command exited with return code 0
[2024-05-07T23:42:18.656+0000] {taskinstance.py:441} INFO - ::group::Post task execution logs
[2024-05-07T23:42:18.732+0000] {taskinstance.py:1206} INFO - Marking task as SUCCESS. dag_id=5.1_orquestacion, task_id=tarea3, run_id=scheduled__2024-03-24T00:00:00+00:00, execution_date=20240324T000000, start_date=20240507T234216, end_date=20240507T234218
[2024-05-07T23:42:18.819+0000] {local_task_job_runner.py:240} INFO - Task exited with return code 0
[2024-05-07T23:42:18.832+0000] {taskinstance.py:3498} INFO - 0 downstream tasks scheduled from follow-on schedule check
[2024-05-07T23:42:18.836+0000] {local_task_job_runner.py:222} INFO - ::endgroup::
[2024-05-07T23:49:42.772+0000] {local_task_job_runner.py:120} INFO - ::group::Pre task execution logs
[2024-05-07T23:49:42.797+0000] {taskinstance.py:2076} INFO - Dependencies all met for dep_context=non-requeueable deps ti=<TaskInstance: 5.1_orquestacion.tarea3 scheduled__2024-03-24T00:00:00+00:00 [queued]>
[2024-05-07T23:49:42.809+0000] {taskinstance.py:2076} INFO - Dependencies all met for dep_context=requeueable deps ti=<TaskInstance: 5.1_orquestacion.tarea3 scheduled__2024-03-24T00:00:00+00:00 [queued]>
[2024-05-07T23:49:42.810+0000] {taskinstance.py:2306} INFO - Starting attempt 1 of 1
[2024-05-07T23:49:42.827+0000] {taskinstance.py:2330} INFO - Executing <Task(BashOperator): tarea3> on 2024-03-24 00:00:00+00:00
[2024-05-07T23:49:42.834+0000] {warnings.py:110} WARNING - /home/***/.local/lib/python3.12/site-packages/***/task/task_runner/standard_task_runner.py:61: DeprecationWarning: This process (pid=3773) is multi-threaded, use of fork() may lead to deadlocks in the child.
  pid = os.fork()

[2024-05-07T23:49:42.835+0000] {standard_task_runner.py:90} INFO - Running: ['***', 'tasks', 'run', '5.1_orquestacion', 'tarea3', 'scheduled__2024-03-24T00:00:00+00:00', '--job-id', '279', '--raw', '--subdir', 'DAGS_FOLDER/051_orquestacion.py', '--cfg-path', '/tmp/tmpiad4jmt0']
[2024-05-07T23:49:42.836+0000] {standard_task_runner.py:63} INFO - Started process 3774 to run task
[2024-05-07T23:49:42.836+0000] {standard_task_runner.py:91} INFO - Job 279: Subtask tarea3
[2024-05-07T23:49:42.878+0000] {task_command.py:426} INFO - Running <TaskInstance: 5.1_orquestacion.tarea3 scheduled__2024-03-24T00:00:00+00:00 [running]> on host 521bf890d837
[2024-05-07T23:49:42.965+0000] {taskinstance.py:2648} INFO - Exporting env vars: AIRFLOW_CTX_DAG_OWNER='***' AIRFLOW_CTX_DAG_ID='5.1_orquestacion' AIRFLOW_CTX_TASK_ID='tarea3' AIRFLOW_CTX_EXECUTION_DATE='2024-03-24T00:00:00+00:00' AIRFLOW_CTX_TRY_NUMBER='1' AIRFLOW_CTX_DAG_RUN_ID='scheduled__2024-03-24T00:00:00+00:00'
[2024-05-07T23:49:42.966+0000] {taskinstance.py:430} INFO - ::endgroup::
[2024-05-07T23:49:42.978+0000] {subprocess.py:63} INFO - Tmp dir root location: /tmp
[2024-05-07T23:49:42.980+0000] {subprocess.py:75} INFO - Running command: ['/usr/bin/bash', '-c', "sleep 2 && echo 'Tarea 3'"]
[2024-05-07T23:49:42.990+0000] {subprocess.py:86} INFO - Output:
[2024-05-07T23:49:44.993+0000] {subprocess.py:93} INFO - Tarea 3
[2024-05-07T23:49:44.994+0000] {subprocess.py:97} INFO - Command exited with return code 0
[2024-05-07T23:49:44.995+0000] {taskinstance.py:441} INFO - ::group::Post task execution logs
[2024-05-07T23:49:45.020+0000] {taskinstance.py:1206} INFO - Marking task as SUCCESS. dag_id=5.1_orquestacion, task_id=tarea3, run_id=scheduled__2024-03-24T00:00:00+00:00, execution_date=20240324T000000, start_date=20240507T234942, end_date=20240507T234945
[2024-05-07T23:49:45.061+0000] {local_task_job_runner.py:240} INFO - Task exited with return code 0
[2024-05-07T23:49:45.077+0000] {taskinstance.py:3498} INFO - 0 downstream tasks scheduled from follow-on schedule check
[2024-05-07T23:49:45.079+0000] {local_task_job_runner.py:222} INFO - ::endgroup::
