[2024-05-10T06:01:24.850+0000] {local_task_job_runner.py:120} INFO - ::group::Pre task execution logs
[2024-05-10T06:01:24.976+0000] {taskinstance.py:2076} INFO - Dependencies all met for dep_context=non-requeueable deps ti=<TaskInstance: Proyecto_Nasa.t_spacex_api scheduled__2023-11-27T00:00:00+00:00 [queued]>
[2024-05-10T06:01:24.984+0000] {taskinstance.py:2076} INFO - Dependencies all met for dep_context=requeueable deps ti=<TaskInstance: Proyecto_Nasa.t_spacex_api scheduled__2023-11-27T00:00:00+00:00 [queued]>
[2024-05-10T06:01:24.985+0000] {taskinstance.py:2306} INFO - Starting attempt 1 of 1
[2024-05-10T06:01:25.001+0000] {taskinstance.py:2330} INFO - Executing <Task(BashOperator): t_spacex_api> on 2023-11-27 00:00:00+00:00
[2024-05-10T06:01:25.007+0000] {warnings.py:110} WARNING - /home/***/.local/lib/python3.12/site-packages/***/task/task_runner/standard_task_runner.py:61: DeprecationWarning: This process (pid=1009) is multi-threaded, use of fork() may lead to deadlocks in the child.
  pid = os.fork()

[2024-05-10T06:01:25.009+0000] {standard_task_runner.py:63} INFO - Started process 1011 to run task
[2024-05-10T06:01:25.009+0000] {standard_task_runner.py:90} INFO - Running: ['***', 'tasks', 'run', 'Proyecto_Nasa', 't_spacex_api', 'scheduled__2023-11-27T00:00:00+00:00', '--job-id', '1110', '--raw', '--subdir', 'DAGS_FOLDER/Proyecto_SpaceX_v1.py', '--cfg-path', '/tmp/tmpb654owuq']
[2024-05-10T06:01:25.011+0000] {standard_task_runner.py:91} INFO - Job 1110: Subtask t_spacex_api
[2024-05-10T06:01:25.050+0000] {task_command.py:426} INFO - Running <TaskInstance: Proyecto_Nasa.t_spacex_api scheduled__2023-11-27T00:00:00+00:00 [running]> on host 1b7f0b10dd99
[2024-05-10T06:01:25.117+0000] {taskinstance.py:2648} INFO - Exporting env vars: AIRFLOW_CTX_DAG_OWNER='***' AIRFLOW_CTX_DAG_ID='Proyecto_Nasa' AIRFLOW_CTX_TASK_ID='t_spacex_api' AIRFLOW_CTX_EXECUTION_DATE='2023-11-27T00:00:00+00:00' AIRFLOW_CTX_TRY_NUMBER='1' AIRFLOW_CTX_DAG_RUN_ID='scheduled__2023-11-27T00:00:00+00:00'
[2024-05-10T06:01:25.118+0000] {taskinstance.py:430} INFO - ::endgroup::
[2024-05-10T06:01:25.128+0000] {subprocess.py:63} INFO - Tmp dir root location: /tmp
[2024-05-10T06:01:25.129+0000] {subprocess.py:75} INFO - Running command: ['/usr/bin/bash', '-c', "curl -o /tmp/history.json -L 'https://api.spacexdata.com/v4/history'"]
[2024-05-10T06:01:25.138+0000] {subprocess.py:86} INFO - Output:
[2024-05-10T06:01:25.143+0000] {subprocess.py:93} INFO -   % Total    % Received % Xferd  Average Speed   Time    Time     Time  Current
[2024-05-10T06:01:25.143+0000] {subprocess.py:93} INFO -                                  Dload  Upload   Total   Spent    Left  Speed
[2024-05-10T06:01:25.332+0000] {subprocess.py:93} INFO -   0     0    0     0    0     0      0      0 --:--:-- --:--:-- --:--:--     0  0     0    0     0    0     0      0      0 --:--:-- --:--:-- --:--:--     0100  6756    0  6756    0     0  35704      0 --:--:-- --:--:-- --:--:-- 35557
[2024-05-10T06:01:25.334+0000] {subprocess.py:97} INFO - Command exited with return code 0
[2024-05-10T06:01:25.334+0000] {taskinstance.py:441} INFO - ::group::Post task execution logs
[2024-05-10T06:01:25.360+0000] {taskinstance.py:1206} INFO - Marking task as SUCCESS. dag_id=Proyecto_Nasa, task_id=t_spacex_api, run_id=scheduled__2023-11-27T00:00:00+00:00, execution_date=20231127T000000, start_date=20240510T060124, end_date=20240510T060125
[2024-05-10T06:01:25.384+0000] {local_task_job_runner.py:240} INFO - Task exited with return code 0
[2024-05-10T06:01:25.404+0000] {taskinstance.py:3498} INFO - 1 downstream tasks scheduled from follow-on schedule check
[2024-05-10T06:01:25.414+0000] {local_task_job_runner.py:222} INFO - ::endgroup::
