[2024-05-08T19:55:09.602+0000] {local_task_job_runner.py:120} INFO - ::group::Pre task execution logs
[2024-05-08T19:55:09.619+0000] {taskinstance.py:2076} INFO - Dependencies all met for dep_context=non-requeueable deps ti=<TaskInstance: 7.3_filesensor.waiting_file scheduled__2022-07-13T00:00:00+00:00 [queued]>
[2024-05-08T19:55:09.626+0000] {taskinstance.py:2076} INFO - Dependencies all met for dep_context=requeueable deps ti=<TaskInstance: 7.3_filesensor.waiting_file scheduled__2022-07-13T00:00:00+00:00 [queued]>
[2024-05-08T19:55:09.628+0000] {taskinstance.py:2306} INFO - Starting attempt 1 of 1
[2024-05-08T19:55:09.643+0000] {taskinstance.py:2330} INFO - Executing <Task(FileSensor): waiting_file> on 2022-07-13 00:00:00+00:00
[2024-05-08T19:55:09.649+0000] {warnings.py:110} WARNING - /home/***/.local/lib/python3.12/site-packages/***/task/task_runner/standard_task_runner.py:61: DeprecationWarning: This process (pid=2358) is multi-threaded, use of fork() may lead to deadlocks in the child.
  pid = os.fork()

[2024-05-08T19:55:09.650+0000] {standard_task_runner.py:63} INFO - Started process 2359 to run task
[2024-05-08T19:55:09.650+0000] {standard_task_runner.py:90} INFO - Running: ['***', 'tasks', 'run', '7.3_filesensor', 'waiting_file', 'scheduled__2022-07-13T00:00:00+00:00', '--job-id', '753', '--raw', '--subdir', 'DAGS_FOLDER/07_FileSensor.py', '--cfg-path', '/tmp/tmpfaxmft3t']
[2024-05-08T19:55:09.651+0000] {standard_task_runner.py:91} INFO - Job 753: Subtask waiting_file
[2024-05-08T19:55:09.686+0000] {task_command.py:426} INFO - Running <TaskInstance: 7.3_filesensor.waiting_file scheduled__2022-07-13T00:00:00+00:00 [running]> on host ccc314eb571d
[2024-05-08T19:55:09.752+0000] {taskinstance.py:2648} INFO - Exporting env vars: AIRFLOW_CTX_DAG_OWNER='***' AIRFLOW_CTX_DAG_ID='7.3_filesensor' AIRFLOW_CTX_TASK_ID='waiting_file' AIRFLOW_CTX_EXECUTION_DATE='2022-07-13T00:00:00+00:00' AIRFLOW_CTX_TRY_NUMBER='1' AIRFLOW_CTX_DAG_RUN_ID='scheduled__2022-07-13T00:00:00+00:00'
[2024-05-08T19:55:09.780+0000] {taskinstance.py:430} INFO - ::endgroup::
[2024-05-08T19:55:09.792+0000] {baseoperator.py:399} WARNING - FileSensor.execute cannot be called outside TaskInstance!
[2024-05-08T19:55:09.808+0000] {base.py:84} INFO - Using connection ID 'fs_default' for task execution.
[2024-05-08T19:55:09.809+0000] {filesystem.py:85} INFO - Poking for file /tmp/file.txt
[2024-05-08T19:55:09.809+0000] {filesystem.py:89} INFO - Found File /tmp/file.txt last modified: 20240508195508
[2024-05-08T19:55:09.810+0000] {base.py:294} INFO - Success criteria met. Exiting.
[2024-05-08T19:55:09.810+0000] {filesystem.py:85} INFO - Poking for file /tmp/file.txt
[2024-05-08T19:55:09.810+0000] {filesystem.py:89} INFO - Found File /tmp/file.txt last modified: 20240508195508
[2024-05-08T19:55:09.810+0000] {taskinstance.py:441} INFO - ::group::Post task execution logs
[2024-05-08T19:55:09.817+0000] {taskinstance.py:1206} INFO - Marking task as SUCCESS. dag_id=7.3_filesensor, task_id=waiting_file, run_id=scheduled__2022-07-13T00:00:00+00:00, execution_date=20220713T000000, start_date=20240508T195509, end_date=20240508T195509
[2024-05-08T19:55:09.863+0000] {local_task_job_runner.py:240} INFO - Task exited with return code 0
[2024-05-08T19:55:09.880+0000] {taskinstance.py:3498} INFO - 1 downstream tasks scheduled from follow-on schedule check
[2024-05-08T19:55:09.883+0000] {local_task_job_runner.py:222} INFO - ::endgroup::
