[2024-05-07T23:41:50.912+0000] {local_task_job_runner.py:120} INFO - ::group::Pre task execution logs
[2024-05-07T23:41:50.943+0000] {taskinstance.py:2076} INFO - Dependencies all met for dep_context=non-requeueable deps ti=<TaskInstance: 5.1_orquestacion.tarea1 scheduled__2024-03-19T00:00:00+00:00 [queued]>
[2024-05-07T23:41:50.954+0000] {taskinstance.py:2076} INFO - Dependencies all met for dep_context=requeueable deps ti=<TaskInstance: 5.1_orquestacion.tarea1 scheduled__2024-03-19T00:00:00+00:00 [queued]>
[2024-05-07T23:41:50.955+0000] {taskinstance.py:2306} INFO - Starting attempt 1 of 1
[2024-05-07T23:41:50.970+0000] {taskinstance.py:2330} INFO - Executing <Task(BashOperator): tarea1> on 2024-03-19 00:00:00+00:00
[2024-05-07T23:41:50.975+0000] {warnings.py:110} WARNING - /home/***/.local/lib/python3.12/site-packages/***/task/task_runner/standard_task_runner.py:61: DeprecationWarning: This process (pid=3057) is multi-threaded, use of fork() may lead to deadlocks in the child.
  pid = os.fork()

[2024-05-07T23:41:50.977+0000] {standard_task_runner.py:63} INFO - Started process 3059 to run task
[2024-05-07T23:41:50.977+0000] {standard_task_runner.py:90} INFO - Running: ['***', 'tasks', 'run', '5.1_orquestacion', 'tarea1', 'scheduled__2024-03-19T00:00:00+00:00', '--job-id', '126', '--raw', '--subdir', 'DAGS_FOLDER/051_orquestacion.py', '--cfg-path', '/tmp/tmpmxt77n42']
[2024-05-07T23:41:50.978+0000] {standard_task_runner.py:91} INFO - Job 126: Subtask tarea1
[2024-05-07T23:41:51.023+0000] {task_command.py:426} INFO - Running <TaskInstance: 5.1_orquestacion.tarea1 scheduled__2024-03-19T00:00:00+00:00 [running]> on host 521bf890d837
[2024-05-07T23:41:51.105+0000] {taskinstance.py:2648} INFO - Exporting env vars: AIRFLOW_CTX_DAG_OWNER='***' AIRFLOW_CTX_DAG_ID='5.1_orquestacion' AIRFLOW_CTX_TASK_ID='tarea1' AIRFLOW_CTX_EXECUTION_DATE='2024-03-19T00:00:00+00:00' AIRFLOW_CTX_TRY_NUMBER='1' AIRFLOW_CTX_DAG_RUN_ID='scheduled__2024-03-19T00:00:00+00:00'
[2024-05-07T23:41:51.106+0000] {taskinstance.py:430} INFO - ::endgroup::
[2024-05-07T23:41:51.120+0000] {subprocess.py:63} INFO - Tmp dir root location: /tmp
[2024-05-07T23:41:51.121+0000] {subprocess.py:75} INFO - Running command: ['/usr/bin/bash', '-c', "sleep 2 && echo 'Tarea 1'"]
[2024-05-07T23:41:51.130+0000] {subprocess.py:86} INFO - Output:
[2024-05-07T23:41:53.133+0000] {subprocess.py:93} INFO - Tarea 1
[2024-05-07T23:41:53.134+0000] {subprocess.py:97} INFO - Command exited with return code 0
[2024-05-07T23:41:53.149+0000] {taskinstance.py:441} INFO - ::group::Post task execution logs
[2024-05-07T23:41:53.217+0000] {taskinstance.py:1206} INFO - Marking task as SUCCESS. dag_id=5.1_orquestacion, task_id=tarea1, run_id=scheduled__2024-03-19T00:00:00+00:00, execution_date=20240319T000000, start_date=20240507T234150, end_date=20240507T234153
[2024-05-07T23:41:53.365+0000] {local_task_job_runner.py:240} INFO - Task exited with return code 0
[2024-05-07T23:41:53.556+0000] {taskinstance.py:3498} INFO - 1 downstream tasks scheduled from follow-on schedule check
[2024-05-07T23:41:53.564+0000] {local_task_job_runner.py:222} INFO - ::endgroup::
[2024-05-07T23:48:45.166+0000] {local_task_job_runner.py:120} INFO - ::group::Pre task execution logs
[2024-05-07T23:48:45.213+0000] {taskinstance.py:2076} INFO - Dependencies all met for dep_context=non-requeueable deps ti=<TaskInstance: 5.1_orquestacion.tarea1 scheduled__2024-03-19T00:00:00+00:00 [queued]>
[2024-05-07T23:48:45.232+0000] {taskinstance.py:2076} INFO - Dependencies all met for dep_context=requeueable deps ti=<TaskInstance: 5.1_orquestacion.tarea1 scheduled__2024-03-19T00:00:00+00:00 [queued]>
[2024-05-07T23:48:45.233+0000] {taskinstance.py:2306} INFO - Starting attempt 1 of 1
[2024-05-07T23:48:45.258+0000] {taskinstance.py:2330} INFO - Executing <Task(BashOperator): tarea1> on 2024-03-19 00:00:00+00:00
[2024-05-07T23:48:45.267+0000] {warnings.py:110} WARNING - /home/***/.local/lib/python3.12/site-packages/***/task/task_runner/standard_task_runner.py:61: DeprecationWarning: This process (pid=3670) is multi-threaded, use of fork() may lead to deadlocks in the child.
  pid = os.fork()

[2024-05-07T23:48:45.270+0000] {standard_task_runner.py:63} INFO - Started process 3678 to run task
[2024-05-07T23:48:45.270+0000] {standard_task_runner.py:90} INFO - Running: ['***', 'tasks', 'run', '5.1_orquestacion', 'tarea1', 'scheduled__2024-03-19T00:00:00+00:00', '--job-id', '257', '--raw', '--subdir', 'DAGS_FOLDER/051_orquestacion.py', '--cfg-path', '/tmp/tmplsc36lvy']
[2024-05-07T23:48:45.272+0000] {standard_task_runner.py:91} INFO - Job 257: Subtask tarea1
[2024-05-07T23:48:45.339+0000] {task_command.py:426} INFO - Running <TaskInstance: 5.1_orquestacion.tarea1 scheduled__2024-03-19T00:00:00+00:00 [running]> on host 521bf890d837
[2024-05-07T23:48:45.450+0000] {taskinstance.py:2648} INFO - Exporting env vars: AIRFLOW_CTX_DAG_OWNER='***' AIRFLOW_CTX_DAG_ID='5.1_orquestacion' AIRFLOW_CTX_TASK_ID='tarea1' AIRFLOW_CTX_EXECUTION_DATE='2024-03-19T00:00:00+00:00' AIRFLOW_CTX_TRY_NUMBER='1' AIRFLOW_CTX_DAG_RUN_ID='scheduled__2024-03-19T00:00:00+00:00'
[2024-05-07T23:48:45.452+0000] {taskinstance.py:430} INFO - ::endgroup::
[2024-05-07T23:48:45.468+0000] {subprocess.py:63} INFO - Tmp dir root location: /tmp
[2024-05-07T23:48:45.470+0000] {subprocess.py:75} INFO - Running command: ['/usr/bin/bash', '-c', "sleep 2 && echo 'Tarea 1'"]
[2024-05-07T23:48:45.481+0000] {subprocess.py:86} INFO - Output:
[2024-05-07T23:48:47.484+0000] {subprocess.py:93} INFO - Tarea 1
[2024-05-07T23:48:47.486+0000] {subprocess.py:97} INFO - Command exited with return code 0
[2024-05-07T23:48:47.502+0000] {taskinstance.py:441} INFO - ::group::Post task execution logs
[2024-05-07T23:48:47.532+0000] {taskinstance.py:1206} INFO - Marking task as SUCCESS. dag_id=5.1_orquestacion, task_id=tarea1, run_id=scheduled__2024-03-19T00:00:00+00:00, execution_date=20240319T000000, start_date=20240507T234845, end_date=20240507T234847
[2024-05-07T23:48:47.576+0000] {local_task_job_runner.py:240} INFO - Task exited with return code 0
[2024-05-07T23:48:47.606+0000] {taskinstance.py:3498} INFO - 1 downstream tasks scheduled from follow-on schedule check
[2024-05-07T23:48:47.612+0000] {local_task_job_runner.py:222} INFO - ::endgroup::
