[2024-05-07T23:41:25.804+0000] {local_task_job_runner.py:120} INFO - ::group::Pre task execution logs
[2024-05-07T23:41:25.836+0000] {taskinstance.py:2076} INFO - Dependencies all met for dep_context=non-requeueable deps ti=<TaskInstance: 5.1_orquestacion.tarea2 scheduled__2024-03-11T00:00:00+00:00 [queued]>
[2024-05-07T23:41:25.848+0000] {taskinstance.py:2076} INFO - Dependencies all met for dep_context=requeueable deps ti=<TaskInstance: 5.1_orquestacion.tarea2 scheduled__2024-03-11T00:00:00+00:00 [queued]>
[2024-05-07T23:41:25.849+0000] {taskinstance.py:2306} INFO - Starting attempt 1 of 1
[2024-05-07T23:41:25.866+0000] {taskinstance.py:2330} INFO - Executing <Task(BashOperator): tarea2> on 2024-03-11 00:00:00+00:00
[2024-05-07T23:41:25.872+0000] {warnings.py:110} WARNING - /home/***/.local/lib/python3.12/site-packages/***/task/task_runner/standard_task_runner.py:61: DeprecationWarning: This process (pid=2935) is multi-threaded, use of fork() may lead to deadlocks in the child.
  pid = os.fork()

[2024-05-07T23:41:25.873+0000] {standard_task_runner.py:63} INFO - Started process 2939 to run task
[2024-05-07T23:41:25.873+0000] {standard_task_runner.py:90} INFO - Running: ['***', 'tasks', 'run', '5.1_orquestacion', 'tarea2', 'scheduled__2024-03-11T00:00:00+00:00', '--job-id', '96', '--raw', '--subdir', 'DAGS_FOLDER/051_orquestacion.py', '--cfg-path', '/tmp/tmpwd78l8z3']
[2024-05-07T23:41:25.875+0000] {standard_task_runner.py:91} INFO - Job 96: Subtask tarea2
[2024-05-07T23:41:25.919+0000] {task_command.py:426} INFO - Running <TaskInstance: 5.1_orquestacion.tarea2 scheduled__2024-03-11T00:00:00+00:00 [running]> on host 521bf890d837
[2024-05-07T23:41:26.058+0000] {taskinstance.py:2648} INFO - Exporting env vars: AIRFLOW_CTX_DAG_OWNER='***' AIRFLOW_CTX_DAG_ID='5.1_orquestacion' AIRFLOW_CTX_TASK_ID='tarea2' AIRFLOW_CTX_EXECUTION_DATE='2024-03-11T00:00:00+00:00' AIRFLOW_CTX_TRY_NUMBER='1' AIRFLOW_CTX_DAG_RUN_ID='scheduled__2024-03-11T00:00:00+00:00'
[2024-05-07T23:41:26.059+0000] {taskinstance.py:430} INFO - ::endgroup::
[2024-05-07T23:41:26.072+0000] {subprocess.py:63} INFO - Tmp dir root location: /tmp
[2024-05-07T23:41:26.073+0000] {subprocess.py:75} INFO - Running command: ['/usr/bin/bash', '-c', "sleep 2 && echo 'Tarea 2'"]
[2024-05-07T23:41:26.082+0000] {subprocess.py:86} INFO - Output:
[2024-05-07T23:41:28.085+0000] {subprocess.py:93} INFO - Tarea 2
[2024-05-07T23:41:28.086+0000] {subprocess.py:97} INFO - Command exited with return code 0
[2024-05-07T23:41:28.089+0000] {taskinstance.py:441} INFO - ::group::Post task execution logs
[2024-05-07T23:41:28.166+0000] {taskinstance.py:1206} INFO - Marking task as SUCCESS. dag_id=5.1_orquestacion, task_id=tarea2, run_id=scheduled__2024-03-11T00:00:00+00:00, execution_date=20240311T000000, start_date=20240507T234125, end_date=20240507T234128
[2024-05-07T23:41:28.223+0000] {local_task_job_runner.py:240} INFO - Task exited with return code 0
[2024-05-07T23:41:28.319+0000] {taskinstance.py:3498} INFO - 2 downstream tasks scheduled from follow-on schedule check
[2024-05-07T23:41:28.322+0000] {local_task_job_runner.py:222} INFO - ::endgroup::
[2024-05-07T23:47:14.194+0000] {local_task_job_runner.py:120} INFO - ::group::Pre task execution logs
[2024-05-07T23:47:14.223+0000] {taskinstance.py:2076} INFO - Dependencies all met for dep_context=non-requeueable deps ti=<TaskInstance: 5.1_orquestacion.tarea2 scheduled__2024-03-11T00:00:00+00:00 [queued]>
[2024-05-07T23:47:14.236+0000] {taskinstance.py:2076} INFO - Dependencies all met for dep_context=requeueable deps ti=<TaskInstance: 5.1_orquestacion.tarea2 scheduled__2024-03-11T00:00:00+00:00 [queued]>
[2024-05-07T23:47:14.237+0000] {taskinstance.py:2306} INFO - Starting attempt 1 of 1
[2024-05-07T23:47:14.253+0000] {taskinstance.py:2330} INFO - Executing <Task(BashOperator): tarea2> on 2024-03-11 00:00:00+00:00
[2024-05-07T23:47:14.259+0000] {warnings.py:110} WARNING - /home/***/.local/lib/python3.12/site-packages/***/task/task_runner/standard_task_runner.py:61: DeprecationWarning: This process (pid=3532) is multi-threaded, use of fork() may lead to deadlocks in the child.
  pid = os.fork()

[2024-05-07T23:47:14.261+0000] {standard_task_runner.py:63} INFO - Started process 3533 to run task
[2024-05-07T23:47:14.261+0000] {standard_task_runner.py:90} INFO - Running: ['***', 'tasks', 'run', '5.1_orquestacion', 'tarea2', 'scheduled__2024-03-11T00:00:00+00:00', '--job-id', '226', '--raw', '--subdir', 'DAGS_FOLDER/051_orquestacion.py', '--cfg-path', '/tmp/tmp2wwsae90']
[2024-05-07T23:47:14.264+0000] {standard_task_runner.py:91} INFO - Job 226: Subtask tarea2
[2024-05-07T23:47:14.308+0000] {task_command.py:426} INFO - Running <TaskInstance: 5.1_orquestacion.tarea2 scheduled__2024-03-11T00:00:00+00:00 [running]> on host 521bf890d837
[2024-05-07T23:47:14.390+0000] {taskinstance.py:2648} INFO - Exporting env vars: AIRFLOW_CTX_DAG_OWNER='***' AIRFLOW_CTX_DAG_ID='5.1_orquestacion' AIRFLOW_CTX_TASK_ID='tarea2' AIRFLOW_CTX_EXECUTION_DATE='2024-03-11T00:00:00+00:00' AIRFLOW_CTX_TRY_NUMBER='1' AIRFLOW_CTX_DAG_RUN_ID='scheduled__2024-03-11T00:00:00+00:00'
[2024-05-07T23:47:14.391+0000] {taskinstance.py:430} INFO - ::endgroup::
[2024-05-07T23:47:14.404+0000] {subprocess.py:63} INFO - Tmp dir root location: /tmp
[2024-05-07T23:47:14.405+0000] {subprocess.py:75} INFO - Running command: ['/usr/bin/bash', '-c', "sleep 2 && echo 'Tarea 2'"]
[2024-05-07T23:47:14.415+0000] {subprocess.py:86} INFO - Output:
[2024-05-07T23:47:16.418+0000] {subprocess.py:93} INFO - Tarea 2
[2024-05-07T23:47:16.421+0000] {subprocess.py:97} INFO - Command exited with return code 0
[2024-05-07T23:47:16.423+0000] {taskinstance.py:441} INFO - ::group::Post task execution logs
[2024-05-07T23:47:16.444+0000] {taskinstance.py:1206} INFO - Marking task as SUCCESS. dag_id=5.1_orquestacion, task_id=tarea2, run_id=scheduled__2024-03-11T00:00:00+00:00, execution_date=20240311T000000, start_date=20240507T234714, end_date=20240507T234716
[2024-05-07T23:47:16.486+0000] {local_task_job_runner.py:240} INFO - Task exited with return code 0
[2024-05-07T23:47:16.543+0000] {taskinstance.py:3498} INFO - 2 downstream tasks scheduled from follow-on schedule check
[2024-05-07T23:47:16.547+0000] {local_task_job_runner.py:222} INFO - ::endgroup::
