[2024-05-10T06:12:18.161+0000] {local_task_job_runner.py:120} INFO - ::group::Pre task execution logs
[2024-05-10T06:12:18.176+0000] {taskinstance.py:2076} INFO - Dependencies all met for dep_context=non-requeueable deps ti=<TaskInstance: Proyecto_SpaceX_v1.Lectura_Datos_NASA scheduled__2024-03-04T00:00:00+00:00 [queued]>
[2024-05-10T06:12:18.182+0000] {taskinstance.py:2076} INFO - Dependencies all met for dep_context=requeueable deps ti=<TaskInstance: Proyecto_SpaceX_v1.Lectura_Datos_NASA scheduled__2024-03-04T00:00:00+00:00 [queued]>
[2024-05-10T06:12:18.183+0000] {taskinstance.py:2306} INFO - Starting attempt 1 of 1
[2024-05-10T06:12:18.194+0000] {taskinstance.py:2330} INFO - Executing <Task(BashOperator): Lectura_Datos_NASA> on 2024-03-04 00:00:00+00:00
[2024-05-10T06:12:18.201+0000] {warnings.py:110} WARNING - /home/***/.local/lib/python3.12/site-packages/***/task/task_runner/standard_task_runner.py:61: DeprecationWarning: This process (pid=1359) is multi-threaded, use of fork() may lead to deadlocks in the child.
  pid = os.fork()

[2024-05-10T06:12:18.203+0000] {standard_task_runner.py:63} INFO - Started process 1361 to run task
[2024-05-10T06:12:18.203+0000] {standard_task_runner.py:90} INFO - Running: ['***', 'tasks', 'run', 'Proyecto_SpaceX_v1', 'Lectura_Datos_NASA', 'scheduled__2024-03-04T00:00:00+00:00', '--job-id', '1155', '--raw', '--subdir', 'DAGS_FOLDER/Proyecto_SpaceX_v1.py', '--cfg-path', '/tmp/tmp6ic1pkjf']
[2024-05-10T06:12:18.205+0000] {standard_task_runner.py:91} INFO - Job 1155: Subtask Lectura_Datos_NASA
[2024-05-10T06:12:18.241+0000] {task_command.py:426} INFO - Running <TaskInstance: Proyecto_SpaceX_v1.Lectura_Datos_NASA scheduled__2024-03-04T00:00:00+00:00 [running]> on host 1b7f0b10dd99
[2024-05-10T06:12:18.426+0000] {taskinstance.py:2648} INFO - Exporting env vars: AIRFLOW_CTX_DAG_OWNER='***' AIRFLOW_CTX_DAG_ID='Proyecto_SpaceX_v1' AIRFLOW_CTX_TASK_ID='Lectura_Datos_NASA' AIRFLOW_CTX_EXECUTION_DATE='2024-03-04T00:00:00+00:00' AIRFLOW_CTX_TRY_NUMBER='1' AIRFLOW_CTX_DAG_RUN_ID='scheduled__2024-03-04T00:00:00+00:00'
[2024-05-10T06:12:18.427+0000] {taskinstance.py:430} INFO - ::endgroup::
[2024-05-10T06:12:18.436+0000] {subprocess.py:63} INFO - Tmp dir root location: /tmp
[2024-05-10T06:12:18.438+0000] {subprocess.py:75} INFO - Running command: ['/usr/bin/bash', '-c', 'ls /tmp && head /tmp/response_20240304.txt']
[2024-05-10T06:12:18.449+0000] {subprocess.py:86} INFO - Output:
[2024-05-10T06:12:18.451+0000] {subprocess.py:93} INFO - ***tmpnotkapvo
[2024-05-10T06:12:18.452+0000] {subprocess.py:93} INFO - history.json
[2024-05-10T06:12:18.453+0000] {subprocess.py:93} INFO - platzi_data_20231125.csv
[2024-05-10T06:12:18.453+0000] {subprocess.py:93} INFO - platzi_data_20231126.csv
[2024-05-10T06:12:18.454+0000] {subprocess.py:93} INFO - platzi_data_20231127.csv
[2024-05-10T06:12:18.454+0000] {subprocess.py:93} INFO - platzi_data_20240101.csv
[2024-05-10T06:12:18.455+0000] {subprocess.py:93} INFO - platzi_data_20240201.csv
[2024-05-10T06:12:18.456+0000] {subprocess.py:93} INFO - platzi_data_20240301.csv
[2024-05-10T06:12:18.456+0000] {subprocess.py:93} INFO - platzi_data_20240302.csv
[2024-05-10T06:12:18.457+0000] {subprocess.py:93} INFO - platzi_data_20240303.csv
[2024-05-10T06:12:18.458+0000] {subprocess.py:93} INFO - pymp-uyxtzsi7
[2024-05-10T06:12:18.458+0000] {subprocess.py:93} INFO - response_20231125.txt
[2024-05-10T06:12:18.459+0000] {subprocess.py:93} INFO - response_20231126.txt
[2024-05-10T06:12:18.460+0000] {subprocess.py:93} INFO - response_20231127.txt
[2024-05-10T06:12:18.460+0000] {subprocess.py:93} INFO - response_20240101.txt
[2024-05-10T06:12:18.461+0000] {subprocess.py:93} INFO - response_20240201.txt
[2024-05-10T06:12:18.462+0000] {subprocess.py:93} INFO - response_20240301.txt
[2024-05-10T06:12:18.462+0000] {subprocess.py:93} INFO - response_20240302.txt
[2024-05-10T06:12:18.463+0000] {subprocess.py:93} INFO - response_20240303.txt
[2024-05-10T06:12:18.464+0000] {subprocess.py:93} INFO - response_20240304.txt
[2024-05-10T06:12:18.464+0000] {subprocess.py:93} INFO - Confirmación, puede proceder
[2024-05-10T06:12:18.465+0000] {subprocess.py:97} INFO - Command exited with return code 0
[2024-05-10T06:12:18.466+0000] {taskinstance.py:441} INFO - ::group::Post task execution logs
[2024-05-10T06:12:18.487+0000] {taskinstance.py:1206} INFO - Marking task as SUCCESS. dag_id=Proyecto_SpaceX_v1, task_id=Lectura_Datos_NASA, run_id=scheduled__2024-03-04T00:00:00+00:00, execution_date=20240304T000000, start_date=20240510T061218, end_date=20240510T061218
[2024-05-10T06:12:18.537+0000] {local_task_job_runner.py:240} INFO - Task exited with return code 0
[2024-05-10T06:12:18.692+0000] {taskinstance.py:3498} INFO - 1 downstream tasks scheduled from follow-on schedule check
[2024-05-10T06:12:18.694+0000] {local_task_job_runner.py:222} INFO - ::endgroup::
