[2024-05-10T06:14:08.087+0000] {local_task_job_runner.py:120} INFO - ::group::Pre task execution logs
[2024-05-10T06:14:08.112+0000] {taskinstance.py:2076} INFO - Dependencies all met for dep_context=non-requeueable deps ti=<TaskInstance: Proyecto_SpaceX_v1.Visualizar_Respuesta_Satelite scheduled__2024-03-07T00:00:00+00:00 [queued]>
[2024-05-10T06:14:08.127+0000] {taskinstance.py:2076} INFO - Dependencies all met for dep_context=requeueable deps ti=<TaskInstance: Proyecto_SpaceX_v1.Visualizar_Respuesta_Satelite scheduled__2024-03-07T00:00:00+00:00 [queued]>
[2024-05-10T06:14:08.128+0000] {taskinstance.py:2306} INFO - Starting attempt 1 of 1
[2024-05-10T06:14:08.148+0000] {taskinstance.py:2330} INFO - Executing <Task(BashOperator): Visualizar_Respuesta_Satelite> on 2024-03-07 00:00:00+00:00
[2024-05-10T06:14:08.157+0000] {warnings.py:110} WARNING - /home/***/.local/lib/python3.12/site-packages/***/task/task_runner/standard_task_runner.py:61: DeprecationWarning: This process (pid=1486) is multi-threaded, use of fork() may lead to deadlocks in the child.
  pid = os.fork()

[2024-05-10T06:14:08.160+0000] {standard_task_runner.py:63} INFO - Started process 1488 to run task
[2024-05-10T06:14:08.158+0000] {standard_task_runner.py:90} INFO - Running: ['***', 'tasks', 'run', 'Proyecto_SpaceX_v1', 'Visualizar_Respuesta_Satelite', 'scheduled__2024-03-07T00:00:00+00:00', '--job-id', '1180', '--raw', '--subdir', 'DAGS_FOLDER/Proyecto_SpaceX_v1.py', '--cfg-path', '/tmp/tmp_82zou1l']
[2024-05-10T06:14:08.162+0000] {standard_task_runner.py:91} INFO - Job 1180: Subtask Visualizar_Respuesta_Satelite
[2024-05-10T06:14:08.348+0000] {task_command.py:426} INFO - Running <TaskInstance: Proyecto_SpaceX_v1.Visualizar_Respuesta_Satelite scheduled__2024-03-07T00:00:00+00:00 [running]> on host 1b7f0b10dd99
[2024-05-10T06:14:08.624+0000] {taskinstance.py:2648} INFO - Exporting env vars: AIRFLOW_CTX_DAG_OWNER='***' AIRFLOW_CTX_DAG_ID='Proyecto_SpaceX_v1' AIRFLOW_CTX_TASK_ID='Visualizar_Respuesta_Satelite' AIRFLOW_CTX_EXECUTION_DATE='2024-03-07T00:00:00+00:00' AIRFLOW_CTX_TRY_NUMBER='1' AIRFLOW_CTX_DAG_RUN_ID='scheduled__2024-03-07T00:00:00+00:00'
[2024-05-10T06:14:08.626+0000] {taskinstance.py:430} INFO - ::endgroup::
[2024-05-10T06:14:08.634+0000] {subprocess.py:63} INFO - Tmp dir root location: /tmp
[2024-05-10T06:14:08.636+0000] {subprocess.py:75} INFO - Running command: ['/usr/bin/bash', '-c', 'ls /tmp && head /tmp/platzi_data_20240307.csv']
[2024-05-10T06:14:08.648+0000] {subprocess.py:86} INFO - Output:
[2024-05-10T06:14:08.650+0000] {subprocess.py:93} INFO - ***tmpob2afwew
[2024-05-10T06:14:08.651+0000] {subprocess.py:93} INFO - history.json
[2024-05-10T06:14:08.651+0000] {subprocess.py:93} INFO - platzi_data_20231125.csv
[2024-05-10T06:14:08.652+0000] {subprocess.py:93} INFO - platzi_data_20231126.csv
[2024-05-10T06:14:08.653+0000] {subprocess.py:93} INFO - platzi_data_20231127.csv
[2024-05-10T06:14:08.654+0000] {subprocess.py:93} INFO - platzi_data_20240101.csv
[2024-05-10T06:14:08.654+0000] {subprocess.py:93} INFO - platzi_data_20240201.csv
[2024-05-10T06:14:08.655+0000] {subprocess.py:93} INFO - platzi_data_20240301.csv
[2024-05-10T06:14:08.655+0000] {subprocess.py:93} INFO - platzi_data_20240302.csv
[2024-05-10T06:14:08.656+0000] {subprocess.py:93} INFO - platzi_data_20240303.csv
[2024-05-10T06:14:08.657+0000] {subprocess.py:93} INFO - platzi_data_20240304.csv
[2024-05-10T06:14:08.658+0000] {subprocess.py:93} INFO - platzi_data_20240305.csv
[2024-05-10T06:14:08.659+0000] {subprocess.py:93} INFO - platzi_data_20240306.csv
[2024-05-10T06:14:08.659+0000] {subprocess.py:93} INFO - platzi_data_20240307.csv
[2024-05-10T06:14:08.660+0000] {subprocess.py:93} INFO - pymp-uyxtzsi7
[2024-05-10T06:14:08.661+0000] {subprocess.py:93} INFO - response_20231125.txt
[2024-05-10T06:14:08.661+0000] {subprocess.py:93} INFO - response_20231126.txt
[2024-05-10T06:14:08.662+0000] {subprocess.py:93} INFO - response_20231127.txt
[2024-05-10T06:14:08.663+0000] {subprocess.py:93} INFO - response_20240101.txt
[2024-05-10T06:14:08.664+0000] {subprocess.py:93} INFO - response_20240201.txt
[2024-05-10T06:14:08.664+0000] {subprocess.py:93} INFO - response_20240301.txt
[2024-05-10T06:14:08.665+0000] {subprocess.py:93} INFO - response_20240302.txt
[2024-05-10T06:14:08.666+0000] {subprocess.py:93} INFO - response_20240303.txt
[2024-05-10T06:14:08.667+0000] {subprocess.py:93} INFO - response_20240304.txt
[2024-05-10T06:14:08.668+0000] {subprocess.py:93} INFO - response_20240305.txt
[2024-05-10T06:14:08.669+0000] {subprocess.py:93} INFO - response_20240306.txt
[2024-05-10T06:14:08.670+0000] {subprocess.py:93} INFO - response_20240307.txt
[2024-05-10T06:14:08.670+0000] {subprocess.py:93} INFO - Student,timestamp
[2024-05-10T06:14:08.671+0000] {subprocess.py:93} INFO - Maria Cruz,2024-03-07 00:00:00+00:00
[2024-05-10T06:14:08.672+0000] {subprocess.py:93} INFO - Daniel Crema,2024-03-07 00:00:00+00:00
[2024-05-10T06:14:08.673+0000] {subprocess.py:93} INFO - Elon Musk,2024-03-07 00:00:00+00:00
[2024-05-10T06:14:08.673+0000] {subprocess.py:93} INFO - Karol Castrejon,2024-03-07 00:00:00+00:00
[2024-05-10T06:14:08.674+0000] {subprocess.py:93} INFO - Freddy Vega,2024-03-07 00:00:00+00:00
[2024-05-10T06:14:08.675+0000] {subprocess.py:93} INFO - Felipe Duque,2024-03-07 00:00:00+00:00
[2024-05-10T06:14:08.675+0000] {subprocess.py:97} INFO - Command exited with return code 0
[2024-05-10T06:14:08.676+0000] {taskinstance.py:441} INFO - ::group::Post task execution logs
[2024-05-10T06:14:08.702+0000] {taskinstance.py:1206} INFO - Marking task as SUCCESS. dag_id=Proyecto_SpaceX_v1, task_id=Visualizar_Respuesta_Satelite, run_id=scheduled__2024-03-07T00:00:00+00:00, execution_date=20240307T000000, start_date=20240510T061408, end_date=20240510T061408
[2024-05-10T06:14:08.737+0000] {local_task_job_runner.py:240} INFO - Task exited with return code 0
[2024-05-10T06:14:08.879+0000] {taskinstance.py:3498} INFO - 1 downstream tasks scheduled from follow-on schedule check
[2024-05-10T06:14:08.889+0000] {local_task_job_runner.py:222} INFO - ::endgroup::
