[2024-05-07T23:41:36.695+0000] {local_task_job_runner.py:120} INFO - ::group::Pre task execution logs
[2024-05-07T23:41:36.726+0000] {taskinstance.py:2076} INFO - Dependencies all met for dep_context=non-requeueable deps ti=<TaskInstance: 5.1_orquestacion.tarea2 scheduled__2024-03-14T00:00:00+00:00 [queued]>
[2024-05-07T23:41:36.737+0000] {taskinstance.py:2076} INFO - Dependencies all met for dep_context=requeueable deps ti=<TaskInstance: 5.1_orquestacion.tarea2 scheduled__2024-03-14T00:00:00+00:00 [queued]>
[2024-05-07T23:41:36.738+0000] {taskinstance.py:2306} INFO - Starting attempt 1 of 1
[2024-05-07T23:41:36.754+0000] {taskinstance.py:2330} INFO - Executing <Task(BashOperator): tarea2> on 2024-03-14 00:00:00+00:00
[2024-05-07T23:41:36.759+0000] {warnings.py:110} WARNING - /home/***/.local/lib/python3.12/site-packages/***/task/task_runner/standard_task_runner.py:61: DeprecationWarning: This process (pid=2993) is multi-threaded, use of fork() may lead to deadlocks in the child.
  pid = os.fork()

[2024-05-07T23:41:36.761+0000] {standard_task_runner.py:63} INFO - Started process 2997 to run task
[2024-05-07T23:41:36.761+0000] {standard_task_runner.py:90} INFO - Running: ['***', 'tasks', 'run', '5.1_orquestacion', 'tarea2', 'scheduled__2024-03-14T00:00:00+00:00', '--job-id', '109', '--raw', '--subdir', 'DAGS_FOLDER/051_orquestacion.py', '--cfg-path', '/tmp/tmp3r3cbl8f']
[2024-05-07T23:41:36.762+0000] {standard_task_runner.py:91} INFO - Job 109: Subtask tarea2
[2024-05-07T23:41:36.809+0000] {task_command.py:426} INFO - Running <TaskInstance: 5.1_orquestacion.tarea2 scheduled__2024-03-14T00:00:00+00:00 [running]> on host 521bf890d837
[2024-05-07T23:41:36.898+0000] {taskinstance.py:2648} INFO - Exporting env vars: AIRFLOW_CTX_DAG_OWNER='***' AIRFLOW_CTX_DAG_ID='5.1_orquestacion' AIRFLOW_CTX_TASK_ID='tarea2' AIRFLOW_CTX_EXECUTION_DATE='2024-03-14T00:00:00+00:00' AIRFLOW_CTX_TRY_NUMBER='1' AIRFLOW_CTX_DAG_RUN_ID='scheduled__2024-03-14T00:00:00+00:00'
[2024-05-07T23:41:36.899+0000] {taskinstance.py:430} INFO - ::endgroup::
[2024-05-07T23:41:36.915+0000] {subprocess.py:63} INFO - Tmp dir root location: /tmp
[2024-05-07T23:41:36.916+0000] {subprocess.py:75} INFO - Running command: ['/usr/bin/bash', '-c', "sleep 2 && echo 'Tarea 2'"]
[2024-05-07T23:41:36.925+0000] {subprocess.py:86} INFO - Output:
[2024-05-07T23:41:38.930+0000] {subprocess.py:93} INFO - Tarea 2
[2024-05-07T23:41:38.955+0000] {subprocess.py:97} INFO - Command exited with return code 0
[2024-05-07T23:41:38.963+0000] {taskinstance.py:441} INFO - ::group::Post task execution logs
[2024-05-07T23:41:39.153+0000] {taskinstance.py:1206} INFO - Marking task as SUCCESS. dag_id=5.1_orquestacion, task_id=tarea2, run_id=scheduled__2024-03-14T00:00:00+00:00, execution_date=20240314T000000, start_date=20240507T234136, end_date=20240507T234139
[2024-05-07T23:41:39.234+0000] {local_task_job_runner.py:240} INFO - Task exited with return code 0
[2024-05-07T23:41:39.286+0000] {taskinstance.py:3498} INFO - 2 downstream tasks scheduled from follow-on schedule check
[2024-05-07T23:41:39.291+0000] {local_task_job_runner.py:222} INFO - ::endgroup::
[2024-05-07T23:47:48.171+0000] {local_task_job_runner.py:120} INFO - ::group::Pre task execution logs
[2024-05-07T23:47:48.192+0000] {taskinstance.py:2076} INFO - Dependencies all met for dep_context=non-requeueable deps ti=<TaskInstance: 5.1_orquestacion.tarea2 scheduled__2024-03-14T00:00:00+00:00 [queued]>
[2024-05-07T23:47:48.199+0000] {taskinstance.py:2076} INFO - Dependencies all met for dep_context=requeueable deps ti=<TaskInstance: 5.1_orquestacion.tarea2 scheduled__2024-03-14T00:00:00+00:00 [queued]>
[2024-05-07T23:47:48.200+0000] {taskinstance.py:2306} INFO - Starting attempt 1 of 1
[2024-05-07T23:47:48.211+0000] {taskinstance.py:2330} INFO - Executing <Task(BashOperator): tarea2> on 2024-03-14 00:00:00+00:00
[2024-05-07T23:47:48.219+0000] {warnings.py:110} WARNING - /home/***/.local/lib/python3.12/site-packages/***/task/task_runner/standard_task_runner.py:61: DeprecationWarning: This process (pid=3587) is multi-threaded, use of fork() may lead to deadlocks in the child.
  pid = os.fork()

[2024-05-07T23:47:48.220+0000] {standard_task_runner.py:90} INFO - Running: ['***', 'tasks', 'run', '5.1_orquestacion', 'tarea2', 'scheduled__2024-03-14T00:00:00+00:00', '--job-id', '238', '--raw', '--subdir', 'DAGS_FOLDER/051_orquestacion.py', '--cfg-path', '/tmp/tmp6g5rp2ha']
[2024-05-07T23:47:48.223+0000] {standard_task_runner.py:63} INFO - Started process 3588 to run task
[2024-05-07T23:47:48.225+0000] {standard_task_runner.py:91} INFO - Job 238: Subtask tarea2
[2024-05-07T23:47:48.260+0000] {task_command.py:426} INFO - Running <TaskInstance: 5.1_orquestacion.tarea2 scheduled__2024-03-14T00:00:00+00:00 [running]> on host 521bf890d837
[2024-05-07T23:47:48.396+0000] {taskinstance.py:2648} INFO - Exporting env vars: AIRFLOW_CTX_DAG_OWNER='***' AIRFLOW_CTX_DAG_ID='5.1_orquestacion' AIRFLOW_CTX_TASK_ID='tarea2' AIRFLOW_CTX_EXECUTION_DATE='2024-03-14T00:00:00+00:00' AIRFLOW_CTX_TRY_NUMBER='1' AIRFLOW_CTX_DAG_RUN_ID='scheduled__2024-03-14T00:00:00+00:00'
[2024-05-07T23:47:48.401+0000] {taskinstance.py:430} INFO - ::endgroup::
[2024-05-07T23:47:48.410+0000] {subprocess.py:63} INFO - Tmp dir root location: /tmp
[2024-05-07T23:47:48.411+0000] {subprocess.py:75} INFO - Running command: ['/usr/bin/bash', '-c', "sleep 2 && echo 'Tarea 2'"]
[2024-05-07T23:47:48.419+0000] {subprocess.py:86} INFO - Output:
[2024-05-07T23:47:50.422+0000] {subprocess.py:93} INFO - Tarea 2
[2024-05-07T23:47:50.426+0000] {subprocess.py:97} INFO - Command exited with return code 0
[2024-05-07T23:47:50.427+0000] {taskinstance.py:441} INFO - ::group::Post task execution logs
[2024-05-07T23:47:50.468+0000] {taskinstance.py:1206} INFO - Marking task as SUCCESS. dag_id=5.1_orquestacion, task_id=tarea2, run_id=scheduled__2024-03-14T00:00:00+00:00, execution_date=20240314T000000, start_date=20240507T234748, end_date=20240507T234750
[2024-05-07T23:47:50.534+0000] {local_task_job_runner.py:240} INFO - Task exited with return code 0
[2024-05-07T23:47:50.670+0000] {taskinstance.py:3498} INFO - 2 downstream tasks scheduled from follow-on schedule check
[2024-05-07T23:47:50.681+0000] {local_task_job_runner.py:222} INFO - ::endgroup::
