[2024-05-08T21:10:50.673+0000] {local_task_job_runner.py:120} INFO - ::group::Pre task execution logs
[2024-05-08T21:10:50.692+0000] {taskinstance.py:2076} INFO - Dependencies all met for dep_context=non-requeueable deps ti=<TaskInstance: 9_XCom.tarea3 scheduled__2022-01-01T00:00:00+00:00 [queued]>
[2024-05-08T21:10:50.698+0000] {taskinstance.py:2076} INFO - Dependencies all met for dep_context=requeueable deps ti=<TaskInstance: 9_XCom.tarea3 scheduled__2022-01-01T00:00:00+00:00 [queued]>
[2024-05-08T21:10:50.699+0000] {taskinstance.py:2306} INFO - Starting attempt 2 of 2
[2024-05-08T21:10:50.711+0000] {taskinstance.py:2330} INFO - Executing <Task(PythonOperator): tarea3> on 2022-01-01 00:00:00+00:00
[2024-05-08T21:10:50.717+0000] {warnings.py:110} WARNING - /home/***/.local/lib/python3.12/site-packages/***/task/task_runner/standard_task_runner.py:61: DeprecationWarning: This process (pid=3654) is multi-threaded, use of fork() may lead to deadlocks in the child.
  pid = os.fork()

[2024-05-08T21:10:50.717+0000] {standard_task_runner.py:90} INFO - Running: ['***', 'tasks', 'run', '9_XCom', 'tarea3', 'scheduled__2022-01-01T00:00:00+00:00', '--job-id', '851', '--raw', '--subdir', 'DAGS_FOLDER/09_XCom.py', '--cfg-path', '/tmp/tmpms32twmq']
[2024-05-08T21:10:50.718+0000] {standard_task_runner.py:63} INFO - Started process 3655 to run task
[2024-05-08T21:10:50.718+0000] {standard_task_runner.py:91} INFO - Job 851: Subtask tarea3
[2024-05-08T21:10:50.752+0000] {task_command.py:426} INFO - Running <TaskInstance: 9_XCom.tarea3 scheduled__2022-01-01T00:00:00+00:00 [running]> on host ccc314eb571d
[2024-05-08T21:10:50.807+0000] {taskinstance.py:2648} INFO - Exporting env vars: AIRFLOW_CTX_DAG_OWNER='***' AIRFLOW_CTX_DAG_ID='9_XCom' AIRFLOW_CTX_TASK_ID='tarea3' AIRFLOW_CTX_EXECUTION_DATE='2022-01-01T00:00:00+00:00' AIRFLOW_CTX_TRY_NUMBER='2' AIRFLOW_CTX_DAG_RUN_ID='scheduled__2022-01-01T00:00:00+00:00'
[2024-05-08T21:10:50.808+0000] {taskinstance.py:430} INFO - ::endgroup::
[2024-05-08T21:10:50.824+0000] {logging_mixin.py:188} INFO - 0
[2024-05-08T21:10:50.825+0000] {python.py:237} INFO - Done. Returned value was: None
[2024-05-08T21:10:50.825+0000] {taskinstance.py:441} INFO - ::group::Post task execution logs
[2024-05-08T21:10:50.832+0000] {taskinstance.py:1206} INFO - Marking task as SUCCESS. dag_id=9_XCom, task_id=tarea3, run_id=scheduled__2022-01-01T00:00:00+00:00, execution_date=20220101T000000, start_date=20240508T211050, end_date=20240508T211050
[2024-05-08T21:10:50.852+0000] {local_task_job_runner.py:240} INFO - Task exited with return code 0
[2024-05-08T21:10:50.863+0000] {taskinstance.py:3498} INFO - 0 downstream tasks scheduled from follow-on schedule check
[2024-05-08T21:10:50.866+0000] {local_task_job_runner.py:222} INFO - ::endgroup::
