[2024-05-07T23:40:48.494+0000] {local_task_job_runner.py:120} INFO - ::group::Pre task execution logs
[2024-05-07T23:40:48.523+0000] {taskinstance.py:2076} INFO - Dependencies all met for dep_context=non-requeueable deps ti=<TaskInstance: 5.1_orquestacion.tarea1 scheduled__2024-03-03T00:00:00+00:00 [queued]>
[2024-05-07T23:40:48.534+0000] {taskinstance.py:2076} INFO - Dependencies all met for dep_context=requeueable deps ti=<TaskInstance: 5.1_orquestacion.tarea1 scheduled__2024-03-03T00:00:00+00:00 [queued]>
[2024-05-07T23:40:48.535+0000] {taskinstance.py:2306} INFO - Starting attempt 1 of 1
[2024-05-07T23:40:48.548+0000] {taskinstance.py:2330} INFO - Executing <Task(BashOperator): tarea1> on 2024-03-03 00:00:00+00:00
[2024-05-07T23:40:48.554+0000] {warnings.py:110} WARNING - /home/***/.local/lib/python3.12/site-packages/***/task/task_runner/standard_task_runner.py:61: DeprecationWarning: This process (pid=2787) is multi-threaded, use of fork() may lead to deadlocks in the child.
  pid = os.fork()

[2024-05-07T23:40:48.555+0000] {standard_task_runner.py:90} INFO - Running: ['***', 'tasks', 'run', '5.1_orquestacion', 'tarea1', 'scheduled__2024-03-03T00:00:00+00:00', '--job-id', '63', '--raw', '--subdir', 'DAGS_FOLDER/051_orquestacion.py', '--cfg-path', '/tmp/tmpx0yeg4r1']
[2024-05-07T23:40:48.557+0000] {standard_task_runner.py:63} INFO - Started process 2795 to run task
[2024-05-07T23:40:48.557+0000] {standard_task_runner.py:91} INFO - Job 63: Subtask tarea1
[2024-05-07T23:40:48.613+0000] {task_command.py:426} INFO - Running <TaskInstance: 5.1_orquestacion.tarea1 scheduled__2024-03-03T00:00:00+00:00 [running]> on host 521bf890d837
[2024-05-07T23:40:48.694+0000] {taskinstance.py:2648} INFO - Exporting env vars: AIRFLOW_CTX_DAG_OWNER='***' AIRFLOW_CTX_DAG_ID='5.1_orquestacion' AIRFLOW_CTX_TASK_ID='tarea1' AIRFLOW_CTX_EXECUTION_DATE='2024-03-03T00:00:00+00:00' AIRFLOW_CTX_TRY_NUMBER='1' AIRFLOW_CTX_DAG_RUN_ID='scheduled__2024-03-03T00:00:00+00:00'
[2024-05-07T23:40:48.695+0000] {taskinstance.py:430} INFO - ::endgroup::
[2024-05-07T23:40:48.709+0000] {subprocess.py:63} INFO - Tmp dir root location: /tmp
[2024-05-07T23:40:48.710+0000] {subprocess.py:75} INFO - Running command: ['/usr/bin/bash', '-c', "sleep 2 && echo 'Tarea 1'"]
[2024-05-07T23:40:48.719+0000] {subprocess.py:86} INFO - Output:
[2024-05-07T23:40:50.723+0000] {subprocess.py:93} INFO - Tarea 1
[2024-05-07T23:40:50.723+0000] {subprocess.py:97} INFO - Command exited with return code 0
[2024-05-07T23:40:50.731+0000] {taskinstance.py:441} INFO - ::group::Post task execution logs
[2024-05-07T23:40:50.807+0000] {taskinstance.py:1206} INFO - Marking task as SUCCESS. dag_id=5.1_orquestacion, task_id=tarea1, run_id=scheduled__2024-03-03T00:00:00+00:00, execution_date=20240303T000000, start_date=20240507T234048, end_date=20240507T234050
[2024-05-07T23:40:51.026+0000] {local_task_job_runner.py:240} INFO - Task exited with return code 0
[2024-05-07T23:40:51.227+0000] {taskinstance.py:3498} INFO - 1 downstream tasks scheduled from follow-on schedule check
[2024-05-07T23:40:51.252+0000] {local_task_job_runner.py:222} INFO - ::endgroup::
[2024-05-07T23:45:35.830+0000] {local_task_job_runner.py:120} INFO - ::group::Pre task execution logs
[2024-05-07T23:45:35.858+0000] {taskinstance.py:2076} INFO - Dependencies all met for dep_context=non-requeueable deps ti=<TaskInstance: 5.1_orquestacion.tarea1 scheduled__2024-03-03T00:00:00+00:00 [queued]>
[2024-05-07T23:45:35.867+0000] {taskinstance.py:2076} INFO - Dependencies all met for dep_context=requeueable deps ti=<TaskInstance: 5.1_orquestacion.tarea1 scheduled__2024-03-03T00:00:00+00:00 [queued]>
[2024-05-07T23:45:35.868+0000] {taskinstance.py:2306} INFO - Starting attempt 1 of 1
[2024-05-07T23:45:35.881+0000] {taskinstance.py:2330} INFO - Executing <Task(BashOperator): tarea1> on 2024-03-03 00:00:00+00:00
[2024-05-07T23:45:35.886+0000] {warnings.py:110} WARNING - /home/***/.local/lib/python3.12/site-packages/***/task/task_runner/standard_task_runner.py:61: DeprecationWarning: This process (pid=3379) is multi-threaded, use of fork() may lead to deadlocks in the child.
  pid = os.fork()

[2024-05-07T23:45:35.888+0000] {standard_task_runner.py:90} INFO - Running: ['***', 'tasks', 'run', '5.1_orquestacion', 'tarea1', 'scheduled__2024-03-03T00:00:00+00:00', '--job-id', '193', '--raw', '--subdir', 'DAGS_FOLDER/051_orquestacion.py', '--cfg-path', '/tmp/tmp85__yqgj']
[2024-05-07T23:45:35.899+0000] {standard_task_runner.py:63} INFO - Started process 3380 to run task
[2024-05-07T23:45:35.899+0000] {standard_task_runner.py:91} INFO - Job 193: Subtask tarea1
[2024-05-07T23:45:35.954+0000] {task_command.py:426} INFO - Running <TaskInstance: 5.1_orquestacion.tarea1 scheduled__2024-03-03T00:00:00+00:00 [running]> on host 521bf890d837
[2024-05-07T23:45:36.025+0000] {taskinstance.py:2648} INFO - Exporting env vars: AIRFLOW_CTX_DAG_OWNER='***' AIRFLOW_CTX_DAG_ID='5.1_orquestacion' AIRFLOW_CTX_TASK_ID='tarea1' AIRFLOW_CTX_EXECUTION_DATE='2024-03-03T00:00:00+00:00' AIRFLOW_CTX_TRY_NUMBER='1' AIRFLOW_CTX_DAG_RUN_ID='scheduled__2024-03-03T00:00:00+00:00'
[2024-05-07T23:45:36.026+0000] {taskinstance.py:430} INFO - ::endgroup::
[2024-05-07T23:45:36.038+0000] {subprocess.py:63} INFO - Tmp dir root location: /tmp
[2024-05-07T23:45:36.050+0000] {subprocess.py:75} INFO - Running command: ['/usr/bin/bash', '-c', "sleep 2 && echo 'Tarea 1'"]
[2024-05-07T23:45:36.059+0000] {subprocess.py:86} INFO - Output:
[2024-05-07T23:45:38.062+0000] {subprocess.py:93} INFO - Tarea 1
[2024-05-07T23:45:38.063+0000] {subprocess.py:97} INFO - Command exited with return code 0
[2024-05-07T23:45:38.065+0000] {taskinstance.py:441} INFO - ::group::Post task execution logs
[2024-05-07T23:45:38.084+0000] {taskinstance.py:1206} INFO - Marking task as SUCCESS. dag_id=5.1_orquestacion, task_id=tarea1, run_id=scheduled__2024-03-03T00:00:00+00:00, execution_date=20240303T000000, start_date=20240507T234535, end_date=20240507T234538
[2024-05-07T23:45:38.124+0000] {local_task_job_runner.py:240} INFO - Task exited with return code 0
[2024-05-07T23:45:38.155+0000] {taskinstance.py:3498} INFO - 1 downstream tasks scheduled from follow-on schedule check
[2024-05-07T23:45:38.169+0000] {local_task_job_runner.py:222} INFO - ::endgroup::
