[2024-05-08T20:33:52.600+0000] {local_task_job_runner.py:120} INFO - ::group::Pre task execution logs
[2024-05-08T20:33:52.625+0000] {taskinstance.py:2076} INFO - Dependencies all met for dep_context=non-requeueable deps ti=<TaskInstance: 9_XCom.tarea1 scheduled__2022-01-01T00:00:00+00:00 [queued]>
[2024-05-08T20:33:52.633+0000] {taskinstance.py:2076} INFO - Dependencies all met for dep_context=requeueable deps ti=<TaskInstance: 9_XCom.tarea1 scheduled__2022-01-01T00:00:00+00:00 [queued]>
[2024-05-08T20:33:52.635+0000] {taskinstance.py:2306} INFO - Starting attempt 1 of 1
[2024-05-08T20:33:52.649+0000] {taskinstance.py:2330} INFO - Executing <Task(BashOperator): tarea1> on 2022-01-01 00:00:00+00:00
[2024-05-08T20:33:52.653+0000] {warnings.py:110} WARNING - /home/***/.local/lib/python3.12/site-packages/***/task/task_runner/standard_task_runner.py:61: DeprecationWarning: This process (pid=3133) is multi-threaded, use of fork() may lead to deadlocks in the child.
  pid = os.fork()

[2024-05-08T20:33:52.655+0000] {standard_task_runner.py:63} INFO - Started process 3134 to run task
[2024-05-08T20:33:52.655+0000] {standard_task_runner.py:90} INFO - Running: ['***', 'tasks', 'run', '9_XCom', 'tarea1', 'scheduled__2022-01-01T00:00:00+00:00', '--job-id', '844', '--raw', '--subdir', 'DAGS_FOLDER/09_XCom.py', '--cfg-path', '/tmp/tmpp7cz5azy']
[2024-05-08T20:33:52.656+0000] {standard_task_runner.py:91} INFO - Job 844: Subtask tarea1
[2024-05-08T20:33:52.700+0000] {task_command.py:426} INFO - Running <TaskInstance: 9_XCom.tarea1 scheduled__2022-01-01T00:00:00+00:00 [running]> on host ccc314eb571d
[2024-05-08T20:33:52.763+0000] {taskinstance.py:2648} INFO - Exporting env vars: AIRFLOW_CTX_DAG_OWNER='***' AIRFLOW_CTX_DAG_ID='9_XCom' AIRFLOW_CTX_TASK_ID='tarea1' AIRFLOW_CTX_EXECUTION_DATE='2022-01-01T00:00:00+00:00' AIRFLOW_CTX_TRY_NUMBER='1' AIRFLOW_CTX_DAG_RUN_ID='scheduled__2022-01-01T00:00:00+00:00'
[2024-05-08T20:33:52.768+0000] {taskinstance.py:430} INFO - ::endgroup::
[2024-05-08T20:33:52.790+0000] {subprocess.py:63} INFO - Tmp dir root location: /tmp
[2024-05-08T20:33:52.796+0000] {subprocess.py:75} INFO - Running command: ['/usr/bin/bash', '-c', 'sleep 5 && echo $((3 * 8))']
[2024-05-08T20:33:52.806+0000] {subprocess.py:86} INFO - Output:
[2024-05-08T20:33:57.809+0000] {subprocess.py:93} INFO - 24
[2024-05-08T20:33:57.809+0000] {subprocess.py:97} INFO - Command exited with return code 0
[2024-05-08T20:33:57.810+0000] {taskinstance.py:441} INFO - ::group::Post task execution logs
[2024-05-08T20:33:57.831+0000] {taskinstance.py:1206} INFO - Marking task as SUCCESS. dag_id=9_XCom, task_id=tarea1, run_id=scheduled__2022-01-01T00:00:00+00:00, execution_date=20220101T000000, start_date=20240508T203352, end_date=20240508T203357
[2024-05-08T20:33:57.922+0000] {local_task_job_runner.py:240} INFO - Task exited with return code 0
[2024-05-08T20:33:57.938+0000] {taskinstance.py:3498} INFO - 1 downstream tasks scheduled from follow-on schedule check
[2024-05-08T20:33:57.951+0000] {local_task_job_runner.py:222} INFO - ::endgroup::
