[2024-05-08T21:09:20.193+0000] {local_task_job_runner.py:120} INFO - ::group::Pre task execution logs
[2024-05-08T21:09:20.212+0000] {taskinstance.py:2076} INFO - Dependencies all met for dep_context=non-requeueable deps ti=<TaskInstance: 9_XCom.tarea1 scheduled__2022-01-01T00:00:00+00:00 [queued]>
[2024-05-08T21:09:20.219+0000] {taskinstance.py:2076} INFO - Dependencies all met for dep_context=requeueable deps ti=<TaskInstance: 9_XCom.tarea1 scheduled__2022-01-01T00:00:00+00:00 [queued]>
[2024-05-08T21:09:20.221+0000] {taskinstance.py:2306} INFO - Starting attempt 2 of 2
[2024-05-08T21:09:20.235+0000] {taskinstance.py:2330} INFO - Executing <Task(BashOperator): tarea1> on 2022-01-01 00:00:00+00:00
[2024-05-08T21:09:20.239+0000] {warnings.py:110} WARNING - /home/***/.local/lib/python3.12/site-packages/***/task/task_runner/standard_task_runner.py:61: DeprecationWarning: This process (pid=3615) is multi-threaded, use of fork() may lead to deadlocks in the child.
  pid = os.fork()

[2024-05-08T21:09:20.240+0000] {standard_task_runner.py:63} INFO - Started process 3616 to run task
[2024-05-08T21:09:20.240+0000] {standard_task_runner.py:90} INFO - Running: ['***', 'tasks', 'run', '9_XCom', 'tarea1', 'scheduled__2022-01-01T00:00:00+00:00', '--job-id', '846', '--raw', '--subdir', 'DAGS_FOLDER/09_XCom.py', '--cfg-path', '/tmp/tmp7_6cprn1']
[2024-05-08T21:09:20.241+0000] {standard_task_runner.py:91} INFO - Job 846: Subtask tarea1
[2024-05-08T21:09:20.273+0000] {task_command.py:426} INFO - Running <TaskInstance: 9_XCom.tarea1 scheduled__2022-01-01T00:00:00+00:00 [running]> on host ccc314eb571d
[2024-05-08T21:09:20.348+0000] {taskinstance.py:2648} INFO - Exporting env vars: AIRFLOW_CTX_DAG_OWNER='***' AIRFLOW_CTX_DAG_ID='9_XCom' AIRFLOW_CTX_TASK_ID='tarea1' AIRFLOW_CTX_EXECUTION_DATE='2022-01-01T00:00:00+00:00' AIRFLOW_CTX_TRY_NUMBER='2' AIRFLOW_CTX_DAG_RUN_ID='scheduled__2022-01-01T00:00:00+00:00'
[2024-05-08T21:09:20.349+0000] {taskinstance.py:430} INFO - ::endgroup::
[2024-05-08T21:09:20.358+0000] {subprocess.py:63} INFO - Tmp dir root location: /tmp
[2024-05-08T21:09:20.362+0000] {subprocess.py:75} INFO - Running command: ['/usr/bin/bash', '-c', 'sleep 5 && echo $((3 * 8))']
[2024-05-08T21:09:20.369+0000] {subprocess.py:86} INFO - Output:
[2024-05-08T21:09:25.371+0000] {subprocess.py:93} INFO - 24
[2024-05-08T21:09:25.372+0000] {subprocess.py:97} INFO - Command exited with return code 0
[2024-05-08T21:09:25.373+0000] {taskinstance.py:441} INFO - ::group::Post task execution logs
[2024-05-08T21:09:25.393+0000] {taskinstance.py:1206} INFO - Marking task as SUCCESS. dag_id=9_XCom, task_id=tarea1, run_id=scheduled__2022-01-01T00:00:00+00:00, execution_date=20220101T000000, start_date=20240508T210920, end_date=20240508T210925
[2024-05-08T21:09:25.438+0000] {local_task_job_runner.py:240} INFO - Task exited with return code 0
[2024-05-08T21:09:25.477+0000] {taskinstance.py:3498} INFO - 1 downstream tasks scheduled from follow-on schedule check
[2024-05-08T21:09:25.480+0000] {local_task_job_runner.py:222} INFO - ::endgroup::
