[2024-05-08T19:03:00.788+0000] {local_task_job_runner.py:120} INFO - ::group::Pre task execution logs
[2024-05-08T19:03:00.815+0000] {taskinstance.py:2076} INFO - Dependencies all met for dep_context=non-requeueable deps ti=<TaskInstance: 7.1_externalTaskSensor.tarea1 scheduled__2024-03-04T00:00:00+00:00 [queued]>
[2024-05-08T19:03:00.826+0000] {taskinstance.py:2076} INFO - Dependencies all met for dep_context=requeueable deps ti=<TaskInstance: 7.1_externalTaskSensor.tarea1 scheduled__2024-03-04T00:00:00+00:00 [queued]>
[2024-05-08T19:03:00.827+0000] {taskinstance.py:2306} INFO - Starting attempt 1 of 1
[2024-05-08T19:03:00.843+0000] {taskinstance.py:2330} INFO - Executing <Task(BashOperator): tarea1> on 2024-03-04 00:00:00+00:00
[2024-05-08T19:03:00.853+0000] {warnings.py:110} WARNING - /home/***/.local/lib/python3.12/site-packages/***/task/task_runner/standard_task_runner.py:61: DeprecationWarning: This process (pid=1045) is multi-threaded, use of fork() may lead to deadlocks in the child.
  pid = os.fork()

[2024-05-08T19:03:00.855+0000] {standard_task_runner.py:63} INFO - Started process 1053 to run task
[2024-05-08T19:03:00.854+0000] {standard_task_runner.py:90} INFO - Running: ['***', 'tasks', 'run', '7.1_externalTaskSensor', 'tarea1', 'scheduled__2024-03-04T00:00:00+00:00', '--job-id', '553', '--raw', '--subdir', 'DAGS_FOLDER/071_ExternalTaskSensor.py', '--cfg-path', '/tmp/tmpuy0ddscy']
[2024-05-08T19:03:00.856+0000] {standard_task_runner.py:91} INFO - Job 553: Subtask tarea1
[2024-05-08T19:03:00.896+0000] {task_command.py:426} INFO - Running <TaskInstance: 7.1_externalTaskSensor.tarea1 scheduled__2024-03-04T00:00:00+00:00 [running]> on host ccc314eb571d
[2024-05-08T19:03:00.967+0000] {taskinstance.py:2648} INFO - Exporting env vars: AIRFLOW_CTX_DAG_OWNER='***' AIRFLOW_CTX_DAG_ID='7.1_externalTaskSensor' AIRFLOW_CTX_TASK_ID='tarea1' AIRFLOW_CTX_EXECUTION_DATE='2024-03-04T00:00:00+00:00' AIRFLOW_CTX_TRY_NUMBER='1' AIRFLOW_CTX_DAG_RUN_ID='scheduled__2024-03-04T00:00:00+00:00'
[2024-05-08T19:03:00.968+0000] {taskinstance.py:430} INFO - ::endgroup::
[2024-05-08T19:03:00.978+0000] {subprocess.py:63} INFO - Tmp dir root location: /tmp
[2024-05-08T19:03:00.979+0000] {subprocess.py:75} INFO - Running command: ['/usr/bin/bash', '-c', "sleep 10 && echo 'DAG finalizado!'"]
[2024-05-08T19:03:00.987+0000] {subprocess.py:86} INFO - Output:
[2024-05-08T19:03:10.992+0000] {subprocess.py:93} INFO - DAG finalizado!
[2024-05-08T19:03:10.994+0000] {subprocess.py:97} INFO - Command exited with return code 0
[2024-05-08T19:03:10.996+0000] {taskinstance.py:441} INFO - ::group::Post task execution logs
[2024-05-08T19:03:11.028+0000] {taskinstance.py:1206} INFO - Marking task as SUCCESS. dag_id=7.1_externalTaskSensor, task_id=tarea1, run_id=scheduled__2024-03-04T00:00:00+00:00, execution_date=20240304T000000, start_date=20240508T190300, end_date=20240508T190311
[2024-05-08T19:03:11.087+0000] {local_task_job_runner.py:240} INFO - Task exited with return code 0
[2024-05-08T19:03:11.110+0000] {taskinstance.py:3498} INFO - 0 downstream tasks scheduled from follow-on schedule check
[2024-05-08T19:03:11.115+0000] {local_task_job_runner.py:222} INFO - ::endgroup::
