[2024-05-10T06:26:18.150+0000] {local_task_job_runner.py:120} INFO - ::group::Pre task execution logs
[2024-05-10T06:26:18.277+0000] {taskinstance.py:2076} INFO - Dependencies all met for dep_context=non-requeueable deps ti=<TaskInstance: Proyecto_SpaceX_v1.Confirmacion_NASA scheduled__2024-03-30T00:00:00+00:00 [queued]>
[2024-05-10T06:26:18.284+0000] {taskinstance.py:2076} INFO - Dependencies all met for dep_context=requeueable deps ti=<TaskInstance: Proyecto_SpaceX_v1.Confirmacion_NASA scheduled__2024-03-30T00:00:00+00:00 [queued]>
[2024-05-10T06:26:18.286+0000] {taskinstance.py:2306} INFO - Starting attempt 1 of 3
[2024-05-10T06:26:18.298+0000] {taskinstance.py:2330} INFO - Executing <Task(BashOperator): Confirmacion_NASA> on 2024-03-30 00:00:00+00:00
[2024-05-10T06:26:18.304+0000] {warnings.py:110} WARNING - /home/***/.local/lib/python3.12/site-packages/***/task/task_runner/standard_task_runner.py:61: DeprecationWarning: This process (pid=2294) is multi-threaded, use of fork() may lead to deadlocks in the child.
  pid = os.fork()

[2024-05-10T06:26:18.306+0000] {standard_task_runner.py:63} INFO - Started process 2296 to run task
[2024-05-10T06:26:18.306+0000] {standard_task_runner.py:90} INFO - Running: ['***', 'tasks', 'run', 'Proyecto_SpaceX_v1', 'Confirmacion_NASA', 'scheduled__2024-03-30T00:00:00+00:00', '--job-id', '1330', '--raw', '--subdir', 'DAGS_FOLDER/Proyecto_SpaceX_v1.py', '--cfg-path', '/tmp/tmpsee28v7h']
[2024-05-10T06:26:18.308+0000] {standard_task_runner.py:91} INFO - Job 1330: Subtask Confirmacion_NASA
[2024-05-10T06:26:18.353+0000] {task_command.py:426} INFO - Running <TaskInstance: Proyecto_SpaceX_v1.Confirmacion_NASA scheduled__2024-03-30T00:00:00+00:00 [running]> on host 1b7f0b10dd99
[2024-05-10T06:26:18.438+0000] {taskinstance.py:2648} INFO - Exporting env vars: AIRFLOW_CTX_DAG_OWNER='***' AIRFLOW_CTX_DAG_ID='Proyecto_SpaceX_v1' AIRFLOW_CTX_TASK_ID='Confirmacion_NASA' AIRFLOW_CTX_EXECUTION_DATE='2024-03-30T00:00:00+00:00' AIRFLOW_CTX_TRY_NUMBER='1' AIRFLOW_CTX_DAG_RUN_ID='scheduled__2024-03-30T00:00:00+00:00'
[2024-05-10T06:26:18.453+0000] {taskinstance.py:430} INFO - ::endgroup::
[2024-05-10T06:26:18.468+0000] {subprocess.py:63} INFO - Tmp dir root location: /tmp
[2024-05-10T06:26:18.470+0000] {subprocess.py:75} INFO - Running command: ['/usr/bin/bash', '-c', "sleep 20 && echo 'Confirmación, puede proceder' > /tmp/response_20240330.txt"]
[2024-05-10T06:26:18.480+0000] {subprocess.py:86} INFO - Output:
[2024-05-10T06:26:38.482+0000] {subprocess.py:97} INFO - Command exited with return code 0
[2024-05-10T06:26:38.483+0000] {taskinstance.py:441} INFO - ::group::Post task execution logs
[2024-05-10T06:26:38.506+0000] {taskinstance.py:1206} INFO - Marking task as SUCCESS. dag_id=Proyecto_SpaceX_v1, task_id=Confirmacion_NASA, run_id=scheduled__2024-03-30T00:00:00+00:00, execution_date=20240330T000000, start_date=20240510T062618, end_date=20240510T062638
[2024-05-10T06:26:38.532+0000] {local_task_job_runner.py:240} INFO - Task exited with return code 0
[2024-05-10T06:26:38.555+0000] {taskinstance.py:3498} INFO - 1 downstream tasks scheduled from follow-on schedule check
[2024-05-10T06:26:38.558+0000] {local_task_job_runner.py:222} INFO - ::endgroup::
