[2024-05-07T23:42:12.951+0000] {local_task_job_runner.py:120} INFO - ::group::Pre task execution logs
[2024-05-07T23:42:12.984+0000] {taskinstance.py:2076} INFO - Dependencies all met for dep_context=non-requeueable deps ti=<TaskInstance: 5.1_orquestacion.tarea1 scheduled__2024-03-25T00:00:00+00:00 [queued]>
[2024-05-07T23:42:12.997+0000] {taskinstance.py:2076} INFO - Dependencies all met for dep_context=requeueable deps ti=<TaskInstance: 5.1_orquestacion.tarea1 scheduled__2024-03-25T00:00:00+00:00 [queued]>
[2024-05-07T23:42:12.998+0000] {taskinstance.py:2306} INFO - Starting attempt 1 of 1
[2024-05-07T23:42:13.014+0000] {taskinstance.py:2330} INFO - Executing <Task(BashOperator): tarea1> on 2024-03-25 00:00:00+00:00
[2024-05-07T23:42:13.020+0000] {warnings.py:110} WARNING - /home/***/.local/lib/python3.12/site-packages/***/task/task_runner/standard_task_runner.py:61: DeprecationWarning: This process (pid=3157) is multi-threaded, use of fork() may lead to deadlocks in the child.
  pid = os.fork()

[2024-05-07T23:42:13.021+0000] {standard_task_runner.py:63} INFO - Started process 3162 to run task
[2024-05-07T23:42:13.022+0000] {standard_task_runner.py:90} INFO - Running: ['***', 'tasks', 'run', '5.1_orquestacion', 'tarea1', 'scheduled__2024-03-25T00:00:00+00:00', '--job-id', '148', '--raw', '--subdir', 'DAGS_FOLDER/051_orquestacion.py', '--cfg-path', '/tmp/tmp9_od44h8']
[2024-05-07T23:42:13.023+0000] {standard_task_runner.py:91} INFO - Job 148: Subtask tarea1
[2024-05-07T23:42:13.071+0000] {task_command.py:426} INFO - Running <TaskInstance: 5.1_orquestacion.tarea1 scheduled__2024-03-25T00:00:00+00:00 [running]> on host 521bf890d837
[2024-05-07T23:42:13.196+0000] {taskinstance.py:2648} INFO - Exporting env vars: AIRFLOW_CTX_DAG_OWNER='***' AIRFLOW_CTX_DAG_ID='5.1_orquestacion' AIRFLOW_CTX_TASK_ID='tarea1' AIRFLOW_CTX_EXECUTION_DATE='2024-03-25T00:00:00+00:00' AIRFLOW_CTX_TRY_NUMBER='1' AIRFLOW_CTX_DAG_RUN_ID='scheduled__2024-03-25T00:00:00+00:00'
[2024-05-07T23:42:13.197+0000] {taskinstance.py:430} INFO - ::endgroup::
[2024-05-07T23:42:13.214+0000] {subprocess.py:63} INFO - Tmp dir root location: /tmp
[2024-05-07T23:42:13.215+0000] {subprocess.py:75} INFO - Running command: ['/usr/bin/bash', '-c', "sleep 2 && echo 'Tarea 1'"]
[2024-05-07T23:42:13.224+0000] {subprocess.py:86} INFO - Output:
[2024-05-07T23:42:15.227+0000] {subprocess.py:93} INFO - Tarea 1
[2024-05-07T23:42:15.228+0000] {subprocess.py:97} INFO - Command exited with return code 0
[2024-05-07T23:42:15.228+0000] {taskinstance.py:441} INFO - ::group::Post task execution logs
[2024-05-07T23:42:15.267+0000] {taskinstance.py:1206} INFO - Marking task as SUCCESS. dag_id=5.1_orquestacion, task_id=tarea1, run_id=scheduled__2024-03-25T00:00:00+00:00, execution_date=20240325T000000, start_date=20240507T234212, end_date=20240507T234215
[2024-05-07T23:42:15.328+0000] {local_task_job_runner.py:240} INFO - Task exited with return code 0
[2024-05-07T23:42:15.388+0000] {taskinstance.py:3498} INFO - 1 downstream tasks scheduled from follow-on schedule check
[2024-05-07T23:42:15.393+0000] {local_task_job_runner.py:222} INFO - ::endgroup::
[2024-05-07T23:49:46.911+0000] {local_task_job_runner.py:120} INFO - ::group::Pre task execution logs
[2024-05-07T23:49:46.938+0000] {taskinstance.py:2076} INFO - Dependencies all met for dep_context=non-requeueable deps ti=<TaskInstance: 5.1_orquestacion.tarea1 scheduled__2024-03-25T00:00:00+00:00 [queued]>
[2024-05-07T23:49:46.948+0000] {taskinstance.py:2076} INFO - Dependencies all met for dep_context=requeueable deps ti=<TaskInstance: 5.1_orquestacion.tarea1 scheduled__2024-03-25T00:00:00+00:00 [queued]>
[2024-05-07T23:49:46.949+0000] {taskinstance.py:2306} INFO - Starting attempt 1 of 1
[2024-05-07T23:49:46.965+0000] {taskinstance.py:2330} INFO - Executing <Task(BashOperator): tarea1> on 2024-03-25 00:00:00+00:00
[2024-05-07T23:49:46.971+0000] {warnings.py:110} WARNING - /home/***/.local/lib/python3.12/site-packages/***/task/task_runner/standard_task_runner.py:61: DeprecationWarning: This process (pid=3780) is multi-threaded, use of fork() may lead to deadlocks in the child.
  pid = os.fork()

[2024-05-07T23:49:46.973+0000] {standard_task_runner.py:63} INFO - Started process 3781 to run task
[2024-05-07T23:49:46.973+0000] {standard_task_runner.py:90} INFO - Running: ['***', 'tasks', 'run', '5.1_orquestacion', 'tarea1', 'scheduled__2024-03-25T00:00:00+00:00', '--job-id', '281', '--raw', '--subdir', 'DAGS_FOLDER/051_orquestacion.py', '--cfg-path', '/tmp/tmp7unvhcl6']
[2024-05-07T23:49:46.974+0000] {standard_task_runner.py:91} INFO - Job 281: Subtask tarea1
[2024-05-07T23:49:47.018+0000] {task_command.py:426} INFO - Running <TaskInstance: 5.1_orquestacion.tarea1 scheduled__2024-03-25T00:00:00+00:00 [running]> on host 521bf890d837
[2024-05-07T23:49:47.098+0000] {taskinstance.py:2648} INFO - Exporting env vars: AIRFLOW_CTX_DAG_OWNER='***' AIRFLOW_CTX_DAG_ID='5.1_orquestacion' AIRFLOW_CTX_TASK_ID='tarea1' AIRFLOW_CTX_EXECUTION_DATE='2024-03-25T00:00:00+00:00' AIRFLOW_CTX_TRY_NUMBER='1' AIRFLOW_CTX_DAG_RUN_ID='scheduled__2024-03-25T00:00:00+00:00'
[2024-05-07T23:49:47.099+0000] {taskinstance.py:430} INFO - ::endgroup::
[2024-05-07T23:49:47.113+0000] {subprocess.py:63} INFO - Tmp dir root location: /tmp
[2024-05-07T23:49:47.114+0000] {subprocess.py:75} INFO - Running command: ['/usr/bin/bash', '-c', "sleep 2 && echo 'Tarea 1'"]
[2024-05-07T23:49:47.124+0000] {subprocess.py:86} INFO - Output:
[2024-05-07T23:49:49.127+0000] {subprocess.py:93} INFO - Tarea 1
[2024-05-07T23:49:49.142+0000] {subprocess.py:97} INFO - Command exited with return code 0
[2024-05-07T23:49:49.147+0000] {taskinstance.py:441} INFO - ::group::Post task execution logs
[2024-05-07T23:49:49.168+0000] {taskinstance.py:1206} INFO - Marking task as SUCCESS. dag_id=5.1_orquestacion, task_id=tarea1, run_id=scheduled__2024-03-25T00:00:00+00:00, execution_date=20240325T000000, start_date=20240507T234946, end_date=20240507T234949
[2024-05-07T23:49:49.200+0000] {local_task_job_runner.py:240} INFO - Task exited with return code 0
[2024-05-07T23:49:49.226+0000] {taskinstance.py:3498} INFO - 1 downstream tasks scheduled from follow-on schedule check
[2024-05-07T23:49:49.229+0000] {local_task_job_runner.py:222} INFO - ::endgroup::
