[2024-05-07T23:41:21.964+0000] {local_task_job_runner.py:120} INFO - ::group::Pre task execution logs
[2024-05-07T23:41:21.992+0000] {taskinstance.py:2076} INFO - Dependencies all met for dep_context=non-requeueable deps ti=<TaskInstance: 5.1_orquestacion.tarea2 scheduled__2024-03-10T00:00:00+00:00 [queued]>
[2024-05-07T23:41:22.004+0000] {taskinstance.py:2076} INFO - Dependencies all met for dep_context=requeueable deps ti=<TaskInstance: 5.1_orquestacion.tarea2 scheduled__2024-03-10T00:00:00+00:00 [queued]>
[2024-05-07T23:41:22.005+0000] {taskinstance.py:2306} INFO - Starting attempt 1 of 1
[2024-05-07T23:41:22.022+0000] {taskinstance.py:2330} INFO - Executing <Task(BashOperator): tarea2> on 2024-03-10 00:00:00+00:00
[2024-05-07T23:41:22.028+0000] {warnings.py:110} WARNING - /home/***/.local/lib/python3.12/site-packages/***/task/task_runner/standard_task_runner.py:61: DeprecationWarning: This process (pid=2919) is multi-threaded, use of fork() may lead to deadlocks in the child.
  pid = os.fork()

[2024-05-07T23:41:22.030+0000] {standard_task_runner.py:63} INFO - Started process 2924 to run task
[2024-05-07T23:41:22.030+0000] {standard_task_runner.py:90} INFO - Running: ['***', 'tasks', 'run', '5.1_orquestacion', 'tarea2', 'scheduled__2024-03-10T00:00:00+00:00', '--job-id', '93', '--raw', '--subdir', 'DAGS_FOLDER/051_orquestacion.py', '--cfg-path', '/tmp/tmp_f6yj6hi']
[2024-05-07T23:41:22.031+0000] {standard_task_runner.py:91} INFO - Job 93: Subtask tarea2
[2024-05-07T23:41:22.074+0000] {task_command.py:426} INFO - Running <TaskInstance: 5.1_orquestacion.tarea2 scheduled__2024-03-10T00:00:00+00:00 [running]> on host 521bf890d837
[2024-05-07T23:41:22.159+0000] {taskinstance.py:2648} INFO - Exporting env vars: AIRFLOW_CTX_DAG_OWNER='***' AIRFLOW_CTX_DAG_ID='5.1_orquestacion' AIRFLOW_CTX_TASK_ID='tarea2' AIRFLOW_CTX_EXECUTION_DATE='2024-03-10T00:00:00+00:00' AIRFLOW_CTX_TRY_NUMBER='1' AIRFLOW_CTX_DAG_RUN_ID='scheduled__2024-03-10T00:00:00+00:00'
[2024-05-07T23:41:22.161+0000] {taskinstance.py:430} INFO - ::endgroup::
[2024-05-07T23:41:22.173+0000] {subprocess.py:63} INFO - Tmp dir root location: /tmp
[2024-05-07T23:41:22.174+0000] {subprocess.py:75} INFO - Running command: ['/usr/bin/bash', '-c', "sleep 2 && echo 'Tarea 2'"]
[2024-05-07T23:41:22.182+0000] {subprocess.py:86} INFO - Output:
[2024-05-07T23:41:24.185+0000] {subprocess.py:93} INFO - Tarea 2
[2024-05-07T23:41:24.187+0000] {subprocess.py:97} INFO - Command exited with return code 0
[2024-05-07T23:41:24.196+0000] {taskinstance.py:441} INFO - ::group::Post task execution logs
[2024-05-07T23:41:24.281+0000] {taskinstance.py:1206} INFO - Marking task as SUCCESS. dag_id=5.1_orquestacion, task_id=tarea2, run_id=scheduled__2024-03-10T00:00:00+00:00, execution_date=20240310T000000, start_date=20240507T234121, end_date=20240507T234124
[2024-05-07T23:41:24.375+0000] {local_task_job_runner.py:240} INFO - Task exited with return code 0
[2024-05-07T23:41:24.416+0000] {taskinstance.py:3498} INFO - 2 downstream tasks scheduled from follow-on schedule check
[2024-05-07T23:41:24.420+0000] {local_task_job_runner.py:222} INFO - ::endgroup::
[2024-05-07T23:47:02.563+0000] {local_task_job_runner.py:120} INFO - ::group::Pre task execution logs
[2024-05-07T23:47:02.589+0000] {taskinstance.py:2076} INFO - Dependencies all met for dep_context=non-requeueable deps ti=<TaskInstance: 5.1_orquestacion.tarea2 scheduled__2024-03-10T00:00:00+00:00 [queued]>
[2024-05-07T23:47:02.600+0000] {taskinstance.py:2076} INFO - Dependencies all met for dep_context=requeueable deps ti=<TaskInstance: 5.1_orquestacion.tarea2 scheduled__2024-03-10T00:00:00+00:00 [queued]>
[2024-05-07T23:47:02.600+0000] {taskinstance.py:2306} INFO - Starting attempt 1 of 1
[2024-05-07T23:47:02.616+0000] {taskinstance.py:2330} INFO - Executing <Task(BashOperator): tarea2> on 2024-03-10 00:00:00+00:00
[2024-05-07T23:47:02.625+0000] {warnings.py:110} WARNING - /home/***/.local/lib/python3.12/site-packages/***/task/task_runner/standard_task_runner.py:61: DeprecationWarning: This process (pid=3509) is multi-threaded, use of fork() may lead to deadlocks in the child.
  pid = os.fork()

[2024-05-07T23:47:02.627+0000] {standard_task_runner.py:90} INFO - Running: ['***', 'tasks', 'run', '5.1_orquestacion', 'tarea2', 'scheduled__2024-03-10T00:00:00+00:00', '--job-id', '222', '--raw', '--subdir', 'DAGS_FOLDER/051_orquestacion.py', '--cfg-path', '/tmp/tmpewt1m1_v']
[2024-05-07T23:47:02.629+0000] {standard_task_runner.py:63} INFO - Started process 3510 to run task
[2024-05-07T23:47:02.631+0000] {standard_task_runner.py:91} INFO - Job 222: Subtask tarea2
[2024-05-07T23:47:02.684+0000] {task_command.py:426} INFO - Running <TaskInstance: 5.1_orquestacion.tarea2 scheduled__2024-03-10T00:00:00+00:00 [running]> on host 521bf890d837
[2024-05-07T23:47:02.767+0000] {taskinstance.py:2648} INFO - Exporting env vars: AIRFLOW_CTX_DAG_OWNER='***' AIRFLOW_CTX_DAG_ID='5.1_orquestacion' AIRFLOW_CTX_TASK_ID='tarea2' AIRFLOW_CTX_EXECUTION_DATE='2024-03-10T00:00:00+00:00' AIRFLOW_CTX_TRY_NUMBER='1' AIRFLOW_CTX_DAG_RUN_ID='scheduled__2024-03-10T00:00:00+00:00'
[2024-05-07T23:47:02.786+0000] {taskinstance.py:430} INFO - ::endgroup::
[2024-05-07T23:47:02.798+0000] {subprocess.py:63} INFO - Tmp dir root location: /tmp
[2024-05-07T23:47:02.803+0000] {subprocess.py:75} INFO - Running command: ['/usr/bin/bash', '-c', "sleep 2 && echo 'Tarea 2'"]
[2024-05-07T23:47:02.820+0000] {subprocess.py:86} INFO - Output:
[2024-05-07T23:47:04.823+0000] {subprocess.py:93} INFO - Tarea 2
[2024-05-07T23:47:04.824+0000] {subprocess.py:97} INFO - Command exited with return code 0
[2024-05-07T23:47:04.826+0000] {taskinstance.py:441} INFO - ::group::Post task execution logs
[2024-05-07T23:47:04.851+0000] {taskinstance.py:1206} INFO - Marking task as SUCCESS. dag_id=5.1_orquestacion, task_id=tarea2, run_id=scheduled__2024-03-10T00:00:00+00:00, execution_date=20240310T000000, start_date=20240507T234702, end_date=20240507T234704
[2024-05-07T23:47:04.898+0000] {local_task_job_runner.py:240} INFO - Task exited with return code 0
[2024-05-07T23:47:04.937+0000] {taskinstance.py:3498} INFO - 2 downstream tasks scheduled from follow-on schedule check
[2024-05-07T23:47:04.941+0000] {local_task_job_runner.py:222} INFO - ::endgroup::
