[2024-05-10T06:24:03.720+0000] {local_task_job_runner.py:120} INFO - ::group::Pre task execution logs
[2024-05-10T06:24:03.851+0000] {taskinstance.py:2076} INFO - Dependencies all met for dep_context=non-requeueable deps ti=<TaskInstance: Proyecto_SpaceX_v1.Confirmacion_NASA scheduled__2024-03-26T00:00:00+00:00 [queued]>
[2024-05-10T06:24:03.858+0000] {taskinstance.py:2076} INFO - Dependencies all met for dep_context=requeueable deps ti=<TaskInstance: Proyecto_SpaceX_v1.Confirmacion_NASA scheduled__2024-03-26T00:00:00+00:00 [queued]>
[2024-05-10T06:24:03.859+0000] {taskinstance.py:2306} INFO - Starting attempt 1 of 3
[2024-05-10T06:24:03.870+0000] {taskinstance.py:2330} INFO - Executing <Task(BashOperator): Confirmacion_NASA> on 2024-03-26 00:00:00+00:00
[2024-05-10T06:24:03.884+0000] {warnings.py:110} WARNING - /home/***/.local/lib/python3.12/site-packages/***/task/task_runner/standard_task_runner.py:61: DeprecationWarning: This process (pid=2146) is multi-threaded, use of fork() may lead to deadlocks in the child.
  pid = os.fork()

[2024-05-10T06:24:03.886+0000] {standard_task_runner.py:63} INFO - Started process 2148 to run task
[2024-05-10T06:24:03.886+0000] {standard_task_runner.py:90} INFO - Running: ['***', 'tasks', 'run', 'Proyecto_SpaceX_v1', 'Confirmacion_NASA', 'scheduled__2024-03-26T00:00:00+00:00', '--job-id', '1302', '--raw', '--subdir', 'DAGS_FOLDER/Proyecto_SpaceX_v1.py', '--cfg-path', '/tmp/tmp3_rc0nfa']
[2024-05-10T06:24:03.888+0000] {standard_task_runner.py:91} INFO - Job 1302: Subtask Confirmacion_NASA
[2024-05-10T06:24:03.927+0000] {task_command.py:426} INFO - Running <TaskInstance: Proyecto_SpaceX_v1.Confirmacion_NASA scheduled__2024-03-26T00:00:00+00:00 [running]> on host 1b7f0b10dd99
[2024-05-10T06:24:03.999+0000] {taskinstance.py:2648} INFO - Exporting env vars: AIRFLOW_CTX_DAG_OWNER='***' AIRFLOW_CTX_DAG_ID='Proyecto_SpaceX_v1' AIRFLOW_CTX_TASK_ID='Confirmacion_NASA' AIRFLOW_CTX_EXECUTION_DATE='2024-03-26T00:00:00+00:00' AIRFLOW_CTX_TRY_NUMBER='1' AIRFLOW_CTX_DAG_RUN_ID='scheduled__2024-03-26T00:00:00+00:00'
[2024-05-10T06:24:04.007+0000] {taskinstance.py:430} INFO - ::endgroup::
[2024-05-10T06:24:04.017+0000] {subprocess.py:63} INFO - Tmp dir root location: /tmp
[2024-05-10T06:24:04.019+0000] {subprocess.py:75} INFO - Running command: ['/usr/bin/bash', '-c', "sleep 20 && echo 'Confirmación, puede proceder' > /tmp/response_20240326.txt"]
[2024-05-10T06:24:04.028+0000] {subprocess.py:86} INFO - Output:
[2024-05-10T06:24:24.032+0000] {subprocess.py:97} INFO - Command exited with return code 0
[2024-05-10T06:24:24.040+0000] {taskinstance.py:441} INFO - ::group::Post task execution logs
[2024-05-10T06:24:24.079+0000] {taskinstance.py:1206} INFO - Marking task as SUCCESS. dag_id=Proyecto_SpaceX_v1, task_id=Confirmacion_NASA, run_id=scheduled__2024-03-26T00:00:00+00:00, execution_date=20240326T000000, start_date=20240510T062403, end_date=20240510T062424
[2024-05-10T06:24:24.181+0000] {local_task_job_runner.py:240} INFO - Task exited with return code 0
[2024-05-10T06:24:24.212+0000] {taskinstance.py:3498} INFO - 1 downstream tasks scheduled from follow-on schedule check
[2024-05-10T06:24:24.216+0000] {local_task_job_runner.py:222} INFO - ::endgroup::
