[2024-05-07T23:41:36.722+0000] {local_task_job_runner.py:120} INFO - ::group::Pre task execution logs
[2024-05-07T23:41:36.750+0000] {taskinstance.py:2076} INFO - Dependencies all met for dep_context=non-requeueable deps ti=<TaskInstance: 5.1_orquestacion.tarea3 scheduled__2024-03-13T00:00:00+00:00 [queued]>
[2024-05-07T23:41:36.762+0000] {taskinstance.py:2076} INFO - Dependencies all met for dep_context=requeueable deps ti=<TaskInstance: 5.1_orquestacion.tarea3 scheduled__2024-03-13T00:00:00+00:00 [queued]>
[2024-05-07T23:41:36.763+0000] {taskinstance.py:2306} INFO - Starting attempt 1 of 1
[2024-05-07T23:41:36.780+0000] {taskinstance.py:2330} INFO - Executing <Task(BashOperator): tarea3> on 2024-03-13 00:00:00+00:00
[2024-05-07T23:41:36.786+0000] {warnings.py:110} WARNING - /home/***/.local/lib/python3.12/site-packages/***/task/task_runner/standard_task_runner.py:61: DeprecationWarning: This process (pid=2992) is multi-threaded, use of fork() may lead to deadlocks in the child.
  pid = os.fork()

[2024-05-07T23:41:36.788+0000] {standard_task_runner.py:63} INFO - Started process 2999 to run task
[2024-05-07T23:41:36.789+0000] {standard_task_runner.py:90} INFO - Running: ['***', 'tasks', 'run', '5.1_orquestacion', 'tarea3', 'scheduled__2024-03-13T00:00:00+00:00', '--job-id', '111', '--raw', '--subdir', 'DAGS_FOLDER/051_orquestacion.py', '--cfg-path', '/tmp/tmpr4gn5y6d']
[2024-05-07T23:41:36.790+0000] {standard_task_runner.py:91} INFO - Job 111: Subtask tarea3
[2024-05-07T23:41:36.842+0000] {task_command.py:426} INFO - Running <TaskInstance: 5.1_orquestacion.tarea3 scheduled__2024-03-13T00:00:00+00:00 [running]> on host 521bf890d837
[2024-05-07T23:41:36.928+0000] {taskinstance.py:2648} INFO - Exporting env vars: AIRFLOW_CTX_DAG_OWNER='***' AIRFLOW_CTX_DAG_ID='5.1_orquestacion' AIRFLOW_CTX_TASK_ID='tarea3' AIRFLOW_CTX_EXECUTION_DATE='2024-03-13T00:00:00+00:00' AIRFLOW_CTX_TRY_NUMBER='1' AIRFLOW_CTX_DAG_RUN_ID='scheduled__2024-03-13T00:00:00+00:00'
[2024-05-07T23:41:36.929+0000] {taskinstance.py:430} INFO - ::endgroup::
[2024-05-07T23:41:36.943+0000] {subprocess.py:63} INFO - Tmp dir root location: /tmp
[2024-05-07T23:41:36.944+0000] {subprocess.py:75} INFO - Running command: ['/usr/bin/bash', '-c', "sleep 2 && echo 'Tarea 3'"]
[2024-05-07T23:41:36.952+0000] {subprocess.py:86} INFO - Output:
[2024-05-07T23:41:38.955+0000] {subprocess.py:93} INFO - Tarea 3
[2024-05-07T23:41:38.960+0000] {subprocess.py:97} INFO - Command exited with return code 0
[2024-05-07T23:41:38.970+0000] {taskinstance.py:441} INFO - ::group::Post task execution logs
[2024-05-07T23:41:39.147+0000] {taskinstance.py:1206} INFO - Marking task as SUCCESS. dag_id=5.1_orquestacion, task_id=tarea3, run_id=scheduled__2024-03-13T00:00:00+00:00, execution_date=20240313T000000, start_date=20240507T234136, end_date=20240507T234139
[2024-05-07T23:41:39.257+0000] {local_task_job_runner.py:240} INFO - Task exited with return code 0
[2024-05-07T23:41:39.274+0000] {local_task_job_runner.py:222} INFO - ::endgroup::
[2024-05-07T23:47:39.953+0000] {local_task_job_runner.py:120} INFO - ::group::Pre task execution logs
[2024-05-07T23:47:39.983+0000] {taskinstance.py:2076} INFO - Dependencies all met for dep_context=non-requeueable deps ti=<TaskInstance: 5.1_orquestacion.tarea3 scheduled__2024-03-13T00:00:00+00:00 [queued]>
[2024-05-07T23:47:39.994+0000] {taskinstance.py:2076} INFO - Dependencies all met for dep_context=requeueable deps ti=<TaskInstance: 5.1_orquestacion.tarea3 scheduled__2024-03-13T00:00:00+00:00 [queued]>
[2024-05-07T23:47:39.995+0000] {taskinstance.py:2306} INFO - Starting attempt 1 of 1
[2024-05-07T23:47:40.011+0000] {taskinstance.py:2330} INFO - Executing <Task(BashOperator): tarea3> on 2024-03-13 00:00:00+00:00
[2024-05-07T23:47:40.017+0000] {warnings.py:110} WARNING - /home/***/.local/lib/python3.12/site-packages/***/task/task_runner/standard_task_runner.py:61: DeprecationWarning: This process (pid=3575) is multi-threaded, use of fork() may lead to deadlocks in the child.
  pid = os.fork()

[2024-05-07T23:47:40.019+0000] {standard_task_runner.py:63} INFO - Started process 3577 to run task
[2024-05-07T23:47:40.019+0000] {standard_task_runner.py:90} INFO - Running: ['***', 'tasks', 'run', '5.1_orquestacion', 'tarea3', 'scheduled__2024-03-13T00:00:00+00:00', '--job-id', '235', '--raw', '--subdir', 'DAGS_FOLDER/051_orquestacion.py', '--cfg-path', '/tmp/tmpbw3tkgdu']
[2024-05-07T23:47:40.020+0000] {standard_task_runner.py:91} INFO - Job 235: Subtask tarea3
[2024-05-07T23:47:40.064+0000] {task_command.py:426} INFO - Running <TaskInstance: 5.1_orquestacion.tarea3 scheduled__2024-03-13T00:00:00+00:00 [running]> on host 521bf890d837
[2024-05-07T23:47:40.156+0000] {taskinstance.py:2648} INFO - Exporting env vars: AIRFLOW_CTX_DAG_OWNER='***' AIRFLOW_CTX_DAG_ID='5.1_orquestacion' AIRFLOW_CTX_TASK_ID='tarea3' AIRFLOW_CTX_EXECUTION_DATE='2024-03-13T00:00:00+00:00' AIRFLOW_CTX_TRY_NUMBER='1' AIRFLOW_CTX_DAG_RUN_ID='scheduled__2024-03-13T00:00:00+00:00'
[2024-05-07T23:47:40.158+0000] {taskinstance.py:430} INFO - ::endgroup::
[2024-05-07T23:47:40.173+0000] {subprocess.py:63} INFO - Tmp dir root location: /tmp
[2024-05-07T23:47:40.175+0000] {subprocess.py:75} INFO - Running command: ['/usr/bin/bash', '-c', "sleep 2 && echo 'Tarea 3'"]
[2024-05-07T23:47:40.184+0000] {subprocess.py:86} INFO - Output:
[2024-05-07T23:47:42.188+0000] {subprocess.py:93} INFO - Tarea 3
[2024-05-07T23:47:42.191+0000] {subprocess.py:97} INFO - Command exited with return code 0
[2024-05-07T23:47:42.191+0000] {taskinstance.py:441} INFO - ::group::Post task execution logs
[2024-05-07T23:47:42.213+0000] {taskinstance.py:1206} INFO - Marking task as SUCCESS. dag_id=5.1_orquestacion, task_id=tarea3, run_id=scheduled__2024-03-13T00:00:00+00:00, execution_date=20240313T000000, start_date=20240507T234739, end_date=20240507T234742
[2024-05-07T23:47:42.245+0000] {local_task_job_runner.py:240} INFO - Task exited with return code 0
[2024-05-07T23:47:42.260+0000] {taskinstance.py:3498} INFO - 0 downstream tasks scheduled from follow-on schedule check
[2024-05-07T23:47:42.263+0000] {local_task_job_runner.py:222} INFO - ::endgroup::
