[2024-05-07T23:41:33.403+0000] {local_task_job_runner.py:120} INFO - ::group::Pre task execution logs
[2024-05-07T23:41:33.436+0000] {taskinstance.py:2076} INFO - Dependencies all met for dep_context=non-requeueable deps ti=<TaskInstance: 5.1_orquestacion.tarea2 scheduled__2024-03-13T00:00:00+00:00 [queued]>
[2024-05-07T23:41:33.450+0000] {taskinstance.py:2076} INFO - Dependencies all met for dep_context=requeueable deps ti=<TaskInstance: 5.1_orquestacion.tarea2 scheduled__2024-03-13T00:00:00+00:00 [queued]>
[2024-05-07T23:41:33.451+0000] {taskinstance.py:2306} INFO - Starting attempt 1 of 1
[2024-05-07T23:41:33.470+0000] {taskinstance.py:2330} INFO - Executing <Task(BashOperator): tarea2> on 2024-03-13 00:00:00+00:00
[2024-05-07T23:41:33.478+0000] {warnings.py:110} WARNING - /home/***/.local/lib/python3.12/site-packages/***/task/task_runner/standard_task_runner.py:61: DeprecationWarning: This process (pid=2968) is multi-threaded, use of fork() may lead to deadlocks in the child.
  pid = os.fork()

[2024-05-07T23:41:33.479+0000] {standard_task_runner.py:63} INFO - Started process 2974 to run task
[2024-05-07T23:41:33.480+0000] {standard_task_runner.py:90} INFO - Running: ['***', 'tasks', 'run', '5.1_orquestacion', 'tarea2', 'scheduled__2024-03-13T00:00:00+00:00', '--job-id', '106', '--raw', '--subdir', 'DAGS_FOLDER/051_orquestacion.py', '--cfg-path', '/tmp/tmpk1w2aqpn']
[2024-05-07T23:41:33.481+0000] {standard_task_runner.py:91} INFO - Job 106: Subtask tarea2
[2024-05-07T23:41:33.531+0000] {task_command.py:426} INFO - Running <TaskInstance: 5.1_orquestacion.tarea2 scheduled__2024-03-13T00:00:00+00:00 [running]> on host 521bf890d837
[2024-05-07T23:41:33.628+0000] {taskinstance.py:2648} INFO - Exporting env vars: AIRFLOW_CTX_DAG_OWNER='***' AIRFLOW_CTX_DAG_ID='5.1_orquestacion' AIRFLOW_CTX_TASK_ID='tarea2' AIRFLOW_CTX_EXECUTION_DATE='2024-03-13T00:00:00+00:00' AIRFLOW_CTX_TRY_NUMBER='1' AIRFLOW_CTX_DAG_RUN_ID='scheduled__2024-03-13T00:00:00+00:00'
[2024-05-07T23:41:33.629+0000] {taskinstance.py:430} INFO - ::endgroup::
[2024-05-07T23:41:33.643+0000] {subprocess.py:63} INFO - Tmp dir root location: /tmp
[2024-05-07T23:41:33.644+0000] {subprocess.py:75} INFO - Running command: ['/usr/bin/bash', '-c', "sleep 2 && echo 'Tarea 2'"]
[2024-05-07T23:41:33.654+0000] {subprocess.py:86} INFO - Output:
[2024-05-07T23:41:35.659+0000] {subprocess.py:93} INFO - Tarea 2
[2024-05-07T23:41:35.666+0000] {subprocess.py:97} INFO - Command exited with return code 0
[2024-05-07T23:41:35.675+0000] {taskinstance.py:441} INFO - ::group::Post task execution logs
[2024-05-07T23:41:35.827+0000] {taskinstance.py:1206} INFO - Marking task as SUCCESS. dag_id=5.1_orquestacion, task_id=tarea2, run_id=scheduled__2024-03-13T00:00:00+00:00, execution_date=20240313T000000, start_date=20240507T234133, end_date=20240507T234135
[2024-05-07T23:41:35.909+0000] {local_task_job_runner.py:240} INFO - Task exited with return code 0
[2024-05-07T23:41:35.946+0000] {taskinstance.py:3498} INFO - 2 downstream tasks scheduled from follow-on schedule check
[2024-05-07T23:41:35.951+0000] {local_task_job_runner.py:222} INFO - ::endgroup::
[2024-05-07T23:47:36.563+0000] {local_task_job_runner.py:120} INFO - ::group::Pre task execution logs
[2024-05-07T23:47:36.611+0000] {taskinstance.py:2076} INFO - Dependencies all met for dep_context=non-requeueable deps ti=<TaskInstance: 5.1_orquestacion.tarea2 scheduled__2024-03-13T00:00:00+00:00 [queued]>
[2024-05-07T23:47:36.621+0000] {taskinstance.py:2076} INFO - Dependencies all met for dep_context=requeueable deps ti=<TaskInstance: 5.1_orquestacion.tarea2 scheduled__2024-03-13T00:00:00+00:00 [queued]>
[2024-05-07T23:47:36.622+0000] {taskinstance.py:2306} INFO - Starting attempt 1 of 1
[2024-05-07T23:47:36.636+0000] {taskinstance.py:2330} INFO - Executing <Task(BashOperator): tarea2> on 2024-03-13 00:00:00+00:00
[2024-05-07T23:47:36.643+0000] {warnings.py:110} WARNING - /home/***/.local/lib/python3.12/site-packages/***/task/task_runner/standard_task_runner.py:61: DeprecationWarning: This process (pid=3564) is multi-threaded, use of fork() may lead to deadlocks in the child.
  pid = os.fork()

[2024-05-07T23:47:36.644+0000] {standard_task_runner.py:90} INFO - Running: ['***', 'tasks', 'run', '5.1_orquestacion', 'tarea2', 'scheduled__2024-03-13T00:00:00+00:00', '--job-id', '234', '--raw', '--subdir', 'DAGS_FOLDER/051_orquestacion.py', '--cfg-path', '/tmp/tmpnhuv2j22']
[2024-05-07T23:47:36.646+0000] {standard_task_runner.py:63} INFO - Started process 3565 to run task
[2024-05-07T23:47:36.646+0000] {standard_task_runner.py:91} INFO - Job 234: Subtask tarea2
[2024-05-07T23:47:36.701+0000] {task_command.py:426} INFO - Running <TaskInstance: 5.1_orquestacion.tarea2 scheduled__2024-03-13T00:00:00+00:00 [running]> on host 521bf890d837
[2024-05-07T23:47:36.781+0000] {taskinstance.py:2648} INFO - Exporting env vars: AIRFLOW_CTX_DAG_OWNER='***' AIRFLOW_CTX_DAG_ID='5.1_orquestacion' AIRFLOW_CTX_TASK_ID='tarea2' AIRFLOW_CTX_EXECUTION_DATE='2024-03-13T00:00:00+00:00' AIRFLOW_CTX_TRY_NUMBER='1' AIRFLOW_CTX_DAG_RUN_ID='scheduled__2024-03-13T00:00:00+00:00'
[2024-05-07T23:47:36.782+0000] {taskinstance.py:430} INFO - ::endgroup::
[2024-05-07T23:47:36.795+0000] {subprocess.py:63} INFO - Tmp dir root location: /tmp
[2024-05-07T23:47:36.796+0000] {subprocess.py:75} INFO - Running command: ['/usr/bin/bash', '-c', "sleep 2 && echo 'Tarea 2'"]
[2024-05-07T23:47:36.805+0000] {subprocess.py:86} INFO - Output:
[2024-05-07T23:47:38.808+0000] {subprocess.py:93} INFO - Tarea 2
[2024-05-07T23:47:38.809+0000] {subprocess.py:97} INFO - Command exited with return code 0
[2024-05-07T23:47:38.810+0000] {taskinstance.py:441} INFO - ::group::Post task execution logs
[2024-05-07T23:47:38.831+0000] {taskinstance.py:1206} INFO - Marking task as SUCCESS. dag_id=5.1_orquestacion, task_id=tarea2, run_id=scheduled__2024-03-13T00:00:00+00:00, execution_date=20240313T000000, start_date=20240507T234736, end_date=20240507T234738
[2024-05-07T23:47:38.878+0000] {local_task_job_runner.py:240} INFO - Task exited with return code 0
[2024-05-07T23:47:38.902+0000] {taskinstance.py:3498} INFO - 2 downstream tasks scheduled from follow-on schedule check
[2024-05-07T23:47:38.905+0000] {local_task_job_runner.py:222} INFO - ::endgroup::
