[2024-05-07T23:40:48.424+0000] {local_task_job_runner.py:120} INFO - ::group::Pre task execution logs
[2024-05-07T23:40:48.450+0000] {taskinstance.py:2076} INFO - Dependencies all met for dep_context=non-requeueable deps ti=<TaskInstance: 5.1_orquestacion.tarea2 scheduled__2024-03-02T00:00:00+00:00 [queued]>
[2024-05-07T23:40:48.460+0000] {taskinstance.py:2076} INFO - Dependencies all met for dep_context=requeueable deps ti=<TaskInstance: 5.1_orquestacion.tarea2 scheduled__2024-03-02T00:00:00+00:00 [queued]>
[2024-05-07T23:40:48.461+0000] {taskinstance.py:2306} INFO - Starting attempt 1 of 1
[2024-05-07T23:40:48.476+0000] {taskinstance.py:2330} INFO - Executing <Task(BashOperator): tarea2> on 2024-03-02 00:00:00+00:00
[2024-05-07T23:40:48.482+0000] {warnings.py:110} WARNING - /home/***/.local/lib/python3.12/site-packages/***/task/task_runner/standard_task_runner.py:61: DeprecationWarning: This process (pid=2786) is multi-threaded, use of fork() may lead to deadlocks in the child.
  pid = os.fork()

[2024-05-07T23:40:48.483+0000] {standard_task_runner.py:90} INFO - Running: ['***', 'tasks', 'run', '5.1_orquestacion', 'tarea2', 'scheduled__2024-03-02T00:00:00+00:00', '--job-id', '62', '--raw', '--subdir', 'DAGS_FOLDER/051_orquestacion.py', '--cfg-path', '/tmp/tmpnnzgc2hv']
[2024-05-07T23:40:48.484+0000] {standard_task_runner.py:63} INFO - Started process 2792 to run task
[2024-05-07T23:40:48.485+0000] {standard_task_runner.py:91} INFO - Job 62: Subtask tarea2
[2024-05-07T23:40:48.528+0000] {task_command.py:426} INFO - Running <TaskInstance: 5.1_orquestacion.tarea2 scheduled__2024-03-02T00:00:00+00:00 [running]> on host 521bf890d837
[2024-05-07T23:40:48.602+0000] {taskinstance.py:2648} INFO - Exporting env vars: AIRFLOW_CTX_DAG_OWNER='***' AIRFLOW_CTX_DAG_ID='5.1_orquestacion' AIRFLOW_CTX_TASK_ID='tarea2' AIRFLOW_CTX_EXECUTION_DATE='2024-03-02T00:00:00+00:00' AIRFLOW_CTX_TRY_NUMBER='1' AIRFLOW_CTX_DAG_RUN_ID='scheduled__2024-03-02T00:00:00+00:00'
[2024-05-07T23:40:48.605+0000] {taskinstance.py:430} INFO - ::endgroup::
[2024-05-07T23:40:48.622+0000] {subprocess.py:63} INFO - Tmp dir root location: /tmp
[2024-05-07T23:40:48.623+0000] {subprocess.py:75} INFO - Running command: ['/usr/bin/bash', '-c', "sleep 2 && echo 'Tarea 2'"]
[2024-05-07T23:40:48.632+0000] {subprocess.py:86} INFO - Output:
[2024-05-07T23:40:50.635+0000] {subprocess.py:93} INFO - Tarea 2
[2024-05-07T23:40:50.635+0000] {subprocess.py:97} INFO - Command exited with return code 0
[2024-05-07T23:40:50.637+0000] {taskinstance.py:441} INFO - ::group::Post task execution logs
[2024-05-07T23:40:50.668+0000] {taskinstance.py:1206} INFO - Marking task as SUCCESS. dag_id=5.1_orquestacion, task_id=tarea2, run_id=scheduled__2024-03-02T00:00:00+00:00, execution_date=20240302T000000, start_date=20240507T234048, end_date=20240507T234050
[2024-05-07T23:40:51.033+0000] {local_task_job_runner.py:240} INFO - Task exited with return code 0
[2024-05-07T23:40:51.180+0000] {taskinstance.py:3498} INFO - 2 downstream tasks scheduled from follow-on schedule check
[2024-05-07T23:40:51.190+0000] {local_task_job_runner.py:222} INFO - ::endgroup::
[2024-05-07T23:45:28.056+0000] {local_task_job_runner.py:120} INFO - ::group::Pre task execution logs
[2024-05-07T23:45:28.083+0000] {taskinstance.py:2076} INFO - Dependencies all met for dep_context=non-requeueable deps ti=<TaskInstance: 5.1_orquestacion.tarea2 scheduled__2024-03-02T00:00:00+00:00 [queued]>
[2024-05-07T23:45:28.100+0000] {taskinstance.py:2076} INFO - Dependencies all met for dep_context=requeueable deps ti=<TaskInstance: 5.1_orquestacion.tarea2 scheduled__2024-03-02T00:00:00+00:00 [queued]>
[2024-05-07T23:45:28.102+0000] {taskinstance.py:2306} INFO - Starting attempt 1 of 1
[2024-05-07T23:45:28.137+0000] {taskinstance.py:2330} INFO - Executing <Task(BashOperator): tarea2> on 2024-03-02 00:00:00+00:00
[2024-05-07T23:45:28.142+0000] {warnings.py:110} WARNING - /home/***/.local/lib/python3.12/site-packages/***/task/task_runner/standard_task_runner.py:61: DeprecationWarning: This process (pid=3367) is multi-threaded, use of fork() may lead to deadlocks in the child.
  pid = os.fork()

[2024-05-07T23:45:28.143+0000] {standard_task_runner.py:63} INFO - Started process 3368 to run task
[2024-05-07T23:45:28.143+0000] {standard_task_runner.py:90} INFO - Running: ['***', 'tasks', 'run', '5.1_orquestacion', 'tarea2', 'scheduled__2024-03-02T00:00:00+00:00', '--job-id', '190', '--raw', '--subdir', 'DAGS_FOLDER/051_orquestacion.py', '--cfg-path', '/tmp/tmp1siuq631']
[2024-05-07T23:45:28.144+0000] {standard_task_runner.py:91} INFO - Job 190: Subtask tarea2
[2024-05-07T23:45:28.203+0000] {task_command.py:426} INFO - Running <TaskInstance: 5.1_orquestacion.tarea2 scheduled__2024-03-02T00:00:00+00:00 [running]> on host 521bf890d837
[2024-05-07T23:45:28.292+0000] {taskinstance.py:2648} INFO - Exporting env vars: AIRFLOW_CTX_DAG_OWNER='***' AIRFLOW_CTX_DAG_ID='5.1_orquestacion' AIRFLOW_CTX_TASK_ID='tarea2' AIRFLOW_CTX_EXECUTION_DATE='2024-03-02T00:00:00+00:00' AIRFLOW_CTX_TRY_NUMBER='1' AIRFLOW_CTX_DAG_RUN_ID='scheduled__2024-03-02T00:00:00+00:00'
[2024-05-07T23:45:28.293+0000] {taskinstance.py:430} INFO - ::endgroup::
[2024-05-07T23:45:28.304+0000] {subprocess.py:63} INFO - Tmp dir root location: /tmp
[2024-05-07T23:45:28.305+0000] {subprocess.py:75} INFO - Running command: ['/usr/bin/bash', '-c', "sleep 2 && echo 'Tarea 2'"]
[2024-05-07T23:45:28.312+0000] {subprocess.py:86} INFO - Output:
[2024-05-07T23:45:30.313+0000] {subprocess.py:93} INFO - Tarea 2
[2024-05-07T23:45:30.326+0000] {subprocess.py:97} INFO - Command exited with return code 0
[2024-05-07T23:45:30.330+0000] {taskinstance.py:441} INFO - ::group::Post task execution logs
[2024-05-07T23:45:30.350+0000] {taskinstance.py:1206} INFO - Marking task as SUCCESS. dag_id=5.1_orquestacion, task_id=tarea2, run_id=scheduled__2024-03-02T00:00:00+00:00, execution_date=20240302T000000, start_date=20240507T234528, end_date=20240507T234530
[2024-05-07T23:45:30.408+0000] {local_task_job_runner.py:240} INFO - Task exited with return code 0
[2024-05-07T23:45:30.421+0000] {taskinstance.py:3498} INFO - 0 downstream tasks scheduled from follow-on schedule check
[2024-05-07T23:45:30.436+0000] {local_task_job_runner.py:222} INFO - ::endgroup::
