[2024-05-07T23:41:47.668+0000] {local_task_job_runner.py:120} INFO - ::group::Pre task execution logs
[2024-05-07T23:41:47.693+0000] {taskinstance.py:2076} INFO - Dependencies all met for dep_context=non-requeueable deps ti=<TaskInstance: 5.1_orquestacion.tarea3 scheduled__2024-03-16T00:00:00+00:00 [queued]>
[2024-05-07T23:41:47.703+0000] {taskinstance.py:2076} INFO - Dependencies all met for dep_context=requeueable deps ti=<TaskInstance: 5.1_orquestacion.tarea3 scheduled__2024-03-16T00:00:00+00:00 [queued]>
[2024-05-07T23:41:47.706+0000] {taskinstance.py:2306} INFO - Starting attempt 1 of 1
[2024-05-07T23:41:47.722+0000] {taskinstance.py:2330} INFO - Executing <Task(BashOperator): tarea3> on 2024-03-16 00:00:00+00:00
[2024-05-07T23:41:47.726+0000] {warnings.py:110} WARNING - /home/***/.local/lib/python3.12/site-packages/***/task/task_runner/standard_task_runner.py:61: DeprecationWarning: This process (pid=3041) is multi-threaded, use of fork() may lead to deadlocks in the child.
  pid = os.fork()

[2024-05-07T23:41:47.728+0000] {standard_task_runner.py:63} INFO - Started process 3045 to run task
[2024-05-07T23:41:47.728+0000] {standard_task_runner.py:90} INFO - Running: ['***', 'tasks', 'run', '5.1_orquestacion', 'tarea3', 'scheduled__2024-03-16T00:00:00+00:00', '--job-id', '121', '--raw', '--subdir', 'DAGS_FOLDER/051_orquestacion.py', '--cfg-path', '/tmp/tmp1xxsrmbs']
[2024-05-07T23:41:47.729+0000] {standard_task_runner.py:91} INFO - Job 121: Subtask tarea3
[2024-05-07T23:41:47.772+0000] {task_command.py:426} INFO - Running <TaskInstance: 5.1_orquestacion.tarea3 scheduled__2024-03-16T00:00:00+00:00 [running]> on host 521bf890d837
[2024-05-07T23:41:47.849+0000] {taskinstance.py:2648} INFO - Exporting env vars: AIRFLOW_CTX_DAG_OWNER='***' AIRFLOW_CTX_DAG_ID='5.1_orquestacion' AIRFLOW_CTX_TASK_ID='tarea3' AIRFLOW_CTX_EXECUTION_DATE='2024-03-16T00:00:00+00:00' AIRFLOW_CTX_TRY_NUMBER='1' AIRFLOW_CTX_DAG_RUN_ID='scheduled__2024-03-16T00:00:00+00:00'
[2024-05-07T23:41:47.850+0000] {taskinstance.py:430} INFO - ::endgroup::
[2024-05-07T23:41:47.878+0000] {subprocess.py:63} INFO - Tmp dir root location: /tmp
[2024-05-07T23:41:47.879+0000] {subprocess.py:75} INFO - Running command: ['/usr/bin/bash', '-c', "sleep 2 && echo 'Tarea 3'"]
[2024-05-07T23:41:47.886+0000] {subprocess.py:86} INFO - Output:
[2024-05-07T23:41:49.889+0000] {subprocess.py:93} INFO - Tarea 3
[2024-05-07T23:41:49.890+0000] {subprocess.py:97} INFO - Command exited with return code 0
[2024-05-07T23:41:49.894+0000] {taskinstance.py:441} INFO - ::group::Post task execution logs
[2024-05-07T23:41:49.924+0000] {taskinstance.py:1206} INFO - Marking task as SUCCESS. dag_id=5.1_orquestacion, task_id=tarea3, run_id=scheduled__2024-03-16T00:00:00+00:00, execution_date=20240316T000000, start_date=20240507T234147, end_date=20240507T234149
[2024-05-07T23:41:49.957+0000] {local_task_job_runner.py:240} INFO - Task exited with return code 0
[2024-05-07T23:41:49.972+0000] {taskinstance.py:3498} INFO - 0 downstream tasks scheduled from follow-on schedule check
[2024-05-07T23:41:49.976+0000] {local_task_job_runner.py:222} INFO - ::endgroup::
[2024-05-07T23:48:15.825+0000] {local_task_job_runner.py:120} INFO - ::group::Pre task execution logs
[2024-05-07T23:48:15.860+0000] {taskinstance.py:2076} INFO - Dependencies all met for dep_context=non-requeueable deps ti=<TaskInstance: 5.1_orquestacion.tarea3 scheduled__2024-03-16T00:00:00+00:00 [queued]>
[2024-05-07T23:48:15.871+0000] {taskinstance.py:2076} INFO - Dependencies all met for dep_context=requeueable deps ti=<TaskInstance: 5.1_orquestacion.tarea3 scheduled__2024-03-16T00:00:00+00:00 [queued]>
[2024-05-07T23:48:15.872+0000] {taskinstance.py:2306} INFO - Starting attempt 1 of 1
[2024-05-07T23:48:15.889+0000] {taskinstance.py:2330} INFO - Executing <Task(BashOperator): tarea3> on 2024-03-16 00:00:00+00:00
[2024-05-07T23:48:15.895+0000] {warnings.py:110} WARNING - /home/***/.local/lib/python3.12/site-packages/***/task/task_runner/standard_task_runner.py:61: DeprecationWarning: This process (pid=3630) is multi-threaded, use of fork() may lead to deadlocks in the child.
  pid = os.fork()

[2024-05-07T23:48:15.896+0000] {standard_task_runner.py:63} INFO - Started process 3633 to run task
[2024-05-07T23:48:15.896+0000] {standard_task_runner.py:90} INFO - Running: ['***', 'tasks', 'run', '5.1_orquestacion', 'tarea3', 'scheduled__2024-03-16T00:00:00+00:00', '--job-id', '247', '--raw', '--subdir', 'DAGS_FOLDER/051_orquestacion.py', '--cfg-path', '/tmp/tmpfaznqfx7']
[2024-05-07T23:48:15.897+0000] {standard_task_runner.py:91} INFO - Job 247: Subtask tarea3
[2024-05-07T23:48:15.945+0000] {task_command.py:426} INFO - Running <TaskInstance: 5.1_orquestacion.tarea3 scheduled__2024-03-16T00:00:00+00:00 [running]> on host 521bf890d837
[2024-05-07T23:48:16.025+0000] {taskinstance.py:2648} INFO - Exporting env vars: AIRFLOW_CTX_DAG_OWNER='***' AIRFLOW_CTX_DAG_ID='5.1_orquestacion' AIRFLOW_CTX_TASK_ID='tarea3' AIRFLOW_CTX_EXECUTION_DATE='2024-03-16T00:00:00+00:00' AIRFLOW_CTX_TRY_NUMBER='1' AIRFLOW_CTX_DAG_RUN_ID='scheduled__2024-03-16T00:00:00+00:00'
[2024-05-07T23:48:16.028+0000] {taskinstance.py:430} INFO - ::endgroup::
[2024-05-07T23:48:16.040+0000] {subprocess.py:63} INFO - Tmp dir root location: /tmp
[2024-05-07T23:48:16.041+0000] {subprocess.py:75} INFO - Running command: ['/usr/bin/bash', '-c', "sleep 2 && echo 'Tarea 3'"]
[2024-05-07T23:48:16.051+0000] {subprocess.py:86} INFO - Output:
[2024-05-07T23:48:18.053+0000] {subprocess.py:93} INFO - Tarea 3
[2024-05-07T23:48:18.055+0000] {subprocess.py:97} INFO - Command exited with return code 0
[2024-05-07T23:48:18.059+0000] {taskinstance.py:441} INFO - ::group::Post task execution logs
[2024-05-07T23:48:18.150+0000] {taskinstance.py:1206} INFO - Marking task as SUCCESS. dag_id=5.1_orquestacion, task_id=tarea3, run_id=scheduled__2024-03-16T00:00:00+00:00, execution_date=20240316T000000, start_date=20240507T234815, end_date=20240507T234818
[2024-05-07T23:48:18.203+0000] {local_task_job_runner.py:240} INFO - Task exited with return code 0
[2024-05-07T23:48:18.220+0000] {local_task_job_runner.py:222} INFO - ::endgroup::
