[2024-05-08T18:48:42.544+0000] {local_task_job_runner.py:120} INFO - ::group::Pre task execution logs
[2024-05-08T18:48:42.569+0000] {taskinstance.py:2076} INFO - Dependencies all met for dep_context=non-requeueable deps ti=<TaskInstance: 7.2_externalTaskSensor.waiting_dag scheduled__2024-04-01T00:00:00+00:00 [queued]>
[2024-05-08T18:48:42.577+0000] {taskinstance.py:2076} INFO - Dependencies all met for dep_context=requeueable deps ti=<TaskInstance: 7.2_externalTaskSensor.waiting_dag scheduled__2024-04-01T00:00:00+00:00 [queued]>
[2024-05-08T18:48:42.578+0000] {taskinstance.py:2306} INFO - Starting attempt 1 of 1
[2024-05-08T18:48:42.595+0000] {taskinstance.py:2330} INFO - Executing <Task(ExternalTaskSensor): waiting_dag> on 2024-04-01 00:00:00+00:00
[2024-05-08T18:48:42.601+0000] {warnings.py:110} WARNING - /home/***/.local/lib/python3.12/site-packages/***/task/task_runner/standard_task_runner.py:61: DeprecationWarning: This process (pid=610) is multi-threaded, use of fork() may lead to deadlocks in the child.
  pid = os.fork()

[2024-05-08T18:48:42.602+0000] {standard_task_runner.py:90} INFO - Running: ['***', 'tasks', 'run', '7.2_externalTaskSensor', 'waiting_dag', 'scheduled__2024-04-01T00:00:00+00:00', '--job-id', '489', '--raw', '--subdir', 'DAGS_FOLDER/072_ExternalTaskSensor.py', '--cfg-path', '/tmp/tmps7cnro5f']
[2024-05-08T18:48:42.603+0000] {standard_task_runner.py:63} INFO - Started process 611 to run task
[2024-05-08T18:48:42.604+0000] {standard_task_runner.py:91} INFO - Job 489: Subtask waiting_dag
[2024-05-08T18:48:42.648+0000] {task_command.py:426} INFO - Running <TaskInstance: 7.2_externalTaskSensor.waiting_dag scheduled__2024-04-01T00:00:00+00:00 [running]> on host ccc314eb571d
[2024-05-08T18:48:42.726+0000] {taskinstance.py:2648} INFO - Exporting env vars: AIRFLOW_CTX_DAG_OWNER='***' AIRFLOW_CTX_DAG_ID='7.2_externalTaskSensor' AIRFLOW_CTX_TASK_ID='waiting_dag' AIRFLOW_CTX_EXECUTION_DATE='2024-04-01T00:00:00+00:00' AIRFLOW_CTX_TRY_NUMBER='1' AIRFLOW_CTX_DAG_RUN_ID='scheduled__2024-04-01T00:00:00+00:00'
[2024-05-08T18:48:42.728+0000] {taskinstance.py:430} INFO - ::endgroup::
[2024-05-08T18:48:42.756+0000] {baseoperator.py:399} WARNING - ExternalTaskSensor.execute cannot be called outside TaskInstance!
[2024-05-08T18:48:42.757+0000] {external_task.py:258} INFO - Poking for tasks ['tarea1'] in dag 7.1_externalTaskSensor on 2024-04-01T00:00:00+00:00 ... 
[2024-05-08T18:48:42.758+0000] {warnings.py:110} WARNING - /home/***/.local/lib/python3.12/site-packages/***/utils/session.py:79: DeprecationWarning: This method is deprecated and will be removed in future.
  return func(*args, session=session, **kwargs)

[2024-05-08T18:48:52.765+0000] {external_task.py:258} INFO - Poking for tasks ['tarea1'] in dag 7.1_externalTaskSensor on 2024-04-01T00:00:00+00:00 ... 
[2024-05-08T18:49:02.779+0000] {external_task.py:258} INFO - Poking for tasks ['tarea1'] in dag 7.1_externalTaskSensor on 2024-04-01T00:00:00+00:00 ... 
[2024-05-08T18:49:12.789+0000] {external_task.py:258} INFO - Poking for tasks ['tarea1'] in dag 7.1_externalTaskSensor on 2024-04-01T00:00:00+00:00 ... 
[2024-05-08T18:49:22.800+0000] {external_task.py:258} INFO - Poking for tasks ['tarea1'] in dag 7.1_externalTaskSensor on 2024-04-01T00:00:00+00:00 ... 
[2024-05-08T18:49:32.815+0000] {external_task.py:258} INFO - Poking for tasks ['tarea1'] in dag 7.1_externalTaskSensor on 2024-04-01T00:00:00+00:00 ... 
[2024-05-08T18:49:42.832+0000] {external_task.py:258} INFO - Poking for tasks ['tarea1'] in dag 7.1_externalTaskSensor on 2024-04-01T00:00:00+00:00 ... 
[2024-05-08T18:49:52.843+0000] {external_task.py:258} INFO - Poking for tasks ['tarea1'] in dag 7.1_externalTaskSensor on 2024-04-01T00:00:00+00:00 ... 
[2024-05-08T18:50:02.853+0000] {external_task.py:258} INFO - Poking for tasks ['tarea1'] in dag 7.1_externalTaskSensor on 2024-04-01T00:00:00+00:00 ... 
[2024-05-08T18:50:12.863+0000] {external_task.py:258} INFO - Poking for tasks ['tarea1'] in dag 7.1_externalTaskSensor on 2024-04-01T00:00:00+00:00 ... 
[2024-05-08T18:50:22.874+0000] {external_task.py:258} INFO - Poking for tasks ['tarea1'] in dag 7.1_externalTaskSensor on 2024-04-01T00:00:00+00:00 ... 
[2024-05-08T18:50:32.884+0000] {external_task.py:258} INFO - Poking for tasks ['tarea1'] in dag 7.1_externalTaskSensor on 2024-04-01T00:00:00+00:00 ... 
[2024-05-08T18:50:42.898+0000] {external_task.py:258} INFO - Poking for tasks ['tarea1'] in dag 7.1_externalTaskSensor on 2024-04-01T00:00:00+00:00 ... 
[2024-05-08T18:50:52.906+0000] {external_task.py:258} INFO - Poking for tasks ['tarea1'] in dag 7.1_externalTaskSensor on 2024-04-01T00:00:00+00:00 ... 
[2024-05-08T18:51:02.923+0000] {external_task.py:258} INFO - Poking for tasks ['tarea1'] in dag 7.1_externalTaskSensor on 2024-04-01T00:00:00+00:00 ... 
[2024-05-08T18:51:12.931+0000] {external_task.py:258} INFO - Poking for tasks ['tarea1'] in dag 7.1_externalTaskSensor on 2024-04-01T00:00:00+00:00 ... 
[2024-05-08T18:51:22.939+0000] {external_task.py:258} INFO - Poking for tasks ['tarea1'] in dag 7.1_externalTaskSensor on 2024-04-01T00:00:00+00:00 ... 
[2024-05-08T18:51:32.953+0000] {external_task.py:258} INFO - Poking for tasks ['tarea1'] in dag 7.1_externalTaskSensor on 2024-04-01T00:00:00+00:00 ... 
[2024-05-08T18:51:42.964+0000] {external_task.py:258} INFO - Poking for tasks ['tarea1'] in dag 7.1_externalTaskSensor on 2024-04-01T00:00:00+00:00 ... 
[2024-05-08T18:51:52.971+0000] {external_task.py:258} INFO - Poking for tasks ['tarea1'] in dag 7.1_externalTaskSensor on 2024-04-01T00:00:00+00:00 ... 
[2024-05-08T18:52:02.979+0000] {external_task.py:258} INFO - Poking for tasks ['tarea1'] in dag 7.1_externalTaskSensor on 2024-04-01T00:00:00+00:00 ... 
[2024-05-08T18:52:12.991+0000] {external_task.py:258} INFO - Poking for tasks ['tarea1'] in dag 7.1_externalTaskSensor on 2024-04-01T00:00:00+00:00 ... 
[2024-05-08T18:52:23.000+0000] {external_task.py:258} INFO - Poking for tasks ['tarea1'] in dag 7.1_externalTaskSensor on 2024-04-01T00:00:00+00:00 ... 
[2024-05-08T18:52:33.007+0000] {external_task.py:258} INFO - Poking for tasks ['tarea1'] in dag 7.1_externalTaskSensor on 2024-04-01T00:00:00+00:00 ... 
[2024-05-08T18:52:43.023+0000] {external_task.py:258} INFO - Poking for tasks ['tarea1'] in dag 7.1_externalTaskSensor on 2024-04-01T00:00:00+00:00 ... 
[2024-05-08T18:52:53.032+0000] {external_task.py:258} INFO - Poking for tasks ['tarea1'] in dag 7.1_externalTaskSensor on 2024-04-01T00:00:00+00:00 ... 
[2024-05-08T18:53:03.047+0000] {external_task.py:258} INFO - Poking for tasks ['tarea1'] in dag 7.1_externalTaskSensor on 2024-04-01T00:00:00+00:00 ... 
[2024-05-08T18:53:13.055+0000] {external_task.py:258} INFO - Poking for tasks ['tarea1'] in dag 7.1_externalTaskSensor on 2024-04-01T00:00:00+00:00 ... 
[2024-05-08T18:53:23.067+0000] {external_task.py:258} INFO - Poking for tasks ['tarea1'] in dag 7.1_externalTaskSensor on 2024-04-01T00:00:00+00:00 ... 
[2024-05-08T18:53:33.074+0000] {external_task.py:258} INFO - Poking for tasks ['tarea1'] in dag 7.1_externalTaskSensor on 2024-04-01T00:00:00+00:00 ... 
[2024-05-08T18:53:43.090+0000] {external_task.py:258} INFO - Poking for tasks ['tarea1'] in dag 7.1_externalTaskSensor on 2024-04-01T00:00:00+00:00 ... 
[2024-05-08T18:53:53.098+0000] {external_task.py:258} INFO - Poking for tasks ['tarea1'] in dag 7.1_externalTaskSensor on 2024-04-01T00:00:00+00:00 ... 
[2024-05-08T18:54:03.109+0000] {external_task.py:258} INFO - Poking for tasks ['tarea1'] in dag 7.1_externalTaskSensor on 2024-04-01T00:00:00+00:00 ... 
[2024-05-08T18:54:13.125+0000] {external_task.py:258} INFO - Poking for tasks ['tarea1'] in dag 7.1_externalTaskSensor on 2024-04-01T00:00:00+00:00 ... 
[2024-05-08T18:54:23.145+0000] {external_task.py:258} INFO - Poking for tasks ['tarea1'] in dag 7.1_externalTaskSensor on 2024-04-01T00:00:00+00:00 ... 
[2024-05-08T18:54:33.152+0000] {external_task.py:258} INFO - Poking for tasks ['tarea1'] in dag 7.1_externalTaskSensor on 2024-04-01T00:00:00+00:00 ... 
[2024-05-08T18:54:43.165+0000] {external_task.py:258} INFO - Poking for tasks ['tarea1'] in dag 7.1_externalTaskSensor on 2024-04-01T00:00:00+00:00 ... 
[2024-05-08T18:54:53.174+0000] {external_task.py:258} INFO - Poking for tasks ['tarea1'] in dag 7.1_externalTaskSensor on 2024-04-01T00:00:00+00:00 ... 
[2024-05-08T18:55:03.183+0000] {external_task.py:258} INFO - Poking for tasks ['tarea1'] in dag 7.1_externalTaskSensor on 2024-04-01T00:00:00+00:00 ... 
[2024-05-08T18:55:13.197+0000] {external_task.py:258} INFO - Poking for tasks ['tarea1'] in dag 7.1_externalTaskSensor on 2024-04-01T00:00:00+00:00 ... 
[2024-05-08T18:55:23.209+0000] {external_task.py:258} INFO - Poking for tasks ['tarea1'] in dag 7.1_externalTaskSensor on 2024-04-01T00:00:00+00:00 ... 
[2024-05-08T18:55:33.219+0000] {external_task.py:258} INFO - Poking for tasks ['tarea1'] in dag 7.1_externalTaskSensor on 2024-04-01T00:00:00+00:00 ... 
[2024-05-08T18:55:43.231+0000] {external_task.py:258} INFO - Poking for tasks ['tarea1'] in dag 7.1_externalTaskSensor on 2024-04-01T00:00:00+00:00 ... 
[2024-05-08T18:55:53.239+0000] {external_task.py:258} INFO - Poking for tasks ['tarea1'] in dag 7.1_externalTaskSensor on 2024-04-01T00:00:00+00:00 ... 
[2024-05-08T18:56:03.256+0000] {external_task.py:258} INFO - Poking for tasks ['tarea1'] in dag 7.1_externalTaskSensor on 2024-04-01T00:00:00+00:00 ... 
[2024-05-08T18:56:13.264+0000] {external_task.py:258} INFO - Poking for tasks ['tarea1'] in dag 7.1_externalTaskSensor on 2024-04-01T00:00:00+00:00 ... 
[2024-05-08T18:56:23.277+0000] {external_task.py:258} INFO - Poking for tasks ['tarea1'] in dag 7.1_externalTaskSensor on 2024-04-01T00:00:00+00:00 ... 
[2024-05-08T18:56:33.275+0000] {external_task.py:258} INFO - Poking for tasks ['tarea1'] in dag 7.1_externalTaskSensor on 2024-04-01T00:00:00+00:00 ... 
[2024-05-08T18:56:43.291+0000] {external_task.py:258} INFO - Poking for tasks ['tarea1'] in dag 7.1_externalTaskSensor on 2024-04-01T00:00:00+00:00 ... 
[2024-05-08T18:56:53.302+0000] {external_task.py:258} INFO - Poking for tasks ['tarea1'] in dag 7.1_externalTaskSensor on 2024-04-01T00:00:00+00:00 ... 
[2024-05-08T18:57:03.308+0000] {external_task.py:258} INFO - Poking for tasks ['tarea1'] in dag 7.1_externalTaskSensor on 2024-04-01T00:00:00+00:00 ... 
[2024-05-08T18:57:13.324+0000] {external_task.py:258} INFO - Poking for tasks ['tarea1'] in dag 7.1_externalTaskSensor on 2024-04-01T00:00:00+00:00 ... 
[2024-05-08T18:57:23.334+0000] {external_task.py:258} INFO - Poking for tasks ['tarea1'] in dag 7.1_externalTaskSensor on 2024-04-01T00:00:00+00:00 ... 
[2024-05-08T18:57:33.341+0000] {external_task.py:258} INFO - Poking for tasks ['tarea1'] in dag 7.1_externalTaskSensor on 2024-04-01T00:00:00+00:00 ... 
[2024-05-08T18:57:43.349+0000] {external_task.py:258} INFO - Poking for tasks ['tarea1'] in dag 7.1_externalTaskSensor on 2024-04-01T00:00:00+00:00 ... 
[2024-05-08T18:57:53.363+0000] {external_task.py:258} INFO - Poking for tasks ['tarea1'] in dag 7.1_externalTaskSensor on 2024-04-01T00:00:00+00:00 ... 
[2024-05-08T18:58:03.378+0000] {external_task.py:258} INFO - Poking for tasks ['tarea1'] in dag 7.1_externalTaskSensor on 2024-04-01T00:00:00+00:00 ... 
[2024-05-08T18:58:13.385+0000] {external_task.py:258} INFO - Poking for tasks ['tarea1'] in dag 7.1_externalTaskSensor on 2024-04-01T00:00:00+00:00 ... 
[2024-05-08T18:58:23.392+0000] {external_task.py:258} INFO - Poking for tasks ['tarea1'] in dag 7.1_externalTaskSensor on 2024-04-01T00:00:00+00:00 ... 
[2024-05-08T18:58:33.408+0000] {external_task.py:258} INFO - Poking for tasks ['tarea1'] in dag 7.1_externalTaskSensor on 2024-04-01T00:00:00+00:00 ... 
[2024-05-08T18:58:43.417+0000] {external_task.py:258} INFO - Poking for tasks ['tarea1'] in dag 7.1_externalTaskSensor on 2024-04-01T00:00:00+00:00 ... 
[2024-05-08T18:58:53.429+0000] {external_task.py:258} INFO - Poking for tasks ['tarea1'] in dag 7.1_externalTaskSensor on 2024-04-01T00:00:00+00:00 ... 
[2024-05-08T18:59:03.445+0000] {external_task.py:258} INFO - Poking for tasks ['tarea1'] in dag 7.1_externalTaskSensor on 2024-04-01T00:00:00+00:00 ... 
[2024-05-08T18:59:13.453+0000] {external_task.py:258} INFO - Poking for tasks ['tarea1'] in dag 7.1_externalTaskSensor on 2024-04-01T00:00:00+00:00 ... 
[2024-05-08T18:59:23.461+0000] {external_task.py:258} INFO - Poking for tasks ['tarea1'] in dag 7.1_externalTaskSensor on 2024-04-01T00:00:00+00:00 ... 
[2024-05-08T18:59:33.470+0000] {external_task.py:258} INFO - Poking for tasks ['tarea1'] in dag 7.1_externalTaskSensor on 2024-04-01T00:00:00+00:00 ... 
[2024-05-08T18:59:43.478+0000] {external_task.py:258} INFO - Poking for tasks ['tarea1'] in dag 7.1_externalTaskSensor on 2024-04-01T00:00:00+00:00 ... 
[2024-05-08T18:59:53.491+0000] {external_task.py:258} INFO - Poking for tasks ['tarea1'] in dag 7.1_externalTaskSensor on 2024-04-01T00:00:00+00:00 ... 
[2024-05-08T19:00:03.499+0000] {external_task.py:258} INFO - Poking for tasks ['tarea1'] in dag 7.1_externalTaskSensor on 2024-04-01T00:00:00+00:00 ... 
[2024-05-08T19:00:13.513+0000] {external_task.py:258} INFO - Poking for tasks ['tarea1'] in dag 7.1_externalTaskSensor on 2024-04-01T00:00:00+00:00 ... 
[2024-05-08T19:00:23.530+0000] {external_task.py:258} INFO - Poking for tasks ['tarea1'] in dag 7.1_externalTaskSensor on 2024-04-01T00:00:00+00:00 ... 
[2024-05-08T19:00:33.542+0000] {external_task.py:258} INFO - Poking for tasks ['tarea1'] in dag 7.1_externalTaskSensor on 2024-04-01T00:00:00+00:00 ... 
[2024-05-08T19:00:43.557+0000] {external_task.py:258} INFO - Poking for tasks ['tarea1'] in dag 7.1_externalTaskSensor on 2024-04-01T00:00:00+00:00 ... 
[2024-05-08T19:00:53.564+0000] {external_task.py:258} INFO - Poking for tasks ['tarea1'] in dag 7.1_externalTaskSensor on 2024-04-01T00:00:00+00:00 ... 
[2024-05-08T19:01:03.571+0000] {external_task.py:258} INFO - Poking for tasks ['tarea1'] in dag 7.1_externalTaskSensor on 2024-04-01T00:00:00+00:00 ... 
[2024-05-08T19:01:13.583+0000] {external_task.py:258} INFO - Poking for tasks ['tarea1'] in dag 7.1_externalTaskSensor on 2024-04-01T00:00:00+00:00 ... 
[2024-05-08T19:01:23.591+0000] {external_task.py:258} INFO - Poking for tasks ['tarea1'] in dag 7.1_externalTaskSensor on 2024-04-01T00:00:00+00:00 ... 
[2024-05-08T19:01:33.598+0000] {external_task.py:258} INFO - Poking for tasks ['tarea1'] in dag 7.1_externalTaskSensor on 2024-04-01T00:00:00+00:00 ... 
[2024-05-08T19:01:43.609+0000] {external_task.py:258} INFO - Poking for tasks ['tarea1'] in dag 7.1_externalTaskSensor on 2024-04-01T00:00:00+00:00 ... 
[2024-05-08T19:01:53.619+0000] {external_task.py:258} INFO - Poking for tasks ['tarea1'] in dag 7.1_externalTaskSensor on 2024-04-01T00:00:00+00:00 ... 
[2024-05-08T19:02:03.634+0000] {external_task.py:258} INFO - Poking for tasks ['tarea1'] in dag 7.1_externalTaskSensor on 2024-04-01T00:00:00+00:00 ... 
[2024-05-08T19:02:13.650+0000] {external_task.py:258} INFO - Poking for tasks ['tarea1'] in dag 7.1_externalTaskSensor on 2024-04-01T00:00:00+00:00 ... 
[2024-05-08T19:02:23.664+0000] {external_task.py:258} INFO - Poking for tasks ['tarea1'] in dag 7.1_externalTaskSensor on 2024-04-01T00:00:00+00:00 ... 
[2024-05-08T19:02:33.676+0000] {external_task.py:258} INFO - Poking for tasks ['tarea1'] in dag 7.1_externalTaskSensor on 2024-04-01T00:00:00+00:00 ... 
[2024-05-08T19:02:43.683+0000] {external_task.py:258} INFO - Poking for tasks ['tarea1'] in dag 7.1_externalTaskSensor on 2024-04-01T00:00:00+00:00 ... 
[2024-05-08T19:02:53.692+0000] {external_task.py:258} INFO - Poking for tasks ['tarea1'] in dag 7.1_externalTaskSensor on 2024-04-01T00:00:00+00:00 ... 
[2024-05-08T19:03:03.708+0000] {external_task.py:258} INFO - Poking for tasks ['tarea1'] in dag 7.1_externalTaskSensor on 2024-04-01T00:00:00+00:00 ... 
[2024-05-08T19:03:13.726+0000] {external_task.py:258} INFO - Poking for tasks ['tarea1'] in dag 7.1_externalTaskSensor on 2024-04-01T00:00:00+00:00 ... 
[2024-05-08T19:03:23.733+0000] {external_task.py:258} INFO - Poking for tasks ['tarea1'] in dag 7.1_externalTaskSensor on 2024-04-01T00:00:00+00:00 ... 
[2024-05-08T19:03:33.753+0000] {external_task.py:258} INFO - Poking for tasks ['tarea1'] in dag 7.1_externalTaskSensor on 2024-04-01T00:00:00+00:00 ... 
[2024-05-08T19:03:43.761+0000] {external_task.py:258} INFO - Poking for tasks ['tarea1'] in dag 7.1_externalTaskSensor on 2024-04-01T00:00:00+00:00 ... 
[2024-05-08T19:03:53.776+0000] {external_task.py:258} INFO - Poking for tasks ['tarea1'] in dag 7.1_externalTaskSensor on 2024-04-01T00:00:00+00:00 ... 
[2024-05-08T19:04:03.784+0000] {external_task.py:258} INFO - Poking for tasks ['tarea1'] in dag 7.1_externalTaskSensor on 2024-04-01T00:00:00+00:00 ... 
[2024-05-08T19:04:13.791+0000] {external_task.py:258} INFO - Poking for tasks ['tarea1'] in dag 7.1_externalTaskSensor on 2024-04-01T00:00:00+00:00 ... 
[2024-05-08T19:04:23.806+0000] {external_task.py:258} INFO - Poking for tasks ['tarea1'] in dag 7.1_externalTaskSensor on 2024-04-01T00:00:00+00:00 ... 
[2024-05-08T19:04:33.819+0000] {external_task.py:258} INFO - Poking for tasks ['tarea1'] in dag 7.1_externalTaskSensor on 2024-04-01T00:00:00+00:00 ... 
[2024-05-08T19:04:43.830+0000] {external_task.py:258} INFO - Poking for tasks ['tarea1'] in dag 7.1_externalTaskSensor on 2024-04-01T00:00:00+00:00 ... 
[2024-05-08T19:04:53.842+0000] {external_task.py:258} INFO - Poking for tasks ['tarea1'] in dag 7.1_externalTaskSensor on 2024-04-01T00:00:00+00:00 ... 
[2024-05-08T19:05:03.850+0000] {external_task.py:258} INFO - Poking for tasks ['tarea1'] in dag 7.1_externalTaskSensor on 2024-04-01T00:00:00+00:00 ... 
[2024-05-08T19:05:13.865+0000] {external_task.py:258} INFO - Poking for tasks ['tarea1'] in dag 7.1_externalTaskSensor on 2024-04-01T00:00:00+00:00 ... 
[2024-05-08T19:05:23.877+0000] {external_task.py:258} INFO - Poking for tasks ['tarea1'] in dag 7.1_externalTaskSensor on 2024-04-01T00:00:00+00:00 ... 
[2024-05-08T19:05:33.886+0000] {external_task.py:258} INFO - Poking for tasks ['tarea1'] in dag 7.1_externalTaskSensor on 2024-04-01T00:00:00+00:00 ... 
[2024-05-08T19:05:43.904+0000] {external_task.py:258} INFO - Poking for tasks ['tarea1'] in dag 7.1_externalTaskSensor on 2024-04-01T00:00:00+00:00 ... 
[2024-05-08T19:05:53.915+0000] {external_task.py:258} INFO - Poking for tasks ['tarea1'] in dag 7.1_externalTaskSensor on 2024-04-01T00:00:00+00:00 ... 
[2024-05-08T19:06:03.922+0000] {external_task.py:258} INFO - Poking for tasks ['tarea1'] in dag 7.1_externalTaskSensor on 2024-04-01T00:00:00+00:00 ... 
[2024-05-08T19:06:13.931+0000] {external_task.py:258} INFO - Poking for tasks ['tarea1'] in dag 7.1_externalTaskSensor on 2024-04-01T00:00:00+00:00 ... 
[2024-05-08T19:06:23.939+0000] {external_task.py:258} INFO - Poking for tasks ['tarea1'] in dag 7.1_externalTaskSensor on 2024-04-01T00:00:00+00:00 ... 
[2024-05-08T19:06:33.945+0000] {external_task.py:258} INFO - Poking for tasks ['tarea1'] in dag 7.1_externalTaskSensor on 2024-04-01T00:00:00+00:00 ... 
[2024-05-08T19:06:43.954+0000] {external_task.py:258} INFO - Poking for tasks ['tarea1'] in dag 7.1_externalTaskSensor on 2024-04-01T00:00:00+00:00 ... 
[2024-05-08T19:06:53.969+0000] {external_task.py:258} INFO - Poking for tasks ['tarea1'] in dag 7.1_externalTaskSensor on 2024-04-01T00:00:00+00:00 ... 
[2024-05-08T19:07:04.942+0000] {external_task.py:258} INFO - Poking for tasks ['tarea1'] in dag 7.1_externalTaskSensor on 2024-04-01T00:00:00+00:00 ... 
[2024-05-08T19:07:14.949+0000] {external_task.py:258} INFO - Poking for tasks ['tarea1'] in dag 7.1_externalTaskSensor on 2024-04-01T00:00:00+00:00 ... 
[2024-05-08T19:07:24.961+0000] {external_task.py:258} INFO - Poking for tasks ['tarea1'] in dag 7.1_externalTaskSensor on 2024-04-01T00:00:00+00:00 ... 
[2024-05-08T19:07:34.970+0000] {external_task.py:258} INFO - Poking for tasks ['tarea1'] in dag 7.1_externalTaskSensor on 2024-04-01T00:00:00+00:00 ... 
[2024-05-08T19:07:44.985+0000] {external_task.py:258} INFO - Poking for tasks ['tarea1'] in dag 7.1_externalTaskSensor on 2024-04-01T00:00:00+00:00 ... 
[2024-05-08T19:07:54.993+0000] {external_task.py:258} INFO - Poking for tasks ['tarea1'] in dag 7.1_externalTaskSensor on 2024-04-01T00:00:00+00:00 ... 
[2024-05-08T19:08:05.007+0000] {external_task.py:258} INFO - Poking for tasks ['tarea1'] in dag 7.1_externalTaskSensor on 2024-04-01T00:00:00+00:00 ... 
[2024-05-08T19:08:15.020+0000] {external_task.py:258} INFO - Poking for tasks ['tarea1'] in dag 7.1_externalTaskSensor on 2024-04-01T00:00:00+00:00 ... 
[2024-05-08T19:08:25.035+0000] {external_task.py:258} INFO - Poking for tasks ['tarea1'] in dag 7.1_externalTaskSensor on 2024-04-01T00:00:00+00:00 ... 
[2024-05-08T19:08:35.046+0000] {external_task.py:258} INFO - Poking for tasks ['tarea1'] in dag 7.1_externalTaskSensor on 2024-04-01T00:00:00+00:00 ... 
[2024-05-08T19:08:35.056+0000] {base.py:294} INFO - Success criteria met. Exiting.
[2024-05-08T19:08:35.056+0000] {taskinstance.py:441} INFO - ::group::Post task execution logs
[2024-05-08T19:08:35.065+0000] {taskinstance.py:1206} INFO - Marking task as SUCCESS. dag_id=7.2_externalTaskSensor, task_id=waiting_dag, run_id=scheduled__2024-04-01T00:00:00+00:00, execution_date=20240401T000000, start_date=20240508T184842, end_date=20240508T190835
[2024-05-08T19:08:35.121+0000] {local_task_job_runner.py:240} INFO - Task exited with return code 0
[2024-05-08T19:08:35.157+0000] {taskinstance.py:3498} INFO - 1 downstream tasks scheduled from follow-on schedule check
[2024-05-08T19:08:35.161+0000] {local_task_job_runner.py:222} INFO - ::endgroup::
