[2024-05-10T06:26:14.471+0000] {local_task_job_runner.py:120} INFO - ::group::Pre task execution logs
[2024-05-10T06:26:14.627+0000] {taskinstance.py:2076} INFO - Dependencies all met for dep_context=non-requeueable deps ti=<TaskInstance: Proyecto_SpaceX_v1.Visualizar_Respuesta_Satelite scheduled__2024-03-29T00:00:00+00:00 [queued]>
[2024-05-10T06:26:14.635+0000] {taskinstance.py:2076} INFO - Dependencies all met for dep_context=requeueable deps ti=<TaskInstance: Proyecto_SpaceX_v1.Visualizar_Respuesta_Satelite scheduled__2024-03-29T00:00:00+00:00 [queued]>
[2024-05-10T06:26:14.637+0000] {taskinstance.py:2306} INFO - Starting attempt 1 of 1
[2024-05-10T06:26:14.650+0000] {taskinstance.py:2330} INFO - Executing <Task(BashOperator): Visualizar_Respuesta_Satelite> on 2024-03-29 00:00:00+00:00
[2024-05-10T06:26:14.658+0000] {warnings.py:110} WARNING - /home/***/.local/lib/python3.12/site-packages/***/task/task_runner/standard_task_runner.py:61: DeprecationWarning: This process (pid=2285) is multi-threaded, use of fork() may lead to deadlocks in the child.
  pid = os.fork()

[2024-05-10T06:26:14.659+0000] {standard_task_runner.py:63} INFO - Started process 2287 to run task
[2024-05-10T06:26:14.659+0000] {standard_task_runner.py:90} INFO - Running: ['***', 'tasks', 'run', 'Proyecto_SpaceX_v1', 'Visualizar_Respuesta_Satelite', 'scheduled__2024-03-29T00:00:00+00:00', '--job-id', '1328', '--raw', '--subdir', 'DAGS_FOLDER/Proyecto_SpaceX_v1.py', '--cfg-path', '/tmp/tmpevo46gdx']
[2024-05-10T06:26:14.661+0000] {standard_task_runner.py:91} INFO - Job 1328: Subtask Visualizar_Respuesta_Satelite
[2024-05-10T06:26:14.709+0000] {task_command.py:426} INFO - Running <TaskInstance: Proyecto_SpaceX_v1.Visualizar_Respuesta_Satelite scheduled__2024-03-29T00:00:00+00:00 [running]> on host 1b7f0b10dd99
[2024-05-10T06:26:14.797+0000] {taskinstance.py:2648} INFO - Exporting env vars: AIRFLOW_CTX_DAG_OWNER='***' AIRFLOW_CTX_DAG_ID='Proyecto_SpaceX_v1' AIRFLOW_CTX_TASK_ID='Visualizar_Respuesta_Satelite' AIRFLOW_CTX_EXECUTION_DATE='2024-03-29T00:00:00+00:00' AIRFLOW_CTX_TRY_NUMBER='1' AIRFLOW_CTX_DAG_RUN_ID='scheduled__2024-03-29T00:00:00+00:00'
[2024-05-10T06:26:14.798+0000] {taskinstance.py:430} INFO - ::endgroup::
[2024-05-10T06:26:14.810+0000] {subprocess.py:63} INFO - Tmp dir root location: /tmp
[2024-05-10T06:26:14.817+0000] {subprocess.py:75} INFO - Running command: ['/usr/bin/bash', '-c', 'ls /tmp && head /tmp/platzi_data_20240329.csv']
[2024-05-10T06:26:14.830+0000] {subprocess.py:86} INFO - Output:
[2024-05-10T06:26:14.833+0000] {subprocess.py:93} INFO - ***tmpq2y4p9xy
[2024-05-10T06:26:14.834+0000] {subprocess.py:93} INFO - history.json
[2024-05-10T06:26:14.836+0000] {subprocess.py:93} INFO - platzi_data_20231125.csv
[2024-05-10T06:26:14.847+0000] {subprocess.py:93} INFO - platzi_data_20231126.csv
[2024-05-10T06:26:14.856+0000] {subprocess.py:93} INFO - platzi_data_20231127.csv
[2024-05-10T06:26:14.862+0000] {subprocess.py:93} INFO - platzi_data_20240101.csv
[2024-05-10T06:26:14.863+0000] {subprocess.py:93} INFO - platzi_data_20240201.csv
[2024-05-10T06:26:14.866+0000] {subprocess.py:93} INFO - platzi_data_20240301.csv
[2024-05-10T06:26:14.866+0000] {subprocess.py:93} INFO - platzi_data_20240302.csv
[2024-05-10T06:26:14.867+0000] {subprocess.py:93} INFO - platzi_data_20240303.csv
[2024-05-10T06:26:14.867+0000] {subprocess.py:93} INFO - platzi_data_20240304.csv
[2024-05-10T06:26:14.868+0000] {subprocess.py:93} INFO - platzi_data_20240305.csv
[2024-05-10T06:26:14.869+0000] {subprocess.py:93} INFO - platzi_data_20240306.csv
[2024-05-10T06:26:14.871+0000] {subprocess.py:93} INFO - platzi_data_20240307.csv
[2024-05-10T06:26:14.878+0000] {subprocess.py:93} INFO - platzi_data_20240308.csv
[2024-05-10T06:26:14.879+0000] {subprocess.py:93} INFO - platzi_data_20240309.csv
[2024-05-10T06:26:14.879+0000] {subprocess.py:93} INFO - platzi_data_20240310.csv
[2024-05-10T06:26:14.881+0000] {subprocess.py:93} INFO - platzi_data_20240311.csv
[2024-05-10T06:26:14.882+0000] {subprocess.py:93} INFO - platzi_data_20240312.csv
[2024-05-10T06:26:14.883+0000] {subprocess.py:93} INFO - platzi_data_20240313.csv
[2024-05-10T06:26:14.883+0000] {subprocess.py:93} INFO - platzi_data_20240314.csv
[2024-05-10T06:26:14.884+0000] {subprocess.py:93} INFO - platzi_data_20240316.csv
[2024-05-10T06:26:14.886+0000] {subprocess.py:93} INFO - platzi_data_20240317.csv
[2024-05-10T06:26:14.888+0000] {subprocess.py:93} INFO - platzi_data_20240318.csv
[2024-05-10T06:26:14.889+0000] {subprocess.py:93} INFO - platzi_data_20240319.csv
[2024-05-10T06:26:14.890+0000] {subprocess.py:93} INFO - platzi_data_20240320.csv
[2024-05-10T06:26:14.891+0000] {subprocess.py:93} INFO - platzi_data_20240321.csv
[2024-05-10T06:26:14.892+0000] {subprocess.py:93} INFO - platzi_data_20240322.csv
[2024-05-10T06:26:14.893+0000] {subprocess.py:93} INFO - platzi_data_20240323.csv
[2024-05-10T06:26:14.893+0000] {subprocess.py:93} INFO - platzi_data_20240324.csv
[2024-05-10T06:26:14.894+0000] {subprocess.py:93} INFO - platzi_data_20240325.csv
[2024-05-10T06:26:14.894+0000] {subprocess.py:93} INFO - platzi_data_20240326.csv
[2024-05-10T06:26:14.895+0000] {subprocess.py:93} INFO - platzi_data_20240327.csv
[2024-05-10T06:26:14.896+0000] {subprocess.py:93} INFO - platzi_data_20240328.csv
[2024-05-10T06:26:14.897+0000] {subprocess.py:93} INFO - platzi_data_20240329.csv
[2024-05-10T06:26:14.898+0000] {subprocess.py:93} INFO - pymp-uyxtzsi7
[2024-05-10T06:26:14.898+0000] {subprocess.py:93} INFO - response_20231125.txt
[2024-05-10T06:26:14.899+0000] {subprocess.py:93} INFO - response_20231126.txt
[2024-05-10T06:26:14.900+0000] {subprocess.py:93} INFO - response_20231127.txt
[2024-05-10T06:26:14.900+0000] {subprocess.py:93} INFO - response_20240101.txt
[2024-05-10T06:26:14.901+0000] {subprocess.py:93} INFO - response_20240201.txt
[2024-05-10T06:26:14.901+0000] {subprocess.py:93} INFO - response_20240301.txt
[2024-05-10T06:26:14.902+0000] {subprocess.py:93} INFO - response_20240302.txt
[2024-05-10T06:26:14.903+0000] {subprocess.py:93} INFO - response_20240303.txt
[2024-05-10T06:26:14.904+0000] {subprocess.py:93} INFO - response_20240304.txt
[2024-05-10T06:26:14.904+0000] {subprocess.py:93} INFO - response_20240305.txt
[2024-05-10T06:26:14.905+0000] {subprocess.py:93} INFO - response_20240306.txt
[2024-05-10T06:26:14.906+0000] {subprocess.py:93} INFO - response_20240307.txt
[2024-05-10T06:26:14.906+0000] {subprocess.py:93} INFO - response_20240308.txt
[2024-05-10T06:26:14.907+0000] {subprocess.py:93} INFO - response_20240309.txt
[2024-05-10T06:26:14.908+0000] {subprocess.py:93} INFO - response_20240310.txt
[2024-05-10T06:26:14.909+0000] {subprocess.py:93} INFO - response_20240311.txt
[2024-05-10T06:26:14.909+0000] {subprocess.py:93} INFO - response_20240312.txt
[2024-05-10T06:26:14.910+0000] {subprocess.py:93} INFO - response_20240313.txt
[2024-05-10T06:26:14.911+0000] {subprocess.py:93} INFO - response_20240314.txt
[2024-05-10T06:26:14.911+0000] {subprocess.py:93} INFO - response_20240315.txt
[2024-05-10T06:26:14.912+0000] {subprocess.py:93} INFO - response_20240316.txt
[2024-05-10T06:26:14.913+0000] {subprocess.py:93} INFO - response_20240317.txt
[2024-05-10T06:26:14.914+0000] {subprocess.py:93} INFO - response_20240318.txt
[2024-05-10T06:26:14.914+0000] {subprocess.py:93} INFO - response_20240319.txt
[2024-05-10T06:26:14.915+0000] {subprocess.py:93} INFO - response_20240320.txt
[2024-05-10T06:26:14.916+0000] {subprocess.py:93} INFO - response_20240321.txt
[2024-05-10T06:26:14.917+0000] {subprocess.py:93} INFO - response_20240322.txt
[2024-05-10T06:26:14.918+0000] {subprocess.py:93} INFO - response_20240323.txt
[2024-05-10T06:26:14.918+0000] {subprocess.py:93} INFO - response_20240324.txt
[2024-05-10T06:26:14.919+0000] {subprocess.py:93} INFO - response_20240325.txt
[2024-05-10T06:26:14.920+0000] {subprocess.py:93} INFO - response_20240326.txt
[2024-05-10T06:26:14.921+0000] {subprocess.py:93} INFO - response_20240327.txt
[2024-05-10T06:26:14.922+0000] {subprocess.py:93} INFO - response_20240328.txt
[2024-05-10T06:26:14.922+0000] {subprocess.py:93} INFO - response_20240329.txt
[2024-05-10T06:26:14.923+0000] {subprocess.py:93} INFO - Student,timestamp
[2024-05-10T06:26:14.924+0000] {subprocess.py:93} INFO - Maria Cruz,2024-03-29 00:00:00+00:00
[2024-05-10T06:26:14.925+0000] {subprocess.py:93} INFO - Daniel Crema,2024-03-29 00:00:00+00:00
[2024-05-10T06:26:14.925+0000] {subprocess.py:93} INFO - Elon Musk,2024-03-29 00:00:00+00:00
[2024-05-10T06:26:14.926+0000] {subprocess.py:93} INFO - Karol Castrejon,2024-03-29 00:00:00+00:00
[2024-05-10T06:26:14.927+0000] {subprocess.py:93} INFO - Freddy Vega,2024-03-29 00:00:00+00:00
[2024-05-10T06:26:14.928+0000] {subprocess.py:93} INFO - Felipe Duque,2024-03-29 00:00:00+00:00
[2024-05-10T06:26:14.929+0000] {subprocess.py:97} INFO - Command exited with return code 0
[2024-05-10T06:26:14.929+0000] {taskinstance.py:441} INFO - ::group::Post task execution logs
[2024-05-10T06:26:14.956+0000] {taskinstance.py:1206} INFO - Marking task as SUCCESS. dag_id=Proyecto_SpaceX_v1, task_id=Visualizar_Respuesta_Satelite, run_id=scheduled__2024-03-29T00:00:00+00:00, execution_date=20240329T000000, start_date=20240510T062614, end_date=20240510T062614
[2024-05-10T06:26:14.995+0000] {local_task_job_runner.py:240} INFO - Task exited with return code 0
[2024-05-10T06:26:15.012+0000] {taskinstance.py:3498} INFO - 1 downstream tasks scheduled from follow-on schedule check
[2024-05-10T06:26:15.021+0000] {local_task_job_runner.py:222} INFO - ::endgroup::
