[2024-05-07T23:41:13.768+0000] {local_task_job_runner.py:120} INFO - ::group::Pre task execution logs
[2024-05-07T23:41:13.797+0000] {taskinstance.py:2076} INFO - Dependencies all met for dep_context=non-requeueable deps ti=<TaskInstance: 5.1_orquestacion.tarea2 scheduled__2024-03-08T00:00:00+00:00 [queued]>
[2024-05-07T23:41:13.810+0000] {taskinstance.py:2076} INFO - Dependencies all met for dep_context=requeueable deps ti=<TaskInstance: 5.1_orquestacion.tarea2 scheduled__2024-03-08T00:00:00+00:00 [queued]>
[2024-05-07T23:41:13.810+0000] {taskinstance.py:2306} INFO - Starting attempt 1 of 1
[2024-05-07T23:41:13.828+0000] {taskinstance.py:2330} INFO - Executing <Task(BashOperator): tarea2> on 2024-03-08 00:00:00+00:00
[2024-05-07T23:41:13.835+0000] {warnings.py:110} WARNING - /home/***/.local/lib/python3.12/site-packages/***/task/task_runner/standard_task_runner.py:61: DeprecationWarning: This process (pid=2888) is multi-threaded, use of fork() may lead to deadlocks in the child.
  pid = os.fork()

[2024-05-07T23:41:13.837+0000] {standard_task_runner.py:63} INFO - Started process 2891 to run task
[2024-05-07T23:41:13.836+0000] {standard_task_runner.py:90} INFO - Running: ['***', 'tasks', 'run', '5.1_orquestacion', 'tarea2', 'scheduled__2024-03-08T00:00:00+00:00', '--job-id', '84', '--raw', '--subdir', 'DAGS_FOLDER/051_orquestacion.py', '--cfg-path', '/tmp/tmp8expe5cu']
[2024-05-07T23:41:13.838+0000] {standard_task_runner.py:91} INFO - Job 84: Subtask tarea2
[2024-05-07T23:41:13.886+0000] {task_command.py:426} INFO - Running <TaskInstance: 5.1_orquestacion.tarea2 scheduled__2024-03-08T00:00:00+00:00 [running]> on host 521bf890d837
[2024-05-07T23:41:13.973+0000] {taskinstance.py:2648} INFO - Exporting env vars: AIRFLOW_CTX_DAG_OWNER='***' AIRFLOW_CTX_DAG_ID='5.1_orquestacion' AIRFLOW_CTX_TASK_ID='tarea2' AIRFLOW_CTX_EXECUTION_DATE='2024-03-08T00:00:00+00:00' AIRFLOW_CTX_TRY_NUMBER='1' AIRFLOW_CTX_DAG_RUN_ID='scheduled__2024-03-08T00:00:00+00:00'
[2024-05-07T23:41:13.974+0000] {taskinstance.py:430} INFO - ::endgroup::
[2024-05-07T23:41:13.987+0000] {subprocess.py:63} INFO - Tmp dir root location: /tmp
[2024-05-07T23:41:13.989+0000] {subprocess.py:75} INFO - Running command: ['/usr/bin/bash', '-c', "sleep 2 && echo 'Tarea 2'"]
[2024-05-07T23:41:13.998+0000] {subprocess.py:86} INFO - Output:
[2024-05-07T23:41:16.001+0000] {subprocess.py:93} INFO - Tarea 2
[2024-05-07T23:41:16.006+0000] {subprocess.py:97} INFO - Command exited with return code 0
[2024-05-07T23:41:16.013+0000] {taskinstance.py:441} INFO - ::group::Post task execution logs
[2024-05-07T23:41:16.173+0000] {taskinstance.py:1206} INFO - Marking task as SUCCESS. dag_id=5.1_orquestacion, task_id=tarea2, run_id=scheduled__2024-03-08T00:00:00+00:00, execution_date=20240308T000000, start_date=20240507T234113, end_date=20240507T234116
[2024-05-07T23:41:16.507+0000] {local_task_job_runner.py:240} INFO - Task exited with return code 0
[2024-05-07T23:41:16.538+0000] {taskinstance.py:3498} INFO - 2 downstream tasks scheduled from follow-on schedule check
[2024-05-07T23:41:16.551+0000] {local_task_job_runner.py:222} INFO - ::endgroup::
[2024-05-07T23:46:38.941+0000] {local_task_job_runner.py:120} INFO - ::group::Pre task execution logs
[2024-05-07T23:46:38.970+0000] {taskinstance.py:2076} INFO - Dependencies all met for dep_context=non-requeueable deps ti=<TaskInstance: 5.1_orquestacion.tarea2 scheduled__2024-03-08T00:00:00+00:00 [queued]>
[2024-05-07T23:46:38.981+0000] {taskinstance.py:2076} INFO - Dependencies all met for dep_context=requeueable deps ti=<TaskInstance: 5.1_orquestacion.tarea2 scheduled__2024-03-08T00:00:00+00:00 [queued]>
[2024-05-07T23:46:38.982+0000] {taskinstance.py:2306} INFO - Starting attempt 1 of 1
[2024-05-07T23:46:38.997+0000] {taskinstance.py:2330} INFO - Executing <Task(BashOperator): tarea2> on 2024-03-08 00:00:00+00:00
[2024-05-07T23:46:39.003+0000] {warnings.py:110} WARNING - /home/***/.local/lib/python3.12/site-packages/***/task/task_runner/standard_task_runner.py:61: DeprecationWarning: This process (pid=3477) is multi-threaded, use of fork() may lead to deadlocks in the child.
  pid = os.fork()

[2024-05-07T23:46:39.005+0000] {standard_task_runner.py:90} INFO - Running: ['***', 'tasks', 'run', '5.1_orquestacion', 'tarea2', 'scheduled__2024-03-08T00:00:00+00:00', '--job-id', '214', '--raw', '--subdir', 'DAGS_FOLDER/051_orquestacion.py', '--cfg-path', '/tmp/tmpf534msqk']
[2024-05-07T23:46:39.005+0000] {standard_task_runner.py:63} INFO - Started process 3478 to run task
[2024-05-07T23:46:39.006+0000] {standard_task_runner.py:91} INFO - Job 214: Subtask tarea2
[2024-05-07T23:46:39.063+0000] {task_command.py:426} INFO - Running <TaskInstance: 5.1_orquestacion.tarea2 scheduled__2024-03-08T00:00:00+00:00 [running]> on host 521bf890d837
[2024-05-07T23:46:39.160+0000] {taskinstance.py:2648} INFO - Exporting env vars: AIRFLOW_CTX_DAG_OWNER='***' AIRFLOW_CTX_DAG_ID='5.1_orquestacion' AIRFLOW_CTX_TASK_ID='tarea2' AIRFLOW_CTX_EXECUTION_DATE='2024-03-08T00:00:00+00:00' AIRFLOW_CTX_TRY_NUMBER='1' AIRFLOW_CTX_DAG_RUN_ID='scheduled__2024-03-08T00:00:00+00:00'
[2024-05-07T23:46:39.161+0000] {taskinstance.py:430} INFO - ::endgroup::
[2024-05-07T23:46:39.172+0000] {subprocess.py:63} INFO - Tmp dir root location: /tmp
[2024-05-07T23:46:39.174+0000] {subprocess.py:75} INFO - Running command: ['/usr/bin/bash', '-c', "sleep 2 && echo 'Tarea 2'"]
[2024-05-07T23:46:39.183+0000] {subprocess.py:86} INFO - Output:
[2024-05-07T23:46:41.188+0000] {subprocess.py:93} INFO - Tarea 2
[2024-05-07T23:46:41.193+0000] {subprocess.py:97} INFO - Command exited with return code 0
[2024-05-07T23:46:41.196+0000] {taskinstance.py:441} INFO - ::group::Post task execution logs
[2024-05-07T23:46:41.346+0000] {taskinstance.py:1206} INFO - Marking task as SUCCESS. dag_id=5.1_orquestacion, task_id=tarea2, run_id=scheduled__2024-03-08T00:00:00+00:00, execution_date=20240308T000000, start_date=20240507T234638, end_date=20240507T234641
[2024-05-07T23:46:41.440+0000] {local_task_job_runner.py:240} INFO - Task exited with return code 0
[2024-05-07T23:46:41.492+0000] {taskinstance.py:3498} INFO - 2 downstream tasks scheduled from follow-on schedule check
[2024-05-07T23:46:41.495+0000] {local_task_job_runner.py:222} INFO - ::endgroup::
