[2024-05-10T06:10:10.333+0000] {local_task_job_runner.py:120} INFO - ::group::Pre task execution logs
[2024-05-10T06:10:10.352+0000] {taskinstance.py:2076} INFO - Dependencies all met for dep_context=non-requeueable deps ti=<TaskInstance: Proyecto_SpaceX_v1.Lectura_Datos_NASA scheduled__2024-03-03T00:00:00+00:00 [queued]>
[2024-05-10T06:10:10.361+0000] {taskinstance.py:2076} INFO - Dependencies all met for dep_context=requeueable deps ti=<TaskInstance: Proyecto_SpaceX_v1.Lectura_Datos_NASA scheduled__2024-03-03T00:00:00+00:00 [queued]>
[2024-05-10T06:10:10.362+0000] {taskinstance.py:2306} INFO - Starting attempt 1 of 1
[2024-05-10T06:10:10.375+0000] {taskinstance.py:2330} INFO - Executing <Task(BashOperator): Lectura_Datos_NASA> on 2024-03-03 00:00:00+00:00
[2024-05-10T06:10:10.384+0000] {warnings.py:110} WARNING - /home/***/.local/lib/python3.12/site-packages/***/task/task_runner/standard_task_runner.py:61: DeprecationWarning: This process (pid=1211) is multi-threaded, use of fork() may lead to deadlocks in the child.
  pid = os.fork()

[2024-05-10T06:10:10.389+0000] {standard_task_runner.py:63} INFO - Started process 1213 to run task
[2024-05-10T06:10:10.387+0000] {standard_task_runner.py:90} INFO - Running: ['***', 'tasks', 'run', 'Proyecto_SpaceX_v1', 'Lectura_Datos_NASA', 'scheduled__2024-03-03T00:00:00+00:00', '--job-id', '1127', '--raw', '--subdir', 'DAGS_FOLDER/Proyecto_SpaceX_v1.py', '--cfg-path', '/tmp/tmp61pb2hz3']
[2024-05-10T06:10:10.392+0000] {standard_task_runner.py:91} INFO - Job 1127: Subtask Lectura_Datos_NASA
[2024-05-10T06:10:10.435+0000] {task_command.py:426} INFO - Running <TaskInstance: Proyecto_SpaceX_v1.Lectura_Datos_NASA scheduled__2024-03-03T00:00:00+00:00 [running]> on host 1b7f0b10dd99
[2024-05-10T06:10:10.633+0000] {taskinstance.py:2648} INFO - Exporting env vars: AIRFLOW_CTX_DAG_OWNER='***' AIRFLOW_CTX_DAG_ID='Proyecto_SpaceX_v1' AIRFLOW_CTX_TASK_ID='Lectura_Datos_NASA' AIRFLOW_CTX_EXECUTION_DATE='2024-03-03T00:00:00+00:00' AIRFLOW_CTX_TRY_NUMBER='1' AIRFLOW_CTX_DAG_RUN_ID='scheduled__2024-03-03T00:00:00+00:00'
[2024-05-10T06:10:10.634+0000] {taskinstance.py:430} INFO - ::endgroup::
[2024-05-10T06:10:10.642+0000] {subprocess.py:63} INFO - Tmp dir root location: /tmp
[2024-05-10T06:10:10.644+0000] {subprocess.py:75} INFO - Running command: ['/usr/bin/bash', '-c', 'ls /tmp && head /tmp/response_20240303.txt']
[2024-05-10T06:10:10.658+0000] {subprocess.py:86} INFO - Output:
[2024-05-10T06:10:10.661+0000] {subprocess.py:93} INFO - ***tmpdrpkgvw7
[2024-05-10T06:10:10.662+0000] {subprocess.py:93} INFO - history.json
[2024-05-10T06:10:10.674+0000] {subprocess.py:93} INFO - platzi_data_20231125.csv
[2024-05-10T06:10:10.675+0000] {subprocess.py:93} INFO - platzi_data_20231126.csv
[2024-05-10T06:10:10.691+0000] {subprocess.py:93} INFO - platzi_data_20231127.csv
[2024-05-10T06:10:10.724+0000] {subprocess.py:93} INFO - platzi_data_20240101.csv
[2024-05-10T06:10:10.726+0000] {subprocess.py:93} INFO - platzi_data_20240201.csv
[2024-05-10T06:10:10.747+0000] {subprocess.py:93} INFO - platzi_data_20240301.csv
[2024-05-10T06:10:10.756+0000] {subprocess.py:93} INFO - platzi_data_20240302.csv
[2024-05-10T06:10:10.759+0000] {subprocess.py:93} INFO - pymp-uyxtzsi7
[2024-05-10T06:10:10.760+0000] {subprocess.py:93} INFO - response_20231125.txt
[2024-05-10T06:10:10.761+0000] {subprocess.py:93} INFO - response_20231126.txt
[2024-05-10T06:10:10.762+0000] {subprocess.py:93} INFO - response_20231127.txt
[2024-05-10T06:10:10.763+0000] {subprocess.py:93} INFO - response_20240101.txt
[2024-05-10T06:10:10.764+0000] {subprocess.py:93} INFO - response_20240201.txt
[2024-05-10T06:10:10.765+0000] {subprocess.py:93} INFO - response_20240301.txt
[2024-05-10T06:10:10.766+0000] {subprocess.py:93} INFO - response_20240302.txt
[2024-05-10T06:10:10.767+0000] {subprocess.py:93} INFO - response_20240303.txt
[2024-05-10T06:10:10.768+0000] {subprocess.py:93} INFO - Confirmación, puede proceder
[2024-05-10T06:10:10.772+0000] {subprocess.py:97} INFO - Command exited with return code 0
[2024-05-10T06:10:10.773+0000] {taskinstance.py:441} INFO - ::group::Post task execution logs
[2024-05-10T06:10:10.798+0000] {taskinstance.py:1206} INFO - Marking task as SUCCESS. dag_id=Proyecto_SpaceX_v1, task_id=Lectura_Datos_NASA, run_id=scheduled__2024-03-03T00:00:00+00:00, execution_date=20240303T000000, start_date=20240510T061010, end_date=20240510T061010
[2024-05-10T06:10:10.848+0000] {local_task_job_runner.py:240} INFO - Task exited with return code 0
[2024-05-10T06:10:10.866+0000] {local_task_job_runner.py:222} INFO - ::endgroup::
