[2024-05-07T23:20:55.489+0000] {processor.py:161} INFO - Started process (PID=3213) to work on /opt/airflow/dags/051_orquestacion.py
[2024-05-07T23:20:55.491+0000] {processor.py:830} INFO - Processing file /opt/airflow/dags/051_orquestacion.py for tasks to queue
[2024-05-07T23:20:55.500+0000] {logging_mixin.py:188} INFO - [2024-05-07T23:20:55.499+0000] {dagbag.py:545} INFO - Filling up the DagBag from /opt/airflow/dags/051_orquestacion.py
[2024-05-07T23:20:55.562+0000] {processor.py:840} INFO - DAG(s) '5.1_orquestacion' retrieved from /opt/airflow/dags/051_orquestacion.py
[2024-05-07T23:20:55.742+0000] {logging_mixin.py:188} INFO - [2024-05-07T23:20:55.741+0000] {override.py:1829} INFO - Created Permission View: can read on DAG:5.1_orquestacion
[2024-05-07T23:20:55.755+0000] {logging_mixin.py:188} INFO - [2024-05-07T23:20:55.755+0000] {override.py:1829} INFO - Created Permission View: can edit on DAG:5.1_orquestacion
[2024-05-07T23:20:55.765+0000] {logging_mixin.py:188} INFO - [2024-05-07T23:20:55.764+0000] {override.py:1829} INFO - Created Permission View: can delete on DAG:5.1_orquestacion
[2024-05-07T23:20:55.766+0000] {logging_mixin.py:188} INFO - [2024-05-07T23:20:55.766+0000] {dag.py:3096} INFO - Sync 1 DAGs
[2024-05-07T23:20:55.782+0000] {logging_mixin.py:188} INFO - [2024-05-07T23:20:55.782+0000] {dag.py:3118} INFO - Creating ORM DAG for 5.1_orquestacion
[2024-05-07T23:20:55.797+0000] {logging_mixin.py:188} INFO - [2024-05-07T23:20:55.796+0000] {dag.py:3954} INFO - Setting next_dagrun for 5.1_orquestacion to 2024-05-07 00:00:00+00:00, run_after=2024-05-08 00:00:00+00:00
[2024-05-07T23:20:55.823+0000] {processor.py:183} INFO - Processing /opt/airflow/dags/051_orquestacion.py took 0.340 seconds
[2024-05-07T23:21:09.612+0000] {processor.py:161} INFO - Started process (PID=3219) to work on /opt/airflow/dags/051_orquestacion.py
[2024-05-07T23:21:09.621+0000] {processor.py:830} INFO - Processing file /opt/airflow/dags/051_orquestacion.py for tasks to queue
[2024-05-07T23:21:09.632+0000] {logging_mixin.py:188} INFO - [2024-05-07T23:21:09.629+0000] {dagbag.py:545} INFO - Filling up the DagBag from /opt/airflow/dags/051_orquestacion.py
[2024-05-07T23:21:09.932+0000] {processor.py:840} INFO - DAG(s) '5.1_orquestacion' retrieved from /opt/airflow/dags/051_orquestacion.py
[2024-05-07T23:21:09.946+0000] {logging_mixin.py:188} INFO - [2024-05-07T23:21:09.946+0000] {dag.py:3096} INFO - Sync 1 DAGs
[2024-05-07T23:21:09.990+0000] {logging_mixin.py:188} INFO - [2024-05-07T23:21:09.990+0000] {dag.py:3954} INFO - Setting next_dagrun for 5.1_orquestacion to 2024-05-07 00:00:00+00:00, run_after=2024-05-08 00:00:00+00:00
[2024-05-07T23:21:10.024+0000] {processor.py:183} INFO - Processing /opt/airflow/dags/051_orquestacion.py took 0.455 seconds
[2024-05-07T23:21:41.163+0000] {processor.py:161} INFO - Started process (PID=3231) to work on /opt/airflow/dags/051_orquestacion.py
[2024-05-07T23:21:41.174+0000] {processor.py:830} INFO - Processing file /opt/airflow/dags/051_orquestacion.py for tasks to queue
[2024-05-07T23:21:41.187+0000] {logging_mixin.py:188} INFO - [2024-05-07T23:21:41.186+0000] {dagbag.py:545} INFO - Filling up the DagBag from /opt/airflow/dags/051_orquestacion.py
[2024-05-07T23:21:41.287+0000] {processor.py:840} INFO - DAG(s) '5.1_orquestacion' retrieved from /opt/airflow/dags/051_orquestacion.py
[2024-05-07T23:21:41.405+0000] {logging_mixin.py:188} INFO - [2024-05-07T23:21:41.404+0000] {dag.py:3096} INFO - Sync 1 DAGs
[2024-05-07T23:21:41.446+0000] {logging_mixin.py:188} INFO - [2024-05-07T23:21:41.446+0000] {dag.py:3954} INFO - Setting next_dagrun for 5.1_orquestacion to 2024-05-07 00:00:00+00:00, run_after=2024-05-08 00:00:00+00:00
[2024-05-07T23:21:41.484+0000] {processor.py:183} INFO - Processing /opt/airflow/dags/051_orquestacion.py took 0.334 seconds
[2024-05-07T23:22:11.646+0000] {processor.py:161} INFO - Started process (PID=3243) to work on /opt/airflow/dags/051_orquestacion.py
[2024-05-07T23:22:11.648+0000] {processor.py:830} INFO - Processing file /opt/airflow/dags/051_orquestacion.py for tasks to queue
[2024-05-07T23:22:11.650+0000] {logging_mixin.py:188} INFO - [2024-05-07T23:22:11.649+0000] {dagbag.py:545} INFO - Filling up the DagBag from /opt/airflow/dags/051_orquestacion.py
[2024-05-07T23:22:11.714+0000] {processor.py:840} INFO - DAG(s) '5.1_orquestacion' retrieved from /opt/airflow/dags/051_orquestacion.py
[2024-05-07T23:22:11.747+0000] {logging_mixin.py:188} INFO - [2024-05-07T23:22:11.747+0000] {dag.py:3096} INFO - Sync 1 DAGs
[2024-05-07T23:22:11.769+0000] {logging_mixin.py:188} INFO - [2024-05-07T23:22:11.769+0000] {dag.py:3954} INFO - Setting next_dagrun for 5.1_orquestacion to 2024-05-07 00:00:00+00:00, run_after=2024-05-08 00:00:00+00:00
[2024-05-07T23:22:11.794+0000] {processor.py:183} INFO - Processing /opt/airflow/dags/051_orquestacion.py took 0.159 seconds
[2024-05-07T23:22:42.524+0000] {processor.py:161} INFO - Started process (PID=3255) to work on /opt/airflow/dags/051_orquestacion.py
[2024-05-07T23:22:42.526+0000] {processor.py:830} INFO - Processing file /opt/airflow/dags/051_orquestacion.py for tasks to queue
[2024-05-07T23:22:42.527+0000] {logging_mixin.py:188} INFO - [2024-05-07T23:22:42.527+0000] {dagbag.py:545} INFO - Filling up the DagBag from /opt/airflow/dags/051_orquestacion.py
[2024-05-07T23:22:42.556+0000] {processor.py:840} INFO - DAG(s) '5.1_orquestacion' retrieved from /opt/airflow/dags/051_orquestacion.py
[2024-05-07T23:22:42.586+0000] {logging_mixin.py:188} INFO - [2024-05-07T23:22:42.586+0000] {dag.py:3096} INFO - Sync 1 DAGs
[2024-05-07T23:22:42.608+0000] {logging_mixin.py:188} INFO - [2024-05-07T23:22:42.608+0000] {dag.py:3954} INFO - Setting next_dagrun for 5.1_orquestacion to 2024-05-07 00:00:00+00:00, run_after=2024-05-08 00:00:00+00:00
[2024-05-07T23:22:42.628+0000] {processor.py:183} INFO - Processing /opt/airflow/dags/051_orquestacion.py took 0.110 seconds
[2024-05-07T23:23:13.277+0000] {processor.py:161} INFO - Started process (PID=3267) to work on /opt/airflow/dags/051_orquestacion.py
[2024-05-07T23:23:13.279+0000] {processor.py:830} INFO - Processing file /opt/airflow/dags/051_orquestacion.py for tasks to queue
[2024-05-07T23:23:13.280+0000] {logging_mixin.py:188} INFO - [2024-05-07T23:23:13.280+0000] {dagbag.py:545} INFO - Filling up the DagBag from /opt/airflow/dags/051_orquestacion.py
[2024-05-07T23:23:13.335+0000] {processor.py:840} INFO - DAG(s) '5.1_orquestacion' retrieved from /opt/airflow/dags/051_orquestacion.py
[2024-05-07T23:23:13.364+0000] {logging_mixin.py:188} INFO - [2024-05-07T23:23:13.364+0000] {dag.py:3096} INFO - Sync 1 DAGs
[2024-05-07T23:23:13.386+0000] {logging_mixin.py:188} INFO - [2024-05-07T23:23:13.386+0000] {dag.py:3954} INFO - Setting next_dagrun for 5.1_orquestacion to 2024-05-07 00:00:00+00:00, run_after=2024-05-08 00:00:00+00:00
[2024-05-07T23:23:13.409+0000] {processor.py:183} INFO - Processing /opt/airflow/dags/051_orquestacion.py took 0.138 seconds
[2024-05-07T23:23:44.113+0000] {processor.py:161} INFO - Started process (PID=3278) to work on /opt/airflow/dags/051_orquestacion.py
[2024-05-07T23:23:44.114+0000] {processor.py:830} INFO - Processing file /opt/airflow/dags/051_orquestacion.py for tasks to queue
[2024-05-07T23:23:44.117+0000] {logging_mixin.py:188} INFO - [2024-05-07T23:23:44.117+0000] {dagbag.py:545} INFO - Filling up the DagBag from /opt/airflow/dags/051_orquestacion.py
[2024-05-07T23:23:44.159+0000] {processor.py:840} INFO - DAG(s) '5.1_orquestacion' retrieved from /opt/airflow/dags/051_orquestacion.py
[2024-05-07T23:23:44.193+0000] {logging_mixin.py:188} INFO - [2024-05-07T23:23:44.193+0000] {dag.py:3096} INFO - Sync 1 DAGs
[2024-05-07T23:23:44.215+0000] {logging_mixin.py:188} INFO - [2024-05-07T23:23:44.215+0000] {dag.py:3954} INFO - Setting next_dagrun for 5.1_orquestacion to 2024-05-07 00:00:00+00:00, run_after=2024-05-08 00:00:00+00:00
[2024-05-07T23:23:44.241+0000] {processor.py:183} INFO - Processing /opt/airflow/dags/051_orquestacion.py took 0.134 seconds
[2024-05-07T23:24:14.936+0000] {processor.py:161} INFO - Started process (PID=3290) to work on /opt/airflow/dags/051_orquestacion.py
[2024-05-07T23:24:14.937+0000] {processor.py:830} INFO - Processing file /opt/airflow/dags/051_orquestacion.py for tasks to queue
[2024-05-07T23:24:14.940+0000] {logging_mixin.py:188} INFO - [2024-05-07T23:24:14.939+0000] {dagbag.py:545} INFO - Filling up the DagBag from /opt/airflow/dags/051_orquestacion.py
[2024-05-07T23:24:14.987+0000] {processor.py:840} INFO - DAG(s) '5.1_orquestacion' retrieved from /opt/airflow/dags/051_orquestacion.py
[2024-05-07T23:24:15.013+0000] {logging_mixin.py:188} INFO - [2024-05-07T23:24:15.013+0000] {dag.py:3096} INFO - Sync 1 DAGs
[2024-05-07T23:24:15.045+0000] {logging_mixin.py:188} INFO - [2024-05-07T23:24:15.044+0000] {dag.py:3954} INFO - Setting next_dagrun for 5.1_orquestacion to 2024-05-07 00:00:00+00:00, run_after=2024-05-08 00:00:00+00:00
[2024-05-07T23:24:15.072+0000] {processor.py:183} INFO - Processing /opt/airflow/dags/051_orquestacion.py took 0.144 seconds
[2024-05-07T23:24:45.235+0000] {processor.py:161} INFO - Started process (PID=3306) to work on /opt/airflow/dags/051_orquestacion.py
[2024-05-07T23:24:45.236+0000] {processor.py:830} INFO - Processing file /opt/airflow/dags/051_orquestacion.py for tasks to queue
[2024-05-07T23:24:45.237+0000] {logging_mixin.py:188} INFO - [2024-05-07T23:24:45.237+0000] {dagbag.py:545} INFO - Filling up the DagBag from /opt/airflow/dags/051_orquestacion.py
[2024-05-07T23:24:45.298+0000] {processor.py:840} INFO - DAG(s) '5.1_orquestacion' retrieved from /opt/airflow/dags/051_orquestacion.py
[2024-05-07T23:24:45.333+0000] {logging_mixin.py:188} INFO - [2024-05-07T23:24:45.333+0000] {dag.py:3096} INFO - Sync 1 DAGs
[2024-05-07T23:24:45.355+0000] {logging_mixin.py:188} INFO - [2024-05-07T23:24:45.355+0000] {dag.py:3954} INFO - Setting next_dagrun for 5.1_orquestacion to 2024-05-07 00:00:00+00:00, run_after=2024-05-08 00:00:00+00:00
[2024-05-07T23:24:45.376+0000] {processor.py:183} INFO - Processing /opt/airflow/dags/051_orquestacion.py took 0.151 seconds
[2024-05-07T23:25:03.830+0000] {processor.py:161} INFO - Started process (PID=3313) to work on /opt/airflow/dags/051_orquestacion.py
[2024-05-07T23:25:03.832+0000] {processor.py:830} INFO - Processing file /opt/airflow/dags/051_orquestacion.py for tasks to queue
[2024-05-07T23:25:03.839+0000] {logging_mixin.py:188} INFO - [2024-05-07T23:25:03.838+0000] {dagbag.py:545} INFO - Filling up the DagBag from /opt/airflow/dags/051_orquestacion.py
[2024-05-07T23:25:04.018+0000] {processor.py:840} INFO - DAG(s) '5.1_orquestacion' retrieved from /opt/airflow/dags/051_orquestacion.py
[2024-05-07T23:25:04.168+0000] {logging_mixin.py:188} INFO - [2024-05-07T23:25:04.167+0000] {dag.py:3096} INFO - Sync 1 DAGs
[2024-05-07T23:25:04.205+0000] {logging_mixin.py:188} INFO - [2024-05-07T23:25:04.204+0000] {dag.py:3954} INFO - Setting next_dagrun for 5.1_orquestacion to 2024-05-07 00:00:00+00:00, run_after=2024-05-08 00:00:00+00:00
[2024-05-07T23:25:04.262+0000] {processor.py:183} INFO - Processing /opt/airflow/dags/051_orquestacion.py took 0.439 seconds
[2024-05-07T23:25:34.054+0000] {processor.py:161} INFO - Started process (PID=3325) to work on /opt/airflow/dags/051_orquestacion.py
[2024-05-07T23:25:34.055+0000] {processor.py:830} INFO - Processing file /opt/airflow/dags/051_orquestacion.py for tasks to queue
[2024-05-07T23:25:34.058+0000] {logging_mixin.py:188} INFO - [2024-05-07T23:25:34.058+0000] {dagbag.py:545} INFO - Filling up the DagBag from /opt/airflow/dags/051_orquestacion.py
[2024-05-07T23:25:34.178+0000] {processor.py:840} INFO - DAG(s) '5.1_orquestacion' retrieved from /opt/airflow/dags/051_orquestacion.py
[2024-05-07T23:25:34.216+0000] {logging_mixin.py:188} INFO - [2024-05-07T23:25:34.215+0000] {dag.py:3096} INFO - Sync 1 DAGs
[2024-05-07T23:25:34.247+0000] {logging_mixin.py:188} INFO - [2024-05-07T23:25:34.246+0000] {dag.py:3954} INFO - Setting next_dagrun for 5.1_orquestacion to 2024-05-07 00:00:00+00:00, run_after=2024-05-08 00:00:00+00:00
[2024-05-07T23:25:34.279+0000] {processor.py:183} INFO - Processing /opt/airflow/dags/051_orquestacion.py took 0.237 seconds
[2024-05-07T23:26:04.719+0000] {processor.py:161} INFO - Started process (PID=3337) to work on /opt/airflow/dags/051_orquestacion.py
[2024-05-07T23:26:04.721+0000] {processor.py:830} INFO - Processing file /opt/airflow/dags/051_orquestacion.py for tasks to queue
[2024-05-07T23:26:04.724+0000] {logging_mixin.py:188} INFO - [2024-05-07T23:26:04.723+0000] {dagbag.py:545} INFO - Filling up the DagBag from /opt/airflow/dags/051_orquestacion.py
[2024-05-07T23:26:04.787+0000] {processor.py:840} INFO - DAG(s) '5.1_orquestacion' retrieved from /opt/airflow/dags/051_orquestacion.py
[2024-05-07T23:26:04.835+0000] {logging_mixin.py:188} INFO - [2024-05-07T23:26:04.835+0000] {dag.py:3096} INFO - Sync 1 DAGs
[2024-05-07T23:26:04.865+0000] {logging_mixin.py:188} INFO - [2024-05-07T23:26:04.864+0000] {dag.py:3954} INFO - Setting next_dagrun for 5.1_orquestacion to 2024-05-07 00:00:00+00:00, run_after=2024-05-08 00:00:00+00:00
[2024-05-07T23:26:04.904+0000] {processor.py:183} INFO - Processing /opt/airflow/dags/051_orquestacion.py took 0.197 seconds
[2024-05-07T23:26:35.001+0000] {processor.py:161} INFO - Started process (PID=3349) to work on /opt/airflow/dags/051_orquestacion.py
[2024-05-07T23:26:35.003+0000] {processor.py:830} INFO - Processing file /opt/airflow/dags/051_orquestacion.py for tasks to queue
[2024-05-07T23:26:35.004+0000] {logging_mixin.py:188} INFO - [2024-05-07T23:26:35.004+0000] {dagbag.py:545} INFO - Filling up the DagBag from /opt/airflow/dags/051_orquestacion.py
[2024-05-07T23:26:35.045+0000] {processor.py:840} INFO - DAG(s) '5.1_orquestacion' retrieved from /opt/airflow/dags/051_orquestacion.py
[2024-05-07T23:26:35.083+0000] {logging_mixin.py:188} INFO - [2024-05-07T23:26:35.083+0000] {dag.py:3096} INFO - Sync 1 DAGs
[2024-05-07T23:26:35.100+0000] {logging_mixin.py:188} INFO - [2024-05-07T23:26:35.100+0000] {dag.py:3954} INFO - Setting next_dagrun for 5.1_orquestacion to 2024-05-07 00:00:00+00:00, run_after=2024-05-08 00:00:00+00:00
[2024-05-07T23:26:35.126+0000] {processor.py:183} INFO - Processing /opt/airflow/dags/051_orquestacion.py took 0.130 seconds
[2024-05-07T23:27:05.779+0000] {processor.py:161} INFO - Started process (PID=3361) to work on /opt/airflow/dags/051_orquestacion.py
[2024-05-07T23:27:05.780+0000] {processor.py:830} INFO - Processing file /opt/airflow/dags/051_orquestacion.py for tasks to queue
[2024-05-07T23:27:05.781+0000] {logging_mixin.py:188} INFO - [2024-05-07T23:27:05.780+0000] {dagbag.py:545} INFO - Filling up the DagBag from /opt/airflow/dags/051_orquestacion.py
[2024-05-07T23:27:05.801+0000] {processor.py:840} INFO - DAG(s) '5.1_orquestacion' retrieved from /opt/airflow/dags/051_orquestacion.py
[2024-05-07T23:27:05.823+0000] {logging_mixin.py:188} INFO - [2024-05-07T23:27:05.823+0000] {dag.py:3096} INFO - Sync 1 DAGs
[2024-05-07T23:27:05.842+0000] {logging_mixin.py:188} INFO - [2024-05-07T23:27:05.841+0000] {dag.py:3954} INFO - Setting next_dagrun for 5.1_orquestacion to 2024-05-07 00:00:00+00:00, run_after=2024-05-08 00:00:00+00:00
[2024-05-07T23:27:05.864+0000] {processor.py:183} INFO - Processing /opt/airflow/dags/051_orquestacion.py took 0.090 seconds
[2024-05-07T23:27:36.796+0000] {processor.py:161} INFO - Started process (PID=3377) to work on /opt/airflow/dags/051_orquestacion.py
[2024-05-07T23:27:36.798+0000] {processor.py:830} INFO - Processing file /opt/airflow/dags/051_orquestacion.py for tasks to queue
[2024-05-07T23:27:36.799+0000] {logging_mixin.py:188} INFO - [2024-05-07T23:27:36.798+0000] {dagbag.py:545} INFO - Filling up the DagBag from /opt/airflow/dags/051_orquestacion.py
[2024-05-07T23:27:36.821+0000] {processor.py:840} INFO - DAG(s) '5.1_orquestacion' retrieved from /opt/airflow/dags/051_orquestacion.py
[2024-05-07T23:27:36.847+0000] {logging_mixin.py:188} INFO - [2024-05-07T23:27:36.847+0000] {dag.py:3096} INFO - Sync 1 DAGs
[2024-05-07T23:27:36.867+0000] {logging_mixin.py:188} INFO - [2024-05-07T23:27:36.866+0000] {dag.py:3954} INFO - Setting next_dagrun for 5.1_orquestacion to 2024-05-07 00:00:00+00:00, run_after=2024-05-08 00:00:00+00:00
[2024-05-07T23:27:36.923+0000] {processor.py:183} INFO - Processing /opt/airflow/dags/051_orquestacion.py took 0.131 seconds
[2024-05-07T23:27:43.290+0000] {processor.py:161} INFO - Started process (PID=3378) to work on /opt/airflow/dags/051_orquestacion.py
[2024-05-07T23:27:43.294+0000] {processor.py:830} INFO - Processing file /opt/airflow/dags/051_orquestacion.py for tasks to queue
[2024-05-07T23:27:43.301+0000] {logging_mixin.py:188} INFO - [2024-05-07T23:27:43.301+0000] {dagbag.py:545} INFO - Filling up the DagBag from /opt/airflow/dags/051_orquestacion.py
[2024-05-07T23:27:43.371+0000] {processor.py:840} INFO - DAG(s) '5.1_orquestacion' retrieved from /opt/airflow/dags/051_orquestacion.py
[2024-05-07T23:27:43.458+0000] {logging_mixin.py:188} INFO - [2024-05-07T23:27:43.458+0000] {dag.py:3096} INFO - Sync 1 DAGs
[2024-05-07T23:27:43.489+0000] {logging_mixin.py:188} INFO - [2024-05-07T23:27:43.489+0000] {dag.py:3954} INFO - Setting next_dagrun for 5.1_orquestacion to 2024-05-01 00:00:00+00:00, run_after=2024-05-02 00:00:00+00:00
[2024-05-07T23:27:43.512+0000] {processor.py:183} INFO - Processing /opt/airflow/dags/051_orquestacion.py took 0.227 seconds
[2024-05-07T23:27:45.548+0000] {processor.py:161} INFO - Started process (PID=3384) to work on /opt/airflow/dags/051_orquestacion.py
[2024-05-07T23:27:45.560+0000] {processor.py:830} INFO - Processing file /opt/airflow/dags/051_orquestacion.py for tasks to queue
[2024-05-07T23:27:45.572+0000] {logging_mixin.py:188} INFO - [2024-05-07T23:27:45.568+0000] {dagbag.py:545} INFO - Filling up the DagBag from /opt/airflow/dags/051_orquestacion.py
[2024-05-07T23:27:45.713+0000] {processor.py:840} INFO - DAG(s) '5.1_orquestacion' retrieved from /opt/airflow/dags/051_orquestacion.py
[2024-05-07T23:27:45.823+0000] {logging_mixin.py:188} INFO - [2024-05-07T23:27:45.822+0000] {dag.py:3096} INFO - Sync 1 DAGs
[2024-05-07T23:27:46.066+0000] {logging_mixin.py:188} INFO - [2024-05-07T23:27:46.063+0000] {dag.py:3954} INFO - Setting next_dagrun for 5.1_orquestacion to 2024-05-07 00:00:00+00:00, run_after=2024-05-08 00:00:00+00:00
[2024-05-07T23:27:46.167+0000] {processor.py:183} INFO - Processing /opt/airflow/dags/051_orquestacion.py took 0.656 seconds
[2024-05-07T23:28:16.668+0000] {processor.py:161} INFO - Started process (PID=3428) to work on /opt/airflow/dags/051_orquestacion.py
[2024-05-07T23:28:16.673+0000] {processor.py:830} INFO - Processing file /opt/airflow/dags/051_orquestacion.py for tasks to queue
[2024-05-07T23:28:16.689+0000] {logging_mixin.py:188} INFO - [2024-05-07T23:28:16.689+0000] {dagbag.py:545} INFO - Filling up the DagBag from /opt/airflow/dags/051_orquestacion.py
[2024-05-07T23:28:16.761+0000] {processor.py:840} INFO - DAG(s) '5.1_orquestacion' retrieved from /opt/airflow/dags/051_orquestacion.py
[2024-05-07T23:28:16.781+0000] {logging_mixin.py:188} INFO - [2024-05-07T23:28:16.781+0000] {dag.py:3096} INFO - Sync 1 DAGs
[2024-05-07T23:28:16.798+0000] {logging_mixin.py:188} INFO - [2024-05-07T23:28:16.798+0000] {dag.py:3954} INFO - Setting next_dagrun for 5.1_orquestacion to 2024-05-07 00:00:00+00:00, run_after=2024-05-08 00:00:00+00:00
[2024-05-07T23:28:16.839+0000] {processor.py:183} INFO - Processing /opt/airflow/dags/051_orquestacion.py took 0.176 seconds
[2024-05-07T23:28:47.079+0000] {processor.py:161} INFO - Started process (PID=3440) to work on /opt/airflow/dags/051_orquestacion.py
[2024-05-07T23:28:47.080+0000] {processor.py:830} INFO - Processing file /opt/airflow/dags/051_orquestacion.py for tasks to queue
[2024-05-07T23:28:47.081+0000] {logging_mixin.py:188} INFO - [2024-05-07T23:28:47.080+0000] {dagbag.py:545} INFO - Filling up the DagBag from /opt/airflow/dags/051_orquestacion.py
[2024-05-07T23:28:47.253+0000] {processor.py:840} INFO - DAG(s) '5.1_orquestacion' retrieved from /opt/airflow/dags/051_orquestacion.py
[2024-05-07T23:28:47.272+0000] {logging_mixin.py:188} INFO - [2024-05-07T23:28:47.272+0000] {dag.py:3096} INFO - Sync 1 DAGs
[2024-05-07T23:28:47.288+0000] {logging_mixin.py:188} INFO - [2024-05-07T23:28:47.288+0000] {dag.py:3954} INFO - Setting next_dagrun for 5.1_orquestacion to 2024-05-07 00:00:00+00:00, run_after=2024-05-08 00:00:00+00:00
[2024-05-07T23:28:47.327+0000] {processor.py:183} INFO - Processing /opt/airflow/dags/051_orquestacion.py took 0.253 seconds
[2024-05-07T23:29:17.496+0000] {processor.py:161} INFO - Started process (PID=3456) to work on /opt/airflow/dags/051_orquestacion.py
[2024-05-07T23:29:17.497+0000] {processor.py:830} INFO - Processing file /opt/airflow/dags/051_orquestacion.py for tasks to queue
[2024-05-07T23:29:17.498+0000] {logging_mixin.py:188} INFO - [2024-05-07T23:29:17.498+0000] {dagbag.py:545} INFO - Filling up the DagBag from /opt/airflow/dags/051_orquestacion.py
[2024-05-07T23:29:17.518+0000] {processor.py:840} INFO - DAG(s) '5.1_orquestacion' retrieved from /opt/airflow/dags/051_orquestacion.py
[2024-05-07T23:29:17.540+0000] {logging_mixin.py:188} INFO - [2024-05-07T23:29:17.540+0000] {dag.py:3096} INFO - Sync 1 DAGs
[2024-05-07T23:29:17.614+0000] {logging_mixin.py:188} INFO - [2024-05-07T23:29:17.614+0000] {dag.py:3954} INFO - Setting next_dagrun for 5.1_orquestacion to 2024-05-07 00:00:00+00:00, run_after=2024-05-08 00:00:00+00:00
[2024-05-07T23:29:17.636+0000] {processor.py:183} INFO - Processing /opt/airflow/dags/051_orquestacion.py took 0.145 seconds
[2024-05-07T23:29:48.618+0000] {processor.py:161} INFO - Started process (PID=3468) to work on /opt/airflow/dags/051_orquestacion.py
[2024-05-07T23:29:48.622+0000] {processor.py:830} INFO - Processing file /opt/airflow/dags/051_orquestacion.py for tasks to queue
[2024-05-07T23:29:48.623+0000] {logging_mixin.py:188} INFO - [2024-05-07T23:29:48.623+0000] {dagbag.py:545} INFO - Filling up the DagBag from /opt/airflow/dags/051_orquestacion.py
[2024-05-07T23:29:48.691+0000] {processor.py:840} INFO - DAG(s) '5.1_orquestacion' retrieved from /opt/airflow/dags/051_orquestacion.py
[2024-05-07T23:29:48.729+0000] {logging_mixin.py:188} INFO - [2024-05-07T23:29:48.729+0000] {dag.py:3096} INFO - Sync 1 DAGs
[2024-05-07T23:29:48.778+0000] {logging_mixin.py:188} INFO - [2024-05-07T23:29:48.778+0000] {dag.py:3954} INFO - Setting next_dagrun for 5.1_orquestacion to 2024-05-07 00:00:00+00:00, run_after=2024-05-08 00:00:00+00:00
[2024-05-07T23:29:48.807+0000] {processor.py:183} INFO - Processing /opt/airflow/dags/051_orquestacion.py took 0.208 seconds
[2024-05-07T23:30:20.027+0000] {processor.py:161} INFO - Started process (PID=3480) to work on /opt/airflow/dags/051_orquestacion.py
[2024-05-07T23:30:20.032+0000] {processor.py:830} INFO - Processing file /opt/airflow/dags/051_orquestacion.py for tasks to queue
[2024-05-07T23:30:20.041+0000] {logging_mixin.py:188} INFO - [2024-05-07T23:30:20.038+0000] {dagbag.py:545} INFO - Filling up the DagBag from /opt/airflow/dags/051_orquestacion.py
[2024-05-07T23:30:20.192+0000] {processor.py:840} INFO - DAG(s) '5.1_orquestacion' retrieved from /opt/airflow/dags/051_orquestacion.py
[2024-05-07T23:30:20.350+0000] {logging_mixin.py:188} INFO - [2024-05-07T23:30:20.348+0000] {dag.py:3096} INFO - Sync 1 DAGs
[2024-05-07T23:30:20.517+0000] {logging_mixin.py:188} INFO - [2024-05-07T23:30:20.515+0000] {dag.py:3954} INFO - Setting next_dagrun for 5.1_orquestacion to 2024-05-07 00:00:00+00:00, run_after=2024-05-08 00:00:00+00:00
[2024-05-07T23:30:20.640+0000] {processor.py:183} INFO - Processing /opt/airflow/dags/051_orquestacion.py took 0.650 seconds
[2024-05-07T23:30:51.457+0000] {processor.py:161} INFO - Started process (PID=3492) to work on /opt/airflow/dags/051_orquestacion.py
[2024-05-07T23:30:51.458+0000] {processor.py:830} INFO - Processing file /opt/airflow/dags/051_orquestacion.py for tasks to queue
[2024-05-07T23:30:51.459+0000] {logging_mixin.py:188} INFO - [2024-05-07T23:30:51.459+0000] {dagbag.py:545} INFO - Filling up the DagBag from /opt/airflow/dags/051_orquestacion.py
[2024-05-07T23:30:51.476+0000] {processor.py:840} INFO - DAG(s) '5.1_orquestacion' retrieved from /opt/airflow/dags/051_orquestacion.py
[2024-05-07T23:30:51.496+0000] {logging_mixin.py:188} INFO - [2024-05-07T23:30:51.496+0000] {dag.py:3096} INFO - Sync 1 DAGs
[2024-05-07T23:30:51.514+0000] {logging_mixin.py:188} INFO - [2024-05-07T23:30:51.513+0000] {dag.py:3954} INFO - Setting next_dagrun for 5.1_orquestacion to 2024-05-07 00:00:00+00:00, run_after=2024-05-08 00:00:00+00:00
[2024-05-07T23:30:51.556+0000] {processor.py:183} INFO - Processing /opt/airflow/dags/051_orquestacion.py took 0.104 seconds
[2024-05-07T23:31:22.497+0000] {processor.py:161} INFO - Started process (PID=3504) to work on /opt/airflow/dags/051_orquestacion.py
[2024-05-07T23:31:22.498+0000] {processor.py:830} INFO - Processing file /opt/airflow/dags/051_orquestacion.py for tasks to queue
[2024-05-07T23:31:22.499+0000] {logging_mixin.py:188} INFO - [2024-05-07T23:31:22.499+0000] {dagbag.py:545} INFO - Filling up the DagBag from /opt/airflow/dags/051_orquestacion.py
[2024-05-07T23:31:22.654+0000] {processor.py:840} INFO - DAG(s) '5.1_orquestacion' retrieved from /opt/airflow/dags/051_orquestacion.py
[2024-05-07T23:31:22.675+0000] {logging_mixin.py:188} INFO - [2024-05-07T23:31:22.675+0000] {dag.py:3096} INFO - Sync 1 DAGs
[2024-05-07T23:31:22.693+0000] {logging_mixin.py:188} INFO - [2024-05-07T23:31:22.693+0000] {dag.py:3954} INFO - Setting next_dagrun for 5.1_orquestacion to 2024-05-07 00:00:00+00:00, run_after=2024-05-08 00:00:00+00:00
[2024-05-07T23:31:22.730+0000] {processor.py:183} INFO - Processing /opt/airflow/dags/051_orquestacion.py took 0.256 seconds
[2024-05-07T23:31:53.238+0000] {processor.py:161} INFO - Started process (PID=3516) to work on /opt/airflow/dags/051_orquestacion.py
[2024-05-07T23:31:53.246+0000] {processor.py:830} INFO - Processing file /opt/airflow/dags/051_orquestacion.py for tasks to queue
[2024-05-07T23:31:53.252+0000] {logging_mixin.py:188} INFO - [2024-05-07T23:31:53.251+0000] {dagbag.py:545} INFO - Filling up the DagBag from /opt/airflow/dags/051_orquestacion.py
[2024-05-07T23:31:53.274+0000] {processor.py:840} INFO - DAG(s) '5.1_orquestacion' retrieved from /opt/airflow/dags/051_orquestacion.py
[2024-05-07T23:31:53.297+0000] {logging_mixin.py:188} INFO - [2024-05-07T23:31:53.297+0000] {dag.py:3096} INFO - Sync 1 DAGs
[2024-05-07T23:31:53.314+0000] {logging_mixin.py:188} INFO - [2024-05-07T23:31:53.314+0000] {dag.py:3954} INFO - Setting next_dagrun for 5.1_orquestacion to 2024-05-07 00:00:00+00:00, run_after=2024-05-08 00:00:00+00:00
[2024-05-07T23:31:53.343+0000] {processor.py:183} INFO - Processing /opt/airflow/dags/051_orquestacion.py took 0.117 seconds
[2024-05-07T23:32:23.473+0000] {processor.py:161} INFO - Started process (PID=3532) to work on /opt/airflow/dags/051_orquestacion.py
[2024-05-07T23:32:23.474+0000] {processor.py:830} INFO - Processing file /opt/airflow/dags/051_orquestacion.py for tasks to queue
[2024-05-07T23:32:23.475+0000] {logging_mixin.py:188} INFO - [2024-05-07T23:32:23.474+0000] {dagbag.py:545} INFO - Filling up the DagBag from /opt/airflow/dags/051_orquestacion.py
[2024-05-07T23:32:23.492+0000] {processor.py:840} INFO - DAG(s) '5.1_orquestacion' retrieved from /opt/airflow/dags/051_orquestacion.py
[2024-05-07T23:32:23.510+0000] {logging_mixin.py:188} INFO - [2024-05-07T23:32:23.510+0000] {dag.py:3096} INFO - Sync 1 DAGs
[2024-05-07T23:32:23.528+0000] {logging_mixin.py:188} INFO - [2024-05-07T23:32:23.528+0000] {dag.py:3954} INFO - Setting next_dagrun for 5.1_orquestacion to 2024-05-07 00:00:00+00:00, run_after=2024-05-08 00:00:00+00:00
[2024-05-07T23:32:23.585+0000] {processor.py:183} INFO - Processing /opt/airflow/dags/051_orquestacion.py took 0.117 seconds
[2024-05-07T23:32:54.466+0000] {processor.py:161} INFO - Started process (PID=3550) to work on /opt/airflow/dags/051_orquestacion.py
[2024-05-07T23:32:54.467+0000] {processor.py:830} INFO - Processing file /opt/airflow/dags/051_orquestacion.py for tasks to queue
[2024-05-07T23:32:54.468+0000] {logging_mixin.py:188} INFO - [2024-05-07T23:32:54.468+0000] {dagbag.py:545} INFO - Filling up the DagBag from /opt/airflow/dags/051_orquestacion.py
[2024-05-07T23:32:54.488+0000] {processor.py:840} INFO - DAG(s) '5.1_orquestacion' retrieved from /opt/airflow/dags/051_orquestacion.py
[2024-05-07T23:32:54.510+0000] {logging_mixin.py:188} INFO - [2024-05-07T23:32:54.510+0000] {dag.py:3096} INFO - Sync 1 DAGs
[2024-05-07T23:32:54.527+0000] {logging_mixin.py:188} INFO - [2024-05-07T23:32:54.527+0000] {dag.py:3954} INFO - Setting next_dagrun for 5.1_orquestacion to 2024-05-07 00:00:00+00:00, run_after=2024-05-08 00:00:00+00:00
[2024-05-07T23:32:54.561+0000] {processor.py:183} INFO - Processing /opt/airflow/dags/051_orquestacion.py took 0.101 seconds
[2024-05-07T23:33:25.273+0000] {processor.py:161} INFO - Started process (PID=3561) to work on /opt/airflow/dags/051_orquestacion.py
[2024-05-07T23:33:25.274+0000] {processor.py:830} INFO - Processing file /opt/airflow/dags/051_orquestacion.py for tasks to queue
[2024-05-07T23:33:25.275+0000] {logging_mixin.py:188} INFO - [2024-05-07T23:33:25.274+0000] {dagbag.py:545} INFO - Filling up the DagBag from /opt/airflow/dags/051_orquestacion.py
[2024-05-07T23:33:25.289+0000] {processor.py:840} INFO - DAG(s) '5.1_orquestacion' retrieved from /opt/airflow/dags/051_orquestacion.py
[2024-05-07T23:33:25.325+0000] {logging_mixin.py:188} INFO - [2024-05-07T23:33:25.325+0000] {dag.py:3096} INFO - Sync 1 DAGs
[2024-05-07T23:33:25.353+0000] {logging_mixin.py:188} INFO - [2024-05-07T23:33:25.353+0000] {dag.py:3954} INFO - Setting next_dagrun for 5.1_orquestacion to 2024-05-07 00:00:00+00:00, run_after=2024-05-08 00:00:00+00:00
[2024-05-07T23:33:25.377+0000] {processor.py:183} INFO - Processing /opt/airflow/dags/051_orquestacion.py took 0.109 seconds
[2024-05-07T23:33:55.949+0000] {processor.py:161} INFO - Started process (PID=3573) to work on /opt/airflow/dags/051_orquestacion.py
[2024-05-07T23:33:55.964+0000] {processor.py:830} INFO - Processing file /opt/airflow/dags/051_orquestacion.py for tasks to queue
[2024-05-07T23:33:55.974+0000] {logging_mixin.py:188} INFO - [2024-05-07T23:33:55.974+0000] {dagbag.py:545} INFO - Filling up the DagBag from /opt/airflow/dags/051_orquestacion.py
[2024-05-07T23:33:56.072+0000] {processor.py:840} INFO - DAG(s) '5.1_orquestacion' retrieved from /opt/airflow/dags/051_orquestacion.py
[2024-05-07T23:33:56.110+0000] {logging_mixin.py:188} INFO - [2024-05-07T23:33:56.110+0000] {dag.py:3096} INFO - Sync 1 DAGs
[2024-05-07T23:33:56.137+0000] {logging_mixin.py:188} INFO - [2024-05-07T23:33:56.137+0000] {dag.py:3954} INFO - Setting next_dagrun for 5.1_orquestacion to 2024-05-07 00:00:00+00:00, run_after=2024-05-08 00:00:00+00:00
[2024-05-07T23:33:56.167+0000] {processor.py:183} INFO - Processing /opt/airflow/dags/051_orquestacion.py took 0.223 seconds
[2024-05-07T23:34:26.414+0000] {processor.py:161} INFO - Started process (PID=3585) to work on /opt/airflow/dags/051_orquestacion.py
[2024-05-07T23:34:26.415+0000] {processor.py:830} INFO - Processing file /opt/airflow/dags/051_orquestacion.py for tasks to queue
[2024-05-07T23:34:26.416+0000] {logging_mixin.py:188} INFO - [2024-05-07T23:34:26.416+0000] {dagbag.py:545} INFO - Filling up the DagBag from /opt/airflow/dags/051_orquestacion.py
[2024-05-07T23:34:26.435+0000] {processor.py:840} INFO - DAG(s) '5.1_orquestacion' retrieved from /opt/airflow/dags/051_orquestacion.py
[2024-05-07T23:34:26.457+0000] {logging_mixin.py:188} INFO - [2024-05-07T23:34:26.456+0000] {dag.py:3096} INFO - Sync 1 DAGs
[2024-05-07T23:34:26.473+0000] {logging_mixin.py:188} INFO - [2024-05-07T23:34:26.473+0000] {dag.py:3954} INFO - Setting next_dagrun for 5.1_orquestacion to 2024-05-07 00:00:00+00:00, run_after=2024-05-08 00:00:00+00:00
[2024-05-07T23:34:26.544+0000] {processor.py:183} INFO - Processing /opt/airflow/dags/051_orquestacion.py took 0.135 seconds
[2024-05-07T23:34:56.823+0000] {processor.py:161} INFO - Started process (PID=3597) to work on /opt/airflow/dags/051_orquestacion.py
[2024-05-07T23:34:56.825+0000] {processor.py:830} INFO - Processing file /opt/airflow/dags/051_orquestacion.py for tasks to queue
[2024-05-07T23:34:56.827+0000] {logging_mixin.py:188} INFO - [2024-05-07T23:34:56.826+0000] {dagbag.py:545} INFO - Filling up the DagBag from /opt/airflow/dags/051_orquestacion.py
[2024-05-07T23:34:56.860+0000] {processor.py:840} INFO - DAG(s) '5.1_orquestacion' retrieved from /opt/airflow/dags/051_orquestacion.py
[2024-05-07T23:34:56.913+0000] {logging_mixin.py:188} INFO - [2024-05-07T23:34:56.913+0000] {dag.py:3096} INFO - Sync 1 DAGs
[2024-05-07T23:34:56.942+0000] {logging_mixin.py:188} INFO - [2024-05-07T23:34:56.941+0000] {dag.py:3954} INFO - Setting next_dagrun for 5.1_orquestacion to 2024-05-07 00:00:00+00:00, run_after=2024-05-08 00:00:00+00:00
[2024-05-07T23:34:56.963+0000] {processor.py:183} INFO - Processing /opt/airflow/dags/051_orquestacion.py took 0.151 seconds
[2024-05-07T23:35:27.878+0000] {processor.py:161} INFO - Started process (PID=3609) to work on /opt/airflow/dags/051_orquestacion.py
[2024-05-07T23:35:27.879+0000] {processor.py:830} INFO - Processing file /opt/airflow/dags/051_orquestacion.py for tasks to queue
[2024-05-07T23:35:27.881+0000] {logging_mixin.py:188} INFO - [2024-05-07T23:35:27.880+0000] {dagbag.py:545} INFO - Filling up the DagBag from /opt/airflow/dags/051_orquestacion.py
[2024-05-07T23:35:27.901+0000] {processor.py:840} INFO - DAG(s) '5.1_orquestacion' retrieved from /opt/airflow/dags/051_orquestacion.py
[2024-05-07T23:35:27.940+0000] {logging_mixin.py:188} INFO - [2024-05-07T23:35:27.940+0000] {dag.py:3096} INFO - Sync 1 DAGs
[2024-05-07T23:35:27.958+0000] {logging_mixin.py:188} INFO - [2024-05-07T23:35:27.958+0000] {dag.py:3954} INFO - Setting next_dagrun for 5.1_orquestacion to 2024-05-07 00:00:00+00:00, run_after=2024-05-08 00:00:00+00:00
[2024-05-07T23:35:27.992+0000] {processor.py:183} INFO - Processing /opt/airflow/dags/051_orquestacion.py took 0.133 seconds
[2024-05-07T23:35:58.485+0000] {processor.py:161} INFO - Started process (PID=3621) to work on /opt/airflow/dags/051_orquestacion.py
[2024-05-07T23:35:58.487+0000] {processor.py:830} INFO - Processing file /opt/airflow/dags/051_orquestacion.py for tasks to queue
[2024-05-07T23:35:58.487+0000] {logging_mixin.py:188} INFO - [2024-05-07T23:35:58.487+0000] {dagbag.py:545} INFO - Filling up the DagBag from /opt/airflow/dags/051_orquestacion.py
[2024-05-07T23:35:58.548+0000] {processor.py:840} INFO - DAG(s) '5.1_orquestacion' retrieved from /opt/airflow/dags/051_orquestacion.py
[2024-05-07T23:35:58.655+0000] {logging_mixin.py:188} INFO - [2024-05-07T23:35:58.655+0000] {dag.py:3096} INFO - Sync 1 DAGs
[2024-05-07T23:35:58.671+0000] {logging_mixin.py:188} INFO - [2024-05-07T23:35:58.670+0000] {dag.py:3954} INFO - Setting next_dagrun for 5.1_orquestacion to None, run_after=None
[2024-05-07T23:35:58.706+0000] {processor.py:183} INFO - Processing /opt/airflow/dags/051_orquestacion.py took 0.225 seconds
[2024-05-07T23:36:01.075+0000] {processor.py:161} INFO - Started process (PID=3622) to work on /opt/airflow/dags/051_orquestacion.py
[2024-05-07T23:36:01.078+0000] {processor.py:830} INFO - Processing file /opt/airflow/dags/051_orquestacion.py for tasks to queue
[2024-05-07T23:36:01.079+0000] {logging_mixin.py:188} INFO - [2024-05-07T23:36:01.079+0000] {dagbag.py:545} INFO - Filling up the DagBag from /opt/airflow/dags/051_orquestacion.py
[2024-05-07T23:36:01.116+0000] {processor.py:840} INFO - DAG(s) '5.1_orquestacion' retrieved from /opt/airflow/dags/051_orquestacion.py
[2024-05-07T23:36:01.132+0000] {logging_mixin.py:188} INFO - [2024-05-07T23:36:01.132+0000] {dag.py:3096} INFO - Sync 1 DAGs
[2024-05-07T23:36:01.169+0000] {logging_mixin.py:188} INFO - [2024-05-07T23:36:01.169+0000] {dag.py:3954} INFO - Setting next_dagrun for 5.1_orquestacion to None, run_after=None
[2024-05-07T23:36:01.201+0000] {processor.py:183} INFO - Processing /opt/airflow/dags/051_orquestacion.py took 0.167 seconds
[2024-05-07T23:36:31.873+0000] {processor.py:161} INFO - Started process (PID=3634) to work on /opt/airflow/dags/051_orquestacion.py
[2024-05-07T23:36:31.874+0000] {processor.py:830} INFO - Processing file /opt/airflow/dags/051_orquestacion.py for tasks to queue
[2024-05-07T23:36:31.875+0000] {logging_mixin.py:188} INFO - [2024-05-07T23:36:31.875+0000] {dagbag.py:545} INFO - Filling up the DagBag from /opt/airflow/dags/051_orquestacion.py
[2024-05-07T23:36:31.922+0000] {processor.py:840} INFO - DAG(s) '5.1_orquestacion' retrieved from /opt/airflow/dags/051_orquestacion.py
[2024-05-07T23:36:31.992+0000] {logging_mixin.py:188} INFO - [2024-05-07T23:36:31.990+0000] {dag.py:3096} INFO - Sync 1 DAGs
[2024-05-07T23:36:32.055+0000] {logging_mixin.py:188} INFO - [2024-05-07T23:36:32.055+0000] {dag.py:3954} INFO - Setting next_dagrun for 5.1_orquestacion to None, run_after=None
[2024-05-07T23:36:32.111+0000] {processor.py:183} INFO - Processing /opt/airflow/dags/051_orquestacion.py took 0.242 seconds
[2024-05-07T23:37:02.520+0000] {processor.py:161} INFO - Started process (PID=3646) to work on /opt/airflow/dags/051_orquestacion.py
[2024-05-07T23:37:02.521+0000] {processor.py:830} INFO - Processing file /opt/airflow/dags/051_orquestacion.py for tasks to queue
[2024-05-07T23:37:02.522+0000] {logging_mixin.py:188} INFO - [2024-05-07T23:37:02.522+0000] {dagbag.py:545} INFO - Filling up the DagBag from /opt/airflow/dags/051_orquestacion.py
[2024-05-07T23:37:02.543+0000] {processor.py:840} INFO - DAG(s) '5.1_orquestacion' retrieved from /opt/airflow/dags/051_orquestacion.py
[2024-05-07T23:37:02.564+0000] {logging_mixin.py:188} INFO - [2024-05-07T23:37:02.563+0000] {dag.py:3096} INFO - Sync 1 DAGs
[2024-05-07T23:37:02.580+0000] {logging_mixin.py:188} INFO - [2024-05-07T23:37:02.580+0000] {dag.py:3954} INFO - Setting next_dagrun for 5.1_orquestacion to None, run_after=None
[2024-05-07T23:37:02.594+0000] {processor.py:183} INFO - Processing /opt/airflow/dags/051_orquestacion.py took 0.079 seconds
[2024-05-07T23:37:33.026+0000] {processor.py:161} INFO - Started process (PID=3658) to work on /opt/airflow/dags/051_orquestacion.py
[2024-05-07T23:37:33.027+0000] {processor.py:830} INFO - Processing file /opt/airflow/dags/051_orquestacion.py for tasks to queue
[2024-05-07T23:37:33.028+0000] {logging_mixin.py:188} INFO - [2024-05-07T23:37:33.028+0000] {dagbag.py:545} INFO - Filling up the DagBag from /opt/airflow/dags/051_orquestacion.py
[2024-05-07T23:37:33.084+0000] {processor.py:840} INFO - DAG(s) '5.1_orquestacion' retrieved from /opt/airflow/dags/051_orquestacion.py
[2024-05-07T23:37:33.125+0000] {logging_mixin.py:188} INFO - [2024-05-07T23:37:33.125+0000] {dag.py:3096} INFO - Sync 1 DAGs
[2024-05-07T23:37:33.146+0000] {logging_mixin.py:188} INFO - [2024-05-07T23:37:33.145+0000] {dag.py:3954} INFO - Setting next_dagrun for 5.1_orquestacion to None, run_after=None
[2024-05-07T23:37:33.162+0000] {processor.py:183} INFO - Processing /opt/airflow/dags/051_orquestacion.py took 0.141 seconds
[2024-05-07T23:37:38.224+0000] {processor.py:161} INFO - Started process (PID=3659) to work on /opt/airflow/dags/051_orquestacion.py
[2024-05-07T23:37:38.226+0000] {processor.py:830} INFO - Processing file /opt/airflow/dags/051_orquestacion.py for tasks to queue
[2024-05-07T23:37:38.227+0000] {logging_mixin.py:188} INFO - [2024-05-07T23:37:38.227+0000] {dagbag.py:545} INFO - Filling up the DagBag from /opt/airflow/dags/051_orquestacion.py
[2024-05-07T23:37:38.255+0000] {processor.py:840} INFO - DAG(s) '5.1_orquestacion' retrieved from /opt/airflow/dags/051_orquestacion.py
[2024-05-07T23:37:38.280+0000] {logging_mixin.py:188} INFO - [2024-05-07T23:37:38.280+0000] {dag.py:3096} INFO - Sync 1 DAGs
[2024-05-07T23:37:38.303+0000] {logging_mixin.py:188} INFO - [2024-05-07T23:37:38.303+0000] {dag.py:3954} INFO - Setting next_dagrun for 5.1_orquestacion to None, run_after=None
[2024-05-07T23:37:38.374+0000] {processor.py:183} INFO - Processing /opt/airflow/dags/051_orquestacion.py took 0.156 seconds
[2024-05-07T23:38:08.741+0000] {processor.py:161} INFO - Started process (PID=3671) to work on /opt/airflow/dags/051_orquestacion.py
[2024-05-07T23:38:08.742+0000] {processor.py:830} INFO - Processing file /opt/airflow/dags/051_orquestacion.py for tasks to queue
[2024-05-07T23:38:08.743+0000] {logging_mixin.py:188} INFO - [2024-05-07T23:38:08.743+0000] {dagbag.py:545} INFO - Filling up the DagBag from /opt/airflow/dags/051_orquestacion.py
[2024-05-07T23:38:08.783+0000] {processor.py:840} INFO - DAG(s) '5.1_orquestacion' retrieved from /opt/airflow/dags/051_orquestacion.py
[2024-05-07T23:38:08.803+0000] {logging_mixin.py:188} INFO - [2024-05-07T23:38:08.803+0000] {dag.py:3096} INFO - Sync 1 DAGs
[2024-05-07T23:38:08.842+0000] {logging_mixin.py:188} INFO - [2024-05-07T23:38:08.841+0000] {dag.py:3954} INFO - Setting next_dagrun for 5.1_orquestacion to None, run_after=None
[2024-05-07T23:38:08.981+0000] {processor.py:183} INFO - Processing /opt/airflow/dags/051_orquestacion.py took 0.244 seconds
[2024-05-07T23:38:22.280+0000] {processor.py:161} INFO - Started process (PID=3672) to work on /opt/airflow/dags/051_orquestacion.py
[2024-05-07T23:38:22.281+0000] {processor.py:830} INFO - Processing file /opt/airflow/dags/051_orquestacion.py for tasks to queue
[2024-05-07T23:38:22.282+0000] {logging_mixin.py:188} INFO - [2024-05-07T23:38:22.282+0000] {dagbag.py:545} INFO - Filling up the DagBag from /opt/airflow/dags/051_orquestacion.py
[2024-05-07T23:38:22.317+0000] {processor.py:840} INFO - DAG(s) '5.1_orquestacion' retrieved from /opt/airflow/dags/051_orquestacion.py
[2024-05-07T23:38:22.437+0000] {logging_mixin.py:188} INFO - [2024-05-07T23:38:22.436+0000] {dag.py:3096} INFO - Sync 1 DAGs
[2024-05-07T23:38:22.458+0000] {logging_mixin.py:188} INFO - [2024-05-07T23:38:22.458+0000] {dag.py:3954} INFO - Setting next_dagrun for 5.1_orquestacion to None, run_after=None
[2024-05-07T23:38:22.539+0000] {processor.py:183} INFO - Processing /opt/airflow/dags/051_orquestacion.py took 0.265 seconds
[2024-05-07T23:38:53.291+0000] {processor.py:161} INFO - Started process (PID=3684) to work on /opt/airflow/dags/051_orquestacion.py
[2024-05-07T23:38:53.292+0000] {processor.py:830} INFO - Processing file /opt/airflow/dags/051_orquestacion.py for tasks to queue
[2024-05-07T23:38:53.293+0000] {logging_mixin.py:188} INFO - [2024-05-07T23:38:53.293+0000] {dagbag.py:545} INFO - Filling up the DagBag from /opt/airflow/dags/051_orquestacion.py
[2024-05-07T23:38:53.318+0000] {processor.py:840} INFO - DAG(s) '5.1_orquestacion' retrieved from /opt/airflow/dags/051_orquestacion.py
[2024-05-07T23:38:53.351+0000] {logging_mixin.py:188} INFO - [2024-05-07T23:38:53.351+0000] {dag.py:3096} INFO - Sync 1 DAGs
[2024-05-07T23:38:53.381+0000] {logging_mixin.py:188} INFO - [2024-05-07T23:38:53.381+0000] {dag.py:3954} INFO - Setting next_dagrun for 5.1_orquestacion to None, run_after=None
[2024-05-07T23:38:53.421+0000] {processor.py:183} INFO - Processing /opt/airflow/dags/051_orquestacion.py took 0.139 seconds
[2024-05-07T23:38:57.435+0000] {processor.py:161} INFO - Started process (PID=3691) to work on /opt/airflow/dags/051_orquestacion.py
[2024-05-07T23:38:57.436+0000] {processor.py:830} INFO - Processing file /opt/airflow/dags/051_orquestacion.py for tasks to queue
[2024-05-07T23:38:57.437+0000] {logging_mixin.py:188} INFO - [2024-05-07T23:38:57.437+0000] {dagbag.py:545} INFO - Filling up the DagBag from /opt/airflow/dags/051_orquestacion.py
[2024-05-07T23:38:57.584+0000] {processor.py:840} INFO - DAG(s) '5.1_orquestacion' retrieved from /opt/airflow/dags/051_orquestacion.py
[2024-05-07T23:38:57.606+0000] {logging_mixin.py:188} INFO - [2024-05-07T23:38:57.605+0000] {dag.py:3096} INFO - Sync 1 DAGs
[2024-05-07T23:38:57.718+0000] {logging_mixin.py:188} INFO - [2024-05-07T23:38:57.718+0000] {dag.py:3954} INFO - Setting next_dagrun for 5.1_orquestacion to None, run_after=None
[2024-05-07T23:38:57.741+0000] {processor.py:183} INFO - Processing /opt/airflow/dags/051_orquestacion.py took 0.311 seconds
[2024-05-07T23:38:59.817+0000] {processor.py:161} INFO - Started process (PID=3692) to work on /opt/airflow/dags/051_orquestacion.py
[2024-05-07T23:38:59.818+0000] {processor.py:830} INFO - Processing file /opt/airflow/dags/051_orquestacion.py for tasks to queue
[2024-05-07T23:38:59.819+0000] {logging_mixin.py:188} INFO - [2024-05-07T23:38:59.819+0000] {dagbag.py:545} INFO - Filling up the DagBag from /opt/airflow/dags/051_orquestacion.py
[2024-05-07T23:38:59.956+0000] {processor.py:840} INFO - DAG(s) '5.1_orquestacion' retrieved from /opt/airflow/dags/051_orquestacion.py
[2024-05-07T23:38:59.976+0000] {logging_mixin.py:188} INFO - [2024-05-07T23:38:59.976+0000] {dag.py:3096} INFO - Sync 1 DAGs
[2024-05-07T23:38:59.995+0000] {logging_mixin.py:188} INFO - [2024-05-07T23:38:59.995+0000] {dag.py:3954} INFO - Setting next_dagrun for 5.1_orquestacion to None, run_after=None
[2024-05-07T23:39:00.101+0000] {processor.py:183} INFO - Processing /opt/airflow/dags/051_orquestacion.py took 0.288 seconds
[2024-05-07T23:39:30.473+0000] {processor.py:161} INFO - Started process (PID=3704) to work on /opt/airflow/dags/051_orquestacion.py
[2024-05-07T23:39:30.479+0000] {processor.py:830} INFO - Processing file /opt/airflow/dags/051_orquestacion.py for tasks to queue
[2024-05-07T23:39:30.481+0000] {logging_mixin.py:188} INFO - [2024-05-07T23:39:30.480+0000] {dagbag.py:545} INFO - Filling up the DagBag from /opt/airflow/dags/051_orquestacion.py
[2024-05-07T23:39:30.614+0000] {processor.py:840} INFO - DAG(s) '5.1_orquestacion' retrieved from /opt/airflow/dags/051_orquestacion.py
[2024-05-07T23:39:30.735+0000] {logging_mixin.py:188} INFO - [2024-05-07T23:39:30.735+0000] {dag.py:3096} INFO - Sync 1 DAGs
[2024-05-07T23:39:30.764+0000] {logging_mixin.py:188} INFO - [2024-05-07T23:39:30.764+0000] {dag.py:3954} INFO - Setting next_dagrun for 5.1_orquestacion to None, run_after=None
[2024-05-07T23:39:30.786+0000] {processor.py:183} INFO - Processing /opt/airflow/dags/051_orquestacion.py took 0.349 seconds
[2024-05-07T23:40:01.235+0000] {processor.py:161} INFO - Started process (PID=3716) to work on /opt/airflow/dags/051_orquestacion.py
[2024-05-07T23:40:01.236+0000] {processor.py:830} INFO - Processing file /opt/airflow/dags/051_orquestacion.py for tasks to queue
[2024-05-07T23:40:01.237+0000] {logging_mixin.py:188} INFO - [2024-05-07T23:40:01.237+0000] {dagbag.py:545} INFO - Filling up the DagBag from /opt/airflow/dags/051_orquestacion.py
[2024-05-07T23:40:01.284+0000] {processor.py:840} INFO - DAG(s) '5.1_orquestacion' retrieved from /opt/airflow/dags/051_orquestacion.py
[2024-05-07T23:40:01.342+0000] {logging_mixin.py:188} INFO - [2024-05-07T23:40:01.342+0000] {dag.py:3096} INFO - Sync 1 DAGs
[2024-05-07T23:40:01.372+0000] {logging_mixin.py:188} INFO - [2024-05-07T23:40:01.371+0000] {dag.py:3954} INFO - Setting next_dagrun for 5.1_orquestacion to None, run_after=None
[2024-05-07T23:40:01.412+0000] {processor.py:183} INFO - Processing /opt/airflow/dags/051_orquestacion.py took 0.200 seconds
[2024-05-07T23:40:23.892+0000] {processor.py:161} INFO - Started process (PID=3722) to work on /opt/airflow/dags/051_orquestacion.py
[2024-05-07T23:40:23.896+0000] {processor.py:830} INFO - Processing file /opt/airflow/dags/051_orquestacion.py for tasks to queue
[2024-05-07T23:40:23.905+0000] {logging_mixin.py:188} INFO - [2024-05-07T23:40:23.902+0000] {dagbag.py:545} INFO - Filling up the DagBag from /opt/airflow/dags/051_orquestacion.py
[2024-05-07T23:40:24.164+0000] {processor.py:840} INFO - DAG(s) '5.1_orquestacion' retrieved from /opt/airflow/dags/051_orquestacion.py
[2024-05-07T23:40:24.363+0000] {logging_mixin.py:188} INFO - [2024-05-07T23:40:24.363+0000] {dag.py:3096} INFO - Sync 1 DAGs
[2024-05-07T23:40:24.378+0000] {logging_mixin.py:188} INFO - [2024-05-07T23:40:24.378+0000] {dag.py:3118} INFO - Creating ORM DAG for 5.1_orquestacion
[2024-05-07T23:40:24.392+0000] {logging_mixin.py:188} INFO - [2024-05-07T23:40:24.392+0000] {dag.py:3954} INFO - Setting next_dagrun for 5.1_orquestacion to 2024-03-01 00:00:00+00:00, run_after=2024-03-02 00:00:00+00:00
[2024-05-07T23:40:24.415+0000] {processor.py:183} INFO - Processing /opt/airflow/dags/051_orquestacion.py took 0.546 seconds
[2024-05-07T23:40:54.970+0000] {processor.py:161} INFO - Started process (PID=3752) to work on /opt/airflow/dags/051_orquestacion.py
[2024-05-07T23:40:54.971+0000] {processor.py:830} INFO - Processing file /opt/airflow/dags/051_orquestacion.py for tasks to queue
[2024-05-07T23:40:54.972+0000] {logging_mixin.py:188} INFO - [2024-05-07T23:40:54.972+0000] {dagbag.py:545} INFO - Filling up the DagBag from /opt/airflow/dags/051_orquestacion.py
[2024-05-07T23:40:54.991+0000] {processor.py:840} INFO - DAG(s) '5.1_orquestacion' retrieved from /opt/airflow/dags/051_orquestacion.py
[2024-05-07T23:40:55.013+0000] {logging_mixin.py:188} INFO - [2024-05-07T23:40:55.013+0000] {dag.py:3096} INFO - Sync 1 DAGs
[2024-05-07T23:40:55.030+0000] {logging_mixin.py:188} INFO - [2024-05-07T23:40:55.030+0000] {dag.py:3954} INFO - Setting next_dagrun for 5.1_orquestacion to 2024-03-16 00:00:00+00:00, run_after=2024-03-17 00:00:00+00:00
[2024-05-07T23:40:55.054+0000] {processor.py:183} INFO - Processing /opt/airflow/dags/051_orquestacion.py took 0.089 seconds
[2024-05-07T23:41:25.928+0000] {processor.py:161} INFO - Started process (PID=3818) to work on /opt/airflow/dags/051_orquestacion.py
[2024-05-07T23:41:25.930+0000] {processor.py:830} INFO - Processing file /opt/airflow/dags/051_orquestacion.py for tasks to queue
[2024-05-07T23:41:25.931+0000] {logging_mixin.py:188} INFO - [2024-05-07T23:41:25.931+0000] {dagbag.py:545} INFO - Filling up the DagBag from /opt/airflow/dags/051_orquestacion.py
[2024-05-07T23:41:25.955+0000] {processor.py:840} INFO - DAG(s) '5.1_orquestacion' retrieved from /opt/airflow/dags/051_orquestacion.py
[2024-05-07T23:41:25.981+0000] {logging_mixin.py:188} INFO - [2024-05-07T23:41:25.981+0000] {dag.py:3096} INFO - Sync 1 DAGs
[2024-05-07T23:41:26.061+0000] {logging_mixin.py:188} INFO - [2024-05-07T23:41:26.061+0000] {dag.py:3954} INFO - Setting next_dagrun for 5.1_orquestacion to 2024-03-18 00:00:00+00:00, run_after=2024-03-19 00:00:00+00:00
[2024-05-07T23:41:26.083+0000] {processor.py:183} INFO - Processing /opt/airflow/dags/051_orquestacion.py took 0.161 seconds
[2024-05-07T23:41:56.297+0000] {processor.py:161} INFO - Started process (PID=3876) to work on /opt/airflow/dags/051_orquestacion.py
[2024-05-07T23:41:56.298+0000] {processor.py:830} INFO - Processing file /opt/airflow/dags/051_orquestacion.py for tasks to queue
[2024-05-07T23:41:56.298+0000] {logging_mixin.py:188} INFO - [2024-05-07T23:41:56.298+0000] {dagbag.py:545} INFO - Filling up the DagBag from /opt/airflow/dags/051_orquestacion.py
[2024-05-07T23:41:56.357+0000] {processor.py:840} INFO - DAG(s) '5.1_orquestacion' retrieved from /opt/airflow/dags/051_orquestacion.py
[2024-05-07T23:41:56.388+0000] {logging_mixin.py:188} INFO - [2024-05-07T23:41:56.388+0000] {dag.py:3096} INFO - Sync 1 DAGs
[2024-05-07T23:41:56.406+0000] {logging_mixin.py:188} INFO - [2024-05-07T23:41:56.405+0000] {dag.py:3954} INFO - Setting next_dagrun for 5.1_orquestacion to 2024-03-22 00:00:00+00:00, run_after=2024-03-23 00:00:00+00:00
[2024-05-07T23:41:56.437+0000] {processor.py:183} INFO - Processing /opt/airflow/dags/051_orquestacion.py took 0.145 seconds
[2024-05-07T23:42:26.792+0000] {processor.py:161} INFO - Started process (PID=3936) to work on /opt/airflow/dags/051_orquestacion.py
[2024-05-07T23:42:26.797+0000] {processor.py:830} INFO - Processing file /opt/airflow/dags/051_orquestacion.py for tasks to queue
[2024-05-07T23:42:26.807+0000] {logging_mixin.py:188} INFO - [2024-05-07T23:42:26.804+0000] {dagbag.py:545} INFO - Filling up the DagBag from /opt/airflow/dags/051_orquestacion.py
[2024-05-07T23:42:26.985+0000] {processor.py:840} INFO - DAG(s) '5.1_orquestacion' retrieved from /opt/airflow/dags/051_orquestacion.py
[2024-05-07T23:42:27.199+0000] {logging_mixin.py:188} INFO - [2024-05-07T23:42:27.196+0000] {dag.py:3096} INFO - Sync 1 DAGs
[2024-05-07T23:42:27.303+0000] {logging_mixin.py:188} INFO - [2024-05-07T23:42:27.303+0000] {dag.py:3954} INFO - Setting next_dagrun for 5.1_orquestacion to 2024-03-31 00:00:00+00:00, run_after=2024-04-01 00:00:00+00:00
[2024-05-07T23:42:27.328+0000] {processor.py:183} INFO - Processing /opt/airflow/dags/051_orquestacion.py took 0.556 seconds
[2024-05-07T23:42:57.625+0000] {processor.py:161} INFO - Started process (PID=3981) to work on /opt/airflow/dags/051_orquestacion.py
[2024-05-07T23:42:57.629+0000] {processor.py:830} INFO - Processing file /opt/airflow/dags/051_orquestacion.py for tasks to queue
[2024-05-07T23:42:57.636+0000] {logging_mixin.py:188} INFO - [2024-05-07T23:42:57.634+0000] {dagbag.py:545} INFO - Filling up the DagBag from /opt/airflow/dags/051_orquestacion.py
[2024-05-07T23:42:57.667+0000] {processor.py:840} INFO - DAG(s) '5.1_orquestacion' retrieved from /opt/airflow/dags/051_orquestacion.py
[2024-05-07T23:42:57.687+0000] {logging_mixin.py:188} INFO - [2024-05-07T23:42:57.687+0000] {dag.py:3096} INFO - Sync 1 DAGs
[2024-05-07T23:42:57.712+0000] {logging_mixin.py:188} INFO - [2024-05-07T23:42:57.712+0000] {dag.py:3954} INFO - Setting next_dagrun for 5.1_orquestacion to None, run_after=None
[2024-05-07T23:42:57.749+0000] {processor.py:183} INFO - Processing /opt/airflow/dags/051_orquestacion.py took 0.146 seconds
[2024-05-07T23:43:28.475+0000] {processor.py:161} INFO - Started process (PID=3993) to work on /opt/airflow/dags/051_orquestacion.py
[2024-05-07T23:43:28.477+0000] {processor.py:830} INFO - Processing file /opt/airflow/dags/051_orquestacion.py for tasks to queue
[2024-05-07T23:43:28.482+0000] {logging_mixin.py:188} INFO - [2024-05-07T23:43:28.482+0000] {dagbag.py:545} INFO - Filling up the DagBag from /opt/airflow/dags/051_orquestacion.py
[2024-05-07T23:43:28.500+0000] {processor.py:840} INFO - DAG(s) '5.1_orquestacion' retrieved from /opt/airflow/dags/051_orquestacion.py
[2024-05-07T23:43:28.517+0000] {logging_mixin.py:188} INFO - [2024-05-07T23:43:28.517+0000] {dag.py:3096} INFO - Sync 1 DAGs
[2024-05-07T23:43:28.532+0000] {logging_mixin.py:188} INFO - [2024-05-07T23:43:28.532+0000] {dag.py:3954} INFO - Setting next_dagrun for 5.1_orquestacion to None, run_after=None
[2024-05-07T23:43:28.576+0000] {processor.py:183} INFO - Processing /opt/airflow/dags/051_orquestacion.py took 0.104 seconds
[2024-05-07T23:43:50.090+0000] {processor.py:161} INFO - Started process (PID=3999) to work on /opt/airflow/dags/051_orquestacion.py
[2024-05-07T23:43:50.097+0000] {processor.py:830} INFO - Processing file /opt/airflow/dags/051_orquestacion.py for tasks to queue
[2024-05-07T23:43:50.106+0000] {logging_mixin.py:188} INFO - [2024-05-07T23:43:50.103+0000] {dagbag.py:545} INFO - Filling up the DagBag from /opt/airflow/dags/051_orquestacion.py
[2024-05-07T23:43:50.169+0000] {processor.py:840} INFO - DAG(s) '5.1_orquestacion' retrieved from /opt/airflow/dags/051_orquestacion.py
[2024-05-07T23:43:50.240+0000] {logging_mixin.py:188} INFO - [2024-05-07T23:43:50.237+0000] {dag.py:3096} INFO - Sync 1 DAGs
[2024-05-07T23:43:50.297+0000] {logging_mixin.py:188} INFO - [2024-05-07T23:43:50.297+0000] {dag.py:3954} INFO - Setting next_dagrun for 5.1_orquestacion to None, run_after=None
[2024-05-07T23:43:50.349+0000] {processor.py:183} INFO - Processing /opt/airflow/dags/051_orquestacion.py took 0.266 seconds
[2024-05-07T23:44:20.737+0000] {processor.py:161} INFO - Started process (PID=4011) to work on /opt/airflow/dags/051_orquestacion.py
[2024-05-07T23:44:20.748+0000] {processor.py:830} INFO - Processing file /opt/airflow/dags/051_orquestacion.py for tasks to queue
[2024-05-07T23:44:20.752+0000] {logging_mixin.py:188} INFO - [2024-05-07T23:44:20.752+0000] {dagbag.py:545} INFO - Filling up the DagBag from /opt/airflow/dags/051_orquestacion.py
[2024-05-07T23:44:21.021+0000] {processor.py:840} INFO - DAG(s) '5.1_orquestacion' retrieved from /opt/airflow/dags/051_orquestacion.py
[2024-05-07T23:44:21.068+0000] {logging_mixin.py:188} INFO - [2024-05-07T23:44:21.067+0000] {dag.py:3096} INFO - Sync 1 DAGs
[2024-05-07T23:44:21.098+0000] {logging_mixin.py:188} INFO - [2024-05-07T23:44:21.098+0000] {dag.py:3954} INFO - Setting next_dagrun for 5.1_orquestacion to None, run_after=None
[2024-05-07T23:44:21.128+0000] {processor.py:183} INFO - Processing /opt/airflow/dags/051_orquestacion.py took 0.450 seconds
[2024-05-07T23:44:25.527+0000] {processor.py:161} INFO - Started process (PID=4012) to work on /opt/airflow/dags/051_orquestacion.py
[2024-05-07T23:44:25.529+0000] {processor.py:830} INFO - Processing file /opt/airflow/dags/051_orquestacion.py for tasks to queue
[2024-05-07T23:44:25.530+0000] {logging_mixin.py:188} INFO - [2024-05-07T23:44:25.529+0000] {dagbag.py:545} INFO - Filling up the DagBag from /opt/airflow/dags/051_orquestacion.py
[2024-05-07T23:44:25.566+0000] {processor.py:840} INFO - DAG(s) '5.1_orquestacion' retrieved from /opt/airflow/dags/051_orquestacion.py
[2024-05-07T23:44:25.731+0000] {logging_mixin.py:188} INFO - [2024-05-07T23:44:25.731+0000] {dag.py:3096} INFO - Sync 1 DAGs
[2024-05-07T23:44:25.753+0000] {logging_mixin.py:188} INFO - [2024-05-07T23:44:25.752+0000] {dag.py:3954} INFO - Setting next_dagrun for 5.1_orquestacion to None, run_after=None
[2024-05-07T23:44:25.794+0000] {processor.py:183} INFO - Processing /opt/airflow/dags/051_orquestacion.py took 0.290 seconds
[2024-05-07T23:44:28.815+0000] {processor.py:161} INFO - Started process (PID=4019) to work on /opt/airflow/dags/051_orquestacion.py
[2024-05-07T23:44:28.816+0000] {processor.py:830} INFO - Processing file /opt/airflow/dags/051_orquestacion.py for tasks to queue
[2024-05-07T23:44:28.817+0000] {logging_mixin.py:188} INFO - [2024-05-07T23:44:28.817+0000] {dagbag.py:545} INFO - Filling up the DagBag from /opt/airflow/dags/051_orquestacion.py
[2024-05-07T23:44:28.867+0000] {processor.py:840} INFO - DAG(s) '5.1_orquestacion' retrieved from /opt/airflow/dags/051_orquestacion.py
[2024-05-07T23:44:28.876+0000] {logging_mixin.py:188} INFO - [2024-05-07T23:44:28.876+0000] {dag.py:3096} INFO - Sync 1 DAGs
[2024-05-07T23:44:28.894+0000] {logging_mixin.py:188} INFO - [2024-05-07T23:44:28.893+0000] {dag.py:3954} INFO - Setting next_dagrun for 5.1_orquestacion to None, run_after=None
[2024-05-07T23:44:28.931+0000] {processor.py:183} INFO - Processing /opt/airflow/dags/051_orquestacion.py took 0.120 seconds
[2024-05-07T23:44:52.258+0000] {processor.py:161} INFO - Started process (PID=4025) to work on /opt/airflow/dags/051_orquestacion.py
[2024-05-07T23:44:52.259+0000] {processor.py:830} INFO - Processing file /opt/airflow/dags/051_orquestacion.py for tasks to queue
[2024-05-07T23:44:52.261+0000] {logging_mixin.py:188} INFO - [2024-05-07T23:44:52.260+0000] {dagbag.py:545} INFO - Filling up the DagBag from /opt/airflow/dags/051_orquestacion.py
[2024-05-07T23:44:52.307+0000] {processor.py:840} INFO - DAG(s) '5.1_orquestacion' retrieved from /opt/airflow/dags/051_orquestacion.py
[2024-05-07T23:44:52.406+0000] {logging_mixin.py:188} INFO - [2024-05-07T23:44:52.405+0000] {dag.py:3096} INFO - Sync 1 DAGs
[2024-05-07T23:44:52.416+0000] {logging_mixin.py:188} INFO - [2024-05-07T23:44:52.416+0000] {dag.py:3118} INFO - Creating ORM DAG for 5.1_orquestacion
[2024-05-07T23:44:52.430+0000] {logging_mixin.py:188} INFO - [2024-05-07T23:44:52.430+0000] {dag.py:3954} INFO - Setting next_dagrun for 5.1_orquestacion to 2024-03-01 00:00:00+00:00, run_after=2024-03-02 00:00:00+00:00
[2024-05-07T23:44:52.463+0000] {processor.py:183} INFO - Processing /opt/airflow/dags/051_orquestacion.py took 0.229 seconds
[2024-05-07T23:45:22.764+0000] {processor.py:161} INFO - Started process (PID=4041) to work on /opt/airflow/dags/051_orquestacion.py
[2024-05-07T23:45:22.766+0000] {processor.py:830} INFO - Processing file /opt/airflow/dags/051_orquestacion.py for tasks to queue
[2024-05-07T23:45:22.768+0000] {logging_mixin.py:188} INFO - [2024-05-07T23:45:22.767+0000] {dagbag.py:545} INFO - Filling up the DagBag from /opt/airflow/dags/051_orquestacion.py
[2024-05-07T23:45:22.790+0000] {processor.py:840} INFO - DAG(s) '5.1_orquestacion' retrieved from /opt/airflow/dags/051_orquestacion.py
[2024-05-07T23:45:22.818+0000] {logging_mixin.py:188} INFO - [2024-05-07T23:45:22.818+0000] {dag.py:3096} INFO - Sync 1 DAGs
[2024-05-07T23:45:22.837+0000] {logging_mixin.py:188} INFO - [2024-05-07T23:45:22.837+0000] {dag.py:3954} INFO - Setting next_dagrun for 5.1_orquestacion to 2024-03-02 00:00:00+00:00, run_after=2024-03-03 00:00:00+00:00
[2024-05-07T23:45:22.862+0000] {processor.py:183} INFO - Processing /opt/airflow/dags/051_orquestacion.py took 0.103 seconds
[2024-05-07T23:45:53.424+0000] {processor.py:161} INFO - Started process (PID=4061) to work on /opt/airflow/dags/051_orquestacion.py
[2024-05-07T23:45:53.425+0000] {processor.py:830} INFO - Processing file /opt/airflow/dags/051_orquestacion.py for tasks to queue
[2024-05-07T23:45:53.426+0000] {logging_mixin.py:188} INFO - [2024-05-07T23:45:53.425+0000] {dagbag.py:545} INFO - Filling up the DagBag from /opt/airflow/dags/051_orquestacion.py
[2024-05-07T23:45:53.510+0000] {processor.py:840} INFO - DAG(s) '5.1_orquestacion' retrieved from /opt/airflow/dags/051_orquestacion.py
[2024-05-07T23:45:53.564+0000] {logging_mixin.py:188} INFO - [2024-05-07T23:45:53.563+0000] {dag.py:3096} INFO - Sync 1 DAGs
[2024-05-07T23:45:53.632+0000] {processor.py:183} INFO - Processing /opt/airflow/dags/051_orquestacion.py took 0.213 seconds
[2024-05-07T23:46:23.843+0000] {processor.py:161} INFO - Started process (PID=4085) to work on /opt/airflow/dags/051_orquestacion.py
[2024-05-07T23:46:23.845+0000] {processor.py:830} INFO - Processing file /opt/airflow/dags/051_orquestacion.py for tasks to queue
[2024-05-07T23:46:23.846+0000] {logging_mixin.py:188} INFO - [2024-05-07T23:46:23.845+0000] {dagbag.py:545} INFO - Filling up the DagBag from /opt/airflow/dags/051_orquestacion.py
[2024-05-07T23:46:23.873+0000] {processor.py:840} INFO - DAG(s) '5.1_orquestacion' retrieved from /opt/airflow/dags/051_orquestacion.py
[2024-05-07T23:46:23.898+0000] {logging_mixin.py:188} INFO - [2024-05-07T23:46:23.897+0000] {dag.py:3096} INFO - Sync 1 DAGs
[2024-05-07T23:46:23.945+0000] {processor.py:183} INFO - Processing /opt/airflow/dags/051_orquestacion.py took 0.107 seconds
[2024-05-07T23:46:54.442+0000] {processor.py:161} INFO - Started process (PID=4109) to work on /opt/airflow/dags/051_orquestacion.py
[2024-05-07T23:46:54.443+0000] {processor.py:830} INFO - Processing file /opt/airflow/dags/051_orquestacion.py for tasks to queue
[2024-05-07T23:46:54.444+0000] {logging_mixin.py:188} INFO - [2024-05-07T23:46:54.444+0000] {dagbag.py:545} INFO - Filling up the DagBag from /opt/airflow/dags/051_orquestacion.py
[2024-05-07T23:46:54.465+0000] {processor.py:840} INFO - DAG(s) '5.1_orquestacion' retrieved from /opt/airflow/dags/051_orquestacion.py
[2024-05-07T23:46:54.487+0000] {logging_mixin.py:188} INFO - [2024-05-07T23:46:54.487+0000] {dag.py:3096} INFO - Sync 1 DAGs
[2024-05-07T23:46:54.611+0000] {processor.py:183} INFO - Processing /opt/airflow/dags/051_orquestacion.py took 0.175 seconds
[2024-05-07T23:47:24.768+0000] {processor.py:161} INFO - Started process (PID=4129) to work on /opt/airflow/dags/051_orquestacion.py
[2024-05-07T23:47:24.770+0000] {processor.py:830} INFO - Processing file /opt/airflow/dags/051_orquestacion.py for tasks to queue
[2024-05-07T23:47:24.771+0000] {logging_mixin.py:188} INFO - [2024-05-07T23:47:24.770+0000] {dagbag.py:545} INFO - Filling up the DagBag from /opt/airflow/dags/051_orquestacion.py
[2024-05-07T23:47:24.812+0000] {processor.py:840} INFO - DAG(s) '5.1_orquestacion' retrieved from /opt/airflow/dags/051_orquestacion.py
[2024-05-07T23:47:24.843+0000] {logging_mixin.py:188} INFO - [2024-05-07T23:47:24.843+0000] {dag.py:3096} INFO - Sync 1 DAGs
[2024-05-07T23:47:24.888+0000] {processor.py:183} INFO - Processing /opt/airflow/dags/051_orquestacion.py took 0.128 seconds
[2024-05-07T23:47:51.298+0000] {processor.py:161} INFO - Started process (PID=4149) to work on /opt/airflow/dags/051_orquestacion.py
[2024-05-07T23:47:51.300+0000] {processor.py:830} INFO - Processing file /opt/airflow/dags/051_orquestacion.py for tasks to queue
[2024-05-07T23:47:51.301+0000] {logging_mixin.py:188} INFO - [2024-05-07T23:47:51.301+0000] {dagbag.py:545} INFO - Filling up the DagBag from /opt/airflow/dags/051_orquestacion.py
[2024-05-07T23:47:51.356+0000] {processor.py:840} INFO - DAG(s) '5.1_orquestacion' retrieved from /opt/airflow/dags/051_orquestacion.py
[2024-05-07T23:47:51.422+0000] {logging_mixin.py:188} INFO - [2024-05-07T23:47:51.422+0000] {dag.py:3096} INFO - Sync 1 DAGs
[2024-05-07T23:47:51.496+0000] {processor.py:183} INFO - Processing /opt/airflow/dags/051_orquestacion.py took 0.207 seconds
[2024-05-07T23:48:21.843+0000] {processor.py:161} INFO - Started process (PID=4173) to work on /opt/airflow/dags/051_orquestacion.py
[2024-05-07T23:48:21.844+0000] {processor.py:830} INFO - Processing file /opt/airflow/dags/051_orquestacion.py for tasks to queue
[2024-05-07T23:48:21.845+0000] {logging_mixin.py:188} INFO - [2024-05-07T23:48:21.845+0000] {dagbag.py:545} INFO - Filling up the DagBag from /opt/airflow/dags/051_orquestacion.py
[2024-05-07T23:48:21.868+0000] {processor.py:840} INFO - DAG(s) '5.1_orquestacion' retrieved from /opt/airflow/dags/051_orquestacion.py
[2024-05-07T23:48:21.896+0000] {logging_mixin.py:188} INFO - [2024-05-07T23:48:21.896+0000] {dag.py:3096} INFO - Sync 1 DAGs
[2024-05-07T23:48:21.962+0000] {processor.py:183} INFO - Processing /opt/airflow/dags/051_orquestacion.py took 0.124 seconds
[2024-05-07T23:48:52.314+0000] {processor.py:161} INFO - Started process (PID=4196) to work on /opt/airflow/dags/051_orquestacion.py
[2024-05-07T23:48:52.315+0000] {processor.py:830} INFO - Processing file /opt/airflow/dags/051_orquestacion.py for tasks to queue
[2024-05-07T23:48:52.316+0000] {logging_mixin.py:188} INFO - [2024-05-07T23:48:52.316+0000] {dagbag.py:545} INFO - Filling up the DagBag from /opt/airflow/dags/051_orquestacion.py
[2024-05-07T23:48:52.342+0000] {processor.py:840} INFO - DAG(s) '5.1_orquestacion' retrieved from /opt/airflow/dags/051_orquestacion.py
[2024-05-07T23:48:52.371+0000] {logging_mixin.py:188} INFO - [2024-05-07T23:48:52.370+0000] {dag.py:3096} INFO - Sync 1 DAGs
[2024-05-07T23:48:52.418+0000] {processor.py:183} INFO - Processing /opt/airflow/dags/051_orquestacion.py took 0.111 seconds
[2024-05-07T23:49:23.208+0000] {processor.py:161} INFO - Started process (PID=4220) to work on /opt/airflow/dags/051_orquestacion.py
[2024-05-07T23:49:23.218+0000] {processor.py:830} INFO - Processing file /opt/airflow/dags/051_orquestacion.py for tasks to queue
[2024-05-07T23:49:23.228+0000] {logging_mixin.py:188} INFO - [2024-05-07T23:49:23.228+0000] {dagbag.py:545} INFO - Filling up the DagBag from /opt/airflow/dags/051_orquestacion.py
[2024-05-07T23:49:23.323+0000] {processor.py:840} INFO - DAG(s) '5.1_orquestacion' retrieved from /opt/airflow/dags/051_orquestacion.py
[2024-05-07T23:49:23.344+0000] {logging_mixin.py:188} INFO - [2024-05-07T23:49:23.344+0000] {dag.py:3096} INFO - Sync 1 DAGs
[2024-05-07T23:49:23.387+0000] {processor.py:183} INFO - Processing /opt/airflow/dags/051_orquestacion.py took 0.183 seconds
[2024-05-07T23:49:53.484+0000] {processor.py:161} INFO - Started process (PID=4244) to work on /opt/airflow/dags/051_orquestacion.py
[2024-05-07T23:49:53.486+0000] {processor.py:830} INFO - Processing file /opt/airflow/dags/051_orquestacion.py for tasks to queue
[2024-05-07T23:49:53.489+0000] {logging_mixin.py:188} INFO - [2024-05-07T23:49:53.488+0000] {dagbag.py:545} INFO - Filling up the DagBag from /opt/airflow/dags/051_orquestacion.py
[2024-05-07T23:49:53.523+0000] {processor.py:840} INFO - DAG(s) '5.1_orquestacion' retrieved from /opt/airflow/dags/051_orquestacion.py
[2024-05-07T23:49:53.551+0000] {logging_mixin.py:188} INFO - [2024-05-07T23:49:53.551+0000] {dag.py:3096} INFO - Sync 1 DAGs
[2024-05-07T23:49:53.597+0000] {processor.py:183} INFO - Processing /opt/airflow/dags/051_orquestacion.py took 0.118 seconds
[2024-05-07T23:50:24.070+0000] {processor.py:161} INFO - Started process (PID=4260) to work on /opt/airflow/dags/051_orquestacion.py
[2024-05-07T23:50:24.071+0000] {processor.py:830} INFO - Processing file /opt/airflow/dags/051_orquestacion.py for tasks to queue
[2024-05-07T23:50:24.071+0000] {logging_mixin.py:188} INFO - [2024-05-07T23:50:24.071+0000] {dagbag.py:545} INFO - Filling up the DagBag from /opt/airflow/dags/051_orquestacion.py
[2024-05-07T23:50:24.094+0000] {processor.py:840} INFO - DAG(s) '5.1_orquestacion' retrieved from /opt/airflow/dags/051_orquestacion.py
[2024-05-07T23:50:24.118+0000] {logging_mixin.py:188} INFO - [2024-05-07T23:50:24.118+0000] {dag.py:3096} INFO - Sync 1 DAGs
[2024-05-07T23:50:24.155+0000] {processor.py:183} INFO - Processing /opt/airflow/dags/051_orquestacion.py took 0.090 seconds
[2024-05-07T23:50:54.980+0000] {processor.py:161} INFO - Started process (PID=4272) to work on /opt/airflow/dags/051_orquestacion.py
[2024-05-07T23:50:54.981+0000] {processor.py:830} INFO - Processing file /opt/airflow/dags/051_orquestacion.py for tasks to queue
[2024-05-07T23:50:54.982+0000] {logging_mixin.py:188} INFO - [2024-05-07T23:50:54.982+0000] {dagbag.py:545} INFO - Filling up the DagBag from /opt/airflow/dags/051_orquestacion.py
[2024-05-07T23:50:55.011+0000] {processor.py:840} INFO - DAG(s) '5.1_orquestacion' retrieved from /opt/airflow/dags/051_orquestacion.py
[2024-05-07T23:50:55.033+0000] {logging_mixin.py:188} INFO - [2024-05-07T23:50:55.032+0000] {dag.py:3096} INFO - Sync 1 DAGs
[2024-05-07T23:50:55.065+0000] {processor.py:183} INFO - Processing /opt/airflow/dags/051_orquestacion.py took 0.090 seconds
[2024-05-07T23:51:25.281+0000] {processor.py:161} INFO - Started process (PID=4284) to work on /opt/airflow/dags/051_orquestacion.py
[2024-05-07T23:51:25.282+0000] {processor.py:830} INFO - Processing file /opt/airflow/dags/051_orquestacion.py for tasks to queue
[2024-05-07T23:51:25.283+0000] {logging_mixin.py:188} INFO - [2024-05-07T23:51:25.282+0000] {dagbag.py:545} INFO - Filling up the DagBag from /opt/airflow/dags/051_orquestacion.py
[2024-05-07T23:51:25.359+0000] {processor.py:840} INFO - DAG(s) '5.1_orquestacion' retrieved from /opt/airflow/dags/051_orquestacion.py
[2024-05-07T23:51:25.383+0000] {logging_mixin.py:188} INFO - [2024-05-07T23:51:25.383+0000] {dag.py:3096} INFO - Sync 1 DAGs
[2024-05-07T23:51:25.437+0000] {processor.py:183} INFO - Processing /opt/airflow/dags/051_orquestacion.py took 0.161 seconds
[2024-05-07T23:51:55.754+0000] {processor.py:161} INFO - Started process (PID=4296) to work on /opt/airflow/dags/051_orquestacion.py
[2024-05-07T23:51:55.761+0000] {processor.py:830} INFO - Processing file /opt/airflow/dags/051_orquestacion.py for tasks to queue
[2024-05-07T23:51:55.762+0000] {logging_mixin.py:188} INFO - [2024-05-07T23:51:55.762+0000] {dagbag.py:545} INFO - Filling up the DagBag from /opt/airflow/dags/051_orquestacion.py
[2024-05-07T23:51:55.779+0000] {processor.py:840} INFO - DAG(s) '5.1_orquestacion' retrieved from /opt/airflow/dags/051_orquestacion.py
[2024-05-07T23:51:55.804+0000] {logging_mixin.py:188} INFO - [2024-05-07T23:51:55.804+0000] {dag.py:3096} INFO - Sync 1 DAGs
[2024-05-07T23:51:55.852+0000] {processor.py:183} INFO - Processing /opt/airflow/dags/051_orquestacion.py took 0.102 seconds
[2024-05-07T23:52:25.926+0000] {processor.py:161} INFO - Started process (PID=4308) to work on /opt/airflow/dags/051_orquestacion.py
[2024-05-07T23:52:25.927+0000] {processor.py:830} INFO - Processing file /opt/airflow/dags/051_orquestacion.py for tasks to queue
[2024-05-07T23:52:25.928+0000] {logging_mixin.py:188} INFO - [2024-05-07T23:52:25.927+0000] {dagbag.py:545} INFO - Filling up the DagBag from /opt/airflow/dags/051_orquestacion.py
[2024-05-07T23:52:25.965+0000] {processor.py:840} INFO - DAG(s) '5.1_orquestacion' retrieved from /opt/airflow/dags/051_orquestacion.py
[2024-05-07T23:52:25.987+0000] {logging_mixin.py:188} INFO - [2024-05-07T23:52:25.987+0000] {dag.py:3096} INFO - Sync 1 DAGs
[2024-05-07T23:52:26.024+0000] {processor.py:183} INFO - Processing /opt/airflow/dags/051_orquestacion.py took 0.102 seconds
[2024-05-07T23:52:56.848+0000] {processor.py:161} INFO - Started process (PID=4320) to work on /opt/airflow/dags/051_orquestacion.py
[2024-05-07T23:52:56.849+0000] {processor.py:830} INFO - Processing file /opt/airflow/dags/051_orquestacion.py for tasks to queue
[2024-05-07T23:52:56.850+0000] {logging_mixin.py:188} INFO - [2024-05-07T23:52:56.850+0000] {dagbag.py:545} INFO - Filling up the DagBag from /opt/airflow/dags/051_orquestacion.py
[2024-05-07T23:52:56.866+0000] {processor.py:840} INFO - DAG(s) '5.1_orquestacion' retrieved from /opt/airflow/dags/051_orquestacion.py
[2024-05-07T23:52:56.887+0000] {logging_mixin.py:188} INFO - [2024-05-07T23:52:56.887+0000] {dag.py:3096} INFO - Sync 1 DAGs
[2024-05-07T23:52:56.915+0000] {processor.py:183} INFO - Processing /opt/airflow/dags/051_orquestacion.py took 0.073 seconds
[2024-05-07T23:53:27.261+0000] {processor.py:161} INFO - Started process (PID=4337) to work on /opt/airflow/dags/051_orquestacion.py
[2024-05-07T23:53:27.262+0000] {processor.py:830} INFO - Processing file /opt/airflow/dags/051_orquestacion.py for tasks to queue
[2024-05-07T23:53:27.263+0000] {logging_mixin.py:188} INFO - [2024-05-07T23:53:27.262+0000] {dagbag.py:545} INFO - Filling up the DagBag from /opt/airflow/dags/051_orquestacion.py
[2024-05-07T23:53:27.285+0000] {processor.py:840} INFO - DAG(s) '5.1_orquestacion' retrieved from /opt/airflow/dags/051_orquestacion.py
[2024-05-07T23:53:27.311+0000] {logging_mixin.py:188} INFO - [2024-05-07T23:53:27.311+0000] {dag.py:3096} INFO - Sync 1 DAGs
[2024-05-07T23:53:27.348+0000] {processor.py:183} INFO - Processing /opt/airflow/dags/051_orquestacion.py took 0.093 seconds
[2024-05-07T23:53:57.593+0000] {processor.py:161} INFO - Started process (PID=4349) to work on /opt/airflow/dags/051_orquestacion.py
[2024-05-07T23:53:57.594+0000] {processor.py:830} INFO - Processing file /opt/airflow/dags/051_orquestacion.py for tasks to queue
[2024-05-07T23:53:57.596+0000] {logging_mixin.py:188} INFO - [2024-05-07T23:53:57.595+0000] {dagbag.py:545} INFO - Filling up the DagBag from /opt/airflow/dags/051_orquestacion.py
[2024-05-07T23:53:57.614+0000] {processor.py:840} INFO - DAG(s) '5.1_orquestacion' retrieved from /opt/airflow/dags/051_orquestacion.py
[2024-05-07T23:53:57.635+0000] {logging_mixin.py:188} INFO - [2024-05-07T23:53:57.635+0000] {dag.py:3096} INFO - Sync 1 DAGs
[2024-05-07T23:53:57.667+0000] {processor.py:183} INFO - Processing /opt/airflow/dags/051_orquestacion.py took 0.079 seconds
[2024-05-07T23:54:28.368+0000] {processor.py:161} INFO - Started process (PID=4362) to work on /opt/airflow/dags/051_orquestacion.py
[2024-05-07T23:54:28.370+0000] {processor.py:830} INFO - Processing file /opt/airflow/dags/051_orquestacion.py for tasks to queue
[2024-05-07T23:54:28.381+0000] {logging_mixin.py:188} INFO - [2024-05-07T23:54:28.381+0000] {dagbag.py:545} INFO - Filling up the DagBag from /opt/airflow/dags/051_orquestacion.py
[2024-05-07T23:54:28.398+0000] {processor.py:840} INFO - DAG(s) '5.1_orquestacion' retrieved from /opt/airflow/dags/051_orquestacion.py
[2024-05-07T23:54:28.418+0000] {logging_mixin.py:188} INFO - [2024-05-07T23:54:28.418+0000] {dag.py:3096} INFO - Sync 1 DAGs
[2024-05-07T23:54:28.455+0000] {processor.py:183} INFO - Processing /opt/airflow/dags/051_orquestacion.py took 0.092 seconds
[2024-05-07T23:54:59.053+0000] {processor.py:161} INFO - Started process (PID=4375) to work on /opt/airflow/dags/051_orquestacion.py
[2024-05-07T23:54:59.053+0000] {processor.py:830} INFO - Processing file /opt/airflow/dags/051_orquestacion.py for tasks to queue
[2024-05-07T23:54:59.054+0000] {logging_mixin.py:188} INFO - [2024-05-07T23:54:59.054+0000] {dagbag.py:545} INFO - Filling up the DagBag from /opt/airflow/dags/051_orquestacion.py
[2024-05-07T23:54:59.070+0000] {processor.py:840} INFO - DAG(s) '5.1_orquestacion' retrieved from /opt/airflow/dags/051_orquestacion.py
[2024-05-07T23:54:59.090+0000] {logging_mixin.py:188} INFO - [2024-05-07T23:54:59.089+0000] {dag.py:3096} INFO - Sync 1 DAGs
[2024-05-07T23:54:59.148+0000] {processor.py:183} INFO - Processing /opt/airflow/dags/051_orquestacion.py took 0.100 seconds
[2024-05-07T23:55:29.530+0000] {processor.py:161} INFO - Started process (PID=4388) to work on /opt/airflow/dags/051_orquestacion.py
[2024-05-07T23:55:29.531+0000] {processor.py:830} INFO - Processing file /opt/airflow/dags/051_orquestacion.py for tasks to queue
[2024-05-07T23:55:29.535+0000] {logging_mixin.py:188} INFO - [2024-05-07T23:55:29.535+0000] {dagbag.py:545} INFO - Filling up the DagBag from /opt/airflow/dags/051_orquestacion.py
[2024-05-07T23:55:29.742+0000] {processor.py:840} INFO - DAG(s) '5.1_orquestacion' retrieved from /opt/airflow/dags/051_orquestacion.py
[2024-05-07T23:55:29.765+0000] {logging_mixin.py:188} INFO - [2024-05-07T23:55:29.764+0000] {dag.py:3096} INFO - Sync 1 DAGs
[2024-05-07T23:55:29.800+0000] {processor.py:183} INFO - Processing /opt/airflow/dags/051_orquestacion.py took 0.274 seconds
[2024-05-07T23:56:00.587+0000] {processor.py:161} INFO - Started process (PID=4402) to work on /opt/airflow/dags/051_orquestacion.py
[2024-05-07T23:56:00.591+0000] {processor.py:830} INFO - Processing file /opt/airflow/dags/051_orquestacion.py for tasks to queue
[2024-05-07T23:56:00.593+0000] {logging_mixin.py:188} INFO - [2024-05-07T23:56:00.592+0000] {dagbag.py:545} INFO - Filling up the DagBag from /opt/airflow/dags/051_orquestacion.py
[2024-05-07T23:56:00.633+0000] {processor.py:840} INFO - DAG(s) '5.1_orquestacion' retrieved from /opt/airflow/dags/051_orquestacion.py
[2024-05-07T23:56:00.655+0000] {logging_mixin.py:188} INFO - [2024-05-07T23:56:00.655+0000] {dag.py:3096} INFO - Sync 1 DAGs
[2024-05-07T23:56:00.690+0000] {processor.py:183} INFO - Processing /opt/airflow/dags/051_orquestacion.py took 0.107 seconds
[2024-05-07T23:56:31.599+0000] {processor.py:161} INFO - Started process (PID=4415) to work on /opt/airflow/dags/051_orquestacion.py
[2024-05-07T23:56:31.600+0000] {processor.py:830} INFO - Processing file /opt/airflow/dags/051_orquestacion.py for tasks to queue
[2024-05-07T23:56:31.601+0000] {logging_mixin.py:188} INFO - [2024-05-07T23:56:31.601+0000] {dagbag.py:545} INFO - Filling up the DagBag from /opt/airflow/dags/051_orquestacion.py
[2024-05-07T23:56:31.620+0000] {processor.py:840} INFO - DAG(s) '5.1_orquestacion' retrieved from /opt/airflow/dags/051_orquestacion.py
[2024-05-07T23:56:31.642+0000] {logging_mixin.py:188} INFO - [2024-05-07T23:56:31.642+0000] {dag.py:3096} INFO - Sync 1 DAGs
[2024-05-07T23:56:31.678+0000] {processor.py:183} INFO - Processing /opt/airflow/dags/051_orquestacion.py took 0.084 seconds
[2024-05-07T23:57:02.036+0000] {processor.py:161} INFO - Started process (PID=4429) to work on /opt/airflow/dags/051_orquestacion.py
[2024-05-07T23:57:02.037+0000] {processor.py:830} INFO - Processing file /opt/airflow/dags/051_orquestacion.py for tasks to queue
[2024-05-07T23:57:02.038+0000] {logging_mixin.py:188} INFO - [2024-05-07T23:57:02.037+0000] {dagbag.py:545} INFO - Filling up the DagBag from /opt/airflow/dags/051_orquestacion.py
[2024-05-07T23:57:02.055+0000] {processor.py:840} INFO - DAG(s) '5.1_orquestacion' retrieved from /opt/airflow/dags/051_orquestacion.py
[2024-05-07T23:57:02.077+0000] {logging_mixin.py:188} INFO - [2024-05-07T23:57:02.077+0000] {dag.py:3096} INFO - Sync 1 DAGs
[2024-05-07T23:57:02.115+0000] {processor.py:183} INFO - Processing /opt/airflow/dags/051_orquestacion.py took 0.084 seconds
[2024-05-07T23:57:32.584+0000] {processor.py:161} INFO - Started process (PID=4442) to work on /opt/airflow/dags/051_orquestacion.py
[2024-05-07T23:57:32.591+0000] {processor.py:830} INFO - Processing file /opt/airflow/dags/051_orquestacion.py for tasks to queue
[2024-05-07T23:57:32.592+0000] {logging_mixin.py:188} INFO - [2024-05-07T23:57:32.592+0000] {dagbag.py:545} INFO - Filling up the DagBag from /opt/airflow/dags/051_orquestacion.py
[2024-05-07T23:57:32.614+0000] {processor.py:840} INFO - DAG(s) '5.1_orquestacion' retrieved from /opt/airflow/dags/051_orquestacion.py
[2024-05-07T23:57:32.635+0000] {logging_mixin.py:188} INFO - [2024-05-07T23:57:32.635+0000] {dag.py:3096} INFO - Sync 1 DAGs
[2024-05-07T23:57:32.666+0000] {processor.py:183} INFO - Processing /opt/airflow/dags/051_orquestacion.py took 0.086 seconds
[2024-05-07T23:58:03.774+0000] {processor.py:161} INFO - Started process (PID=4455) to work on /opt/airflow/dags/051_orquestacion.py
[2024-05-07T23:58:03.775+0000] {processor.py:830} INFO - Processing file /opt/airflow/dags/051_orquestacion.py for tasks to queue
[2024-05-07T23:58:03.776+0000] {logging_mixin.py:188} INFO - [2024-05-07T23:58:03.776+0000] {dagbag.py:545} INFO - Filling up the DagBag from /opt/airflow/dags/051_orquestacion.py
[2024-05-07T23:58:03.792+0000] {processor.py:840} INFO - DAG(s) '5.1_orquestacion' retrieved from /opt/airflow/dags/051_orquestacion.py
[2024-05-07T23:58:03.812+0000] {logging_mixin.py:188} INFO - [2024-05-07T23:58:03.811+0000] {dag.py:3096} INFO - Sync 1 DAGs
[2024-05-07T23:58:03.860+0000] {processor.py:183} INFO - Processing /opt/airflow/dags/051_orquestacion.py took 0.090 seconds
[2024-05-07T23:58:34.775+0000] {processor.py:161} INFO - Started process (PID=4469) to work on /opt/airflow/dags/051_orquestacion.py
[2024-05-07T23:58:34.776+0000] {processor.py:830} INFO - Processing file /opt/airflow/dags/051_orquestacion.py for tasks to queue
[2024-05-07T23:58:34.777+0000] {logging_mixin.py:188} INFO - [2024-05-07T23:58:34.776+0000] {dagbag.py:545} INFO - Filling up the DagBag from /opt/airflow/dags/051_orquestacion.py
[2024-05-07T23:58:34.797+0000] {processor.py:840} INFO - DAG(s) '5.1_orquestacion' retrieved from /opt/airflow/dags/051_orquestacion.py
[2024-05-07T23:58:34.817+0000] {logging_mixin.py:188} INFO - [2024-05-07T23:58:34.817+0000] {dag.py:3096} INFO - Sync 1 DAGs
[2024-05-07T23:58:34.865+0000] {processor.py:183} INFO - Processing /opt/airflow/dags/051_orquestacion.py took 0.095 seconds
[2024-05-07T23:59:05.086+0000] {processor.py:161} INFO - Started process (PID=4482) to work on /opt/airflow/dags/051_orquestacion.py
[2024-05-07T23:59:05.087+0000] {processor.py:830} INFO - Processing file /opt/airflow/dags/051_orquestacion.py for tasks to queue
[2024-05-07T23:59:05.088+0000] {logging_mixin.py:188} INFO - [2024-05-07T23:59:05.088+0000] {dagbag.py:545} INFO - Filling up the DagBag from /opt/airflow/dags/051_orquestacion.py
[2024-05-07T23:59:05.105+0000] {processor.py:840} INFO - DAG(s) '5.1_orquestacion' retrieved from /opt/airflow/dags/051_orquestacion.py
[2024-05-07T23:59:05.124+0000] {logging_mixin.py:188} INFO - [2024-05-07T23:59:05.124+0000] {dag.py:3096} INFO - Sync 1 DAGs
[2024-05-07T23:59:05.162+0000] {processor.py:183} INFO - Processing /opt/airflow/dags/051_orquestacion.py took 0.081 seconds
[2024-05-07T23:59:36.180+0000] {processor.py:161} INFO - Started process (PID=4495) to work on /opt/airflow/dags/051_orquestacion.py
[2024-05-07T23:59:36.182+0000] {processor.py:830} INFO - Processing file /opt/airflow/dags/051_orquestacion.py for tasks to queue
[2024-05-07T23:59:36.185+0000] {logging_mixin.py:188} INFO - [2024-05-07T23:59:36.185+0000] {dagbag.py:545} INFO - Filling up the DagBag from /opt/airflow/dags/051_orquestacion.py
[2024-05-07T23:59:36.279+0000] {processor.py:840} INFO - DAG(s) '5.1_orquestacion' retrieved from /opt/airflow/dags/051_orquestacion.py
[2024-05-07T23:59:36.303+0000] {logging_mixin.py:188} INFO - [2024-05-07T23:59:36.302+0000] {dag.py:3096} INFO - Sync 1 DAGs
[2024-05-07T23:59:36.334+0000] {processor.py:183} INFO - Processing /opt/airflow/dags/051_orquestacion.py took 0.159 seconds
