[2024-05-07T21:37:11.813+0000] {processor.py:161} INFO - Started process (PID=1035) to work on /opt/airflow/dags/2_pythonoperator.py
[2024-05-07T21:37:11.815+0000] {processor.py:830} INFO - Processing file /opt/airflow/dags/2_pythonoperator.py for tasks to queue
[2024-05-07T21:37:11.817+0000] {logging_mixin.py:188} INFO - [2024-05-07T21:37:11.817+0000] {dagbag.py:545} INFO - Filling up the DagBag from /opt/airflow/dags/2_pythonoperator.py
[2024-05-07T21:37:11.879+0000] {processor.py:840} INFO - DAG(s) 'pythonoperator' retrieved from /opt/airflow/dags/2_pythonoperator.py
[2024-05-07T21:37:11.975+0000] {logging_mixin.py:188} INFO - [2024-05-07T21:37:11.975+0000] {override.py:1829} INFO - Created Permission View: can read on DAG:pythonoperator
[2024-05-07T21:37:11.992+0000] {logging_mixin.py:188} INFO - [2024-05-07T21:37:11.991+0000] {override.py:1829} INFO - Created Permission View: can edit on DAG:pythonoperator
[2024-05-07T21:37:12.000+0000] {logging_mixin.py:188} INFO - [2024-05-07T21:37:12.000+0000] {override.py:1829} INFO - Created Permission View: can delete on DAG:pythonoperator
[2024-05-07T21:37:12.001+0000] {logging_mixin.py:188} INFO - [2024-05-07T21:37:12.001+0000] {dag.py:3096} INFO - Sync 1 DAGs
[2024-05-07T21:37:12.014+0000] {logging_mixin.py:188} INFO - [2024-05-07T21:37:12.014+0000] {dag.py:3118} INFO - Creating ORM DAG for pythonoperator
[2024-05-07T21:37:12.025+0000] {logging_mixin.py:188} INFO - [2024-05-07T21:37:12.025+0000] {dag.py:3954} INFO - Setting next_dagrun for pythonoperator to 2024-05-07 00:00:00+00:00, run_after=2024-05-08 00:00:00+00:00
[2024-05-07T21:37:12.110+0000] {processor.py:183} INFO - Processing /opt/airflow/dags/2_pythonoperator.py took 0.302 seconds
[2024-05-07T21:37:42.288+0000] {processor.py:161} INFO - Started process (PID=1044) to work on /opt/airflow/dags/2_pythonoperator.py
[2024-05-07T21:37:42.290+0000] {processor.py:830} INFO - Processing file /opt/airflow/dags/2_pythonoperator.py for tasks to queue
[2024-05-07T21:37:42.293+0000] {logging_mixin.py:188} INFO - [2024-05-07T21:37:42.293+0000] {dagbag.py:545} INFO - Filling up the DagBag from /opt/airflow/dags/2_pythonoperator.py
[2024-05-07T21:37:42.376+0000] {processor.py:840} INFO - DAG(s) 'pythonoperator' retrieved from /opt/airflow/dags/2_pythonoperator.py
[2024-05-07T21:37:42.400+0000] {logging_mixin.py:188} INFO - [2024-05-07T21:37:42.400+0000] {dag.py:3096} INFO - Sync 1 DAGs
[2024-05-07T21:37:42.417+0000] {logging_mixin.py:188} INFO - [2024-05-07T21:37:42.417+0000] {dag.py:3954} INFO - Setting next_dagrun for pythonoperator to 2024-05-07 00:00:00+00:00, run_after=2024-05-08 00:00:00+00:00
[2024-05-07T21:37:42.473+0000] {processor.py:183} INFO - Processing /opt/airflow/dags/2_pythonoperator.py took 0.193 seconds
[2024-05-07T21:38:04.683+0000] {processor.py:161} INFO - Started process (PID=1053) to work on /opt/airflow/dags/2_pythonoperator.py
[2024-05-07T21:38:04.686+0000] {processor.py:830} INFO - Processing file /opt/airflow/dags/2_pythonoperator.py for tasks to queue
[2024-05-07T21:38:04.690+0000] {logging_mixin.py:188} INFO - [2024-05-07T21:38:04.689+0000] {dagbag.py:545} INFO - Filling up the DagBag from /opt/airflow/dags/2_pythonoperator.py
[2024-05-07T21:38:04.738+0000] {processor.py:840} INFO - DAG(s) 'pythonoperator' retrieved from /opt/airflow/dags/2_pythonoperator.py
[2024-05-07T21:38:04.827+0000] {logging_mixin.py:188} INFO - [2024-05-07T21:38:04.827+0000] {dag.py:3096} INFO - Sync 1 DAGs
[2024-05-07T21:38:04.845+0000] {logging_mixin.py:188} INFO - [2024-05-07T21:38:04.844+0000] {dag.py:3954} INFO - Setting next_dagrun for pythonoperator to 2024-05-07 00:00:00+00:00, run_after=2024-05-07 00:00:00+00:00
[2024-05-07T21:38:04.878+0000] {processor.py:183} INFO - Processing /opt/airflow/dags/2_pythonoperator.py took 0.207 seconds
[2024-05-07T21:38:07.901+0000] {processor.py:161} INFO - Started process (PID=1054) to work on /opt/airflow/dags/2_pythonoperator.py
[2024-05-07T21:38:07.905+0000] {processor.py:830} INFO - Processing file /opt/airflow/dags/2_pythonoperator.py for tasks to queue
[2024-05-07T21:38:07.909+0000] {logging_mixin.py:188} INFO - [2024-05-07T21:38:07.909+0000] {dagbag.py:545} INFO - Filling up the DagBag from /opt/airflow/dags/2_pythonoperator.py
[2024-05-07T21:38:08.040+0000] {processor.py:840} INFO - DAG(s) 'pythonoperator' retrieved from /opt/airflow/dags/2_pythonoperator.py
[2024-05-07T21:38:08.050+0000] {logging_mixin.py:188} INFO - [2024-05-07T21:38:08.049+0000] {dag.py:3096} INFO - Sync 1 DAGs
[2024-05-07T21:38:08.067+0000] {logging_mixin.py:188} INFO - [2024-05-07T21:38:08.067+0000] {dag.py:3954} INFO - Setting next_dagrun for pythonoperator to 2024-05-07 00:00:00+00:00, run_after=2024-05-07 00:00:00+00:00
[2024-05-07T21:38:08.094+0000] {processor.py:183} INFO - Processing /opt/airflow/dags/2_pythonoperator.py took 0.199 seconds
[2024-05-07T21:38:38.809+0000] {processor.py:161} INFO - Started process (PID=1063) to work on /opt/airflow/dags/2_pythonoperator.py
[2024-05-07T21:38:38.810+0000] {processor.py:830} INFO - Processing file /opt/airflow/dags/2_pythonoperator.py for tasks to queue
[2024-05-07T21:38:38.812+0000] {logging_mixin.py:188} INFO - [2024-05-07T21:38:38.812+0000] {dagbag.py:545} INFO - Filling up the DagBag from /opt/airflow/dags/2_pythonoperator.py
[2024-05-07T21:38:38.855+0000] {processor.py:840} INFO - DAG(s) 'pythonoperator' retrieved from /opt/airflow/dags/2_pythonoperator.py
[2024-05-07T21:38:38.877+0000] {logging_mixin.py:188} INFO - [2024-05-07T21:38:38.877+0000] {dag.py:3096} INFO - Sync 1 DAGs
[2024-05-07T21:38:38.894+0000] {logging_mixin.py:188} INFO - [2024-05-07T21:38:38.894+0000] {dag.py:3954} INFO - Setting next_dagrun for pythonoperator to 2024-05-07 00:00:00+00:00, run_after=2024-05-07 00:00:00+00:00
[2024-05-07T21:38:38.942+0000] {processor.py:183} INFO - Processing /opt/airflow/dags/2_pythonoperator.py took 0.138 seconds
[2024-05-07T21:38:40.927+0000] {processor.py:161} INFO - Started process (PID=1064) to work on /opt/airflow/dags/2_pythonoperator.py
[2024-05-07T21:38:40.929+0000] {processor.py:830} INFO - Processing file /opt/airflow/dags/2_pythonoperator.py for tasks to queue
[2024-05-07T21:38:40.931+0000] {logging_mixin.py:188} INFO - [2024-05-07T21:38:40.931+0000] {dagbag.py:545} INFO - Filling up the DagBag from /opt/airflow/dags/2_pythonoperator.py
[2024-05-07T21:38:41.158+0000] {processor.py:840} INFO - DAG(s) 'pythonoperator' retrieved from /opt/airflow/dags/2_pythonoperator.py
[2024-05-07T21:38:41.180+0000] {logging_mixin.py:188} INFO - [2024-05-07T21:38:41.180+0000] {dag.py:3096} INFO - Sync 1 DAGs
[2024-05-07T21:38:41.197+0000] {logging_mixin.py:188} INFO - [2024-05-07T21:38:41.197+0000] {dag.py:3954} INFO - Setting next_dagrun for pythonoperator to 2024-05-07 00:00:00+00:00, run_after=2024-05-07 00:00:00+00:00
[2024-05-07T21:38:41.242+0000] {processor.py:183} INFO - Processing /opt/airflow/dags/2_pythonoperator.py took 0.321 seconds
[2024-05-07T21:39:12.043+0000] {processor.py:161} INFO - Started process (PID=1073) to work on /opt/airflow/dags/2_pythonoperator.py
[2024-05-07T21:39:12.045+0000] {processor.py:830} INFO - Processing file /opt/airflow/dags/2_pythonoperator.py for tasks to queue
[2024-05-07T21:39:12.049+0000] {logging_mixin.py:188} INFO - [2024-05-07T21:39:12.049+0000] {dagbag.py:545} INFO - Filling up the DagBag from /opt/airflow/dags/2_pythonoperator.py
[2024-05-07T21:39:12.211+0000] {processor.py:840} INFO - DAG(s) 'pythonoperator' retrieved from /opt/airflow/dags/2_pythonoperator.py
[2024-05-07T21:39:12.233+0000] {logging_mixin.py:188} INFO - [2024-05-07T21:39:12.232+0000] {dag.py:3096} INFO - Sync 1 DAGs
[2024-05-07T21:39:12.248+0000] {logging_mixin.py:188} INFO - [2024-05-07T21:39:12.248+0000] {dag.py:3954} INFO - Setting next_dagrun for pythonoperator to 2024-05-07 00:00:00+00:00, run_after=2024-05-07 00:00:00+00:00
[2024-05-07T21:39:12.263+0000] {processor.py:183} INFO - Processing /opt/airflow/dags/2_pythonoperator.py took 0.228 seconds
[2024-05-07T21:39:42.934+0000] {processor.py:161} INFO - Started process (PID=1082) to work on /opt/airflow/dags/2_pythonoperator.py
[2024-05-07T21:39:42.938+0000] {processor.py:830} INFO - Processing file /opt/airflow/dags/2_pythonoperator.py for tasks to queue
[2024-05-07T21:39:42.943+0000] {logging_mixin.py:188} INFO - [2024-05-07T21:39:42.942+0000] {dagbag.py:545} INFO - Filling up the DagBag from /opt/airflow/dags/2_pythonoperator.py
[2024-05-07T21:39:42.989+0000] {processor.py:840} INFO - DAG(s) 'pythonoperator' retrieved from /opt/airflow/dags/2_pythonoperator.py
[2024-05-07T21:39:43.008+0000] {logging_mixin.py:188} INFO - [2024-05-07T21:39:43.008+0000] {dag.py:3096} INFO - Sync 1 DAGs
[2024-05-07T21:39:43.024+0000] {logging_mixin.py:188} INFO - [2024-05-07T21:39:43.023+0000] {dag.py:3954} INFO - Setting next_dagrun for pythonoperator to 2024-05-07 00:00:00+00:00, run_after=2024-05-07 00:00:00+00:00
[2024-05-07T21:39:43.038+0000] {processor.py:183} INFO - Processing /opt/airflow/dags/2_pythonoperator.py took 0.119 seconds
[2024-05-07T21:40:13.169+0000] {processor.py:161} INFO - Started process (PID=1090) to work on /opt/airflow/dags/2_pythonoperator.py
[2024-05-07T21:40:13.170+0000] {processor.py:830} INFO - Processing file /opt/airflow/dags/2_pythonoperator.py for tasks to queue
[2024-05-07T21:40:13.172+0000] {logging_mixin.py:188} INFO - [2024-05-07T21:40:13.172+0000] {dagbag.py:545} INFO - Filling up the DagBag from /opt/airflow/dags/2_pythonoperator.py
[2024-05-07T21:40:13.219+0000] {processor.py:840} INFO - DAG(s) 'pythonoperator' retrieved from /opt/airflow/dags/2_pythonoperator.py
[2024-05-07T21:40:13.240+0000] {logging_mixin.py:188} INFO - [2024-05-07T21:40:13.239+0000] {dag.py:3096} INFO - Sync 1 DAGs
[2024-05-07T21:40:13.259+0000] {logging_mixin.py:188} INFO - [2024-05-07T21:40:13.259+0000] {dag.py:3954} INFO - Setting next_dagrun for pythonoperator to 2024-05-07 00:00:00+00:00, run_after=2024-05-07 00:00:00+00:00
[2024-05-07T21:40:13.300+0000] {processor.py:183} INFO - Processing /opt/airflow/dags/2_pythonoperator.py took 0.137 seconds
[2024-05-07T21:40:43.633+0000] {processor.py:161} INFO - Started process (PID=1099) to work on /opt/airflow/dags/2_pythonoperator.py
[2024-05-07T21:40:43.636+0000] {processor.py:830} INFO - Processing file /opt/airflow/dags/2_pythonoperator.py for tasks to queue
[2024-05-07T21:40:43.638+0000] {logging_mixin.py:188} INFO - [2024-05-07T21:40:43.638+0000] {dagbag.py:545} INFO - Filling up the DagBag from /opt/airflow/dags/2_pythonoperator.py
[2024-05-07T21:40:43.665+0000] {processor.py:840} INFO - DAG(s) 'pythonoperator' retrieved from /opt/airflow/dags/2_pythonoperator.py
[2024-05-07T21:40:43.686+0000] {logging_mixin.py:188} INFO - [2024-05-07T21:40:43.686+0000] {dag.py:3096} INFO - Sync 1 DAGs
[2024-05-07T21:40:43.700+0000] {logging_mixin.py:188} INFO - [2024-05-07T21:40:43.700+0000] {dag.py:3954} INFO - Setting next_dagrun for pythonoperator to 2024-05-07 00:00:00+00:00, run_after=2024-05-07 00:00:00+00:00
[2024-05-07T21:40:43.721+0000] {processor.py:183} INFO - Processing /opt/airflow/dags/2_pythonoperator.py took 0.092 seconds
[2024-05-07T21:41:14.493+0000] {processor.py:161} INFO - Started process (PID=1108) to work on /opt/airflow/dags/2_pythonoperator.py
[2024-05-07T21:41:14.494+0000] {processor.py:830} INFO - Processing file /opt/airflow/dags/2_pythonoperator.py for tasks to queue
[2024-05-07T21:41:14.496+0000] {logging_mixin.py:188} INFO - [2024-05-07T21:41:14.495+0000] {dagbag.py:545} INFO - Filling up the DagBag from /opt/airflow/dags/2_pythonoperator.py
[2024-05-07T21:41:14.527+0000] {processor.py:840} INFO - DAG(s) 'pythonoperator' retrieved from /opt/airflow/dags/2_pythonoperator.py
[2024-05-07T21:41:14.560+0000] {logging_mixin.py:188} INFO - [2024-05-07T21:41:14.560+0000] {dag.py:3096} INFO - Sync 1 DAGs
[2024-05-07T21:41:14.581+0000] {logging_mixin.py:188} INFO - [2024-05-07T21:41:14.580+0000] {dag.py:3954} INFO - Setting next_dagrun for pythonoperator to 2024-05-07 00:00:00+00:00, run_after=2024-05-07 00:00:00+00:00
[2024-05-07T21:41:14.640+0000] {processor.py:183} INFO - Processing /opt/airflow/dags/2_pythonoperator.py took 0.152 seconds
[2024-05-07T21:41:44.859+0000] {processor.py:161} INFO - Started process (PID=1117) to work on /opt/airflow/dags/2_pythonoperator.py
[2024-05-07T21:41:44.860+0000] {processor.py:830} INFO - Processing file /opt/airflow/dags/2_pythonoperator.py for tasks to queue
[2024-05-07T21:41:44.863+0000] {logging_mixin.py:188} INFO - [2024-05-07T21:41:44.862+0000] {dagbag.py:545} INFO - Filling up the DagBag from /opt/airflow/dags/2_pythonoperator.py
[2024-05-07T21:41:44.889+0000] {processor.py:840} INFO - DAG(s) 'pythonoperator' retrieved from /opt/airflow/dags/2_pythonoperator.py
[2024-05-07T21:41:44.912+0000] {logging_mixin.py:188} INFO - [2024-05-07T21:41:44.912+0000] {dag.py:3096} INFO - Sync 1 DAGs
[2024-05-07T21:41:44.929+0000] {logging_mixin.py:188} INFO - [2024-05-07T21:41:44.929+0000] {dag.py:3954} INFO - Setting next_dagrun for pythonoperator to 2024-05-07 00:00:00+00:00, run_after=2024-05-07 00:00:00+00:00
[2024-05-07T21:41:44.952+0000] {processor.py:183} INFO - Processing /opt/airflow/dags/2_pythonoperator.py took 0.097 seconds
[2024-05-07T21:42:16.021+0000] {processor.py:161} INFO - Started process (PID=1126) to work on /opt/airflow/dags/2_pythonoperator.py
[2024-05-07T21:42:16.022+0000] {processor.py:830} INFO - Processing file /opt/airflow/dags/2_pythonoperator.py for tasks to queue
[2024-05-07T21:42:16.025+0000] {logging_mixin.py:188} INFO - [2024-05-07T21:42:16.024+0000] {dagbag.py:545} INFO - Filling up the DagBag from /opt/airflow/dags/2_pythonoperator.py
[2024-05-07T21:42:16.051+0000] {processor.py:840} INFO - DAG(s) 'pythonoperator' retrieved from /opt/airflow/dags/2_pythonoperator.py
[2024-05-07T21:42:16.072+0000] {logging_mixin.py:188} INFO - [2024-05-07T21:42:16.072+0000] {dag.py:3096} INFO - Sync 1 DAGs
[2024-05-07T21:42:16.091+0000] {logging_mixin.py:188} INFO - [2024-05-07T21:42:16.091+0000] {dag.py:3954} INFO - Setting next_dagrun for pythonoperator to 2024-05-07 00:00:00+00:00, run_after=2024-05-07 00:00:00+00:00
[2024-05-07T21:42:16.118+0000] {processor.py:183} INFO - Processing /opt/airflow/dags/2_pythonoperator.py took 0.104 seconds
[2024-05-07T21:42:46.276+0000] {processor.py:161} INFO - Started process (PID=1140) to work on /opt/airflow/dags/2_pythonoperator.py
[2024-05-07T21:42:46.277+0000] {processor.py:830} INFO - Processing file /opt/airflow/dags/2_pythonoperator.py for tasks to queue
[2024-05-07T21:42:46.280+0000] {logging_mixin.py:188} INFO - [2024-05-07T21:42:46.280+0000] {dagbag.py:545} INFO - Filling up the DagBag from /opt/airflow/dags/2_pythonoperator.py
[2024-05-07T21:42:46.323+0000] {processor.py:840} INFO - DAG(s) 'pythonoperator' retrieved from /opt/airflow/dags/2_pythonoperator.py
[2024-05-07T21:42:46.342+0000] {logging_mixin.py:188} INFO - [2024-05-07T21:42:46.342+0000] {dag.py:3096} INFO - Sync 1 DAGs
[2024-05-07T21:42:46.358+0000] {logging_mixin.py:188} INFO - [2024-05-07T21:42:46.358+0000] {dag.py:3954} INFO - Setting next_dagrun for pythonoperator to None, run_after=None
[2024-05-07T21:42:46.377+0000] {processor.py:183} INFO - Processing /opt/airflow/dags/2_pythonoperator.py took 0.109 seconds
[2024-05-07T21:43:16.457+0000] {processor.py:161} INFO - Started process (PID=1149) to work on /opt/airflow/dags/2_pythonoperator.py
[2024-05-07T21:43:16.458+0000] {processor.py:830} INFO - Processing file /opt/airflow/dags/2_pythonoperator.py for tasks to queue
[2024-05-07T21:43:16.460+0000] {logging_mixin.py:188} INFO - [2024-05-07T21:43:16.459+0000] {dagbag.py:545} INFO - Filling up the DagBag from /opt/airflow/dags/2_pythonoperator.py
[2024-05-07T21:43:16.482+0000] {processor.py:840} INFO - DAG(s) 'pythonoperator' retrieved from /opt/airflow/dags/2_pythonoperator.py
[2024-05-07T21:43:16.505+0000] {logging_mixin.py:188} INFO - [2024-05-07T21:43:16.505+0000] {dag.py:3096} INFO - Sync 1 DAGs
[2024-05-07T21:43:16.522+0000] {logging_mixin.py:188} INFO - [2024-05-07T21:43:16.522+0000] {dag.py:3954} INFO - Setting next_dagrun for pythonoperator to None, run_after=None
[2024-05-07T21:43:16.542+0000] {processor.py:183} INFO - Processing /opt/airflow/dags/2_pythonoperator.py took 0.091 seconds
[2024-05-07T21:43:47.124+0000] {processor.py:161} INFO - Started process (PID=1157) to work on /opt/airflow/dags/2_pythonoperator.py
[2024-05-07T21:43:47.125+0000] {processor.py:830} INFO - Processing file /opt/airflow/dags/2_pythonoperator.py for tasks to queue
[2024-05-07T21:43:47.128+0000] {logging_mixin.py:188} INFO - [2024-05-07T21:43:47.127+0000] {dagbag.py:545} INFO - Filling up the DagBag from /opt/airflow/dags/2_pythonoperator.py
[2024-05-07T21:43:47.167+0000] {processor.py:840} INFO - DAG(s) 'pythonoperator' retrieved from /opt/airflow/dags/2_pythonoperator.py
[2024-05-07T21:43:47.193+0000] {logging_mixin.py:188} INFO - [2024-05-07T21:43:47.193+0000] {dag.py:3096} INFO - Sync 1 DAGs
[2024-05-07T21:43:47.210+0000] {logging_mixin.py:188} INFO - [2024-05-07T21:43:47.209+0000] {dag.py:3954} INFO - Setting next_dagrun for pythonoperator to None, run_after=None
[2024-05-07T21:43:47.235+0000] {processor.py:183} INFO - Processing /opt/airflow/dags/2_pythonoperator.py took 0.119 seconds
[2024-05-07T21:44:18.079+0000] {processor.py:161} INFO - Started process (PID=1166) to work on /opt/airflow/dags/2_pythonoperator.py
[2024-05-07T21:44:18.084+0000] {processor.py:830} INFO - Processing file /opt/airflow/dags/2_pythonoperator.py for tasks to queue
[2024-05-07T21:44:18.087+0000] {logging_mixin.py:188} INFO - [2024-05-07T21:44:18.086+0000] {dagbag.py:545} INFO - Filling up the DagBag from /opt/airflow/dags/2_pythonoperator.py
[2024-05-07T21:44:18.143+0000] {processor.py:840} INFO - DAG(s) 'pythonoperator' retrieved from /opt/airflow/dags/2_pythonoperator.py
[2024-05-07T21:44:18.166+0000] {logging_mixin.py:188} INFO - [2024-05-07T21:44:18.166+0000] {dag.py:3096} INFO - Sync 1 DAGs
[2024-05-07T21:44:18.184+0000] {logging_mixin.py:188} INFO - [2024-05-07T21:44:18.184+0000] {dag.py:3954} INFO - Setting next_dagrun for pythonoperator to None, run_after=None
[2024-05-07T21:44:18.206+0000] {processor.py:183} INFO - Processing /opt/airflow/dags/2_pythonoperator.py took 0.133 seconds
[2024-05-07T21:44:48.958+0000] {processor.py:161} INFO - Started process (PID=1175) to work on /opt/airflow/dags/2_pythonoperator.py
[2024-05-07T21:44:48.959+0000] {processor.py:830} INFO - Processing file /opt/airflow/dags/2_pythonoperator.py for tasks to queue
[2024-05-07T21:44:48.961+0000] {logging_mixin.py:188} INFO - [2024-05-07T21:44:48.961+0000] {dagbag.py:545} INFO - Filling up the DagBag from /opt/airflow/dags/2_pythonoperator.py
[2024-05-07T21:44:48.980+0000] {processor.py:840} INFO - DAG(s) 'pythonoperator' retrieved from /opt/airflow/dags/2_pythonoperator.py
[2024-05-07T21:44:49.005+0000] {logging_mixin.py:188} INFO - [2024-05-07T21:44:49.004+0000] {dag.py:3096} INFO - Sync 1 DAGs
[2024-05-07T21:44:49.024+0000] {logging_mixin.py:188} INFO - [2024-05-07T21:44:49.024+0000] {dag.py:3954} INFO - Setting next_dagrun for pythonoperator to None, run_after=None
[2024-05-07T21:44:49.050+0000] {processor.py:183} INFO - Processing /opt/airflow/dags/2_pythonoperator.py took 0.097 seconds
[2024-05-07T21:45:19.895+0000] {processor.py:161} INFO - Started process (PID=1184) to work on /opt/airflow/dags/2_pythonoperator.py
[2024-05-07T21:45:19.896+0000] {processor.py:830} INFO - Processing file /opt/airflow/dags/2_pythonoperator.py for tasks to queue
[2024-05-07T21:45:19.898+0000] {logging_mixin.py:188} INFO - [2024-05-07T21:45:19.898+0000] {dagbag.py:545} INFO - Filling up the DagBag from /opt/airflow/dags/2_pythonoperator.py
[2024-05-07T21:45:19.930+0000] {processor.py:840} INFO - DAG(s) 'pythonoperator' retrieved from /opt/airflow/dags/2_pythonoperator.py
[2024-05-07T21:45:19.957+0000] {logging_mixin.py:188} INFO - [2024-05-07T21:45:19.956+0000] {dag.py:3096} INFO - Sync 1 DAGs
[2024-05-07T21:45:19.974+0000] {logging_mixin.py:188} INFO - [2024-05-07T21:45:19.974+0000] {dag.py:3954} INFO - Setting next_dagrun for pythonoperator to None, run_after=None
[2024-05-07T21:45:20.000+0000] {processor.py:183} INFO - Processing /opt/airflow/dags/2_pythonoperator.py took 0.112 seconds
[2024-05-07T21:45:50.274+0000] {processor.py:161} INFO - Started process (PID=1193) to work on /opt/airflow/dags/2_pythonoperator.py
[2024-05-07T21:45:50.283+0000] {processor.py:830} INFO - Processing file /opt/airflow/dags/2_pythonoperator.py for tasks to queue
[2024-05-07T21:45:50.289+0000] {logging_mixin.py:188} INFO - [2024-05-07T21:45:50.288+0000] {dagbag.py:545} INFO - Filling up the DagBag from /opt/airflow/dags/2_pythonoperator.py
[2024-05-07T21:45:50.356+0000] {processor.py:840} INFO - DAG(s) 'pythonoperator' retrieved from /opt/airflow/dags/2_pythonoperator.py
[2024-05-07T21:45:50.378+0000] {logging_mixin.py:188} INFO - [2024-05-07T21:45:50.378+0000] {dag.py:3096} INFO - Sync 1 DAGs
[2024-05-07T21:45:50.419+0000] {logging_mixin.py:188} INFO - [2024-05-07T21:45:50.419+0000] {dag.py:3954} INFO - Setting next_dagrun for pythonoperator to None, run_after=None
[2024-05-07T21:45:50.489+0000] {processor.py:183} INFO - Processing /opt/airflow/dags/2_pythonoperator.py took 0.229 seconds
[2024-05-07T21:46:20.696+0000] {processor.py:161} INFO - Started process (PID=1202) to work on /opt/airflow/dags/2_pythonoperator.py
[2024-05-07T21:46:20.697+0000] {processor.py:830} INFO - Processing file /opt/airflow/dags/2_pythonoperator.py for tasks to queue
[2024-05-07T21:46:20.699+0000] {logging_mixin.py:188} INFO - [2024-05-07T21:46:20.699+0000] {dagbag.py:545} INFO - Filling up the DagBag from /opt/airflow/dags/2_pythonoperator.py
[2024-05-07T21:46:20.747+0000] {processor.py:840} INFO - DAG(s) 'pythonoperator' retrieved from /opt/airflow/dags/2_pythonoperator.py
[2024-05-07T21:46:20.777+0000] {logging_mixin.py:188} INFO - [2024-05-07T21:46:20.777+0000] {dag.py:3096} INFO - Sync 1 DAGs
[2024-05-07T21:46:20.793+0000] {logging_mixin.py:188} INFO - [2024-05-07T21:46:20.793+0000] {dag.py:3954} INFO - Setting next_dagrun for pythonoperator to None, run_after=None
[2024-05-07T21:46:20.878+0000] {processor.py:183} INFO - Processing /opt/airflow/dags/2_pythonoperator.py took 0.189 seconds
[2024-05-07T21:46:50.998+0000] {processor.py:161} INFO - Started process (PID=1211) to work on /opt/airflow/dags/2_pythonoperator.py
[2024-05-07T21:46:51.000+0000] {processor.py:830} INFO - Processing file /opt/airflow/dags/2_pythonoperator.py for tasks to queue
[2024-05-07T21:46:51.003+0000] {logging_mixin.py:188} INFO - [2024-05-07T21:46:51.002+0000] {dagbag.py:545} INFO - Filling up the DagBag from /opt/airflow/dags/2_pythonoperator.py
[2024-05-07T21:46:51.052+0000] {processor.py:840} INFO - DAG(s) 'pythonoperator' retrieved from /opt/airflow/dags/2_pythonoperator.py
[2024-05-07T21:46:51.086+0000] {logging_mixin.py:188} INFO - [2024-05-07T21:46:51.085+0000] {dag.py:3096} INFO - Sync 1 DAGs
[2024-05-07T21:46:51.107+0000] {logging_mixin.py:188} INFO - [2024-05-07T21:46:51.107+0000] {dag.py:3954} INFO - Setting next_dagrun for pythonoperator to None, run_after=None
[2024-05-07T21:46:51.128+0000] {processor.py:183} INFO - Processing /opt/airflow/dags/2_pythonoperator.py took 0.136 seconds
[2024-05-07T21:47:21.370+0000] {processor.py:161} INFO - Started process (PID=1220) to work on /opt/airflow/dags/2_pythonoperator.py
[2024-05-07T21:47:21.372+0000] {processor.py:830} INFO - Processing file /opt/airflow/dags/2_pythonoperator.py for tasks to queue
[2024-05-07T21:47:21.373+0000] {logging_mixin.py:188} INFO - [2024-05-07T21:47:21.372+0000] {dagbag.py:545} INFO - Filling up the DagBag from /opt/airflow/dags/2_pythonoperator.py
[2024-05-07T21:47:21.464+0000] {processor.py:840} INFO - DAG(s) 'pythonoperator' retrieved from /opt/airflow/dags/2_pythonoperator.py
[2024-05-07T21:47:21.484+0000] {logging_mixin.py:188} INFO - [2024-05-07T21:47:21.484+0000] {dag.py:3096} INFO - Sync 1 DAGs
[2024-05-07T21:47:21.501+0000] {logging_mixin.py:188} INFO - [2024-05-07T21:47:21.500+0000] {dag.py:3954} INFO - Setting next_dagrun for pythonoperator to None, run_after=None
[2024-05-07T21:47:21.527+0000] {processor.py:183} INFO - Processing /opt/airflow/dags/2_pythonoperator.py took 0.167 seconds
[2024-05-07T21:47:52.265+0000] {processor.py:161} INFO - Started process (PID=1228) to work on /opt/airflow/dags/2_pythonoperator.py
[2024-05-07T21:47:52.267+0000] {processor.py:830} INFO - Processing file /opt/airflow/dags/2_pythonoperator.py for tasks to queue
[2024-05-07T21:47:52.268+0000] {logging_mixin.py:188} INFO - [2024-05-07T21:47:52.268+0000] {dagbag.py:545} INFO - Filling up the DagBag from /opt/airflow/dags/2_pythonoperator.py
[2024-05-07T21:47:52.295+0000] {processor.py:840} INFO - DAG(s) 'pythonoperator' retrieved from /opt/airflow/dags/2_pythonoperator.py
[2024-05-07T21:47:52.319+0000] {logging_mixin.py:188} INFO - [2024-05-07T21:47:52.319+0000] {dag.py:3096} INFO - Sync 1 DAGs
[2024-05-07T21:47:52.339+0000] {logging_mixin.py:188} INFO - [2024-05-07T21:47:52.338+0000] {dag.py:3954} INFO - Setting next_dagrun for pythonoperator to None, run_after=None
[2024-05-07T21:47:52.360+0000] {processor.py:183} INFO - Processing /opt/airflow/dags/2_pythonoperator.py took 0.101 seconds
[2024-05-07T21:48:22.941+0000] {processor.py:161} INFO - Started process (PID=1237) to work on /opt/airflow/dags/2_pythonoperator.py
[2024-05-07T21:48:22.943+0000] {processor.py:830} INFO - Processing file /opt/airflow/dags/2_pythonoperator.py for tasks to queue
[2024-05-07T21:48:22.944+0000] {logging_mixin.py:188} INFO - [2024-05-07T21:48:22.944+0000] {dagbag.py:545} INFO - Filling up the DagBag from /opt/airflow/dags/2_pythonoperator.py
[2024-05-07T21:48:22.969+0000] {processor.py:840} INFO - DAG(s) 'pythonoperator' retrieved from /opt/airflow/dags/2_pythonoperator.py
[2024-05-07T21:48:22.989+0000] {logging_mixin.py:188} INFO - [2024-05-07T21:48:22.989+0000] {dag.py:3096} INFO - Sync 1 DAGs
[2024-05-07T21:48:23.007+0000] {logging_mixin.py:188} INFO - [2024-05-07T21:48:23.006+0000] {dag.py:3954} INFO - Setting next_dagrun for pythonoperator to None, run_after=None
[2024-05-07T21:48:23.028+0000] {processor.py:183} INFO - Processing /opt/airflow/dags/2_pythonoperator.py took 0.092 seconds
[2024-05-07T21:48:53.878+0000] {processor.py:161} INFO - Started process (PID=1246) to work on /opt/airflow/dags/2_pythonoperator.py
[2024-05-07T21:48:53.880+0000] {processor.py:830} INFO - Processing file /opt/airflow/dags/2_pythonoperator.py for tasks to queue
[2024-05-07T21:48:53.881+0000] {logging_mixin.py:188} INFO - [2024-05-07T21:48:53.881+0000] {dagbag.py:545} INFO - Filling up the DagBag from /opt/airflow/dags/2_pythonoperator.py
[2024-05-07T21:48:53.927+0000] {processor.py:840} INFO - DAG(s) 'pythonoperator' retrieved from /opt/airflow/dags/2_pythonoperator.py
[2024-05-07T21:48:53.947+0000] {logging_mixin.py:188} INFO - [2024-05-07T21:48:53.947+0000] {dag.py:3096} INFO - Sync 1 DAGs
[2024-05-07T21:48:53.963+0000] {logging_mixin.py:188} INFO - [2024-05-07T21:48:53.963+0000] {dag.py:3954} INFO - Setting next_dagrun for pythonoperator to None, run_after=None
[2024-05-07T21:48:53.980+0000] {processor.py:183} INFO - Processing /opt/airflow/dags/2_pythonoperator.py took 0.106 seconds
[2024-05-07T21:49:24.690+0000] {processor.py:161} INFO - Started process (PID=1255) to work on /opt/airflow/dags/2_pythonoperator.py
[2024-05-07T21:49:24.691+0000] {processor.py:830} INFO - Processing file /opt/airflow/dags/2_pythonoperator.py for tasks to queue
[2024-05-07T21:49:24.696+0000] {logging_mixin.py:188} INFO - [2024-05-07T21:49:24.695+0000] {dagbag.py:545} INFO - Filling up the DagBag from /opt/airflow/dags/2_pythonoperator.py
[2024-05-07T21:49:24.722+0000] {processor.py:840} INFO - DAG(s) 'pythonoperator' retrieved from /opt/airflow/dags/2_pythonoperator.py
[2024-05-07T21:49:24.747+0000] {logging_mixin.py:188} INFO - [2024-05-07T21:49:24.746+0000] {dag.py:3096} INFO - Sync 1 DAGs
[2024-05-07T21:49:24.767+0000] {logging_mixin.py:188} INFO - [2024-05-07T21:49:24.766+0000] {dag.py:3954} INFO - Setting next_dagrun for pythonoperator to None, run_after=None
[2024-05-07T21:49:24.791+0000] {processor.py:183} INFO - Processing /opt/airflow/dags/2_pythonoperator.py took 0.106 seconds
[2024-05-07T21:49:55.515+0000] {processor.py:161} INFO - Started process (PID=1264) to work on /opt/airflow/dags/2_pythonoperator.py
[2024-05-07T21:49:55.517+0000] {processor.py:830} INFO - Processing file /opt/airflow/dags/2_pythonoperator.py for tasks to queue
[2024-05-07T21:49:55.517+0000] {logging_mixin.py:188} INFO - [2024-05-07T21:49:55.517+0000] {dagbag.py:545} INFO - Filling up the DagBag from /opt/airflow/dags/2_pythonoperator.py
[2024-05-07T21:49:55.538+0000] {processor.py:840} INFO - DAG(s) 'pythonoperator' retrieved from /opt/airflow/dags/2_pythonoperator.py
[2024-05-07T21:49:55.558+0000] {logging_mixin.py:188} INFO - [2024-05-07T21:49:55.558+0000] {dag.py:3096} INFO - Sync 1 DAGs
[2024-05-07T21:49:55.577+0000] {logging_mixin.py:188} INFO - [2024-05-07T21:49:55.577+0000] {dag.py:3954} INFO - Setting next_dagrun for pythonoperator to None, run_after=None
[2024-05-07T21:49:55.628+0000] {processor.py:183} INFO - Processing /opt/airflow/dags/2_pythonoperator.py took 0.117 seconds
[2024-05-07T21:50:26.460+0000] {processor.py:161} INFO - Started process (PID=1273) to work on /opt/airflow/dags/2_pythonoperator.py
[2024-05-07T21:50:26.461+0000] {processor.py:830} INFO - Processing file /opt/airflow/dags/2_pythonoperator.py for tasks to queue
[2024-05-07T21:50:26.462+0000] {logging_mixin.py:188} INFO - [2024-05-07T21:50:26.462+0000] {dagbag.py:545} INFO - Filling up the DagBag from /opt/airflow/dags/2_pythonoperator.py
[2024-05-07T21:50:26.495+0000] {processor.py:840} INFO - DAG(s) 'pythonoperator' retrieved from /opt/airflow/dags/2_pythonoperator.py
[2024-05-07T21:50:26.520+0000] {logging_mixin.py:188} INFO - [2024-05-07T21:50:26.520+0000] {dag.py:3096} INFO - Sync 1 DAGs
[2024-05-07T21:50:26.535+0000] {logging_mixin.py:188} INFO - [2024-05-07T21:50:26.535+0000] {dag.py:3954} INFO - Setting next_dagrun for pythonoperator to None, run_after=None
[2024-05-07T21:50:26.552+0000] {processor.py:183} INFO - Processing /opt/airflow/dags/2_pythonoperator.py took 0.097 seconds
[2024-05-07T21:50:56.824+0000] {processor.py:161} INFO - Started process (PID=1282) to work on /opt/airflow/dags/2_pythonoperator.py
[2024-05-07T21:50:56.825+0000] {processor.py:830} INFO - Processing file /opt/airflow/dags/2_pythonoperator.py for tasks to queue
[2024-05-07T21:50:56.826+0000] {logging_mixin.py:188} INFO - [2024-05-07T21:50:56.826+0000] {dagbag.py:545} INFO - Filling up the DagBag from /opt/airflow/dags/2_pythonoperator.py
[2024-05-07T21:50:56.861+0000] {processor.py:840} INFO - DAG(s) 'pythonoperator' retrieved from /opt/airflow/dags/2_pythonoperator.py
[2024-05-07T21:50:56.883+0000] {logging_mixin.py:188} INFO - [2024-05-07T21:50:56.883+0000] {dag.py:3096} INFO - Sync 1 DAGs
[2024-05-07T21:50:56.900+0000] {logging_mixin.py:188} INFO - [2024-05-07T21:50:56.899+0000] {dag.py:3954} INFO - Setting next_dagrun for pythonoperator to None, run_after=None
[2024-05-07T21:50:56.919+0000] {processor.py:183} INFO - Processing /opt/airflow/dags/2_pythonoperator.py took 0.100 seconds
[2024-05-07T21:51:27.804+0000] {processor.py:161} INFO - Started process (PID=1291) to work on /opt/airflow/dags/2_pythonoperator.py
[2024-05-07T21:51:27.806+0000] {processor.py:830} INFO - Processing file /opt/airflow/dags/2_pythonoperator.py for tasks to queue
[2024-05-07T21:51:27.807+0000] {logging_mixin.py:188} INFO - [2024-05-07T21:51:27.807+0000] {dagbag.py:545} INFO - Filling up the DagBag from /opt/airflow/dags/2_pythonoperator.py
[2024-05-07T21:51:27.836+0000] {processor.py:840} INFO - DAG(s) 'pythonoperator' retrieved from /opt/airflow/dags/2_pythonoperator.py
[2024-05-07T21:51:27.858+0000] {logging_mixin.py:188} INFO - [2024-05-07T21:51:27.857+0000] {dag.py:3096} INFO - Sync 1 DAGs
[2024-05-07T21:51:27.878+0000] {logging_mixin.py:188} INFO - [2024-05-07T21:51:27.878+0000] {dag.py:3954} INFO - Setting next_dagrun for pythonoperator to None, run_after=None
[2024-05-07T21:51:27.895+0000] {processor.py:183} INFO - Processing /opt/airflow/dags/2_pythonoperator.py took 0.095 seconds
[2024-05-07T21:51:58.735+0000] {processor.py:161} INFO - Started process (PID=1300) to work on /opt/airflow/dags/2_pythonoperator.py
[2024-05-07T21:51:58.737+0000] {processor.py:830} INFO - Processing file /opt/airflow/dags/2_pythonoperator.py for tasks to queue
[2024-05-07T21:51:58.739+0000] {logging_mixin.py:188} INFO - [2024-05-07T21:51:58.738+0000] {dagbag.py:545} INFO - Filling up the DagBag from /opt/airflow/dags/2_pythonoperator.py
[2024-05-07T21:51:58.772+0000] {processor.py:840} INFO - DAG(s) 'pythonoperator' retrieved from /opt/airflow/dags/2_pythonoperator.py
[2024-05-07T21:51:58.802+0000] {logging_mixin.py:188} INFO - [2024-05-07T21:51:58.802+0000] {dag.py:3096} INFO - Sync 1 DAGs
[2024-05-07T21:51:58.821+0000] {logging_mixin.py:188} INFO - [2024-05-07T21:51:58.821+0000] {dag.py:3954} INFO - Setting next_dagrun for pythonoperator to None, run_after=None
[2024-05-07T21:51:58.840+0000] {processor.py:183} INFO - Processing /opt/airflow/dags/2_pythonoperator.py took 0.110 seconds
[2024-05-07T21:52:29.080+0000] {processor.py:161} INFO - Started process (PID=1310) to work on /opt/airflow/dags/2_pythonoperator.py
[2024-05-07T21:52:29.082+0000] {processor.py:830} INFO - Processing file /opt/airflow/dags/2_pythonoperator.py for tasks to queue
[2024-05-07T21:52:29.083+0000] {logging_mixin.py:188} INFO - [2024-05-07T21:52:29.083+0000] {dagbag.py:545} INFO - Filling up the DagBag from /opt/airflow/dags/2_pythonoperator.py
[2024-05-07T21:52:29.125+0000] {processor.py:840} INFO - DAG(s) 'pythonoperator' retrieved from /opt/airflow/dags/2_pythonoperator.py
[2024-05-07T21:52:29.161+0000] {logging_mixin.py:188} INFO - [2024-05-07T21:52:29.161+0000] {dag.py:3096} INFO - Sync 1 DAGs
[2024-05-07T21:52:29.183+0000] {logging_mixin.py:188} INFO - [2024-05-07T21:52:29.183+0000] {dag.py:3954} INFO - Setting next_dagrun for pythonoperator to None, run_after=None
[2024-05-07T21:52:29.203+0000] {processor.py:183} INFO - Processing /opt/airflow/dags/2_pythonoperator.py took 0.127 seconds
[2024-05-07T21:52:59.984+0000] {processor.py:161} INFO - Started process (PID=1320) to work on /opt/airflow/dags/2_pythonoperator.py
[2024-05-07T21:52:59.985+0000] {processor.py:830} INFO - Processing file /opt/airflow/dags/2_pythonoperator.py for tasks to queue
[2024-05-07T21:52:59.987+0000] {logging_mixin.py:188} INFO - [2024-05-07T21:52:59.986+0000] {dagbag.py:545} INFO - Filling up the DagBag from /opt/airflow/dags/2_pythonoperator.py
[2024-05-07T21:53:00.023+0000] {processor.py:840} INFO - DAG(s) 'pythonoperator' retrieved from /opt/airflow/dags/2_pythonoperator.py
[2024-05-07T21:53:00.124+0000] {logging_mixin.py:188} INFO - [2024-05-07T21:53:00.124+0000] {dag.py:3096} INFO - Sync 1 DAGs
[2024-05-07T21:53:00.139+0000] {logging_mixin.py:188} INFO - [2024-05-07T21:53:00.139+0000] {dag.py:3954} INFO - Setting next_dagrun for pythonoperator to None, run_after=None
[2024-05-07T21:53:00.171+0000] {processor.py:183} INFO - Processing /opt/airflow/dags/2_pythonoperator.py took 0.192 seconds
[2024-05-07T21:53:30.308+0000] {processor.py:161} INFO - Started process (PID=1330) to work on /opt/airflow/dags/2_pythonoperator.py
[2024-05-07T21:53:30.309+0000] {processor.py:830} INFO - Processing file /opt/airflow/dags/2_pythonoperator.py for tasks to queue
[2024-05-07T21:53:30.311+0000] {logging_mixin.py:188} INFO - [2024-05-07T21:53:30.310+0000] {dagbag.py:545} INFO - Filling up the DagBag from /opt/airflow/dags/2_pythonoperator.py
[2024-05-07T21:53:30.364+0000] {processor.py:840} INFO - DAG(s) 'pythonoperator' retrieved from /opt/airflow/dags/2_pythonoperator.py
[2024-05-07T21:53:30.391+0000] {logging_mixin.py:188} INFO - [2024-05-07T21:53:30.391+0000] {dag.py:3096} INFO - Sync 1 DAGs
[2024-05-07T21:53:30.411+0000] {logging_mixin.py:188} INFO - [2024-05-07T21:53:30.410+0000] {dag.py:3954} INFO - Setting next_dagrun for pythonoperator to None, run_after=None
[2024-05-07T21:53:30.428+0000] {processor.py:183} INFO - Processing /opt/airflow/dags/2_pythonoperator.py took 0.125 seconds
[2024-05-07T21:54:00.553+0000] {processor.py:161} INFO - Started process (PID=1340) to work on /opt/airflow/dags/2_pythonoperator.py
[2024-05-07T21:54:00.555+0000] {processor.py:830} INFO - Processing file /opt/airflow/dags/2_pythonoperator.py for tasks to queue
[2024-05-07T21:54:00.556+0000] {logging_mixin.py:188} INFO - [2024-05-07T21:54:00.556+0000] {dagbag.py:545} INFO - Filling up the DagBag from /opt/airflow/dags/2_pythonoperator.py
[2024-05-07T21:54:00.614+0000] {processor.py:840} INFO - DAG(s) 'pythonoperator' retrieved from /opt/airflow/dags/2_pythonoperator.py
[2024-05-07T21:54:00.642+0000] {logging_mixin.py:188} INFO - [2024-05-07T21:54:00.642+0000] {dag.py:3096} INFO - Sync 1 DAGs
[2024-05-07T21:54:00.712+0000] {logging_mixin.py:188} INFO - [2024-05-07T21:54:00.712+0000] {dag.py:3954} INFO - Setting next_dagrun for pythonoperator to None, run_after=None
[2024-05-07T21:54:00.756+0000] {processor.py:183} INFO - Processing /opt/airflow/dags/2_pythonoperator.py took 0.208 seconds
[2024-05-07T21:54:31.632+0000] {processor.py:161} INFO - Started process (PID=1350) to work on /opt/airflow/dags/2_pythonoperator.py
[2024-05-07T21:54:31.634+0000] {processor.py:830} INFO - Processing file /opt/airflow/dags/2_pythonoperator.py for tasks to queue
[2024-05-07T21:54:31.635+0000] {logging_mixin.py:188} INFO - [2024-05-07T21:54:31.635+0000] {dagbag.py:545} INFO - Filling up the DagBag from /opt/airflow/dags/2_pythonoperator.py
[2024-05-07T21:54:31.661+0000] {processor.py:840} INFO - DAG(s) 'pythonoperator' retrieved from /opt/airflow/dags/2_pythonoperator.py
[2024-05-07T21:54:31.682+0000] {logging_mixin.py:188} INFO - [2024-05-07T21:54:31.681+0000] {dag.py:3096} INFO - Sync 1 DAGs
[2024-05-07T21:54:31.697+0000] {logging_mixin.py:188} INFO - [2024-05-07T21:54:31.697+0000] {dag.py:3954} INFO - Setting next_dagrun for pythonoperator to None, run_after=None
[2024-05-07T21:54:31.717+0000] {processor.py:183} INFO - Processing /opt/airflow/dags/2_pythonoperator.py took 0.090 seconds
[2024-05-07T21:55:02.717+0000] {processor.py:161} INFO - Started process (PID=1359) to work on /opt/airflow/dags/2_pythonoperator.py
[2024-05-07T21:55:02.718+0000] {processor.py:830} INFO - Processing file /opt/airflow/dags/2_pythonoperator.py for tasks to queue
[2024-05-07T21:55:02.719+0000] {logging_mixin.py:188} INFO - [2024-05-07T21:55:02.719+0000] {dagbag.py:545} INFO - Filling up the DagBag from /opt/airflow/dags/2_pythonoperator.py
[2024-05-07T21:55:02.763+0000] {processor.py:840} INFO - DAG(s) 'pythonoperator' retrieved from /opt/airflow/dags/2_pythonoperator.py
[2024-05-07T21:55:02.784+0000] {logging_mixin.py:188} INFO - [2024-05-07T21:55:02.784+0000] {dag.py:3096} INFO - Sync 1 DAGs
[2024-05-07T21:55:02.801+0000] {logging_mixin.py:188} INFO - [2024-05-07T21:55:02.801+0000] {dag.py:3954} INFO - Setting next_dagrun for pythonoperator to None, run_after=None
[2024-05-07T21:55:02.820+0000] {processor.py:183} INFO - Processing /opt/airflow/dags/2_pythonoperator.py took 0.108 seconds
[2024-05-07T21:55:33.059+0000] {processor.py:161} INFO - Started process (PID=1371) to work on /opt/airflow/dags/2_pythonoperator.py
[2024-05-07T21:55:33.060+0000] {processor.py:830} INFO - Processing file /opt/airflow/dags/2_pythonoperator.py for tasks to queue
[2024-05-07T21:55:33.061+0000] {logging_mixin.py:188} INFO - [2024-05-07T21:55:33.061+0000] {dagbag.py:545} INFO - Filling up the DagBag from /opt/airflow/dags/2_pythonoperator.py
[2024-05-07T21:55:33.202+0000] {processor.py:840} INFO - DAG(s) 'pythonoperator' retrieved from /opt/airflow/dags/2_pythonoperator.py
[2024-05-07T21:55:33.230+0000] {logging_mixin.py:188} INFO - [2024-05-07T21:55:33.229+0000] {dag.py:3096} INFO - Sync 1 DAGs
[2024-05-07T21:55:33.276+0000] {logging_mixin.py:188} INFO - [2024-05-07T21:55:33.276+0000] {dag.py:3954} INFO - Setting next_dagrun for pythonoperator to None, run_after=None
[2024-05-07T21:55:33.303+0000] {processor.py:183} INFO - Processing /opt/airflow/dags/2_pythonoperator.py took 0.252 seconds
[2024-05-07T21:56:03.866+0000] {processor.py:161} INFO - Started process (PID=1381) to work on /opt/airflow/dags/2_pythonoperator.py
[2024-05-07T21:56:03.867+0000] {processor.py:830} INFO - Processing file /opt/airflow/dags/2_pythonoperator.py for tasks to queue
[2024-05-07T21:56:03.869+0000] {logging_mixin.py:188} INFO - [2024-05-07T21:56:03.868+0000] {dagbag.py:545} INFO - Filling up the DagBag from /opt/airflow/dags/2_pythonoperator.py
[2024-05-07T21:56:04.002+0000] {processor.py:840} INFO - DAG(s) 'pythonoperator' retrieved from /opt/airflow/dags/2_pythonoperator.py
[2024-05-07T21:56:04.023+0000] {logging_mixin.py:188} INFO - [2024-05-07T21:56:04.022+0000] {dag.py:3096} INFO - Sync 1 DAGs
[2024-05-07T21:56:04.037+0000] {logging_mixin.py:188} INFO - [2024-05-07T21:56:04.037+0000] {dag.py:3954} INFO - Setting next_dagrun for pythonoperator to None, run_after=None
[2024-05-07T21:56:04.137+0000] {processor.py:183} INFO - Processing /opt/airflow/dags/2_pythonoperator.py took 0.282 seconds
[2024-05-07T21:56:34.849+0000] {processor.py:161} INFO - Started process (PID=1392) to work on /opt/airflow/dags/2_pythonoperator.py
[2024-05-07T21:56:34.851+0000] {processor.py:830} INFO - Processing file /opt/airflow/dags/2_pythonoperator.py for tasks to queue
[2024-05-07T21:56:34.852+0000] {logging_mixin.py:188} INFO - [2024-05-07T21:56:34.851+0000] {dagbag.py:545} INFO - Filling up the DagBag from /opt/airflow/dags/2_pythonoperator.py
[2024-05-07T21:56:34.891+0000] {processor.py:840} INFO - DAG(s) 'pythonoperator' retrieved from /opt/airflow/dags/2_pythonoperator.py
[2024-05-07T21:56:34.915+0000] {logging_mixin.py:188} INFO - [2024-05-07T21:56:34.914+0000] {dag.py:3096} INFO - Sync 1 DAGs
[2024-05-07T21:56:34.949+0000] {logging_mixin.py:188} INFO - [2024-05-07T21:56:34.948+0000] {dag.py:3954} INFO - Setting next_dagrun for pythonoperator to None, run_after=None
[2024-05-07T21:56:34.991+0000] {processor.py:183} INFO - Processing /opt/airflow/dags/2_pythonoperator.py took 0.149 seconds
[2024-05-07T21:57:05.068+0000] {processor.py:161} INFO - Started process (PID=1402) to work on /opt/airflow/dags/2_pythonoperator.py
[2024-05-07T21:57:05.069+0000] {processor.py:830} INFO - Processing file /opt/airflow/dags/2_pythonoperator.py for tasks to queue
[2024-05-07T21:57:05.070+0000] {logging_mixin.py:188} INFO - [2024-05-07T21:57:05.070+0000] {dagbag.py:545} INFO - Filling up the DagBag from /opt/airflow/dags/2_pythonoperator.py
[2024-05-07T21:57:05.091+0000] {processor.py:840} INFO - DAG(s) 'pythonoperator' retrieved from /opt/airflow/dags/2_pythonoperator.py
[2024-05-07T21:57:05.117+0000] {logging_mixin.py:188} INFO - [2024-05-07T21:57:05.117+0000] {dag.py:3096} INFO - Sync 1 DAGs
[2024-05-07T21:57:05.136+0000] {logging_mixin.py:188} INFO - [2024-05-07T21:57:05.136+0000] {dag.py:3954} INFO - Setting next_dagrun for pythonoperator to None, run_after=None
[2024-05-07T21:57:05.155+0000] {processor.py:183} INFO - Processing /opt/airflow/dags/2_pythonoperator.py took 0.092 seconds
[2024-05-07T21:57:35.291+0000] {processor.py:161} INFO - Started process (PID=1413) to work on /opt/airflow/dags/2_pythonoperator.py
[2024-05-07T21:57:35.293+0000] {processor.py:830} INFO - Processing file /opt/airflow/dags/2_pythonoperator.py for tasks to queue
[2024-05-07T21:57:35.294+0000] {logging_mixin.py:188} INFO - [2024-05-07T21:57:35.294+0000] {dagbag.py:545} INFO - Filling up the DagBag from /opt/airflow/dags/2_pythonoperator.py
[2024-05-07T21:57:35.347+0000] {processor.py:840} INFO - DAG(s) 'pythonoperator' retrieved from /opt/airflow/dags/2_pythonoperator.py
[2024-05-07T21:57:35.367+0000] {logging_mixin.py:188} INFO - [2024-05-07T21:57:35.367+0000] {dag.py:3096} INFO - Sync 1 DAGs
[2024-05-07T21:57:35.385+0000] {logging_mixin.py:188} INFO - [2024-05-07T21:57:35.385+0000] {dag.py:3954} INFO - Setting next_dagrun for pythonoperator to None, run_after=None
[2024-05-07T21:57:35.449+0000] {processor.py:183} INFO - Processing /opt/airflow/dags/2_pythonoperator.py took 0.164 seconds
[2024-05-07T21:58:05.742+0000] {processor.py:161} INFO - Started process (PID=1423) to work on /opt/airflow/dags/2_pythonoperator.py
[2024-05-07T21:58:05.743+0000] {processor.py:830} INFO - Processing file /opt/airflow/dags/2_pythonoperator.py for tasks to queue
[2024-05-07T21:58:05.745+0000] {logging_mixin.py:188} INFO - [2024-05-07T21:58:05.744+0000] {dagbag.py:545} INFO - Filling up the DagBag from /opt/airflow/dags/2_pythonoperator.py
[2024-05-07T21:58:05.791+0000] {processor.py:840} INFO - DAG(s) 'pythonoperator' retrieved from /opt/airflow/dags/2_pythonoperator.py
[2024-05-07T21:58:05.823+0000] {logging_mixin.py:188} INFO - [2024-05-07T21:58:05.823+0000] {dag.py:3096} INFO - Sync 1 DAGs
[2024-05-07T21:58:05.843+0000] {logging_mixin.py:188} INFO - [2024-05-07T21:58:05.843+0000] {dag.py:3954} INFO - Setting next_dagrun for pythonoperator to None, run_after=None
[2024-05-07T21:58:05.864+0000] {processor.py:183} INFO - Processing /opt/airflow/dags/2_pythonoperator.py took 0.129 seconds
[2024-05-07T21:58:36.176+0000] {processor.py:161} INFO - Started process (PID=1434) to work on /opt/airflow/dags/2_pythonoperator.py
[2024-05-07T21:58:36.178+0000] {processor.py:830} INFO - Processing file /opt/airflow/dags/2_pythonoperator.py for tasks to queue
[2024-05-07T21:58:36.180+0000] {logging_mixin.py:188} INFO - [2024-05-07T21:58:36.179+0000] {dagbag.py:545} INFO - Filling up the DagBag from /opt/airflow/dags/2_pythonoperator.py
[2024-05-07T21:58:36.225+0000] {processor.py:840} INFO - DAG(s) 'pythonoperator' retrieved from /opt/airflow/dags/2_pythonoperator.py
[2024-05-07T21:58:36.253+0000] {logging_mixin.py:188} INFO - [2024-05-07T21:58:36.253+0000] {dag.py:3096} INFO - Sync 1 DAGs
[2024-05-07T21:58:36.268+0000] {logging_mixin.py:188} INFO - [2024-05-07T21:58:36.268+0000] {dag.py:3954} INFO - Setting next_dagrun for pythonoperator to None, run_after=None
[2024-05-07T21:58:36.289+0000] {processor.py:183} INFO - Processing /opt/airflow/dags/2_pythonoperator.py took 0.120 seconds
[2024-05-07T21:59:07.241+0000] {processor.py:161} INFO - Started process (PID=1445) to work on /opt/airflow/dags/2_pythonoperator.py
[2024-05-07T21:59:07.243+0000] {processor.py:830} INFO - Processing file /opt/airflow/dags/2_pythonoperator.py for tasks to queue
[2024-05-07T21:59:07.244+0000] {logging_mixin.py:188} INFO - [2024-05-07T21:59:07.244+0000] {dagbag.py:545} INFO - Filling up the DagBag from /opt/airflow/dags/2_pythonoperator.py
[2024-05-07T21:59:07.284+0000] {processor.py:840} INFO - DAG(s) 'pythonoperator' retrieved from /opt/airflow/dags/2_pythonoperator.py
[2024-05-07T21:59:07.307+0000] {logging_mixin.py:188} INFO - [2024-05-07T21:59:07.307+0000] {dag.py:3096} INFO - Sync 1 DAGs
[2024-05-07T21:59:07.325+0000] {logging_mixin.py:188} INFO - [2024-05-07T21:59:07.325+0000] {dag.py:3954} INFO - Setting next_dagrun for pythonoperator to None, run_after=None
[2024-05-07T21:59:07.345+0000] {processor.py:183} INFO - Processing /opt/airflow/dags/2_pythonoperator.py took 0.112 seconds
[2024-05-07T21:59:37.769+0000] {processor.py:161} INFO - Started process (PID=1455) to work on /opt/airflow/dags/2_pythonoperator.py
[2024-05-07T21:59:37.770+0000] {processor.py:830} INFO - Processing file /opt/airflow/dags/2_pythonoperator.py for tasks to queue
[2024-05-07T21:59:37.773+0000] {logging_mixin.py:188} INFO - [2024-05-07T21:59:37.772+0000] {dagbag.py:545} INFO - Filling up the DagBag from /opt/airflow/dags/2_pythonoperator.py
[2024-05-07T21:59:37.811+0000] {processor.py:840} INFO - DAG(s) 'pythonoperator' retrieved from /opt/airflow/dags/2_pythonoperator.py
[2024-05-07T21:59:37.842+0000] {logging_mixin.py:188} INFO - [2024-05-07T21:59:37.842+0000] {dag.py:3096} INFO - Sync 1 DAGs
[2024-05-07T21:59:37.866+0000] {logging_mixin.py:188} INFO - [2024-05-07T21:59:37.866+0000] {dag.py:3954} INFO - Setting next_dagrun for pythonoperator to None, run_after=None
[2024-05-07T21:59:37.904+0000] {processor.py:183} INFO - Processing /opt/airflow/dags/2_pythonoperator.py took 0.141 seconds
[2024-05-07T22:00:08.316+0000] {processor.py:161} INFO - Started process (PID=1465) to work on /opt/airflow/dags/2_pythonoperator.py
[2024-05-07T22:00:08.317+0000] {processor.py:830} INFO - Processing file /opt/airflow/dags/2_pythonoperator.py for tasks to queue
[2024-05-07T22:00:08.319+0000] {logging_mixin.py:188} INFO - [2024-05-07T22:00:08.318+0000] {dagbag.py:545} INFO - Filling up the DagBag from /opt/airflow/dags/2_pythonoperator.py
[2024-05-07T22:00:08.389+0000] {processor.py:840} INFO - DAG(s) 'pythonoperator' retrieved from /opt/airflow/dags/2_pythonoperator.py
[2024-05-07T22:00:08.413+0000] {logging_mixin.py:188} INFO - [2024-05-07T22:00:08.412+0000] {dag.py:3096} INFO - Sync 1 DAGs
[2024-05-07T22:00:08.431+0000] {logging_mixin.py:188} INFO - [2024-05-07T22:00:08.431+0000] {dag.py:3954} INFO - Setting next_dagrun for pythonoperator to None, run_after=None
[2024-05-07T22:00:08.454+0000] {processor.py:183} INFO - Processing /opt/airflow/dags/2_pythonoperator.py took 0.148 seconds
[2024-05-07T22:00:38.994+0000] {processor.py:161} INFO - Started process (PID=1475) to work on /opt/airflow/dags/2_pythonoperator.py
[2024-05-07T22:00:38.995+0000] {processor.py:830} INFO - Processing file /opt/airflow/dags/2_pythonoperator.py for tasks to queue
[2024-05-07T22:00:38.997+0000] {logging_mixin.py:188} INFO - [2024-05-07T22:00:38.996+0000] {dagbag.py:545} INFO - Filling up the DagBag from /opt/airflow/dags/2_pythonoperator.py
[2024-05-07T22:00:39.022+0000] {processor.py:840} INFO - DAG(s) 'pythonoperator' retrieved from /opt/airflow/dags/2_pythonoperator.py
[2024-05-07T22:00:39.050+0000] {logging_mixin.py:188} INFO - [2024-05-07T22:00:39.049+0000] {dag.py:3096} INFO - Sync 1 DAGs
[2024-05-07T22:00:39.068+0000] {logging_mixin.py:188} INFO - [2024-05-07T22:00:39.068+0000] {dag.py:3954} INFO - Setting next_dagrun for pythonoperator to None, run_after=None
[2024-05-07T22:00:39.104+0000] {processor.py:183} INFO - Processing /opt/airflow/dags/2_pythonoperator.py took 0.120 seconds
[2024-05-07T22:01:09.367+0000] {processor.py:161} INFO - Started process (PID=1485) to work on /opt/airflow/dags/2_pythonoperator.py
[2024-05-07T22:01:09.369+0000] {processor.py:830} INFO - Processing file /opt/airflow/dags/2_pythonoperator.py for tasks to queue
[2024-05-07T22:01:09.370+0000] {logging_mixin.py:188} INFO - [2024-05-07T22:01:09.370+0000] {dagbag.py:545} INFO - Filling up the DagBag from /opt/airflow/dags/2_pythonoperator.py
[2024-05-07T22:01:09.394+0000] {processor.py:840} INFO - DAG(s) 'pythonoperator' retrieved from /opt/airflow/dags/2_pythonoperator.py
[2024-05-07T22:01:09.414+0000] {logging_mixin.py:188} INFO - [2024-05-07T22:01:09.414+0000] {dag.py:3096} INFO - Sync 1 DAGs
[2024-05-07T22:01:09.431+0000] {logging_mixin.py:188} INFO - [2024-05-07T22:01:09.431+0000] {dag.py:3954} INFO - Setting next_dagrun for pythonoperator to None, run_after=None
[2024-05-07T22:01:09.451+0000] {processor.py:183} INFO - Processing /opt/airflow/dags/2_pythonoperator.py took 0.091 seconds
[2024-05-07T22:01:39.526+0000] {processor.py:161} INFO - Started process (PID=1495) to work on /opt/airflow/dags/2_pythonoperator.py
[2024-05-07T22:01:39.528+0000] {processor.py:830} INFO - Processing file /opt/airflow/dags/2_pythonoperator.py for tasks to queue
[2024-05-07T22:01:39.529+0000] {logging_mixin.py:188} INFO - [2024-05-07T22:01:39.528+0000] {dagbag.py:545} INFO - Filling up the DagBag from /opt/airflow/dags/2_pythonoperator.py
[2024-05-07T22:01:39.562+0000] {processor.py:840} INFO - DAG(s) 'pythonoperator' retrieved from /opt/airflow/dags/2_pythonoperator.py
[2024-05-07T22:01:39.586+0000] {logging_mixin.py:188} INFO - [2024-05-07T22:01:39.586+0000] {dag.py:3096} INFO - Sync 1 DAGs
[2024-05-07T22:01:39.604+0000] {logging_mixin.py:188} INFO - [2024-05-07T22:01:39.604+0000] {dag.py:3954} INFO - Setting next_dagrun for pythonoperator to None, run_after=None
[2024-05-07T22:01:39.623+0000] {processor.py:183} INFO - Processing /opt/airflow/dags/2_pythonoperator.py took 0.102 seconds
[2024-05-07T22:02:09.699+0000] {processor.py:161} INFO - Started process (PID=1505) to work on /opt/airflow/dags/2_pythonoperator.py
[2024-05-07T22:02:09.700+0000] {processor.py:830} INFO - Processing file /opt/airflow/dags/2_pythonoperator.py for tasks to queue
[2024-05-07T22:02:09.701+0000] {logging_mixin.py:188} INFO - [2024-05-07T22:02:09.701+0000] {dagbag.py:545} INFO - Filling up the DagBag from /opt/airflow/dags/2_pythonoperator.py
[2024-05-07T22:02:09.724+0000] {processor.py:840} INFO - DAG(s) 'pythonoperator' retrieved from /opt/airflow/dags/2_pythonoperator.py
[2024-05-07T22:02:09.746+0000] {logging_mixin.py:188} INFO - [2024-05-07T22:02:09.746+0000] {dag.py:3096} INFO - Sync 1 DAGs
[2024-05-07T22:02:09.767+0000] {logging_mixin.py:188} INFO - [2024-05-07T22:02:09.767+0000] {dag.py:3954} INFO - Setting next_dagrun for pythonoperator to None, run_after=None
[2024-05-07T22:02:09.787+0000] {processor.py:183} INFO - Processing /opt/airflow/dags/2_pythonoperator.py took 0.093 seconds
[2024-05-07T22:02:40.148+0000] {processor.py:161} INFO - Started process (PID=1515) to work on /opt/airflow/dags/2_pythonoperator.py
[2024-05-07T22:02:40.161+0000] {processor.py:830} INFO - Processing file /opt/airflow/dags/2_pythonoperator.py for tasks to queue
[2024-05-07T22:02:40.164+0000] {logging_mixin.py:188} INFO - [2024-05-07T22:02:40.163+0000] {dagbag.py:545} INFO - Filling up the DagBag from /opt/airflow/dags/2_pythonoperator.py
[2024-05-07T22:02:40.270+0000] {processor.py:840} INFO - DAG(s) 'pythonoperator' retrieved from /opt/airflow/dags/2_pythonoperator.py
[2024-05-07T22:02:40.296+0000] {logging_mixin.py:188} INFO - [2024-05-07T22:02:40.296+0000] {dag.py:3096} INFO - Sync 1 DAGs
[2024-05-07T22:02:40.314+0000] {logging_mixin.py:188} INFO - [2024-05-07T22:02:40.314+0000] {dag.py:3954} INFO - Setting next_dagrun for pythonoperator to None, run_after=None
[2024-05-07T22:02:40.336+0000] {processor.py:183} INFO - Processing /opt/airflow/dags/2_pythonoperator.py took 0.194 seconds
[2024-05-07T22:03:10.577+0000] {processor.py:161} INFO - Started process (PID=1525) to work on /opt/airflow/dags/2_pythonoperator.py
[2024-05-07T22:03:10.578+0000] {processor.py:830} INFO - Processing file /opt/airflow/dags/2_pythonoperator.py for tasks to queue
[2024-05-07T22:03:10.580+0000] {logging_mixin.py:188} INFO - [2024-05-07T22:03:10.579+0000] {dagbag.py:545} INFO - Filling up the DagBag from /opt/airflow/dags/2_pythonoperator.py
[2024-05-07T22:03:10.615+0000] {processor.py:840} INFO - DAG(s) 'pythonoperator' retrieved from /opt/airflow/dags/2_pythonoperator.py
[2024-05-07T22:03:10.636+0000] {logging_mixin.py:188} INFO - [2024-05-07T22:03:10.635+0000] {dag.py:3096} INFO - Sync 1 DAGs
[2024-05-07T22:03:10.652+0000] {logging_mixin.py:188} INFO - [2024-05-07T22:03:10.652+0000] {dag.py:3954} INFO - Setting next_dagrun for pythonoperator to None, run_after=None
[2024-05-07T22:03:10.672+0000] {processor.py:183} INFO - Processing /opt/airflow/dags/2_pythonoperator.py took 0.100 seconds
