[2024-05-07T21:52:14.464+0000] {processor.py:161} INFO - Started process (PID=1302) to work on /opt/airflow/dags/3_dependencias_entre_tareas.py
[2024-05-07T21:52:14.465+0000] {processor.py:830} INFO - Processing file /opt/airflow/dags/3_dependencias_entre_tareas.py for tasks to queue
[2024-05-07T21:52:14.466+0000] {logging_mixin.py:188} INFO - [2024-05-07T21:52:14.466+0000] {dagbag.py:545} INFO - Filling up the DagBag from /opt/airflow/dags/3_dependencias_entre_tareas.py
[2024-05-07T21:52:14.515+0000] {processor.py:840} INFO - DAG(s) 'pythonoperator' retrieved from /opt/airflow/dags/3_dependencias_entre_tareas.py
[2024-05-07T21:52:14.596+0000] {logging_mixin.py:188} INFO - [2024-05-07T21:52:14.595+0000] {dag.py:3096} INFO - Sync 1 DAGs
[2024-05-07T21:52:14.610+0000] {logging_mixin.py:188} INFO - [2024-05-07T21:52:14.610+0000] {dag.py:3954} INFO - Setting next_dagrun for pythonoperator to None, run_after=None
[2024-05-07T21:52:14.675+0000] {processor.py:183} INFO - Processing /opt/airflow/dags/3_dependencias_entre_tareas.py took 0.215 seconds
[2024-05-07T21:52:45.605+0000] {processor.py:161} INFO - Started process (PID=1312) to work on /opt/airflow/dags/3_dependencias_entre_tareas.py
[2024-05-07T21:52:45.606+0000] {processor.py:830} INFO - Processing file /opt/airflow/dags/3_dependencias_entre_tareas.py for tasks to queue
[2024-05-07T21:52:45.608+0000] {logging_mixin.py:188} INFO - [2024-05-07T21:52:45.608+0000] {dagbag.py:545} INFO - Filling up the DagBag from /opt/airflow/dags/3_dependencias_entre_tareas.py
[2024-05-07T21:52:45.632+0000] {processor.py:840} INFO - DAG(s) 'pythonoperator' retrieved from /opt/airflow/dags/3_dependencias_entre_tareas.py
[2024-05-07T21:52:45.654+0000] {logging_mixin.py:188} INFO - [2024-05-07T21:52:45.654+0000] {dag.py:3096} INFO - Sync 1 DAGs
[2024-05-07T21:52:45.673+0000] {logging_mixin.py:188} INFO - [2024-05-07T21:52:45.672+0000] {dag.py:3954} INFO - Setting next_dagrun for pythonoperator to None, run_after=None
[2024-05-07T21:52:45.693+0000] {processor.py:183} INFO - Processing /opt/airflow/dags/3_dependencias_entre_tareas.py took 0.093 seconds
[2024-05-07T21:53:05.398+0000] {processor.py:161} INFO - Started process (PID=1321) to work on /opt/airflow/dags/3_dependencias_entre_tareas.py
[2024-05-07T21:53:05.399+0000] {processor.py:830} INFO - Processing file /opt/airflow/dags/3_dependencias_entre_tareas.py for tasks to queue
[2024-05-07T21:53:05.402+0000] {logging_mixin.py:188} INFO - [2024-05-07T21:53:05.401+0000] {dagbag.py:545} INFO - Filling up the DagBag from /opt/airflow/dags/3_dependencias_entre_tareas.py
[2024-05-07T21:53:05.429+0000] {logging_mixin.py:188} INFO - [2024-05-07T21:53:05.427+0000] {dagbag.py:355} ERROR - Failed to import: /opt/airflow/dags/3_dependencias_entre_tareas.py
Traceback (most recent call last):
  File "/home/airflow/.local/lib/python3.12/site-packages/airflow/models/dagbag.py", line 351, in parse
    loader.exec_module(new_module)
  File "<frozen importlib._bootstrap_external>", line 991, in exec_module
  File "<frozen importlib._bootstrap_external>", line 1129, in get_code
  File "<frozen importlib._bootstrap_external>", line 1059, in source_to_code
  File "<frozen importlib._bootstrap>", line 488, in _call_with_frames_removed
  File "/opt/airflow/dags/3_dependencias_entre_tareas.py", line 38
    bas)
       ^
SyntaxError: positional argument follows keyword argument
[2024-05-07T21:53:05.430+0000] {processor.py:842} WARNING - No viable dags retrieved from /opt/airflow/dags/3_dependencias_entre_tareas.py
[2024-05-07T21:53:05.452+0000] {processor.py:183} INFO - Processing /opt/airflow/dags/3_dependencias_entre_tareas.py took 0.058 seconds
[2024-05-07T21:53:35.559+0000] {processor.py:161} INFO - Started process (PID=1331) to work on /opt/airflow/dags/3_dependencias_entre_tareas.py
[2024-05-07T21:53:35.561+0000] {processor.py:830} INFO - Processing file /opt/airflow/dags/3_dependencias_entre_tareas.py for tasks to queue
[2024-05-07T21:53:35.562+0000] {logging_mixin.py:188} INFO - [2024-05-07T21:53:35.561+0000] {dagbag.py:545} INFO - Filling up the DagBag from /opt/airflow/dags/3_dependencias_entre_tareas.py
[2024-05-07T21:53:35.579+0000] {logging_mixin.py:188} INFO - [2024-05-07T21:53:35.578+0000] {dagbag.py:355} ERROR - Failed to import: /opt/airflow/dags/3_dependencias_entre_tareas.py
Traceback (most recent call last):
  File "/home/airflow/.local/lib/python3.12/site-packages/airflow/models/dagbag.py", line 351, in parse
    loader.exec_module(new_module)
  File "<frozen importlib._bootstrap_external>", line 991, in exec_module
  File "<frozen importlib._bootstrap_external>", line 1129, in get_code
  File "<frozen importlib._bootstrap_external>", line 1059, in source_to_code
  File "<frozen importlib._bootstrap>", line 488, in _call_with_frames_removed
  File "/opt/airflow/dags/3_dependencias_entre_tareas.py", line 38
    bas)
       ^
SyntaxError: positional argument follows keyword argument
[2024-05-07T21:53:35.580+0000] {processor.py:842} WARNING - No viable dags retrieved from /opt/airflow/dags/3_dependencias_entre_tareas.py
[2024-05-07T21:53:35.599+0000] {processor.py:183} INFO - Processing /opt/airflow/dags/3_dependencias_entre_tareas.py took 0.046 seconds
[2024-05-07T21:54:05.896+0000] {processor.py:161} INFO - Started process (PID=1341) to work on /opt/airflow/dags/3_dependencias_entre_tareas.py
[2024-05-07T21:54:05.897+0000] {processor.py:830} INFO - Processing file /opt/airflow/dags/3_dependencias_entre_tareas.py for tasks to queue
[2024-05-07T21:54:05.898+0000] {logging_mixin.py:188} INFO - [2024-05-07T21:54:05.897+0000] {dagbag.py:545} INFO - Filling up the DagBag from /opt/airflow/dags/3_dependencias_entre_tareas.py
[2024-05-07T21:54:05.921+0000] {logging_mixin.py:188} INFO - [2024-05-07T21:54:05.920+0000] {dagbag.py:355} ERROR - Failed to import: /opt/airflow/dags/3_dependencias_entre_tareas.py
Traceback (most recent call last):
  File "/home/airflow/.local/lib/python3.12/site-packages/airflow/models/dagbag.py", line 351, in parse
    loader.exec_module(new_module)
  File "<frozen importlib._bootstrap_external>", line 991, in exec_module
  File "<frozen importlib._bootstrap_external>", line 1129, in get_code
  File "<frozen importlib._bootstrap_external>", line 1059, in source_to_code
  File "<frozen importlib._bootstrap>", line 488, in _call_with_frames_removed
  File "/opt/airflow/dags/3_dependencias_entre_tareas.py", line 38
    bas)
       ^
SyntaxError: positional argument follows keyword argument
[2024-05-07T21:54:05.922+0000] {processor.py:842} WARNING - No viable dags retrieved from /opt/airflow/dags/3_dependencias_entre_tareas.py
[2024-05-07T21:54:05.940+0000] {processor.py:183} INFO - Processing /opt/airflow/dags/3_dependencias_entre_tareas.py took 0.051 seconds
[2024-05-07T21:54:32.739+0000] {processor.py:161} INFO - Started process (PID=1351) to work on /opt/airflow/dags/3_dependencias_entre_tareas.py
[2024-05-07T21:54:32.741+0000] {processor.py:830} INFO - Processing file /opt/airflow/dags/3_dependencias_entre_tareas.py for tasks to queue
[2024-05-07T21:54:32.742+0000] {logging_mixin.py:188} INFO - [2024-05-07T21:54:32.741+0000] {dagbag.py:545} INFO - Filling up the DagBag from /opt/airflow/dags/3_dependencias_entre_tareas.py
[2024-05-07T21:54:32.776+0000] {logging_mixin.py:188} INFO - [2024-05-07T21:54:32.772+0000] {dagbag.py:355} ERROR - Failed to import: /opt/airflow/dags/3_dependencias_entre_tareas.py
Traceback (most recent call last):
  File "/home/airflow/.local/lib/python3.12/site-packages/airflow/models/dagbag.py", line 351, in parse
    loader.exec_module(new_module)
  File "<frozen importlib._bootstrap_external>", line 995, in exec_module
  File "<frozen importlib._bootstrap>", line 488, in _call_with_frames_removed
  File "/opt/airflow/dags/3_dependencias_entre_tareas.py", line 24, in <module>
    from airflow.operator.bash import BashOperator
ModuleNotFoundError: No module named 'airflow.operator'
[2024-05-07T21:54:32.778+0000] {processor.py:842} WARNING - No viable dags retrieved from /opt/airflow/dags/3_dependencias_entre_tareas.py
[2024-05-07T21:54:32.799+0000] {processor.py:183} INFO - Processing /opt/airflow/dags/3_dependencias_entre_tareas.py took 0.064 seconds
[2024-05-07T21:55:02.911+0000] {processor.py:161} INFO - Started process (PID=1360) to work on /opt/airflow/dags/3_dependencias_entre_tareas.py
[2024-05-07T21:55:02.915+0000] {processor.py:830} INFO - Processing file /opt/airflow/dags/3_dependencias_entre_tareas.py for tasks to queue
[2024-05-07T21:55:02.924+0000] {logging_mixin.py:188} INFO - [2024-05-07T21:55:02.923+0000] {dagbag.py:545} INFO - Filling up the DagBag from /opt/airflow/dags/3_dependencias_entre_tareas.py
[2024-05-07T21:55:02.962+0000] {logging_mixin.py:188} INFO - [2024-05-07T21:55:02.955+0000] {dagbag.py:355} ERROR - Failed to import: /opt/airflow/dags/3_dependencias_entre_tareas.py
Traceback (most recent call last):
  File "/home/airflow/.local/lib/python3.12/site-packages/airflow/models/dagbag.py", line 351, in parse
    loader.exec_module(new_module)
  File "<frozen importlib._bootstrap_external>", line 995, in exec_module
  File "<frozen importlib._bootstrap>", line 488, in _call_with_frames_removed
  File "/opt/airflow/dags/3_dependencias_entre_tareas.py", line 24, in <module>
    from airflow.operator.bash import BashOperator
ModuleNotFoundError: No module named 'airflow.operator'
[2024-05-07T21:55:02.964+0000] {processor.py:842} WARNING - No viable dags retrieved from /opt/airflow/dags/3_dependencias_entre_tareas.py
[2024-05-07T21:55:02.984+0000] {processor.py:183} INFO - Processing /opt/airflow/dags/3_dependencias_entre_tareas.py took 0.079 seconds
[2024-05-07T21:55:15.132+0000] {processor.py:161} INFO - Started process (PID=1361) to work on /opt/airflow/dags/3_dependencias_entre_tareas.py
[2024-05-07T21:55:15.133+0000] {processor.py:830} INFO - Processing file /opt/airflow/dags/3_dependencias_entre_tareas.py for tasks to queue
[2024-05-07T21:55:15.134+0000] {logging_mixin.py:188} INFO - [2024-05-07T21:55:15.134+0000] {dagbag.py:545} INFO - Filling up the DagBag from /opt/airflow/dags/3_dependencias_entre_tareas.py
[2024-05-07T21:55:15.168+0000] {logging_mixin.py:188} INFO - [2024-05-07T21:55:15.162+0000] {dagbag.py:355} ERROR - Failed to import: /opt/airflow/dags/3_dependencias_entre_tareas.py
Traceback (most recent call last):
  File "/home/airflow/.local/lib/python3.12/site-packages/airflow/models/dagbag.py", line 351, in parse
    loader.exec_module(new_module)
  File "<frozen importlib._bootstrap_external>", line 995, in exec_module
  File "<frozen importlib._bootstrap>", line 488, in _call_with_frames_removed
  File "/opt/airflow/dags/3_dependencias_entre_tareas.py", line 24, in <module>
    from airflow.operator.bash import BashOperator
ModuleNotFoundError: No module named 'airflow.operator'
[2024-05-07T21:55:15.172+0000] {processor.py:842} WARNING - No viable dags retrieved from /opt/airflow/dags/3_dependencias_entre_tareas.py
[2024-05-07T21:55:15.190+0000] {processor.py:183} INFO - Processing /opt/airflow/dags/3_dependencias_entre_tareas.py took 0.063 seconds
[2024-05-07T21:55:18.318+0000] {processor.py:161} INFO - Started process (PID=1368) to work on /opt/airflow/dags/3_dependencias_entre_tareas.py
[2024-05-07T21:55:18.319+0000] {processor.py:830} INFO - Processing file /opt/airflow/dags/3_dependencias_entre_tareas.py for tasks to queue
[2024-05-07T21:55:18.321+0000] {logging_mixin.py:188} INFO - [2024-05-07T21:55:18.320+0000] {dagbag.py:545} INFO - Filling up the DagBag from /opt/airflow/dags/3_dependencias_entre_tareas.py
[2024-05-07T21:55:18.367+0000] {logging_mixin.py:188} INFO - [2024-05-07T21:55:18.358+0000] {dagbag.py:355} ERROR - Failed to import: /opt/airflow/dags/3_dependencias_entre_tareas.py
Traceback (most recent call last):
  File "/home/airflow/.local/lib/python3.12/site-packages/airflow/models/dagbag.py", line 351, in parse
    loader.exec_module(new_module)
  File "<frozen importlib._bootstrap_external>", line 995, in exec_module
  File "<frozen importlib._bootstrap>", line 488, in _call_with_frames_removed
  File "/opt/airflow/dags/3_dependencias_entre_tareas.py", line 24, in <module>
    from airflow.operator.bash import BashOperator
ModuleNotFoundError: No module named 'airflow.operator'
[2024-05-07T21:55:18.369+0000] {processor.py:842} WARNING - No viable dags retrieved from /opt/airflow/dags/3_dependencias_entre_tareas.py
[2024-05-07T21:55:18.388+0000] {processor.py:183} INFO - Processing /opt/airflow/dags/3_dependencias_entre_tareas.py took 0.074 seconds
[2024-05-07T21:55:49.050+0000] {processor.py:161} INFO - Started process (PID=1378) to work on /opt/airflow/dags/3_dependencias_entre_tareas.py
[2024-05-07T21:55:49.051+0000] {processor.py:830} INFO - Processing file /opt/airflow/dags/3_dependencias_entre_tareas.py for tasks to queue
[2024-05-07T21:55:49.053+0000] {logging_mixin.py:188} INFO - [2024-05-07T21:55:49.052+0000] {dagbag.py:545} INFO - Filling up the DagBag from /opt/airflow/dags/3_dependencias_entre_tareas.py
[2024-05-07T21:55:49.101+0000] {logging_mixin.py:188} INFO - [2024-05-07T21:55:49.092+0000] {dagbag.py:355} ERROR - Failed to import: /opt/airflow/dags/3_dependencias_entre_tareas.py
Traceback (most recent call last):
  File "/home/airflow/.local/lib/python3.12/site-packages/airflow/models/dagbag.py", line 351, in parse
    loader.exec_module(new_module)
  File "<frozen importlib._bootstrap_external>", line 995, in exec_module
  File "<frozen importlib._bootstrap>", line 488, in _call_with_frames_removed
  File "/opt/airflow/dags/3_dependencias_entre_tareas.py", line 24, in <module>
    from airflow.operator.bash import BashOperator
ModuleNotFoundError: No module named 'airflow.operator'
[2024-05-07T21:55:49.104+0000] {processor.py:842} WARNING - No viable dags retrieved from /opt/airflow/dags/3_dependencias_entre_tareas.py
[2024-05-07T21:55:49.144+0000] {processor.py:183} INFO - Processing /opt/airflow/dags/3_dependencias_entre_tareas.py took 0.099 seconds
[2024-05-07T21:56:12.545+0000] {processor.py:161} INFO - Started process (PID=1382) to work on /opt/airflow/dags/3_dependencias_entre_tareas.py
[2024-05-07T21:56:12.546+0000] {processor.py:830} INFO - Processing file /opt/airflow/dags/3_dependencias_entre_tareas.py for tasks to queue
[2024-05-07T21:56:12.547+0000] {logging_mixin.py:188} INFO - [2024-05-07T21:56:12.547+0000] {dagbag.py:545} INFO - Filling up the DagBag from /opt/airflow/dags/3_dependencias_entre_tareas.py
[2024-05-07T21:56:12.638+0000] {processor.py:840} INFO - DAG(s) 'dependencias' retrieved from /opt/airflow/dags/3_dependencias_entre_tareas.py
[2024-05-07T21:56:12.755+0000] {logging_mixin.py:188} INFO - [2024-05-07T21:56:12.754+0000] {override.py:1829} INFO - Created Permission View: can read on DAG:dependencias
[2024-05-07T21:56:12.793+0000] {logging_mixin.py:188} INFO - [2024-05-07T21:56:12.793+0000] {override.py:1829} INFO - Created Permission View: can edit on DAG:dependencias
[2024-05-07T21:56:12.822+0000] {logging_mixin.py:188} INFO - [2024-05-07T21:56:12.821+0000] {override.py:1829} INFO - Created Permission View: can delete on DAG:dependencias
[2024-05-07T21:56:12.830+0000] {logging_mixin.py:188} INFO - [2024-05-07T21:56:12.830+0000] {dag.py:3096} INFO - Sync 1 DAGs
[2024-05-07T21:56:12.840+0000] {logging_mixin.py:188} INFO - [2024-05-07T21:56:12.840+0000] {dag.py:3118} INFO - Creating ORM DAG for dependencias
[2024-05-07T21:56:12.851+0000] {logging_mixin.py:188} INFO - [2024-05-07T21:56:12.851+0000] {dag.py:3954} INFO - Setting next_dagrun for dependencias to 2024-05-07 00:00:00+00:00, run_after=2024-05-07 00:00:00+00:00
[2024-05-07T21:56:12.966+0000] {processor.py:183} INFO - Processing /opt/airflow/dags/3_dependencias_entre_tareas.py took 0.426 seconds
[2024-05-07T21:56:15.083+0000] {processor.py:161} INFO - Started process (PID=1383) to work on /opt/airflow/dags/3_dependencias_entre_tareas.py
[2024-05-07T21:56:15.098+0000] {processor.py:830} INFO - Processing file /opt/airflow/dags/3_dependencias_entre_tareas.py for tasks to queue
[2024-05-07T21:56:15.100+0000] {logging_mixin.py:188} INFO - [2024-05-07T21:56:15.099+0000] {dagbag.py:545} INFO - Filling up the DagBag from /opt/airflow/dags/3_dependencias_entre_tareas.py
[2024-05-07T21:56:15.153+0000] {processor.py:840} INFO - DAG(s) 'dependencias' retrieved from /opt/airflow/dags/3_dependencias_entre_tareas.py
[2024-05-07T21:56:15.166+0000] {logging_mixin.py:188} INFO - [2024-05-07T21:56:15.166+0000] {dag.py:3096} INFO - Sync 1 DAGs
[2024-05-07T21:56:15.185+0000] {logging_mixin.py:188} INFO - [2024-05-07T21:56:15.185+0000] {dag.py:3954} INFO - Setting next_dagrun for dependencias to 2024-05-07 00:00:00+00:00, run_after=2024-05-07 00:00:00+00:00
[2024-05-07T21:56:15.305+0000] {processor.py:183} INFO - Processing /opt/airflow/dags/3_dependencias_entre_tareas.py took 0.229 seconds
[2024-05-07T21:56:46.096+0000] {processor.py:161} INFO - Started process (PID=1393) to work on /opt/airflow/dags/3_dependencias_entre_tareas.py
[2024-05-07T21:56:46.098+0000] {processor.py:830} INFO - Processing file /opt/airflow/dags/3_dependencias_entre_tareas.py for tasks to queue
[2024-05-07T21:56:46.099+0000] {logging_mixin.py:188} INFO - [2024-05-07T21:56:46.099+0000] {dagbag.py:545} INFO - Filling up the DagBag from /opt/airflow/dags/3_dependencias_entre_tareas.py
[2024-05-07T21:56:46.165+0000] {processor.py:840} INFO - DAG(s) 'dependencias' retrieved from /opt/airflow/dags/3_dependencias_entre_tareas.py
[2024-05-07T21:56:46.203+0000] {logging_mixin.py:188} INFO - [2024-05-07T21:56:46.203+0000] {dag.py:3096} INFO - Sync 1 DAGs
[2024-05-07T21:56:46.222+0000] {logging_mixin.py:188} INFO - [2024-05-07T21:56:46.222+0000] {dag.py:3954} INFO - Setting next_dagrun for dependencias to 2024-05-07 00:00:00+00:00, run_after=2024-05-07 00:00:00+00:00
[2024-05-07T21:56:46.251+0000] {processor.py:183} INFO - Processing /opt/airflow/dags/3_dependencias_entre_tareas.py took 0.161 seconds
[2024-05-07T21:57:16.509+0000] {processor.py:161} INFO - Started process (PID=1403) to work on /opt/airflow/dags/3_dependencias_entre_tareas.py
[2024-05-07T21:57:16.510+0000] {processor.py:830} INFO - Processing file /opt/airflow/dags/3_dependencias_entre_tareas.py for tasks to queue
[2024-05-07T21:57:16.512+0000] {logging_mixin.py:188} INFO - [2024-05-07T21:57:16.511+0000] {dagbag.py:545} INFO - Filling up the DagBag from /opt/airflow/dags/3_dependencias_entre_tareas.py
[2024-05-07T21:57:16.549+0000] {processor.py:840} INFO - DAG(s) 'dependencias' retrieved from /opt/airflow/dags/3_dependencias_entre_tareas.py
[2024-05-07T21:57:16.575+0000] {logging_mixin.py:188} INFO - [2024-05-07T21:57:16.575+0000] {dag.py:3096} INFO - Sync 1 DAGs
[2024-05-07T21:57:16.593+0000] {logging_mixin.py:188} INFO - [2024-05-07T21:57:16.593+0000] {dag.py:3954} INFO - Setting next_dagrun for dependencias to 2024-05-07 00:00:00+00:00, run_after=2024-05-07 00:00:00+00:00
[2024-05-07T21:57:16.622+0000] {processor.py:183} INFO - Processing /opt/airflow/dags/3_dependencias_entre_tareas.py took 0.118 seconds
[2024-05-07T21:57:23.878+0000] {processor.py:161} INFO - Started process (PID=1411) to work on /opt/airflow/dags/3_dependencias_entre_tareas.py
[2024-05-07T21:57:23.881+0000] {processor.py:830} INFO - Processing file /opt/airflow/dags/3_dependencias_entre_tareas.py for tasks to queue
[2024-05-07T21:57:23.882+0000] {logging_mixin.py:188} INFO - [2024-05-07T21:57:23.881+0000] {dagbag.py:545} INFO - Filling up the DagBag from /opt/airflow/dags/3_dependencias_entre_tareas.py
[2024-05-07T21:57:23.949+0000] {processor.py:840} INFO - DAG(s) 'dependencias' retrieved from /opt/airflow/dags/3_dependencias_entre_tareas.py
[2024-05-07T21:57:24.135+0000] {logging_mixin.py:188} INFO - [2024-05-07T21:57:24.135+0000] {dag.py:3096} INFO - Sync 1 DAGs
[2024-05-07T21:57:24.161+0000] {logging_mixin.py:188} INFO - [2024-05-07T21:57:24.160+0000] {dag.py:3954} INFO - Setting next_dagrun for dependencias to 2024-05-07 00:00:00+00:00, run_after=2024-05-07 00:00:00+00:00
[2024-05-07T21:57:24.205+0000] {processor.py:183} INFO - Processing /opt/airflow/dags/3_dependencias_entre_tareas.py took 0.332 seconds
[2024-05-07T21:57:54.303+0000] {processor.py:161} INFO - Started process (PID=1421) to work on /opt/airflow/dags/3_dependencias_entre_tareas.py
[2024-05-07T21:57:54.304+0000] {processor.py:830} INFO - Processing file /opt/airflow/dags/3_dependencias_entre_tareas.py for tasks to queue
[2024-05-07T21:57:54.306+0000] {logging_mixin.py:188} INFO - [2024-05-07T21:57:54.305+0000] {dagbag.py:545} INFO - Filling up the DagBag from /opt/airflow/dags/3_dependencias_entre_tareas.py
[2024-05-07T21:57:54.374+0000] {processor.py:840} INFO - DAG(s) 'dependencias' retrieved from /opt/airflow/dags/3_dependencias_entre_tareas.py
[2024-05-07T21:57:54.406+0000] {logging_mixin.py:188} INFO - [2024-05-07T21:57:54.405+0000] {dag.py:3096} INFO - Sync 1 DAGs
[2024-05-07T21:57:54.424+0000] {logging_mixin.py:188} INFO - [2024-05-07T21:57:54.423+0000] {dag.py:3954} INFO - Setting next_dagrun for dependencias to 2024-05-07 00:00:00+00:00, run_after=2024-05-07 00:00:00+00:00
[2024-05-07T21:57:54.444+0000] {processor.py:183} INFO - Processing /opt/airflow/dags/3_dependencias_entre_tareas.py took 0.149 seconds
[2024-05-07T21:58:12.108+0000] {processor.py:161} INFO - Started process (PID=1424) to work on /opt/airflow/dags/3_dependencias_entre_tareas.py
[2024-05-07T21:58:12.111+0000] {processor.py:830} INFO - Processing file /opt/airflow/dags/3_dependencias_entre_tareas.py for tasks to queue
[2024-05-07T21:58:12.112+0000] {logging_mixin.py:188} INFO - [2024-05-07T21:58:12.112+0000] {dagbag.py:545} INFO - Filling up the DagBag from /opt/airflow/dags/3_dependencias_entre_tareas.py
[2024-05-07T21:58:12.175+0000] {processor.py:840} INFO - DAG(s) 'dependencias' retrieved from /opt/airflow/dags/3_dependencias_entre_tareas.py
[2024-05-07T21:58:12.200+0000] {logging_mixin.py:188} INFO - [2024-05-07T21:58:12.200+0000] {dag.py:3096} INFO - Sync 1 DAGs
[2024-05-07T21:58:12.218+0000] {logging_mixin.py:188} INFO - [2024-05-07T21:58:12.217+0000] {dag.py:3954} INFO - Setting next_dagrun for dependencias to 2024-05-07 00:00:00+00:00, run_after=2024-05-07 00:00:00+00:00
[2024-05-07T21:58:12.294+0000] {processor.py:183} INFO - Processing /opt/airflow/dags/3_dependencias_entre_tareas.py took 0.190 seconds
[2024-05-07T21:58:14.436+0000] {processor.py:161} INFO - Started process (PID=1425) to work on /opt/airflow/dags/3_dependencias_entre_tareas.py
[2024-05-07T21:58:14.437+0000] {processor.py:830} INFO - Processing file /opt/airflow/dags/3_dependencias_entre_tareas.py for tasks to queue
[2024-05-07T21:58:14.438+0000] {logging_mixin.py:188} INFO - [2024-05-07T21:58:14.438+0000] {dagbag.py:545} INFO - Filling up the DagBag from /opt/airflow/dags/3_dependencias_entre_tareas.py
[2024-05-07T21:58:14.532+0000] {processor.py:840} INFO - DAG(s) 'dependencias' retrieved from /opt/airflow/dags/3_dependencias_entre_tareas.py
[2024-05-07T21:58:14.557+0000] {logging_mixin.py:188} INFO - [2024-05-07T21:58:14.556+0000] {dag.py:3096} INFO - Sync 1 DAGs
[2024-05-07T21:58:14.577+0000] {logging_mixin.py:188} INFO - [2024-05-07T21:58:14.577+0000] {dag.py:3954} INFO - Setting next_dagrun for dependencias to 2024-05-07 00:00:00+00:00, run_after=2024-05-07 00:00:00+00:00
[2024-05-07T21:58:14.641+0000] {processor.py:183} INFO - Processing /opt/airflow/dags/3_dependencias_entre_tareas.py took 0.210 seconds
[2024-05-07T21:58:45.368+0000] {processor.py:161} INFO - Started process (PID=1435) to work on /opt/airflow/dags/3_dependencias_entre_tareas.py
[2024-05-07T21:58:45.369+0000] {processor.py:830} INFO - Processing file /opt/airflow/dags/3_dependencias_entre_tareas.py for tasks to queue
[2024-05-07T21:58:45.370+0000] {logging_mixin.py:188} INFO - [2024-05-07T21:58:45.370+0000] {dagbag.py:545} INFO - Filling up the DagBag from /opt/airflow/dags/3_dependencias_entre_tareas.py
[2024-05-07T21:58:45.399+0000] {processor.py:840} INFO - DAG(s) 'dependencias' retrieved from /opt/airflow/dags/3_dependencias_entre_tareas.py
[2024-05-07T21:58:45.422+0000] {logging_mixin.py:188} INFO - [2024-05-07T21:58:45.422+0000] {dag.py:3096} INFO - Sync 1 DAGs
[2024-05-07T21:58:45.439+0000] {logging_mixin.py:188} INFO - [2024-05-07T21:58:45.439+0000] {dag.py:3954} INFO - Setting next_dagrun for dependencias to 2024-05-07 00:00:00+00:00, run_after=2024-05-07 00:00:00+00:00
[2024-05-07T21:58:45.459+0000] {processor.py:183} INFO - Processing /opt/airflow/dags/3_dependencias_entre_tareas.py took 0.096 seconds
[2024-05-07T21:58:54.677+0000] {processor.py:161} INFO - Started process (PID=1443) to work on /opt/airflow/dags/3_dependencias_entre_tareas.py
[2024-05-07T21:58:54.678+0000] {processor.py:830} INFO - Processing file /opt/airflow/dags/3_dependencias_entre_tareas.py for tasks to queue
[2024-05-07T21:58:54.680+0000] {logging_mixin.py:188} INFO - [2024-05-07T21:58:54.679+0000] {dagbag.py:545} INFO - Filling up the DagBag from /opt/airflow/dags/3_dependencias_entre_tareas.py
[2024-05-07T21:58:54.728+0000] {processor.py:840} INFO - DAG(s) 'dependencias' retrieved from /opt/airflow/dags/3_dependencias_entre_tareas.py
[2024-05-07T21:58:54.751+0000] {logging_mixin.py:188} INFO - [2024-05-07T21:58:54.751+0000] {dag.py:3096} INFO - Sync 1 DAGs
[2024-05-07T21:58:54.773+0000] {logging_mixin.py:188} INFO - [2024-05-07T21:58:54.773+0000] {dag.py:3954} INFO - Setting next_dagrun for dependencias to 2024-05-07 00:00:00+00:00, run_after=2024-05-07 00:00:00+00:00
[2024-05-07T21:58:54.798+0000] {processor.py:183} INFO - Processing /opt/airflow/dags/3_dependencias_entre_tareas.py took 0.126 seconds
[2024-05-07T21:59:25.071+0000] {processor.py:161} INFO - Started process (PID=1453) to work on /opt/airflow/dags/3_dependencias_entre_tareas.py
[2024-05-07T21:59:25.073+0000] {processor.py:830} INFO - Processing file /opt/airflow/dags/3_dependencias_entre_tareas.py for tasks to queue
[2024-05-07T21:59:25.074+0000] {logging_mixin.py:188} INFO - [2024-05-07T21:59:25.074+0000] {dagbag.py:545} INFO - Filling up the DagBag from /opt/airflow/dags/3_dependencias_entre_tareas.py
[2024-05-07T21:59:25.102+0000] {processor.py:840} INFO - DAG(s) 'dependencias' retrieved from /opt/airflow/dags/3_dependencias_entre_tareas.py
[2024-05-07T21:59:25.129+0000] {logging_mixin.py:188} INFO - [2024-05-07T21:59:25.128+0000] {dag.py:3096} INFO - Sync 1 DAGs
[2024-05-07T21:59:25.151+0000] {logging_mixin.py:188} INFO - [2024-05-07T21:59:25.151+0000] {dag.py:3954} INFO - Setting next_dagrun for dependencias to 2024-05-07 00:00:00+00:00, run_after=2024-05-07 00:00:00+00:00
[2024-05-07T21:59:25.172+0000] {processor.py:183} INFO - Processing /opt/airflow/dags/3_dependencias_entre_tareas.py took 0.108 seconds
[2024-05-07T21:59:55.371+0000] {processor.py:161} INFO - Started process (PID=1463) to work on /opt/airflow/dags/3_dependencias_entre_tareas.py
[2024-05-07T21:59:55.373+0000] {processor.py:830} INFO - Processing file /opt/airflow/dags/3_dependencias_entre_tareas.py for tasks to queue
[2024-05-07T21:59:55.375+0000] {logging_mixin.py:188} INFO - [2024-05-07T21:59:55.375+0000] {dagbag.py:545} INFO - Filling up the DagBag from /opt/airflow/dags/3_dependencias_entre_tareas.py
[2024-05-07T21:59:55.410+0000] {processor.py:840} INFO - DAG(s) 'dependencias' retrieved from /opt/airflow/dags/3_dependencias_entre_tareas.py
[2024-05-07T21:59:55.432+0000] {logging_mixin.py:188} INFO - [2024-05-07T21:59:55.431+0000] {dag.py:3096} INFO - Sync 1 DAGs
[2024-05-07T21:59:55.452+0000] {logging_mixin.py:188} INFO - [2024-05-07T21:59:55.452+0000] {dag.py:3954} INFO - Setting next_dagrun for dependencias to 2024-05-07 00:00:00+00:00, run_after=2024-05-07 00:00:00+00:00
[2024-05-07T21:59:55.473+0000] {processor.py:183} INFO - Processing /opt/airflow/dags/3_dependencias_entre_tareas.py took 0.112 seconds
[2024-05-07T22:00:26.069+0000] {processor.py:161} INFO - Started process (PID=1473) to work on /opt/airflow/dags/3_dependencias_entre_tareas.py
[2024-05-07T22:00:26.070+0000] {processor.py:830} INFO - Processing file /opt/airflow/dags/3_dependencias_entre_tareas.py for tasks to queue
[2024-05-07T22:00:26.072+0000] {logging_mixin.py:188} INFO - [2024-05-07T22:00:26.071+0000] {dagbag.py:545} INFO - Filling up the DagBag from /opt/airflow/dags/3_dependencias_entre_tareas.py
[2024-05-07T22:00:26.094+0000] {processor.py:840} INFO - DAG(s) 'dependencias' retrieved from /opt/airflow/dags/3_dependencias_entre_tareas.py
[2024-05-07T22:00:26.119+0000] {logging_mixin.py:188} INFO - [2024-05-07T22:00:26.119+0000] {dag.py:3096} INFO - Sync 1 DAGs
[2024-05-07T22:00:26.137+0000] {logging_mixin.py:188} INFO - [2024-05-07T22:00:26.137+0000] {dag.py:3954} INFO - Setting next_dagrun for dependencias to 2024-05-07 00:00:00+00:00, run_after=2024-05-07 00:00:00+00:00
[2024-05-07T22:00:26.153+0000] {processor.py:183} INFO - Processing /opt/airflow/dags/3_dependencias_entre_tareas.py took 0.089 seconds
[2024-05-07T22:00:56.747+0000] {processor.py:161} INFO - Started process (PID=1483) to work on /opt/airflow/dags/3_dependencias_entre_tareas.py
[2024-05-07T22:00:56.749+0000] {processor.py:830} INFO - Processing file /opt/airflow/dags/3_dependencias_entre_tareas.py for tasks to queue
[2024-05-07T22:00:56.750+0000] {logging_mixin.py:188} INFO - [2024-05-07T22:00:56.750+0000] {dagbag.py:545} INFO - Filling up the DagBag from /opt/airflow/dags/3_dependencias_entre_tareas.py
[2024-05-07T22:00:56.862+0000] {processor.py:840} INFO - DAG(s) 'dependencias' retrieved from /opt/airflow/dags/3_dependencias_entre_tareas.py
[2024-05-07T22:00:56.884+0000] {logging_mixin.py:188} INFO - [2024-05-07T22:00:56.884+0000] {dag.py:3096} INFO - Sync 1 DAGs
[2024-05-07T22:00:56.928+0000] {logging_mixin.py:188} INFO - [2024-05-07T22:00:56.927+0000] {dag.py:3954} INFO - Setting next_dagrun for dependencias to 2024-05-07 00:00:00+00:00, run_after=2024-05-07 00:00:00+00:00
[2024-05-07T22:00:56.957+0000] {processor.py:183} INFO - Processing /opt/airflow/dags/3_dependencias_entre_tareas.py took 0.218 seconds
[2024-05-07T22:01:27.154+0000] {processor.py:161} INFO - Started process (PID=1493) to work on /opt/airflow/dags/3_dependencias_entre_tareas.py
[2024-05-07T22:01:27.156+0000] {processor.py:830} INFO - Processing file /opt/airflow/dags/3_dependencias_entre_tareas.py for tasks to queue
[2024-05-07T22:01:27.157+0000] {logging_mixin.py:188} INFO - [2024-05-07T22:01:27.156+0000] {dagbag.py:545} INFO - Filling up the DagBag from /opt/airflow/dags/3_dependencias_entre_tareas.py
[2024-05-07T22:01:27.196+0000] {processor.py:840} INFO - DAG(s) 'dependencias' retrieved from /opt/airflow/dags/3_dependencias_entre_tareas.py
[2024-05-07T22:01:27.216+0000] {logging_mixin.py:188} INFO - [2024-05-07T22:01:27.216+0000] {dag.py:3096} INFO - Sync 1 DAGs
[2024-05-07T22:01:27.234+0000] {logging_mixin.py:188} INFO - [2024-05-07T22:01:27.233+0000] {dag.py:3954} INFO - Setting next_dagrun for dependencias to 2024-05-07 00:00:00+00:00, run_after=2024-05-07 00:00:00+00:00
[2024-05-07T22:01:27.249+0000] {processor.py:183} INFO - Processing /opt/airflow/dags/3_dependencias_entre_tareas.py took 0.101 seconds
[2024-05-07T22:01:58.205+0000] {processor.py:161} INFO - Started process (PID=1503) to work on /opt/airflow/dags/3_dependencias_entre_tareas.py
[2024-05-07T22:01:58.206+0000] {processor.py:830} INFO - Processing file /opt/airflow/dags/3_dependencias_entre_tareas.py for tasks to queue
[2024-05-07T22:01:58.207+0000] {logging_mixin.py:188} INFO - [2024-05-07T22:01:58.207+0000] {dagbag.py:545} INFO - Filling up the DagBag from /opt/airflow/dags/3_dependencias_entre_tareas.py
[2024-05-07T22:01:58.222+0000] {processor.py:840} INFO - DAG(s) 'dependencias' retrieved from /opt/airflow/dags/3_dependencias_entre_tareas.py
[2024-05-07T22:01:58.244+0000] {logging_mixin.py:188} INFO - [2024-05-07T22:01:58.244+0000] {dag.py:3096} INFO - Sync 1 DAGs
[2024-05-07T22:01:58.260+0000] {logging_mixin.py:188} INFO - [2024-05-07T22:01:58.260+0000] {dag.py:3954} INFO - Setting next_dagrun for dependencias to 2024-05-07 00:00:00+00:00, run_after=2024-05-07 00:00:00+00:00
[2024-05-07T22:01:58.282+0000] {processor.py:183} INFO - Processing /opt/airflow/dags/3_dependencias_entre_tareas.py took 0.081 seconds
[2024-05-07T22:02:28.590+0000] {processor.py:161} INFO - Started process (PID=1513) to work on /opt/airflow/dags/3_dependencias_entre_tareas.py
[2024-05-07T22:02:28.600+0000] {processor.py:830} INFO - Processing file /opt/airflow/dags/3_dependencias_entre_tareas.py for tasks to queue
[2024-05-07T22:02:28.605+0000] {logging_mixin.py:188} INFO - [2024-05-07T22:02:28.604+0000] {dagbag.py:545} INFO - Filling up the DagBag from /opt/airflow/dags/3_dependencias_entre_tareas.py
[2024-05-07T22:02:28.628+0000] {processor.py:840} INFO - DAG(s) 'dependencias' retrieved from /opt/airflow/dags/3_dependencias_entre_tareas.py
[2024-05-07T22:02:28.650+0000] {logging_mixin.py:188} INFO - [2024-05-07T22:02:28.649+0000] {dag.py:3096} INFO - Sync 1 DAGs
[2024-05-07T22:02:28.668+0000] {logging_mixin.py:188} INFO - [2024-05-07T22:02:28.668+0000] {dag.py:3954} INFO - Setting next_dagrun for dependencias to 2024-05-07 00:00:00+00:00, run_after=2024-05-07 00:00:00+00:00
[2024-05-07T22:02:28.688+0000] {processor.py:183} INFO - Processing /opt/airflow/dags/3_dependencias_entre_tareas.py took 0.103 seconds
[2024-05-07T22:02:58.938+0000] {processor.py:161} INFO - Started process (PID=1523) to work on /opt/airflow/dags/3_dependencias_entre_tareas.py
[2024-05-07T22:02:58.939+0000] {processor.py:830} INFO - Processing file /opt/airflow/dags/3_dependencias_entre_tareas.py for tasks to queue
[2024-05-07T22:02:58.941+0000] {logging_mixin.py:188} INFO - [2024-05-07T22:02:58.941+0000] {dagbag.py:545} INFO - Filling up the DagBag from /opt/airflow/dags/3_dependencias_entre_tareas.py
[2024-05-07T22:02:59.037+0000] {processor.py:840} INFO - DAG(s) 'dependencias' retrieved from /opt/airflow/dags/3_dependencias_entre_tareas.py
[2024-05-07T22:02:59.061+0000] {logging_mixin.py:188} INFO - [2024-05-07T22:02:59.061+0000] {dag.py:3096} INFO - Sync 1 DAGs
[2024-05-07T22:02:59.080+0000] {logging_mixin.py:188} INFO - [2024-05-07T22:02:59.080+0000] {dag.py:3954} INFO - Setting next_dagrun for dependencias to 2024-05-07 00:00:00+00:00, run_after=2024-05-07 00:00:00+00:00
[2024-05-07T22:02:59.107+0000] {processor.py:183} INFO - Processing /opt/airflow/dags/3_dependencias_entre_tareas.py took 0.181 seconds
