[2024-05-07T23:40:58.097+0000] {local_task_job_runner.py:120} INFO - ::group::Pre task execution logs
[2024-05-07T23:40:58.175+0000] {taskinstance.py:2076} INFO - Dependencies all met for dep_context=non-requeueable deps ti=<TaskInstance: 5.1_orquestacion.tarea2 scheduled__2024-03-04T00:00:00+00:00 [queued]>
[2024-05-07T23:40:58.191+0000] {taskinstance.py:2076} INFO - Dependencies all met for dep_context=requeueable deps ti=<TaskInstance: 5.1_orquestacion.tarea2 scheduled__2024-03-04T00:00:00+00:00 [queued]>
[2024-05-07T23:40:58.192+0000] {taskinstance.py:2306} INFO - Starting attempt 1 of 1
[2024-05-07T23:40:58.209+0000] {taskinstance.py:2330} INFO - Executing <Task(BashOperator): tarea2> on 2024-03-04 00:00:00+00:00
[2024-05-07T23:40:58.215+0000] {warnings.py:110} WARNING - /home/***/.local/lib/python3.12/site-packages/***/task/task_runner/standard_task_runner.py:61: DeprecationWarning: This process (pid=2818) is multi-threaded, use of fork() may lead to deadlocks in the child.
  pid = os.fork()

[2024-05-07T23:40:58.217+0000] {standard_task_runner.py:63} INFO - Started process 2823 to run task
[2024-05-07T23:40:58.217+0000] {standard_task_runner.py:90} INFO - Running: ['***', 'tasks', 'run', '5.1_orquestacion', 'tarea2', 'scheduled__2024-03-04T00:00:00+00:00', '--job-id', '71', '--raw', '--subdir', 'DAGS_FOLDER/051_orquestacion.py', '--cfg-path', '/tmp/tmp7u7y9tml']
[2024-05-07T23:40:58.218+0000] {standard_task_runner.py:91} INFO - Job 71: Subtask tarea2
[2024-05-07T23:40:58.269+0000] {task_command.py:426} INFO - Running <TaskInstance: 5.1_orquestacion.tarea2 scheduled__2024-03-04T00:00:00+00:00 [running]> on host 521bf890d837
[2024-05-07T23:40:58.352+0000] {taskinstance.py:2648} INFO - Exporting env vars: AIRFLOW_CTX_DAG_OWNER='***' AIRFLOW_CTX_DAG_ID='5.1_orquestacion' AIRFLOW_CTX_TASK_ID='tarea2' AIRFLOW_CTX_EXECUTION_DATE='2024-03-04T00:00:00+00:00' AIRFLOW_CTX_TRY_NUMBER='1' AIRFLOW_CTX_DAG_RUN_ID='scheduled__2024-03-04T00:00:00+00:00'
[2024-05-07T23:40:58.353+0000] {taskinstance.py:430} INFO - ::endgroup::
[2024-05-07T23:40:58.366+0000] {subprocess.py:63} INFO - Tmp dir root location: /tmp
[2024-05-07T23:40:58.368+0000] {subprocess.py:75} INFO - Running command: ['/usr/bin/bash', '-c', "sleep 2 && echo 'Tarea 2'"]
[2024-05-07T23:40:58.377+0000] {subprocess.py:86} INFO - Output:
[2024-05-07T23:41:00.386+0000] {subprocess.py:93} INFO - Tarea 2
[2024-05-07T23:41:00.391+0000] {subprocess.py:97} INFO - Command exited with return code 0
[2024-05-07T23:41:00.397+0000] {taskinstance.py:441} INFO - ::group::Post task execution logs
[2024-05-07T23:41:00.560+0000] {taskinstance.py:1206} INFO - Marking task as SUCCESS. dag_id=5.1_orquestacion, task_id=tarea2, run_id=scheduled__2024-03-04T00:00:00+00:00, execution_date=20240304T000000, start_date=20240507T234058, end_date=20240507T234100
[2024-05-07T23:41:00.770+0000] {local_task_job_runner.py:240} INFO - Task exited with return code 0
[2024-05-07T23:41:00.787+0000] {local_task_job_runner.py:222} INFO - ::endgroup::
[2024-05-07T23:45:51.371+0000] {local_task_job_runner.py:120} INFO - ::group::Pre task execution logs
[2024-05-07T23:45:51.393+0000] {taskinstance.py:2076} INFO - Dependencies all met for dep_context=non-requeueable deps ti=<TaskInstance: 5.1_orquestacion.tarea2 scheduled__2024-03-04T00:00:00+00:00 [queued]>
[2024-05-07T23:45:51.402+0000] {taskinstance.py:2076} INFO - Dependencies all met for dep_context=requeueable deps ti=<TaskInstance: 5.1_orquestacion.tarea2 scheduled__2024-03-04T00:00:00+00:00 [queued]>
[2024-05-07T23:45:51.402+0000] {taskinstance.py:2306} INFO - Starting attempt 1 of 1
[2024-05-07T23:45:51.434+0000] {taskinstance.py:2330} INFO - Executing <Task(BashOperator): tarea2> on 2024-03-04 00:00:00+00:00
[2024-05-07T23:45:51.440+0000] {warnings.py:110} WARNING - /home/***/.local/lib/python3.12/site-packages/***/task/task_runner/standard_task_runner.py:61: DeprecationWarning: This process (pid=3399) is multi-threaded, use of fork() may lead to deadlocks in the child.
  pid = os.fork()

[2024-05-07T23:45:51.444+0000] {standard_task_runner.py:63} INFO - Started process 3400 to run task
[2024-05-07T23:45:51.442+0000] {standard_task_runner.py:90} INFO - Running: ['***', 'tasks', 'run', '5.1_orquestacion', 'tarea2', 'scheduled__2024-03-04T00:00:00+00:00', '--job-id', '198', '--raw', '--subdir', 'DAGS_FOLDER/051_orquestacion.py', '--cfg-path', '/tmp/tmp3ho90l2h']
[2024-05-07T23:45:51.453+0000] {standard_task_runner.py:91} INFO - Job 198: Subtask tarea2
[2024-05-07T23:45:51.532+0000] {task_command.py:426} INFO - Running <TaskInstance: 5.1_orquestacion.tarea2 scheduled__2024-03-04T00:00:00+00:00 [running]> on host 521bf890d837
[2024-05-07T23:45:51.814+0000] {taskinstance.py:2648} INFO - Exporting env vars: AIRFLOW_CTX_DAG_OWNER='***' AIRFLOW_CTX_DAG_ID='5.1_orquestacion' AIRFLOW_CTX_TASK_ID='tarea2' AIRFLOW_CTX_EXECUTION_DATE='2024-03-04T00:00:00+00:00' AIRFLOW_CTX_TRY_NUMBER='1' AIRFLOW_CTX_DAG_RUN_ID='scheduled__2024-03-04T00:00:00+00:00'
[2024-05-07T23:45:51.815+0000] {taskinstance.py:430} INFO - ::endgroup::
[2024-05-07T23:45:51.825+0000] {subprocess.py:63} INFO - Tmp dir root location: /tmp
[2024-05-07T23:45:51.827+0000] {subprocess.py:75} INFO - Running command: ['/usr/bin/bash', '-c', "sleep 2 && echo 'Tarea 2'"]
[2024-05-07T23:45:51.835+0000] {subprocess.py:86} INFO - Output:
[2024-05-07T23:45:53.840+0000] {subprocess.py:93} INFO - Tarea 2
[2024-05-07T23:45:53.843+0000] {subprocess.py:97} INFO - Command exited with return code 0
[2024-05-07T23:45:53.845+0000] {taskinstance.py:441} INFO - ::group::Post task execution logs
[2024-05-07T23:45:53.948+0000] {taskinstance.py:1206} INFO - Marking task as SUCCESS. dag_id=5.1_orquestacion, task_id=tarea2, run_id=scheduled__2024-03-04T00:00:00+00:00, execution_date=20240304T000000, start_date=20240507T234551, end_date=20240507T234553
[2024-05-07T23:45:54.010+0000] {local_task_job_runner.py:240} INFO - Task exited with return code 0
[2024-05-07T23:45:54.036+0000] {taskinstance.py:3498} INFO - 2 downstream tasks scheduled from follow-on schedule check
[2024-05-07T23:45:54.039+0000] {local_task_job_runner.py:222} INFO - ::endgroup::
