[2024-05-07T23:41:21.963+0000] {local_task_job_runner.py:120} INFO - ::group::Pre task execution logs
[2024-05-07T23:41:21.994+0000] {taskinstance.py:2076} INFO - Dependencies all met for dep_context=non-requeueable deps ti=<TaskInstance: 5.1_orquestacion.tarea1 scheduled__2024-03-11T00:00:00+00:00 [queued]>
[2024-05-07T23:41:22.006+0000] {taskinstance.py:2076} INFO - Dependencies all met for dep_context=requeueable deps ti=<TaskInstance: 5.1_orquestacion.tarea1 scheduled__2024-03-11T00:00:00+00:00 [queued]>
[2024-05-07T23:41:22.007+0000] {taskinstance.py:2306} INFO - Starting attempt 1 of 1
[2024-05-07T23:41:22.024+0000] {taskinstance.py:2330} INFO - Executing <Task(BashOperator): tarea1> on 2024-03-11 00:00:00+00:00
[2024-05-07T23:41:22.030+0000] {warnings.py:110} WARNING - /home/***/.local/lib/python3.12/site-packages/***/task/task_runner/standard_task_runner.py:61: DeprecationWarning: This process (pid=2921) is multi-threaded, use of fork() may lead to deadlocks in the child.
  pid = os.fork()

[2024-05-07T23:41:22.032+0000] {standard_task_runner.py:90} INFO - Running: ['***', 'tasks', 'run', '5.1_orquestacion', 'tarea1', 'scheduled__2024-03-11T00:00:00+00:00', '--job-id', '94', '--raw', '--subdir', 'DAGS_FOLDER/051_orquestacion.py', '--cfg-path', '/tmp/tmp0j81b30_']
[2024-05-07T23:41:22.032+0000] {standard_task_runner.py:63} INFO - Started process 2925 to run task
[2024-05-07T23:41:22.033+0000] {standard_task_runner.py:91} INFO - Job 94: Subtask tarea1
[2024-05-07T23:41:22.075+0000] {task_command.py:426} INFO - Running <TaskInstance: 5.1_orquestacion.tarea1 scheduled__2024-03-11T00:00:00+00:00 [running]> on host 521bf890d837
[2024-05-07T23:41:22.161+0000] {taskinstance.py:2648} INFO - Exporting env vars: AIRFLOW_CTX_DAG_OWNER='***' AIRFLOW_CTX_DAG_ID='5.1_orquestacion' AIRFLOW_CTX_TASK_ID='tarea1' AIRFLOW_CTX_EXECUTION_DATE='2024-03-11T00:00:00+00:00' AIRFLOW_CTX_TRY_NUMBER='1' AIRFLOW_CTX_DAG_RUN_ID='scheduled__2024-03-11T00:00:00+00:00'
[2024-05-07T23:41:22.162+0000] {taskinstance.py:430} INFO - ::endgroup::
[2024-05-07T23:41:22.175+0000] {subprocess.py:63} INFO - Tmp dir root location: /tmp
[2024-05-07T23:41:22.176+0000] {subprocess.py:75} INFO - Running command: ['/usr/bin/bash', '-c', "sleep 2 && echo 'Tarea 1'"]
[2024-05-07T23:41:22.184+0000] {subprocess.py:86} INFO - Output:
[2024-05-07T23:41:24.186+0000] {subprocess.py:93} INFO - Tarea 1
[2024-05-07T23:41:24.196+0000] {subprocess.py:97} INFO - Command exited with return code 0
[2024-05-07T23:41:24.200+0000] {taskinstance.py:441} INFO - ::group::Post task execution logs
[2024-05-07T23:41:24.272+0000] {taskinstance.py:1206} INFO - Marking task as SUCCESS. dag_id=5.1_orquestacion, task_id=tarea1, run_id=scheduled__2024-03-11T00:00:00+00:00, execution_date=20240311T000000, start_date=20240507T234121, end_date=20240507T234124
[2024-05-07T23:41:24.378+0000] {local_task_job_runner.py:240} INFO - Task exited with return code 0
[2024-05-07T23:41:24.462+0000] {taskinstance.py:3498} INFO - 1 downstream tasks scheduled from follow-on schedule check
[2024-05-07T23:41:24.466+0000] {local_task_job_runner.py:222} INFO - ::endgroup::
[2024-05-07T23:47:10.143+0000] {local_task_job_runner.py:120} INFO - ::group::Pre task execution logs
[2024-05-07T23:47:10.174+0000] {taskinstance.py:2076} INFO - Dependencies all met for dep_context=non-requeueable deps ti=<TaskInstance: 5.1_orquestacion.tarea1 scheduled__2024-03-11T00:00:00+00:00 [queued]>
[2024-05-07T23:47:10.192+0000] {taskinstance.py:2076} INFO - Dependencies all met for dep_context=requeueable deps ti=<TaskInstance: 5.1_orquestacion.tarea1 scheduled__2024-03-11T00:00:00+00:00 [queued]>
[2024-05-07T23:47:10.193+0000] {taskinstance.py:2306} INFO - Starting attempt 1 of 1
[2024-05-07T23:47:10.214+0000] {taskinstance.py:2330} INFO - Executing <Task(BashOperator): tarea1> on 2024-03-11 00:00:00+00:00
[2024-05-07T23:47:10.225+0000] {warnings.py:110} WARNING - /home/***/.local/lib/python3.12/site-packages/***/task/task_runner/standard_task_runner.py:61: DeprecationWarning: This process (pid=3528) is multi-threaded, use of fork() may lead to deadlocks in the child.
  pid = os.fork()

[2024-05-07T23:47:10.226+0000] {standard_task_runner.py:90} INFO - Running: ['***', 'tasks', 'run', '5.1_orquestacion', 'tarea1', 'scheduled__2024-03-11T00:00:00+00:00', '--job-id', '225', '--raw', '--subdir', 'DAGS_FOLDER/051_orquestacion.py', '--cfg-path', '/tmp/tmp8rvh9oxa']
[2024-05-07T23:47:10.233+0000] {standard_task_runner.py:63} INFO - Started process 3529 to run task
[2024-05-07T23:47:10.233+0000] {standard_task_runner.py:91} INFO - Job 225: Subtask tarea1
[2024-05-07T23:47:10.348+0000] {task_command.py:426} INFO - Running <TaskInstance: 5.1_orquestacion.tarea1 scheduled__2024-03-11T00:00:00+00:00 [running]> on host 521bf890d837
[2024-05-07T23:47:10.457+0000] {taskinstance.py:2648} INFO - Exporting env vars: AIRFLOW_CTX_DAG_OWNER='***' AIRFLOW_CTX_DAG_ID='5.1_orquestacion' AIRFLOW_CTX_TASK_ID='tarea1' AIRFLOW_CTX_EXECUTION_DATE='2024-03-11T00:00:00+00:00' AIRFLOW_CTX_TRY_NUMBER='1' AIRFLOW_CTX_DAG_RUN_ID='scheduled__2024-03-11T00:00:00+00:00'
[2024-05-07T23:47:10.466+0000] {taskinstance.py:430} INFO - ::endgroup::
[2024-05-07T23:47:10.479+0000] {subprocess.py:63} INFO - Tmp dir root location: /tmp
[2024-05-07T23:47:10.480+0000] {subprocess.py:75} INFO - Running command: ['/usr/bin/bash', '-c', "sleep 2 && echo 'Tarea 1'"]
[2024-05-07T23:47:10.489+0000] {subprocess.py:86} INFO - Output:
[2024-05-07T23:47:12.491+0000] {subprocess.py:93} INFO - Tarea 1
[2024-05-07T23:47:12.492+0000] {subprocess.py:97} INFO - Command exited with return code 0
[2024-05-07T23:47:12.493+0000] {taskinstance.py:441} INFO - ::group::Post task execution logs
[2024-05-07T23:47:12.513+0000] {taskinstance.py:1206} INFO - Marking task as SUCCESS. dag_id=5.1_orquestacion, task_id=tarea1, run_id=scheduled__2024-03-11T00:00:00+00:00, execution_date=20240311T000000, start_date=20240507T234710, end_date=20240507T234712
[2024-05-07T23:47:12.549+0000] {local_task_job_runner.py:240} INFO - Task exited with return code 0
[2024-05-07T23:47:12.631+0000] {taskinstance.py:3498} INFO - 1 downstream tasks scheduled from follow-on schedule check
[2024-05-07T23:47:12.637+0000] {local_task_job_runner.py:222} INFO - ::endgroup::
