[2024-05-10T06:09:34.032+0000] {local_task_job_runner.py:120} INFO - ::group::Pre task execution logs
[2024-05-10T06:09:34.051+0000] {taskinstance.py:2076} INFO - Dependencies all met for dep_context=non-requeueable deps ti=<TaskInstance: Proyecto_SpaceX_v1.Visualizar_Respuesta_Satelite scheduled__2024-03-02T00:00:00+00:00 [queued]>
[2024-05-10T06:09:34.059+0000] {taskinstance.py:2076} INFO - Dependencies all met for dep_context=requeueable deps ti=<TaskInstance: Proyecto_SpaceX_v1.Visualizar_Respuesta_Satelite scheduled__2024-03-02T00:00:00+00:00 [queued]>
[2024-05-10T06:09:34.060+0000] {taskinstance.py:2306} INFO - Starting attempt 1 of 1
[2024-05-10T06:09:34.071+0000] {taskinstance.py:2330} INFO - Executing <Task(BashOperator): Visualizar_Respuesta_Satelite> on 2024-03-02 00:00:00+00:00
[2024-05-10T06:09:34.077+0000] {warnings.py:110} WARNING - /home/***/.local/lib/python3.12/site-packages/***/task/task_runner/standard_task_runner.py:61: DeprecationWarning: This process (pid=1183) is multi-threaded, use of fork() may lead to deadlocks in the child.
  pid = os.fork()

[2024-05-10T06:09:34.078+0000] {standard_task_runner.py:63} INFO - Started process 1185 to run task
[2024-05-10T06:09:34.078+0000] {standard_task_runner.py:90} INFO - Running: ['***', 'tasks', 'run', 'Proyecto_SpaceX_v1', 'Visualizar_Respuesta_Satelite', 'scheduled__2024-03-02T00:00:00+00:00', '--job-id', '1124', '--raw', '--subdir', 'DAGS_FOLDER/Proyecto_SpaceX_v1.py', '--cfg-path', '/tmp/tmpmp72rxax']
[2024-05-10T06:09:34.080+0000] {standard_task_runner.py:91} INFO - Job 1124: Subtask Visualizar_Respuesta_Satelite
[2024-05-10T06:09:34.246+0000] {task_command.py:426} INFO - Running <TaskInstance: Proyecto_SpaceX_v1.Visualizar_Respuesta_Satelite scheduled__2024-03-02T00:00:00+00:00 [running]> on host 1b7f0b10dd99
[2024-05-10T06:09:34.299+0000] {taskinstance.py:2648} INFO - Exporting env vars: AIRFLOW_CTX_DAG_OWNER='***' AIRFLOW_CTX_DAG_ID='Proyecto_SpaceX_v1' AIRFLOW_CTX_TASK_ID='Visualizar_Respuesta_Satelite' AIRFLOW_CTX_EXECUTION_DATE='2024-03-02T00:00:00+00:00' AIRFLOW_CTX_TRY_NUMBER='1' AIRFLOW_CTX_DAG_RUN_ID='scheduled__2024-03-02T00:00:00+00:00'
[2024-05-10T06:09:34.300+0000] {taskinstance.py:430} INFO - ::endgroup::
[2024-05-10T06:09:34.308+0000] {subprocess.py:63} INFO - Tmp dir root location: /tmp
[2024-05-10T06:09:34.309+0000] {subprocess.py:75} INFO - Running command: ['/usr/bin/bash', '-c', 'ls /tmp && head /tmp/platzi_data_20240302.csv']
[2024-05-10T06:09:34.317+0000] {subprocess.py:86} INFO - Output:
[2024-05-10T06:09:34.319+0000] {subprocess.py:93} INFO - ***tmpq6l8olzb
[2024-05-10T06:09:34.320+0000] {subprocess.py:93} INFO - history.json
[2024-05-10T06:09:34.320+0000] {subprocess.py:93} INFO - platzi_data_20231125.csv
[2024-05-10T06:09:34.321+0000] {subprocess.py:93} INFO - platzi_data_20231126.csv
[2024-05-10T06:09:34.322+0000] {subprocess.py:93} INFO - platzi_data_20231127.csv
[2024-05-10T06:09:34.323+0000] {subprocess.py:93} INFO - platzi_data_20240101.csv
[2024-05-10T06:09:34.323+0000] {subprocess.py:93} INFO - platzi_data_20240201.csv
[2024-05-10T06:09:34.324+0000] {subprocess.py:93} INFO - platzi_data_20240301.csv
[2024-05-10T06:09:34.325+0000] {subprocess.py:93} INFO - platzi_data_20240302.csv
[2024-05-10T06:09:34.325+0000] {subprocess.py:93} INFO - pymp-uyxtzsi7
[2024-05-10T06:09:34.326+0000] {subprocess.py:93} INFO - response_20231125.txt
[2024-05-10T06:09:34.326+0000] {subprocess.py:93} INFO - response_20231126.txt
[2024-05-10T06:09:34.327+0000] {subprocess.py:93} INFO - response_20231127.txt
[2024-05-10T06:09:34.327+0000] {subprocess.py:93} INFO - response_20240101.txt
[2024-05-10T06:09:34.328+0000] {subprocess.py:93} INFO - response_20240201.txt
[2024-05-10T06:09:34.328+0000] {subprocess.py:93} INFO - response_20240301.txt
[2024-05-10T06:09:34.329+0000] {subprocess.py:93} INFO - response_20240302.txt
[2024-05-10T06:09:34.329+0000] {subprocess.py:93} INFO - Student,timestamp
[2024-05-10T06:09:34.330+0000] {subprocess.py:93} INFO - Maria Cruz,2024-03-02 00:00:00+00:00
[2024-05-10T06:09:34.330+0000] {subprocess.py:93} INFO - Daniel Crema,2024-03-02 00:00:00+00:00
[2024-05-10T06:09:34.331+0000] {subprocess.py:93} INFO - Elon Musk,2024-03-02 00:00:00+00:00
[2024-05-10T06:09:34.332+0000] {subprocess.py:93} INFO - Karol Castrejon,2024-03-02 00:00:00+00:00
[2024-05-10T06:09:34.333+0000] {subprocess.py:93} INFO - Freddy Vega,2024-03-02 00:00:00+00:00
[2024-05-10T06:09:34.333+0000] {subprocess.py:93} INFO - Felipe Duque,2024-03-02 00:00:00+00:00
[2024-05-10T06:09:34.334+0000] {subprocess.py:97} INFO - Command exited with return code 0
[2024-05-10T06:09:34.335+0000] {taskinstance.py:441} INFO - ::group::Post task execution logs
[2024-05-10T06:09:34.353+0000] {taskinstance.py:1206} INFO - Marking task as SUCCESS. dag_id=Proyecto_SpaceX_v1, task_id=Visualizar_Respuesta_Satelite, run_id=scheduled__2024-03-02T00:00:00+00:00, execution_date=20240302T000000, start_date=20240510T060934, end_date=20240510T060934
[2024-05-10T06:09:34.374+0000] {local_task_job_runner.py:240} INFO - Task exited with return code 0
[2024-05-10T06:09:34.507+0000] {taskinstance.py:3498} INFO - 1 downstream tasks scheduled from follow-on schedule check
[2024-05-10T06:09:34.510+0000] {local_task_job_runner.py:222} INFO - ::endgroup::
