[2024-05-07T23:40:44.711+0000] {local_task_job_runner.py:120} INFO - ::group::Pre task execution logs
[2024-05-07T23:40:44.742+0000] {taskinstance.py:2076} INFO - Dependencies all met for dep_context=non-requeueable deps ti=<TaskInstance: 5.1_orquestacion.tarea1 scheduled__2024-03-02T00:00:00+00:00 [queued]>
[2024-05-07T23:40:44.753+0000] {taskinstance.py:2076} INFO - Dependencies all met for dep_context=requeueable deps ti=<TaskInstance: 5.1_orquestacion.tarea1 scheduled__2024-03-02T00:00:00+00:00 [queued]>
[2024-05-07T23:40:44.756+0000] {taskinstance.py:2306} INFO - Starting attempt 1 of 1
[2024-05-07T23:40:44.769+0000] {taskinstance.py:2330} INFO - Executing <Task(BashOperator): tarea1> on 2024-03-02 00:00:00+00:00
[2024-05-07T23:40:44.775+0000] {warnings.py:110} WARNING - /home/***/.local/lib/python3.12/site-packages/***/task/task_runner/standard_task_runner.py:61: DeprecationWarning: This process (pid=2777) is multi-threaded, use of fork() may lead to deadlocks in the child.
  pid = os.fork()

[2024-05-07T23:40:44.776+0000] {standard_task_runner.py:90} INFO - Running: ['***', 'tasks', 'run', '5.1_orquestacion', 'tarea1', 'scheduled__2024-03-02T00:00:00+00:00', '--job-id', '59', '--raw', '--subdir', 'DAGS_FOLDER/051_orquestacion.py', '--cfg-path', '/tmp/tmpdmzwouai']
[2024-05-07T23:40:44.777+0000] {standard_task_runner.py:63} INFO - Started process 2779 to run task
[2024-05-07T23:40:44.787+0000] {standard_task_runner.py:91} INFO - Job 59: Subtask tarea1
[2024-05-07T23:40:44.834+0000] {task_command.py:426} INFO - Running <TaskInstance: 5.1_orquestacion.tarea1 scheduled__2024-03-02T00:00:00+00:00 [running]> on host 521bf890d837
[2024-05-07T23:40:44.904+0000] {taskinstance.py:2648} INFO - Exporting env vars: AIRFLOW_CTX_DAG_OWNER='***' AIRFLOW_CTX_DAG_ID='5.1_orquestacion' AIRFLOW_CTX_TASK_ID='tarea1' AIRFLOW_CTX_EXECUTION_DATE='2024-03-02T00:00:00+00:00' AIRFLOW_CTX_TRY_NUMBER='1' AIRFLOW_CTX_DAG_RUN_ID='scheduled__2024-03-02T00:00:00+00:00'
[2024-05-07T23:40:44.905+0000] {taskinstance.py:430} INFO - ::endgroup::
[2024-05-07T23:40:44.918+0000] {subprocess.py:63} INFO - Tmp dir root location: /tmp
[2024-05-07T23:40:44.920+0000] {subprocess.py:75} INFO - Running command: ['/usr/bin/bash', '-c', "sleep 2 && echo 'Tarea 1'"]
[2024-05-07T23:40:44.929+0000] {subprocess.py:86} INFO - Output:
[2024-05-07T23:40:46.932+0000] {subprocess.py:93} INFO - Tarea 1
[2024-05-07T23:40:46.948+0000] {subprocess.py:97} INFO - Command exited with return code 0
[2024-05-07T23:40:46.950+0000] {taskinstance.py:441} INFO - ::group::Post task execution logs
[2024-05-07T23:40:47.078+0000] {taskinstance.py:1206} INFO - Marking task as SUCCESS. dag_id=5.1_orquestacion, task_id=tarea1, run_id=scheduled__2024-03-02T00:00:00+00:00, execution_date=20240302T000000, start_date=20240507T234044, end_date=20240507T234047
[2024-05-07T23:40:47.296+0000] {local_task_job_runner.py:240} INFO - Task exited with return code 0
[2024-05-07T23:40:47.589+0000] {taskinstance.py:3498} INFO - 1 downstream tasks scheduled from follow-on schedule check
[2024-05-07T23:40:47.592+0000] {local_task_job_runner.py:222} INFO - ::endgroup::
[2024-05-07T23:45:23.828+0000] {local_task_job_runner.py:120} INFO - ::group::Pre task execution logs
[2024-05-07T23:45:23.854+0000] {taskinstance.py:2076} INFO - Dependencies all met for dep_context=non-requeueable deps ti=<TaskInstance: 5.1_orquestacion.tarea1 scheduled__2024-03-02T00:00:00+00:00 [queued]>
[2024-05-07T23:45:23.862+0000] {taskinstance.py:2076} INFO - Dependencies all met for dep_context=requeueable deps ti=<TaskInstance: 5.1_orquestacion.tarea1 scheduled__2024-03-02T00:00:00+00:00 [queued]>
[2024-05-07T23:45:23.870+0000] {taskinstance.py:2306} INFO - Starting attempt 1 of 1
[2024-05-07T23:45:23.889+0000] {taskinstance.py:2330} INFO - Executing <Task(BashOperator): tarea1> on 2024-03-02 00:00:00+00:00
[2024-05-07T23:45:23.895+0000] {warnings.py:110} WARNING - /home/***/.local/lib/python3.12/site-packages/***/task/task_runner/standard_task_runner.py:61: DeprecationWarning: This process (pid=3356) is multi-threaded, use of fork() may lead to deadlocks in the child.
  pid = os.fork()

[2024-05-07T23:45:23.896+0000] {standard_task_runner.py:63} INFO - Started process 3357 to run task
[2024-05-07T23:45:23.896+0000] {standard_task_runner.py:90} INFO - Running: ['***', 'tasks', 'run', '5.1_orquestacion', 'tarea1', 'scheduled__2024-03-02T00:00:00+00:00', '--job-id', '189', '--raw', '--subdir', 'DAGS_FOLDER/051_orquestacion.py', '--cfg-path', '/tmp/tmpfvtc0hcs']
[2024-05-07T23:45:23.898+0000] {standard_task_runner.py:91} INFO - Job 189: Subtask tarea1
[2024-05-07T23:45:23.952+0000] {task_command.py:426} INFO - Running <TaskInstance: 5.1_orquestacion.tarea1 scheduled__2024-03-02T00:00:00+00:00 [running]> on host 521bf890d837
[2024-05-07T23:45:24.046+0000] {taskinstance.py:2648} INFO - Exporting env vars: AIRFLOW_CTX_DAG_OWNER='***' AIRFLOW_CTX_DAG_ID='5.1_orquestacion' AIRFLOW_CTX_TASK_ID='tarea1' AIRFLOW_CTX_EXECUTION_DATE='2024-03-02T00:00:00+00:00' AIRFLOW_CTX_TRY_NUMBER='1' AIRFLOW_CTX_DAG_RUN_ID='scheduled__2024-03-02T00:00:00+00:00'
[2024-05-07T23:45:24.051+0000] {taskinstance.py:430} INFO - ::endgroup::
[2024-05-07T23:45:24.067+0000] {subprocess.py:63} INFO - Tmp dir root location: /tmp
[2024-05-07T23:45:24.070+0000] {subprocess.py:75} INFO - Running command: ['/usr/bin/bash', '-c', "sleep 2 && echo 'Tarea 1'"]
[2024-05-07T23:45:24.090+0000] {subprocess.py:86} INFO - Output:
[2024-05-07T23:45:26.097+0000] {subprocess.py:93} INFO - Tarea 1
[2024-05-07T23:45:26.098+0000] {subprocess.py:97} INFO - Command exited with return code 0
[2024-05-07T23:45:26.099+0000] {taskinstance.py:441} INFO - ::group::Post task execution logs
[2024-05-07T23:45:26.132+0000] {taskinstance.py:1206} INFO - Marking task as SUCCESS. dag_id=5.1_orquestacion, task_id=tarea1, run_id=scheduled__2024-03-02T00:00:00+00:00, execution_date=20240302T000000, start_date=20240507T234523, end_date=20240507T234526
[2024-05-07T23:45:26.165+0000] {local_task_job_runner.py:240} INFO - Task exited with return code 0
[2024-05-07T23:45:26.365+0000] {taskinstance.py:3498} INFO - 1 downstream tasks scheduled from follow-on schedule check
[2024-05-07T23:45:26.371+0000] {local_task_job_runner.py:222} INFO - ::endgroup::
