[2024-05-10T06:13:02.683+0000] {local_task_job_runner.py:120} INFO - ::group::Pre task execution logs
[2024-05-10T06:13:02.699+0000] {taskinstance.py:2076} INFO - Dependencies all met for dep_context=non-requeueable deps ti=<TaskInstance: Proyecto_SpaceX_v1.Enviar_Mensaje scheduled__2024-03-05T00:00:00+00:00 [queued]>
[2024-05-10T06:13:02.705+0000] {taskinstance.py:2076} INFO - Dependencies all met for dep_context=requeueable deps ti=<TaskInstance: Proyecto_SpaceX_v1.Enviar_Mensaje scheduled__2024-03-05T00:00:00+00:00 [queued]>
[2024-05-10T06:13:02.707+0000] {taskinstance.py:2306} INFO - Starting attempt 1 of 1
[2024-05-10T06:13:02.721+0000] {taskinstance.py:2330} INFO - Executing <Task(BashOperator): Enviar_Mensaje> on 2024-03-05 00:00:00+00:00
[2024-05-10T06:13:02.728+0000] {warnings.py:110} WARNING - /home/***/.local/lib/python3.12/site-packages/***/task/task_runner/standard_task_runner.py:61: DeprecationWarning: This process (pid=1417) is multi-threaded, use of fork() may lead to deadlocks in the child.
  pid = os.fork()

[2024-05-10T06:13:02.729+0000] {standard_task_runner.py:63} INFO - Started process 1419 to run task
[2024-05-10T06:13:02.729+0000] {standard_task_runner.py:90} INFO - Running: ['***', 'tasks', 'run', 'Proyecto_SpaceX_v1', 'Enviar_Mensaje', 'scheduled__2024-03-05T00:00:00+00:00', '--job-id', '1167', '--raw', '--subdir', 'DAGS_FOLDER/Proyecto_SpaceX_v1.py', '--cfg-path', '/tmp/tmpwch2owir']
[2024-05-10T06:13:02.731+0000] {standard_task_runner.py:91} INFO - Job 1167: Subtask Enviar_Mensaje
[2024-05-10T06:13:02.770+0000] {task_command.py:426} INFO - Running <TaskInstance: Proyecto_SpaceX_v1.Enviar_Mensaje scheduled__2024-03-05T00:00:00+00:00 [running]> on host 1b7f0b10dd99
[2024-05-10T06:13:02.993+0000] {taskinstance.py:2648} INFO - Exporting env vars: AIRFLOW_CTX_DAG_OWNER='***' AIRFLOW_CTX_DAG_ID='Proyecto_SpaceX_v1' AIRFLOW_CTX_TASK_ID='Enviar_Mensaje' AIRFLOW_CTX_EXECUTION_DATE='2024-03-05T00:00:00+00:00' AIRFLOW_CTX_TRY_NUMBER='1' AIRFLOW_CTX_DAG_RUN_ID='scheduled__2024-03-05T00:00:00+00:00'
[2024-05-10T06:13:02.994+0000] {taskinstance.py:430} INFO - ::endgroup::
[2024-05-10T06:13:03.002+0000] {subprocess.py:63} INFO - Tmp dir root location: /tmp
[2024-05-10T06:13:03.003+0000] {subprocess.py:75} INFO - Running command: ['/usr/bin/bash', '-c', "echo '2024-03-05: Los datos fueron cargados'"]
[2024-05-10T06:13:03.012+0000] {subprocess.py:86} INFO - Output:
[2024-05-10T06:13:03.013+0000] {subprocess.py:93} INFO - 2024-03-05: Los datos fueron cargados
[2024-05-10T06:13:03.013+0000] {subprocess.py:97} INFO - Command exited with return code 0
[2024-05-10T06:13:03.014+0000] {taskinstance.py:441} INFO - ::group::Post task execution logs
[2024-05-10T06:13:03.040+0000] {taskinstance.py:1206} INFO - Marking task as SUCCESS. dag_id=Proyecto_SpaceX_v1, task_id=Enviar_Mensaje, run_id=scheduled__2024-03-05T00:00:00+00:00, execution_date=20240305T000000, start_date=20240510T061302, end_date=20240510T061303
[2024-05-10T06:13:03.065+0000] {local_task_job_runner.py:240} INFO - Task exited with return code 0
[2024-05-10T06:13:03.080+0000] {taskinstance.py:3498} INFO - 0 downstream tasks scheduled from follow-on schedule check
[2024-05-10T06:13:03.090+0000] {local_task_job_runner.py:222} INFO - ::endgroup::
