[2024-05-07T23:41:09.030+0000] {local_task_job_runner.py:120} INFO - ::group::Pre task execution logs
[2024-05-07T23:41:09.057+0000] {taskinstance.py:2076} INFO - Dependencies all met for dep_context=non-requeueable deps ti=<TaskInstance: 5.1_orquestacion.tarea3 scheduled__2024-03-06T00:00:00+00:00 [queued]>
[2024-05-07T23:41:09.067+0000] {taskinstance.py:2076} INFO - Dependencies all met for dep_context=requeueable deps ti=<TaskInstance: 5.1_orquestacion.tarea3 scheduled__2024-03-06T00:00:00+00:00 [queued]>
[2024-05-07T23:41:09.068+0000] {taskinstance.py:2306} INFO - Starting attempt 1 of 1
[2024-05-07T23:41:09.090+0000] {taskinstance.py:2330} INFO - Executing <Task(BashOperator): tarea3> on 2024-03-06 00:00:00+00:00
[2024-05-07T23:41:09.096+0000] {warnings.py:110} WARNING - /home/***/.local/lib/python3.12/site-packages/***/task/task_runner/standard_task_runner.py:61: DeprecationWarning: This process (pid=2873) is multi-threaded, use of fork() may lead to deadlocks in the child.
  pid = os.fork()

[2024-05-07T23:41:09.098+0000] {standard_task_runner.py:63} INFO - Started process 2878 to run task
[2024-05-07T23:41:09.097+0000] {standard_task_runner.py:90} INFO - Running: ['***', 'tasks', 'run', '5.1_orquestacion', 'tarea3', 'scheduled__2024-03-06T00:00:00+00:00', '--job-id', '83', '--raw', '--subdir', 'DAGS_FOLDER/051_orquestacion.py', '--cfg-path', '/tmp/tmpfwlbiw9q']
[2024-05-07T23:41:09.099+0000] {standard_task_runner.py:91} INFO - Job 83: Subtask tarea3
[2024-05-07T23:41:09.143+0000] {task_command.py:426} INFO - Running <TaskInstance: 5.1_orquestacion.tarea3 scheduled__2024-03-06T00:00:00+00:00 [running]> on host 521bf890d837
[2024-05-07T23:41:09.225+0000] {taskinstance.py:2648} INFO - Exporting env vars: AIRFLOW_CTX_DAG_OWNER='***' AIRFLOW_CTX_DAG_ID='5.1_orquestacion' AIRFLOW_CTX_TASK_ID='tarea3' AIRFLOW_CTX_EXECUTION_DATE='2024-03-06T00:00:00+00:00' AIRFLOW_CTX_TRY_NUMBER='1' AIRFLOW_CTX_DAG_RUN_ID='scheduled__2024-03-06T00:00:00+00:00'
[2024-05-07T23:41:09.226+0000] {taskinstance.py:430} INFO - ::endgroup::
[2024-05-07T23:41:09.259+0000] {subprocess.py:63} INFO - Tmp dir root location: /tmp
[2024-05-07T23:41:09.260+0000] {subprocess.py:75} INFO - Running command: ['/usr/bin/bash', '-c', "sleep 2 && echo 'Tarea 3'"]
[2024-05-07T23:41:09.269+0000] {subprocess.py:86} INFO - Output:
[2024-05-07T23:41:11.277+0000] {subprocess.py:93} INFO - Tarea 3
[2024-05-07T23:41:11.285+0000] {subprocess.py:97} INFO - Command exited with return code 0
[2024-05-07T23:41:11.293+0000] {taskinstance.py:441} INFO - ::group::Post task execution logs
[2024-05-07T23:41:11.406+0000] {taskinstance.py:1206} INFO - Marking task as SUCCESS. dag_id=5.1_orquestacion, task_id=tarea3, run_id=scheduled__2024-03-06T00:00:00+00:00, execution_date=20240306T000000, start_date=20240507T234109, end_date=20240507T234111
[2024-05-07T23:41:11.688+0000] {local_task_job_runner.py:240} INFO - Task exited with return code 0
[2024-05-07T23:41:11.699+0000] {local_task_job_runner.py:222} INFO - ::endgroup::
[2024-05-07T23:46:18.830+0000] {local_task_job_runner.py:120} INFO - ::group::Pre task execution logs
[2024-05-07T23:46:18.853+0000] {taskinstance.py:2076} INFO - Dependencies all met for dep_context=non-requeueable deps ti=<TaskInstance: 5.1_orquestacion.tarea3 scheduled__2024-03-06T00:00:00+00:00 [queued]>
[2024-05-07T23:46:18.862+0000] {taskinstance.py:2076} INFO - Dependencies all met for dep_context=requeueable deps ti=<TaskInstance: 5.1_orquestacion.tarea3 scheduled__2024-03-06T00:00:00+00:00 [queued]>
[2024-05-07T23:46:18.863+0000] {taskinstance.py:2306} INFO - Starting attempt 1 of 1
[2024-05-07T23:46:18.879+0000] {taskinstance.py:2330} INFO - Executing <Task(BashOperator): tarea3> on 2024-03-06 00:00:00+00:00
[2024-05-07T23:46:18.885+0000] {warnings.py:110} WARNING - /home/***/.local/lib/python3.12/site-packages/***/task/task_runner/standard_task_runner.py:61: DeprecationWarning: This process (pid=3442) is multi-threaded, use of fork() may lead to deadlocks in the child.
  pid = os.fork()

[2024-05-07T23:46:18.887+0000] {standard_task_runner.py:63} INFO - Started process 3444 to run task
[2024-05-07T23:46:18.889+0000] {standard_task_runner.py:90} INFO - Running: ['***', 'tasks', 'run', '5.1_orquestacion', 'tarea3', 'scheduled__2024-03-06T00:00:00+00:00', '--job-id', '208', '--raw', '--subdir', 'DAGS_FOLDER/051_orquestacion.py', '--cfg-path', '/tmp/tmpfh_9xba6']
[2024-05-07T23:46:18.896+0000] {standard_task_runner.py:91} INFO - Job 208: Subtask tarea3
[2024-05-07T23:46:18.966+0000] {task_command.py:426} INFO - Running <TaskInstance: 5.1_orquestacion.tarea3 scheduled__2024-03-06T00:00:00+00:00 [running]> on host 521bf890d837
[2024-05-07T23:46:19.085+0000] {taskinstance.py:2648} INFO - Exporting env vars: AIRFLOW_CTX_DAG_OWNER='***' AIRFLOW_CTX_DAG_ID='5.1_orquestacion' AIRFLOW_CTX_TASK_ID='tarea3' AIRFLOW_CTX_EXECUTION_DATE='2024-03-06T00:00:00+00:00' AIRFLOW_CTX_TRY_NUMBER='1' AIRFLOW_CTX_DAG_RUN_ID='scheduled__2024-03-06T00:00:00+00:00'
[2024-05-07T23:46:19.086+0000] {taskinstance.py:430} INFO - ::endgroup::
[2024-05-07T23:46:19.097+0000] {subprocess.py:63} INFO - Tmp dir root location: /tmp
[2024-05-07T23:46:19.098+0000] {subprocess.py:75} INFO - Running command: ['/usr/bin/bash', '-c', "sleep 2 && echo 'Tarea 3'"]
[2024-05-07T23:46:19.106+0000] {subprocess.py:86} INFO - Output:
[2024-05-07T23:46:21.110+0000] {subprocess.py:93} INFO - Tarea 3
[2024-05-07T23:46:21.113+0000] {subprocess.py:97} INFO - Command exited with return code 0
[2024-05-07T23:46:21.114+0000] {taskinstance.py:441} INFO - ::group::Post task execution logs
[2024-05-07T23:46:21.274+0000] {taskinstance.py:1206} INFO - Marking task as SUCCESS. dag_id=5.1_orquestacion, task_id=tarea3, run_id=scheduled__2024-03-06T00:00:00+00:00, execution_date=20240306T000000, start_date=20240507T234618, end_date=20240507T234621
[2024-05-07T23:46:21.442+0000] {local_task_job_runner.py:240} INFO - Task exited with return code 0
[2024-05-07T23:46:21.490+0000] {local_task_job_runner.py:222} INFO - ::endgroup::
