[2024-05-08T20:13:25.326+0000] {local_task_job_runner.py:120} INFO - ::group::Pre task execution logs
[2024-05-08T20:13:25.346+0000] {taskinstance.py:2076} INFO - Dependencies all met for dep_context=non-requeueable deps ti=<TaskInstance: 8_Templating.tarea1 scheduled__2022-07-26T00:00:00+00:00 [queued]>
[2024-05-08T20:13:25.355+0000] {taskinstance.py:2076} INFO - Dependencies all met for dep_context=requeueable deps ti=<TaskInstance: 8_Templating.tarea1 scheduled__2022-07-26T00:00:00+00:00 [queued]>
[2024-05-08T20:13:25.356+0000] {taskinstance.py:2306} INFO - Starting attempt 1 of 1
[2024-05-08T20:13:25.365+0000] {taskinstance.py:2330} INFO - Executing <Task(BashOperator): tarea1> on 2022-07-26 00:00:00+00:00
[2024-05-08T20:13:25.370+0000] {warnings.py:110} WARNING - /home/***/.local/lib/python3.12/site-packages/***/task/task_runner/standard_task_runner.py:61: DeprecationWarning: This process (pid=2848) is multi-threaded, use of fork() may lead to deadlocks in the child.
  pid = os.fork()

[2024-05-08T20:13:25.371+0000] {standard_task_runner.py:63} INFO - Started process 2849 to run task
[2024-05-08T20:13:25.371+0000] {standard_task_runner.py:90} INFO - Running: ['***', 'tasks', 'run', '8_Templating', 'tarea1', 'scheduled__2022-07-26T00:00:00+00:00', '--job-id', '837', '--raw', '--subdir', 'DAGS_FOLDER/08_Templating.py', '--cfg-path', '/tmp/tmpp7jzbh6z']
[2024-05-08T20:13:25.372+0000] {standard_task_runner.py:91} INFO - Job 837: Subtask tarea1
[2024-05-08T20:13:25.405+0000] {task_command.py:426} INFO - Running <TaskInstance: 8_Templating.tarea1 scheduled__2022-07-26T00:00:00+00:00 [running]> on host ccc314eb571d
[2024-05-08T20:13:25.466+0000] {taskinstance.py:2648} INFO - Exporting env vars: AIRFLOW_CTX_DAG_OWNER='***' AIRFLOW_CTX_DAG_ID='8_Templating' AIRFLOW_CTX_TASK_ID='tarea1' AIRFLOW_CTX_EXECUTION_DATE='2022-07-26T00:00:00+00:00' AIRFLOW_CTX_TRY_NUMBER='1' AIRFLOW_CTX_DAG_RUN_ID='scheduled__2022-07-26T00:00:00+00:00'
[2024-05-08T20:13:25.467+0000] {taskinstance.py:430} INFO - ::endgroup::
[2024-05-08T20:13:25.476+0000] {subprocess.py:63} INFO - Tmp dir root location: /tmp
[2024-05-08T20:13:25.477+0000] {subprocess.py:75} INFO - Running command: ['/usr/bin/bash', '-c', '\n\n    echo "2022-07-26"\n    echo "file1.txt"\n\n    echo "2022-07-26"\n    echo "file2.txt"\n']
[2024-05-08T20:13:25.484+0000] {subprocess.py:86} INFO - Output:
[2024-05-08T20:13:25.485+0000] {subprocess.py:93} INFO - 2022-07-26
[2024-05-08T20:13:25.486+0000] {subprocess.py:93} INFO - file1.txt
[2024-05-08T20:13:25.486+0000] {subprocess.py:93} INFO - 2022-07-26
[2024-05-08T20:13:25.486+0000] {subprocess.py:93} INFO - file2.txt
[2024-05-08T20:13:25.487+0000] {subprocess.py:97} INFO - Command exited with return code 0
[2024-05-08T20:13:25.487+0000] {taskinstance.py:441} INFO - ::group::Post task execution logs
[2024-05-08T20:13:25.503+0000] {taskinstance.py:1206} INFO - Marking task as SUCCESS. dag_id=8_Templating, task_id=tarea1, run_id=scheduled__2022-07-26T00:00:00+00:00, execution_date=20220726T000000, start_date=20240508T201325, end_date=20240508T201325
[2024-05-08T20:13:25.546+0000] {local_task_job_runner.py:240} INFO - Task exited with return code 0
[2024-05-08T20:13:25.557+0000] {taskinstance.py:3498} INFO - 0 downstream tasks scheduled from follow-on schedule check
[2024-05-08T20:13:25.560+0000] {local_task_job_runner.py:222} INFO - ::endgroup::
