[2024-05-07T23:41:47.669+0000] {local_task_job_runner.py:120} INFO - ::group::Pre task execution logs
[2024-05-07T23:41:47.695+0000] {taskinstance.py:2076} INFO - Dependencies all met for dep_context=non-requeueable deps ti=<TaskInstance: 5.1_orquestacion.tarea1 scheduled__2024-03-18T00:00:00+00:00 [queued]>
[2024-05-07T23:41:47.705+0000] {taskinstance.py:2076} INFO - Dependencies all met for dep_context=requeueable deps ti=<TaskInstance: 5.1_orquestacion.tarea1 scheduled__2024-03-18T00:00:00+00:00 [queued]>
[2024-05-07T23:41:47.706+0000] {taskinstance.py:2306} INFO - Starting attempt 1 of 1
[2024-05-07T23:41:47.720+0000] {taskinstance.py:2330} INFO - Executing <Task(BashOperator): tarea1> on 2024-03-18 00:00:00+00:00
[2024-05-07T23:41:47.726+0000] {warnings.py:110} WARNING - /home/***/.local/lib/python3.12/site-packages/***/task/task_runner/standard_task_runner.py:61: DeprecationWarning: This process (pid=3038) is multi-threaded, use of fork() may lead to deadlocks in the child.
  pid = os.fork()

[2024-05-07T23:41:47.728+0000] {standard_task_runner.py:63} INFO - Started process 3044 to run task
[2024-05-07T23:41:47.730+0000] {standard_task_runner.py:90} INFO - Running: ['***', 'tasks', 'run', '5.1_orquestacion', 'tarea1', 'scheduled__2024-03-18T00:00:00+00:00', '--job-id', '122', '--raw', '--subdir', 'DAGS_FOLDER/051_orquestacion.py', '--cfg-path', '/tmp/tmp3_p4dt9e']
[2024-05-07T23:41:47.731+0000] {standard_task_runner.py:91} INFO - Job 122: Subtask tarea1
[2024-05-07T23:41:47.773+0000] {task_command.py:426} INFO - Running <TaskInstance: 5.1_orquestacion.tarea1 scheduled__2024-03-18T00:00:00+00:00 [running]> on host 521bf890d837
[2024-05-07T23:41:47.848+0000] {taskinstance.py:2648} INFO - Exporting env vars: AIRFLOW_CTX_DAG_OWNER='***' AIRFLOW_CTX_DAG_ID='5.1_orquestacion' AIRFLOW_CTX_TASK_ID='tarea1' AIRFLOW_CTX_EXECUTION_DATE='2024-03-18T00:00:00+00:00' AIRFLOW_CTX_TRY_NUMBER='1' AIRFLOW_CTX_DAG_RUN_ID='scheduled__2024-03-18T00:00:00+00:00'
[2024-05-07T23:41:47.849+0000] {taskinstance.py:430} INFO - ::endgroup::
[2024-05-07T23:41:47.878+0000] {subprocess.py:63} INFO - Tmp dir root location: /tmp
[2024-05-07T23:41:47.879+0000] {subprocess.py:75} INFO - Running command: ['/usr/bin/bash', '-c', "sleep 2 && echo 'Tarea 1'"]
[2024-05-07T23:41:47.887+0000] {subprocess.py:86} INFO - Output:
[2024-05-07T23:41:49.889+0000] {subprocess.py:93} INFO - Tarea 1
[2024-05-07T23:41:49.890+0000] {subprocess.py:97} INFO - Command exited with return code 0
[2024-05-07T23:41:49.893+0000] {taskinstance.py:441} INFO - ::group::Post task execution logs
[2024-05-07T23:41:49.923+0000] {taskinstance.py:1206} INFO - Marking task as SUCCESS. dag_id=5.1_orquestacion, task_id=tarea1, run_id=scheduled__2024-03-18T00:00:00+00:00, execution_date=20240318T000000, start_date=20240507T234147, end_date=20240507T234149
[2024-05-07T23:41:49.957+0000] {local_task_job_runner.py:240} INFO - Task exited with return code 0
[2024-05-07T23:41:49.989+0000] {taskinstance.py:3498} INFO - 1 downstream tasks scheduled from follow-on schedule check
[2024-05-07T23:41:49.993+0000] {local_task_job_runner.py:222} INFO - ::endgroup::
[2024-05-07T23:48:32.318+0000] {local_task_job_runner.py:120} INFO - ::group::Pre task execution logs
[2024-05-07T23:48:32.347+0000] {taskinstance.py:2076} INFO - Dependencies all met for dep_context=non-requeueable deps ti=<TaskInstance: 5.1_orquestacion.tarea1 scheduled__2024-03-18T00:00:00+00:00 [queued]>
[2024-05-07T23:48:32.360+0000] {taskinstance.py:2076} INFO - Dependencies all met for dep_context=requeueable deps ti=<TaskInstance: 5.1_orquestacion.tarea1 scheduled__2024-03-18T00:00:00+00:00 [queued]>
[2024-05-07T23:48:32.362+0000] {taskinstance.py:2306} INFO - Starting attempt 1 of 1
[2024-05-07T23:48:32.405+0000] {taskinstance.py:2330} INFO - Executing <Task(BashOperator): tarea1> on 2024-03-18 00:00:00+00:00
[2024-05-07T23:48:32.412+0000] {warnings.py:110} WARNING - /home/***/.local/lib/python3.12/site-packages/***/task/task_runner/standard_task_runner.py:61: DeprecationWarning: This process (pid=3654) is multi-threaded, use of fork() may lead to deadlocks in the child.
  pid = os.fork()

[2024-05-07T23:48:32.413+0000] {standard_task_runner.py:90} INFO - Running: ['***', 'tasks', 'run', '5.1_orquestacion', 'tarea1', 'scheduled__2024-03-18T00:00:00+00:00', '--job-id', '253', '--raw', '--subdir', 'DAGS_FOLDER/051_orquestacion.py', '--cfg-path', '/tmp/tmpbe4_gexc']
[2024-05-07T23:48:32.414+0000] {standard_task_runner.py:63} INFO - Started process 3655 to run task
[2024-05-07T23:48:32.414+0000] {standard_task_runner.py:91} INFO - Job 253: Subtask tarea1
[2024-05-07T23:48:32.594+0000] {task_command.py:426} INFO - Running <TaskInstance: 5.1_orquestacion.tarea1 scheduled__2024-03-18T00:00:00+00:00 [running]> on host 521bf890d837
[2024-05-07T23:48:32.842+0000] {taskinstance.py:2648} INFO - Exporting env vars: AIRFLOW_CTX_DAG_OWNER='***' AIRFLOW_CTX_DAG_ID='5.1_orquestacion' AIRFLOW_CTX_TASK_ID='tarea1' AIRFLOW_CTX_EXECUTION_DATE='2024-03-18T00:00:00+00:00' AIRFLOW_CTX_TRY_NUMBER='1' AIRFLOW_CTX_DAG_RUN_ID='scheduled__2024-03-18T00:00:00+00:00'
[2024-05-07T23:48:32.843+0000] {taskinstance.py:430} INFO - ::endgroup::
[2024-05-07T23:48:32.856+0000] {subprocess.py:63} INFO - Tmp dir root location: /tmp
[2024-05-07T23:48:32.860+0000] {subprocess.py:75} INFO - Running command: ['/usr/bin/bash', '-c', "sleep 2 && echo 'Tarea 1'"]
[2024-05-07T23:48:32.869+0000] {subprocess.py:86} INFO - Output:
[2024-05-07T23:48:34.872+0000] {subprocess.py:93} INFO - Tarea 1
[2024-05-07T23:48:34.872+0000] {subprocess.py:97} INFO - Command exited with return code 0
[2024-05-07T23:48:34.873+0000] {taskinstance.py:441} INFO - ::group::Post task execution logs
[2024-05-07T23:48:34.922+0000] {taskinstance.py:1206} INFO - Marking task as SUCCESS. dag_id=5.1_orquestacion, task_id=tarea1, run_id=scheduled__2024-03-18T00:00:00+00:00, execution_date=20240318T000000, start_date=20240507T234832, end_date=20240507T234834
[2024-05-07T23:48:34.963+0000] {local_task_job_runner.py:240} INFO - Task exited with return code 0
[2024-05-07T23:48:34.995+0000] {taskinstance.py:3498} INFO - 1 downstream tasks scheduled from follow-on schedule check
[2024-05-07T23:48:35.006+0000] {local_task_job_runner.py:222} INFO - ::endgroup::
