[2024-05-10T06:15:54.370+0000] {local_task_job_runner.py:120} INFO - ::group::Pre task execution logs
[2024-05-10T06:15:54.389+0000] {taskinstance.py:2076} INFO - Dependencies all met for dep_context=non-requeueable deps ti=<TaskInstance: Proyecto_SpaceX_v1.Esperar_archivo scheduled__2024-03-10T00:00:00+00:00 [queued]>
[2024-05-10T06:15:54.397+0000] {taskinstance.py:2076} INFO - Dependencies all met for dep_context=requeueable deps ti=<TaskInstance: Proyecto_SpaceX_v1.Esperar_archivo scheduled__2024-03-10T00:00:00+00:00 [queued]>
[2024-05-10T06:15:54.398+0000] {taskinstance.py:2306} INFO - Starting attempt 1 of 1
[2024-05-10T06:15:54.413+0000] {taskinstance.py:2330} INFO - Executing <Task(FileSensor): Esperar_archivo> on 2024-03-10 00:00:00+00:00
[2024-05-10T06:15:54.420+0000] {warnings.py:110} WARNING - /home/***/.local/lib/python3.12/site-packages/***/task/task_runner/standard_task_runner.py:61: DeprecationWarning: This process (pid=1594) is multi-threaded, use of fork() may lead to deadlocks in the child.
  pid = os.fork()

[2024-05-10T06:15:54.421+0000] {standard_task_runner.py:63} INFO - Started process 1596 to run task
[2024-05-10T06:15:54.421+0000] {standard_task_runner.py:90} INFO - Running: ['***', 'tasks', 'run', 'Proyecto_SpaceX_v1', 'Esperar_archivo', 'scheduled__2024-03-10T00:00:00+00:00', '--job-id', '1200', '--raw', '--subdir', 'DAGS_FOLDER/Proyecto_SpaceX_v1.py', '--cfg-path', '/tmp/tmpocf6qygd']
[2024-05-10T06:15:54.424+0000] {standard_task_runner.py:91} INFO - Job 1200: Subtask Esperar_archivo
[2024-05-10T06:15:54.470+0000] {task_command.py:426} INFO - Running <TaskInstance: Proyecto_SpaceX_v1.Esperar_archivo scheduled__2024-03-10T00:00:00+00:00 [running]> on host 1b7f0b10dd99
[2024-05-10T06:15:54.687+0000] {taskinstance.py:2648} INFO - Exporting env vars: AIRFLOW_CTX_DAG_OWNER='***' AIRFLOW_CTX_DAG_ID='Proyecto_SpaceX_v1' AIRFLOW_CTX_TASK_ID='Esperar_archivo' AIRFLOW_CTX_EXECUTION_DATE='2024-03-10T00:00:00+00:00' AIRFLOW_CTX_TRY_NUMBER='1' AIRFLOW_CTX_DAG_RUN_ID='scheduled__2024-03-10T00:00:00+00:00'
[2024-05-10T06:15:54.688+0000] {taskinstance.py:430} INFO - ::endgroup::
[2024-05-10T06:15:54.696+0000] {baseoperator.py:399} WARNING - FileSensor.execute cannot be called outside TaskInstance!
[2024-05-10T06:15:54.702+0000] {base.py:84} INFO - Using connection ID 'fs_default' for task execution.
[2024-05-10T06:15:54.703+0000] {filesystem.py:85} INFO - Poking for file /tmp/platzi_data_20240310.csv
[2024-05-10T06:15:54.703+0000] {filesystem.py:89} INFO - Found File /tmp/platzi_data_20240310.csv last modified: 20240510061553
[2024-05-10T06:15:54.703+0000] {base.py:294} INFO - Success criteria met. Exiting.
[2024-05-10T06:15:54.704+0000] {filesystem.py:85} INFO - Poking for file /tmp/platzi_data_20240310.csv
[2024-05-10T06:15:54.704+0000] {filesystem.py:89} INFO - Found File /tmp/platzi_data_20240310.csv last modified: 20240510061553
[2024-05-10T06:15:54.705+0000] {taskinstance.py:441} INFO - ::group::Post task execution logs
[2024-05-10T06:15:54.712+0000] {taskinstance.py:1206} INFO - Marking task as SUCCESS. dag_id=Proyecto_SpaceX_v1, task_id=Esperar_archivo, run_id=scheduled__2024-03-10T00:00:00+00:00, execution_date=20240310T000000, start_date=20240510T061554, end_date=20240510T061554
[2024-05-10T06:15:54.756+0000] {local_task_job_runner.py:240} INFO - Task exited with return code 0
[2024-05-10T06:15:54.902+0000] {taskinstance.py:3498} INFO - 1 downstream tasks scheduled from follow-on schedule check
[2024-05-10T06:15:54.905+0000] {local_task_job_runner.py:222} INFO - ::endgroup::
