[2024-05-07T23:42:20.342+0000] {local_task_job_runner.py:120} INFO - ::group::Pre task execution logs
[2024-05-07T23:42:20.369+0000] {taskinstance.py:2076} INFO - Dependencies all met for dep_context=non-requeueable deps ti=<TaskInstance: 5.1_orquestacion.tarea4 scheduled__2024-03-25T00:00:00+00:00 [queued]>
[2024-05-07T23:42:20.379+0000] {taskinstance.py:2076} INFO - Dependencies all met for dep_context=requeueable deps ti=<TaskInstance: 5.1_orquestacion.tarea4 scheduled__2024-03-25T00:00:00+00:00 [queued]>
[2024-05-07T23:42:20.379+0000] {taskinstance.py:2306} INFO - Starting attempt 1 of 1
[2024-05-07T23:42:20.394+0000] {taskinstance.py:2330} INFO - Executing <Task(BashOperator): tarea4> on 2024-03-25 00:00:00+00:00
[2024-05-07T23:42:20.400+0000] {warnings.py:110} WARNING - /home/***/.local/lib/python3.12/site-packages/***/task/task_runner/standard_task_runner.py:61: DeprecationWarning: This process (pid=3189) is multi-threaded, use of fork() may lead to deadlocks in the child.
  pid = os.fork()

[2024-05-07T23:42:20.401+0000] {standard_task_runner.py:63} INFO - Started process 3194 to run task
[2024-05-07T23:42:20.401+0000] {standard_task_runner.py:90} INFO - Running: ['***', 'tasks', 'run', '5.1_orquestacion', 'tarea4', 'scheduled__2024-03-25T00:00:00+00:00', '--job-id', '157', '--raw', '--subdir', 'DAGS_FOLDER/051_orquestacion.py', '--cfg-path', '/tmp/tmpxmdobm9o']
[2024-05-07T23:42:20.403+0000] {standard_task_runner.py:91} INFO - Job 157: Subtask tarea4
[2024-05-07T23:42:20.447+0000] {task_command.py:426} INFO - Running <TaskInstance: 5.1_orquestacion.tarea4 scheduled__2024-03-25T00:00:00+00:00 [running]> on host 521bf890d837
[2024-05-07T23:42:20.592+0000] {taskinstance.py:2648} INFO - Exporting env vars: AIRFLOW_CTX_DAG_OWNER='***' AIRFLOW_CTX_DAG_ID='5.1_orquestacion' AIRFLOW_CTX_TASK_ID='tarea4' AIRFLOW_CTX_EXECUTION_DATE='2024-03-25T00:00:00+00:00' AIRFLOW_CTX_TRY_NUMBER='1' AIRFLOW_CTX_DAG_RUN_ID='scheduled__2024-03-25T00:00:00+00:00'
[2024-05-07T23:42:20.600+0000] {taskinstance.py:430} INFO - ::endgroup::
[2024-05-07T23:42:20.617+0000] {subprocess.py:63} INFO - Tmp dir root location: /tmp
[2024-05-07T23:42:20.618+0000] {subprocess.py:75} INFO - Running command: ['/usr/bin/bash', '-c', "sleep 2 && echo 'Tarea 4'"]
[2024-05-07T23:42:20.629+0000] {subprocess.py:86} INFO - Output:
[2024-05-07T23:42:22.633+0000] {subprocess.py:93} INFO - Tarea 4
[2024-05-07T23:42:22.633+0000] {subprocess.py:97} INFO - Command exited with return code 0
[2024-05-07T23:42:22.634+0000] {taskinstance.py:441} INFO - ::group::Post task execution logs
[2024-05-07T23:42:22.692+0000] {taskinstance.py:1206} INFO - Marking task as SUCCESS. dag_id=5.1_orquestacion, task_id=tarea4, run_id=scheduled__2024-03-25T00:00:00+00:00, execution_date=20240325T000000, start_date=20240507T234220, end_date=20240507T234222
[2024-05-07T23:42:22.746+0000] {local_task_job_runner.py:240} INFO - Task exited with return code 0
[2024-05-07T23:42:22.762+0000] {taskinstance.py:3498} INFO - 0 downstream tasks scheduled from follow-on schedule check
[2024-05-07T23:42:22.765+0000] {local_task_job_runner.py:222} INFO - ::endgroup::
[2024-05-07T23:49:52.818+0000] {local_task_job_runner.py:120} INFO - ::group::Pre task execution logs
[2024-05-07T23:49:52.844+0000] {taskinstance.py:2076} INFO - Dependencies all met for dep_context=non-requeueable deps ti=<TaskInstance: 5.1_orquestacion.tarea4 scheduled__2024-03-25T00:00:00+00:00 [queued]>
[2024-05-07T23:49:52.856+0000] {taskinstance.py:2076} INFO - Dependencies all met for dep_context=requeueable deps ti=<TaskInstance: 5.1_orquestacion.tarea4 scheduled__2024-03-25T00:00:00+00:00 [queued]>
[2024-05-07T23:49:52.857+0000] {taskinstance.py:2306} INFO - Starting attempt 1 of 1
[2024-05-07T23:49:52.872+0000] {taskinstance.py:2330} INFO - Executing <Task(BashOperator): tarea4> on 2024-03-25 00:00:00+00:00
[2024-05-07T23:49:52.878+0000] {warnings.py:110} WARNING - /home/***/.local/lib/python3.12/site-packages/***/task/task_runner/standard_task_runner.py:61: DeprecationWarning: This process (pid=3795) is multi-threaded, use of fork() may lead to deadlocks in the child.
  pid = os.fork()

[2024-05-07T23:49:52.880+0000] {standard_task_runner.py:63} INFO - Started process 3797 to run task
[2024-05-07T23:49:52.879+0000] {standard_task_runner.py:90} INFO - Running: ['***', 'tasks', 'run', '5.1_orquestacion', 'tarea4', 'scheduled__2024-03-25T00:00:00+00:00', '--job-id', '283', '--raw', '--subdir', 'DAGS_FOLDER/051_orquestacion.py', '--cfg-path', '/tmp/tmp4z_pj7zu']
[2024-05-07T23:49:52.881+0000] {standard_task_runner.py:91} INFO - Job 283: Subtask tarea4
[2024-05-07T23:49:52.923+0000] {task_command.py:426} INFO - Running <TaskInstance: 5.1_orquestacion.tarea4 scheduled__2024-03-25T00:00:00+00:00 [running]> on host 521bf890d837
[2024-05-07T23:49:53.031+0000] {taskinstance.py:2648} INFO - Exporting env vars: AIRFLOW_CTX_DAG_OWNER='***' AIRFLOW_CTX_DAG_ID='5.1_orquestacion' AIRFLOW_CTX_TASK_ID='tarea4' AIRFLOW_CTX_EXECUTION_DATE='2024-03-25T00:00:00+00:00' AIRFLOW_CTX_TRY_NUMBER='1' AIRFLOW_CTX_DAG_RUN_ID='scheduled__2024-03-25T00:00:00+00:00'
[2024-05-07T23:49:53.032+0000] {taskinstance.py:430} INFO - ::endgroup::
[2024-05-07T23:49:53.043+0000] {subprocess.py:63} INFO - Tmp dir root location: /tmp
[2024-05-07T23:49:53.045+0000] {subprocess.py:75} INFO - Running command: ['/usr/bin/bash', '-c', "sleep 2 && echo 'Tarea 4'"]
[2024-05-07T23:49:53.054+0000] {subprocess.py:86} INFO - Output:
[2024-05-07T23:49:55.057+0000] {subprocess.py:93} INFO - Tarea 4
[2024-05-07T23:49:55.058+0000] {subprocess.py:97} INFO - Command exited with return code 0
[2024-05-07T23:49:55.059+0000] {taskinstance.py:441} INFO - ::group::Post task execution logs
[2024-05-07T23:49:55.082+0000] {taskinstance.py:1206} INFO - Marking task as SUCCESS. dag_id=5.1_orquestacion, task_id=tarea4, run_id=scheduled__2024-03-25T00:00:00+00:00, execution_date=20240325T000000, start_date=20240507T234952, end_date=20240507T234955
[2024-05-07T23:49:55.144+0000] {local_task_job_runner.py:240} INFO - Task exited with return code 0
[2024-05-07T23:49:55.159+0000] {taskinstance.py:3498} INFO - 0 downstream tasks scheduled from follow-on schedule check
[2024-05-07T23:49:55.161+0000] {local_task_job_runner.py:222} INFO - ::endgroup::
