[2024-05-10T06:24:59.913+0000] {local_task_job_runner.py:120} INFO - ::group::Pre task execution logs
[2024-05-10T06:25:00.085+0000] {taskinstance.py:2076} INFO - Dependencies all met for dep_context=non-requeueable deps ti=<TaskInstance: Proyecto_SpaceX_v1.Lectura_Datos_NASA scheduled__2024-03-27T00:00:00+00:00 [queued]>
[2024-05-10T06:25:00.093+0000] {taskinstance.py:2076} INFO - Dependencies all met for dep_context=requeueable deps ti=<TaskInstance: Proyecto_SpaceX_v1.Lectura_Datos_NASA scheduled__2024-03-27T00:00:00+00:00 [queued]>
[2024-05-10T06:25:00.094+0000] {taskinstance.py:2306} INFO - Starting attempt 1 of 1
[2024-05-10T06:25:00.111+0000] {taskinstance.py:2330} INFO - Executing <Task(BashOperator): Lectura_Datos_NASA> on 2024-03-27 00:00:00+00:00
[2024-05-10T06:25:00.119+0000] {warnings.py:110} WARNING - /home/***/.local/lib/python3.12/site-packages/***/task/task_runner/standard_task_runner.py:61: DeprecationWarning: This process (pid=2188) is multi-threaded, use of fork() may lead to deadlocks in the child.
  pid = os.fork()

[2024-05-10T06:25:00.121+0000] {standard_task_runner.py:63} INFO - Started process 2190 to run task
[2024-05-10T06:25:00.120+0000] {standard_task_runner.py:90} INFO - Running: ['***', 'tasks', 'run', 'Proyecto_SpaceX_v1', 'Lectura_Datos_NASA', 'scheduled__2024-03-27T00:00:00+00:00', '--job-id', '1310', '--raw', '--subdir', 'DAGS_FOLDER/Proyecto_SpaceX_v1.py', '--cfg-path', '/tmp/tmp20ad46pc']
[2024-05-10T06:25:00.122+0000] {standard_task_runner.py:91} INFO - Job 1310: Subtask Lectura_Datos_NASA
[2024-05-10T06:25:00.162+0000] {task_command.py:426} INFO - Running <TaskInstance: Proyecto_SpaceX_v1.Lectura_Datos_NASA scheduled__2024-03-27T00:00:00+00:00 [running]> on host 1b7f0b10dd99
[2024-05-10T06:25:00.252+0000] {taskinstance.py:2648} INFO - Exporting env vars: AIRFLOW_CTX_DAG_OWNER='***' AIRFLOW_CTX_DAG_ID='Proyecto_SpaceX_v1' AIRFLOW_CTX_TASK_ID='Lectura_Datos_NASA' AIRFLOW_CTX_EXECUTION_DATE='2024-03-27T00:00:00+00:00' AIRFLOW_CTX_TRY_NUMBER='1' AIRFLOW_CTX_DAG_RUN_ID='scheduled__2024-03-27T00:00:00+00:00'
[2024-05-10T06:25:00.253+0000] {taskinstance.py:430} INFO - ::endgroup::
[2024-05-10T06:25:00.263+0000] {subprocess.py:63} INFO - Tmp dir root location: /tmp
[2024-05-10T06:25:00.272+0000] {subprocess.py:75} INFO - Running command: ['/usr/bin/bash', '-c', 'ls /tmp && head /tmp/response_20240327.txt']
[2024-05-10T06:25:00.287+0000] {subprocess.py:86} INFO - Output:
[2024-05-10T06:25:00.291+0000] {subprocess.py:93} INFO - ***tmpu9_ofo__
[2024-05-10T06:25:00.293+0000] {subprocess.py:93} INFO - history.json
[2024-05-10T06:25:00.301+0000] {subprocess.py:93} INFO - platzi_data_20231125.csv
[2024-05-10T06:25:00.302+0000] {subprocess.py:93} INFO - platzi_data_20231126.csv
[2024-05-10T06:25:00.307+0000] {subprocess.py:93} INFO - platzi_data_20231127.csv
[2024-05-10T06:25:00.307+0000] {subprocess.py:93} INFO - platzi_data_20240101.csv
[2024-05-10T06:25:00.309+0000] {subprocess.py:93} INFO - platzi_data_20240201.csv
[2024-05-10T06:25:00.309+0000] {subprocess.py:93} INFO - platzi_data_20240301.csv
[2024-05-10T06:25:00.310+0000] {subprocess.py:93} INFO - platzi_data_20240302.csv
[2024-05-10T06:25:00.311+0000] {subprocess.py:93} INFO - platzi_data_20240303.csv
[2024-05-10T06:25:00.311+0000] {subprocess.py:93} INFO - platzi_data_20240304.csv
[2024-05-10T06:25:00.312+0000] {subprocess.py:93} INFO - platzi_data_20240305.csv
[2024-05-10T06:25:00.312+0000] {subprocess.py:93} INFO - platzi_data_20240306.csv
[2024-05-10T06:25:00.313+0000] {subprocess.py:93} INFO - platzi_data_20240307.csv
[2024-05-10T06:25:00.313+0000] {subprocess.py:93} INFO - platzi_data_20240308.csv
[2024-05-10T06:25:00.314+0000] {subprocess.py:93} INFO - platzi_data_20240309.csv
[2024-05-10T06:25:00.315+0000] {subprocess.py:93} INFO - platzi_data_20240310.csv
[2024-05-10T06:25:00.315+0000] {subprocess.py:93} INFO - platzi_data_20240311.csv
[2024-05-10T06:25:00.316+0000] {subprocess.py:93} INFO - platzi_data_20240312.csv
[2024-05-10T06:25:00.316+0000] {subprocess.py:93} INFO - platzi_data_20240313.csv
[2024-05-10T06:25:00.317+0000] {subprocess.py:93} INFO - platzi_data_20240314.csv
[2024-05-10T06:25:00.318+0000] {subprocess.py:93} INFO - platzi_data_20240316.csv
[2024-05-10T06:25:00.318+0000] {subprocess.py:93} INFO - platzi_data_20240317.csv
[2024-05-10T06:25:00.319+0000] {subprocess.py:93} INFO - platzi_data_20240318.csv
[2024-05-10T06:25:00.320+0000] {subprocess.py:93} INFO - platzi_data_20240319.csv
[2024-05-10T06:25:00.320+0000] {subprocess.py:93} INFO - platzi_data_20240320.csv
[2024-05-10T06:25:00.321+0000] {subprocess.py:93} INFO - platzi_data_20240321.csv
[2024-05-10T06:25:00.322+0000] {subprocess.py:93} INFO - platzi_data_20240322.csv
[2024-05-10T06:25:00.322+0000] {subprocess.py:93} INFO - platzi_data_20240323.csv
[2024-05-10T06:25:00.323+0000] {subprocess.py:93} INFO - platzi_data_20240324.csv
[2024-05-10T06:25:00.324+0000] {subprocess.py:93} INFO - platzi_data_20240325.csv
[2024-05-10T06:25:00.324+0000] {subprocess.py:93} INFO - platzi_data_20240326.csv
[2024-05-10T06:25:00.325+0000] {subprocess.py:93} INFO - pymp-uyxtzsi7
[2024-05-10T06:25:00.325+0000] {subprocess.py:93} INFO - response_20231125.txt
[2024-05-10T06:25:00.326+0000] {subprocess.py:93} INFO - response_20231126.txt
[2024-05-10T06:25:00.326+0000] {subprocess.py:93} INFO - response_20231127.txt
[2024-05-10T06:25:00.327+0000] {subprocess.py:93} INFO - response_20240101.txt
[2024-05-10T06:25:00.328+0000] {subprocess.py:93} INFO - response_20240201.txt
[2024-05-10T06:25:00.328+0000] {subprocess.py:93} INFO - response_20240301.txt
[2024-05-10T06:25:00.329+0000] {subprocess.py:93} INFO - response_20240302.txt
[2024-05-10T06:25:00.329+0000] {subprocess.py:93} INFO - response_20240303.txt
[2024-05-10T06:25:00.330+0000] {subprocess.py:93} INFO - response_20240304.txt
[2024-05-10T06:25:00.331+0000] {subprocess.py:93} INFO - response_20240305.txt
[2024-05-10T06:25:00.332+0000] {subprocess.py:93} INFO - response_20240306.txt
[2024-05-10T06:25:00.332+0000] {subprocess.py:93} INFO - response_20240307.txt
[2024-05-10T06:25:00.333+0000] {subprocess.py:93} INFO - response_20240308.txt
[2024-05-10T06:25:00.333+0000] {subprocess.py:93} INFO - response_20240309.txt
[2024-05-10T06:25:00.334+0000] {subprocess.py:93} INFO - response_20240310.txt
[2024-05-10T06:25:00.335+0000] {subprocess.py:93} INFO - response_20240311.txt
[2024-05-10T06:25:00.335+0000] {subprocess.py:93} INFO - response_20240312.txt
[2024-05-10T06:25:00.336+0000] {subprocess.py:93} INFO - response_20240313.txt
[2024-05-10T06:25:00.336+0000] {subprocess.py:93} INFO - response_20240314.txt
[2024-05-10T06:25:00.337+0000] {subprocess.py:93} INFO - response_20240315.txt
[2024-05-10T06:25:00.337+0000] {subprocess.py:93} INFO - response_20240316.txt
[2024-05-10T06:25:00.338+0000] {subprocess.py:93} INFO - response_20240317.txt
[2024-05-10T06:25:00.338+0000] {subprocess.py:93} INFO - response_20240318.txt
[2024-05-10T06:25:00.339+0000] {subprocess.py:93} INFO - response_20240319.txt
[2024-05-10T06:25:00.339+0000] {subprocess.py:93} INFO - response_20240320.txt
[2024-05-10T06:25:00.340+0000] {subprocess.py:93} INFO - response_20240321.txt
[2024-05-10T06:25:00.340+0000] {subprocess.py:93} INFO - response_20240322.txt
[2024-05-10T06:25:00.341+0000] {subprocess.py:93} INFO - response_20240323.txt
[2024-05-10T06:25:00.341+0000] {subprocess.py:93} INFO - response_20240324.txt
[2024-05-10T06:25:00.342+0000] {subprocess.py:93} INFO - response_20240325.txt
[2024-05-10T06:25:00.342+0000] {subprocess.py:93} INFO - response_20240326.txt
[2024-05-10T06:25:00.343+0000] {subprocess.py:93} INFO - response_20240327.txt
[2024-05-10T06:25:00.343+0000] {subprocess.py:93} INFO - Confirmación, puede proceder
[2024-05-10T06:25:00.344+0000] {subprocess.py:97} INFO - Command exited with return code 0
[2024-05-10T06:25:00.345+0000] {taskinstance.py:441} INFO - ::group::Post task execution logs
[2024-05-10T06:25:00.376+0000] {taskinstance.py:1206} INFO - Marking task as SUCCESS. dag_id=Proyecto_SpaceX_v1, task_id=Lectura_Datos_NASA, run_id=scheduled__2024-03-27T00:00:00+00:00, execution_date=20240327T000000, start_date=20240510T062500, end_date=20240510T062500
[2024-05-10T06:25:00.416+0000] {local_task_job_runner.py:240} INFO - Task exited with return code 0
[2024-05-10T06:25:00.444+0000] {taskinstance.py:3498} INFO - 1 downstream tasks scheduled from follow-on schedule check
[2024-05-10T06:25:00.456+0000] {local_task_job_runner.py:222} INFO - ::endgroup::
