[2024-05-07T23:41:01.785+0000] {local_task_job_runner.py:120} INFO - ::group::Pre task execution logs
[2024-05-07T23:41:01.810+0000] {taskinstance.py:2076} INFO - Dependencies all met for dep_context=non-requeueable deps ti=<TaskInstance: 5.1_orquestacion.tarea2 scheduled__2024-03-05T00:00:00+00:00 [queued]>
[2024-05-07T23:41:01.820+0000] {taskinstance.py:2076} INFO - Dependencies all met for dep_context=requeueable deps ti=<TaskInstance: 5.1_orquestacion.tarea2 scheduled__2024-03-05T00:00:00+00:00 [queued]>
[2024-05-07T23:41:01.821+0000] {taskinstance.py:2306} INFO - Starting attempt 1 of 1
[2024-05-07T23:41:01.836+0000] {taskinstance.py:2330} INFO - Executing <Task(BashOperator): tarea2> on 2024-03-05 00:00:00+00:00
[2024-05-07T23:41:01.843+0000] {warnings.py:110} WARNING - /home/***/.local/lib/python3.12/site-packages/***/task/task_runner/standard_task_runner.py:61: DeprecationWarning: This process (pid=2834) is multi-threaded, use of fork() may lead to deadlocks in the child.
  pid = os.fork()

[2024-05-07T23:41:01.844+0000] {standard_task_runner.py:90} INFO - Running: ['***', 'tasks', 'run', '5.1_orquestacion', 'tarea2', 'scheduled__2024-03-05T00:00:00+00:00', '--job-id', '75', '--raw', '--subdir', 'DAGS_FOLDER/051_orquestacion.py', '--cfg-path', '/tmp/tmppilw49kj']
[2024-05-07T23:41:01.845+0000] {standard_task_runner.py:63} INFO - Started process 2836 to run task
[2024-05-07T23:41:01.847+0000] {standard_task_runner.py:91} INFO - Job 75: Subtask tarea2
[2024-05-07T23:41:01.893+0000] {task_command.py:426} INFO - Running <TaskInstance: 5.1_orquestacion.tarea2 scheduled__2024-03-05T00:00:00+00:00 [running]> on host 521bf890d837
[2024-05-07T23:41:01.990+0000] {taskinstance.py:2648} INFO - Exporting env vars: AIRFLOW_CTX_DAG_OWNER='***' AIRFLOW_CTX_DAG_ID='5.1_orquestacion' AIRFLOW_CTX_TASK_ID='tarea2' AIRFLOW_CTX_EXECUTION_DATE='2024-03-05T00:00:00+00:00' AIRFLOW_CTX_TRY_NUMBER='1' AIRFLOW_CTX_DAG_RUN_ID='scheduled__2024-03-05T00:00:00+00:00'
[2024-05-07T23:41:01.992+0000] {taskinstance.py:430} INFO - ::endgroup::
[2024-05-07T23:41:02.004+0000] {subprocess.py:63} INFO - Tmp dir root location: /tmp
[2024-05-07T23:41:02.005+0000] {subprocess.py:75} INFO - Running command: ['/usr/bin/bash', '-c', "sleep 2 && echo 'Tarea 2'"]
[2024-05-07T23:41:02.014+0000] {subprocess.py:86} INFO - Output:
[2024-05-07T23:41:04.017+0000] {subprocess.py:93} INFO - Tarea 2
[2024-05-07T23:41:04.018+0000] {subprocess.py:97} INFO - Command exited with return code 0
[2024-05-07T23:41:04.019+0000] {taskinstance.py:441} INFO - ::group::Post task execution logs
[2024-05-07T23:41:04.104+0000] {taskinstance.py:1206} INFO - Marking task as SUCCESS. dag_id=5.1_orquestacion, task_id=tarea2, run_id=scheduled__2024-03-05T00:00:00+00:00, execution_date=20240305T000000, start_date=20240507T234101, end_date=20240507T234104
[2024-05-07T23:41:04.156+0000] {local_task_job_runner.py:240} INFO - Task exited with return code 0
[2024-05-07T23:41:04.222+0000] {taskinstance.py:3498} INFO - 2 downstream tasks scheduled from follow-on schedule check
[2024-05-07T23:41:04.228+0000] {local_task_job_runner.py:222} INFO - ::endgroup::
[2024-05-07T23:46:02.514+0000] {local_task_job_runner.py:120} INFO - ::group::Pre task execution logs
[2024-05-07T23:46:02.546+0000] {taskinstance.py:2076} INFO - Dependencies all met for dep_context=non-requeueable deps ti=<TaskInstance: 5.1_orquestacion.tarea2 scheduled__2024-03-05T00:00:00+00:00 [queued]>
[2024-05-07T23:46:02.560+0000] {taskinstance.py:2076} INFO - Dependencies all met for dep_context=requeueable deps ti=<TaskInstance: 5.1_orquestacion.tarea2 scheduled__2024-03-05T00:00:00+00:00 [queued]>
[2024-05-07T23:46:02.561+0000] {taskinstance.py:2306} INFO - Starting attempt 1 of 1
[2024-05-07T23:46:02.576+0000] {taskinstance.py:2330} INFO - Executing <Task(BashOperator): tarea2> on 2024-03-05 00:00:00+00:00
[2024-05-07T23:46:02.583+0000] {warnings.py:110} WARNING - /home/***/.local/lib/python3.12/site-packages/***/task/task_runner/standard_task_runner.py:61: DeprecationWarning: This process (pid=3422) is multi-threaded, use of fork() may lead to deadlocks in the child.
  pid = os.fork()

[2024-05-07T23:46:02.585+0000] {standard_task_runner.py:63} INFO - Started process 3423 to run task
[2024-05-07T23:46:02.585+0000] {standard_task_runner.py:90} INFO - Running: ['***', 'tasks', 'run', '5.1_orquestacion', 'tarea2', 'scheduled__2024-03-05T00:00:00+00:00', '--job-id', '202', '--raw', '--subdir', 'DAGS_FOLDER/051_orquestacion.py', '--cfg-path', '/tmp/tmphnyfegyb']
[2024-05-07T23:46:02.587+0000] {standard_task_runner.py:91} INFO - Job 202: Subtask tarea2
[2024-05-07T23:46:02.632+0000] {task_command.py:426} INFO - Running <TaskInstance: 5.1_orquestacion.tarea2 scheduled__2024-03-05T00:00:00+00:00 [running]> on host 521bf890d837
[2024-05-07T23:46:02.714+0000] {taskinstance.py:2648} INFO - Exporting env vars: AIRFLOW_CTX_DAG_OWNER='***' AIRFLOW_CTX_DAG_ID='5.1_orquestacion' AIRFLOW_CTX_TASK_ID='tarea2' AIRFLOW_CTX_EXECUTION_DATE='2024-03-05T00:00:00+00:00' AIRFLOW_CTX_TRY_NUMBER='1' AIRFLOW_CTX_DAG_RUN_ID='scheduled__2024-03-05T00:00:00+00:00'
[2024-05-07T23:46:02.715+0000] {taskinstance.py:430} INFO - ::endgroup::
[2024-05-07T23:46:02.728+0000] {subprocess.py:63} INFO - Tmp dir root location: /tmp
[2024-05-07T23:46:02.729+0000] {subprocess.py:75} INFO - Running command: ['/usr/bin/bash', '-c', "sleep 2 && echo 'Tarea 2'"]
[2024-05-07T23:46:02.739+0000] {subprocess.py:86} INFO - Output:
[2024-05-07T23:46:04.741+0000] {subprocess.py:93} INFO - Tarea 2
[2024-05-07T23:46:04.742+0000] {subprocess.py:97} INFO - Command exited with return code 0
[2024-05-07T23:46:04.743+0000] {taskinstance.py:441} INFO - ::group::Post task execution logs
[2024-05-07T23:46:04.821+0000] {taskinstance.py:1206} INFO - Marking task as SUCCESS. dag_id=5.1_orquestacion, task_id=tarea2, run_id=scheduled__2024-03-05T00:00:00+00:00, execution_date=20240305T000000, start_date=20240507T234602, end_date=20240507T234604
[2024-05-07T23:46:04.856+0000] {local_task_job_runner.py:240} INFO - Task exited with return code 0
[2024-05-07T23:46:04.884+0000] {taskinstance.py:3498} INFO - 2 downstream tasks scheduled from follow-on schedule check
[2024-05-07T23:46:04.886+0000] {local_task_job_runner.py:222} INFO - ::endgroup::
