[2024-05-08T19:45:49.147+0000] {local_task_job_runner.py:120} INFO - ::group::Pre task execution logs
[2024-05-08T19:45:49.162+0000] {taskinstance.py:2076} INFO - Dependencies all met for dep_context=non-requeueable deps ti=<TaskInstance: 7.3_filesensor.creating_file scheduled__2022-07-23T00:00:00+00:00 [queued]>
[2024-05-08T19:45:49.168+0000] {taskinstance.py:2076} INFO - Dependencies all met for dep_context=requeueable deps ti=<TaskInstance: 7.3_filesensor.creating_file scheduled__2022-07-23T00:00:00+00:00 [queued]>
[2024-05-08T19:45:49.169+0000] {taskinstance.py:2306} INFO - Starting attempt 1 of 1
[2024-05-08T19:45:49.178+0000] {taskinstance.py:2330} INFO - Executing <Task(BashOperator): creating_file> on 2022-07-23 00:00:00+00:00
[2024-05-08T19:45:49.183+0000] {warnings.py:110} WARNING - /home/***/.local/lib/python3.12/site-packages/***/task/task_runner/standard_task_runner.py:61: DeprecationWarning: This process (pid=2008) is multi-threaded, use of fork() may lead to deadlocks in the child.
  pid = os.fork()

[2024-05-08T19:45:49.185+0000] {standard_task_runner.py:63} INFO - Started process 2009 to run task
[2024-05-08T19:45:49.185+0000] {standard_task_runner.py:90} INFO - Running: ['***', 'tasks', 'run', '7.3_filesensor', 'creating_file', 'scheduled__2022-07-23T00:00:00+00:00', '--job-id', '672', '--raw', '--subdir', 'DAGS_FOLDER/07_FileSensor.py', '--cfg-path', '/tmp/tmpp9_lkuee']
[2024-05-08T19:45:49.186+0000] {standard_task_runner.py:91} INFO - Job 672: Subtask creating_file
[2024-05-08T19:45:49.220+0000] {task_command.py:426} INFO - Running <TaskInstance: 7.3_filesensor.creating_file scheduled__2022-07-23T00:00:00+00:00 [running]> on host ccc314eb571d
[2024-05-08T19:45:49.275+0000] {taskinstance.py:2648} INFO - Exporting env vars: AIRFLOW_CTX_DAG_OWNER='***' AIRFLOW_CTX_DAG_ID='7.3_filesensor' AIRFLOW_CTX_TASK_ID='creating_file' AIRFLOW_CTX_EXECUTION_DATE='2022-07-23T00:00:00+00:00' AIRFLOW_CTX_TRY_NUMBER='1' AIRFLOW_CTX_DAG_RUN_ID='scheduled__2022-07-23T00:00:00+00:00'
[2024-05-08T19:45:49.276+0000] {taskinstance.py:430} INFO - ::endgroup::
[2024-05-08T19:45:49.285+0000] {subprocess.py:63} INFO - Tmp dir root location: /tmp
[2024-05-08T19:45:49.286+0000] {subprocess.py:75} INFO - Running command: ['/usr/bin/bash', '-c', 'sleep 10 && touch /tmp/file.txt']
[2024-05-08T19:45:49.293+0000] {subprocess.py:86} INFO - Output:
[2024-05-08T19:45:59.296+0000] {subprocess.py:97} INFO - Command exited with return code 0
[2024-05-08T19:45:59.300+0000] {taskinstance.py:441} INFO - ::group::Post task execution logs
[2024-05-08T19:45:59.324+0000] {taskinstance.py:1206} INFO - Marking task as SUCCESS. dag_id=7.3_filesensor, task_id=creating_file, run_id=scheduled__2022-07-23T00:00:00+00:00, execution_date=20220723T000000, start_date=20240508T194549, end_date=20240508T194559
[2024-05-08T19:45:59.353+0000] {local_task_job_runner.py:240} INFO - Task exited with return code 0
[2024-05-08T19:45:59.385+0000] {taskinstance.py:3498} INFO - 1 downstream tasks scheduled from follow-on schedule check
[2024-05-08T19:45:59.398+0000] {local_task_job_runner.py:222} INFO - ::endgroup::
