[2024-05-09T19:44:41.339+0000] {local_task_job_runner.py:120} INFO - ::group::Pre task execution logs
[2024-05-09T19:44:41.364+0000] {taskinstance.py:2076} INFO - Dependencies all met for dep_context=non-requeueable deps ti=<TaskInstance: Proyecto_SpaceX.Lectura_Datos scheduled__2024-01-01T00:00:00+00:00 [queued]>
[2024-05-09T19:44:41.373+0000] {taskinstance.py:2076} INFO - Dependencies all met for dep_context=requeueable deps ti=<TaskInstance: Proyecto_SpaceX.Lectura_Datos scheduled__2024-01-01T00:00:00+00:00 [queued]>
[2024-05-09T19:44:41.374+0000] {taskinstance.py:2306} INFO - Starting attempt 2 of 2
[2024-05-09T19:44:41.503+0000] {taskinstance.py:2330} INFO - Executing <Task(BashOperator): Lectura_Datos> on 2024-01-01 00:00:00+00:00
[2024-05-09T19:44:41.514+0000] {warnings.py:110} WARNING - /home/***/.local/lib/python3.12/site-packages/***/task/task_runner/standard_task_runner.py:61: DeprecationWarning: This process (pid=909) is multi-threaded, use of fork() may lead to deadlocks in the child.
  pid = os.fork()

[2024-05-09T19:44:41.516+0000] {standard_task_runner.py:63} INFO - Started process 911 to run task
[2024-05-09T19:44:41.516+0000] {standard_task_runner.py:90} INFO - Running: ['***', 'tasks', 'run', 'Proyecto_SpaceX', 'Lectura_Datos', 'scheduled__2024-01-01T00:00:00+00:00', '--job-id', '949', '--raw', '--subdir', 'DAGS_FOLDER/Proyecto_SpaceX.py', '--cfg-path', '/tmp/tmpeg5f2jza']
[2024-05-09T19:44:41.518+0000] {standard_task_runner.py:91} INFO - Job 949: Subtask Lectura_Datos
[2024-05-09T19:44:41.562+0000] {task_command.py:426} INFO - Running <TaskInstance: Proyecto_SpaceX.Lectura_Datos scheduled__2024-01-01T00:00:00+00:00 [running]> on host 7a81a983afb0
[2024-05-09T19:44:41.630+0000] {taskinstance.py:2648} INFO - Exporting env vars: AIRFLOW_CTX_DAG_OWNER='***' AIRFLOW_CTX_DAG_ID='Proyecto_SpaceX' AIRFLOW_CTX_TASK_ID='Lectura_Datos' AIRFLOW_CTX_EXECUTION_DATE='2024-01-01T00:00:00+00:00' AIRFLOW_CTX_TRY_NUMBER='2' AIRFLOW_CTX_DAG_RUN_ID='scheduled__2024-01-01T00:00:00+00:00'
[2024-05-09T19:44:41.632+0000] {taskinstance.py:430} INFO - ::endgroup::
[2024-05-09T19:44:41.645+0000] {subprocess.py:63} INFO - Tmp dir root location: /tmp
[2024-05-09T19:44:41.646+0000] {subprocess.py:75} INFO - Running command: ['/usr/bin/bash', '-c', 'ls /tmp && head /tmp/response_20240101.txt']
[2024-05-09T19:44:41.657+0000] {subprocess.py:86} INFO - Output:
[2024-05-09T19:44:41.659+0000] {subprocess.py:93} INFO - ***tmp8tueo63a
[2024-05-09T19:44:41.660+0000] {subprocess.py:93} INFO - platzi_data_20240101.csv
[2024-05-09T19:44:41.661+0000] {subprocess.py:93} INFO - platzi_data_20240201.csv
[2024-05-09T19:44:41.661+0000] {subprocess.py:93} INFO - platzi_data_20240301.csv
[2024-05-09T19:44:41.662+0000] {subprocess.py:93} INFO - pymp-lgtt6ocg
[2024-05-09T19:44:41.663+0000] {subprocess.py:93} INFO - response_20240101.txt
[2024-05-09T19:44:41.663+0000] {subprocess.py:93} INFO - response_20240201.txt
[2024-05-09T19:44:41.664+0000] {subprocess.py:93} INFO - response_20240301.txt
[2024-05-09T19:44:41.665+0000] {subprocess.py:93} INFO - Confirmación, puede proceder
[2024-05-09T19:44:41.665+0000] {subprocess.py:97} INFO - Command exited with return code 0
[2024-05-09T19:44:41.666+0000] {taskinstance.py:441} INFO - ::group::Post task execution logs
[2024-05-09T19:44:41.687+0000] {taskinstance.py:1206} INFO - Marking task as SUCCESS. dag_id=Proyecto_SpaceX, task_id=Lectura_Datos, run_id=scheduled__2024-01-01T00:00:00+00:00, execution_date=20240101T000000, start_date=20240509T194441, end_date=20240509T194441
[2024-05-09T19:44:41.731+0000] {local_task_job_runner.py:240} INFO - Task exited with return code 0
[2024-05-09T19:44:41.750+0000] {taskinstance.py:3498} INFO - 2 downstream tasks scheduled from follow-on schedule check
[2024-05-09T19:44:41.753+0000] {local_task_job_runner.py:222} INFO - ::endgroup::
[2024-05-10T05:21:19.891+0000] {local_task_job_runner.py:120} INFO - ::group::Pre task execution logs
[2024-05-10T05:21:19.911+0000] {taskinstance.py:2076} INFO - Dependencies all met for dep_context=non-requeueable deps ti=<TaskInstance: Proyecto_SpaceX.Lectura_Datos scheduled__2024-01-01T00:00:00+00:00 [queued]>
[2024-05-10T05:21:19.919+0000] {taskinstance.py:2076} INFO - Dependencies all met for dep_context=requeueable deps ti=<TaskInstance: Proyecto_SpaceX.Lectura_Datos scheduled__2024-01-01T00:00:00+00:00 [queued]>
[2024-05-10T05:21:19.919+0000] {taskinstance.py:2306} INFO - Starting attempt 2 of 2
[2024-05-10T05:21:20.065+0000] {taskinstance.py:2330} INFO - Executing <Task(BashOperator): Lectura_Datos> on 2024-01-01 00:00:00+00:00
[2024-05-10T05:21:20.071+0000] {warnings.py:110} WARNING - /home/***/.local/lib/python3.12/site-packages/***/task/task_runner/standard_task_runner.py:61: DeprecationWarning: This process (pid=135) is multi-threaded, use of fork() may lead to deadlocks in the child.
  pid = os.fork()

[2024-05-10T05:21:20.073+0000] {standard_task_runner.py:63} INFO - Started process 137 to run task
[2024-05-10T05:21:20.073+0000] {standard_task_runner.py:90} INFO - Running: ['***', 'tasks', 'run', 'Proyecto_SpaceX', 'Lectura_Datos', 'scheduled__2024-01-01T00:00:00+00:00', '--job-id', '1023', '--raw', '--subdir', 'DAGS_FOLDER/Proyecto_SpaceX.py', '--cfg-path', '/tmp/tmp_rvdcq_f']
[2024-05-10T05:21:20.075+0000] {standard_task_runner.py:91} INFO - Job 1023: Subtask Lectura_Datos
[2024-05-10T05:21:20.123+0000] {task_command.py:426} INFO - Running <TaskInstance: Proyecto_SpaceX.Lectura_Datos scheduled__2024-01-01T00:00:00+00:00 [running]> on host 1b7f0b10dd99
[2024-05-10T05:21:20.206+0000] {taskinstance.py:2648} INFO - Exporting env vars: AIRFLOW_CTX_DAG_OWNER='***' AIRFLOW_CTX_DAG_ID='Proyecto_SpaceX' AIRFLOW_CTX_TASK_ID='Lectura_Datos' AIRFLOW_CTX_EXECUTION_DATE='2024-01-01T00:00:00+00:00' AIRFLOW_CTX_TRY_NUMBER='2' AIRFLOW_CTX_DAG_RUN_ID='scheduled__2024-01-01T00:00:00+00:00'
[2024-05-10T05:21:20.208+0000] {taskinstance.py:430} INFO - ::endgroup::
[2024-05-10T05:21:20.223+0000] {subprocess.py:63} INFO - Tmp dir root location: /tmp
[2024-05-10T05:21:20.224+0000] {subprocess.py:75} INFO - Running command: ['/usr/bin/bash', '-c', 'ls /tmp && head /tmp/response_20240101.txt']
[2024-05-10T05:21:20.234+0000] {subprocess.py:86} INFO - Output:
[2024-05-10T05:21:20.241+0000] {subprocess.py:93} INFO - ***tmp1w59dh85
[2024-05-10T05:21:20.242+0000] {subprocess.py:93} INFO - pymp-uyxtzsi7
[2024-05-10T05:21:20.242+0000] {subprocess.py:93} INFO - response_20240101.txt
[2024-05-10T05:21:20.244+0000] {subprocess.py:93} INFO - Confirmación, puede proceder
[2024-05-10T05:21:20.244+0000] {subprocess.py:97} INFO - Command exited with return code 0
[2024-05-10T05:21:20.245+0000] {taskinstance.py:441} INFO - ::group::Post task execution logs
[2024-05-10T05:21:20.266+0000] {taskinstance.py:1206} INFO - Marking task as SUCCESS. dag_id=Proyecto_SpaceX, task_id=Lectura_Datos, run_id=scheduled__2024-01-01T00:00:00+00:00, execution_date=20240101T000000, start_date=20240510T052119, end_date=20240510T052120
[2024-05-10T05:21:20.288+0000] {local_task_job_runner.py:240} INFO - Task exited with return code 0
[2024-05-10T05:21:20.314+0000] {taskinstance.py:3498} INFO - 2 downstream tasks scheduled from follow-on schedule check
[2024-05-10T05:21:20.319+0000] {local_task_job_runner.py:222} INFO - ::endgroup::
