[2024-05-09T18:53:25.160+0000] {local_task_job_runner.py:120} INFO - ::group::Pre task execution logs
[2024-05-09T18:53:25.176+0000] {taskinstance.py:2076} INFO - Dependencies all met for dep_context=non-requeueable deps ti=<TaskInstance: Proyecto_SpaceX.Lectura_Datos scheduled__2024-01-01T00:00:00+00:00 [queued]>
[2024-05-09T18:53:25.183+0000] {taskinstance.py:2076} INFO - Dependencies all met for dep_context=requeueable deps ti=<TaskInstance: Proyecto_SpaceX.Lectura_Datos scheduled__2024-01-01T00:00:00+00:00 [queued]>
[2024-05-09T18:53:25.191+0000] {taskinstance.py:2306} INFO - Starting attempt 1 of 1
[2024-05-09T18:53:25.324+0000] {taskinstance.py:2330} INFO - Executing <Task(BashOperator): Lectura_Datos> on 2024-01-01 00:00:00+00:00
[2024-05-09T18:53:25.334+0000] {warnings.py:110} WARNING - /home/***/.local/lib/python3.12/site-packages/***/task/task_runner/standard_task_runner.py:61: DeprecationWarning: This process (pid=114) is multi-threaded, use of fork() may lead to deadlocks in the child.
  pid = os.fork()

[2024-05-09T18:53:25.335+0000] {standard_task_runner.py:63} INFO - Started process 116 to run task
[2024-05-09T18:53:25.335+0000] {standard_task_runner.py:90} INFO - Running: ['***', 'tasks', 'run', 'Proyecto_SpaceX', 'Lectura_Datos', 'scheduled__2024-01-01T00:00:00+00:00', '--job-id', '919', '--raw', '--subdir', 'DAGS_FOLDER/Proyecto_SpaceX.py', '--cfg-path', '/tmp/tmpfqak67ul']
[2024-05-09T18:53:25.337+0000] {standard_task_runner.py:91} INFO - Job 919: Subtask Lectura_Datos
[2024-05-09T18:53:25.455+0000] {task_command.py:426} INFO - Running <TaskInstance: Proyecto_SpaceX.Lectura_Datos scheduled__2024-01-01T00:00:00+00:00 [running]> on host 7a81a983afb0
[2024-05-09T18:53:25.554+0000] {taskinstance.py:2648} INFO - Exporting env vars: AIRFLOW_CTX_DAG_OWNER='***' AIRFLOW_CTX_DAG_ID='Proyecto_SpaceX' AIRFLOW_CTX_TASK_ID='Lectura_Datos' AIRFLOW_CTX_EXECUTION_DATE='2024-01-01T00:00:00+00:00' AIRFLOW_CTX_TRY_NUMBER='1' AIRFLOW_CTX_DAG_RUN_ID='scheduled__2024-01-01T00:00:00+00:00'
[2024-05-09T18:53:25.557+0000] {taskinstance.py:430} INFO - ::endgroup::
[2024-05-09T18:53:25.575+0000] {subprocess.py:63} INFO - Tmp dir root location: /tmp
[2024-05-09T18:53:25.580+0000] {subprocess.py:75} INFO - Running command: ['/usr/bin/bash', '-c', 'ls /tmp && head /tmp/response_20240101.txt']
[2024-05-09T18:53:25.588+0000] {subprocess.py:86} INFO - Output:
[2024-05-09T18:53:25.597+0000] {subprocess.py:93} INFO - ***tmpsrbba2f1
[2024-05-09T18:53:25.598+0000] {subprocess.py:93} INFO - pymp-lgtt6ocg
[2024-05-09T18:53:25.599+0000] {subprocess.py:93} INFO - response_20240101.txt
[2024-05-09T18:53:25.600+0000] {subprocess.py:93} INFO - Confirmación, puede proceder
[2024-05-09T18:53:25.601+0000] {subprocess.py:97} INFO - Command exited with return code 0
[2024-05-09T18:53:25.602+0000] {taskinstance.py:441} INFO - ::group::Post task execution logs
[2024-05-09T18:53:25.625+0000] {taskinstance.py:1206} INFO - Marking task as SUCCESS. dag_id=Proyecto_SpaceX, task_id=Lectura_Datos, run_id=scheduled__2024-01-01T00:00:00+00:00, execution_date=20240101T000000, start_date=20240509T185325, end_date=20240509T185325
[2024-05-09T18:53:25.672+0000] {local_task_job_runner.py:240} INFO - Task exited with return code 0
[2024-05-09T18:53:25.704+0000] {taskinstance.py:3498} INFO - 1 downstream tasks scheduled from follow-on schedule check
[2024-05-09T18:53:25.707+0000] {local_task_job_runner.py:222} INFO - ::endgroup::
[2024-05-09T19:16:41.373+0000] {local_task_job_runner.py:120} INFO - ::group::Pre task execution logs
[2024-05-09T19:16:41.394+0000] {taskinstance.py:2076} INFO - Dependencies all met for dep_context=non-requeueable deps ti=<TaskInstance: Proyecto_SpaceX.Lectura_Datos scheduled__2024-01-01T00:00:00+00:00 [queued]>
[2024-05-09T19:16:41.403+0000] {taskinstance.py:2076} INFO - Dependencies all met for dep_context=requeueable deps ti=<TaskInstance: Proyecto_SpaceX.Lectura_Datos scheduled__2024-01-01T00:00:00+00:00 [queued]>
[2024-05-09T19:16:41.403+0000] {taskinstance.py:2306} INFO - Starting attempt 1 of 1
[2024-05-09T19:16:41.603+0000] {taskinstance.py:2330} INFO - Executing <Task(BashOperator): Lectura_Datos> on 2024-01-01 00:00:00+00:00
[2024-05-09T19:16:41.611+0000] {warnings.py:110} WARNING - /home/***/.local/lib/python3.12/site-packages/***/task/task_runner/standard_task_runner.py:61: DeprecationWarning: This process (pid=471) is multi-threaded, use of fork() may lead to deadlocks in the child.
  pid = os.fork()

[2024-05-09T19:16:41.613+0000] {standard_task_runner.py:63} INFO - Started process 473 to run task
[2024-05-09T19:16:41.612+0000] {standard_task_runner.py:90} INFO - Running: ['***', 'tasks', 'run', 'Proyecto_SpaceX', 'Lectura_Datos', 'scheduled__2024-01-01T00:00:00+00:00', '--job-id', '931', '--raw', '--subdir', 'DAGS_FOLDER/Proyecto_SpaceX.py', '--cfg-path', '/tmp/tmpaa8kilps']
[2024-05-09T19:16:41.614+0000] {standard_task_runner.py:91} INFO - Job 931: Subtask Lectura_Datos
[2024-05-09T19:16:41.730+0000] {task_command.py:426} INFO - Running <TaskInstance: Proyecto_SpaceX.Lectura_Datos scheduled__2024-01-01T00:00:00+00:00 [running]> on host 7a81a983afb0
[2024-05-09T19:16:41.883+0000] {taskinstance.py:2648} INFO - Exporting env vars: AIRFLOW_CTX_DAG_OWNER='***' AIRFLOW_CTX_DAG_ID='Proyecto_SpaceX' AIRFLOW_CTX_TASK_ID='Lectura_Datos' AIRFLOW_CTX_EXECUTION_DATE='2024-01-01T00:00:00+00:00' AIRFLOW_CTX_TRY_NUMBER='1' AIRFLOW_CTX_DAG_RUN_ID='scheduled__2024-01-01T00:00:00+00:00'
[2024-05-09T19:16:41.884+0000] {taskinstance.py:430} INFO - ::endgroup::
[2024-05-09T19:16:41.895+0000] {subprocess.py:63} INFO - Tmp dir root location: /tmp
[2024-05-09T19:16:41.897+0000] {subprocess.py:75} INFO - Running command: ['/usr/bin/bash', '-c', 'ls /tmp && head /tmp/response_20240101.txt']
[2024-05-09T19:16:41.906+0000] {subprocess.py:86} INFO - Output:
[2024-05-09T19:16:41.923+0000] {subprocess.py:93} INFO - ***tmpyr44lwoi
[2024-05-09T19:16:41.924+0000] {subprocess.py:93} INFO - platzi_data_20240101.csv
[2024-05-09T19:16:41.924+0000] {subprocess.py:93} INFO - platzi_data_20240201.csv
[2024-05-09T19:16:41.925+0000] {subprocess.py:93} INFO - pymp-lgtt6ocg
[2024-05-09T19:16:41.926+0000] {subprocess.py:93} INFO - response_20240101.txt
[2024-05-09T19:16:41.926+0000] {subprocess.py:93} INFO - response_20240201.txt
[2024-05-09T19:16:41.927+0000] {subprocess.py:93} INFO - Confirmación, puede proceder
[2024-05-09T19:16:41.928+0000] {subprocess.py:97} INFO - Command exited with return code 0
[2024-05-09T19:16:41.929+0000] {taskinstance.py:441} INFO - ::group::Post task execution logs
[2024-05-09T19:16:42.049+0000] {taskinstance.py:1206} INFO - Marking task as SUCCESS. dag_id=Proyecto_SpaceX, task_id=Lectura_Datos, run_id=scheduled__2024-01-01T00:00:00+00:00, execution_date=20240101T000000, start_date=20240509T191641, end_date=20240509T191642
[2024-05-09T19:16:42.154+0000] {local_task_job_runner.py:240} INFO - Task exited with return code 0
[2024-05-09T19:16:42.175+0000] {taskinstance.py:3498} INFO - 2 downstream tasks scheduled from follow-on schedule check
[2024-05-09T19:16:42.242+0000] {local_task_job_runner.py:222} INFO - ::endgroup::
[2024-05-09T21:00:56.747+0000] {local_task_job_runner.py:120} INFO - ::group::Pre task execution logs
[2024-05-09T21:00:56.776+0000] {taskinstance.py:2076} INFO - Dependencies all met for dep_context=non-requeueable deps ti=<TaskInstance: Proyecto_SpaceX.Lectura_Datos scheduled__2024-01-01T00:00:00+00:00 [queued]>
[2024-05-09T21:00:56.787+0000] {taskinstance.py:2076} INFO - Dependencies all met for dep_context=requeueable deps ti=<TaskInstance: Proyecto_SpaceX.Lectura_Datos scheduled__2024-01-01T00:00:00+00:00 [queued]>
[2024-05-09T21:00:56.788+0000] {taskinstance.py:2306} INFO - Starting attempt 1 of 1
[2024-05-09T21:00:56.950+0000] {taskinstance.py:2330} INFO - Executing <Task(BashOperator): Lectura_Datos> on 2024-01-01 00:00:00+00:00
[2024-05-09T21:00:56.969+0000] {warnings.py:110} WARNING - /home/***/.local/lib/python3.12/site-packages/***/task/task_runner/standard_task_runner.py:61: DeprecationWarning: This process (pid=1820) is multi-threaded, use of fork() may lead to deadlocks in the child.
  pid = os.fork()

[2024-05-09T21:00:56.971+0000] {standard_task_runner.py:90} INFO - Running: ['***', 'tasks', 'run', 'Proyecto_SpaceX', 'Lectura_Datos', 'scheduled__2024-01-01T00:00:00+00:00', '--job-id', '1003', '--raw', '--subdir', 'DAGS_FOLDER/Proyecto_SpaceX.py', '--cfg-path', '/tmp/tmp0opgya2k']
[2024-05-09T21:00:56.977+0000] {standard_task_runner.py:63} INFO - Started process 1822 to run task
[2024-05-09T21:00:56.981+0000] {standard_task_runner.py:91} INFO - Job 1003: Subtask Lectura_Datos
[2024-05-09T21:00:57.052+0000] {task_command.py:426} INFO - Running <TaskInstance: Proyecto_SpaceX.Lectura_Datos scheduled__2024-01-01T00:00:00+00:00 [running]> on host 7a81a983afb0
[2024-05-09T21:00:57.166+0000] {taskinstance.py:2648} INFO - Exporting env vars: AIRFLOW_CTX_DAG_OWNER='***' AIRFLOW_CTX_DAG_ID='Proyecto_SpaceX' AIRFLOW_CTX_TASK_ID='Lectura_Datos' AIRFLOW_CTX_EXECUTION_DATE='2024-01-01T00:00:00+00:00' AIRFLOW_CTX_TRY_NUMBER='1' AIRFLOW_CTX_DAG_RUN_ID='scheduled__2024-01-01T00:00:00+00:00'
[2024-05-09T21:00:57.170+0000] {taskinstance.py:430} INFO - ::endgroup::
[2024-05-09T21:00:57.215+0000] {subprocess.py:63} INFO - Tmp dir root location: /tmp
[2024-05-09T21:00:57.217+0000] {subprocess.py:75} INFO - Running command: ['/usr/bin/bash', '-c', 'ls /tmp && head /tmp/response_20240101.txt']
[2024-05-09T21:00:57.240+0000] {subprocess.py:86} INFO - Output:
[2024-05-09T21:00:57.247+0000] {subprocess.py:93} INFO - ***tmpq3p9yxlp
[2024-05-09T21:00:57.249+0000] {subprocess.py:93} INFO - platzi_data_20240101.csv
[2024-05-09T21:00:57.249+0000] {subprocess.py:93} INFO - platzi_data_20240201.csv
[2024-05-09T21:00:57.254+0000] {subprocess.py:93} INFO - platzi_data_20240301.csv
[2024-05-09T21:00:57.255+0000] {subprocess.py:93} INFO - pymp-lgtt6ocg
[2024-05-09T21:00:57.257+0000] {subprocess.py:93} INFO - response_20240101.txt
[2024-05-09T21:00:57.258+0000] {subprocess.py:93} INFO - response_20240201.txt
[2024-05-09T21:00:57.260+0000] {subprocess.py:93} INFO - response_20240301.txt
[2024-05-09T21:00:57.261+0000] {subprocess.py:93} INFO - Confirmación, puede proceder
[2024-05-09T21:00:57.261+0000] {subprocess.py:97} INFO - Command exited with return code 0
[2024-05-09T21:00:57.263+0000] {taskinstance.py:441} INFO - ::group::Post task execution logs
[2024-05-09T21:00:57.299+0000] {taskinstance.py:1206} INFO - Marking task as SUCCESS. dag_id=Proyecto_SpaceX, task_id=Lectura_Datos, run_id=scheduled__2024-01-01T00:00:00+00:00, execution_date=20240101T000000, start_date=20240509T210056, end_date=20240509T210057
[2024-05-09T21:00:57.358+0000] {local_task_job_runner.py:240} INFO - Task exited with return code 0
[2024-05-09T21:00:57.413+0000] {taskinstance.py:3498} INFO - 2 downstream tasks scheduled from follow-on schedule check
[2024-05-09T21:00:57.419+0000] {local_task_job_runner.py:222} INFO - ::endgroup::
