[2024-05-09T20:19:42.973+0000] {local_task_job_runner.py:120} INFO - ::group::Pre task execution logs
[2024-05-09T20:19:42.990+0000] {taskinstance.py:2076} INFO - Dependencies all met for dep_context=non-requeueable deps ti=<TaskInstance: Proyecto_SpaceX.Lectura_Datos scheduled__2024-01-01T00:00:00+00:00 [queued]>
[2024-05-09T20:19:42.998+0000] {taskinstance.py:2076} INFO - Dependencies all met for dep_context=requeueable deps ti=<TaskInstance: Proyecto_SpaceX.Lectura_Datos scheduled__2024-01-01T00:00:00+00:00 [queued]>
[2024-05-09T20:19:42.999+0000] {taskinstance.py:2306} INFO - Starting attempt 4 of 4
[2024-05-09T20:19:43.136+0000] {taskinstance.py:2330} INFO - Executing <Task(BashOperator): Lectura_Datos> on 2024-01-01 00:00:00+00:00
[2024-05-09T20:19:43.143+0000] {warnings.py:110} WARNING - /home/***/.local/lib/python3.12/site-packages/***/task/task_runner/standard_task_runner.py:61: DeprecationWarning: This process (pid=1513) is multi-threaded, use of fork() may lead to deadlocks in the child.
  pid = os.fork()

[2024-05-09T20:19:43.146+0000] {standard_task_runner.py:63} INFO - Started process 1515 to run task
[2024-05-09T20:19:43.145+0000] {standard_task_runner.py:90} INFO - Running: ['***', 'tasks', 'run', 'Proyecto_SpaceX', 'Lectura_Datos', 'scheduled__2024-01-01T00:00:00+00:00', '--job-id', '985', '--raw', '--subdir', 'DAGS_FOLDER/Proyecto_SpaceX.py', '--cfg-path', '/tmp/tmpbn_wpbh9']
[2024-05-09T20:19:43.147+0000] {standard_task_runner.py:91} INFO - Job 985: Subtask Lectura_Datos
[2024-05-09T20:19:43.187+0000] {task_command.py:426} INFO - Running <TaskInstance: Proyecto_SpaceX.Lectura_Datos scheduled__2024-01-01T00:00:00+00:00 [running]> on host 7a81a983afb0
[2024-05-09T20:19:43.248+0000] {taskinstance.py:2648} INFO - Exporting env vars: AIRFLOW_CTX_DAG_OWNER='***' AIRFLOW_CTX_DAG_ID='Proyecto_SpaceX' AIRFLOW_CTX_TASK_ID='Lectura_Datos' AIRFLOW_CTX_EXECUTION_DATE='2024-01-01T00:00:00+00:00' AIRFLOW_CTX_TRY_NUMBER='4' AIRFLOW_CTX_DAG_RUN_ID='scheduled__2024-01-01T00:00:00+00:00'
[2024-05-09T20:19:43.249+0000] {taskinstance.py:430} INFO - ::endgroup::
[2024-05-09T20:19:43.260+0000] {subprocess.py:63} INFO - Tmp dir root location: /tmp
[2024-05-09T20:19:43.261+0000] {subprocess.py:75} INFO - Running command: ['/usr/bin/bash', '-c', 'ls /tmp && head /tmp/response_20240101.txt']
[2024-05-09T20:19:43.270+0000] {subprocess.py:86} INFO - Output:
[2024-05-09T20:19:43.272+0000] {subprocess.py:93} INFO - ***tmp44botnmt
[2024-05-09T20:19:43.273+0000] {subprocess.py:93} INFO - platzi_data_20240101.csv
[2024-05-09T20:19:43.273+0000] {subprocess.py:93} INFO - platzi_data_20240201.csv
[2024-05-09T20:19:43.274+0000] {subprocess.py:93} INFO - platzi_data_20240301.csv
[2024-05-09T20:19:43.274+0000] {subprocess.py:93} INFO - pymp-lgtt6ocg
[2024-05-09T20:19:43.275+0000] {subprocess.py:93} INFO - response_20240101.txt
[2024-05-09T20:19:43.276+0000] {subprocess.py:93} INFO - response_20240201.txt
[2024-05-09T20:19:43.277+0000] {subprocess.py:93} INFO - response_20240301.txt
[2024-05-09T20:19:43.277+0000] {subprocess.py:93} INFO - Confirmación, puede proceder
[2024-05-09T20:19:43.278+0000] {subprocess.py:97} INFO - Command exited with return code 0
[2024-05-09T20:19:43.279+0000] {taskinstance.py:441} INFO - ::group::Post task execution logs
[2024-05-09T20:19:43.297+0000] {taskinstance.py:1206} INFO - Marking task as SUCCESS. dag_id=Proyecto_SpaceX, task_id=Lectura_Datos, run_id=scheduled__2024-01-01T00:00:00+00:00, execution_date=20240101T000000, start_date=20240509T201942, end_date=20240509T201943
[2024-05-09T20:19:43.320+0000] {local_task_job_runner.py:240} INFO - Task exited with return code 0
[2024-05-09T20:19:43.339+0000] {taskinstance.py:3498} INFO - 2 downstream tasks scheduled from follow-on schedule check
[2024-05-09T20:19:43.342+0000] {local_task_job_runner.py:222} INFO - ::endgroup::
[2024-05-10T05:54:37.293+0000] {local_task_job_runner.py:120} INFO - ::group::Pre task execution logs
[2024-05-10T05:54:37.312+0000] {taskinstance.py:2076} INFO - Dependencies all met for dep_context=non-requeueable deps ti=<TaskInstance: Proyecto_SpaceX.Lectura_Datos scheduled__2024-01-01T00:00:00+00:00 [queued]>
[2024-05-10T05:54:37.319+0000] {taskinstance.py:2076} INFO - Dependencies all met for dep_context=requeueable deps ti=<TaskInstance: Proyecto_SpaceX.Lectura_Datos scheduled__2024-01-01T00:00:00+00:00 [queued]>
[2024-05-10T05:54:37.320+0000] {taskinstance.py:2306} INFO - Starting attempt 4 of 4
[2024-05-10T05:54:37.460+0000] {taskinstance.py:2330} INFO - Executing <Task(BashOperator): Lectura_Datos> on 2024-01-01 00:00:00+00:00
[2024-05-10T05:54:37.467+0000] {warnings.py:110} WARNING - /home/***/.local/lib/python3.12/site-packages/***/task/task_runner/standard_task_runner.py:61: DeprecationWarning: This process (pid=703) is multi-threaded, use of fork() may lead to deadlocks in the child.
  pid = os.fork()

[2024-05-10T05:54:37.467+0000] {standard_task_runner.py:90} INFO - Running: ['***', 'tasks', 'run', 'Proyecto_SpaceX', 'Lectura_Datos', 'scheduled__2024-01-01T00:00:00+00:00', '--job-id', '1059', '--raw', '--subdir', 'DAGS_FOLDER/Proyecto_SpaceX.py', '--cfg-path', '/tmp/tmpaesj10x1']
[2024-05-10T05:54:37.469+0000] {standard_task_runner.py:63} INFO - Started process 705 to run task
[2024-05-10T05:54:37.470+0000] {standard_task_runner.py:91} INFO - Job 1059: Subtask Lectura_Datos
[2024-05-10T05:54:37.506+0000] {task_command.py:426} INFO - Running <TaskInstance: Proyecto_SpaceX.Lectura_Datos scheduled__2024-01-01T00:00:00+00:00 [running]> on host 1b7f0b10dd99
[2024-05-10T05:54:37.566+0000] {taskinstance.py:2648} INFO - Exporting env vars: AIRFLOW_CTX_DAG_OWNER='***' AIRFLOW_CTX_DAG_ID='Proyecto_SpaceX' AIRFLOW_CTX_TASK_ID='Lectura_Datos' AIRFLOW_CTX_EXECUTION_DATE='2024-01-01T00:00:00+00:00' AIRFLOW_CTX_TRY_NUMBER='4' AIRFLOW_CTX_DAG_RUN_ID='scheduled__2024-01-01T00:00:00+00:00'
[2024-05-10T05:54:37.568+0000] {taskinstance.py:430} INFO - ::endgroup::
[2024-05-10T05:54:37.581+0000] {subprocess.py:63} INFO - Tmp dir root location: /tmp
[2024-05-10T05:54:37.583+0000] {subprocess.py:75} INFO - Running command: ['/usr/bin/bash', '-c', 'ls /tmp && head /tmp/response_20240101.txt']
[2024-05-10T05:54:37.594+0000] {subprocess.py:86} INFO - Output:
[2024-05-10T05:54:37.598+0000] {subprocess.py:93} INFO - ***tmp4eipiz7l
[2024-05-10T05:54:37.598+0000] {subprocess.py:93} INFO - platzi_data_20240101.csv
[2024-05-10T05:54:37.599+0000] {subprocess.py:93} INFO - platzi_data_20240201.csv
[2024-05-10T05:54:37.599+0000] {subprocess.py:93} INFO - platzi_data_20240301.csv
[2024-05-10T05:54:37.599+0000] {subprocess.py:93} INFO - pymp-uyxtzsi7
[2024-05-10T05:54:37.600+0000] {subprocess.py:93} INFO - response_20240101.txt
[2024-05-10T05:54:37.600+0000] {subprocess.py:93} INFO - response_20240201.txt
[2024-05-10T05:54:37.600+0000] {subprocess.py:93} INFO - response_20240301.txt
[2024-05-10T05:54:37.601+0000] {subprocess.py:93} INFO - Confirmación, puede proceder
[2024-05-10T05:54:37.601+0000] {subprocess.py:97} INFO - Command exited with return code 0
[2024-05-10T05:54:37.602+0000] {taskinstance.py:441} INFO - ::group::Post task execution logs
[2024-05-10T05:54:37.630+0000] {taskinstance.py:1206} INFO - Marking task as SUCCESS. dag_id=Proyecto_SpaceX, task_id=Lectura_Datos, run_id=scheduled__2024-01-01T00:00:00+00:00, execution_date=20240101T000000, start_date=20240510T055437, end_date=20240510T055437
[2024-05-10T05:54:37.684+0000] {local_task_job_runner.py:240} INFO - Task exited with return code 0
[2024-05-10T05:54:37.706+0000] {taskinstance.py:3498} INFO - 2 downstream tasks scheduled from follow-on schedule check
[2024-05-10T05:54:37.718+0000] {local_task_job_runner.py:222} INFO - ::endgroup::
