[2024-05-09T20:01:14.084+0000] {local_task_job_runner.py:120} INFO - ::group::Pre task execution logs
[2024-05-09T20:01:14.102+0000] {taskinstance.py:2076} INFO - Dependencies all met for dep_context=non-requeueable deps ti=<TaskInstance: Proyecto_SpaceX.Lectura_Datos scheduled__2024-01-01T00:00:00+00:00 [queued]>
[2024-05-09T20:01:14.111+0000] {taskinstance.py:2076} INFO - Dependencies all met for dep_context=requeueable deps ti=<TaskInstance: Proyecto_SpaceX.Lectura_Datos scheduled__2024-01-01T00:00:00+00:00 [queued]>
[2024-05-09T20:01:14.112+0000] {taskinstance.py:2306} INFO - Starting attempt 3 of 3
[2024-05-09T20:01:14.261+0000] {taskinstance.py:2330} INFO - Executing <Task(BashOperator): Lectura_Datos> on 2024-01-01 00:00:00+00:00
[2024-05-09T20:01:14.267+0000] {warnings.py:110} WARNING - /home/***/.local/lib/python3.12/site-packages/***/task/task_runner/standard_task_runner.py:61: DeprecationWarning: This process (pid=1198) is multi-threaded, use of fork() may lead to deadlocks in the child.
  pid = os.fork()

[2024-05-09T20:01:14.269+0000] {standard_task_runner.py:63} INFO - Started process 1200 to run task
[2024-05-09T20:01:14.268+0000] {standard_task_runner.py:90} INFO - Running: ['***', 'tasks', 'run', 'Proyecto_SpaceX', 'Lectura_Datos', 'scheduled__2024-01-01T00:00:00+00:00', '--job-id', '967', '--raw', '--subdir', 'DAGS_FOLDER/Proyecto_SpaceX.py', '--cfg-path', '/tmp/tmpyy2iod99']
[2024-05-09T20:01:14.270+0000] {standard_task_runner.py:91} INFO - Job 967: Subtask Lectura_Datos
[2024-05-09T20:01:14.310+0000] {task_command.py:426} INFO - Running <TaskInstance: Proyecto_SpaceX.Lectura_Datos scheduled__2024-01-01T00:00:00+00:00 [running]> on host 7a81a983afb0
[2024-05-09T20:01:14.378+0000] {taskinstance.py:2648} INFO - Exporting env vars: AIRFLOW_CTX_DAG_OWNER='***' AIRFLOW_CTX_DAG_ID='Proyecto_SpaceX' AIRFLOW_CTX_TASK_ID='Lectura_Datos' AIRFLOW_CTX_EXECUTION_DATE='2024-01-01T00:00:00+00:00' AIRFLOW_CTX_TRY_NUMBER='3' AIRFLOW_CTX_DAG_RUN_ID='scheduled__2024-01-01T00:00:00+00:00'
[2024-05-09T20:01:14.379+0000] {taskinstance.py:430} INFO - ::endgroup::
[2024-05-09T20:01:14.390+0000] {subprocess.py:63} INFO - Tmp dir root location: /tmp
[2024-05-09T20:01:14.391+0000] {subprocess.py:75} INFO - Running command: ['/usr/bin/bash', '-c', 'ls /tmp && head /tmp/response_20240101.txt']
[2024-05-09T20:01:14.400+0000] {subprocess.py:86} INFO - Output:
[2024-05-09T20:01:14.402+0000] {subprocess.py:93} INFO - ***tmp2jw21efo
[2024-05-09T20:01:14.403+0000] {subprocess.py:93} INFO - platzi_data_20240101.csv
[2024-05-09T20:01:14.404+0000] {subprocess.py:93} INFO - platzi_data_20240201.csv
[2024-05-09T20:01:14.404+0000] {subprocess.py:93} INFO - platzi_data_20240301.csv
[2024-05-09T20:01:14.405+0000] {subprocess.py:93} INFO - pymp-lgtt6ocg
[2024-05-09T20:01:14.405+0000] {subprocess.py:93} INFO - response_20240101.txt
[2024-05-09T20:01:14.406+0000] {subprocess.py:93} INFO - response_20240201.txt
[2024-05-09T20:01:14.406+0000] {subprocess.py:93} INFO - response_20240301.txt
[2024-05-09T20:01:14.407+0000] {subprocess.py:93} INFO - Confirmación, puede proceder
[2024-05-09T20:01:14.407+0000] {subprocess.py:97} INFO - Command exited with return code 0
[2024-05-09T20:01:14.408+0000] {taskinstance.py:441} INFO - ::group::Post task execution logs
[2024-05-09T20:01:14.427+0000] {taskinstance.py:1206} INFO - Marking task as SUCCESS. dag_id=Proyecto_SpaceX, task_id=Lectura_Datos, run_id=scheduled__2024-01-01T00:00:00+00:00, execution_date=20240101T000000, start_date=20240509T200114, end_date=20240509T200114
[2024-05-09T20:01:14.444+0000] {local_task_job_runner.py:240} INFO - Task exited with return code 0
[2024-05-09T20:01:14.465+0000] {taskinstance.py:3498} INFO - 2 downstream tasks scheduled from follow-on schedule check
[2024-05-09T20:01:14.468+0000] {local_task_job_runner.py:222} INFO - ::endgroup::
[2024-05-10T05:44:48.136+0000] {local_task_job_runner.py:120} INFO - ::group::Pre task execution logs
[2024-05-10T05:44:48.163+0000] {taskinstance.py:2076} INFO - Dependencies all met for dep_context=non-requeueable deps ti=<TaskInstance: Proyecto_SpaceX.Lectura_Datos scheduled__2024-01-01T00:00:00+00:00 [queued]>
[2024-05-10T05:44:48.173+0000] {taskinstance.py:2076} INFO - Dependencies all met for dep_context=requeueable deps ti=<TaskInstance: Proyecto_SpaceX.Lectura_Datos scheduled__2024-01-01T00:00:00+00:00 [queued]>
[2024-05-10T05:44:48.174+0000] {taskinstance.py:2306} INFO - Starting attempt 3 of 3
[2024-05-10T05:44:48.350+0000] {taskinstance.py:2330} INFO - Executing <Task(BashOperator): Lectura_Datos> on 2024-01-01 00:00:00+00:00
[2024-05-10T05:44:48.359+0000] {warnings.py:110} WARNING - /home/***/.local/lib/python3.12/site-packages/***/task/task_runner/standard_task_runner.py:61: DeprecationWarning: This process (pid=509) is multi-threaded, use of fork() may lead to deadlocks in the child.
  pid = os.fork()

[2024-05-10T05:44:48.362+0000] {standard_task_runner.py:63} INFO - Started process 511 to run task
[2024-05-10T05:44:48.361+0000] {standard_task_runner.py:90} INFO - Running: ['***', 'tasks', 'run', 'Proyecto_SpaceX', 'Lectura_Datos', 'scheduled__2024-01-01T00:00:00+00:00', '--job-id', '1041', '--raw', '--subdir', 'DAGS_FOLDER/Proyecto_SpaceX.py', '--cfg-path', '/tmp/tmpm01ltjb9']
[2024-05-10T05:44:48.365+0000] {standard_task_runner.py:91} INFO - Job 1041: Subtask Lectura_Datos
[2024-05-10T05:44:48.423+0000] {task_command.py:426} INFO - Running <TaskInstance: Proyecto_SpaceX.Lectura_Datos scheduled__2024-01-01T00:00:00+00:00 [running]> on host 1b7f0b10dd99
[2024-05-10T05:44:48.530+0000] {taskinstance.py:2648} INFO - Exporting env vars: AIRFLOW_CTX_DAG_OWNER='***' AIRFLOW_CTX_DAG_ID='Proyecto_SpaceX' AIRFLOW_CTX_TASK_ID='Lectura_Datos' AIRFLOW_CTX_EXECUTION_DATE='2024-01-01T00:00:00+00:00' AIRFLOW_CTX_TRY_NUMBER='3' AIRFLOW_CTX_DAG_RUN_ID='scheduled__2024-01-01T00:00:00+00:00'
[2024-05-10T05:44:48.533+0000] {taskinstance.py:430} INFO - ::endgroup::
[2024-05-10T05:44:48.560+0000] {subprocess.py:63} INFO - Tmp dir root location: /tmp
[2024-05-10T05:44:48.563+0000] {subprocess.py:75} INFO - Running command: ['/usr/bin/bash', '-c', 'ls /tmp && head /tmp/response_20240101.txt']
[2024-05-10T05:44:48.576+0000] {subprocess.py:86} INFO - Output:
[2024-05-10T05:44:48.580+0000] {subprocess.py:93} INFO - ***tmpncnl_ofn
[2024-05-10T05:44:48.581+0000] {subprocess.py:93} INFO - platzi_data_20240101.csv
[2024-05-10T05:44:48.582+0000] {subprocess.py:93} INFO - platzi_data_20240201.csv
[2024-05-10T05:44:48.582+0000] {subprocess.py:93} INFO - platzi_data_20240301.csv
[2024-05-10T05:44:48.583+0000] {subprocess.py:93} INFO - pymp-uyxtzsi7
[2024-05-10T05:44:48.583+0000] {subprocess.py:93} INFO - response_20240101.txt
[2024-05-10T05:44:48.584+0000] {subprocess.py:93} INFO - response_20240201.txt
[2024-05-10T05:44:48.584+0000] {subprocess.py:93} INFO - response_20240301.txt
[2024-05-10T05:44:48.585+0000] {subprocess.py:93} INFO - Confirmación, puede proceder
[2024-05-10T05:44:48.585+0000] {subprocess.py:97} INFO - Command exited with return code 0
[2024-05-10T05:44:48.587+0000] {taskinstance.py:441} INFO - ::group::Post task execution logs
[2024-05-10T05:44:48.614+0000] {taskinstance.py:1206} INFO - Marking task as SUCCESS. dag_id=Proyecto_SpaceX, task_id=Lectura_Datos, run_id=scheduled__2024-01-01T00:00:00+00:00, execution_date=20240101T000000, start_date=20240510T054448, end_date=20240510T054448
[2024-05-10T05:44:48.658+0000] {local_task_job_runner.py:240} INFO - Task exited with return code 0
[2024-05-10T05:44:48.690+0000] {taskinstance.py:3498} INFO - 2 downstream tasks scheduled from follow-on schedule check
[2024-05-10T05:44:48.693+0000] {local_task_job_runner.py:222} INFO - ::endgroup::
