[2024-05-08T21:56:49.104+0000] {local_task_job_runner.py:120} INFO - ::group::Pre task execution logs
[2024-05-08T21:56:49.223+0000] {taskinstance.py:2076} INFO - Dependencies all met for dep_context=non-requeueable deps ti=<TaskInstance: 10_branching.finish_14_june scheduled__2022-07-04T00:00:00+00:00 [queued]>
[2024-05-08T21:56:49.278+0000] {taskinstance.py:2076} INFO - Dependencies all met for dep_context=requeueable deps ti=<TaskInstance: 10_branching.finish_14_june scheduled__2022-07-04T00:00:00+00:00 [queued]>
[2024-05-08T21:56:49.280+0000] {taskinstance.py:2306} INFO - Starting attempt 1 of 1
[2024-05-08T21:56:49.352+0000] {taskinstance.py:2330} INFO - Executing <Task(BashOperator): finish_14_june> on 2022-07-04 00:00:00+00:00
[2024-05-08T21:56:49.371+0000] {warnings.py:110} WARNING - /home/***/.local/lib/python3.12/site-packages/***/task/task_runner/standard_task_runner.py:61: DeprecationWarning: This process (pid=3960) is multi-threaded, use of fork() may lead to deadlocks in the child.
  pid = os.fork()

[2024-05-08T21:56:49.391+0000] {standard_task_runner.py:90} INFO - Running: ['***', 'tasks', 'run', '10_branching', 'finish_14_june', 'scheduled__2022-07-04T00:00:00+00:00', '--job-id', '862', '--raw', '--subdir', 'DAGS_FOLDER/10_branchpythonoperator.py', '--cfg-path', '/tmp/tmp_egbm9id']
[2024-05-08T21:56:49.410+0000] {standard_task_runner.py:63} INFO - Started process 3971 to run task
[2024-05-08T21:56:49.438+0000] {standard_task_runner.py:91} INFO - Job 862: Subtask finish_14_june
[2024-05-08T21:56:49.726+0000] {task_command.py:426} INFO - Running <TaskInstance: 10_branching.finish_14_june scheduled__2022-07-04T00:00:00+00:00 [running]> on host ccc314eb571d
[2024-05-08T21:56:50.045+0000] {taskinstance.py:2648} INFO - Exporting env vars: AIRFLOW_CTX_DAG_OWNER='***' AIRFLOW_CTX_DAG_ID='10_branching' AIRFLOW_CTX_TASK_ID='finish_14_june' AIRFLOW_CTX_EXECUTION_DATE='2022-07-04T00:00:00+00:00' AIRFLOW_CTX_TRY_NUMBER='1' AIRFLOW_CTX_DAG_RUN_ID='scheduled__2022-07-04T00:00:00+00:00'
[2024-05-08T21:56:50.049+0000] {taskinstance.py:430} INFO - ::endgroup::
[2024-05-08T21:56:50.081+0000] {subprocess.py:63} INFO - Tmp dir root location: /tmp
[2024-05-08T21:56:50.083+0000] {subprocess.py:75} INFO - Running command: ['/usr/bin/bash', '-c', "echo 'Running 2022-07-04'"]
[2024-05-08T21:56:50.101+0000] {subprocess.py:86} INFO - Output:
[2024-05-08T21:56:50.103+0000] {subprocess.py:93} INFO - Running 2022-07-04
[2024-05-08T21:56:50.104+0000] {subprocess.py:97} INFO - Command exited with return code 0
[2024-05-08T21:56:50.106+0000] {taskinstance.py:441} INFO - ::group::Post task execution logs
[2024-05-08T21:56:50.192+0000] {taskinstance.py:1206} INFO - Marking task as SUCCESS. dag_id=10_branching, task_id=finish_14_june, run_id=scheduled__2022-07-04T00:00:00+00:00, execution_date=20220704T000000, start_date=20240508T215649, end_date=20240508T215650
[2024-05-08T21:56:50.250+0000] {local_task_job_runner.py:240} INFO - Task exited with return code 0
[2024-05-08T21:56:50.312+0000] {taskinstance.py:3498} INFO - 0 downstream tasks scheduled from follow-on schedule check
[2024-05-08T21:56:50.319+0000] {local_task_job_runner.py:222} INFO - ::endgroup::
