[2024-05-10T06:17:28.291+0000] {local_task_job_runner.py:120} INFO - ::group::Pre task execution logs
[2024-05-10T06:17:28.306+0000] {taskinstance.py:2076} INFO - Dependencies all met for dep_context=non-requeueable deps ti=<TaskInstance: Proyecto_SpaceX_v1.Lectura_Datos_NASA scheduled__2024-03-13T00:00:00+00:00 [queued]>
[2024-05-10T06:17:28.311+0000] {taskinstance.py:2076} INFO - Dependencies all met for dep_context=requeueable deps ti=<TaskInstance: Proyecto_SpaceX_v1.Lectura_Datos_NASA scheduled__2024-03-13T00:00:00+00:00 [queued]>
[2024-05-10T06:17:28.314+0000] {taskinstance.py:2306} INFO - Starting attempt 1 of 1
[2024-05-10T06:17:28.328+0000] {taskinstance.py:2330} INFO - Executing <Task(BashOperator): Lectura_Datos_NASA> on 2024-03-13 00:00:00+00:00
[2024-05-10T06:17:28.334+0000] {warnings.py:110} WARNING - /home/***/.local/lib/python3.12/site-packages/***/task/task_runner/standard_task_runner.py:61: DeprecationWarning: This process (pid=1692) is multi-threaded, use of fork() may lead to deadlocks in the child.
  pid = os.fork()

[2024-05-10T06:17:28.336+0000] {standard_task_runner.py:63} INFO - Started process 1694 to run task
[2024-05-10T06:17:28.335+0000] {standard_task_runner.py:90} INFO - Running: ['***', 'tasks', 'run', 'Proyecto_SpaceX_v1', 'Lectura_Datos_NASA', 'scheduled__2024-03-13T00:00:00+00:00', '--job-id', '1218', '--raw', '--subdir', 'DAGS_FOLDER/Proyecto_SpaceX_v1.py', '--cfg-path', '/tmp/tmp3sfe0t_7']
[2024-05-10T06:17:28.337+0000] {standard_task_runner.py:91} INFO - Job 1218: Subtask Lectura_Datos_NASA
[2024-05-10T06:17:28.374+0000] {task_command.py:426} INFO - Running <TaskInstance: Proyecto_SpaceX_v1.Lectura_Datos_NASA scheduled__2024-03-13T00:00:00+00:00 [running]> on host 1b7f0b10dd99
[2024-05-10T06:17:28.582+0000] {taskinstance.py:2648} INFO - Exporting env vars: AIRFLOW_CTX_DAG_OWNER='***' AIRFLOW_CTX_DAG_ID='Proyecto_SpaceX_v1' AIRFLOW_CTX_TASK_ID='Lectura_Datos_NASA' AIRFLOW_CTX_EXECUTION_DATE='2024-03-13T00:00:00+00:00' AIRFLOW_CTX_TRY_NUMBER='1' AIRFLOW_CTX_DAG_RUN_ID='scheduled__2024-03-13T00:00:00+00:00'
[2024-05-10T06:17:28.583+0000] {taskinstance.py:430} INFO - ::endgroup::
[2024-05-10T06:17:28.591+0000] {subprocess.py:63} INFO - Tmp dir root location: /tmp
[2024-05-10T06:17:28.594+0000] {subprocess.py:75} INFO - Running command: ['/usr/bin/bash', '-c', 'ls /tmp && head /tmp/response_20240313.txt']
[2024-05-10T06:17:28.603+0000] {subprocess.py:86} INFO - Output:
[2024-05-10T06:17:28.606+0000] {subprocess.py:93} INFO - ***tmp808l6gvm
[2024-05-10T06:17:28.606+0000] {subprocess.py:93} INFO - history.json
[2024-05-10T06:17:28.607+0000] {subprocess.py:93} INFO - platzi_data_20231125.csv
[2024-05-10T06:17:28.607+0000] {subprocess.py:93} INFO - platzi_data_20231126.csv
[2024-05-10T06:17:28.608+0000] {subprocess.py:93} INFO - platzi_data_20231127.csv
[2024-05-10T06:17:28.608+0000] {subprocess.py:93} INFO - platzi_data_20240101.csv
[2024-05-10T06:17:28.608+0000] {subprocess.py:93} INFO - platzi_data_20240201.csv
[2024-05-10T06:17:28.609+0000] {subprocess.py:93} INFO - platzi_data_20240301.csv
[2024-05-10T06:17:28.609+0000] {subprocess.py:93} INFO - platzi_data_20240302.csv
[2024-05-10T06:17:28.610+0000] {subprocess.py:93} INFO - platzi_data_20240303.csv
[2024-05-10T06:17:28.611+0000] {subprocess.py:93} INFO - platzi_data_20240304.csv
[2024-05-10T06:17:28.611+0000] {subprocess.py:93} INFO - platzi_data_20240305.csv
[2024-05-10T06:17:28.611+0000] {subprocess.py:93} INFO - platzi_data_20240306.csv
[2024-05-10T06:17:28.612+0000] {subprocess.py:93} INFO - platzi_data_20240307.csv
[2024-05-10T06:17:28.613+0000] {subprocess.py:93} INFO - platzi_data_20240308.csv
[2024-05-10T06:17:28.613+0000] {subprocess.py:93} INFO - platzi_data_20240309.csv
[2024-05-10T06:17:28.613+0000] {subprocess.py:93} INFO - platzi_data_20240310.csv
[2024-05-10T06:17:28.614+0000] {subprocess.py:93} INFO - platzi_data_20240311.csv
[2024-05-10T06:17:28.614+0000] {subprocess.py:93} INFO - platzi_data_20240312.csv
[2024-05-10T06:17:28.614+0000] {subprocess.py:93} INFO - pymp-uyxtzsi7
[2024-05-10T06:17:28.615+0000] {subprocess.py:93} INFO - response_20231125.txt
[2024-05-10T06:17:28.616+0000] {subprocess.py:93} INFO - response_20231126.txt
[2024-05-10T06:17:28.616+0000] {subprocess.py:93} INFO - response_20231127.txt
[2024-05-10T06:17:28.617+0000] {subprocess.py:93} INFO - response_20240101.txt
[2024-05-10T06:17:28.617+0000] {subprocess.py:93} INFO - response_20240201.txt
[2024-05-10T06:17:28.618+0000] {subprocess.py:93} INFO - response_20240301.txt
[2024-05-10T06:17:28.618+0000] {subprocess.py:93} INFO - response_20240302.txt
[2024-05-10T06:17:28.619+0000] {subprocess.py:93} INFO - response_20240303.txt
[2024-05-10T06:17:28.619+0000] {subprocess.py:93} INFO - response_20240304.txt
[2024-05-10T06:17:28.619+0000] {subprocess.py:93} INFO - response_20240305.txt
[2024-05-10T06:17:28.620+0000] {subprocess.py:93} INFO - response_20240306.txt
[2024-05-10T06:17:28.620+0000] {subprocess.py:93} INFO - response_20240307.txt
[2024-05-10T06:17:28.620+0000] {subprocess.py:93} INFO - response_20240308.txt
[2024-05-10T06:17:28.621+0000] {subprocess.py:93} INFO - response_20240309.txt
[2024-05-10T06:17:28.621+0000] {subprocess.py:93} INFO - response_20240310.txt
[2024-05-10T06:17:28.621+0000] {subprocess.py:93} INFO - response_20240311.txt
[2024-05-10T06:17:28.622+0000] {subprocess.py:93} INFO - response_20240312.txt
[2024-05-10T06:17:28.622+0000] {subprocess.py:93} INFO - response_20240313.txt
[2024-05-10T06:17:28.622+0000] {subprocess.py:93} INFO - Confirmación, puede proceder
[2024-05-10T06:17:28.622+0000] {subprocess.py:97} INFO - Command exited with return code 0
[2024-05-10T06:17:28.623+0000] {taskinstance.py:441} INFO - ::group::Post task execution logs
[2024-05-10T06:17:28.648+0000] {taskinstance.py:1206} INFO - Marking task as SUCCESS. dag_id=Proyecto_SpaceX_v1, task_id=Lectura_Datos_NASA, run_id=scheduled__2024-03-13T00:00:00+00:00, execution_date=20240313T000000, start_date=20240510T061728, end_date=20240510T061728
[2024-05-10T06:17:28.711+0000] {local_task_job_runner.py:240} INFO - Task exited with return code 0
[2024-05-10T06:17:28.863+0000] {taskinstance.py:3498} INFO - 1 downstream tasks scheduled from follow-on schedule check
[2024-05-10T06:17:28.872+0000] {local_task_job_runner.py:222} INFO - ::endgroup::
