[2024-05-07T23:41:40.256+0000] {local_task_job_runner.py:120} INFO - ::group::Pre task execution logs
[2024-05-07T23:41:40.285+0000] {taskinstance.py:2076} INFO - Dependencies all met for dep_context=non-requeueable deps ti=<TaskInstance: 5.1_orquestacion.tarea1 scheduled__2024-03-16T00:00:00+00:00 [queued]>
[2024-05-07T23:41:40.295+0000] {taskinstance.py:2076} INFO - Dependencies all met for dep_context=requeueable deps ti=<TaskInstance: 5.1_orquestacion.tarea1 scheduled__2024-03-16T00:00:00+00:00 [queued]>
[2024-05-07T23:41:40.296+0000] {taskinstance.py:2306} INFO - Starting attempt 1 of 1
[2024-05-07T23:41:40.310+0000] {taskinstance.py:2330} INFO - Executing <Task(BashOperator): tarea1> on 2024-03-16 00:00:00+00:00
[2024-05-07T23:41:40.316+0000] {warnings.py:110} WARNING - /home/***/.local/lib/python3.12/site-packages/***/task/task_runner/standard_task_runner.py:61: DeprecationWarning: This process (pid=3006) is multi-threaded, use of fork() may lead to deadlocks in the child.
  pid = os.fork()

[2024-05-07T23:41:40.317+0000] {standard_task_runner.py:63} INFO - Started process 3010 to run task
[2024-05-07T23:41:40.318+0000] {standard_task_runner.py:90} INFO - Running: ['***', 'tasks', 'run', '5.1_orquestacion', 'tarea1', 'scheduled__2024-03-16T00:00:00+00:00', '--job-id', '113', '--raw', '--subdir', 'DAGS_FOLDER/051_orquestacion.py', '--cfg-path', '/tmp/tmpinp8bdyj']
[2024-05-07T23:41:40.319+0000] {standard_task_runner.py:91} INFO - Job 113: Subtask tarea1
[2024-05-07T23:41:40.362+0000] {task_command.py:426} INFO - Running <TaskInstance: 5.1_orquestacion.tarea1 scheduled__2024-03-16T00:00:00+00:00 [running]> on host 521bf890d837
[2024-05-07T23:41:40.445+0000] {taskinstance.py:2648} INFO - Exporting env vars: AIRFLOW_CTX_DAG_OWNER='***' AIRFLOW_CTX_DAG_ID='5.1_orquestacion' AIRFLOW_CTX_TASK_ID='tarea1' AIRFLOW_CTX_EXECUTION_DATE='2024-03-16T00:00:00+00:00' AIRFLOW_CTX_TRY_NUMBER='1' AIRFLOW_CTX_DAG_RUN_ID='scheduled__2024-03-16T00:00:00+00:00'
[2024-05-07T23:41:40.447+0000] {taskinstance.py:430} INFO - ::endgroup::
[2024-05-07T23:41:40.496+0000] {subprocess.py:63} INFO - Tmp dir root location: /tmp
[2024-05-07T23:41:40.498+0000] {subprocess.py:75} INFO - Running command: ['/usr/bin/bash', '-c', "sleep 2 && echo 'Tarea 1'"]
[2024-05-07T23:41:40.507+0000] {subprocess.py:86} INFO - Output:
[2024-05-07T23:41:42.510+0000] {subprocess.py:93} INFO - Tarea 1
[2024-05-07T23:41:42.512+0000] {subprocess.py:97} INFO - Command exited with return code 0
[2024-05-07T23:41:42.513+0000] {taskinstance.py:441} INFO - ::group::Post task execution logs
[2024-05-07T23:41:42.559+0000] {taskinstance.py:1206} INFO - Marking task as SUCCESS. dag_id=5.1_orquestacion, task_id=tarea1, run_id=scheduled__2024-03-16T00:00:00+00:00, execution_date=20240316T000000, start_date=20240507T234140, end_date=20240507T234142
[2024-05-07T23:41:42.665+0000] {local_task_job_runner.py:240} INFO - Task exited with return code 0
[2024-05-07T23:41:42.802+0000] {taskinstance.py:3498} INFO - 1 downstream tasks scheduled from follow-on schedule check
[2024-05-07T23:41:42.805+0000] {local_task_job_runner.py:222} INFO - ::endgroup::
[2024-05-07T23:48:08.447+0000] {local_task_job_runner.py:120} INFO - ::group::Pre task execution logs
[2024-05-07T23:48:08.491+0000] {taskinstance.py:2076} INFO - Dependencies all met for dep_context=non-requeueable deps ti=<TaskInstance: 5.1_orquestacion.tarea1 scheduled__2024-03-16T00:00:00+00:00 [queued]>
[2024-05-07T23:48:08.503+0000] {taskinstance.py:2076} INFO - Dependencies all met for dep_context=requeueable deps ti=<TaskInstance: 5.1_orquestacion.tarea1 scheduled__2024-03-16T00:00:00+00:00 [queued]>
[2024-05-07T23:48:08.504+0000] {taskinstance.py:2306} INFO - Starting attempt 1 of 1
[2024-05-07T23:48:08.518+0000] {taskinstance.py:2330} INFO - Executing <Task(BashOperator): tarea1> on 2024-03-16 00:00:00+00:00
[2024-05-07T23:48:08.523+0000] {warnings.py:110} WARNING - /home/***/.local/lib/python3.12/site-packages/***/task/task_runner/standard_task_runner.py:61: DeprecationWarning: This process (pid=3615) is multi-threaded, use of fork() may lead to deadlocks in the child.
  pid = os.fork()

[2024-05-07T23:48:08.525+0000] {standard_task_runner.py:63} INFO - Started process 3616 to run task
[2024-05-07T23:48:08.524+0000] {standard_task_runner.py:90} INFO - Running: ['***', 'tasks', 'run', '5.1_orquestacion', 'tarea1', 'scheduled__2024-03-16T00:00:00+00:00', '--job-id', '245', '--raw', '--subdir', 'DAGS_FOLDER/051_orquestacion.py', '--cfg-path', '/tmp/tmpv0br0qp_']
[2024-05-07T23:48:08.526+0000] {standard_task_runner.py:91} INFO - Job 245: Subtask tarea1
[2024-05-07T23:48:08.585+0000] {task_command.py:426} INFO - Running <TaskInstance: 5.1_orquestacion.tarea1 scheduled__2024-03-16T00:00:00+00:00 [running]> on host 521bf890d837
[2024-05-07T23:48:08.664+0000] {taskinstance.py:2648} INFO - Exporting env vars: AIRFLOW_CTX_DAG_OWNER='***' AIRFLOW_CTX_DAG_ID='5.1_orquestacion' AIRFLOW_CTX_TASK_ID='tarea1' AIRFLOW_CTX_EXECUTION_DATE='2024-03-16T00:00:00+00:00' AIRFLOW_CTX_TRY_NUMBER='1' AIRFLOW_CTX_DAG_RUN_ID='scheduled__2024-03-16T00:00:00+00:00'
[2024-05-07T23:48:08.673+0000] {taskinstance.py:430} INFO - ::endgroup::
[2024-05-07T23:48:08.687+0000] {subprocess.py:63} INFO - Tmp dir root location: /tmp
[2024-05-07T23:48:08.691+0000] {subprocess.py:75} INFO - Running command: ['/usr/bin/bash', '-c', "sleep 2 && echo 'Tarea 1'"]
[2024-05-07T23:48:08.702+0000] {subprocess.py:86} INFO - Output:
[2024-05-07T23:48:10.708+0000] {subprocess.py:93} INFO - Tarea 1
[2024-05-07T23:48:10.713+0000] {subprocess.py:97} INFO - Command exited with return code 0
[2024-05-07T23:48:10.720+0000] {taskinstance.py:441} INFO - ::group::Post task execution logs
[2024-05-07T23:48:10.819+0000] {taskinstance.py:1206} INFO - Marking task as SUCCESS. dag_id=5.1_orquestacion, task_id=tarea1, run_id=scheduled__2024-03-16T00:00:00+00:00, execution_date=20240316T000000, start_date=20240507T234808, end_date=20240507T234810
[2024-05-07T23:48:10.995+0000] {local_task_job_runner.py:240} INFO - Task exited with return code 0
[2024-05-07T23:48:11.217+0000] {taskinstance.py:3498} INFO - 1 downstream tasks scheduled from follow-on schedule check
[2024-05-07T23:48:11.229+0000] {local_task_job_runner.py:222} INFO - ::endgroup::
