[2024-05-07T23:41:01.783+0000] {local_task_job_runner.py:120} INFO - ::group::Pre task execution logs
[2024-05-07T23:41:01.810+0000] {taskinstance.py:2076} INFO - Dependencies all met for dep_context=non-requeueable deps ti=<TaskInstance: 5.1_orquestacion.tarea3 scheduled__2024-03-04T00:00:00+00:00 [queued]>
[2024-05-07T23:41:01.820+0000] {taskinstance.py:2076} INFO - Dependencies all met for dep_context=requeueable deps ti=<TaskInstance: 5.1_orquestacion.tarea3 scheduled__2024-03-04T00:00:00+00:00 [queued]>
[2024-05-07T23:41:01.821+0000] {taskinstance.py:2306} INFO - Starting attempt 1 of 1
[2024-05-07T23:41:01.838+0000] {taskinstance.py:2330} INFO - Executing <Task(BashOperator): tarea3> on 2024-03-04 00:00:00+00:00
[2024-05-07T23:41:01.844+0000] {warnings.py:110} WARNING - /home/***/.local/lib/python3.12/site-packages/***/task/task_runner/standard_task_runner.py:61: DeprecationWarning: This process (pid=2833) is multi-threaded, use of fork() may lead to deadlocks in the child.
  pid = os.fork()

[2024-05-07T23:41:01.847+0000] {standard_task_runner.py:63} INFO - Started process 2838 to run task
[2024-05-07T23:41:01.846+0000] {standard_task_runner.py:90} INFO - Running: ['***', 'tasks', 'run', '5.1_orquestacion', 'tarea3', 'scheduled__2024-03-04T00:00:00+00:00', '--job-id', '72', '--raw', '--subdir', 'DAGS_FOLDER/051_orquestacion.py', '--cfg-path', '/tmp/tmpom5p0c58']
[2024-05-07T23:41:01.848+0000] {standard_task_runner.py:91} INFO - Job 72: Subtask tarea3
[2024-05-07T23:41:01.892+0000] {task_command.py:426} INFO - Running <TaskInstance: 5.1_orquestacion.tarea3 scheduled__2024-03-04T00:00:00+00:00 [running]> on host 521bf890d837
[2024-05-07T23:41:01.990+0000] {taskinstance.py:2648} INFO - Exporting env vars: AIRFLOW_CTX_DAG_OWNER='***' AIRFLOW_CTX_DAG_ID='5.1_orquestacion' AIRFLOW_CTX_TASK_ID='tarea3' AIRFLOW_CTX_EXECUTION_DATE='2024-03-04T00:00:00+00:00' AIRFLOW_CTX_TRY_NUMBER='1' AIRFLOW_CTX_DAG_RUN_ID='scheduled__2024-03-04T00:00:00+00:00'
[2024-05-07T23:41:01.991+0000] {taskinstance.py:430} INFO - ::endgroup::
[2024-05-07T23:41:02.004+0000] {subprocess.py:63} INFO - Tmp dir root location: /tmp
[2024-05-07T23:41:02.006+0000] {subprocess.py:75} INFO - Running command: ['/usr/bin/bash', '-c', "sleep 2 && echo 'Tarea 3'"]
[2024-05-07T23:41:02.014+0000] {subprocess.py:86} INFO - Output:
[2024-05-07T23:41:04.017+0000] {subprocess.py:93} INFO - Tarea 3
[2024-05-07T23:41:04.018+0000] {subprocess.py:97} INFO - Command exited with return code 0
[2024-05-07T23:41:04.019+0000] {taskinstance.py:441} INFO - ::group::Post task execution logs
[2024-05-07T23:41:04.106+0000] {taskinstance.py:1206} INFO - Marking task as SUCCESS. dag_id=5.1_orquestacion, task_id=tarea3, run_id=scheduled__2024-03-04T00:00:00+00:00, execution_date=20240304T000000, start_date=20240507T234101, end_date=20240507T234104
[2024-05-07T23:41:04.155+0000] {local_task_job_runner.py:240} INFO - Task exited with return code 0
[2024-05-07T23:41:04.191+0000] {taskinstance.py:3498} INFO - 0 downstream tasks scheduled from follow-on schedule check
[2024-05-07T23:41:04.200+0000] {local_task_job_runner.py:222} INFO - ::endgroup::
[2024-05-07T23:45:54.846+0000] {local_task_job_runner.py:120} INFO - ::group::Pre task execution logs
[2024-05-07T23:45:54.870+0000] {taskinstance.py:2076} INFO - Dependencies all met for dep_context=non-requeueable deps ti=<TaskInstance: 5.1_orquestacion.tarea3 scheduled__2024-03-04T00:00:00+00:00 [queued]>
[2024-05-07T23:45:54.880+0000] {taskinstance.py:2076} INFO - Dependencies all met for dep_context=requeueable deps ti=<TaskInstance: 5.1_orquestacion.tarea3 scheduled__2024-03-04T00:00:00+00:00 [queued]>
[2024-05-07T23:45:54.881+0000] {taskinstance.py:2306} INFO - Starting attempt 1 of 1
[2024-05-07T23:45:54.898+0000] {taskinstance.py:2330} INFO - Executing <Task(BashOperator): tarea3> on 2024-03-04 00:00:00+00:00
[2024-05-07T23:45:54.903+0000] {warnings.py:110} WARNING - /home/***/.local/lib/python3.12/site-packages/***/task/task_runner/standard_task_runner.py:61: DeprecationWarning: This process (pid=3403) is multi-threaded, use of fork() may lead to deadlocks in the child.
  pid = os.fork()

[2024-05-07T23:45:54.905+0000] {standard_task_runner.py:63} INFO - Started process 3406 to run task
[2024-05-07T23:45:54.905+0000] {standard_task_runner.py:90} INFO - Running: ['***', 'tasks', 'run', '5.1_orquestacion', 'tarea3', 'scheduled__2024-03-04T00:00:00+00:00', '--job-id', '199', '--raw', '--subdir', 'DAGS_FOLDER/051_orquestacion.py', '--cfg-path', '/tmp/tmpeeoxsa_3']
[2024-05-07T23:45:54.907+0000] {standard_task_runner.py:91} INFO - Job 199: Subtask tarea3
[2024-05-07T23:45:54.950+0000] {task_command.py:426} INFO - Running <TaskInstance: 5.1_orquestacion.tarea3 scheduled__2024-03-04T00:00:00+00:00 [running]> on host 521bf890d837
[2024-05-07T23:45:55.041+0000] {taskinstance.py:2648} INFO - Exporting env vars: AIRFLOW_CTX_DAG_OWNER='***' AIRFLOW_CTX_DAG_ID='5.1_orquestacion' AIRFLOW_CTX_TASK_ID='tarea3' AIRFLOW_CTX_EXECUTION_DATE='2024-03-04T00:00:00+00:00' AIRFLOW_CTX_TRY_NUMBER='1' AIRFLOW_CTX_DAG_RUN_ID='scheduled__2024-03-04T00:00:00+00:00'
[2024-05-07T23:45:55.046+0000] {taskinstance.py:430} INFO - ::endgroup::
[2024-05-07T23:45:55.056+0000] {subprocess.py:63} INFO - Tmp dir root location: /tmp
[2024-05-07T23:45:55.057+0000] {subprocess.py:75} INFO - Running command: ['/usr/bin/bash', '-c', "sleep 2 && echo 'Tarea 3'"]
[2024-05-07T23:45:55.064+0000] {subprocess.py:86} INFO - Output:
[2024-05-07T23:45:57.067+0000] {subprocess.py:93} INFO - Tarea 3
[2024-05-07T23:45:57.068+0000] {subprocess.py:97} INFO - Command exited with return code 0
[2024-05-07T23:45:57.069+0000] {taskinstance.py:441} INFO - ::group::Post task execution logs
[2024-05-07T23:45:57.128+0000] {taskinstance.py:1206} INFO - Marking task as SUCCESS. dag_id=5.1_orquestacion, task_id=tarea3, run_id=scheduled__2024-03-04T00:00:00+00:00, execution_date=20240304T000000, start_date=20240507T234554, end_date=20240507T234557
[2024-05-07T23:45:57.173+0000] {local_task_job_runner.py:240} INFO - Task exited with return code 0
[2024-05-07T23:45:57.180+0000] {local_task_job_runner.py:222} INFO - ::endgroup::
