[2024-05-10T06:10:47.885+0000] {local_task_job_runner.py:120} INFO - ::group::Pre task execution logs
[2024-05-10T06:10:47.905+0000] {taskinstance.py:2076} INFO - Dependencies all met for dep_context=non-requeueable deps ti=<TaskInstance: Proyecto_SpaceX_v1.Esperar_archivo scheduled__2024-03-03T00:00:00+00:00 [queued]>
[2024-05-10T06:10:47.912+0000] {taskinstance.py:2076} INFO - Dependencies all met for dep_context=requeueable deps ti=<TaskInstance: Proyecto_SpaceX_v1.Esperar_archivo scheduled__2024-03-03T00:00:00+00:00 [queued]>
[2024-05-10T06:10:47.914+0000] {taskinstance.py:2306} INFO - Starting attempt 2 of 2
[2024-05-10T06:10:47.925+0000] {taskinstance.py:2330} INFO - Executing <Task(FileSensor): Esperar_archivo> on 2024-03-03 00:00:00+00:00
[2024-05-10T06:10:47.932+0000] {warnings.py:110} WARNING - /home/***/.local/lib/python3.12/site-packages/***/task/task_runner/standard_task_runner.py:61: DeprecationWarning: This process (pid=1261) is multi-threaded, use of fork() may lead to deadlocks in the child.
  pid = os.fork()

[2024-05-10T06:10:47.933+0000] {standard_task_runner.py:90} INFO - Running: ['***', 'tasks', 'run', 'Proyecto_SpaceX_v1', 'Esperar_archivo', 'scheduled__2024-03-03T00:00:00+00:00', '--job-id', '1137', '--raw', '--subdir', 'DAGS_FOLDER/Proyecto_SpaceX_v1.py', '--cfg-path', '/tmp/tmp5yn2g17c']
[2024-05-10T06:10:47.936+0000] {standard_task_runner.py:63} INFO - Started process 1263 to run task
[2024-05-10T06:10:47.937+0000] {standard_task_runner.py:91} INFO - Job 1137: Subtask Esperar_archivo
[2024-05-10T06:10:47.976+0000] {task_command.py:426} INFO - Running <TaskInstance: Proyecto_SpaceX_v1.Esperar_archivo scheduled__2024-03-03T00:00:00+00:00 [running]> on host 1b7f0b10dd99
[2024-05-10T06:10:48.176+0000] {taskinstance.py:2648} INFO - Exporting env vars: AIRFLOW_CTX_DAG_OWNER='***' AIRFLOW_CTX_DAG_ID='Proyecto_SpaceX_v1' AIRFLOW_CTX_TASK_ID='Esperar_archivo' AIRFLOW_CTX_EXECUTION_DATE='2024-03-03T00:00:00+00:00' AIRFLOW_CTX_TRY_NUMBER='2' AIRFLOW_CTX_DAG_RUN_ID='scheduled__2024-03-03T00:00:00+00:00'
[2024-05-10T06:10:48.177+0000] {taskinstance.py:430} INFO - ::endgroup::
[2024-05-10T06:10:48.185+0000] {baseoperator.py:399} WARNING - FileSensor.execute cannot be called outside TaskInstance!
[2024-05-10T06:10:48.191+0000] {base.py:84} INFO - Using connection ID 'fs_default' for task execution.
[2024-05-10T06:10:48.192+0000] {filesystem.py:85} INFO - Poking for file /tmp/platzi_data_20240303.csv
[2024-05-10T06:10:48.193+0000] {filesystem.py:89} INFO - Found File /tmp/platzi_data_20240303.csv last modified: 20240510061045
[2024-05-10T06:10:48.194+0000] {base.py:294} INFO - Success criteria met. Exiting.
[2024-05-10T06:10:48.195+0000] {filesystem.py:85} INFO - Poking for file /tmp/platzi_data_20240303.csv
[2024-05-10T06:10:48.195+0000] {filesystem.py:89} INFO - Found File /tmp/platzi_data_20240303.csv last modified: 20240510061045
[2024-05-10T06:10:48.196+0000] {taskinstance.py:441} INFO - ::group::Post task execution logs
[2024-05-10T06:10:48.203+0000] {taskinstance.py:1206} INFO - Marking task as SUCCESS. dag_id=Proyecto_SpaceX_v1, task_id=Esperar_archivo, run_id=scheduled__2024-03-03T00:00:00+00:00, execution_date=20240303T000000, start_date=20240510T061047, end_date=20240510T061048
[2024-05-10T06:10:48.232+0000] {local_task_job_runner.py:240} INFO - Task exited with return code 0
[2024-05-10T06:10:48.383+0000] {taskinstance.py:3498} INFO - 1 downstream tasks scheduled from follow-on schedule check
[2024-05-10T06:10:48.387+0000] {local_task_job_runner.py:222} INFO - ::endgroup::
