[2024-05-08T21:56:45.841+0000] {local_task_job_runner.py:120} INFO - ::group::Pre task execution logs
[2024-05-08T21:56:45.895+0000] {taskinstance.py:2076} INFO - Dependencies all met for dep_context=non-requeueable deps ti=<TaskInstance: 10_branching.branch scheduled__2022-07-03T00:00:00+00:00 [queued]>
[2024-05-08T21:56:45.915+0000] {taskinstance.py:2076} INFO - Dependencies all met for dep_context=requeueable deps ti=<TaskInstance: 10_branching.branch scheduled__2022-07-03T00:00:00+00:00 [queued]>
[2024-05-08T21:56:45.916+0000] {taskinstance.py:2306} INFO - Starting attempt 1 of 1
[2024-05-08T21:56:45.952+0000] {taskinstance.py:2330} INFO - Executing <Task(BranchPythonOperator): branch> on 2022-07-03 00:00:00+00:00
[2024-05-08T21:56:45.979+0000] {warnings.py:110} WARNING - /home/***/.local/lib/python3.12/site-packages/***/task/task_runner/standard_task_runner.py:61: DeprecationWarning: This process (pid=3934) is multi-threaded, use of fork() may lead to deadlocks in the child.
  pid = os.fork()

[2024-05-08T21:56:45.980+0000] {standard_task_runner.py:90} INFO - Running: ['***', 'tasks', 'run', '10_branching', 'branch', 'scheduled__2022-07-03T00:00:00+00:00', '--job-id', '854', '--raw', '--subdir', 'DAGS_FOLDER/10_branchpythonoperator.py', '--cfg-path', '/tmp/tmpay1n1t5k']
[2024-05-08T21:56:45.995+0000] {standard_task_runner.py:91} INFO - Job 854: Subtask branch
[2024-05-08T21:56:45.995+0000] {standard_task_runner.py:63} INFO - Started process 3949 to run task
[2024-05-08T21:56:46.294+0000] {task_command.py:426} INFO - Running <TaskInstance: 10_branching.branch scheduled__2022-07-03T00:00:00+00:00 [running]> on host ccc314eb571d
[2024-05-08T21:56:46.610+0000] {taskinstance.py:2648} INFO - Exporting env vars: AIRFLOW_CTX_DAG_OWNER='***' AIRFLOW_CTX_DAG_ID='10_branching' AIRFLOW_CTX_TASK_ID='branch' AIRFLOW_CTX_EXECUTION_DATE='2022-07-03T00:00:00+00:00' AIRFLOW_CTX_TRY_NUMBER='1' AIRFLOW_CTX_DAG_RUN_ID='scheduled__2022-07-03T00:00:00+00:00'
[2024-05-08T21:56:46.612+0000] {taskinstance.py:430} INFO - ::endgroup::
[2024-05-08T21:56:46.721+0000] {baseoperator.py:399} WARNING - BranchPythonOperator.execute cannot be called outside TaskInstance!
[2024-05-08T21:56:46.723+0000] {python.py:237} INFO - Done. Returned value was: finish_14_june
[2024-05-08T21:56:46.725+0000] {branch.py:36} INFO - Branch into finish_14_june
[2024-05-08T21:56:46.727+0000] {skipmixin.py:178} INFO - Following branch finish_14_june
[2024-05-08T21:56:46.785+0000] {skipmixin.py:246} INFO - Skipping tasks [('start_15_june', -1)]
[2024-05-08T21:56:46.857+0000] {taskinstance.py:441} INFO - ::group::Post task execution logs
[2024-05-08T21:56:46.927+0000] {taskinstance.py:1206} INFO - Marking task as SUCCESS. dag_id=10_branching, task_id=branch, run_id=scheduled__2022-07-03T00:00:00+00:00, execution_date=20220703T000000, start_date=20240508T215645, end_date=20240508T215646
[2024-05-08T21:56:46.989+0000] {local_task_job_runner.py:240} INFO - Task exited with return code 0
[2024-05-08T21:56:47.046+0000] {taskinstance.py:3498} INFO - 1 downstream tasks scheduled from follow-on schedule check
[2024-05-08T21:56:47.049+0000] {local_task_job_runner.py:222} INFO - ::endgroup::
