[2024-05-07T23:41:36.709+0000] {local_task_job_runner.py:120} INFO - ::group::Pre task execution logs
[2024-05-07T23:41:36.737+0000] {taskinstance.py:2076} INFO - Dependencies all met for dep_context=non-requeueable deps ti=<TaskInstance: 5.1_orquestacion.tarea4 scheduled__2024-03-13T00:00:00+00:00 [queued]>
[2024-05-07T23:41:36.749+0000] {taskinstance.py:2076} INFO - Dependencies all met for dep_context=requeueable deps ti=<TaskInstance: 5.1_orquestacion.tarea4 scheduled__2024-03-13T00:00:00+00:00 [queued]>
[2024-05-07T23:41:36.750+0000] {taskinstance.py:2306} INFO - Starting attempt 1 of 1
[2024-05-07T23:41:36.765+0000] {taskinstance.py:2330} INFO - Executing <Task(BashOperator): tarea4> on 2024-03-13 00:00:00+00:00
[2024-05-07T23:41:36.771+0000] {warnings.py:110} WARNING - /home/***/.local/lib/python3.12/site-packages/***/task/task_runner/standard_task_runner.py:61: DeprecationWarning: This process (pid=2991) is multi-threaded, use of fork() may lead to deadlocks in the child.
  pid = os.fork()

[2024-05-07T23:41:36.773+0000] {standard_task_runner.py:63} INFO - Started process 2998 to run task
[2024-05-07T23:41:36.773+0000] {standard_task_runner.py:90} INFO - Running: ['***', 'tasks', 'run', '5.1_orquestacion', 'tarea4', 'scheduled__2024-03-13T00:00:00+00:00', '--job-id', '110', '--raw', '--subdir', 'DAGS_FOLDER/051_orquestacion.py', '--cfg-path', '/tmp/tmpg6d2w6as']
[2024-05-07T23:41:36.774+0000] {standard_task_runner.py:91} INFO - Job 110: Subtask tarea4
[2024-05-07T23:41:36.822+0000] {task_command.py:426} INFO - Running <TaskInstance: 5.1_orquestacion.tarea4 scheduled__2024-03-13T00:00:00+00:00 [running]> on host 521bf890d837
[2024-05-07T23:41:36.909+0000] {taskinstance.py:2648} INFO - Exporting env vars: AIRFLOW_CTX_DAG_OWNER='***' AIRFLOW_CTX_DAG_ID='5.1_orquestacion' AIRFLOW_CTX_TASK_ID='tarea4' AIRFLOW_CTX_EXECUTION_DATE='2024-03-13T00:00:00+00:00' AIRFLOW_CTX_TRY_NUMBER='1' AIRFLOW_CTX_DAG_RUN_ID='scheduled__2024-03-13T00:00:00+00:00'
[2024-05-07T23:41:36.910+0000] {taskinstance.py:430} INFO - ::endgroup::
[2024-05-07T23:41:36.924+0000] {subprocess.py:63} INFO - Tmp dir root location: /tmp
[2024-05-07T23:41:36.925+0000] {subprocess.py:75} INFO - Running command: ['/usr/bin/bash', '-c', "sleep 2 && echo 'Tarea 4'"]
[2024-05-07T23:41:36.934+0000] {subprocess.py:86} INFO - Output:
[2024-05-07T23:41:38.941+0000] {subprocess.py:93} INFO - Tarea 4
[2024-05-07T23:41:38.955+0000] {subprocess.py:97} INFO - Command exited with return code 0
[2024-05-07T23:41:38.962+0000] {taskinstance.py:441} INFO - ::group::Post task execution logs
[2024-05-07T23:41:39.150+0000] {taskinstance.py:1206} INFO - Marking task as SUCCESS. dag_id=5.1_orquestacion, task_id=tarea4, run_id=scheduled__2024-03-13T00:00:00+00:00, execution_date=20240313T000000, start_date=20240507T234136, end_date=20240507T234139
[2024-05-07T23:41:39.243+0000] {local_task_job_runner.py:240} INFO - Task exited with return code 0
[2024-05-07T23:41:39.269+0000] {taskinstance.py:3498} INFO - 0 downstream tasks scheduled from follow-on schedule check
[2024-05-07T23:41:39.273+0000] {local_task_job_runner.py:222} INFO - ::endgroup::
[2024-05-07T23:47:39.954+0000] {local_task_job_runner.py:120} INFO - ::group::Pre task execution logs
[2024-05-07T23:47:39.985+0000] {taskinstance.py:2076} INFO - Dependencies all met for dep_context=non-requeueable deps ti=<TaskInstance: 5.1_orquestacion.tarea4 scheduled__2024-03-13T00:00:00+00:00 [queued]>
[2024-05-07T23:47:39.996+0000] {taskinstance.py:2076} INFO - Dependencies all met for dep_context=requeueable deps ti=<TaskInstance: 5.1_orquestacion.tarea4 scheduled__2024-03-13T00:00:00+00:00 [queued]>
[2024-05-07T23:47:39.997+0000] {taskinstance.py:2306} INFO - Starting attempt 1 of 1
[2024-05-07T23:47:40.015+0000] {taskinstance.py:2330} INFO - Executing <Task(BashOperator): tarea4> on 2024-03-13 00:00:00+00:00
[2024-05-07T23:47:40.021+0000] {warnings.py:110} WARNING - /home/***/.local/lib/python3.12/site-packages/***/task/task_runner/standard_task_runner.py:61: DeprecationWarning: This process (pid=3576) is multi-threaded, use of fork() may lead to deadlocks in the child.
  pid = os.fork()

[2024-05-07T23:47:40.023+0000] {standard_task_runner.py:90} INFO - Running: ['***', 'tasks', 'run', '5.1_orquestacion', 'tarea4', 'scheduled__2024-03-13T00:00:00+00:00', '--job-id', '236', '--raw', '--subdir', 'DAGS_FOLDER/051_orquestacion.py', '--cfg-path', '/tmp/tmp04z9pv5_']
[2024-05-07T23:47:40.024+0000] {standard_task_runner.py:63} INFO - Started process 3578 to run task
[2024-05-07T23:47:40.024+0000] {standard_task_runner.py:91} INFO - Job 236: Subtask tarea4
[2024-05-07T23:47:40.067+0000] {task_command.py:426} INFO - Running <TaskInstance: 5.1_orquestacion.tarea4 scheduled__2024-03-13T00:00:00+00:00 [running]> on host 521bf890d837
[2024-05-07T23:47:40.158+0000] {taskinstance.py:2648} INFO - Exporting env vars: AIRFLOW_CTX_DAG_OWNER='***' AIRFLOW_CTX_DAG_ID='5.1_orquestacion' AIRFLOW_CTX_TASK_ID='tarea4' AIRFLOW_CTX_EXECUTION_DATE='2024-03-13T00:00:00+00:00' AIRFLOW_CTX_TRY_NUMBER='1' AIRFLOW_CTX_DAG_RUN_ID='scheduled__2024-03-13T00:00:00+00:00'
[2024-05-07T23:47:40.160+0000] {taskinstance.py:430} INFO - ::endgroup::
[2024-05-07T23:47:40.174+0000] {subprocess.py:63} INFO - Tmp dir root location: /tmp
[2024-05-07T23:47:40.175+0000] {subprocess.py:75} INFO - Running command: ['/usr/bin/bash', '-c', "sleep 2 && echo 'Tarea 4'"]
[2024-05-07T23:47:40.185+0000] {subprocess.py:86} INFO - Output:
[2024-05-07T23:47:42.188+0000] {subprocess.py:93} INFO - Tarea 4
[2024-05-07T23:47:42.191+0000] {subprocess.py:97} INFO - Command exited with return code 0
[2024-05-07T23:47:42.191+0000] {taskinstance.py:441} INFO - ::group::Post task execution logs
[2024-05-07T23:47:42.214+0000] {taskinstance.py:1206} INFO - Marking task as SUCCESS. dag_id=5.1_orquestacion, task_id=tarea4, run_id=scheduled__2024-03-13T00:00:00+00:00, execution_date=20240313T000000, start_date=20240507T234739, end_date=20240507T234742
[2024-05-07T23:47:42.251+0000] {local_task_job_runner.py:240} INFO - Task exited with return code 0
[2024-05-07T23:47:42.260+0000] {local_task_job_runner.py:222} INFO - ::endgroup::
