[2024-05-07T23:42:01.378+0000] {local_task_job_runner.py:120} INFO - ::group::Pre task execution logs
[2024-05-07T23:42:01.424+0000] {taskinstance.py:2076} INFO - Dependencies all met for dep_context=non-requeueable deps ti=<TaskInstance: 5.1_orquestacion.tarea3 scheduled__2024-03-20T00:00:00+00:00 [queued]>
[2024-05-07T23:42:01.436+0000] {taskinstance.py:2076} INFO - Dependencies all met for dep_context=requeueable deps ti=<TaskInstance: 5.1_orquestacion.tarea3 scheduled__2024-03-20T00:00:00+00:00 [queued]>
[2024-05-07T23:42:01.437+0000] {taskinstance.py:2306} INFO - Starting attempt 1 of 1
[2024-05-07T23:42:01.452+0000] {taskinstance.py:2330} INFO - Executing <Task(BashOperator): tarea3> on 2024-03-20 00:00:00+00:00
[2024-05-07T23:42:01.458+0000] {warnings.py:110} WARNING - /home/***/.local/lib/python3.12/site-packages/***/task/task_runner/standard_task_runner.py:61: DeprecationWarning: This process (pid=3104) is multi-threaded, use of fork() may lead to deadlocks in the child.
  pid = os.fork()

[2024-05-07T23:42:01.460+0000] {standard_task_runner.py:63} INFO - Started process 3107 to run task
[2024-05-07T23:42:01.460+0000] {standard_task_runner.py:90} INFO - Running: ['***', 'tasks', 'run', '5.1_orquestacion', 'tarea3', 'scheduled__2024-03-20T00:00:00+00:00', '--job-id', '137', '--raw', '--subdir', 'DAGS_FOLDER/051_orquestacion.py', '--cfg-path', '/tmp/tmpgtf7j13t']
[2024-05-07T23:42:01.461+0000] {standard_task_runner.py:91} INFO - Job 137: Subtask tarea3
[2024-05-07T23:42:01.507+0000] {task_command.py:426} INFO - Running <TaskInstance: 5.1_orquestacion.tarea3 scheduled__2024-03-20T00:00:00+00:00 [running]> on host 521bf890d837
[2024-05-07T23:42:01.652+0000] {taskinstance.py:2648} INFO - Exporting env vars: AIRFLOW_CTX_DAG_OWNER='***' AIRFLOW_CTX_DAG_ID='5.1_orquestacion' AIRFLOW_CTX_TASK_ID='tarea3' AIRFLOW_CTX_EXECUTION_DATE='2024-03-20T00:00:00+00:00' AIRFLOW_CTX_TRY_NUMBER='1' AIRFLOW_CTX_DAG_RUN_ID='scheduled__2024-03-20T00:00:00+00:00'
[2024-05-07T23:42:01.653+0000] {taskinstance.py:430} INFO - ::endgroup::
[2024-05-07T23:42:01.666+0000] {subprocess.py:63} INFO - Tmp dir root location: /tmp
[2024-05-07T23:42:01.667+0000] {subprocess.py:75} INFO - Running command: ['/usr/bin/bash', '-c', "sleep 2 && echo 'Tarea 3'"]
[2024-05-07T23:42:01.677+0000] {subprocess.py:86} INFO - Output:
[2024-05-07T23:42:03.683+0000] {subprocess.py:93} INFO - Tarea 3
[2024-05-07T23:42:03.687+0000] {subprocess.py:97} INFO - Command exited with return code 0
[2024-05-07T23:42:03.694+0000] {taskinstance.py:441} INFO - ::group::Post task execution logs
[2024-05-07T23:42:03.807+0000] {taskinstance.py:1206} INFO - Marking task as SUCCESS. dag_id=5.1_orquestacion, task_id=tarea3, run_id=scheduled__2024-03-20T00:00:00+00:00, execution_date=20240320T000000, start_date=20240507T234201, end_date=20240507T234203
[2024-05-07T23:42:03.887+0000] {local_task_job_runner.py:240} INFO - Task exited with return code 0
[2024-05-07T23:42:03.904+0000] {taskinstance.py:3498} INFO - 0 downstream tasks scheduled from follow-on schedule check
[2024-05-07T23:42:03.919+0000] {local_task_job_runner.py:222} INFO - ::endgroup::
[2024-05-07T23:49:02.635+0000] {local_task_job_runner.py:120} INFO - ::group::Pre task execution logs
[2024-05-07T23:49:02.657+0000] {taskinstance.py:2076} INFO - Dependencies all met for dep_context=non-requeueable deps ti=<TaskInstance: 5.1_orquestacion.tarea3 scheduled__2024-03-20T00:00:00+00:00 [queued]>
[2024-05-07T23:49:02.667+0000] {taskinstance.py:2076} INFO - Dependencies all met for dep_context=requeueable deps ti=<TaskInstance: 5.1_orquestacion.tarea3 scheduled__2024-03-20T00:00:00+00:00 [queued]>
[2024-05-07T23:49:02.668+0000] {taskinstance.py:2306} INFO - Starting attempt 1 of 1
[2024-05-07T23:49:02.682+0000] {taskinstance.py:2330} INFO - Executing <Task(BashOperator): tarea3> on 2024-03-20 00:00:00+00:00
[2024-05-07T23:49:02.696+0000] {warnings.py:110} WARNING - /home/***/.local/lib/python3.12/site-packages/***/task/task_runner/standard_task_runner.py:61: DeprecationWarning: This process (pid=3702) is multi-threaded, use of fork() may lead to deadlocks in the child.
  pid = os.fork()

[2024-05-07T23:49:02.697+0000] {standard_task_runner.py:90} INFO - Running: ['***', 'tasks', 'run', '5.1_orquestacion', 'tarea3', 'scheduled__2024-03-20T00:00:00+00:00', '--job-id', '263', '--raw', '--subdir', 'DAGS_FOLDER/051_orquestacion.py', '--cfg-path', '/tmp/tmp82lyb0rw']
[2024-05-07T23:49:02.709+0000] {standard_task_runner.py:63} INFO - Started process 3704 to run task
[2024-05-07T23:49:02.710+0000] {standard_task_runner.py:91} INFO - Job 263: Subtask tarea3
[2024-05-07T23:49:02.749+0000] {task_command.py:426} INFO - Running <TaskInstance: 5.1_orquestacion.tarea3 scheduled__2024-03-20T00:00:00+00:00 [running]> on host 521bf890d837
[2024-05-07T23:49:02.816+0000] {taskinstance.py:2648} INFO - Exporting env vars: AIRFLOW_CTX_DAG_OWNER='***' AIRFLOW_CTX_DAG_ID='5.1_orquestacion' AIRFLOW_CTX_TASK_ID='tarea3' AIRFLOW_CTX_EXECUTION_DATE='2024-03-20T00:00:00+00:00' AIRFLOW_CTX_TRY_NUMBER='1' AIRFLOW_CTX_DAG_RUN_ID='scheduled__2024-03-20T00:00:00+00:00'
[2024-05-07T23:49:02.817+0000] {taskinstance.py:430} INFO - ::endgroup::
[2024-05-07T23:49:02.828+0000] {subprocess.py:63} INFO - Tmp dir root location: /tmp
[2024-05-07T23:49:02.829+0000] {subprocess.py:75} INFO - Running command: ['/usr/bin/bash', '-c', "sleep 2 && echo 'Tarea 3'"]
[2024-05-07T23:49:02.836+0000] {subprocess.py:86} INFO - Output:
[2024-05-07T23:49:04.838+0000] {subprocess.py:93} INFO - Tarea 3
[2024-05-07T23:49:04.839+0000] {subprocess.py:97} INFO - Command exited with return code 0
[2024-05-07T23:49:04.843+0000] {taskinstance.py:441} INFO - ::group::Post task execution logs
[2024-05-07T23:49:04.868+0000] {taskinstance.py:1206} INFO - Marking task as SUCCESS. dag_id=5.1_orquestacion, task_id=tarea3, run_id=scheduled__2024-03-20T00:00:00+00:00, execution_date=20240320T000000, start_date=20240507T234902, end_date=20240507T234904
[2024-05-07T23:49:04.896+0000] {local_task_job_runner.py:240} INFO - Task exited with return code 0
[2024-05-07T23:49:04.904+0000] {local_task_job_runner.py:222} INFO - ::endgroup::
