[2024-05-07T23:40:53.064+0000] {local_task_job_runner.py:120} INFO - ::group::Pre task execution logs
[2024-05-07T23:40:53.093+0000] {taskinstance.py:2076} INFO - Dependencies all met for dep_context=non-requeueable deps ti=<TaskInstance: 5.1_orquestacion.tarea2 scheduled__2024-03-03T00:00:00+00:00 [queued]>
[2024-05-07T23:40:53.104+0000] {taskinstance.py:2076} INFO - Dependencies all met for dep_context=requeueable deps ti=<TaskInstance: 5.1_orquestacion.tarea2 scheduled__2024-03-03T00:00:00+00:00 [queued]>
[2024-05-07T23:40:53.105+0000] {taskinstance.py:2306} INFO - Starting attempt 1 of 1
[2024-05-07T23:40:53.124+0000] {taskinstance.py:2330} INFO - Executing <Task(BashOperator): tarea2> on 2024-03-03 00:00:00+00:00
[2024-05-07T23:40:53.130+0000] {warnings.py:110} WARNING - /home/***/.local/lib/python3.12/site-packages/***/task/task_runner/standard_task_runner.py:61: DeprecationWarning: This process (pid=2800) is multi-threaded, use of fork() may lead to deadlocks in the child.
  pid = os.fork()

[2024-05-07T23:40:53.131+0000] {standard_task_runner.py:90} INFO - Running: ['***', 'tasks', 'run', '5.1_orquestacion', 'tarea2', 'scheduled__2024-03-03T00:00:00+00:00', '--job-id', '65', '--raw', '--subdir', 'DAGS_FOLDER/051_orquestacion.py', '--cfg-path', '/tmp/tmpri7gyir0']
[2024-05-07T23:40:53.132+0000] {standard_task_runner.py:63} INFO - Started process 2805 to run task
[2024-05-07T23:40:53.132+0000] {standard_task_runner.py:91} INFO - Job 65: Subtask tarea2
[2024-05-07T23:40:53.173+0000] {task_command.py:426} INFO - Running <TaskInstance: 5.1_orquestacion.tarea2 scheduled__2024-03-03T00:00:00+00:00 [running]> on host 521bf890d837
[2024-05-07T23:40:53.353+0000] {taskinstance.py:2648} INFO - Exporting env vars: AIRFLOW_CTX_DAG_OWNER='***' AIRFLOW_CTX_DAG_ID='5.1_orquestacion' AIRFLOW_CTX_TASK_ID='tarea2' AIRFLOW_CTX_EXECUTION_DATE='2024-03-03T00:00:00+00:00' AIRFLOW_CTX_TRY_NUMBER='1' AIRFLOW_CTX_DAG_RUN_ID='scheduled__2024-03-03T00:00:00+00:00'
[2024-05-07T23:40:53.354+0000] {taskinstance.py:430} INFO - ::endgroup::
[2024-05-07T23:40:53.368+0000] {subprocess.py:63} INFO - Tmp dir root location: /tmp
[2024-05-07T23:40:53.370+0000] {subprocess.py:75} INFO - Running command: ['/usr/bin/bash', '-c', "sleep 2 && echo 'Tarea 2'"]
[2024-05-07T23:40:53.380+0000] {subprocess.py:86} INFO - Output:
[2024-05-07T23:40:55.383+0000] {subprocess.py:93} INFO - Tarea 2
[2024-05-07T23:40:55.391+0000] {subprocess.py:97} INFO - Command exited with return code 0
[2024-05-07T23:40:55.394+0000] {taskinstance.py:441} INFO - ::group::Post task execution logs
[2024-05-07T23:40:55.535+0000] {taskinstance.py:1206} INFO - Marking task as SUCCESS. dag_id=5.1_orquestacion, task_id=tarea2, run_id=scheduled__2024-03-03T00:00:00+00:00, execution_date=20240303T000000, start_date=20240507T234053, end_date=20240507T234055
[2024-05-07T23:40:56.042+0000] {local_task_job_runner.py:240} INFO - Task exited with return code 0
[2024-05-07T23:40:56.068+0000] {taskinstance.py:3498} INFO - 2 downstream tasks scheduled from follow-on schedule check
[2024-05-07T23:40:56.071+0000] {local_task_job_runner.py:222} INFO - ::endgroup::
[2024-05-07T23:45:39.050+0000] {local_task_job_runner.py:120} INFO - ::group::Pre task execution logs
[2024-05-07T23:45:39.079+0000] {taskinstance.py:2076} INFO - Dependencies all met for dep_context=non-requeueable deps ti=<TaskInstance: 5.1_orquestacion.tarea2 scheduled__2024-03-03T00:00:00+00:00 [queued]>
[2024-05-07T23:45:39.097+0000] {taskinstance.py:2076} INFO - Dependencies all met for dep_context=requeueable deps ti=<TaskInstance: 5.1_orquestacion.tarea2 scheduled__2024-03-03T00:00:00+00:00 [queued]>
[2024-05-07T23:45:39.100+0000] {taskinstance.py:2306} INFO - Starting attempt 1 of 1
[2024-05-07T23:45:39.114+0000] {taskinstance.py:2330} INFO - Executing <Task(BashOperator): tarea2> on 2024-03-03 00:00:00+00:00
[2024-05-07T23:45:39.120+0000] {warnings.py:110} WARNING - /home/***/.local/lib/python3.12/site-packages/***/task/task_runner/standard_task_runner.py:61: DeprecationWarning: This process (pid=3383) is multi-threaded, use of fork() may lead to deadlocks in the child.
  pid = os.fork()

[2024-05-07T23:45:39.121+0000] {standard_task_runner.py:63} INFO - Started process 3384 to run task
[2024-05-07T23:45:39.121+0000] {standard_task_runner.py:90} INFO - Running: ['***', 'tasks', 'run', '5.1_orquestacion', 'tarea2', 'scheduled__2024-03-03T00:00:00+00:00', '--job-id', '194', '--raw', '--subdir', 'DAGS_FOLDER/051_orquestacion.py', '--cfg-path', '/tmp/tmpwx73ni36']
[2024-05-07T23:45:39.123+0000] {standard_task_runner.py:91} INFO - Job 194: Subtask tarea2
[2024-05-07T23:45:39.158+0000] {task_command.py:426} INFO - Running <TaskInstance: 5.1_orquestacion.tarea2 scheduled__2024-03-03T00:00:00+00:00 [running]> on host 521bf890d837
[2024-05-07T23:45:39.242+0000] {taskinstance.py:2648} INFO - Exporting env vars: AIRFLOW_CTX_DAG_OWNER='***' AIRFLOW_CTX_DAG_ID='5.1_orquestacion' AIRFLOW_CTX_TASK_ID='tarea2' AIRFLOW_CTX_EXECUTION_DATE='2024-03-03T00:00:00+00:00' AIRFLOW_CTX_TRY_NUMBER='1' AIRFLOW_CTX_DAG_RUN_ID='scheduled__2024-03-03T00:00:00+00:00'
[2024-05-07T23:45:39.243+0000] {taskinstance.py:430} INFO - ::endgroup::
[2024-05-07T23:45:39.252+0000] {subprocess.py:63} INFO - Tmp dir root location: /tmp
[2024-05-07T23:45:39.257+0000] {subprocess.py:75} INFO - Running command: ['/usr/bin/bash', '-c', "sleep 2 && echo 'Tarea 2'"]
[2024-05-07T23:45:39.267+0000] {subprocess.py:86} INFO - Output:
[2024-05-07T23:45:41.272+0000] {subprocess.py:93} INFO - Tarea 2
[2024-05-07T23:45:41.277+0000] {subprocess.py:97} INFO - Command exited with return code 0
[2024-05-07T23:45:41.278+0000] {taskinstance.py:441} INFO - ::group::Post task execution logs
[2024-05-07T23:45:41.411+0000] {taskinstance.py:1206} INFO - Marking task as SUCCESS. dag_id=5.1_orquestacion, task_id=tarea2, run_id=scheduled__2024-03-03T00:00:00+00:00, execution_date=20240303T000000, start_date=20240507T234539, end_date=20240507T234541
[2024-05-07T23:45:41.515+0000] {local_task_job_runner.py:240} INFO - Task exited with return code 0
[2024-05-07T23:45:41.599+0000] {taskinstance.py:3498} INFO - 2 downstream tasks scheduled from follow-on schedule check
[2024-05-07T23:45:41.602+0000] {local_task_job_runner.py:222} INFO - ::endgroup::
