[2024-05-07T23:40:53.062+0000] {local_task_job_runner.py:120} INFO - ::group::Pre task execution logs
[2024-05-07T23:40:53.091+0000] {taskinstance.py:2076} INFO - Dependencies all met for dep_context=non-requeueable deps ti=<TaskInstance: 5.1_orquestacion.tarea3 scheduled__2024-03-02T00:00:00+00:00 [queued]>
[2024-05-07T23:40:53.103+0000] {taskinstance.py:2076} INFO - Dependencies all met for dep_context=requeueable deps ti=<TaskInstance: 5.1_orquestacion.tarea3 scheduled__2024-03-02T00:00:00+00:00 [queued]>
[2024-05-07T23:40:53.104+0000] {taskinstance.py:2306} INFO - Starting attempt 1 of 1
[2024-05-07T23:40:53.123+0000] {taskinstance.py:2330} INFO - Executing <Task(BashOperator): tarea3> on 2024-03-02 00:00:00+00:00
[2024-05-07T23:40:53.129+0000] {warnings.py:110} WARNING - /home/***/.local/lib/python3.12/site-packages/***/task/task_runner/standard_task_runner.py:61: DeprecationWarning: This process (pid=2801) is multi-threaded, use of fork() may lead to deadlocks in the child.
  pid = os.fork()

[2024-05-07T23:40:53.130+0000] {standard_task_runner.py:90} INFO - Running: ['***', 'tasks', 'run', '5.1_orquestacion', 'tarea3', 'scheduled__2024-03-02T00:00:00+00:00', '--job-id', '64', '--raw', '--subdir', 'DAGS_FOLDER/051_orquestacion.py', '--cfg-path', '/tmp/tmpyzcsu1md']
[2024-05-07T23:40:53.131+0000] {standard_task_runner.py:63} INFO - Started process 2804 to run task
[2024-05-07T23:40:53.131+0000] {standard_task_runner.py:91} INFO - Job 64: Subtask tarea3
[2024-05-07T23:40:53.173+0000] {task_command.py:426} INFO - Running <TaskInstance: 5.1_orquestacion.tarea3 scheduled__2024-03-02T00:00:00+00:00 [running]> on host 521bf890d837
[2024-05-07T23:40:53.350+0000] {taskinstance.py:2648} INFO - Exporting env vars: AIRFLOW_CTX_DAG_OWNER='***' AIRFLOW_CTX_DAG_ID='5.1_orquestacion' AIRFLOW_CTX_TASK_ID='tarea3' AIRFLOW_CTX_EXECUTION_DATE='2024-03-02T00:00:00+00:00' AIRFLOW_CTX_TRY_NUMBER='1' AIRFLOW_CTX_DAG_RUN_ID='scheduled__2024-03-02T00:00:00+00:00'
[2024-05-07T23:40:53.351+0000] {taskinstance.py:430} INFO - ::endgroup::
[2024-05-07T23:40:53.364+0000] {subprocess.py:63} INFO - Tmp dir root location: /tmp
[2024-05-07T23:40:53.366+0000] {subprocess.py:75} INFO - Running command: ['/usr/bin/bash', '-c', "sleep 2 && echo 'Tarea 3'"]
[2024-05-07T23:40:53.376+0000] {subprocess.py:86} INFO - Output:
[2024-05-07T23:40:55.379+0000] {subprocess.py:93} INFO - Tarea 3
[2024-05-07T23:40:55.389+0000] {subprocess.py:97} INFO - Command exited with return code 0
[2024-05-07T23:40:55.395+0000] {taskinstance.py:441} INFO - ::group::Post task execution logs
[2024-05-07T23:40:55.548+0000] {taskinstance.py:1206} INFO - Marking task as SUCCESS. dag_id=5.1_orquestacion, task_id=tarea3, run_id=scheduled__2024-03-02T00:00:00+00:00, execution_date=20240302T000000, start_date=20240507T234053, end_date=20240507T234055
[2024-05-07T23:40:56.042+0000] {local_task_job_runner.py:240} INFO - Task exited with return code 0
[2024-05-07T23:40:56.057+0000] {taskinstance.py:3498} INFO - 0 downstream tasks scheduled from follow-on schedule check
[2024-05-07T23:40:56.063+0000] {local_task_job_runner.py:222} INFO - ::endgroup::
[2024-05-07T23:45:31.721+0000] {local_task_job_runner.py:120} INFO - ::group::Pre task execution logs
[2024-05-07T23:45:31.749+0000] {taskinstance.py:2076} INFO - Dependencies all met for dep_context=non-requeueable deps ti=<TaskInstance: 5.1_orquestacion.tarea3 scheduled__2024-03-02T00:00:00+00:00 [queued]>
[2024-05-07T23:45:31.760+0000] {taskinstance.py:2076} INFO - Dependencies all met for dep_context=requeueable deps ti=<TaskInstance: 5.1_orquestacion.tarea3 scheduled__2024-03-02T00:00:00+00:00 [queued]>
[2024-05-07T23:45:31.761+0000] {taskinstance.py:2306} INFO - Starting attempt 1 of 1
[2024-05-07T23:45:31.777+0000] {taskinstance.py:2330} INFO - Executing <Task(BashOperator): tarea3> on 2024-03-02 00:00:00+00:00
[2024-05-07T23:45:31.784+0000] {warnings.py:110} WARNING - /home/***/.local/lib/python3.12/site-packages/***/task/task_runner/standard_task_runner.py:61: DeprecationWarning: This process (pid=3372) is multi-threaded, use of fork() may lead to deadlocks in the child.
  pid = os.fork()

[2024-05-07T23:45:31.785+0000] {standard_task_runner.py:63} INFO - Started process 3374 to run task
[2024-05-07T23:45:31.785+0000] {standard_task_runner.py:90} INFO - Running: ['***', 'tasks', 'run', '5.1_orquestacion', 'tarea3', 'scheduled__2024-03-02T00:00:00+00:00', '--job-id', '192', '--raw', '--subdir', 'DAGS_FOLDER/051_orquestacion.py', '--cfg-path', '/tmp/tmp7y_hfn25']
[2024-05-07T23:45:31.787+0000] {standard_task_runner.py:91} INFO - Job 192: Subtask tarea3
[2024-05-07T23:45:31.838+0000] {task_command.py:426} INFO - Running <TaskInstance: 5.1_orquestacion.tarea3 scheduled__2024-03-02T00:00:00+00:00 [running]> on host 521bf890d837
[2024-05-07T23:45:31.961+0000] {taskinstance.py:2648} INFO - Exporting env vars: AIRFLOW_CTX_DAG_OWNER='***' AIRFLOW_CTX_DAG_ID='5.1_orquestacion' AIRFLOW_CTX_TASK_ID='tarea3' AIRFLOW_CTX_EXECUTION_DATE='2024-03-02T00:00:00+00:00' AIRFLOW_CTX_TRY_NUMBER='1' AIRFLOW_CTX_DAG_RUN_ID='scheduled__2024-03-02T00:00:00+00:00'
[2024-05-07T23:45:31.963+0000] {taskinstance.py:430} INFO - ::endgroup::
[2024-05-07T23:45:31.980+0000] {subprocess.py:63} INFO - Tmp dir root location: /tmp
[2024-05-07T23:45:31.981+0000] {subprocess.py:75} INFO - Running command: ['/usr/bin/bash', '-c', "sleep 2 && echo 'Tarea 3'"]
[2024-05-07T23:45:31.990+0000] {subprocess.py:86} INFO - Output:
[2024-05-07T23:45:33.995+0000] {subprocess.py:93} INFO - Tarea 3
[2024-05-07T23:45:34.000+0000] {subprocess.py:97} INFO - Command exited with return code 0
[2024-05-07T23:45:34.006+0000] {taskinstance.py:441} INFO - ::group::Post task execution logs
[2024-05-07T23:45:34.086+0000] {taskinstance.py:1206} INFO - Marking task as SUCCESS. dag_id=5.1_orquestacion, task_id=tarea3, run_id=scheduled__2024-03-02T00:00:00+00:00, execution_date=20240302T000000, start_date=20240507T234531, end_date=20240507T234534
[2024-05-07T23:45:34.130+0000] {local_task_job_runner.py:240} INFO - Task exited with return code 0
[2024-05-07T23:45:34.139+0000] {local_task_job_runner.py:222} INFO - ::endgroup::
