[2024-05-10T05:58:39.046+0000] {local_task_job_runner.py:120} INFO - ::group::Pre task execution logs
[2024-05-10T05:58:39.066+0000] {taskinstance.py:2076} INFO - Dependencies all met for dep_context=non-requeueable deps ti=<TaskInstance: Proyecto_SpaceX.Lectura_Datos scheduled__2024-03-01T00:00:00+00:00 [queued]>
[2024-05-10T05:58:39.073+0000] {taskinstance.py:2076} INFO - Dependencies all met for dep_context=requeueable deps ti=<TaskInstance: Proyecto_SpaceX.Lectura_Datos scheduled__2024-03-01T00:00:00+00:00 [queued]>
[2024-05-10T05:58:39.074+0000] {taskinstance.py:2306} INFO - Starting attempt 5 of 5
[2024-05-10T05:58:39.207+0000] {taskinstance.py:2330} INFO - Executing <Task(BashOperator): Lectura_Datos> on 2024-03-01 00:00:00+00:00
[2024-05-10T05:58:39.214+0000] {warnings.py:110} WARNING - /home/***/.local/lib/python3.12/site-packages/***/task/task_runner/standard_task_runner.py:61: DeprecationWarning: This process (pid=884) is multi-threaded, use of fork() may lead to deadlocks in the child.
  pid = os.fork()

[2024-05-10T05:58:39.215+0000] {standard_task_runner.py:63} INFO - Started process 886 to run task
[2024-05-10T05:58:39.215+0000] {standard_task_runner.py:90} INFO - Running: ['***', 'tasks', 'run', 'Proyecto_SpaceX', 'Lectura_Datos', 'scheduled__2024-03-01T00:00:00+00:00', '--job-id', '1089', '--raw', '--subdir', 'DAGS_FOLDER/Proyecto_SpaceX.py', '--cfg-path', '/tmp/tmpfk6h5cyj']
[2024-05-10T05:58:39.217+0000] {standard_task_runner.py:91} INFO - Job 1089: Subtask Lectura_Datos
[2024-05-10T05:58:39.258+0000] {task_command.py:426} INFO - Running <TaskInstance: Proyecto_SpaceX.Lectura_Datos scheduled__2024-03-01T00:00:00+00:00 [running]> on host 1b7f0b10dd99
[2024-05-10T05:58:39.321+0000] {taskinstance.py:2648} INFO - Exporting env vars: AIRFLOW_CTX_DAG_OWNER='***' AIRFLOW_CTX_DAG_ID='Proyecto_SpaceX' AIRFLOW_CTX_TASK_ID='Lectura_Datos' AIRFLOW_CTX_EXECUTION_DATE='2024-03-01T00:00:00+00:00' AIRFLOW_CTX_TRY_NUMBER='5' AIRFLOW_CTX_DAG_RUN_ID='scheduled__2024-03-01T00:00:00+00:00'
[2024-05-10T05:58:39.322+0000] {taskinstance.py:430} INFO - ::endgroup::
[2024-05-10T05:58:39.333+0000] {subprocess.py:63} INFO - Tmp dir root location: /tmp
[2024-05-10T05:58:39.334+0000] {subprocess.py:75} INFO - Running command: ['/usr/bin/bash', '-c', 'ls /tmp && head /tmp/response_20240301.txt']
[2024-05-10T05:58:39.343+0000] {subprocess.py:86} INFO - Output:
[2024-05-10T05:58:39.346+0000] {subprocess.py:93} INFO - ***tmpel3myu38
[2024-05-10T05:58:39.346+0000] {subprocess.py:93} INFO - platzi_data_20240101.csv
[2024-05-10T05:58:39.347+0000] {subprocess.py:93} INFO - platzi_data_20240201.csv
[2024-05-10T05:58:39.348+0000] {subprocess.py:93} INFO - platzi_data_20240301.csv
[2024-05-10T05:58:39.349+0000] {subprocess.py:93} INFO - pymp-uyxtzsi7
[2024-05-10T05:58:39.350+0000] {subprocess.py:93} INFO - response_20240101.txt
[2024-05-10T05:58:39.351+0000] {subprocess.py:93} INFO - response_20240201.txt
[2024-05-10T05:58:39.352+0000] {subprocess.py:93} INFO - response_20240301.txt
[2024-05-10T05:58:39.353+0000] {subprocess.py:93} INFO - Confirmación, puede proceder
[2024-05-10T05:58:39.354+0000] {subprocess.py:97} INFO - Command exited with return code 0
[2024-05-10T05:58:39.356+0000] {taskinstance.py:441} INFO - ::group::Post task execution logs
[2024-05-10T05:58:39.376+0000] {taskinstance.py:1206} INFO - Marking task as SUCCESS. dag_id=Proyecto_SpaceX, task_id=Lectura_Datos, run_id=scheduled__2024-03-01T00:00:00+00:00, execution_date=20240301T000000, start_date=20240510T055839, end_date=20240510T055839
[2024-05-10T05:58:39.430+0000] {local_task_job_runner.py:240} INFO - Task exited with return code 0
[2024-05-10T05:58:39.452+0000] {taskinstance.py:3498} INFO - 2 downstream tasks scheduled from follow-on schedule check
[2024-05-10T05:58:39.466+0000] {local_task_job_runner.py:222} INFO - ::endgroup::
