[2024-05-09T20:02:12.049+0000] {local_task_job_runner.py:120} INFO - ::group::Pre task execution logs
[2024-05-09T20:02:12.074+0000] {taskinstance.py:2076} INFO - Dependencies all met for dep_context=non-requeueable deps ti=<TaskInstance: Proyecto_SpaceX.Lectura_Datos scheduled__2024-03-01T00:00:00+00:00 [queued]>
[2024-05-09T20:02:12.086+0000] {taskinstance.py:2076} INFO - Dependencies all met for dep_context=requeueable deps ti=<TaskInstance: Proyecto_SpaceX.Lectura_Datos scheduled__2024-03-01T00:00:00+00:00 [queued]>
[2024-05-09T20:02:12.087+0000] {taskinstance.py:2306} INFO - Starting attempt 3 of 3
[2024-05-09T20:02:12.256+0000] {taskinstance.py:2330} INFO - Executing <Task(BashOperator): Lectura_Datos> on 2024-03-01 00:00:00+00:00
[2024-05-09T20:02:12.263+0000] {warnings.py:110} WARNING - /home/***/.local/lib/python3.12/site-packages/***/task/task_runner/standard_task_runner.py:61: DeprecationWarning: This process (pid=1262) is multi-threaded, use of fork() may lead to deadlocks in the child.
  pid = os.fork()

[2024-05-09T20:02:12.266+0000] {standard_task_runner.py:63} INFO - Started process 1264 to run task
[2024-05-09T20:02:12.264+0000] {standard_task_runner.py:90} INFO - Running: ['***', 'tasks', 'run', 'Proyecto_SpaceX', 'Lectura_Datos', 'scheduled__2024-03-01T00:00:00+00:00', '--job-id', '979', '--raw', '--subdir', 'DAGS_FOLDER/Proyecto_SpaceX.py', '--cfg-path', '/tmp/tmp0inlk3z2']
[2024-05-09T20:02:12.266+0000] {standard_task_runner.py:91} INFO - Job 979: Subtask Lectura_Datos
[2024-05-09T20:02:12.312+0000] {task_command.py:426} INFO - Running <TaskInstance: Proyecto_SpaceX.Lectura_Datos scheduled__2024-03-01T00:00:00+00:00 [running]> on host 7a81a983afb0
[2024-05-09T20:02:12.390+0000] {taskinstance.py:2648} INFO - Exporting env vars: AIRFLOW_CTX_DAG_OWNER='***' AIRFLOW_CTX_DAG_ID='Proyecto_SpaceX' AIRFLOW_CTX_TASK_ID='Lectura_Datos' AIRFLOW_CTX_EXECUTION_DATE='2024-03-01T00:00:00+00:00' AIRFLOW_CTX_TRY_NUMBER='3' AIRFLOW_CTX_DAG_RUN_ID='scheduled__2024-03-01T00:00:00+00:00'
[2024-05-09T20:02:12.392+0000] {taskinstance.py:430} INFO - ::endgroup::
[2024-05-09T20:02:12.405+0000] {subprocess.py:63} INFO - Tmp dir root location: /tmp
[2024-05-09T20:02:12.406+0000] {subprocess.py:75} INFO - Running command: ['/usr/bin/bash', '-c', 'ls /tmp && head /tmp/response_20240301.txt']
[2024-05-09T20:02:12.416+0000] {subprocess.py:86} INFO - Output:
[2024-05-09T20:02:12.419+0000] {subprocess.py:93} INFO - ***tmp6i90bxz7
[2024-05-09T20:02:12.420+0000] {subprocess.py:93} INFO - platzi_data_20240101.csv
[2024-05-09T20:02:12.420+0000] {subprocess.py:93} INFO - platzi_data_20240201.csv
[2024-05-09T20:02:12.420+0000] {subprocess.py:93} INFO - platzi_data_20240301.csv
[2024-05-09T20:02:12.421+0000] {subprocess.py:93} INFO - pymp-lgtt6ocg
[2024-05-09T20:02:12.421+0000] {subprocess.py:93} INFO - response_20240101.txt
[2024-05-09T20:02:12.421+0000] {subprocess.py:93} INFO - response_20240201.txt
[2024-05-09T20:02:12.422+0000] {subprocess.py:93} INFO - response_20240301.txt
[2024-05-09T20:02:12.422+0000] {subprocess.py:93} INFO - Confirmación, puede proceder
[2024-05-09T20:02:12.422+0000] {subprocess.py:97} INFO - Command exited with return code 0
[2024-05-09T20:02:12.423+0000] {taskinstance.py:441} INFO - ::group::Post task execution logs
[2024-05-09T20:02:12.444+0000] {taskinstance.py:1206} INFO - Marking task as SUCCESS. dag_id=Proyecto_SpaceX, task_id=Lectura_Datos, run_id=scheduled__2024-03-01T00:00:00+00:00, execution_date=20240301T000000, start_date=20240509T200212, end_date=20240509T200212
[2024-05-09T20:02:12.480+0000] {local_task_job_runner.py:240} INFO - Task exited with return code 0
[2024-05-09T20:02:12.488+0000] {local_task_job_runner.py:222} INFO - ::endgroup::
[2024-05-10T05:45:51.416+0000] {local_task_job_runner.py:120} INFO - ::group::Pre task execution logs
[2024-05-10T05:45:51.455+0000] {taskinstance.py:2076} INFO - Dependencies all met for dep_context=non-requeueable deps ti=<TaskInstance: Proyecto_SpaceX.Lectura_Datos scheduled__2024-03-01T00:00:00+00:00 [queued]>
[2024-05-10T05:45:51.466+0000] {taskinstance.py:2076} INFO - Dependencies all met for dep_context=requeueable deps ti=<TaskInstance: Proyecto_SpaceX.Lectura_Datos scheduled__2024-03-01T00:00:00+00:00 [queued]>
[2024-05-10T05:45:51.468+0000] {taskinstance.py:2306} INFO - Starting attempt 3 of 3
[2024-05-10T05:45:51.655+0000] {taskinstance.py:2330} INFO - Executing <Task(BashOperator): Lectura_Datos> on 2024-03-01 00:00:00+00:00
[2024-05-10T05:45:51.667+0000] {warnings.py:110} WARNING - /home/***/.local/lib/python3.12/site-packages/***/task/task_runner/standard_task_runner.py:61: DeprecationWarning: This process (pid=573) is multi-threaded, use of fork() may lead to deadlocks in the child.
  pid = os.fork()

[2024-05-10T05:45:51.669+0000] {standard_task_runner.py:63} INFO - Started process 575 to run task
[2024-05-10T05:45:51.669+0000] {standard_task_runner.py:90} INFO - Running: ['***', 'tasks', 'run', 'Proyecto_SpaceX', 'Lectura_Datos', 'scheduled__2024-03-01T00:00:00+00:00', '--job-id', '1053', '--raw', '--subdir', 'DAGS_FOLDER/Proyecto_SpaceX.py', '--cfg-path', '/tmp/tmpquuicr_k']
[2024-05-10T05:45:51.673+0000] {standard_task_runner.py:91} INFO - Job 1053: Subtask Lectura_Datos
[2024-05-10T05:45:51.750+0000] {task_command.py:426} INFO - Running <TaskInstance: Proyecto_SpaceX.Lectura_Datos scheduled__2024-03-01T00:00:00+00:00 [running]> on host 1b7f0b10dd99
[2024-05-10T05:45:51.847+0000] {taskinstance.py:2648} INFO - Exporting env vars: AIRFLOW_CTX_DAG_OWNER='***' AIRFLOW_CTX_DAG_ID='Proyecto_SpaceX' AIRFLOW_CTX_TASK_ID='Lectura_Datos' AIRFLOW_CTX_EXECUTION_DATE='2024-03-01T00:00:00+00:00' AIRFLOW_CTX_TRY_NUMBER='3' AIRFLOW_CTX_DAG_RUN_ID='scheduled__2024-03-01T00:00:00+00:00'
[2024-05-10T05:45:51.849+0000] {taskinstance.py:430} INFO - ::endgroup::
[2024-05-10T05:45:51.866+0000] {subprocess.py:63} INFO - Tmp dir root location: /tmp
[2024-05-10T05:45:51.870+0000] {subprocess.py:75} INFO - Running command: ['/usr/bin/bash', '-c', 'ls /tmp && head /tmp/response_20240301.txt']
[2024-05-10T05:45:51.884+0000] {subprocess.py:86} INFO - Output:
[2024-05-10T05:45:51.887+0000] {subprocess.py:93} INFO - ***tmp8m6tg21u
[2024-05-10T05:45:51.889+0000] {subprocess.py:93} INFO - platzi_data_20240101.csv
[2024-05-10T05:45:51.891+0000] {subprocess.py:93} INFO - platzi_data_20240201.csv
[2024-05-10T05:45:51.894+0000] {subprocess.py:93} INFO - platzi_data_20240301.csv
[2024-05-10T05:45:51.895+0000] {subprocess.py:93} INFO - pymp-uyxtzsi7
[2024-05-10T05:45:51.906+0000] {subprocess.py:93} INFO - response_20240101.txt
[2024-05-10T05:45:51.907+0000] {subprocess.py:93} INFO - response_20240201.txt
[2024-05-10T05:45:51.911+0000] {subprocess.py:93} INFO - response_20240301.txt
[2024-05-10T05:45:51.913+0000] {subprocess.py:93} INFO - Confirmación, puede proceder
[2024-05-10T05:45:51.914+0000] {subprocess.py:97} INFO - Command exited with return code 0
[2024-05-10T05:45:51.916+0000] {taskinstance.py:441} INFO - ::group::Post task execution logs
[2024-05-10T05:45:51.946+0000] {taskinstance.py:1206} INFO - Marking task as SUCCESS. dag_id=Proyecto_SpaceX, task_id=Lectura_Datos, run_id=scheduled__2024-03-01T00:00:00+00:00, execution_date=20240301T000000, start_date=20240510T054551, end_date=20240510T054551
[2024-05-10T05:45:52.006+0000] {local_task_job_runner.py:240} INFO - Task exited with return code 0
[2024-05-10T05:45:52.046+0000] {taskinstance.py:3498} INFO - 2 downstream tasks scheduled from follow-on schedule check
[2024-05-10T05:45:52.051+0000] {local_task_job_runner.py:222} INFO - ::endgroup::
