[2024-05-09T19:45:38.144+0000] {local_task_job_runner.py:120} INFO - ::group::Pre task execution logs
[2024-05-09T19:45:38.163+0000] {taskinstance.py:2076} INFO - Dependencies all met for dep_context=non-requeueable deps ti=<TaskInstance: Proyecto_SpaceX.Lectura_Datos scheduled__2024-03-01T00:00:00+00:00 [queued]>
[2024-05-09T19:45:38.172+0000] {taskinstance.py:2076} INFO - Dependencies all met for dep_context=requeueable deps ti=<TaskInstance: Proyecto_SpaceX.Lectura_Datos scheduled__2024-03-01T00:00:00+00:00 [queued]>
[2024-05-09T19:45:38.173+0000] {taskinstance.py:2306} INFO - Starting attempt 2 of 2
[2024-05-09T19:45:38.296+0000] {taskinstance.py:2330} INFO - Executing <Task(BashOperator): Lectura_Datos> on 2024-03-01 00:00:00+00:00
[2024-05-09T19:45:38.303+0000] {warnings.py:110} WARNING - /home/***/.local/lib/python3.12/site-packages/***/task/task_runner/standard_task_runner.py:61: DeprecationWarning: This process (pid=973) is multi-threaded, use of fork() may lead to deadlocks in the child.
  pid = os.fork()

[2024-05-09T19:45:38.304+0000] {standard_task_runner.py:63} INFO - Started process 975 to run task
[2024-05-09T19:45:38.304+0000] {standard_task_runner.py:90} INFO - Running: ['***', 'tasks', 'run', 'Proyecto_SpaceX', 'Lectura_Datos', 'scheduled__2024-03-01T00:00:00+00:00', '--job-id', '961', '--raw', '--subdir', 'DAGS_FOLDER/Proyecto_SpaceX.py', '--cfg-path', '/tmp/tmp2gt_y03r']
[2024-05-09T19:45:38.306+0000] {standard_task_runner.py:91} INFO - Job 961: Subtask Lectura_Datos
[2024-05-09T19:45:38.348+0000] {task_command.py:426} INFO - Running <TaskInstance: Proyecto_SpaceX.Lectura_Datos scheduled__2024-03-01T00:00:00+00:00 [running]> on host 7a81a983afb0
[2024-05-09T19:45:38.408+0000] {taskinstance.py:2648} INFO - Exporting env vars: AIRFLOW_CTX_DAG_OWNER='***' AIRFLOW_CTX_DAG_ID='Proyecto_SpaceX' AIRFLOW_CTX_TASK_ID='Lectura_Datos' AIRFLOW_CTX_EXECUTION_DATE='2024-03-01T00:00:00+00:00' AIRFLOW_CTX_TRY_NUMBER='2' AIRFLOW_CTX_DAG_RUN_ID='scheduled__2024-03-01T00:00:00+00:00'
[2024-05-09T19:45:38.410+0000] {taskinstance.py:430} INFO - ::endgroup::
[2024-05-09T19:45:38.420+0000] {subprocess.py:63} INFO - Tmp dir root location: /tmp
[2024-05-09T19:45:38.422+0000] {subprocess.py:75} INFO - Running command: ['/usr/bin/bash', '-c', 'ls /tmp && head /tmp/response_20240301.txt']
[2024-05-09T19:45:38.432+0000] {subprocess.py:86} INFO - Output:
[2024-05-09T19:45:38.435+0000] {subprocess.py:93} INFO - ***tmpezeii66b
[2024-05-09T19:45:38.435+0000] {subprocess.py:93} INFO - platzi_data_20240101.csv
[2024-05-09T19:45:38.436+0000] {subprocess.py:93} INFO - platzi_data_20240201.csv
[2024-05-09T19:45:38.437+0000] {subprocess.py:93} INFO - platzi_data_20240301.csv
[2024-05-09T19:45:38.439+0000] {subprocess.py:93} INFO - pymp-lgtt6ocg
[2024-05-09T19:45:38.440+0000] {subprocess.py:93} INFO - response_20240101.txt
[2024-05-09T19:45:38.441+0000] {subprocess.py:93} INFO - response_20240201.txt
[2024-05-09T19:45:38.441+0000] {subprocess.py:93} INFO - response_20240301.txt
[2024-05-09T19:45:38.442+0000] {subprocess.py:93} INFO - Confirmación, puede proceder
[2024-05-09T19:45:38.442+0000] {subprocess.py:97} INFO - Command exited with return code 0
[2024-05-09T19:45:38.443+0000] {taskinstance.py:441} INFO - ::group::Post task execution logs
[2024-05-09T19:45:38.461+0000] {taskinstance.py:1206} INFO - Marking task as SUCCESS. dag_id=Proyecto_SpaceX, task_id=Lectura_Datos, run_id=scheduled__2024-03-01T00:00:00+00:00, execution_date=20240301T000000, start_date=20240509T194538, end_date=20240509T194538
[2024-05-09T19:45:38.479+0000] {local_task_job_runner.py:240} INFO - Task exited with return code 0
[2024-05-09T19:45:38.497+0000] {taskinstance.py:3498} INFO - 2 downstream tasks scheduled from follow-on schedule check
[2024-05-09T19:45:38.502+0000] {local_task_job_runner.py:222} INFO - ::endgroup::
[2024-05-10T05:22:19.975+0000] {local_task_job_runner.py:120} INFO - ::group::Pre task execution logs
[2024-05-10T05:22:19.998+0000] {taskinstance.py:2076} INFO - Dependencies all met for dep_context=non-requeueable deps ti=<TaskInstance: Proyecto_SpaceX.Lectura_Datos scheduled__2024-03-01T00:00:00+00:00 [queued]>
[2024-05-10T05:22:20.007+0000] {taskinstance.py:2076} INFO - Dependencies all met for dep_context=requeueable deps ti=<TaskInstance: Proyecto_SpaceX.Lectura_Datos scheduled__2024-03-01T00:00:00+00:00 [queued]>
[2024-05-10T05:22:20.007+0000] {taskinstance.py:2306} INFO - Starting attempt 2 of 2
[2024-05-10T05:22:20.174+0000] {taskinstance.py:2330} INFO - Executing <Task(BashOperator): Lectura_Datos> on 2024-03-01 00:00:00+00:00
[2024-05-10T05:22:20.181+0000] {warnings.py:110} WARNING - /home/***/.local/lib/python3.12/site-packages/***/task/task_runner/standard_task_runner.py:61: DeprecationWarning: This process (pid=199) is multi-threaded, use of fork() may lead to deadlocks in the child.
  pid = os.fork()

[2024-05-10T05:22:20.183+0000] {standard_task_runner.py:63} INFO - Started process 201 to run task
[2024-05-10T05:22:20.182+0000] {standard_task_runner.py:90} INFO - Running: ['***', 'tasks', 'run', 'Proyecto_SpaceX', 'Lectura_Datos', 'scheduled__2024-03-01T00:00:00+00:00', '--job-id', '1035', '--raw', '--subdir', 'DAGS_FOLDER/Proyecto_SpaceX.py', '--cfg-path', '/tmp/tmpru6b7qnm']
[2024-05-10T05:22:20.185+0000] {standard_task_runner.py:91} INFO - Job 1035: Subtask Lectura_Datos
[2024-05-10T05:22:20.235+0000] {task_command.py:426} INFO - Running <TaskInstance: Proyecto_SpaceX.Lectura_Datos scheduled__2024-03-01T00:00:00+00:00 [running]> on host 1b7f0b10dd99
[2024-05-10T05:22:20.314+0000] {taskinstance.py:2648} INFO - Exporting env vars: AIRFLOW_CTX_DAG_OWNER='***' AIRFLOW_CTX_DAG_ID='Proyecto_SpaceX' AIRFLOW_CTX_TASK_ID='Lectura_Datos' AIRFLOW_CTX_EXECUTION_DATE='2024-03-01T00:00:00+00:00' AIRFLOW_CTX_TRY_NUMBER='2' AIRFLOW_CTX_DAG_RUN_ID='scheduled__2024-03-01T00:00:00+00:00'
[2024-05-10T05:22:20.316+0000] {taskinstance.py:430} INFO - ::endgroup::
[2024-05-10T05:22:20.330+0000] {subprocess.py:63} INFO - Tmp dir root location: /tmp
[2024-05-10T05:22:20.331+0000] {subprocess.py:75} INFO - Running command: ['/usr/bin/bash', '-c', 'ls /tmp && head /tmp/response_20240301.txt']
[2024-05-10T05:22:20.341+0000] {subprocess.py:86} INFO - Output:
[2024-05-10T05:22:20.344+0000] {subprocess.py:93} INFO - ***tmpdfbw0mtu
[2024-05-10T05:22:20.345+0000] {subprocess.py:93} INFO - platzi_data_20240101.csv
[2024-05-10T05:22:20.346+0000] {subprocess.py:93} INFO - platzi_data_20240201.csv
[2024-05-10T05:22:20.347+0000] {subprocess.py:93} INFO - pymp-uyxtzsi7
[2024-05-10T05:22:20.347+0000] {subprocess.py:93} INFO - response_20240101.txt
[2024-05-10T05:22:20.348+0000] {subprocess.py:93} INFO - response_20240201.txt
[2024-05-10T05:22:20.349+0000] {subprocess.py:93} INFO - response_20240301.txt
[2024-05-10T05:22:20.350+0000] {subprocess.py:93} INFO - Confirmación, puede proceder
[2024-05-10T05:22:20.351+0000] {subprocess.py:97} INFO - Command exited with return code 0
[2024-05-10T05:22:20.352+0000] {taskinstance.py:441} INFO - ::group::Post task execution logs
[2024-05-10T05:22:20.374+0000] {taskinstance.py:1206} INFO - Marking task as SUCCESS. dag_id=Proyecto_SpaceX, task_id=Lectura_Datos, run_id=scheduled__2024-03-01T00:00:00+00:00, execution_date=20240301T000000, start_date=20240510T052219, end_date=20240510T052220
[2024-05-10T05:22:20.399+0000] {local_task_job_runner.py:240} INFO - Task exited with return code 0
[2024-05-10T05:22:20.407+0000] {local_task_job_runner.py:222} INFO - ::endgroup::
