[2024-05-09T20:20:38.705+0000] {local_task_job_runner.py:120} INFO - ::group::Pre task execution logs
[2024-05-09T20:20:38.723+0000] {taskinstance.py:2076} INFO - Dependencies all met for dep_context=non-requeueable deps ti=<TaskInstance: Proyecto_SpaceX.Lectura_Datos scheduled__2024-03-01T00:00:00+00:00 [queued]>
[2024-05-09T20:20:38.731+0000] {taskinstance.py:2076} INFO - Dependencies all met for dep_context=requeueable deps ti=<TaskInstance: Proyecto_SpaceX.Lectura_Datos scheduled__2024-03-01T00:00:00+00:00 [queued]>
[2024-05-09T20:20:38.732+0000] {taskinstance.py:2306} INFO - Starting attempt 4 of 4
[2024-05-09T20:20:38.865+0000] {taskinstance.py:2330} INFO - Executing <Task(BashOperator): Lectura_Datos> on 2024-03-01 00:00:00+00:00
[2024-05-09T20:20:38.871+0000] {warnings.py:110} WARNING - /home/***/.local/lib/python3.12/site-packages/***/task/task_runner/standard_task_runner.py:61: DeprecationWarning: This process (pid=1570) is multi-threaded, use of fork() may lead to deadlocks in the child.
  pid = os.fork()

[2024-05-09T20:20:38.872+0000] {standard_task_runner.py:63} INFO - Started process 1579 to run task
[2024-05-09T20:20:38.872+0000] {standard_task_runner.py:90} INFO - Running: ['***', 'tasks', 'run', 'Proyecto_SpaceX', 'Lectura_Datos', 'scheduled__2024-03-01T00:00:00+00:00', '--job-id', '997', '--raw', '--subdir', 'DAGS_FOLDER/Proyecto_SpaceX.py', '--cfg-path', '/tmp/tmpx1kac1y2']
[2024-05-09T20:20:38.874+0000] {standard_task_runner.py:91} INFO - Job 997: Subtask Lectura_Datos
[2024-05-09T20:20:38.914+0000] {task_command.py:426} INFO - Running <TaskInstance: Proyecto_SpaceX.Lectura_Datos scheduled__2024-03-01T00:00:00+00:00 [running]> on host 7a81a983afb0
[2024-05-09T20:20:38.977+0000] {taskinstance.py:2648} INFO - Exporting env vars: AIRFLOW_CTX_DAG_OWNER='***' AIRFLOW_CTX_DAG_ID='Proyecto_SpaceX' AIRFLOW_CTX_TASK_ID='Lectura_Datos' AIRFLOW_CTX_EXECUTION_DATE='2024-03-01T00:00:00+00:00' AIRFLOW_CTX_TRY_NUMBER='4' AIRFLOW_CTX_DAG_RUN_ID='scheduled__2024-03-01T00:00:00+00:00'
[2024-05-09T20:20:38.978+0000] {taskinstance.py:430} INFO - ::endgroup::
[2024-05-09T20:20:38.989+0000] {subprocess.py:63} INFO - Tmp dir root location: /tmp
[2024-05-09T20:20:38.990+0000] {subprocess.py:75} INFO - Running command: ['/usr/bin/bash', '-c', 'ls /tmp && head /tmp/response_20240301.txt']
[2024-05-09T20:20:38.998+0000] {subprocess.py:86} INFO - Output:
[2024-05-09T20:20:39.000+0000] {subprocess.py:93} INFO - ***tmpzlr7_qib
[2024-05-09T20:20:39.001+0000] {subprocess.py:93} INFO - platzi_data_20240101.csv
[2024-05-09T20:20:39.001+0000] {subprocess.py:93} INFO - platzi_data_20240201.csv
[2024-05-09T20:20:39.001+0000] {subprocess.py:93} INFO - platzi_data_20240301.csv
[2024-05-09T20:20:39.002+0000] {subprocess.py:93} INFO - pymp-lgtt6ocg
[2024-05-09T20:20:39.002+0000] {subprocess.py:93} INFO - response_20240101.txt
[2024-05-09T20:20:39.002+0000] {subprocess.py:93} INFO - response_20240201.txt
[2024-05-09T20:20:39.002+0000] {subprocess.py:93} INFO - response_20240301.txt
[2024-05-09T20:20:39.003+0000] {subprocess.py:93} INFO - Confirmación, puede proceder
[2024-05-09T20:20:39.003+0000] {subprocess.py:97} INFO - Command exited with return code 0
[2024-05-09T20:20:39.004+0000] {taskinstance.py:441} INFO - ::group::Post task execution logs
[2024-05-09T20:20:39.021+0000] {taskinstance.py:1206} INFO - Marking task as SUCCESS. dag_id=Proyecto_SpaceX, task_id=Lectura_Datos, run_id=scheduled__2024-03-01T00:00:00+00:00, execution_date=20240301T000000, start_date=20240509T202038, end_date=20240509T202039
[2024-05-09T20:20:39.047+0000] {local_task_job_runner.py:240} INFO - Task exited with return code 0
[2024-05-09T20:20:39.069+0000] {taskinstance.py:3498} INFO - 2 downstream tasks scheduled from follow-on schedule check
[2024-05-09T20:20:39.072+0000] {local_task_job_runner.py:222} INFO - ::endgroup::
[2024-05-10T05:55:34.915+0000] {local_task_job_runner.py:120} INFO - ::group::Pre task execution logs
[2024-05-10T05:55:34.934+0000] {taskinstance.py:2076} INFO - Dependencies all met for dep_context=non-requeueable deps ti=<TaskInstance: Proyecto_SpaceX.Lectura_Datos scheduled__2024-03-01T00:00:00+00:00 [queued]>
[2024-05-10T05:55:34.941+0000] {taskinstance.py:2076} INFO - Dependencies all met for dep_context=requeueable deps ti=<TaskInstance: Proyecto_SpaceX.Lectura_Datos scheduled__2024-03-01T00:00:00+00:00 [queued]>
[2024-05-10T05:55:34.941+0000] {taskinstance.py:2306} INFO - Starting attempt 4 of 4
[2024-05-10T05:55:35.125+0000] {taskinstance.py:2330} INFO - Executing <Task(BashOperator): Lectura_Datos> on 2024-03-01 00:00:00+00:00
[2024-05-10T05:55:35.132+0000] {warnings.py:110} WARNING - /home/***/.local/lib/python3.12/site-packages/***/task/task_runner/standard_task_runner.py:61: DeprecationWarning: This process (pid=767) is multi-threaded, use of fork() may lead to deadlocks in the child.
  pid = os.fork()

[2024-05-10T05:55:35.133+0000] {standard_task_runner.py:63} INFO - Started process 769 to run task
[2024-05-10T05:55:35.133+0000] {standard_task_runner.py:90} INFO - Running: ['***', 'tasks', 'run', 'Proyecto_SpaceX', 'Lectura_Datos', 'scheduled__2024-03-01T00:00:00+00:00', '--job-id', '1071', '--raw', '--subdir', 'DAGS_FOLDER/Proyecto_SpaceX.py', '--cfg-path', '/tmp/tmpv0d5plce']
[2024-05-10T05:55:35.136+0000] {standard_task_runner.py:91} INFO - Job 1071: Subtask Lectura_Datos
[2024-05-10T05:55:35.173+0000] {task_command.py:426} INFO - Running <TaskInstance: Proyecto_SpaceX.Lectura_Datos scheduled__2024-03-01T00:00:00+00:00 [running]> on host 1b7f0b10dd99
[2024-05-10T05:55:35.247+0000] {taskinstance.py:2648} INFO - Exporting env vars: AIRFLOW_CTX_DAG_OWNER='***' AIRFLOW_CTX_DAG_ID='Proyecto_SpaceX' AIRFLOW_CTX_TASK_ID='Lectura_Datos' AIRFLOW_CTX_EXECUTION_DATE='2024-03-01T00:00:00+00:00' AIRFLOW_CTX_TRY_NUMBER='4' AIRFLOW_CTX_DAG_RUN_ID='scheduled__2024-03-01T00:00:00+00:00'
[2024-05-10T05:55:35.249+0000] {taskinstance.py:430} INFO - ::endgroup::
[2024-05-10T05:55:35.263+0000] {subprocess.py:63} INFO - Tmp dir root location: /tmp
[2024-05-10T05:55:35.265+0000] {subprocess.py:75} INFO - Running command: ['/usr/bin/bash', '-c', 'ls /tmp && head /tmp/response_20240301.txt']
[2024-05-10T05:55:35.276+0000] {subprocess.py:86} INFO - Output:
[2024-05-10T05:55:35.278+0000] {subprocess.py:93} INFO - ***tmpz6b09rki
[2024-05-10T05:55:35.279+0000] {subprocess.py:93} INFO - platzi_data_20240101.csv
[2024-05-10T05:55:35.279+0000] {subprocess.py:93} INFO - platzi_data_20240201.csv
[2024-05-10T05:55:35.280+0000] {subprocess.py:93} INFO - platzi_data_20240301.csv
[2024-05-10T05:55:35.281+0000] {subprocess.py:93} INFO - pymp-uyxtzsi7
[2024-05-10T05:55:35.281+0000] {subprocess.py:93} INFO - response_20240101.txt
[2024-05-10T05:55:35.282+0000] {subprocess.py:93} INFO - response_20240201.txt
[2024-05-10T05:55:35.282+0000] {subprocess.py:93} INFO - response_20240301.txt
[2024-05-10T05:55:35.283+0000] {subprocess.py:93} INFO - Confirmación, puede proceder
[2024-05-10T05:55:35.283+0000] {subprocess.py:97} INFO - Command exited with return code 0
[2024-05-10T05:55:35.284+0000] {taskinstance.py:441} INFO - ::group::Post task execution logs
[2024-05-10T05:55:35.310+0000] {taskinstance.py:1206} INFO - Marking task as SUCCESS. dag_id=Proyecto_SpaceX, task_id=Lectura_Datos, run_id=scheduled__2024-03-01T00:00:00+00:00, execution_date=20240301T000000, start_date=20240510T055534, end_date=20240510T055535
[2024-05-10T05:55:35.348+0000] {local_task_job_runner.py:240} INFO - Task exited with return code 0
[2024-05-10T05:55:35.369+0000] {taskinstance.py:3498} INFO - 2 downstream tasks scheduled from follow-on schedule check
[2024-05-10T05:55:35.385+0000] {local_task_job_runner.py:222} INFO - ::endgroup::
