[2024-05-09T19:18:07.764+0000] {local_task_job_runner.py:120} INFO - ::group::Pre task execution logs
[2024-05-09T19:18:07.787+0000] {taskinstance.py:2076} INFO - Dependencies all met for dep_context=non-requeueable deps ti=<TaskInstance: Proyecto_SpaceX.Confirmacion_NASA scheduled__2024-03-01T00:00:00+00:00 [queued]>
[2024-05-09T19:18:07.794+0000] {taskinstance.py:2076} INFO - Dependencies all met for dep_context=requeueable deps ti=<TaskInstance: Proyecto_SpaceX.Confirmacion_NASA scheduled__2024-03-01T00:00:00+00:00 [queued]>
[2024-05-09T19:18:07.806+0000] {taskinstance.py:2306} INFO - Starting attempt 1 of 3
[2024-05-09T19:18:08.024+0000] {taskinstance.py:2330} INFO - Executing <Task(BashOperator): Confirmacion_NASA> on 2024-03-01 00:00:00+00:00
[2024-05-09T19:18:08.037+0000] {warnings.py:110} WARNING - /home/***/.local/lib/python3.12/site-packages/***/task/task_runner/standard_task_runner.py:61: DeprecationWarning: This process (pid=529) is multi-threaded, use of fork() may lead to deadlocks in the child.
  pid = os.fork()

[2024-05-09T19:18:08.039+0000] {standard_task_runner.py:63} INFO - Started process 531 to run task
[2024-05-09T19:18:08.039+0000] {standard_task_runner.py:90} INFO - Running: ['***', 'tasks', 'run', 'Proyecto_SpaceX', 'Confirmacion_NASA', 'scheduled__2024-03-01T00:00:00+00:00', '--job-id', '942', '--raw', '--subdir', 'DAGS_FOLDER/Proyecto_SpaceX.py', '--cfg-path', '/tmp/tmpo1s3_wsv']
[2024-05-09T19:18:08.043+0000] {standard_task_runner.py:91} INFO - Job 942: Subtask Confirmacion_NASA
[2024-05-09T19:18:08.246+0000] {task_command.py:426} INFO - Running <TaskInstance: Proyecto_SpaceX.Confirmacion_NASA scheduled__2024-03-01T00:00:00+00:00 [running]> on host 7a81a983afb0
[2024-05-09T19:18:08.667+0000] {taskinstance.py:2648} INFO - Exporting env vars: AIRFLOW_CTX_DAG_OWNER='***' AIRFLOW_CTX_DAG_ID='Proyecto_SpaceX' AIRFLOW_CTX_TASK_ID='Confirmacion_NASA' AIRFLOW_CTX_EXECUTION_DATE='2024-03-01T00:00:00+00:00' AIRFLOW_CTX_TRY_NUMBER='1' AIRFLOW_CTX_DAG_RUN_ID='scheduled__2024-03-01T00:00:00+00:00'
[2024-05-09T19:18:08.669+0000] {taskinstance.py:430} INFO - ::endgroup::
[2024-05-09T19:18:08.680+0000] {subprocess.py:63} INFO - Tmp dir root location: /tmp
[2024-05-09T19:18:08.681+0000] {subprocess.py:75} INFO - Running command: ['/usr/bin/bash', '-c', "sleep 20 && echo 'Confirmación, puede proceder' > /tmp/response_20240301.txt"]
[2024-05-09T19:18:08.690+0000] {subprocess.py:86} INFO - Output:
[2024-05-09T19:18:28.695+0000] {subprocess.py:97} INFO - Command exited with return code 0
[2024-05-09T19:18:28.697+0000] {taskinstance.py:441} INFO - ::group::Post task execution logs
[2024-05-09T19:18:29.145+0000] {taskinstance.py:1206} INFO - Marking task as SUCCESS. dag_id=Proyecto_SpaceX, task_id=Confirmacion_NASA, run_id=scheduled__2024-03-01T00:00:00+00:00, execution_date=20240301T000000, start_date=20240509T191807, end_date=20240509T191829
[2024-05-09T19:18:30.235+0000] {local_task_job_runner.py:240} INFO - Task exited with return code 0
[2024-05-09T19:18:30.257+0000] {taskinstance.py:3498} INFO - 1 downstream tasks scheduled from follow-on schedule check
[2024-05-09T19:18:31.034+0000] {local_task_job_runner.py:222} INFO - ::endgroup::
[2024-05-09T21:01:34.050+0000] {local_task_job_runner.py:120} INFO - ::group::Pre task execution logs
[2024-05-09T21:01:34.070+0000] {taskinstance.py:2076} INFO - Dependencies all met for dep_context=non-requeueable deps ti=<TaskInstance: Proyecto_SpaceX.Confirmacion_NASA scheduled__2024-03-01T00:00:00+00:00 [queued]>
[2024-05-09T21:01:34.079+0000] {taskinstance.py:2076} INFO - Dependencies all met for dep_context=requeueable deps ti=<TaskInstance: Proyecto_SpaceX.Confirmacion_NASA scheduled__2024-03-01T00:00:00+00:00 [queued]>
[2024-05-09T21:01:34.080+0000] {taskinstance.py:2306} INFO - Starting attempt 1 of 3
[2024-05-09T21:01:34.234+0000] {taskinstance.py:2330} INFO - Executing <Task(BashOperator): Confirmacion_NASA> on 2024-03-01 00:00:00+00:00
[2024-05-09T21:01:34.242+0000] {warnings.py:110} WARNING - /home/***/.local/lib/python3.12/site-packages/***/task/task_runner/standard_task_runner.py:61: DeprecationWarning: This process (pid=1872) is multi-threaded, use of fork() may lead to deadlocks in the child.
  pid = os.fork()

[2024-05-09T21:01:34.244+0000] {standard_task_runner.py:63} INFO - Started process 1874 to run task
[2024-05-09T21:01:34.243+0000] {standard_task_runner.py:90} INFO - Running: ['***', 'tasks', 'run', 'Proyecto_SpaceX', 'Confirmacion_NASA', 'scheduled__2024-03-01T00:00:00+00:00', '--job-id', '1014', '--raw', '--subdir', 'DAGS_FOLDER/Proyecto_SpaceX.py', '--cfg-path', '/tmp/tmps8rc5r24']
[2024-05-09T21:01:34.246+0000] {standard_task_runner.py:91} INFO - Job 1014: Subtask Confirmacion_NASA
[2024-05-09T21:01:34.299+0000] {task_command.py:426} INFO - Running <TaskInstance: Proyecto_SpaceX.Confirmacion_NASA scheduled__2024-03-01T00:00:00+00:00 [running]> on host 7a81a983afb0
[2024-05-09T21:01:34.387+0000] {taskinstance.py:2648} INFO - Exporting env vars: AIRFLOW_CTX_DAG_OWNER='***' AIRFLOW_CTX_DAG_ID='Proyecto_SpaceX' AIRFLOW_CTX_TASK_ID='Confirmacion_NASA' AIRFLOW_CTX_EXECUTION_DATE='2024-03-01T00:00:00+00:00' AIRFLOW_CTX_TRY_NUMBER='1' AIRFLOW_CTX_DAG_RUN_ID='scheduled__2024-03-01T00:00:00+00:00'
[2024-05-09T21:01:34.389+0000] {taskinstance.py:430} INFO - ::endgroup::
[2024-05-09T21:01:34.406+0000] {subprocess.py:63} INFO - Tmp dir root location: /tmp
[2024-05-09T21:01:34.407+0000] {subprocess.py:75} INFO - Running command: ['/usr/bin/bash', '-c', "sleep 20 && echo 'Confirmación, puede proceder' > /tmp/response_20240301.txt"]
[2024-05-09T21:01:34.417+0000] {subprocess.py:86} INFO - Output:
[2024-05-09T21:01:54.421+0000] {subprocess.py:97} INFO - Command exited with return code 0
[2024-05-09T21:01:54.423+0000] {taskinstance.py:441} INFO - ::group::Post task execution logs
[2024-05-09T21:01:54.452+0000] {taskinstance.py:1206} INFO - Marking task as SUCCESS. dag_id=Proyecto_SpaceX, task_id=Confirmacion_NASA, run_id=scheduled__2024-03-01T00:00:00+00:00, execution_date=20240301T000000, start_date=20240509T210134, end_date=20240509T210154
[2024-05-09T21:01:54.506+0000] {local_task_job_runner.py:240} INFO - Task exited with return code 0
[2024-05-09T21:01:54.533+0000] {taskinstance.py:3498} INFO - 1 downstream tasks scheduled from follow-on schedule check
[2024-05-09T21:01:54.538+0000] {local_task_job_runner.py:222} INFO - ::endgroup::
