[2024-05-09T20:01:49.987+0000] {local_task_job_runner.py:120} INFO - ::group::Pre task execution logs
[2024-05-09T20:01:50.003+0000] {taskinstance.py:2076} INFO - Dependencies all met for dep_context=non-requeueable deps ti=<TaskInstance: Proyecto_SpaceX.Confirmacion_NASA scheduled__2024-03-01T00:00:00+00:00 [queued]>
[2024-05-09T20:01:50.009+0000] {taskinstance.py:2076} INFO - Dependencies all met for dep_context=requeueable deps ti=<TaskInstance: Proyecto_SpaceX.Confirmacion_NASA scheduled__2024-03-01T00:00:00+00:00 [queued]>
[2024-05-09T20:01:50.010+0000] {taskinstance.py:2306} INFO - Starting attempt 3 of 5
[2024-05-09T20:01:50.134+0000] {taskinstance.py:2330} INFO - Executing <Task(BashOperator): Confirmacion_NASA> on 2024-03-01 00:00:00+00:00
[2024-05-09T20:01:50.141+0000] {warnings.py:110} WARNING - /home/***/.local/lib/python3.12/site-packages/***/task/task_runner/standard_task_runner.py:61: DeprecationWarning: This process (pid=1250) is multi-threaded, use of fork() may lead to deadlocks in the child.
  pid = os.fork()

[2024-05-09T20:01:50.142+0000] {standard_task_runner.py:63} INFO - Started process 1252 to run task
[2024-05-09T20:01:50.142+0000] {standard_task_runner.py:90} INFO - Running: ['***', 'tasks', 'run', 'Proyecto_SpaceX', 'Confirmacion_NASA', 'scheduled__2024-03-01T00:00:00+00:00', '--job-id', '978', '--raw', '--subdir', 'DAGS_FOLDER/Proyecto_SpaceX.py', '--cfg-path', '/tmp/tmpjw7txz48']
[2024-05-09T20:01:50.144+0000] {standard_task_runner.py:91} INFO - Job 978: Subtask Confirmacion_NASA
[2024-05-09T20:01:50.183+0000] {task_command.py:426} INFO - Running <TaskInstance: Proyecto_SpaceX.Confirmacion_NASA scheduled__2024-03-01T00:00:00+00:00 [running]> on host 7a81a983afb0
[2024-05-09T20:01:50.247+0000] {taskinstance.py:2648} INFO - Exporting env vars: AIRFLOW_CTX_DAG_OWNER='***' AIRFLOW_CTX_DAG_ID='Proyecto_SpaceX' AIRFLOW_CTX_TASK_ID='Confirmacion_NASA' AIRFLOW_CTX_EXECUTION_DATE='2024-03-01T00:00:00+00:00' AIRFLOW_CTX_TRY_NUMBER='3' AIRFLOW_CTX_DAG_RUN_ID='scheduled__2024-03-01T00:00:00+00:00'
[2024-05-09T20:01:50.248+0000] {taskinstance.py:430} INFO - ::endgroup::
[2024-05-09T20:01:50.258+0000] {subprocess.py:63} INFO - Tmp dir root location: /tmp
[2024-05-09T20:01:50.259+0000] {subprocess.py:75} INFO - Running command: ['/usr/bin/bash', '-c', "sleep 20 && echo 'Confirmación, puede proceder' > /tmp/response_20240301.txt"]
[2024-05-09T20:01:50.270+0000] {subprocess.py:86} INFO - Output:
[2024-05-09T20:02:10.273+0000] {subprocess.py:97} INFO - Command exited with return code 0
[2024-05-09T20:02:10.274+0000] {taskinstance.py:441} INFO - ::group::Post task execution logs
[2024-05-09T20:02:10.299+0000] {taskinstance.py:1206} INFO - Marking task as SUCCESS. dag_id=Proyecto_SpaceX, task_id=Confirmacion_NASA, run_id=scheduled__2024-03-01T00:00:00+00:00, execution_date=20240301T000000, start_date=20240509T200150, end_date=20240509T200210
[2024-05-09T20:02:10.326+0000] {local_task_job_runner.py:240} INFO - Task exited with return code 0
[2024-05-09T20:02:10.351+0000] {taskinstance.py:3498} INFO - 1 downstream tasks scheduled from follow-on schedule check
[2024-05-09T20:02:10.355+0000] {local_task_job_runner.py:222} INFO - ::endgroup::
[2024-05-10T05:45:28.970+0000] {local_task_job_runner.py:120} INFO - ::group::Pre task execution logs
[2024-05-10T05:45:28.995+0000] {taskinstance.py:2076} INFO - Dependencies all met for dep_context=non-requeueable deps ti=<TaskInstance: Proyecto_SpaceX.Confirmacion_NASA scheduled__2024-03-01T00:00:00+00:00 [queued]>
[2024-05-10T05:45:29.009+0000] {taskinstance.py:2076} INFO - Dependencies all met for dep_context=requeueable deps ti=<TaskInstance: Proyecto_SpaceX.Confirmacion_NASA scheduled__2024-03-01T00:00:00+00:00 [queued]>
[2024-05-10T05:45:29.010+0000] {taskinstance.py:2306} INFO - Starting attempt 3 of 5
[2024-05-10T05:45:29.192+0000] {taskinstance.py:2330} INFO - Executing <Task(BashOperator): Confirmacion_NASA> on 2024-03-01 00:00:00+00:00
[2024-05-10T05:45:29.201+0000] {warnings.py:110} WARNING - /home/***/.local/lib/python3.12/site-packages/***/task/task_runner/standard_task_runner.py:61: DeprecationWarning: This process (pid=561) is multi-threaded, use of fork() may lead to deadlocks in the child.
  pid = os.fork()

[2024-05-10T05:45:29.203+0000] {standard_task_runner.py:63} INFO - Started process 563 to run task
[2024-05-10T05:45:29.203+0000] {standard_task_runner.py:90} INFO - Running: ['***', 'tasks', 'run', 'Proyecto_SpaceX', 'Confirmacion_NASA', 'scheduled__2024-03-01T00:00:00+00:00', '--job-id', '1052', '--raw', '--subdir', 'DAGS_FOLDER/Proyecto_SpaceX.py', '--cfg-path', '/tmp/tmpc9_yhljz']
[2024-05-10T05:45:29.209+0000] {standard_task_runner.py:91} INFO - Job 1052: Subtask Confirmacion_NASA
[2024-05-10T05:45:29.274+0000] {task_command.py:426} INFO - Running <TaskInstance: Proyecto_SpaceX.Confirmacion_NASA scheduled__2024-03-01T00:00:00+00:00 [running]> on host 1b7f0b10dd99
[2024-05-10T05:45:29.373+0000] {taskinstance.py:2648} INFO - Exporting env vars: AIRFLOW_CTX_DAG_OWNER='***' AIRFLOW_CTX_DAG_ID='Proyecto_SpaceX' AIRFLOW_CTX_TASK_ID='Confirmacion_NASA' AIRFLOW_CTX_EXECUTION_DATE='2024-03-01T00:00:00+00:00' AIRFLOW_CTX_TRY_NUMBER='3' AIRFLOW_CTX_DAG_RUN_ID='scheduled__2024-03-01T00:00:00+00:00'
[2024-05-10T05:45:29.375+0000] {taskinstance.py:430} INFO - ::endgroup::
[2024-05-10T05:45:29.395+0000] {subprocess.py:63} INFO - Tmp dir root location: /tmp
[2024-05-10T05:45:29.397+0000] {subprocess.py:75} INFO - Running command: ['/usr/bin/bash', '-c', "sleep 20 && echo 'Confirmación, puede proceder' > /tmp/response_20240301.txt"]
[2024-05-10T05:45:29.415+0000] {subprocess.py:86} INFO - Output:
[2024-05-10T05:45:49.422+0000] {subprocess.py:97} INFO - Command exited with return code 0
[2024-05-10T05:45:49.423+0000] {taskinstance.py:441} INFO - ::group::Post task execution logs
[2024-05-10T05:45:49.455+0000] {taskinstance.py:1206} INFO - Marking task as SUCCESS. dag_id=Proyecto_SpaceX, task_id=Confirmacion_NASA, run_id=scheduled__2024-03-01T00:00:00+00:00, execution_date=20240301T000000, start_date=20240510T054528, end_date=20240510T054549
[2024-05-10T05:45:49.514+0000] {local_task_job_runner.py:240} INFO - Task exited with return code 0
[2024-05-10T05:45:49.573+0000] {taskinstance.py:3498} INFO - 1 downstream tasks scheduled from follow-on schedule check
[2024-05-10T05:45:49.579+0000] {local_task_job_runner.py:222} INFO - ::endgroup::
