[2024-05-08T19:54:56.447+0000] {local_task_job_runner.py:120} INFO - ::group::Pre task execution logs
[2024-05-08T19:54:56.470+0000] {taskinstance.py:2076} INFO - Dependencies all met for dep_context=non-requeueable deps ti=<TaskInstance: 7.3_filesensor.end_task scheduled__2022-07-12T00:00:00+00:00 [queued]>
[2024-05-08T19:54:56.478+0000] {taskinstance.py:2076} INFO - Dependencies all met for dep_context=requeueable deps ti=<TaskInstance: 7.3_filesensor.end_task scheduled__2022-07-12T00:00:00+00:00 [queued]>
[2024-05-08T19:54:56.479+0000] {taskinstance.py:2306} INFO - Starting attempt 1 of 1
[2024-05-08T19:54:56.491+0000] {taskinstance.py:2330} INFO - Executing <Task(BashOperator): end_task> on 2022-07-12 00:00:00+00:00
[2024-05-08T19:54:56.497+0000] {warnings.py:110} WARNING - /home/***/.local/lib/python3.12/site-packages/***/task/task_runner/standard_task_runner.py:61: DeprecationWarning: This process (pid=2344) is multi-threaded, use of fork() may lead to deadlocks in the child.
  pid = os.fork()

[2024-05-08T19:54:56.498+0000] {standard_task_runner.py:90} INFO - Running: ['***', 'tasks', 'run', '7.3_filesensor', 'end_task', 'scheduled__2022-07-12T00:00:00+00:00', '--job-id', '751', '--raw', '--subdir', 'DAGS_FOLDER/07_FileSensor.py', '--cfg-path', '/tmp/tmpm3m489bq']
[2024-05-08T19:54:56.499+0000] {standard_task_runner.py:63} INFO - Started process 2345 to run task
[2024-05-08T19:54:56.499+0000] {standard_task_runner.py:91} INFO - Job 751: Subtask end_task
[2024-05-08T19:54:56.537+0000] {task_command.py:426} INFO - Running <TaskInstance: 7.3_filesensor.end_task scheduled__2022-07-12T00:00:00+00:00 [running]> on host ccc314eb571d
[2024-05-08T19:54:56.624+0000] {taskinstance.py:2648} INFO - Exporting env vars: AIRFLOW_CTX_DAG_OWNER='***' AIRFLOW_CTX_DAG_ID='7.3_filesensor' AIRFLOW_CTX_TASK_ID='end_task' AIRFLOW_CTX_EXECUTION_DATE='2022-07-12T00:00:00+00:00' AIRFLOW_CTX_TRY_NUMBER='1' AIRFLOW_CTX_DAG_RUN_ID='scheduled__2022-07-12T00:00:00+00:00'
[2024-05-08T19:54:56.625+0000] {taskinstance.py:430} INFO - ::endgroup::
[2024-05-08T19:54:56.636+0000] {subprocess.py:63} INFO - Tmp dir root location: /tmp
[2024-05-08T19:54:56.637+0000] {subprocess.py:75} INFO - Running command: ['/usr/bin/bash', '-c', "echo 'El fichero ha llegado'"]
[2024-05-08T19:54:56.646+0000] {subprocess.py:86} INFO - Output:
[2024-05-08T19:54:56.647+0000] {subprocess.py:93} INFO - El fichero ha llegado
[2024-05-08T19:54:56.647+0000] {subprocess.py:97} INFO - Command exited with return code 0
[2024-05-08T19:54:56.648+0000] {taskinstance.py:441} INFO - ::group::Post task execution logs
[2024-05-08T19:54:56.666+0000] {taskinstance.py:1206} INFO - Marking task as SUCCESS. dag_id=7.3_filesensor, task_id=end_task, run_id=scheduled__2022-07-12T00:00:00+00:00, execution_date=20220712T000000, start_date=20240508T195456, end_date=20240508T195456
[2024-05-08T19:54:56.714+0000] {local_task_job_runner.py:240} INFO - Task exited with return code 0
[2024-05-08T19:54:56.725+0000] {taskinstance.py:3498} INFO - 0 downstream tasks scheduled from follow-on schedule check
[2024-05-08T19:54:56.729+0000] {local_task_job_runner.py:222} INFO - ::endgroup::
