[2024-05-07T23:41:33.421+0000] {local_task_job_runner.py:120} INFO - ::group::Pre task execution logs
[2024-05-07T23:41:33.455+0000] {taskinstance.py:2076} INFO - Dependencies all met for dep_context=non-requeueable deps ti=<TaskInstance: 5.1_orquestacion.tarea3 scheduled__2024-03-12T00:00:00+00:00 [queued]>
[2024-05-07T23:41:33.471+0000] {taskinstance.py:2076} INFO - Dependencies all met for dep_context=requeueable deps ti=<TaskInstance: 5.1_orquestacion.tarea3 scheduled__2024-03-12T00:00:00+00:00 [queued]>
[2024-05-07T23:41:33.472+0000] {taskinstance.py:2306} INFO - Starting attempt 1 of 1
[2024-05-07T23:41:33.489+0000] {taskinstance.py:2330} INFO - Executing <Task(BashOperator): tarea3> on 2024-03-12 00:00:00+00:00
[2024-05-07T23:41:33.496+0000] {warnings.py:110} WARNING - /home/***/.local/lib/python3.12/site-packages/***/task/task_runner/standard_task_runner.py:61: DeprecationWarning: This process (pid=2969) is multi-threaded, use of fork() may lead to deadlocks in the child.
  pid = os.fork()

[2024-05-07T23:41:33.498+0000] {standard_task_runner.py:63} INFO - Started process 2976 to run task
[2024-05-07T23:41:33.497+0000] {standard_task_runner.py:90} INFO - Running: ['***', 'tasks', 'run', '5.1_orquestacion', 'tarea3', 'scheduled__2024-03-12T00:00:00+00:00', '--job-id', '107', '--raw', '--subdir', 'DAGS_FOLDER/051_orquestacion.py', '--cfg-path', '/tmp/tmpyfi4ei84']
[2024-05-07T23:41:33.499+0000] {standard_task_runner.py:91} INFO - Job 107: Subtask tarea3
[2024-05-07T23:41:33.549+0000] {task_command.py:426} INFO - Running <TaskInstance: 5.1_orquestacion.tarea3 scheduled__2024-03-12T00:00:00+00:00 [running]> on host 521bf890d837
[2024-05-07T23:41:33.645+0000] {taskinstance.py:2648} INFO - Exporting env vars: AIRFLOW_CTX_DAG_OWNER='***' AIRFLOW_CTX_DAG_ID='5.1_orquestacion' AIRFLOW_CTX_TASK_ID='tarea3' AIRFLOW_CTX_EXECUTION_DATE='2024-03-12T00:00:00+00:00' AIRFLOW_CTX_TRY_NUMBER='1' AIRFLOW_CTX_DAG_RUN_ID='scheduled__2024-03-12T00:00:00+00:00'
[2024-05-07T23:41:33.646+0000] {taskinstance.py:430} INFO - ::endgroup::
[2024-05-07T23:41:33.661+0000] {subprocess.py:63} INFO - Tmp dir root location: /tmp
[2024-05-07T23:41:33.662+0000] {subprocess.py:75} INFO - Running command: ['/usr/bin/bash', '-c', "sleep 2 && echo 'Tarea 3'"]
[2024-05-07T23:41:33.671+0000] {subprocess.py:86} INFO - Output:
[2024-05-07T23:41:35.675+0000] {subprocess.py:93} INFO - Tarea 3
[2024-05-07T23:41:35.679+0000] {subprocess.py:97} INFO - Command exited with return code 0
[2024-05-07T23:41:35.688+0000] {taskinstance.py:441} INFO - ::group::Post task execution logs
[2024-05-07T23:41:35.829+0000] {taskinstance.py:1206} INFO - Marking task as SUCCESS. dag_id=5.1_orquestacion, task_id=tarea3, run_id=scheduled__2024-03-12T00:00:00+00:00, execution_date=20240312T000000, start_date=20240507T234133, end_date=20240507T234135
[2024-05-07T23:41:35.926+0000] {local_task_job_runner.py:240} INFO - Task exited with return code 0
[2024-05-07T23:41:35.935+0000] {local_task_job_runner.py:222} INFO - ::endgroup::
[2024-05-07T23:47:29.517+0000] {local_task_job_runner.py:120} INFO - ::group::Pre task execution logs
[2024-05-07T23:47:29.542+0000] {taskinstance.py:2076} INFO - Dependencies all met for dep_context=non-requeueable deps ti=<TaskInstance: 5.1_orquestacion.tarea3 scheduled__2024-03-12T00:00:00+00:00 [queued]>
[2024-05-07T23:47:29.552+0000] {taskinstance.py:2076} INFO - Dependencies all met for dep_context=requeueable deps ti=<TaskInstance: 5.1_orquestacion.tarea3 scheduled__2024-03-12T00:00:00+00:00 [queued]>
[2024-05-07T23:47:29.555+0000] {taskinstance.py:2306} INFO - Starting attempt 1 of 1
[2024-05-07T23:47:29.571+0000] {taskinstance.py:2330} INFO - Executing <Task(BashOperator): tarea3> on 2024-03-12 00:00:00+00:00
[2024-05-07T23:47:29.578+0000] {warnings.py:110} WARNING - /home/***/.local/lib/python3.12/site-packages/***/task/task_runner/standard_task_runner.py:61: DeprecationWarning: This process (pid=3553) is multi-threaded, use of fork() may lead to deadlocks in the child.
  pid = os.fork()

[2024-05-07T23:47:29.580+0000] {standard_task_runner.py:90} INFO - Running: ['***', 'tasks', 'run', '5.1_orquestacion', 'tarea3', 'scheduled__2024-03-12T00:00:00+00:00', '--job-id', '232', '--raw', '--subdir', 'DAGS_FOLDER/051_orquestacion.py', '--cfg-path', '/tmp/tmp4hos01hj']
[2024-05-07T23:47:29.582+0000] {standard_task_runner.py:63} INFO - Started process 3554 to run task
[2024-05-07T23:47:29.583+0000] {standard_task_runner.py:91} INFO - Job 232: Subtask tarea3
[2024-05-07T23:47:29.629+0000] {task_command.py:426} INFO - Running <TaskInstance: 5.1_orquestacion.tarea3 scheduled__2024-03-12T00:00:00+00:00 [running]> on host 521bf890d837
[2024-05-07T23:47:29.704+0000] {taskinstance.py:2648} INFO - Exporting env vars: AIRFLOW_CTX_DAG_OWNER='***' AIRFLOW_CTX_DAG_ID='5.1_orquestacion' AIRFLOW_CTX_TASK_ID='tarea3' AIRFLOW_CTX_EXECUTION_DATE='2024-03-12T00:00:00+00:00' AIRFLOW_CTX_TRY_NUMBER='1' AIRFLOW_CTX_DAG_RUN_ID='scheduled__2024-03-12T00:00:00+00:00'
[2024-05-07T23:47:29.711+0000] {taskinstance.py:430} INFO - ::endgroup::
[2024-05-07T23:47:29.723+0000] {subprocess.py:63} INFO - Tmp dir root location: /tmp
[2024-05-07T23:47:29.727+0000] {subprocess.py:75} INFO - Running command: ['/usr/bin/bash', '-c', "sleep 2 && echo 'Tarea 3'"]
[2024-05-07T23:47:29.735+0000] {subprocess.py:86} INFO - Output:
[2024-05-07T23:47:31.738+0000] {subprocess.py:93} INFO - Tarea 3
[2024-05-07T23:47:31.744+0000] {subprocess.py:97} INFO - Command exited with return code 0
[2024-05-07T23:47:31.746+0000] {taskinstance.py:441} INFO - ::group::Post task execution logs
[2024-05-07T23:47:31.770+0000] {taskinstance.py:1206} INFO - Marking task as SUCCESS. dag_id=5.1_orquestacion, task_id=tarea3, run_id=scheduled__2024-03-12T00:00:00+00:00, execution_date=20240312T000000, start_date=20240507T234729, end_date=20240507T234731
[2024-05-07T23:47:31.815+0000] {local_task_job_runner.py:240} INFO - Task exited with return code 0
[2024-05-07T23:47:31.824+0000] {local_task_job_runner.py:222} INFO - ::endgroup::
