[2024-05-07T23:41:29.483+0000] {local_task_job_runner.py:120} INFO - ::group::Pre task execution logs
[2024-05-07T23:41:29.515+0000] {taskinstance.py:2076} INFO - Dependencies all met for dep_context=non-requeueable deps ti=<TaskInstance: 5.1_orquestacion.tarea3 scheduled__2024-03-11T00:00:00+00:00 [queued]>
[2024-05-07T23:41:29.528+0000] {taskinstance.py:2076} INFO - Dependencies all met for dep_context=requeueable deps ti=<TaskInstance: 5.1_orquestacion.tarea3 scheduled__2024-03-11T00:00:00+00:00 [queued]>
[2024-05-07T23:41:29.529+0000] {taskinstance.py:2306} INFO - Starting attempt 1 of 1
[2024-05-07T23:41:29.554+0000] {taskinstance.py:2330} INFO - Executing <Task(BashOperator): tarea3> on 2024-03-11 00:00:00+00:00
[2024-05-07T23:41:29.561+0000] {warnings.py:110} WARNING - /home/***/.local/lib/python3.12/site-packages/***/task/task_runner/standard_task_runner.py:61: DeprecationWarning: This process (pid=2954) is multi-threaded, use of fork() may lead to deadlocks in the child.
  pid = os.fork()

[2024-05-07T23:41:29.563+0000] {standard_task_runner.py:63} INFO - Started process 2957 to run task
[2024-05-07T23:41:29.563+0000] {standard_task_runner.py:90} INFO - Running: ['***', 'tasks', 'run', '5.1_orquestacion', 'tarea3', 'scheduled__2024-03-11T00:00:00+00:00', '--job-id', '102', '--raw', '--subdir', 'DAGS_FOLDER/051_orquestacion.py', '--cfg-path', '/tmp/tmpenii6q1p']
[2024-05-07T23:41:29.564+0000] {standard_task_runner.py:91} INFO - Job 102: Subtask tarea3
[2024-05-07T23:41:29.614+0000] {task_command.py:426} INFO - Running <TaskInstance: 5.1_orquestacion.tarea3 scheduled__2024-03-11T00:00:00+00:00 [running]> on host 521bf890d837
[2024-05-07T23:41:29.704+0000] {taskinstance.py:2648} INFO - Exporting env vars: AIRFLOW_CTX_DAG_OWNER='***' AIRFLOW_CTX_DAG_ID='5.1_orquestacion' AIRFLOW_CTX_TASK_ID='tarea3' AIRFLOW_CTX_EXECUTION_DATE='2024-03-11T00:00:00+00:00' AIRFLOW_CTX_TRY_NUMBER='1' AIRFLOW_CTX_DAG_RUN_ID='scheduled__2024-03-11T00:00:00+00:00'
[2024-05-07T23:41:29.705+0000] {taskinstance.py:430} INFO - ::endgroup::
[2024-05-07T23:41:29.718+0000] {subprocess.py:63} INFO - Tmp dir root location: /tmp
[2024-05-07T23:41:29.720+0000] {subprocess.py:75} INFO - Running command: ['/usr/bin/bash', '-c', "sleep 2 && echo 'Tarea 3'"]
[2024-05-07T23:41:29.729+0000] {subprocess.py:86} INFO - Output:
[2024-05-07T23:41:31.732+0000] {subprocess.py:93} INFO - Tarea 3
[2024-05-07T23:41:31.733+0000] {subprocess.py:97} INFO - Command exited with return code 0
[2024-05-07T23:41:31.733+0000] {taskinstance.py:441} INFO - ::group::Post task execution logs
[2024-05-07T23:41:31.819+0000] {taskinstance.py:1206} INFO - Marking task as SUCCESS. dag_id=5.1_orquestacion, task_id=tarea3, run_id=scheduled__2024-03-11T00:00:00+00:00, execution_date=20240311T000000, start_date=20240507T234129, end_date=20240507T234131
[2024-05-07T23:41:31.952+0000] {local_task_job_runner.py:240} INFO - Task exited with return code 0
[2024-05-07T23:41:32.001+0000] {local_task_job_runner.py:222} INFO - ::endgroup::
[2024-05-07T23:47:17.799+0000] {local_task_job_runner.py:120} INFO - ::group::Pre task execution logs
[2024-05-07T23:47:17.827+0000] {taskinstance.py:2076} INFO - Dependencies all met for dep_context=non-requeueable deps ti=<TaskInstance: 5.1_orquestacion.tarea3 scheduled__2024-03-11T00:00:00+00:00 [queued]>
[2024-05-07T23:47:17.838+0000] {taskinstance.py:2076} INFO - Dependencies all met for dep_context=requeueable deps ti=<TaskInstance: 5.1_orquestacion.tarea3 scheduled__2024-03-11T00:00:00+00:00 [queued]>
[2024-05-07T23:47:17.839+0000] {taskinstance.py:2306} INFO - Starting attempt 1 of 1
[2024-05-07T23:47:17.853+0000] {taskinstance.py:2330} INFO - Executing <Task(BashOperator): tarea3> on 2024-03-11 00:00:00+00:00
[2024-05-07T23:47:17.858+0000] {warnings.py:110} WARNING - /home/***/.local/lib/python3.12/site-packages/***/task/task_runner/standard_task_runner.py:61: DeprecationWarning: This process (pid=3536) is multi-threaded, use of fork() may lead to deadlocks in the child.
  pid = os.fork()

[2024-05-07T23:47:17.860+0000] {standard_task_runner.py:63} INFO - Started process 3538 to run task
[2024-05-07T23:47:17.859+0000] {standard_task_runner.py:90} INFO - Running: ['***', 'tasks', 'run', '5.1_orquestacion', 'tarea3', 'scheduled__2024-03-11T00:00:00+00:00', '--job-id', '228', '--raw', '--subdir', 'DAGS_FOLDER/051_orquestacion.py', '--cfg-path', '/tmp/tmpj7auchnb']
[2024-05-07T23:47:17.862+0000] {standard_task_runner.py:91} INFO - Job 228: Subtask tarea3
[2024-05-07T23:47:17.910+0000] {task_command.py:426} INFO - Running <TaskInstance: 5.1_orquestacion.tarea3 scheduled__2024-03-11T00:00:00+00:00 [running]> on host 521bf890d837
[2024-05-07T23:47:17.988+0000] {taskinstance.py:2648} INFO - Exporting env vars: AIRFLOW_CTX_DAG_OWNER='***' AIRFLOW_CTX_DAG_ID='5.1_orquestacion' AIRFLOW_CTX_TASK_ID='tarea3' AIRFLOW_CTX_EXECUTION_DATE='2024-03-11T00:00:00+00:00' AIRFLOW_CTX_TRY_NUMBER='1' AIRFLOW_CTX_DAG_RUN_ID='scheduled__2024-03-11T00:00:00+00:00'
[2024-05-07T23:47:17.990+0000] {taskinstance.py:430} INFO - ::endgroup::
[2024-05-07T23:47:18.000+0000] {subprocess.py:63} INFO - Tmp dir root location: /tmp
[2024-05-07T23:47:18.001+0000] {subprocess.py:75} INFO - Running command: ['/usr/bin/bash', '-c', "sleep 2 && echo 'Tarea 3'"]
[2024-05-07T23:47:18.009+0000] {subprocess.py:86} INFO - Output:
[2024-05-07T23:47:20.012+0000] {subprocess.py:93} INFO - Tarea 3
[2024-05-07T23:47:20.012+0000] {subprocess.py:97} INFO - Command exited with return code 0
[2024-05-07T23:47:20.013+0000] {taskinstance.py:441} INFO - ::group::Post task execution logs
[2024-05-07T23:47:20.034+0000] {taskinstance.py:1206} INFO - Marking task as SUCCESS. dag_id=5.1_orquestacion, task_id=tarea3, run_id=scheduled__2024-03-11T00:00:00+00:00, execution_date=20240311T000000, start_date=20240507T234717, end_date=20240507T234720
[2024-05-07T23:47:20.091+0000] {local_task_job_runner.py:240} INFO - Task exited with return code 0
[2024-05-07T23:47:20.115+0000] {taskinstance.py:3498} INFO - 0 downstream tasks scheduled from follow-on schedule check
[2024-05-07T23:47:20.120+0000] {local_task_job_runner.py:222} INFO - ::endgroup::
