[2024-05-07T23:40:41.440+0000] {local_task_job_runner.py:120} INFO - ::group::Pre task execution logs
[2024-05-07T23:40:41.474+0000] {taskinstance.py:2076} INFO - Dependencies all met for dep_context=non-requeueable deps ti=<TaskInstance: 5.1_orquestacion.tarea1 scheduled__2024-03-01T00:00:00+00:00 [queued]>
[2024-05-07T23:40:41.502+0000] {taskinstance.py:2076} INFO - Dependencies all met for dep_context=requeueable deps ti=<TaskInstance: 5.1_orquestacion.tarea1 scheduled__2024-03-01T00:00:00+00:00 [queued]>
[2024-05-07T23:40:41.503+0000] {taskinstance.py:2306} INFO - Starting attempt 1 of 1
[2024-05-07T23:40:41.522+0000] {taskinstance.py:2330} INFO - Executing <Task(BashOperator): tarea1> on 2024-03-01 00:00:00+00:00
[2024-05-07T23:40:41.529+0000] {warnings.py:110} WARNING - /home/***/.local/lib/python3.12/site-packages/***/task/task_runner/standard_task_runner.py:61: DeprecationWarning: This process (pid=2772) is multi-threaded, use of fork() may lead to deadlocks in the child.
  pid = os.fork()

[2024-05-07T23:40:41.531+0000] {standard_task_runner.py:90} INFO - Running: ['***', 'tasks', 'run', '5.1_orquestacion', 'tarea1', 'scheduled__2024-03-01T00:00:00+00:00', '--job-id', '57', '--raw', '--subdir', 'DAGS_FOLDER/051_orquestacion.py', '--cfg-path', '/tmp/tmpvq4nnf0n']
[2024-05-07T23:40:41.535+0000] {standard_task_runner.py:63} INFO - Started process 2773 to run task
[2024-05-07T23:40:41.536+0000] {standard_task_runner.py:91} INFO - Job 57: Subtask tarea1
[2024-05-07T23:40:41.590+0000] {task_command.py:426} INFO - Running <TaskInstance: 5.1_orquestacion.tarea1 scheduled__2024-03-01T00:00:00+00:00 [running]> on host 521bf890d837
[2024-05-07T23:40:41.658+0000] {taskinstance.py:2648} INFO - Exporting env vars: AIRFLOW_CTX_DAG_OWNER='***' AIRFLOW_CTX_DAG_ID='5.1_orquestacion' AIRFLOW_CTX_TASK_ID='tarea1' AIRFLOW_CTX_EXECUTION_DATE='2024-03-01T00:00:00+00:00' AIRFLOW_CTX_TRY_NUMBER='1' AIRFLOW_CTX_DAG_RUN_ID='scheduled__2024-03-01T00:00:00+00:00'
[2024-05-07T23:40:41.665+0000] {taskinstance.py:430} INFO - ::endgroup::
[2024-05-07T23:40:41.677+0000] {subprocess.py:63} INFO - Tmp dir root location: /tmp
[2024-05-07T23:40:41.678+0000] {subprocess.py:75} INFO - Running command: ['/usr/bin/bash', '-c', "sleep 2 && echo 'Tarea 1'"]
[2024-05-07T23:40:41.687+0000] {subprocess.py:86} INFO - Output:
[2024-05-07T23:40:43.691+0000] {subprocess.py:93} INFO - Tarea 1
[2024-05-07T23:40:43.693+0000] {subprocess.py:97} INFO - Command exited with return code 0
[2024-05-07T23:40:43.700+0000] {taskinstance.py:441} INFO - ::group::Post task execution logs
[2024-05-07T23:40:43.824+0000] {taskinstance.py:1206} INFO - Marking task as SUCCESS. dag_id=5.1_orquestacion, task_id=tarea1, run_id=scheduled__2024-03-01T00:00:00+00:00, execution_date=20240301T000000, start_date=20240507T234041, end_date=20240507T234043
[2024-05-07T23:40:43.924+0000] {local_task_job_runner.py:240} INFO - Task exited with return code 0
[2024-05-07T23:40:43.973+0000] {local_task_job_runner.py:222} INFO - ::endgroup::
[2024-05-07T23:45:11.273+0000] {local_task_job_runner.py:120} INFO - ::group::Pre task execution logs
[2024-05-07T23:45:11.294+0000] {taskinstance.py:2076} INFO - Dependencies all met for dep_context=non-requeueable deps ti=<TaskInstance: 5.1_orquestacion.tarea1 scheduled__2024-03-01T00:00:00+00:00 [queued]>
[2024-05-07T23:45:11.302+0000] {taskinstance.py:2076} INFO - Dependencies all met for dep_context=requeueable deps ti=<TaskInstance: 5.1_orquestacion.tarea1 scheduled__2024-03-01T00:00:00+00:00 [queued]>
[2024-05-07T23:45:11.306+0000] {taskinstance.py:2306} INFO - Starting attempt 1 of 1
[2024-05-07T23:45:11.322+0000] {taskinstance.py:2330} INFO - Executing <Task(BashOperator): tarea1> on 2024-03-01 00:00:00+00:00
[2024-05-07T23:45:11.327+0000] {warnings.py:110} WARNING - /home/***/.local/lib/python3.12/site-packages/***/task/task_runner/standard_task_runner.py:61: DeprecationWarning: This process (pid=3340) is multi-threaded, use of fork() may lead to deadlocks in the child.
  pid = os.fork()

[2024-05-07T23:45:11.329+0000] {standard_task_runner.py:63} INFO - Started process 3341 to run task
[2024-05-07T23:45:11.328+0000] {standard_task_runner.py:90} INFO - Running: ['***', 'tasks', 'run', '5.1_orquestacion', 'tarea1', 'scheduled__2024-03-01T00:00:00+00:00', '--job-id', '185', '--raw', '--subdir', 'DAGS_FOLDER/051_orquestacion.py', '--cfg-path', '/tmp/tmp05f1sdeh']
[2024-05-07T23:45:11.330+0000] {standard_task_runner.py:91} INFO - Job 185: Subtask tarea1
[2024-05-07T23:45:11.386+0000] {task_command.py:426} INFO - Running <TaskInstance: 5.1_orquestacion.tarea1 scheduled__2024-03-01T00:00:00+00:00 [running]> on host 521bf890d837
[2024-05-07T23:45:11.546+0000] {taskinstance.py:2648} INFO - Exporting env vars: AIRFLOW_CTX_DAG_OWNER='***' AIRFLOW_CTX_DAG_ID='5.1_orquestacion' AIRFLOW_CTX_TASK_ID='tarea1' AIRFLOW_CTX_EXECUTION_DATE='2024-03-01T00:00:00+00:00' AIRFLOW_CTX_TRY_NUMBER='1' AIRFLOW_CTX_DAG_RUN_ID='scheduled__2024-03-01T00:00:00+00:00'
[2024-05-07T23:45:11.547+0000] {taskinstance.py:430} INFO - ::endgroup::
[2024-05-07T23:45:11.577+0000] {subprocess.py:63} INFO - Tmp dir root location: /tmp
[2024-05-07T23:45:11.578+0000] {subprocess.py:75} INFO - Running command: ['/usr/bin/bash', '-c', "sleep 2 && echo 'Tarea 1'"]
[2024-05-07T23:45:11.587+0000] {subprocess.py:86} INFO - Output:
[2024-05-07T23:45:13.596+0000] {subprocess.py:93} INFO - Tarea 1
[2024-05-07T23:45:13.600+0000] {subprocess.py:97} INFO - Command exited with return code 0
[2024-05-07T23:45:13.609+0000] {taskinstance.py:441} INFO - ::group::Post task execution logs
[2024-05-07T23:45:13.763+0000] {taskinstance.py:1206} INFO - Marking task as SUCCESS. dag_id=5.1_orquestacion, task_id=tarea1, run_id=scheduled__2024-03-01T00:00:00+00:00, execution_date=20240301T000000, start_date=20240507T234511, end_date=20240507T234513
[2024-05-07T23:45:13.881+0000] {local_task_job_runner.py:240} INFO - Task exited with return code 0
[2024-05-07T23:45:14.014+0000] {taskinstance.py:3498} INFO - 1 downstream tasks scheduled from follow-on schedule check
[2024-05-07T23:45:14.017+0000] {local_task_job_runner.py:222} INFO - ::endgroup::
