[2024-05-07T23:41:33.403+0000] {local_task_job_runner.py:120} INFO - ::group::Pre task execution logs
[2024-05-07T23:41:33.436+0000] {taskinstance.py:2076} INFO - Dependencies all met for dep_context=non-requeueable deps ti=<TaskInstance: 5.1_orquestacion.tarea4 scheduled__2024-03-12T00:00:00+00:00 [queued]>
[2024-05-07T23:41:33.450+0000] {taskinstance.py:2076} INFO - Dependencies all met for dep_context=requeueable deps ti=<TaskInstance: 5.1_orquestacion.tarea4 scheduled__2024-03-12T00:00:00+00:00 [queued]>
[2024-05-07T23:41:33.451+0000] {taskinstance.py:2306} INFO - Starting attempt 1 of 1
[2024-05-07T23:41:33.472+0000] {taskinstance.py:2330} INFO - Executing <Task(BashOperator): tarea4> on 2024-03-12 00:00:00+00:00
[2024-05-07T23:41:33.478+0000] {warnings.py:110} WARNING - /home/***/.local/lib/python3.12/site-packages/***/task/task_runner/standard_task_runner.py:61: DeprecationWarning: This process (pid=2970) is multi-threaded, use of fork() may lead to deadlocks in the child.
  pid = os.fork()

[2024-05-07T23:41:33.480+0000] {standard_task_runner.py:63} INFO - Started process 2975 to run task
[2024-05-07T23:41:33.480+0000] {standard_task_runner.py:90} INFO - Running: ['***', 'tasks', 'run', '5.1_orquestacion', 'tarea4', 'scheduled__2024-03-12T00:00:00+00:00', '--job-id', '105', '--raw', '--subdir', 'DAGS_FOLDER/051_orquestacion.py', '--cfg-path', '/tmp/tmppg43wq57']
[2024-05-07T23:41:33.481+0000] {standard_task_runner.py:91} INFO - Job 105: Subtask tarea4
[2024-05-07T23:41:33.531+0000] {task_command.py:426} INFO - Running <TaskInstance: 5.1_orquestacion.tarea4 scheduled__2024-03-12T00:00:00+00:00 [running]> on host 521bf890d837
[2024-05-07T23:41:33.629+0000] {taskinstance.py:2648} INFO - Exporting env vars: AIRFLOW_CTX_DAG_OWNER='***' AIRFLOW_CTX_DAG_ID='5.1_orquestacion' AIRFLOW_CTX_TASK_ID='tarea4' AIRFLOW_CTX_EXECUTION_DATE='2024-03-12T00:00:00+00:00' AIRFLOW_CTX_TRY_NUMBER='1' AIRFLOW_CTX_DAG_RUN_ID='scheduled__2024-03-12T00:00:00+00:00'
[2024-05-07T23:41:33.630+0000] {taskinstance.py:430} INFO - ::endgroup::
[2024-05-07T23:41:33.644+0000] {subprocess.py:63} INFO - Tmp dir root location: /tmp
[2024-05-07T23:41:33.645+0000] {subprocess.py:75} INFO - Running command: ['/usr/bin/bash', '-c', "sleep 2 && echo 'Tarea 4'"]
[2024-05-07T23:41:33.654+0000] {subprocess.py:86} INFO - Output:
[2024-05-07T23:41:35.659+0000] {subprocess.py:93} INFO - Tarea 4
[2024-05-07T23:41:35.666+0000] {subprocess.py:97} INFO - Command exited with return code 0
[2024-05-07T23:41:35.675+0000] {taskinstance.py:441} INFO - ::group::Post task execution logs
[2024-05-07T23:41:35.827+0000] {taskinstance.py:1206} INFO - Marking task as SUCCESS. dag_id=5.1_orquestacion, task_id=tarea4, run_id=scheduled__2024-03-12T00:00:00+00:00, execution_date=20240312T000000, start_date=20240507T234133, end_date=20240507T234135
[2024-05-07T23:41:35.948+0000] {local_task_job_runner.py:240} INFO - Task exited with return code 0
[2024-05-07T23:41:35.975+0000] {local_task_job_runner.py:222} INFO - ::endgroup::
[2024-05-07T23:47:29.516+0000] {local_task_job_runner.py:120} INFO - ::group::Pre task execution logs
[2024-05-07T23:47:29.541+0000] {taskinstance.py:2076} INFO - Dependencies all met for dep_context=non-requeueable deps ti=<TaskInstance: 5.1_orquestacion.tarea4 scheduled__2024-03-12T00:00:00+00:00 [queued]>
[2024-05-07T23:47:29.551+0000] {taskinstance.py:2076} INFO - Dependencies all met for dep_context=requeueable deps ti=<TaskInstance: 5.1_orquestacion.tarea4 scheduled__2024-03-12T00:00:00+00:00 [queued]>
[2024-05-07T23:47:29.555+0000] {taskinstance.py:2306} INFO - Starting attempt 1 of 1
[2024-05-07T23:47:29.569+0000] {taskinstance.py:2330} INFO - Executing <Task(BashOperator): tarea4> on 2024-03-12 00:00:00+00:00
[2024-05-07T23:47:29.579+0000] {warnings.py:110} WARNING - /home/***/.local/lib/python3.12/site-packages/***/task/task_runner/standard_task_runner.py:61: DeprecationWarning: This process (pid=3552) is multi-threaded, use of fork() may lead to deadlocks in the child.
  pid = os.fork()

[2024-05-07T23:47:29.580+0000] {standard_task_runner.py:90} INFO - Running: ['***', 'tasks', 'run', '5.1_orquestacion', 'tarea4', 'scheduled__2024-03-12T00:00:00+00:00', '--job-id', '231', '--raw', '--subdir', 'DAGS_FOLDER/051_orquestacion.py', '--cfg-path', '/tmp/tmp1dee_10h']
[2024-05-07T23:47:29.582+0000] {standard_task_runner.py:63} INFO - Started process 3555 to run task
[2024-05-07T23:47:29.583+0000] {standard_task_runner.py:91} INFO - Job 231: Subtask tarea4
[2024-05-07T23:47:29.628+0000] {task_command.py:426} INFO - Running <TaskInstance: 5.1_orquestacion.tarea4 scheduled__2024-03-12T00:00:00+00:00 [running]> on host 521bf890d837
[2024-05-07T23:47:29.702+0000] {taskinstance.py:2648} INFO - Exporting env vars: AIRFLOW_CTX_DAG_OWNER='***' AIRFLOW_CTX_DAG_ID='5.1_orquestacion' AIRFLOW_CTX_TASK_ID='tarea4' AIRFLOW_CTX_EXECUTION_DATE='2024-03-12T00:00:00+00:00' AIRFLOW_CTX_TRY_NUMBER='1' AIRFLOW_CTX_DAG_RUN_ID='scheduled__2024-03-12T00:00:00+00:00'
[2024-05-07T23:47:29.711+0000] {taskinstance.py:430} INFO - ::endgroup::
[2024-05-07T23:47:29.723+0000] {subprocess.py:63} INFO - Tmp dir root location: /tmp
[2024-05-07T23:47:29.726+0000] {subprocess.py:75} INFO - Running command: ['/usr/bin/bash', '-c', "sleep 2 && echo 'Tarea 4'"]
[2024-05-07T23:47:29.735+0000] {subprocess.py:86} INFO - Output:
[2024-05-07T23:47:31.738+0000] {subprocess.py:93} INFO - Tarea 4
[2024-05-07T23:47:31.743+0000] {subprocess.py:97} INFO - Command exited with return code 0
[2024-05-07T23:47:31.745+0000] {taskinstance.py:441} INFO - ::group::Post task execution logs
[2024-05-07T23:47:31.770+0000] {taskinstance.py:1206} INFO - Marking task as SUCCESS. dag_id=5.1_orquestacion, task_id=tarea4, run_id=scheduled__2024-03-12T00:00:00+00:00, execution_date=20240312T000000, start_date=20240507T234729, end_date=20240507T234731
[2024-05-07T23:47:31.815+0000] {local_task_job_runner.py:240} INFO - Task exited with return code 0
[2024-05-07T23:47:31.830+0000] {taskinstance.py:3498} INFO - 0 downstream tasks scheduled from follow-on schedule check
[2024-05-07T23:47:31.833+0000] {local_task_job_runner.py:222} INFO - ::endgroup::
