[2024-05-07T23:41:09.029+0000] {local_task_job_runner.py:120} INFO - ::group::Pre task execution logs
[2024-05-07T23:41:09.055+0000] {taskinstance.py:2076} INFO - Dependencies all met for dep_context=non-requeueable deps ti=<TaskInstance: 5.1_orquestacion.tarea4 scheduled__2024-03-06T00:00:00+00:00 [queued]>
[2024-05-07T23:41:09.066+0000] {taskinstance.py:2076} INFO - Dependencies all met for dep_context=requeueable deps ti=<TaskInstance: 5.1_orquestacion.tarea4 scheduled__2024-03-06T00:00:00+00:00 [queued]>
[2024-05-07T23:41:09.067+0000] {taskinstance.py:2306} INFO - Starting attempt 1 of 1
[2024-05-07T23:41:09.083+0000] {taskinstance.py:2330} INFO - Executing <Task(BashOperator): tarea4> on 2024-03-06 00:00:00+00:00
[2024-05-07T23:41:09.089+0000] {warnings.py:110} WARNING - /home/***/.local/lib/python3.12/site-packages/***/task/task_runner/standard_task_runner.py:61: DeprecationWarning: This process (pid=2874) is multi-threaded, use of fork() may lead to deadlocks in the child.
  pid = os.fork()

[2024-05-07T23:41:09.090+0000] {standard_task_runner.py:63} INFO - Started process 2877 to run task
[2024-05-07T23:41:09.090+0000] {standard_task_runner.py:90} INFO - Running: ['***', 'tasks', 'run', '5.1_orquestacion', 'tarea4', 'scheduled__2024-03-06T00:00:00+00:00', '--job-id', '82', '--raw', '--subdir', 'DAGS_FOLDER/051_orquestacion.py', '--cfg-path', '/tmp/tmpyu57wawh']
[2024-05-07T23:41:09.091+0000] {standard_task_runner.py:91} INFO - Job 82: Subtask tarea4
[2024-05-07T23:41:09.133+0000] {task_command.py:426} INFO - Running <TaskInstance: 5.1_orquestacion.tarea4 scheduled__2024-03-06T00:00:00+00:00 [running]> on host 521bf890d837
[2024-05-07T23:41:09.211+0000] {taskinstance.py:2648} INFO - Exporting env vars: AIRFLOW_CTX_DAG_OWNER='***' AIRFLOW_CTX_DAG_ID='5.1_orquestacion' AIRFLOW_CTX_TASK_ID='tarea4' AIRFLOW_CTX_EXECUTION_DATE='2024-03-06T00:00:00+00:00' AIRFLOW_CTX_TRY_NUMBER='1' AIRFLOW_CTX_DAG_RUN_ID='scheduled__2024-03-06T00:00:00+00:00'
[2024-05-07T23:41:09.213+0000] {taskinstance.py:430} INFO - ::endgroup::
[2024-05-07T23:41:09.226+0000] {subprocess.py:63} INFO - Tmp dir root location: /tmp
[2024-05-07T23:41:09.228+0000] {subprocess.py:75} INFO - Running command: ['/usr/bin/bash', '-c', "sleep 2 && echo 'Tarea 4'"]
[2024-05-07T23:41:09.235+0000] {subprocess.py:86} INFO - Output:
[2024-05-07T23:41:11.256+0000] {subprocess.py:93} INFO - Tarea 4
[2024-05-07T23:41:11.257+0000] {subprocess.py:97} INFO - Command exited with return code 0
[2024-05-07T23:41:11.258+0000] {taskinstance.py:441} INFO - ::group::Post task execution logs
[2024-05-07T23:41:11.394+0000] {taskinstance.py:1206} INFO - Marking task as SUCCESS. dag_id=5.1_orquestacion, task_id=tarea4, run_id=scheduled__2024-03-06T00:00:00+00:00, execution_date=20240306T000000, start_date=20240507T234109, end_date=20240507T234111
[2024-05-07T23:41:11.679+0000] {local_task_job_runner.py:240} INFO - Task exited with return code 0
[2024-05-07T23:41:11.697+0000] {taskinstance.py:3498} INFO - 0 downstream tasks scheduled from follow-on schedule check
[2024-05-07T23:41:11.701+0000] {local_task_job_runner.py:222} INFO - ::endgroup::
[2024-05-07T23:46:18.830+0000] {local_task_job_runner.py:120} INFO - ::group::Pre task execution logs
[2024-05-07T23:46:18.853+0000] {taskinstance.py:2076} INFO - Dependencies all met for dep_context=non-requeueable deps ti=<TaskInstance: 5.1_orquestacion.tarea4 scheduled__2024-03-06T00:00:00+00:00 [queued]>
[2024-05-07T23:46:18.862+0000] {taskinstance.py:2076} INFO - Dependencies all met for dep_context=requeueable deps ti=<TaskInstance: 5.1_orquestacion.tarea4 scheduled__2024-03-06T00:00:00+00:00 [queued]>
[2024-05-07T23:46:18.864+0000] {taskinstance.py:2306} INFO - Starting attempt 1 of 1
[2024-05-07T23:46:18.878+0000] {taskinstance.py:2330} INFO - Executing <Task(BashOperator): tarea4> on 2024-03-06 00:00:00+00:00
[2024-05-07T23:46:18.885+0000] {warnings.py:110} WARNING - /home/***/.local/lib/python3.12/site-packages/***/task/task_runner/standard_task_runner.py:61: DeprecationWarning: This process (pid=3443) is multi-threaded, use of fork() may lead to deadlocks in the child.
  pid = os.fork()

[2024-05-07T23:46:18.887+0000] {standard_task_runner.py:90} INFO - Running: ['***', 'tasks', 'run', '5.1_orquestacion', 'tarea4', 'scheduled__2024-03-06T00:00:00+00:00', '--job-id', '207', '--raw', '--subdir', 'DAGS_FOLDER/051_orquestacion.py', '--cfg-path', '/tmp/tmpcxt3nnzx']
[2024-05-07T23:46:18.887+0000] {standard_task_runner.py:63} INFO - Started process 3445 to run task
[2024-05-07T23:46:18.888+0000] {standard_task_runner.py:91} INFO - Job 207: Subtask tarea4
[2024-05-07T23:46:18.969+0000] {task_command.py:426} INFO - Running <TaskInstance: 5.1_orquestacion.tarea4 scheduled__2024-03-06T00:00:00+00:00 [running]> on host 521bf890d837
[2024-05-07T23:46:19.086+0000] {taskinstance.py:2648} INFO - Exporting env vars: AIRFLOW_CTX_DAG_OWNER='***' AIRFLOW_CTX_DAG_ID='5.1_orquestacion' AIRFLOW_CTX_TASK_ID='tarea4' AIRFLOW_CTX_EXECUTION_DATE='2024-03-06T00:00:00+00:00' AIRFLOW_CTX_TRY_NUMBER='1' AIRFLOW_CTX_DAG_RUN_ID='scheduled__2024-03-06T00:00:00+00:00'
[2024-05-07T23:46:19.087+0000] {taskinstance.py:430} INFO - ::endgroup::
[2024-05-07T23:46:19.098+0000] {subprocess.py:63} INFO - Tmp dir root location: /tmp
[2024-05-07T23:46:19.099+0000] {subprocess.py:75} INFO - Running command: ['/usr/bin/bash', '-c', "sleep 2 && echo 'Tarea 4'"]
[2024-05-07T23:46:19.106+0000] {subprocess.py:86} INFO - Output:
[2024-05-07T23:46:21.111+0000] {subprocess.py:93} INFO - Tarea 4
[2024-05-07T23:46:21.114+0000] {subprocess.py:97} INFO - Command exited with return code 0
[2024-05-07T23:46:21.115+0000] {taskinstance.py:441} INFO - ::group::Post task execution logs
[2024-05-07T23:46:21.269+0000] {taskinstance.py:1206} INFO - Marking task as SUCCESS. dag_id=5.1_orquestacion, task_id=tarea4, run_id=scheduled__2024-03-06T00:00:00+00:00, execution_date=20240306T000000, start_date=20240507T234618, end_date=20240507T234621
[2024-05-07T23:46:21.402+0000] {local_task_job_runner.py:240} INFO - Task exited with return code 0
[2024-05-07T23:46:21.485+0000] {taskinstance.py:3498} INFO - 0 downstream tasks scheduled from follow-on schedule check
[2024-05-07T23:46:21.499+0000] {local_task_job_runner.py:222} INFO - ::endgroup::
