[2024-05-09T20:19:21.620+0000] {local_task_job_runner.py:120} INFO - ::group::Pre task execution logs
[2024-05-09T20:19:21.634+0000] {taskinstance.py:2076} INFO - Dependencies all met for dep_context=non-requeueable deps ti=<TaskInstance: Proyecto_SpaceX.Confirmacion_NASA scheduled__2024-01-01T00:00:00+00:00 [queued]>
[2024-05-09T20:19:21.640+0000] {taskinstance.py:2076} INFO - Dependencies all met for dep_context=requeueable deps ti=<TaskInstance: Proyecto_SpaceX.Confirmacion_NASA scheduled__2024-01-01T00:00:00+00:00 [queued]>
[2024-05-09T20:19:21.641+0000] {taskinstance.py:2306} INFO - Starting attempt 4 of 6
[2024-05-09T20:19:21.763+0000] {taskinstance.py:2330} INFO - Executing <Task(BashOperator): Confirmacion_NASA> on 2024-01-01 00:00:00+00:00
[2024-05-09T20:19:21.768+0000] {warnings.py:110} WARNING - /home/***/.local/lib/python3.12/site-packages/***/task/task_runner/standard_task_runner.py:61: DeprecationWarning: This process (pid=1502) is multi-threaded, use of fork() may lead to deadlocks in the child.
  pid = os.fork()

[2024-05-09T20:19:21.770+0000] {standard_task_runner.py:63} INFO - Started process 1504 to run task
[2024-05-09T20:19:21.770+0000] {standard_task_runner.py:90} INFO - Running: ['***', 'tasks', 'run', 'Proyecto_SpaceX', 'Confirmacion_NASA', 'scheduled__2024-01-01T00:00:00+00:00', '--job-id', '984', '--raw', '--subdir', 'DAGS_FOLDER/Proyecto_SpaceX.py', '--cfg-path', '/tmp/tmpn09fqx0v']
[2024-05-09T20:19:21.772+0000] {standard_task_runner.py:91} INFO - Job 984: Subtask Confirmacion_NASA
[2024-05-09T20:19:21.806+0000] {task_command.py:426} INFO - Running <TaskInstance: Proyecto_SpaceX.Confirmacion_NASA scheduled__2024-01-01T00:00:00+00:00 [running]> on host 7a81a983afb0
[2024-05-09T20:19:21.859+0000] {taskinstance.py:2648} INFO - Exporting env vars: AIRFLOW_CTX_DAG_OWNER='***' AIRFLOW_CTX_DAG_ID='Proyecto_SpaceX' AIRFLOW_CTX_TASK_ID='Confirmacion_NASA' AIRFLOW_CTX_EXECUTION_DATE='2024-01-01T00:00:00+00:00' AIRFLOW_CTX_TRY_NUMBER='4' AIRFLOW_CTX_DAG_RUN_ID='scheduled__2024-01-01T00:00:00+00:00'
[2024-05-09T20:19:21.860+0000] {taskinstance.py:430} INFO - ::endgroup::
[2024-05-09T20:19:21.870+0000] {subprocess.py:63} INFO - Tmp dir root location: /tmp
[2024-05-09T20:19:21.871+0000] {subprocess.py:75} INFO - Running command: ['/usr/bin/bash', '-c', "sleep 20 && echo 'Confirmación, puede proceder' > /tmp/response_20240101.txt"]
[2024-05-09T20:19:21.878+0000] {subprocess.py:86} INFO - Output:
[2024-05-09T20:19:41.882+0000] {subprocess.py:97} INFO - Command exited with return code 0
[2024-05-09T20:19:41.884+0000] {taskinstance.py:441} INFO - ::group::Post task execution logs
[2024-05-09T20:19:41.905+0000] {taskinstance.py:1206} INFO - Marking task as SUCCESS. dag_id=Proyecto_SpaceX, task_id=Confirmacion_NASA, run_id=scheduled__2024-01-01T00:00:00+00:00, execution_date=20240101T000000, start_date=20240509T201921, end_date=20240509T201941
[2024-05-09T20:19:41.927+0000] {local_task_job_runner.py:240} INFO - Task exited with return code 0
[2024-05-09T20:19:41.946+0000] {taskinstance.py:3498} INFO - 1 downstream tasks scheduled from follow-on schedule check
[2024-05-09T20:19:41.949+0000] {local_task_job_runner.py:222} INFO - ::endgroup::
[2024-05-10T05:54:15.868+0000] {local_task_job_runner.py:120} INFO - ::group::Pre task execution logs
[2024-05-10T05:54:15.886+0000] {taskinstance.py:2076} INFO - Dependencies all met for dep_context=non-requeueable deps ti=<TaskInstance: Proyecto_SpaceX.Confirmacion_NASA scheduled__2024-01-01T00:00:00+00:00 [queued]>
[2024-05-10T05:54:15.893+0000] {taskinstance.py:2076} INFO - Dependencies all met for dep_context=requeueable deps ti=<TaskInstance: Proyecto_SpaceX.Confirmacion_NASA scheduled__2024-01-01T00:00:00+00:00 [queued]>
[2024-05-10T05:54:15.894+0000] {taskinstance.py:2306} INFO - Starting attempt 4 of 6
[2024-05-10T05:54:16.080+0000] {taskinstance.py:2330} INFO - Executing <Task(BashOperator): Confirmacion_NASA> on 2024-01-01 00:00:00+00:00
[2024-05-10T05:54:16.086+0000] {warnings.py:110} WARNING - /home/***/.local/lib/python3.12/site-packages/***/task/task_runner/standard_task_runner.py:61: DeprecationWarning: This process (pid=698) is multi-threaded, use of fork() may lead to deadlocks in the child.
  pid = os.fork()

[2024-05-10T05:54:16.088+0000] {standard_task_runner.py:63} INFO - Started process 700 to run task
[2024-05-10T05:54:16.087+0000] {standard_task_runner.py:90} INFO - Running: ['***', 'tasks', 'run', 'Proyecto_SpaceX', 'Confirmacion_NASA', 'scheduled__2024-01-01T00:00:00+00:00', '--job-id', '1058', '--raw', '--subdir', 'DAGS_FOLDER/Proyecto_SpaceX.py', '--cfg-path', '/tmp/tmpyvhkfnx1']
[2024-05-10T05:54:16.090+0000] {standard_task_runner.py:91} INFO - Job 1058: Subtask Confirmacion_NASA
[2024-05-10T05:54:16.138+0000] {task_command.py:426} INFO - Running <TaskInstance: Proyecto_SpaceX.Confirmacion_NASA scheduled__2024-01-01T00:00:00+00:00 [running]> on host 1b7f0b10dd99
[2024-05-10T05:54:16.208+0000] {taskinstance.py:2648} INFO - Exporting env vars: AIRFLOW_CTX_DAG_OWNER='***' AIRFLOW_CTX_DAG_ID='Proyecto_SpaceX' AIRFLOW_CTX_TASK_ID='Confirmacion_NASA' AIRFLOW_CTX_EXECUTION_DATE='2024-01-01T00:00:00+00:00' AIRFLOW_CTX_TRY_NUMBER='4' AIRFLOW_CTX_DAG_RUN_ID='scheduled__2024-01-01T00:00:00+00:00'
[2024-05-10T05:54:16.209+0000] {taskinstance.py:430} INFO - ::endgroup::
[2024-05-10T05:54:16.220+0000] {subprocess.py:63} INFO - Tmp dir root location: /tmp
[2024-05-10T05:54:16.221+0000] {subprocess.py:75} INFO - Running command: ['/usr/bin/bash', '-c', "sleep 20 && echo 'Confirmación, puede proceder' > /tmp/response_20240101.txt"]
[2024-05-10T05:54:16.232+0000] {subprocess.py:86} INFO - Output:
[2024-05-10T05:54:36.236+0000] {subprocess.py:97} INFO - Command exited with return code 0
[2024-05-10T05:54:36.237+0000] {taskinstance.py:441} INFO - ::group::Post task execution logs
[2024-05-10T05:54:36.257+0000] {taskinstance.py:1206} INFO - Marking task as SUCCESS. dag_id=Proyecto_SpaceX, task_id=Confirmacion_NASA, run_id=scheduled__2024-01-01T00:00:00+00:00, execution_date=20240101T000000, start_date=20240510T055415, end_date=20240510T055436
[2024-05-10T05:54:36.284+0000] {local_task_job_runner.py:240} INFO - Task exited with return code 0
[2024-05-10T05:54:36.305+0000] {taskinstance.py:3498} INFO - 1 downstream tasks scheduled from follow-on schedule check
[2024-05-10T05:54:36.320+0000] {local_task_job_runner.py:222} INFO - ::endgroup::
