[2024-05-09T20:00:52.461+0000] {local_task_job_runner.py:120} INFO - ::group::Pre task execution logs
[2024-05-09T20:00:52.478+0000] {taskinstance.py:2076} INFO - Dependencies all met for dep_context=non-requeueable deps ti=<TaskInstance: Proyecto_SpaceX.Confirmacion_NASA scheduled__2024-01-01T00:00:00+00:00 [queued]>
[2024-05-09T20:00:52.487+0000] {taskinstance.py:2076} INFO - Dependencies all met for dep_context=requeueable deps ti=<TaskInstance: Proyecto_SpaceX.Confirmacion_NASA scheduled__2024-01-01T00:00:00+00:00 [queued]>
[2024-05-09T20:00:52.491+0000] {taskinstance.py:2306} INFO - Starting attempt 3 of 5
[2024-05-09T20:00:52.681+0000] {taskinstance.py:2330} INFO - Executing <Task(BashOperator): Confirmacion_NASA> on 2024-01-01 00:00:00+00:00
[2024-05-09T20:00:52.687+0000] {warnings.py:110} WARNING - /home/***/.local/lib/python3.12/site-packages/***/task/task_runner/standard_task_runner.py:61: DeprecationWarning: This process (pid=1186) is multi-threaded, use of fork() may lead to deadlocks in the child.
  pid = os.fork()

[2024-05-09T20:00:52.689+0000] {standard_task_runner.py:63} INFO - Started process 1188 to run task
[2024-05-09T20:00:52.688+0000] {standard_task_runner.py:90} INFO - Running: ['***', 'tasks', 'run', 'Proyecto_SpaceX', 'Confirmacion_NASA', 'scheduled__2024-01-01T00:00:00+00:00', '--job-id', '966', '--raw', '--subdir', 'DAGS_FOLDER/Proyecto_SpaceX.py', '--cfg-path', '/tmp/tmpp035yg4a']
[2024-05-09T20:00:52.690+0000] {standard_task_runner.py:91} INFO - Job 966: Subtask Confirmacion_NASA
[2024-05-09T20:00:52.727+0000] {task_command.py:426} INFO - Running <TaskInstance: Proyecto_SpaceX.Confirmacion_NASA scheduled__2024-01-01T00:00:00+00:00 [running]> on host 7a81a983afb0
[2024-05-09T20:00:52.799+0000] {taskinstance.py:2648} INFO - Exporting env vars: AIRFLOW_CTX_DAG_OWNER='***' AIRFLOW_CTX_DAG_ID='Proyecto_SpaceX' AIRFLOW_CTX_TASK_ID='Confirmacion_NASA' AIRFLOW_CTX_EXECUTION_DATE='2024-01-01T00:00:00+00:00' AIRFLOW_CTX_TRY_NUMBER='3' AIRFLOW_CTX_DAG_RUN_ID='scheduled__2024-01-01T00:00:00+00:00'
[2024-05-09T20:00:52.801+0000] {taskinstance.py:430} INFO - ::endgroup::
[2024-05-09T20:00:52.812+0000] {subprocess.py:63} INFO - Tmp dir root location: /tmp
[2024-05-09T20:00:52.813+0000] {subprocess.py:75} INFO - Running command: ['/usr/bin/bash', '-c', "sleep 20 && echo 'Confirmación, puede proceder' > /tmp/response_20240101.txt"]
[2024-05-09T20:00:52.821+0000] {subprocess.py:86} INFO - Output:
[2024-05-09T20:01:12.825+0000] {subprocess.py:97} INFO - Command exited with return code 0
[2024-05-09T20:01:12.826+0000] {taskinstance.py:441} INFO - ::group::Post task execution logs
[2024-05-09T20:01:12.845+0000] {taskinstance.py:1206} INFO - Marking task as SUCCESS. dag_id=Proyecto_SpaceX, task_id=Confirmacion_NASA, run_id=scheduled__2024-01-01T00:00:00+00:00, execution_date=20240101T000000, start_date=20240509T200052, end_date=20240509T200112
[2024-05-09T20:01:12.900+0000] {local_task_job_runner.py:240} INFO - Task exited with return code 0
[2024-05-09T20:01:12.925+0000] {taskinstance.py:3498} INFO - 1 downstream tasks scheduled from follow-on schedule check
[2024-05-09T20:01:12.936+0000] {local_task_job_runner.py:222} INFO - ::endgroup::
[2024-05-10T05:44:26.221+0000] {local_task_job_runner.py:120} INFO - ::group::Pre task execution logs
[2024-05-10T05:44:26.267+0000] {taskinstance.py:2076} INFO - Dependencies all met for dep_context=non-requeueable deps ti=<TaskInstance: Proyecto_SpaceX.Confirmacion_NASA scheduled__2024-01-01T00:00:00+00:00 [queued]>
[2024-05-10T05:44:26.284+0000] {taskinstance.py:2076} INFO - Dependencies all met for dep_context=requeueable deps ti=<TaskInstance: Proyecto_SpaceX.Confirmacion_NASA scheduled__2024-01-01T00:00:00+00:00 [queued]>
[2024-05-10T05:44:26.285+0000] {taskinstance.py:2306} INFO - Starting attempt 3 of 5
[2024-05-10T05:44:26.731+0000] {taskinstance.py:2330} INFO - Executing <Task(BashOperator): Confirmacion_NASA> on 2024-01-01 00:00:00+00:00
[2024-05-10T05:44:26.740+0000] {warnings.py:110} WARNING - /home/***/.local/lib/python3.12/site-packages/***/task/task_runner/standard_task_runner.py:61: DeprecationWarning: This process (pid=497) is multi-threaded, use of fork() may lead to deadlocks in the child.
  pid = os.fork()

[2024-05-10T05:44:26.742+0000] {standard_task_runner.py:63} INFO - Started process 499 to run task
[2024-05-10T05:44:26.742+0000] {standard_task_runner.py:90} INFO - Running: ['***', 'tasks', 'run', 'Proyecto_SpaceX', 'Confirmacion_NASA', 'scheduled__2024-01-01T00:00:00+00:00', '--job-id', '1040', '--raw', '--subdir', 'DAGS_FOLDER/Proyecto_SpaceX.py', '--cfg-path', '/tmp/tmpp1ck07xm']
[2024-05-10T05:44:26.745+0000] {standard_task_runner.py:91} INFO - Job 1040: Subtask Confirmacion_NASA
[2024-05-10T05:44:26.843+0000] {task_command.py:426} INFO - Running <TaskInstance: Proyecto_SpaceX.Confirmacion_NASA scheduled__2024-01-01T00:00:00+00:00 [running]> on host 1b7f0b10dd99
[2024-05-10T05:44:26.986+0000] {taskinstance.py:2648} INFO - Exporting env vars: AIRFLOW_CTX_DAG_OWNER='***' AIRFLOW_CTX_DAG_ID='Proyecto_SpaceX' AIRFLOW_CTX_TASK_ID='Confirmacion_NASA' AIRFLOW_CTX_EXECUTION_DATE='2024-01-01T00:00:00+00:00' AIRFLOW_CTX_TRY_NUMBER='3' AIRFLOW_CTX_DAG_RUN_ID='scheduled__2024-01-01T00:00:00+00:00'
[2024-05-10T05:44:26.988+0000] {taskinstance.py:430} INFO - ::endgroup::
[2024-05-10T05:44:27.021+0000] {subprocess.py:63} INFO - Tmp dir root location: /tmp
[2024-05-10T05:44:27.024+0000] {subprocess.py:75} INFO - Running command: ['/usr/bin/bash', '-c', "sleep 20 && echo 'Confirmación, puede proceder' > /tmp/response_20240101.txt"]
[2024-05-10T05:44:27.045+0000] {subprocess.py:86} INFO - Output:
[2024-05-10T05:44:47.056+0000] {subprocess.py:97} INFO - Command exited with return code 0
[2024-05-10T05:44:47.058+0000] {taskinstance.py:441} INFO - ::group::Post task execution logs
[2024-05-10T05:44:47.102+0000] {taskinstance.py:1206} INFO - Marking task as SUCCESS. dag_id=Proyecto_SpaceX, task_id=Confirmacion_NASA, run_id=scheduled__2024-01-01T00:00:00+00:00, execution_date=20240101T000000, start_date=20240510T054426, end_date=20240510T054447
[2024-05-10T05:44:47.167+0000] {local_task_job_runner.py:240} INFO - Task exited with return code 0
[2024-05-10T05:44:47.226+0000] {taskinstance.py:3498} INFO - 1 downstream tasks scheduled from follow-on schedule check
[2024-05-10T05:44:47.231+0000] {local_task_job_runner.py:222} INFO - ::endgroup::
