[2024-05-09T18:53:03.704+0000] {local_task_job_runner.py:120} INFO - ::group::Pre task execution logs
[2024-05-09T18:53:03.760+0000] {taskinstance.py:2076} INFO - Dependencies all met for dep_context=non-requeueable deps ti=<TaskInstance: Proyecto_SpaceX.Confirmacion_NASA scheduled__2024-01-01T00:00:00+00:00 [queued]>
[2024-05-09T18:53:03.772+0000] {taskinstance.py:2076} INFO - Dependencies all met for dep_context=requeueable deps ti=<TaskInstance: Proyecto_SpaceX.Confirmacion_NASA scheduled__2024-01-01T00:00:00+00:00 [queued]>
[2024-05-09T18:53:03.780+0000] {taskinstance.py:2306} INFO - Starting attempt 1 of 1
[2024-05-09T18:53:03.798+0000] {taskinstance.py:2330} INFO - Executing <Task(BashOperator): Confirmacion_NASA> on 2024-01-01 00:00:00+00:00
[2024-05-09T18:53:03.805+0000] {warnings.py:110} WARNING - /home/***/.local/lib/python3.12/site-packages/***/task/task_runner/standard_task_runner.py:61: DeprecationWarning: This process (pid=109) is multi-threaded, use of fork() may lead to deadlocks in the child.
  pid = os.fork()

[2024-05-09T18:53:03.806+0000] {standard_task_runner.py:90} INFO - Running: ['***', 'tasks', 'run', 'Proyecto_SpaceX', 'Confirmacion_NASA', 'scheduled__2024-01-01T00:00:00+00:00', '--job-id', '918', '--raw', '--subdir', 'DAGS_FOLDER/Proyecto_SpaceX.py', '--cfg-path', '/tmp/tmpz695poxn']
[2024-05-09T18:53:03.825+0000] {standard_task_runner.py:63} INFO - Started process 111 to run task
[2024-05-09T18:53:03.836+0000] {standard_task_runner.py:91} INFO - Job 918: Subtask Confirmacion_NASA
[2024-05-09T18:53:03.902+0000] {task_command.py:426} INFO - Running <TaskInstance: Proyecto_SpaceX.Confirmacion_NASA scheduled__2024-01-01T00:00:00+00:00 [running]> on host 7a81a983afb0
[2024-05-09T18:53:04.012+0000] {taskinstance.py:2648} INFO - Exporting env vars: AIRFLOW_CTX_DAG_OWNER='***' AIRFLOW_CTX_DAG_ID='Proyecto_SpaceX' AIRFLOW_CTX_TASK_ID='Confirmacion_NASA' AIRFLOW_CTX_EXECUTION_DATE='2024-01-01T00:00:00+00:00' AIRFLOW_CTX_TRY_NUMBER='1' AIRFLOW_CTX_DAG_RUN_ID='scheduled__2024-01-01T00:00:00+00:00'
[2024-05-09T18:53:04.014+0000] {taskinstance.py:430} INFO - ::endgroup::
[2024-05-09T18:53:04.045+0000] {subprocess.py:63} INFO - Tmp dir root location: /tmp
[2024-05-09T18:53:04.046+0000] {subprocess.py:75} INFO - Running command: ['/usr/bin/bash', '-c', "sleep 20 && echo 'Confirmación, puede proceder' > /tmp/response_20240101.txt"]
[2024-05-09T18:53:04.056+0000] {subprocess.py:86} INFO - Output:
[2024-05-09T18:53:24.067+0000] {subprocess.py:97} INFO - Command exited with return code 0
[2024-05-09T18:53:24.070+0000] {taskinstance.py:441} INFO - ::group::Post task execution logs
[2024-05-09T18:53:24.096+0000] {taskinstance.py:1206} INFO - Marking task as SUCCESS. dag_id=Proyecto_SpaceX, task_id=Confirmacion_NASA, run_id=scheduled__2024-01-01T00:00:00+00:00, execution_date=20240101T000000, start_date=20240509T185303, end_date=20240509T185324
[2024-05-09T18:53:24.120+0000] {local_task_job_runner.py:240} INFO - Task exited with return code 0
[2024-05-09T18:53:24.147+0000] {taskinstance.py:3498} INFO - 1 downstream tasks scheduled from follow-on schedule check
[2024-05-09T18:53:24.151+0000] {local_task_job_runner.py:222} INFO - ::endgroup::
[2024-05-09T19:16:18.410+0000] {local_task_job_runner.py:120} INFO - ::group::Pre task execution logs
[2024-05-09T19:16:18.431+0000] {taskinstance.py:2076} INFO - Dependencies all met for dep_context=non-requeueable deps ti=<TaskInstance: Proyecto_SpaceX.Confirmacion_NASA scheduled__2024-01-01T00:00:00+00:00 [queued]>
[2024-05-09T19:16:18.439+0000] {taskinstance.py:2076} INFO - Dependencies all met for dep_context=requeueable deps ti=<TaskInstance: Proyecto_SpaceX.Confirmacion_NASA scheduled__2024-01-01T00:00:00+00:00 [queued]>
[2024-05-09T19:16:18.440+0000] {taskinstance.py:2306} INFO - Starting attempt 1 of 3
[2024-05-09T19:16:18.787+0000] {taskinstance.py:2330} INFO - Executing <Task(BashOperator): Confirmacion_NASA> on 2024-01-01 00:00:00+00:00
[2024-05-09T19:16:18.794+0000] {warnings.py:110} WARNING - /home/***/.local/lib/python3.12/site-packages/***/task/task_runner/standard_task_runner.py:61: DeprecationWarning: This process (pid=459) is multi-threaded, use of fork() may lead to deadlocks in the child.
  pid = os.fork()

[2024-05-09T19:16:18.796+0000] {standard_task_runner.py:63} INFO - Started process 461 to run task
[2024-05-09T19:16:18.834+0000] {standard_task_runner.py:90} INFO - Running: ['***', 'tasks', 'run', 'Proyecto_SpaceX', 'Confirmacion_NASA', 'scheduled__2024-01-01T00:00:00+00:00', '--job-id', '930', '--raw', '--subdir', 'DAGS_FOLDER/Proyecto_SpaceX.py', '--cfg-path', '/tmp/tmpmieepp4a']
[2024-05-09T19:16:18.889+0000] {standard_task_runner.py:91} INFO - Job 930: Subtask Confirmacion_NASA
[2024-05-09T19:16:19.067+0000] {task_command.py:426} INFO - Running <TaskInstance: Proyecto_SpaceX.Confirmacion_NASA scheduled__2024-01-01T00:00:00+00:00 [running]> on host 7a81a983afb0
[2024-05-09T19:16:19.225+0000] {taskinstance.py:2648} INFO - Exporting env vars: AIRFLOW_CTX_DAG_OWNER='***' AIRFLOW_CTX_DAG_ID='Proyecto_SpaceX' AIRFLOW_CTX_TASK_ID='Confirmacion_NASA' AIRFLOW_CTX_EXECUTION_DATE='2024-01-01T00:00:00+00:00' AIRFLOW_CTX_TRY_NUMBER='1' AIRFLOW_CTX_DAG_RUN_ID='scheduled__2024-01-01T00:00:00+00:00'
[2024-05-09T19:16:19.226+0000] {taskinstance.py:430} INFO - ::endgroup::
[2024-05-09T19:16:19.238+0000] {subprocess.py:63} INFO - Tmp dir root location: /tmp
[2024-05-09T19:16:19.250+0000] {subprocess.py:75} INFO - Running command: ['/usr/bin/bash', '-c', "sleep 20 && echo 'Confirmación, puede proceder' > /tmp/response_20240101.txt"]
[2024-05-09T19:16:19.263+0000] {subprocess.py:86} INFO - Output:
[2024-05-09T19:16:39.267+0000] {subprocess.py:97} INFO - Command exited with return code 0
[2024-05-09T19:16:39.268+0000] {taskinstance.py:441} INFO - ::group::Post task execution logs
[2024-05-09T19:16:39.345+0000] {taskinstance.py:1206} INFO - Marking task as SUCCESS. dag_id=Proyecto_SpaceX, task_id=Confirmacion_NASA, run_id=scheduled__2024-01-01T00:00:00+00:00, execution_date=20240101T000000, start_date=20240509T191618, end_date=20240509T191639
[2024-05-09T19:16:39.425+0000] {local_task_job_runner.py:240} INFO - Task exited with return code 0
[2024-05-09T19:16:39.442+0000] {taskinstance.py:3498} INFO - 1 downstream tasks scheduled from follow-on schedule check
[2024-05-09T19:16:39.469+0000] {local_task_job_runner.py:222} INFO - ::endgroup::
[2024-05-09T21:00:34.319+0000] {local_task_job_runner.py:120} INFO - ::group::Pre task execution logs
[2024-05-09T21:00:34.343+0000] {taskinstance.py:2076} INFO - Dependencies all met for dep_context=non-requeueable deps ti=<TaskInstance: Proyecto_SpaceX.Confirmacion_NASA scheduled__2024-01-01T00:00:00+00:00 [queued]>
[2024-05-09T21:00:34.355+0000] {taskinstance.py:2076} INFO - Dependencies all met for dep_context=requeueable deps ti=<TaskInstance: Proyecto_SpaceX.Confirmacion_NASA scheduled__2024-01-01T00:00:00+00:00 [queued]>
[2024-05-09T21:00:34.356+0000] {taskinstance.py:2306} INFO - Starting attempt 1 of 3
[2024-05-09T21:00:34.532+0000] {taskinstance.py:2330} INFO - Executing <Task(BashOperator): Confirmacion_NASA> on 2024-01-01 00:00:00+00:00
[2024-05-09T21:00:34.564+0000] {warnings.py:110} WARNING - /home/***/.local/lib/python3.12/site-packages/***/task/task_runner/standard_task_runner.py:61: DeprecationWarning: This process (pid=1808) is multi-threaded, use of fork() may lead to deadlocks in the child.
  pid = os.fork()

[2024-05-09T21:00:34.568+0000] {standard_task_runner.py:63} INFO - Started process 1810 to run task
[2024-05-09T21:00:34.567+0000] {standard_task_runner.py:90} INFO - Running: ['***', 'tasks', 'run', 'Proyecto_SpaceX', 'Confirmacion_NASA', 'scheduled__2024-01-01T00:00:00+00:00', '--job-id', '1002', '--raw', '--subdir', 'DAGS_FOLDER/Proyecto_SpaceX.py', '--cfg-path', '/tmp/tmp0w0rbmu2']
[2024-05-09T21:00:34.570+0000] {standard_task_runner.py:91} INFO - Job 1002: Subtask Confirmacion_NASA
[2024-05-09T21:00:34.645+0000] {task_command.py:426} INFO - Running <TaskInstance: Proyecto_SpaceX.Confirmacion_NASA scheduled__2024-01-01T00:00:00+00:00 [running]> on host 7a81a983afb0
[2024-05-09T21:00:34.749+0000] {taskinstance.py:2648} INFO - Exporting env vars: AIRFLOW_CTX_DAG_OWNER='***' AIRFLOW_CTX_DAG_ID='Proyecto_SpaceX' AIRFLOW_CTX_TASK_ID='Confirmacion_NASA' AIRFLOW_CTX_EXECUTION_DATE='2024-01-01T00:00:00+00:00' AIRFLOW_CTX_TRY_NUMBER='1' AIRFLOW_CTX_DAG_RUN_ID='scheduled__2024-01-01T00:00:00+00:00'
[2024-05-09T21:00:34.753+0000] {taskinstance.py:430} INFO - ::endgroup::
[2024-05-09T21:00:34.786+0000] {subprocess.py:63} INFO - Tmp dir root location: /tmp
[2024-05-09T21:00:34.787+0000] {subprocess.py:75} INFO - Running command: ['/usr/bin/bash', '-c', "sleep 20 && echo 'Confirmación, puede proceder' > /tmp/response_20240101.txt"]
[2024-05-09T21:00:34.803+0000] {subprocess.py:86} INFO - Output:
[2024-05-09T21:00:54.812+0000] {subprocess.py:97} INFO - Command exited with return code 0
[2024-05-09T21:00:54.814+0000] {taskinstance.py:441} INFO - ::group::Post task execution logs
[2024-05-09T21:00:54.846+0000] {taskinstance.py:1206} INFO - Marking task as SUCCESS. dag_id=Proyecto_SpaceX, task_id=Confirmacion_NASA, run_id=scheduled__2024-01-01T00:00:00+00:00, execution_date=20240101T000000, start_date=20240509T210034, end_date=20240509T210054
[2024-05-09T21:00:54.881+0000] {local_task_job_runner.py:240} INFO - Task exited with return code 0
[2024-05-09T21:00:54.936+0000] {taskinstance.py:3498} INFO - 1 downstream tasks scheduled from follow-on schedule check
[2024-05-09T21:00:54.940+0000] {local_task_job_runner.py:222} INFO - ::endgroup::
