[2024-05-09T19:44:19.408+0000] {local_task_job_runner.py:120} INFO - ::group::Pre task execution logs
[2024-05-09T19:44:19.432+0000] {taskinstance.py:2076} INFO - Dependencies all met for dep_context=non-requeueable deps ti=<TaskInstance: Proyecto_SpaceX.Confirmacion_NASA scheduled__2024-01-01T00:00:00+00:00 [queued]>
[2024-05-09T19:44:19.441+0000] {taskinstance.py:2076} INFO - Dependencies all met for dep_context=requeueable deps ti=<TaskInstance: Proyecto_SpaceX.Confirmacion_NASA scheduled__2024-01-01T00:00:00+00:00 [queued]>
[2024-05-09T19:44:19.442+0000] {taskinstance.py:2306} INFO - Starting attempt 2 of 4
[2024-05-09T19:44:19.763+0000] {taskinstance.py:2330} INFO - Executing <Task(BashOperator): Confirmacion_NASA> on 2024-01-01 00:00:00+00:00
[2024-05-09T19:44:19.770+0000] {warnings.py:110} WARNING - /home/***/.local/lib/python3.12/site-packages/***/task/task_runner/standard_task_runner.py:61: DeprecationWarning: This process (pid=897) is multi-threaded, use of fork() may lead to deadlocks in the child.
  pid = os.fork()

[2024-05-09T19:44:19.772+0000] {standard_task_runner.py:63} INFO - Started process 899 to run task
[2024-05-09T19:44:19.772+0000] {standard_task_runner.py:90} INFO - Running: ['***', 'tasks', 'run', 'Proyecto_SpaceX', 'Confirmacion_NASA', 'scheduled__2024-01-01T00:00:00+00:00', '--job-id', '948', '--raw', '--subdir', 'DAGS_FOLDER/Proyecto_SpaceX.py', '--cfg-path', '/tmp/tmpqd1fvu5r']
[2024-05-09T19:44:19.777+0000] {standard_task_runner.py:91} INFO - Job 948: Subtask Confirmacion_NASA
[2024-05-09T19:44:19.850+0000] {task_command.py:426} INFO - Running <TaskInstance: Proyecto_SpaceX.Confirmacion_NASA scheduled__2024-01-01T00:00:00+00:00 [running]> on host 7a81a983afb0
[2024-05-09T19:44:19.928+0000] {taskinstance.py:2648} INFO - Exporting env vars: AIRFLOW_CTX_DAG_OWNER='***' AIRFLOW_CTX_DAG_ID='Proyecto_SpaceX' AIRFLOW_CTX_TASK_ID='Confirmacion_NASA' AIRFLOW_CTX_EXECUTION_DATE='2024-01-01T00:00:00+00:00' AIRFLOW_CTX_TRY_NUMBER='2' AIRFLOW_CTX_DAG_RUN_ID='scheduled__2024-01-01T00:00:00+00:00'
[2024-05-09T19:44:19.929+0000] {taskinstance.py:430} INFO - ::endgroup::
[2024-05-09T19:44:19.945+0000] {subprocess.py:63} INFO - Tmp dir root location: /tmp
[2024-05-09T19:44:19.946+0000] {subprocess.py:75} INFO - Running command: ['/usr/bin/bash', '-c', "sleep 20 && echo 'Confirmación, puede proceder' > /tmp/response_20240101.txt"]
[2024-05-09T19:44:19.957+0000] {subprocess.py:86} INFO - Output:
[2024-05-09T19:44:39.960+0000] {subprocess.py:97} INFO - Command exited with return code 0
[2024-05-09T19:44:39.961+0000] {taskinstance.py:441} INFO - ::group::Post task execution logs
[2024-05-09T19:44:39.984+0000] {taskinstance.py:1206} INFO - Marking task as SUCCESS. dag_id=Proyecto_SpaceX, task_id=Confirmacion_NASA, run_id=scheduled__2024-01-01T00:00:00+00:00, execution_date=20240101T000000, start_date=20240509T194419, end_date=20240509T194439
[2024-05-09T19:44:40.026+0000] {local_task_job_runner.py:240} INFO - Task exited with return code 0
[2024-05-09T19:44:40.049+0000] {taskinstance.py:3498} INFO - 1 downstream tasks scheduled from follow-on schedule check
[2024-05-09T19:44:40.058+0000] {local_task_job_runner.py:222} INFO - ::endgroup::
[2024-05-10T05:20:57.915+0000] {local_task_job_runner.py:120} INFO - ::group::Pre task execution logs
[2024-05-10T05:20:57.950+0000] {taskinstance.py:2076} INFO - Dependencies all met for dep_context=non-requeueable deps ti=<TaskInstance: Proyecto_SpaceX.Confirmacion_NASA scheduled__2024-01-01T00:00:00+00:00 [queued]>
[2024-05-10T05:20:57.964+0000] {taskinstance.py:2076} INFO - Dependencies all met for dep_context=requeueable deps ti=<TaskInstance: Proyecto_SpaceX.Confirmacion_NASA scheduled__2024-01-01T00:00:00+00:00 [queued]>
[2024-05-10T05:20:57.965+0000] {taskinstance.py:2306} INFO - Starting attempt 2 of 4
[2024-05-10T05:20:57.985+0000] {taskinstance.py:2330} INFO - Executing <Task(BashOperator): Confirmacion_NASA> on 2024-01-01 00:00:00+00:00
[2024-05-10T05:20:57.994+0000] {warnings.py:110} WARNING - /home/***/.local/lib/python3.12/site-packages/***/task/task_runner/standard_task_runner.py:61: DeprecationWarning: This process (pid=123) is multi-threaded, use of fork() may lead to deadlocks in the child.
  pid = os.fork()

[2024-05-10T05:20:57.996+0000] {standard_task_runner.py:90} INFO - Running: ['***', 'tasks', 'run', 'Proyecto_SpaceX', 'Confirmacion_NASA', 'scheduled__2024-01-01T00:00:00+00:00', '--job-id', '1022', '--raw', '--subdir', 'DAGS_FOLDER/Proyecto_SpaceX.py', '--cfg-path', '/tmp/tmp07thtxf6']
[2024-05-10T05:20:58.020+0000] {standard_task_runner.py:63} INFO - Started process 125 to run task
[2024-05-10T05:20:58.025+0000] {standard_task_runner.py:91} INFO - Job 1022: Subtask Confirmacion_NASA
[2024-05-10T05:20:58.135+0000] {task_command.py:426} INFO - Running <TaskInstance: Proyecto_SpaceX.Confirmacion_NASA scheduled__2024-01-01T00:00:00+00:00 [running]> on host 1b7f0b10dd99
[2024-05-10T05:20:58.291+0000] {taskinstance.py:2648} INFO - Exporting env vars: AIRFLOW_CTX_DAG_OWNER='***' AIRFLOW_CTX_DAG_ID='Proyecto_SpaceX' AIRFLOW_CTX_TASK_ID='Confirmacion_NASA' AIRFLOW_CTX_EXECUTION_DATE='2024-01-01T00:00:00+00:00' AIRFLOW_CTX_TRY_NUMBER='2' AIRFLOW_CTX_DAG_RUN_ID='scheduled__2024-01-01T00:00:00+00:00'
[2024-05-10T05:20:58.294+0000] {taskinstance.py:430} INFO - ::endgroup::
[2024-05-10T05:20:58.352+0000] {subprocess.py:63} INFO - Tmp dir root location: /tmp
[2024-05-10T05:20:58.353+0000] {subprocess.py:75} INFO - Running command: ['/usr/bin/bash', '-c', "sleep 20 && echo 'Confirmación, puede proceder' > /tmp/response_20240101.txt"]
[2024-05-10T05:20:58.363+0000] {subprocess.py:86} INFO - Output:
[2024-05-10T05:21:18.372+0000] {subprocess.py:97} INFO - Command exited with return code 0
[2024-05-10T05:21:18.374+0000] {taskinstance.py:441} INFO - ::group::Post task execution logs
[2024-05-10T05:21:18.408+0000] {taskinstance.py:1206} INFO - Marking task as SUCCESS. dag_id=Proyecto_SpaceX, task_id=Confirmacion_NASA, run_id=scheduled__2024-01-01T00:00:00+00:00, execution_date=20240101T000000, start_date=20240510T052057, end_date=20240510T052118
[2024-05-10T05:21:18.447+0000] {local_task_job_runner.py:240} INFO - Task exited with return code 0
[2024-05-10T05:21:18.475+0000] {taskinstance.py:3498} INFO - 1 downstream tasks scheduled from follow-on schedule check
[2024-05-10T05:21:18.479+0000] {local_task_job_runner.py:222} INFO - ::endgroup::
