[2024-05-07T23:27:51.430+0000] {local_task_job_runner.py:120} INFO - ::group::Pre task execution logs
[2024-05-07T23:27:51.482+0000] {taskinstance.py:2076} INFO - Dependencies all met for dep_context=non-requeueable deps ti=<TaskInstance: 5.1_orquestacion.tarea2 scheduled__2024-05-06T00:00:00+00:00 [queued]>
[2024-05-07T23:27:51.498+0000] {taskinstance.py:2076} INFO - Dependencies all met for dep_context=requeueable deps ti=<TaskInstance: 5.1_orquestacion.tarea2 scheduled__2024-05-06T00:00:00+00:00 [queued]>
[2024-05-07T23:27:51.499+0000] {taskinstance.py:2306} INFO - Starting attempt 1 of 1
[2024-05-07T23:27:51.589+0000] {taskinstance.py:2330} INFO - Executing <Task(BashOperator): tarea2> on 2024-05-06 00:00:00+00:00
[2024-05-07T23:27:51.596+0000] {warnings.py:110} WARNING - /home/***/.local/lib/python3.12/site-packages/***/task/task_runner/standard_task_runner.py:61: DeprecationWarning: This process (pid=2500) is multi-threaded, use of fork() may lead to deadlocks in the child.
  pid = os.fork()

[2024-05-07T23:27:51.599+0000] {standard_task_runner.py:63} INFO - Started process 2510 to run task
[2024-05-07T23:27:51.605+0000] {standard_task_runner.py:90} INFO - Running: ['***', 'tasks', 'run', '5.1_orquestacion', 'tarea2', 'scheduled__2024-05-06T00:00:00+00:00', '--job-id', '30', '--raw', '--subdir', 'DAGS_FOLDER/051_orquestacion.py', '--cfg-path', '/tmp/tmpbjdkb1u8']
[2024-05-07T23:27:51.606+0000] {standard_task_runner.py:91} INFO - Job 30: Subtask tarea2
[2024-05-07T23:27:51.687+0000] {task_command.py:426} INFO - Running <TaskInstance: 5.1_orquestacion.tarea2 scheduled__2024-05-06T00:00:00+00:00 [running]> on host 521bf890d837
[2024-05-07T23:27:51.834+0000] {taskinstance.py:2648} INFO - Exporting env vars: AIRFLOW_CTX_DAG_OWNER='***' AIRFLOW_CTX_DAG_ID='5.1_orquestacion' AIRFLOW_CTX_TASK_ID='tarea2' AIRFLOW_CTX_EXECUTION_DATE='2024-05-06T00:00:00+00:00' AIRFLOW_CTX_TRY_NUMBER='1' AIRFLOW_CTX_DAG_RUN_ID='scheduled__2024-05-06T00:00:00+00:00'
[2024-05-07T23:27:51.836+0000] {taskinstance.py:430} INFO - ::endgroup::
[2024-05-07T23:27:51.859+0000] {subprocess.py:63} INFO - Tmp dir root location: /tmp
[2024-05-07T23:27:51.861+0000] {subprocess.py:75} INFO - Running command: ['/usr/bin/bash', '-c', "sleep 2 && echo 'Tarea 2'"]
[2024-05-07T23:27:51.891+0000] {subprocess.py:86} INFO - Output:
[2024-05-07T23:27:53.895+0000] {subprocess.py:93} INFO - Tarea 2
[2024-05-07T23:27:53.896+0000] {subprocess.py:97} INFO - Command exited with return code 0
[2024-05-07T23:27:53.897+0000] {taskinstance.py:441} INFO - ::group::Post task execution logs
[2024-05-07T23:27:53.920+0000] {taskinstance.py:1206} INFO - Marking task as SUCCESS. dag_id=5.1_orquestacion, task_id=tarea2, run_id=scheduled__2024-05-06T00:00:00+00:00, execution_date=20240506T000000, start_date=20240507T232751, end_date=20240507T232753
[2024-05-07T23:27:53.987+0000] {local_task_job_runner.py:240} INFO - Task exited with return code 0
[2024-05-07T23:27:54.010+0000] {taskinstance.py:3498} INFO - 2 downstream tasks scheduled from follow-on schedule check
[2024-05-07T23:27:54.015+0000] {local_task_job_runner.py:222} INFO - ::endgroup::
