[2024-05-09T20:02:14.291+0000] {local_task_job_runner.py:120} INFO - ::group::Pre task execution logs
[2024-05-09T20:02:14.310+0000] {taskinstance.py:2076} INFO - Dependencies all met for dep_context=non-requeueable deps ti=<TaskInstance: Proyecto_SpaceX.Leer_Datos_Respuesta_Satelite scheduled__2024-03-01T00:00:00+00:00 [queued]>
[2024-05-09T20:02:14.319+0000] {taskinstance.py:2076} INFO - Dependencies all met for dep_context=requeueable deps ti=<TaskInstance: Proyecto_SpaceX.Leer_Datos_Respuesta_Satelite scheduled__2024-03-01T00:00:00+00:00 [queued]>
[2024-05-09T20:02:14.320+0000] {taskinstance.py:2306} INFO - Starting attempt 3 of 3
[2024-05-09T20:02:14.464+0000] {taskinstance.py:2330} INFO - Executing <Task(BashOperator): Leer_Datos_Respuesta_Satelite> on 2024-03-01 00:00:00+00:00
[2024-05-09T20:02:14.472+0000] {warnings.py:110} WARNING - /home/***/.local/lib/python3.12/site-packages/***/task/task_runner/standard_task_runner.py:61: DeprecationWarning: This process (pid=1274) is multi-threaded, use of fork() may lead to deadlocks in the child.
  pid = os.fork()

[2024-05-09T20:02:14.474+0000] {standard_task_runner.py:63} INFO - Started process 1276 to run task
[2024-05-09T20:02:14.473+0000] {standard_task_runner.py:90} INFO - Running: ['***', 'tasks', 'run', 'Proyecto_SpaceX', 'Leer_Datos_Respuesta_Satelite', 'scheduled__2024-03-01T00:00:00+00:00', '--job-id', '982', '--raw', '--subdir', 'DAGS_FOLDER/Proyecto_SpaceX.py', '--cfg-path', '/tmp/tmpkpgp5k7z']
[2024-05-09T20:02:14.476+0000] {standard_task_runner.py:91} INFO - Job 982: Subtask Leer_Datos_Respuesta_Satelite
[2024-05-09T20:02:14.518+0000] {task_command.py:426} INFO - Running <TaskInstance: Proyecto_SpaceX.Leer_Datos_Respuesta_Satelite scheduled__2024-03-01T00:00:00+00:00 [running]> on host 7a81a983afb0
[2024-05-09T20:02:14.590+0000] {taskinstance.py:2648} INFO - Exporting env vars: AIRFLOW_CTX_DAG_OWNER='***' AIRFLOW_CTX_DAG_ID='Proyecto_SpaceX' AIRFLOW_CTX_TASK_ID='Leer_Datos_Respuesta_Satelite' AIRFLOW_CTX_EXECUTION_DATE='2024-03-01T00:00:00+00:00' AIRFLOW_CTX_TRY_NUMBER='3' AIRFLOW_CTX_DAG_RUN_ID='scheduled__2024-03-01T00:00:00+00:00'
[2024-05-09T20:02:14.592+0000] {taskinstance.py:430} INFO - ::endgroup::
[2024-05-09T20:02:14.605+0000] {subprocess.py:63} INFO - Tmp dir root location: /tmp
[2024-05-09T20:02:14.606+0000] {subprocess.py:75} INFO - Running command: ['/usr/bin/bash', '-c', 'ls /tmp && head /tmp/platzi_data_20240301.csv']
[2024-05-09T20:02:14.616+0000] {subprocess.py:86} INFO - Output:
[2024-05-09T20:02:14.618+0000] {subprocess.py:93} INFO - ***tmpue5mq297
[2024-05-09T20:02:14.619+0000] {subprocess.py:93} INFO - platzi_data_20240101.csv
[2024-05-09T20:02:14.620+0000] {subprocess.py:93} INFO - platzi_data_20240201.csv
[2024-05-09T20:02:14.621+0000] {subprocess.py:93} INFO - platzi_data_20240301.csv
[2024-05-09T20:02:14.621+0000] {subprocess.py:93} INFO - pymp-lgtt6ocg
[2024-05-09T20:02:14.622+0000] {subprocess.py:93} INFO - response_20240101.txt
[2024-05-09T20:02:14.623+0000] {subprocess.py:93} INFO - response_20240201.txt
[2024-05-09T20:02:14.623+0000] {subprocess.py:93} INFO - response_20240301.txt
[2024-05-09T20:02:14.624+0000] {subprocess.py:93} INFO - Student,timestamp
[2024-05-09T20:02:14.624+0000] {subprocess.py:93} INFO - Maria Cruz,2024-03-01 00:00:00+00:00
[2024-05-09T20:02:14.624+0000] {subprocess.py:93} INFO - Daniel Crema,2024-03-01 00:00:00+00:00
[2024-05-09T20:02:14.625+0000] {subprocess.py:93} INFO - Elon Musk,2024-03-01 00:00:00+00:00
[2024-05-09T20:02:14.625+0000] {subprocess.py:93} INFO - Karol Castrejon,2024-03-01 00:00:00+00:00
[2024-05-09T20:02:14.626+0000] {subprocess.py:93} INFO - Freddy Vega,2024-03-01 00:00:00+00:00
[2024-05-09T20:02:14.627+0000] {subprocess.py:93} INFO - Felipe Duque,2024-03-01 00:00:00+00:00
[2024-05-09T20:02:14.627+0000] {subprocess.py:97} INFO - Command exited with return code 0
[2024-05-09T20:02:14.628+0000] {taskinstance.py:441} INFO - ::group::Post task execution logs
[2024-05-09T20:02:14.648+0000] {taskinstance.py:1206} INFO - Marking task as SUCCESS. dag_id=Proyecto_SpaceX, task_id=Leer_Datos_Respuesta_Satelite, run_id=scheduled__2024-03-01T00:00:00+00:00, execution_date=20240301T000000, start_date=20240509T200214, end_date=20240509T200214
[2024-05-09T20:02:14.688+0000] {local_task_job_runner.py:240} INFO - Task exited with return code 0
[2024-05-09T20:02:14.705+0000] {taskinstance.py:3498} INFO - 1 downstream tasks scheduled from follow-on schedule check
[2024-05-09T20:02:14.708+0000] {local_task_job_runner.py:222} INFO - ::endgroup::
[2024-05-10T05:45:55.872+0000] {local_task_job_runner.py:120} INFO - ::group::Pre task execution logs
[2024-05-10T05:45:55.912+0000] {taskinstance.py:2076} INFO - Dependencies all met for dep_context=non-requeueable deps ti=<TaskInstance: Proyecto_SpaceX.Leer_Datos_Respuesta_Satelite scheduled__2024-03-01T00:00:00+00:00 [queued]>
[2024-05-10T05:45:55.923+0000] {taskinstance.py:2076} INFO - Dependencies all met for dep_context=requeueable deps ti=<TaskInstance: Proyecto_SpaceX.Leer_Datos_Respuesta_Satelite scheduled__2024-03-01T00:00:00+00:00 [queued]>
[2024-05-10T05:45:55.925+0000] {taskinstance.py:2306} INFO - Starting attempt 3 of 3
[2024-05-10T05:45:56.110+0000] {taskinstance.py:2330} INFO - Executing <Task(BashOperator): Leer_Datos_Respuesta_Satelite> on 2024-03-01 00:00:00+00:00
[2024-05-10T05:45:56.119+0000] {warnings.py:110} WARNING - /home/***/.local/lib/python3.12/site-packages/***/task/task_runner/standard_task_runner.py:61: DeprecationWarning: This process (pid=585) is multi-threaded, use of fork() may lead to deadlocks in the child.
  pid = os.fork()

[2024-05-10T05:45:56.121+0000] {standard_task_runner.py:63} INFO - Started process 587 to run task
[2024-05-10T05:45:56.121+0000] {standard_task_runner.py:90} INFO - Running: ['***', 'tasks', 'run', 'Proyecto_SpaceX', 'Leer_Datos_Respuesta_Satelite', 'scheduled__2024-03-01T00:00:00+00:00', '--job-id', '1056', '--raw', '--subdir', 'DAGS_FOLDER/Proyecto_SpaceX.py', '--cfg-path', '/tmp/tmpm04k0x0n']
[2024-05-10T05:45:56.125+0000] {standard_task_runner.py:91} INFO - Job 1056: Subtask Leer_Datos_Respuesta_Satelite
[2024-05-10T05:45:56.199+0000] {task_command.py:426} INFO - Running <TaskInstance: Proyecto_SpaceX.Leer_Datos_Respuesta_Satelite scheduled__2024-03-01T00:00:00+00:00 [running]> on host 1b7f0b10dd99
[2024-05-10T05:45:56.328+0000] {taskinstance.py:2648} INFO - Exporting env vars: AIRFLOW_CTX_DAG_OWNER='***' AIRFLOW_CTX_DAG_ID='Proyecto_SpaceX' AIRFLOW_CTX_TASK_ID='Leer_Datos_Respuesta_Satelite' AIRFLOW_CTX_EXECUTION_DATE='2024-03-01T00:00:00+00:00' AIRFLOW_CTX_TRY_NUMBER='3' AIRFLOW_CTX_DAG_RUN_ID='scheduled__2024-03-01T00:00:00+00:00'
[2024-05-10T05:45:56.330+0000] {taskinstance.py:430} INFO - ::endgroup::
[2024-05-10T05:45:56.355+0000] {subprocess.py:63} INFO - Tmp dir root location: /tmp
[2024-05-10T05:45:56.360+0000] {subprocess.py:75} INFO - Running command: ['/usr/bin/bash', '-c', 'ls /tmp && head /tmp/platzi_data_20240301.csv']
[2024-05-10T05:45:56.377+0000] {subprocess.py:86} INFO - Output:
[2024-05-10T05:45:56.381+0000] {subprocess.py:93} INFO - ***tmpd_1gmk5e
[2024-05-10T05:45:56.383+0000] {subprocess.py:93} INFO - platzi_data_20240101.csv
[2024-05-10T05:45:56.384+0000] {subprocess.py:93} INFO - platzi_data_20240201.csv
[2024-05-10T05:45:56.385+0000] {subprocess.py:93} INFO - platzi_data_20240301.csv
[2024-05-10T05:45:56.386+0000] {subprocess.py:93} INFO - pymp-uyxtzsi7
[2024-05-10T05:45:56.387+0000] {subprocess.py:93} INFO - response_20240101.txt
[2024-05-10T05:45:56.388+0000] {subprocess.py:93} INFO - response_20240201.txt
[2024-05-10T05:45:56.389+0000] {subprocess.py:93} INFO - response_20240301.txt
[2024-05-10T05:45:56.390+0000] {subprocess.py:93} INFO - Student,timestamp
[2024-05-10T05:45:56.392+0000] {subprocess.py:93} INFO - Maria Cruz,2024-03-01 00:00:00+00:00
[2024-05-10T05:45:56.393+0000] {subprocess.py:93} INFO - Daniel Crema,2024-03-01 00:00:00+00:00
[2024-05-10T05:45:56.394+0000] {subprocess.py:93} INFO - Elon Musk,2024-03-01 00:00:00+00:00
[2024-05-10T05:45:56.395+0000] {subprocess.py:93} INFO - Karol Castrejon,2024-03-01 00:00:00+00:00
[2024-05-10T05:45:56.396+0000] {subprocess.py:93} INFO - Freddy Vega,2024-03-01 00:00:00+00:00
[2024-05-10T05:45:56.397+0000] {subprocess.py:93} INFO - Felipe Duque,2024-03-01 00:00:00+00:00
[2024-05-10T05:45:56.398+0000] {subprocess.py:97} INFO - Command exited with return code 0
[2024-05-10T05:45:56.399+0000] {taskinstance.py:441} INFO - ::group::Post task execution logs
[2024-05-10T05:45:56.430+0000] {taskinstance.py:1206} INFO - Marking task as SUCCESS. dag_id=Proyecto_SpaceX, task_id=Leer_Datos_Respuesta_Satelite, run_id=scheduled__2024-03-01T00:00:00+00:00, execution_date=20240301T000000, start_date=20240510T054555, end_date=20240510T054556
[2024-05-10T05:45:56.498+0000] {local_task_job_runner.py:240} INFO - Task exited with return code 0
[2024-05-10T05:45:56.548+0000] {taskinstance.py:3498} INFO - 1 downstream tasks scheduled from follow-on schedule check
[2024-05-10T05:45:56.555+0000] {local_task_job_runner.py:222} INFO - ::endgroup::
