[2024-05-09T19:45:40.925+0000] {local_task_job_runner.py:120} INFO - ::group::Pre task execution logs
[2024-05-09T19:45:40.941+0000] {taskinstance.py:2076} INFO - Dependencies all met for dep_context=non-requeueable deps ti=<TaskInstance: Proyecto_SpaceX.Leer_Datos_Respuesta_Satelite scheduled__2024-03-01T00:00:00+00:00 [queued]>
[2024-05-09T19:45:40.949+0000] {taskinstance.py:2076} INFO - Dependencies all met for dep_context=requeueable deps ti=<TaskInstance: Proyecto_SpaceX.Leer_Datos_Respuesta_Satelite scheduled__2024-03-01T00:00:00+00:00 [queued]>
[2024-05-09T19:45:40.950+0000] {taskinstance.py:2306} INFO - Starting attempt 2 of 2
[2024-05-09T19:45:41.089+0000] {taskinstance.py:2330} INFO - Executing <Task(BashOperator): Leer_Datos_Respuesta_Satelite> on 2024-03-01 00:00:00+00:00
[2024-05-09T19:45:41.095+0000] {warnings.py:110} WARNING - /home/***/.local/lib/python3.12/site-packages/***/task/task_runner/standard_task_runner.py:61: DeprecationWarning: This process (pid=985) is multi-threaded, use of fork() may lead to deadlocks in the child.
  pid = os.fork()

[2024-05-09T19:45:41.097+0000] {standard_task_runner.py:63} INFO - Started process 987 to run task
[2024-05-09T19:45:41.097+0000] {standard_task_runner.py:90} INFO - Running: ['***', 'tasks', 'run', 'Proyecto_SpaceX', 'Leer_Datos_Respuesta_Satelite', 'scheduled__2024-03-01T00:00:00+00:00', '--job-id', '964', '--raw', '--subdir', 'DAGS_FOLDER/Proyecto_SpaceX.py', '--cfg-path', '/tmp/tmpdtf3gi8_']
[2024-05-09T19:45:41.100+0000] {standard_task_runner.py:91} INFO - Job 964: Subtask Leer_Datos_Respuesta_Satelite
[2024-05-09T19:45:41.142+0000] {task_command.py:426} INFO - Running <TaskInstance: Proyecto_SpaceX.Leer_Datos_Respuesta_Satelite scheduled__2024-03-01T00:00:00+00:00 [running]> on host 7a81a983afb0
[2024-05-09T19:45:41.210+0000] {taskinstance.py:2648} INFO - Exporting env vars: AIRFLOW_CTX_DAG_OWNER='***' AIRFLOW_CTX_DAG_ID='Proyecto_SpaceX' AIRFLOW_CTX_TASK_ID='Leer_Datos_Respuesta_Satelite' AIRFLOW_CTX_EXECUTION_DATE='2024-03-01T00:00:00+00:00' AIRFLOW_CTX_TRY_NUMBER='2' AIRFLOW_CTX_DAG_RUN_ID='scheduled__2024-03-01T00:00:00+00:00'
[2024-05-09T19:45:41.211+0000] {taskinstance.py:430} INFO - ::endgroup::
[2024-05-09T19:45:41.225+0000] {subprocess.py:63} INFO - Tmp dir root location: /tmp
[2024-05-09T19:45:41.226+0000] {subprocess.py:75} INFO - Running command: ['/usr/bin/bash', '-c', 'ls /tmp && head /tmp/platzi_data_20240301.csv']
[2024-05-09T19:45:41.237+0000] {subprocess.py:86} INFO - Output:
[2024-05-09T19:45:41.239+0000] {subprocess.py:93} INFO - ***tmppo5lofyc
[2024-05-09T19:45:41.240+0000] {subprocess.py:93} INFO - platzi_data_20240101.csv
[2024-05-09T19:45:41.240+0000] {subprocess.py:93} INFO - platzi_data_20240201.csv
[2024-05-09T19:45:41.240+0000] {subprocess.py:93} INFO - platzi_data_20240301.csv
[2024-05-09T19:45:41.241+0000] {subprocess.py:93} INFO - pymp-lgtt6ocg
[2024-05-09T19:45:41.241+0000] {subprocess.py:93} INFO - response_20240101.txt
[2024-05-09T19:45:41.242+0000] {subprocess.py:93} INFO - response_20240201.txt
[2024-05-09T19:45:41.242+0000] {subprocess.py:93} INFO - response_20240301.txt
[2024-05-09T19:45:41.243+0000] {subprocess.py:93} INFO - Student,timestamp
[2024-05-09T19:45:41.243+0000] {subprocess.py:93} INFO - Maria Cruz,2024-03-01 00:00:00+00:00
[2024-05-09T19:45:41.244+0000] {subprocess.py:93} INFO - Daniel Crema,2024-03-01 00:00:00+00:00
[2024-05-09T19:45:41.244+0000] {subprocess.py:93} INFO - Elon Musk,2024-03-01 00:00:00+00:00
[2024-05-09T19:45:41.245+0000] {subprocess.py:93} INFO - Karol Castrejon,2024-03-01 00:00:00+00:00
[2024-05-09T19:45:41.245+0000] {subprocess.py:93} INFO - Freddy Vega,2024-03-01 00:00:00+00:00
[2024-05-09T19:45:41.246+0000] {subprocess.py:93} INFO - Felipe Duque,2024-03-01 00:00:00+00:00
[2024-05-09T19:45:41.246+0000] {subprocess.py:97} INFO - Command exited with return code 0
[2024-05-09T19:45:41.247+0000] {taskinstance.py:441} INFO - ::group::Post task execution logs
[2024-05-09T19:45:41.268+0000] {taskinstance.py:1206} INFO - Marking task as SUCCESS. dag_id=Proyecto_SpaceX, task_id=Leer_Datos_Respuesta_Satelite, run_id=scheduled__2024-03-01T00:00:00+00:00, execution_date=20240301T000000, start_date=20240509T194540, end_date=20240509T194541
[2024-05-09T19:45:41.312+0000] {local_task_job_runner.py:240} INFO - Task exited with return code 0
[2024-05-09T19:45:41.330+0000] {taskinstance.py:3498} INFO - 1 downstream tasks scheduled from follow-on schedule check
[2024-05-09T19:45:41.333+0000] {local_task_job_runner.py:222} INFO - ::endgroup::
[2024-05-10T05:22:23.697+0000] {local_task_job_runner.py:120} INFO - ::group::Pre task execution logs
[2024-05-10T05:22:23.749+0000] {taskinstance.py:2076} INFO - Dependencies all met for dep_context=non-requeueable deps ti=<TaskInstance: Proyecto_SpaceX.Leer_Datos_Respuesta_Satelite scheduled__2024-03-01T00:00:00+00:00 [queued]>
[2024-05-10T05:22:23.759+0000] {taskinstance.py:2076} INFO - Dependencies all met for dep_context=requeueable deps ti=<TaskInstance: Proyecto_SpaceX.Leer_Datos_Respuesta_Satelite scheduled__2024-03-01T00:00:00+00:00 [queued]>
[2024-05-10T05:22:23.760+0000] {taskinstance.py:2306} INFO - Starting attempt 2 of 2
[2024-05-10T05:22:24.047+0000] {taskinstance.py:2330} INFO - Executing <Task(BashOperator): Leer_Datos_Respuesta_Satelite> on 2024-03-01 00:00:00+00:00
[2024-05-10T05:22:24.058+0000] {warnings.py:110} WARNING - /home/***/.local/lib/python3.12/site-packages/***/task/task_runner/standard_task_runner.py:61: DeprecationWarning: This process (pid=211) is multi-threaded, use of fork() may lead to deadlocks in the child.
  pid = os.fork()

[2024-05-10T05:22:24.062+0000] {standard_task_runner.py:63} INFO - Started process 213 to run task
[2024-05-10T05:22:24.061+0000] {standard_task_runner.py:90} INFO - Running: ['***', 'tasks', 'run', 'Proyecto_SpaceX', 'Leer_Datos_Respuesta_Satelite', 'scheduled__2024-03-01T00:00:00+00:00', '--job-id', '1038', '--raw', '--subdir', 'DAGS_FOLDER/Proyecto_SpaceX.py', '--cfg-path', '/tmp/tmpgdb_9tb_']
[2024-05-10T05:22:24.065+0000] {standard_task_runner.py:91} INFO - Job 1038: Subtask Leer_Datos_Respuesta_Satelite
[2024-05-10T05:22:24.257+0000] {task_command.py:426} INFO - Running <TaskInstance: Proyecto_SpaceX.Leer_Datos_Respuesta_Satelite scheduled__2024-03-01T00:00:00+00:00 [running]> on host 1b7f0b10dd99
[2024-05-10T05:22:24.637+0000] {taskinstance.py:2648} INFO - Exporting env vars: AIRFLOW_CTX_DAG_OWNER='***' AIRFLOW_CTX_DAG_ID='Proyecto_SpaceX' AIRFLOW_CTX_TASK_ID='Leer_Datos_Respuesta_Satelite' AIRFLOW_CTX_EXECUTION_DATE='2024-03-01T00:00:00+00:00' AIRFLOW_CTX_TRY_NUMBER='2' AIRFLOW_CTX_DAG_RUN_ID='scheduled__2024-03-01T00:00:00+00:00'
[2024-05-10T05:22:24.639+0000] {taskinstance.py:430} INFO - ::endgroup::
[2024-05-10T05:22:24.657+0000] {subprocess.py:63} INFO - Tmp dir root location: /tmp
[2024-05-10T05:22:24.658+0000] {subprocess.py:75} INFO - Running command: ['/usr/bin/bash', '-c', 'ls /tmp && head /tmp/platzi_data_20240301.csv']
[2024-05-10T05:22:24.670+0000] {subprocess.py:86} INFO - Output:
[2024-05-10T05:22:24.700+0000] {subprocess.py:93} INFO - ***tmplpl_0lw8
[2024-05-10T05:22:24.701+0000] {subprocess.py:93} INFO - platzi_data_20240101.csv
[2024-05-10T05:22:24.702+0000] {subprocess.py:93} INFO - platzi_data_20240201.csv
[2024-05-10T05:22:24.703+0000] {subprocess.py:93} INFO - platzi_data_20240301.csv
[2024-05-10T05:22:24.704+0000] {subprocess.py:93} INFO - pymp-uyxtzsi7
[2024-05-10T05:22:24.705+0000] {subprocess.py:93} INFO - response_20240101.txt
[2024-05-10T05:22:24.708+0000] {subprocess.py:93} INFO - response_20240201.txt
[2024-05-10T05:22:24.708+0000] {subprocess.py:93} INFO - response_20240301.txt
[2024-05-10T05:22:24.723+0000] {subprocess.py:93} INFO - Student,timestamp
[2024-05-10T05:22:24.724+0000] {subprocess.py:93} INFO - Maria Cruz,2024-03-01 00:00:00+00:00
[2024-05-10T05:22:24.725+0000] {subprocess.py:93} INFO - Daniel Crema,2024-03-01 00:00:00+00:00
[2024-05-10T05:22:24.726+0000] {subprocess.py:93} INFO - Elon Musk,2024-03-01 00:00:00+00:00
[2024-05-10T05:22:24.727+0000] {subprocess.py:93} INFO - Karol Castrejon,2024-03-01 00:00:00+00:00
[2024-05-10T05:22:24.727+0000] {subprocess.py:93} INFO - Freddy Vega,2024-03-01 00:00:00+00:00
[2024-05-10T05:22:24.728+0000] {subprocess.py:93} INFO - Felipe Duque,2024-03-01 00:00:00+00:00
[2024-05-10T05:22:24.729+0000] {subprocess.py:97} INFO - Command exited with return code 0
[2024-05-10T05:22:24.730+0000] {taskinstance.py:441} INFO - ::group::Post task execution logs
[2024-05-10T05:22:25.560+0000] {taskinstance.py:1206} INFO - Marking task as SUCCESS. dag_id=Proyecto_SpaceX, task_id=Leer_Datos_Respuesta_Satelite, run_id=scheduled__2024-03-01T00:00:00+00:00, execution_date=20240301T000000, start_date=20240510T052223, end_date=20240510T052225
[2024-05-10T05:22:26.293+0000] {local_task_job_runner.py:240} INFO - Task exited with return code 0
[2024-05-10T05:22:26.336+0000] {taskinstance.py:3498} INFO - 1 downstream tasks scheduled from follow-on schedule check
[2024-05-10T05:22:26.780+0000] {local_task_job_runner.py:222} INFO - ::endgroup::
