[2024-05-09T19:18:40.864+0000] {local_task_job_runner.py:120} INFO - ::group::Pre task execution logs
[2024-05-09T19:18:40.883+0000] {taskinstance.py:2076} INFO - Dependencies all met for dep_context=non-requeueable deps ti=<TaskInstance: Proyecto_SpaceX.Leer_Datos_Respuesta_Satelite scheduled__2024-03-01T00:00:00+00:00 [queued]>
[2024-05-09T19:18:40.892+0000] {taskinstance.py:2076} INFO - Dependencies all met for dep_context=requeueable deps ti=<TaskInstance: Proyecto_SpaceX.Leer_Datos_Respuesta_Satelite scheduled__2024-03-01T00:00:00+00:00 [queued]>
[2024-05-09T19:18:40.896+0000] {taskinstance.py:2306} INFO - Starting attempt 1 of 1
[2024-05-09T19:18:41.090+0000] {taskinstance.py:2330} INFO - Executing <Task(BashOperator): Leer_Datos_Respuesta_Satelite> on 2024-03-01 00:00:00+00:00
[2024-05-09T19:18:41.110+0000] {warnings.py:110} WARNING - /home/***/.local/lib/python3.12/site-packages/***/task/task_runner/standard_task_runner.py:61: DeprecationWarning: This process (pid=553) is multi-threaded, use of fork() may lead to deadlocks in the child.
  pid = os.fork()

[2024-05-09T19:18:41.149+0000] {standard_task_runner.py:90} INFO - Running: ['***', 'tasks', 'run', 'Proyecto_SpaceX', 'Leer_Datos_Respuesta_Satelite', 'scheduled__2024-03-01T00:00:00+00:00', '--job-id', '946', '--raw', '--subdir', 'DAGS_FOLDER/Proyecto_SpaceX.py', '--cfg-path', '/tmp/tmp3vt1xwz5']
[2024-05-09T19:18:41.152+0000] {standard_task_runner.py:91} INFO - Job 946: Subtask Leer_Datos_Respuesta_Satelite
[2024-05-09T19:18:41.146+0000] {standard_task_runner.py:63} INFO - Started process 555 to run task
[2024-05-09T19:18:41.239+0000] {task_command.py:426} INFO - Running <TaskInstance: Proyecto_SpaceX.Leer_Datos_Respuesta_Satelite scheduled__2024-03-01T00:00:00+00:00 [running]> on host 7a81a983afb0
[2024-05-09T19:18:41.480+0000] {taskinstance.py:2648} INFO - Exporting env vars: AIRFLOW_CTX_DAG_OWNER='***' AIRFLOW_CTX_DAG_ID='Proyecto_SpaceX' AIRFLOW_CTX_TASK_ID='Leer_Datos_Respuesta_Satelite' AIRFLOW_CTX_EXECUTION_DATE='2024-03-01T00:00:00+00:00' AIRFLOW_CTX_TRY_NUMBER='1' AIRFLOW_CTX_DAG_RUN_ID='scheduled__2024-03-01T00:00:00+00:00'
[2024-05-09T19:18:41.483+0000] {taskinstance.py:430} INFO - ::endgroup::
[2024-05-09T19:18:41.570+0000] {subprocess.py:63} INFO - Tmp dir root location: /tmp
[2024-05-09T19:18:41.572+0000] {subprocess.py:75} INFO - Running command: ['/usr/bin/bash', '-c', 'ls /tmp && head /tmp/platzi_data_20240301.csv']
[2024-05-09T19:18:41.585+0000] {subprocess.py:86} INFO - Output:
[2024-05-09T19:18:41.587+0000] {subprocess.py:93} INFO - ***tmp_52df91d
[2024-05-09T19:18:41.588+0000] {subprocess.py:93} INFO - platzi_data_20240101.csv
[2024-05-09T19:18:41.588+0000] {subprocess.py:93} INFO - platzi_data_20240201.csv
[2024-05-09T19:18:41.590+0000] {subprocess.py:93} INFO - platzi_data_20240301.csv
[2024-05-09T19:18:41.590+0000] {subprocess.py:93} INFO - pymp-lgtt6ocg
[2024-05-09T19:18:41.591+0000] {subprocess.py:93} INFO - response_20240101.txt
[2024-05-09T19:18:41.592+0000] {subprocess.py:93} INFO - response_20240201.txt
[2024-05-09T19:18:41.595+0000] {subprocess.py:93} INFO - response_20240301.txt
[2024-05-09T19:18:41.595+0000] {subprocess.py:93} INFO - Student,timestamp
[2024-05-09T19:18:41.596+0000] {subprocess.py:93} INFO - Maria Cruz,2024-03-01 00:00:00+00:00
[2024-05-09T19:18:41.597+0000] {subprocess.py:93} INFO - Daniel Crema,2024-03-01 00:00:00+00:00
[2024-05-09T19:18:41.598+0000] {subprocess.py:93} INFO - Elon Musk,2024-03-01 00:00:00+00:00
[2024-05-09T19:18:41.599+0000] {subprocess.py:93} INFO - Karol Castrejon,2024-03-01 00:00:00+00:00
[2024-05-09T19:18:41.601+0000] {subprocess.py:93} INFO - Freddy Vega,2024-03-01 00:00:00+00:00
[2024-05-09T19:18:41.602+0000] {subprocess.py:93} INFO - Felipe Duque,2024-03-01 00:00:00+00:00
[2024-05-09T19:18:41.603+0000] {subprocess.py:97} INFO - Command exited with return code 0
[2024-05-09T19:18:41.606+0000] {taskinstance.py:441} INFO - ::group::Post task execution logs
[2024-05-09T19:18:41.678+0000] {taskinstance.py:1206} INFO - Marking task as SUCCESS. dag_id=Proyecto_SpaceX, task_id=Leer_Datos_Respuesta_Satelite, run_id=scheduled__2024-03-01T00:00:00+00:00, execution_date=20240301T000000, start_date=20240509T191840, end_date=20240509T191841
[2024-05-09T19:18:41.824+0000] {local_task_job_runner.py:240} INFO - Task exited with return code 0
[2024-05-09T19:18:41.855+0000] {taskinstance.py:3498} INFO - 1 downstream tasks scheduled from follow-on schedule check
[2024-05-09T19:18:42.001+0000] {local_task_job_runner.py:222} INFO - ::endgroup::
[2024-05-09T21:01:59.644+0000] {local_task_job_runner.py:120} INFO - ::group::Pre task execution logs
[2024-05-09T21:01:59.682+0000] {taskinstance.py:2076} INFO - Dependencies all met for dep_context=non-requeueable deps ti=<TaskInstance: Proyecto_SpaceX.Leer_Datos_Respuesta_Satelite scheduled__2024-03-01T00:00:00+00:00 [queued]>
[2024-05-09T21:01:59.707+0000] {taskinstance.py:2076} INFO - Dependencies all met for dep_context=requeueable deps ti=<TaskInstance: Proyecto_SpaceX.Leer_Datos_Respuesta_Satelite scheduled__2024-03-01T00:00:00+00:00 [queued]>
[2024-05-09T21:01:59.709+0000] {taskinstance.py:2306} INFO - Starting attempt 1 of 1
[2024-05-09T21:01:59.878+0000] {taskinstance.py:2330} INFO - Executing <Task(BashOperator): Leer_Datos_Respuesta_Satelite> on 2024-03-01 00:00:00+00:00
[2024-05-09T21:01:59.887+0000] {warnings.py:110} WARNING - /home/***/.local/lib/python3.12/site-packages/***/task/task_runner/standard_task_runner.py:61: DeprecationWarning: This process (pid=1896) is multi-threaded, use of fork() may lead to deadlocks in the child.
  pid = os.fork()

[2024-05-09T21:01:59.889+0000] {standard_task_runner.py:90} INFO - Running: ['***', 'tasks', 'run', 'Proyecto_SpaceX', 'Leer_Datos_Respuesta_Satelite', 'scheduled__2024-03-01T00:00:00+00:00', '--job-id', '1018', '--raw', '--subdir', 'DAGS_FOLDER/Proyecto_SpaceX.py', '--cfg-path', '/tmp/tmpcdu5b2n2']
[2024-05-09T21:01:59.895+0000] {standard_task_runner.py:63} INFO - Started process 1898 to run task
[2024-05-09T21:01:59.896+0000] {standard_task_runner.py:91} INFO - Job 1018: Subtask Leer_Datos_Respuesta_Satelite
[2024-05-09T21:01:59.953+0000] {task_command.py:426} INFO - Running <TaskInstance: Proyecto_SpaceX.Leer_Datos_Respuesta_Satelite scheduled__2024-03-01T00:00:00+00:00 [running]> on host 7a81a983afb0
[2024-05-09T21:02:00.043+0000] {taskinstance.py:2648} INFO - Exporting env vars: AIRFLOW_CTX_DAG_OWNER='***' AIRFLOW_CTX_DAG_ID='Proyecto_SpaceX' AIRFLOW_CTX_TASK_ID='Leer_Datos_Respuesta_Satelite' AIRFLOW_CTX_EXECUTION_DATE='2024-03-01T00:00:00+00:00' AIRFLOW_CTX_TRY_NUMBER='1' AIRFLOW_CTX_DAG_RUN_ID='scheduled__2024-03-01T00:00:00+00:00'
[2024-05-09T21:02:00.047+0000] {taskinstance.py:430} INFO - ::endgroup::
[2024-05-09T21:02:00.067+0000] {subprocess.py:63} INFO - Tmp dir root location: /tmp
[2024-05-09T21:02:00.069+0000] {subprocess.py:75} INFO - Running command: ['/usr/bin/bash', '-c', 'ls /tmp && head /tmp/platzi_data_20240301.csv']
[2024-05-09T21:02:00.083+0000] {subprocess.py:86} INFO - Output:
[2024-05-09T21:02:00.090+0000] {subprocess.py:93} INFO - ***tmpzp3y8gpa
[2024-05-09T21:02:00.091+0000] {subprocess.py:93} INFO - platzi_data_20240101.csv
[2024-05-09T21:02:00.092+0000] {subprocess.py:93} INFO - platzi_data_20240201.csv
[2024-05-09T21:02:00.093+0000] {subprocess.py:93} INFO - platzi_data_20240301.csv
[2024-05-09T21:02:00.094+0000] {subprocess.py:93} INFO - pymp-lgtt6ocg
[2024-05-09T21:02:00.095+0000] {subprocess.py:93} INFO - response_20240101.txt
[2024-05-09T21:02:00.097+0000] {subprocess.py:93} INFO - response_20240201.txt
[2024-05-09T21:02:00.098+0000] {subprocess.py:93} INFO - response_20240301.txt
[2024-05-09T21:02:00.099+0000] {subprocess.py:93} INFO - Student,timestamp
[2024-05-09T21:02:00.100+0000] {subprocess.py:93} INFO - Maria Cruz,2024-03-01 00:00:00+00:00
[2024-05-09T21:02:00.101+0000] {subprocess.py:93} INFO - Daniel Crema,2024-03-01 00:00:00+00:00
[2024-05-09T21:02:00.102+0000] {subprocess.py:93} INFO - Elon Musk,2024-03-01 00:00:00+00:00
[2024-05-09T21:02:00.104+0000] {subprocess.py:93} INFO - Karol Castrejon,2024-03-01 00:00:00+00:00
[2024-05-09T21:02:00.105+0000] {subprocess.py:93} INFO - Freddy Vega,2024-03-01 00:00:00+00:00
[2024-05-09T21:02:00.106+0000] {subprocess.py:93} INFO - Felipe Duque,2024-03-01 00:00:00+00:00
[2024-05-09T21:02:00.107+0000] {subprocess.py:97} INFO - Command exited with return code 0
[2024-05-09T21:02:00.109+0000] {taskinstance.py:441} INFO - ::group::Post task execution logs
[2024-05-09T21:02:00.153+0000] {taskinstance.py:1206} INFO - Marking task as SUCCESS. dag_id=Proyecto_SpaceX, task_id=Leer_Datos_Respuesta_Satelite, run_id=scheduled__2024-03-01T00:00:00+00:00, execution_date=20240301T000000, start_date=20240509T210159, end_date=20240509T210200
[2024-05-09T21:02:00.234+0000] {local_task_job_runner.py:240} INFO - Task exited with return code 0
[2024-05-09T21:02:00.272+0000] {taskinstance.py:3498} INFO - 1 downstream tasks scheduled from follow-on schedule check
[2024-05-09T21:02:00.276+0000] {local_task_job_runner.py:222} INFO - ::endgroup::
