[2024-05-09T20:20:41.671+0000] {local_task_job_runner.py:120} INFO - ::group::Pre task execution logs
[2024-05-09T20:20:41.687+0000] {taskinstance.py:2076} INFO - Dependencies all met for dep_context=non-requeueable deps ti=<TaskInstance: Proyecto_SpaceX.Leer_Datos_Respuesta_Satelite scheduled__2024-03-01T00:00:00+00:00 [queued]>
[2024-05-09T20:20:41.695+0000] {taskinstance.py:2076} INFO - Dependencies all met for dep_context=requeueable deps ti=<TaskInstance: Proyecto_SpaceX.Leer_Datos_Respuesta_Satelite scheduled__2024-03-01T00:00:00+00:00 [queued]>
[2024-05-09T20:20:41.697+0000] {taskinstance.py:2306} INFO - Starting attempt 4 of 4
[2024-05-09T20:20:41.814+0000] {taskinstance.py:2330} INFO - Executing <Task(BashOperator): Leer_Datos_Respuesta_Satelite> on 2024-03-01 00:00:00+00:00
[2024-05-09T20:20:41.821+0000] {warnings.py:110} WARNING - /home/***/.local/lib/python3.12/site-packages/***/task/task_runner/standard_task_runner.py:61: DeprecationWarning: This process (pid=1589) is multi-threaded, use of fork() may lead to deadlocks in the child.
  pid = os.fork()

[2024-05-09T20:20:41.823+0000] {standard_task_runner.py:63} INFO - Started process 1591 to run task
[2024-05-09T20:20:41.823+0000] {standard_task_runner.py:90} INFO - Running: ['***', 'tasks', 'run', 'Proyecto_SpaceX', 'Leer_Datos_Respuesta_Satelite', 'scheduled__2024-03-01T00:00:00+00:00', '--job-id', '1000', '--raw', '--subdir', 'DAGS_FOLDER/Proyecto_SpaceX.py', '--cfg-path', '/tmp/tmp3p_b9yz5']
[2024-05-09T20:20:41.825+0000] {standard_task_runner.py:91} INFO - Job 1000: Subtask Leer_Datos_Respuesta_Satelite
[2024-05-09T20:20:41.862+0000] {task_command.py:426} INFO - Running <TaskInstance: Proyecto_SpaceX.Leer_Datos_Respuesta_Satelite scheduled__2024-03-01T00:00:00+00:00 [running]> on host 7a81a983afb0
[2024-05-09T20:20:41.930+0000] {taskinstance.py:2648} INFO - Exporting env vars: AIRFLOW_CTX_DAG_OWNER='***' AIRFLOW_CTX_DAG_ID='Proyecto_SpaceX' AIRFLOW_CTX_TASK_ID='Leer_Datos_Respuesta_Satelite' AIRFLOW_CTX_EXECUTION_DATE='2024-03-01T00:00:00+00:00' AIRFLOW_CTX_TRY_NUMBER='4' AIRFLOW_CTX_DAG_RUN_ID='scheduled__2024-03-01T00:00:00+00:00'
[2024-05-09T20:20:41.932+0000] {taskinstance.py:430} INFO - ::endgroup::
[2024-05-09T20:20:41.942+0000] {subprocess.py:63} INFO - Tmp dir root location: /tmp
[2024-05-09T20:20:41.944+0000] {subprocess.py:75} INFO - Running command: ['/usr/bin/bash', '-c', 'ls /tmp && head /tmp/platzi_data_20240301.csv']
[2024-05-09T20:20:41.953+0000] {subprocess.py:86} INFO - Output:
[2024-05-09T20:20:41.955+0000] {subprocess.py:93} INFO - ***tmphgnfhvhb
[2024-05-09T20:20:41.961+0000] {subprocess.py:93} INFO - platzi_data_20240101.csv
[2024-05-09T20:20:41.963+0000] {subprocess.py:93} INFO - platzi_data_20240201.csv
[2024-05-09T20:20:41.964+0000] {subprocess.py:93} INFO - platzi_data_20240301.csv
[2024-05-09T20:20:41.965+0000] {subprocess.py:93} INFO - pymp-lgtt6ocg
[2024-05-09T20:20:41.966+0000] {subprocess.py:93} INFO - response_20240101.txt
[2024-05-09T20:20:41.967+0000] {subprocess.py:93} INFO - response_20240201.txt
[2024-05-09T20:20:41.968+0000] {subprocess.py:93} INFO - response_20240301.txt
[2024-05-09T20:20:41.971+0000] {subprocess.py:93} INFO - Student,timestamp
[2024-05-09T20:20:41.973+0000] {subprocess.py:93} INFO - Maria Cruz,2024-03-01 00:00:00+00:00
[2024-05-09T20:20:41.974+0000] {subprocess.py:93} INFO - Daniel Crema,2024-03-01 00:00:00+00:00
[2024-05-09T20:20:41.975+0000] {subprocess.py:93} INFO - Elon Musk,2024-03-01 00:00:00+00:00
[2024-05-09T20:20:41.976+0000] {subprocess.py:93} INFO - Karol Castrejon,2024-03-01 00:00:00+00:00
[2024-05-09T20:20:41.977+0000] {subprocess.py:93} INFO - Freddy Vega,2024-03-01 00:00:00+00:00
[2024-05-09T20:20:41.978+0000] {subprocess.py:93} INFO - Felipe Duque,2024-03-01 00:00:00+00:00
[2024-05-09T20:20:41.979+0000] {subprocess.py:97} INFO - Command exited with return code 0
[2024-05-09T20:20:41.980+0000] {taskinstance.py:441} INFO - ::group::Post task execution logs
[2024-05-09T20:20:42.007+0000] {taskinstance.py:1206} INFO - Marking task as SUCCESS. dag_id=Proyecto_SpaceX, task_id=Leer_Datos_Respuesta_Satelite, run_id=scheduled__2024-03-01T00:00:00+00:00, execution_date=20240301T000000, start_date=20240509T202041, end_date=20240509T202042
[2024-05-09T20:20:42.038+0000] {local_task_job_runner.py:240} INFO - Task exited with return code 0
[2024-05-09T20:20:42.056+0000] {taskinstance.py:3498} INFO - 1 downstream tasks scheduled from follow-on schedule check
[2024-05-09T20:20:42.059+0000] {local_task_job_runner.py:222} INFO - ::endgroup::
[2024-05-10T05:55:37.231+0000] {local_task_job_runner.py:120} INFO - ::group::Pre task execution logs
[2024-05-10T05:55:37.249+0000] {taskinstance.py:2076} INFO - Dependencies all met for dep_context=non-requeueable deps ti=<TaskInstance: Proyecto_SpaceX.Leer_Datos_Respuesta_Satelite scheduled__2024-03-01T00:00:00+00:00 [queued]>
[2024-05-10T05:55:37.256+0000] {taskinstance.py:2076} INFO - Dependencies all met for dep_context=requeueable deps ti=<TaskInstance: Proyecto_SpaceX.Leer_Datos_Respuesta_Satelite scheduled__2024-03-01T00:00:00+00:00 [queued]>
[2024-05-10T05:55:37.258+0000] {taskinstance.py:2306} INFO - Starting attempt 4 of 4
[2024-05-10T05:55:37.396+0000] {taskinstance.py:2330} INFO - Executing <Task(BashOperator): Leer_Datos_Respuesta_Satelite> on 2024-03-01 00:00:00+00:00
[2024-05-10T05:55:37.403+0000] {warnings.py:110} WARNING - /home/***/.local/lib/python3.12/site-packages/***/task/task_runner/standard_task_runner.py:61: DeprecationWarning: This process (pid=779) is multi-threaded, use of fork() may lead to deadlocks in the child.
  pid = os.fork()

[2024-05-10T05:55:37.405+0000] {standard_task_runner.py:63} INFO - Started process 781 to run task
[2024-05-10T05:55:37.405+0000] {standard_task_runner.py:90} INFO - Running: ['***', 'tasks', 'run', 'Proyecto_SpaceX', 'Leer_Datos_Respuesta_Satelite', 'scheduled__2024-03-01T00:00:00+00:00', '--job-id', '1074', '--raw', '--subdir', 'DAGS_FOLDER/Proyecto_SpaceX.py', '--cfg-path', '/tmp/tmpbsg42kyr']
[2024-05-10T05:55:37.438+0000] {standard_task_runner.py:91} INFO - Job 1074: Subtask Leer_Datos_Respuesta_Satelite
[2024-05-10T05:55:37.504+0000] {task_command.py:426} INFO - Running <TaskInstance: Proyecto_SpaceX.Leer_Datos_Respuesta_Satelite scheduled__2024-03-01T00:00:00+00:00 [running]> on host 1b7f0b10dd99
[2024-05-10T05:55:37.582+0000] {taskinstance.py:2648} INFO - Exporting env vars: AIRFLOW_CTX_DAG_OWNER='***' AIRFLOW_CTX_DAG_ID='Proyecto_SpaceX' AIRFLOW_CTX_TASK_ID='Leer_Datos_Respuesta_Satelite' AIRFLOW_CTX_EXECUTION_DATE='2024-03-01T00:00:00+00:00' AIRFLOW_CTX_TRY_NUMBER='4' AIRFLOW_CTX_DAG_RUN_ID='scheduled__2024-03-01T00:00:00+00:00'
[2024-05-10T05:55:37.586+0000] {taskinstance.py:430} INFO - ::endgroup::
[2024-05-10T05:55:37.600+0000] {subprocess.py:63} INFO - Tmp dir root location: /tmp
[2024-05-10T05:55:37.626+0000] {subprocess.py:75} INFO - Running command: ['/usr/bin/bash', '-c', 'ls /tmp && head /tmp/platzi_data_20240301.csv']
[2024-05-10T05:55:37.639+0000] {subprocess.py:86} INFO - Output:
[2024-05-10T05:55:37.655+0000] {subprocess.py:93} INFO - ***tmpyrhbg8y0
[2024-05-10T05:55:37.660+0000] {subprocess.py:93} INFO - platzi_data_20240101.csv
[2024-05-10T05:55:37.662+0000] {subprocess.py:93} INFO - platzi_data_20240201.csv
[2024-05-10T05:55:37.664+0000] {subprocess.py:93} INFO - platzi_data_20240301.csv
[2024-05-10T05:55:37.665+0000] {subprocess.py:93} INFO - pymp-uyxtzsi7
[2024-05-10T05:55:37.667+0000] {subprocess.py:93} INFO - response_20240101.txt
[2024-05-10T05:55:37.667+0000] {subprocess.py:93} INFO - response_20240201.txt
[2024-05-10T05:55:37.669+0000] {subprocess.py:93} INFO - response_20240301.txt
[2024-05-10T05:55:37.670+0000] {subprocess.py:93} INFO - Student,timestamp
[2024-05-10T05:55:37.671+0000] {subprocess.py:93} INFO - Maria Cruz,2024-03-01 00:00:00+00:00
[2024-05-10T05:55:37.671+0000] {subprocess.py:93} INFO - Daniel Crema,2024-03-01 00:00:00+00:00
[2024-05-10T05:55:37.672+0000] {subprocess.py:93} INFO - Elon Musk,2024-03-01 00:00:00+00:00
[2024-05-10T05:55:37.673+0000] {subprocess.py:93} INFO - Karol Castrejon,2024-03-01 00:00:00+00:00
[2024-05-10T05:55:37.674+0000] {subprocess.py:93} INFO - Freddy Vega,2024-03-01 00:00:00+00:00
[2024-05-10T05:55:37.674+0000] {subprocess.py:93} INFO - Felipe Duque,2024-03-01 00:00:00+00:00
[2024-05-10T05:55:37.684+0000] {subprocess.py:97} INFO - Command exited with return code 0
[2024-05-10T05:55:37.685+0000] {taskinstance.py:441} INFO - ::group::Post task execution logs
[2024-05-10T05:55:37.714+0000] {taskinstance.py:1206} INFO - Marking task as SUCCESS. dag_id=Proyecto_SpaceX, task_id=Leer_Datos_Respuesta_Satelite, run_id=scheduled__2024-03-01T00:00:00+00:00, execution_date=20240301T000000, start_date=20240510T055537, end_date=20240510T055537
[2024-05-10T05:55:37.730+0000] {local_task_job_runner.py:240} INFO - Task exited with return code 0
[2024-05-10T05:55:37.746+0000] {taskinstance.py:3498} INFO - 1 downstream tasks scheduled from follow-on schedule check
[2024-05-10T05:55:37.749+0000] {local_task_job_runner.py:222} INFO - ::endgroup::
