[2024-05-08T19:01:05.956+0000] {local_task_job_runner.py:120} INFO - ::group::Pre task execution logs
[2024-05-08T19:01:05.980+0000] {taskinstance.py:2076} INFO - Dependencies all met for dep_context=non-requeueable deps ti=<TaskInstance: 7.1_externalTaskSensor.tarea1 scheduled__2024-02-23T00:00:00+00:00 [queued]>
[2024-05-08T19:01:05.990+0000] {taskinstance.py:2076} INFO - Dependencies all met for dep_context=requeueable deps ti=<TaskInstance: 7.1_externalTaskSensor.tarea1 scheduled__2024-02-23T00:00:00+00:00 [queued]>
[2024-05-08T19:01:05.991+0000] {taskinstance.py:2306} INFO - Starting attempt 1 of 1
[2024-05-08T19:01:06.004+0000] {taskinstance.py:2330} INFO - Executing <Task(BashOperator): tarea1> on 2024-02-23 00:00:00+00:00
[2024-05-08T19:01:06.009+0000] {warnings.py:110} WARNING - /home/***/.local/lib/python3.12/site-packages/***/task/task_runner/standard_task_runner.py:61: DeprecationWarning: This process (pid=984) is multi-threaded, use of fork() may lead to deadlocks in the child.
  pid = os.fork()

[2024-05-08T19:01:06.011+0000] {standard_task_runner.py:63} INFO - Started process 985 to run task
[2024-05-08T19:01:06.011+0000] {standard_task_runner.py:90} INFO - Running: ['***', 'tasks', 'run', '7.1_externalTaskSensor', 'tarea1', 'scheduled__2024-02-23T00:00:00+00:00', '--job-id', '543', '--raw', '--subdir', 'DAGS_FOLDER/071_ExternalTaskSensor.py', '--cfg-path', '/tmp/tmpd6d5uwvs']
[2024-05-08T19:01:06.012+0000] {standard_task_runner.py:91} INFO - Job 543: Subtask tarea1
[2024-05-08T19:01:06.052+0000] {task_command.py:426} INFO - Running <TaskInstance: 7.1_externalTaskSensor.tarea1 scheduled__2024-02-23T00:00:00+00:00 [running]> on host ccc314eb571d
[2024-05-08T19:01:06.122+0000] {taskinstance.py:2648} INFO - Exporting env vars: AIRFLOW_CTX_DAG_OWNER='***' AIRFLOW_CTX_DAG_ID='7.1_externalTaskSensor' AIRFLOW_CTX_TASK_ID='tarea1' AIRFLOW_CTX_EXECUTION_DATE='2024-02-23T00:00:00+00:00' AIRFLOW_CTX_TRY_NUMBER='1' AIRFLOW_CTX_DAG_RUN_ID='scheduled__2024-02-23T00:00:00+00:00'
[2024-05-08T19:01:06.124+0000] {taskinstance.py:430} INFO - ::endgroup::
[2024-05-08T19:01:06.133+0000] {subprocess.py:63} INFO - Tmp dir root location: /tmp
[2024-05-08T19:01:06.135+0000] {subprocess.py:75} INFO - Running command: ['/usr/bin/bash', '-c', "sleep 10 && echo 'DAG finalizado!'"]
[2024-05-08T19:01:06.142+0000] {subprocess.py:86} INFO - Output:
[2024-05-08T19:01:16.145+0000] {subprocess.py:93} INFO - DAG finalizado!
[2024-05-08T19:01:16.146+0000] {subprocess.py:97} INFO - Command exited with return code 0
[2024-05-08T19:01:16.147+0000] {taskinstance.py:441} INFO - ::group::Post task execution logs
[2024-05-08T19:01:16.167+0000] {taskinstance.py:1206} INFO - Marking task as SUCCESS. dag_id=7.1_externalTaskSensor, task_id=tarea1, run_id=scheduled__2024-02-23T00:00:00+00:00, execution_date=20240223T000000, start_date=20240508T190105, end_date=20240508T190116
[2024-05-08T19:01:16.218+0000] {local_task_job_runner.py:240} INFO - Task exited with return code 0
[2024-05-08T19:01:16.230+0000] {taskinstance.py:3498} INFO - 0 downstream tasks scheduled from follow-on schedule check
[2024-05-08T19:01:16.233+0000] {local_task_job_runner.py:222} INFO - ::endgroup::
