[2024-05-10T06:19:14.933+0000] {local_task_job_runner.py:120} INFO - ::group::Pre task execution logs
[2024-05-10T06:19:15.091+0000] {taskinstance.py:2076} INFO - Dependencies all met for dep_context=non-requeueable deps ti=<TaskInstance: Proyecto_SpaceX_v1.Lectura_Datos_NASA scheduled__2024-03-16T00:00:00+00:00 [queued]>
[2024-05-10T06:19:15.099+0000] {taskinstance.py:2076} INFO - Dependencies all met for dep_context=requeueable deps ti=<TaskInstance: Proyecto_SpaceX_v1.Lectura_Datos_NASA scheduled__2024-03-16T00:00:00+00:00 [queued]>
[2024-05-10T06:19:15.101+0000] {taskinstance.py:2306} INFO - Starting attempt 1 of 1
[2024-05-10T06:19:15.115+0000] {taskinstance.py:2330} INFO - Executing <Task(BashOperator): Lectura_Datos_NASA> on 2024-03-16 00:00:00+00:00
[2024-05-10T06:19:15.120+0000] {warnings.py:110} WARNING - /home/***/.local/lib/python3.12/site-packages/***/task/task_runner/standard_task_runner.py:61: DeprecationWarning: This process (pid=1788) is multi-threaded, use of fork() may lead to deadlocks in the child.
  pid = os.fork()

[2024-05-10T06:19:15.122+0000] {standard_task_runner.py:63} INFO - Started process 1790 to run task
[2024-05-10T06:19:15.122+0000] {standard_task_runner.py:90} INFO - Running: ['***', 'tasks', 'run', 'Proyecto_SpaceX_v1', 'Lectura_Datos_NASA', 'scheduled__2024-03-16T00:00:00+00:00', '--job-id', '1233', '--raw', '--subdir', 'DAGS_FOLDER/Proyecto_SpaceX_v1.py', '--cfg-path', '/tmp/tmpg2ffxply']
[2024-05-10T06:19:15.124+0000] {standard_task_runner.py:91} INFO - Job 1233: Subtask Lectura_Datos_NASA
[2024-05-10T06:19:15.165+0000] {task_command.py:426} INFO - Running <TaskInstance: Proyecto_SpaceX_v1.Lectura_Datos_NASA scheduled__2024-03-16T00:00:00+00:00 [running]> on host 1b7f0b10dd99
[2024-05-10T06:19:15.254+0000] {taskinstance.py:2648} INFO - Exporting env vars: AIRFLOW_CTX_DAG_OWNER='***' AIRFLOW_CTX_DAG_ID='Proyecto_SpaceX_v1' AIRFLOW_CTX_TASK_ID='Lectura_Datos_NASA' AIRFLOW_CTX_EXECUTION_DATE='2024-03-16T00:00:00+00:00' AIRFLOW_CTX_TRY_NUMBER='1' AIRFLOW_CTX_DAG_RUN_ID='scheduled__2024-03-16T00:00:00+00:00'
[2024-05-10T06:19:15.280+0000] {taskinstance.py:430} INFO - ::endgroup::
[2024-05-10T06:19:15.294+0000] {subprocess.py:63} INFO - Tmp dir root location: /tmp
[2024-05-10T06:19:15.298+0000] {subprocess.py:75} INFO - Running command: ['/usr/bin/bash', '-c', 'ls /tmp && head /tmp/response_20240316.txt']
[2024-05-10T06:19:15.311+0000] {subprocess.py:86} INFO - Output:
[2024-05-10T06:19:15.313+0000] {subprocess.py:93} INFO - ***tmpr0ogvl3x
[2024-05-10T06:19:15.318+0000] {subprocess.py:93} INFO - history.json
[2024-05-10T06:19:15.319+0000] {subprocess.py:93} INFO - platzi_data_20231125.csv
[2024-05-10T06:19:15.320+0000] {subprocess.py:93} INFO - platzi_data_20231126.csv
[2024-05-10T06:19:15.320+0000] {subprocess.py:93} INFO - platzi_data_20231127.csv
[2024-05-10T06:19:15.321+0000] {subprocess.py:93} INFO - platzi_data_20240101.csv
[2024-05-10T06:19:15.322+0000] {subprocess.py:93} INFO - platzi_data_20240201.csv
[2024-05-10T06:19:15.322+0000] {subprocess.py:93} INFO - platzi_data_20240301.csv
[2024-05-10T06:19:15.323+0000] {subprocess.py:93} INFO - platzi_data_20240302.csv
[2024-05-10T06:19:15.323+0000] {subprocess.py:93} INFO - platzi_data_20240303.csv
[2024-05-10T06:19:15.326+0000] {subprocess.py:93} INFO - platzi_data_20240304.csv
[2024-05-10T06:19:15.328+0000] {subprocess.py:93} INFO - platzi_data_20240305.csv
[2024-05-10T06:19:15.329+0000] {subprocess.py:93} INFO - platzi_data_20240306.csv
[2024-05-10T06:19:15.329+0000] {subprocess.py:93} INFO - platzi_data_20240307.csv
[2024-05-10T06:19:15.330+0000] {subprocess.py:93} INFO - platzi_data_20240308.csv
[2024-05-10T06:19:15.331+0000] {subprocess.py:93} INFO - platzi_data_20240309.csv
[2024-05-10T06:19:15.332+0000] {subprocess.py:93} INFO - platzi_data_20240310.csv
[2024-05-10T06:19:15.332+0000] {subprocess.py:93} INFO - platzi_data_20240311.csv
[2024-05-10T06:19:15.333+0000] {subprocess.py:93} INFO - platzi_data_20240312.csv
[2024-05-10T06:19:15.333+0000] {subprocess.py:93} INFO - platzi_data_20240313.csv
[2024-05-10T06:19:15.334+0000] {subprocess.py:93} INFO - platzi_data_20240314.csv
[2024-05-10T06:19:15.342+0000] {subprocess.py:93} INFO - pymp-uyxtzsi7
[2024-05-10T06:19:15.345+0000] {subprocess.py:93} INFO - response_20231125.txt
[2024-05-10T06:19:15.346+0000] {subprocess.py:93} INFO - response_20231126.txt
[2024-05-10T06:19:15.347+0000] {subprocess.py:93} INFO - response_20231127.txt
[2024-05-10T06:19:15.347+0000] {subprocess.py:93} INFO - response_20240101.txt
[2024-05-10T06:19:15.348+0000] {subprocess.py:93} INFO - response_20240201.txt
[2024-05-10T06:19:15.349+0000] {subprocess.py:93} INFO - response_20240301.txt
[2024-05-10T06:19:15.350+0000] {subprocess.py:93} INFO - response_20240302.txt
[2024-05-10T06:19:15.350+0000] {subprocess.py:93} INFO - response_20240303.txt
[2024-05-10T06:19:15.351+0000] {subprocess.py:93} INFO - response_20240304.txt
[2024-05-10T06:19:15.352+0000] {subprocess.py:93} INFO - response_20240305.txt
[2024-05-10T06:19:15.352+0000] {subprocess.py:93} INFO - response_20240306.txt
[2024-05-10T06:19:15.353+0000] {subprocess.py:93} INFO - response_20240307.txt
[2024-05-10T06:19:15.354+0000] {subprocess.py:93} INFO - response_20240308.txt
[2024-05-10T06:19:15.354+0000] {subprocess.py:93} INFO - response_20240309.txt
[2024-05-10T06:19:15.355+0000] {subprocess.py:93} INFO - response_20240310.txt
[2024-05-10T06:19:15.355+0000] {subprocess.py:93} INFO - response_20240311.txt
[2024-05-10T06:19:15.356+0000] {subprocess.py:93} INFO - response_20240312.txt
[2024-05-10T06:19:15.356+0000] {subprocess.py:93} INFO - response_20240313.txt
[2024-05-10T06:19:15.356+0000] {subprocess.py:93} INFO - response_20240314.txt
[2024-05-10T06:19:15.356+0000] {subprocess.py:93} INFO - response_20240315.txt
[2024-05-10T06:19:15.357+0000] {subprocess.py:93} INFO - response_20240316.txt
[2024-05-10T06:19:15.357+0000] {subprocess.py:93} INFO - Confirmación, puede proceder
[2024-05-10T06:19:15.357+0000] {subprocess.py:97} INFO - Command exited with return code 0
[2024-05-10T06:19:15.358+0000] {taskinstance.py:441} INFO - ::group::Post task execution logs
[2024-05-10T06:19:15.392+0000] {taskinstance.py:1206} INFO - Marking task as SUCCESS. dag_id=Proyecto_SpaceX_v1, task_id=Lectura_Datos_NASA, run_id=scheduled__2024-03-16T00:00:00+00:00, execution_date=20240316T000000, start_date=20240510T061915, end_date=20240510T061915
[2024-05-10T06:19:15.418+0000] {local_task_job_runner.py:240} INFO - Task exited with return code 0
[2024-05-10T06:19:15.440+0000] {taskinstance.py:3498} INFO - 1 downstream tasks scheduled from follow-on schedule check
[2024-05-10T06:19:15.443+0000] {local_task_job_runner.py:222} INFO - ::endgroup::
