[2024-05-07T23:28:08.403+0000] {local_task_job_runner.py:120} INFO - ::group::Pre task execution logs
[2024-05-07T23:28:08.424+0000] {taskinstance.py:2076} INFO - Dependencies all met for dep_context=non-requeueable deps ti=<TaskInstance: 5.1_orquestacion.tarea2 manual__2024-05-07T23:26:59.915238+00:00 [queued]>
[2024-05-07T23:28:08.431+0000] {taskinstance.py:2076} INFO - Dependencies all met for dep_context=requeueable deps ti=<TaskInstance: 5.1_orquestacion.tarea2 manual__2024-05-07T23:26:59.915238+00:00 [queued]>
[2024-05-07T23:28:08.432+0000] {taskinstance.py:2306} INFO - Starting attempt 2 of 2
[2024-05-07T23:28:08.445+0000] {taskinstance.py:2330} INFO - Executing <Task(BashOperator): tarea2> on 2024-05-07 23:26:59.915238+00:00
[2024-05-07T23:28:08.467+0000] {warnings.py:110} WARNING - /home/***/.local/lib/python3.12/site-packages/***/task/task_runner/standard_task_runner.py:61: DeprecationWarning: This process (pid=2563) is multi-threaded, use of fork() may lead to deadlocks in the child.
  pid = os.fork()

[2024-05-07T23:28:08.469+0000] {standard_task_runner.py:63} INFO - Started process 2564 to run task
[2024-05-07T23:28:08.469+0000] {standard_task_runner.py:90} INFO - Running: ['***', 'tasks', 'run', '5.1_orquestacion', 'tarea2', 'manual__2024-05-07T23:26:59.915238+00:00', '--job-id', '45', '--raw', '--subdir', 'DAGS_FOLDER/051_orquestacion.py', '--cfg-path', '/tmp/tmp61bgnhib']
[2024-05-07T23:28:08.471+0000] {standard_task_runner.py:91} INFO - Job 45: Subtask tarea2
[2024-05-07T23:28:08.531+0000] {task_command.py:426} INFO - Running <TaskInstance: 5.1_orquestacion.tarea2 manual__2024-05-07T23:26:59.915238+00:00 [running]> on host 521bf890d837
[2024-05-07T23:28:08.625+0000] {taskinstance.py:2648} INFO - Exporting env vars: AIRFLOW_CTX_DAG_OWNER='***' AIRFLOW_CTX_DAG_ID='5.1_orquestacion' AIRFLOW_CTX_TASK_ID='tarea2' AIRFLOW_CTX_EXECUTION_DATE='2024-05-07T23:26:59.915238+00:00' AIRFLOW_CTX_TRY_NUMBER='2' AIRFLOW_CTX_DAG_RUN_ID='manual__2024-05-07T23:26:59.915238+00:00'
[2024-05-07T23:28:08.640+0000] {taskinstance.py:430} INFO - ::endgroup::
[2024-05-07T23:28:08.651+0000] {subprocess.py:63} INFO - Tmp dir root location: /tmp
[2024-05-07T23:28:08.655+0000] {subprocess.py:75} INFO - Running command: ['/usr/bin/bash', '-c', "sleep 2 && echo 'Tarea 2'"]
[2024-05-07T23:28:08.669+0000] {subprocess.py:86} INFO - Output:
[2024-05-07T23:28:10.672+0000] {subprocess.py:93} INFO - Tarea 2
[2024-05-07T23:28:10.673+0000] {subprocess.py:97} INFO - Command exited with return code 0
[2024-05-07T23:28:10.673+0000] {taskinstance.py:441} INFO - ::group::Post task execution logs
[2024-05-07T23:28:10.700+0000] {taskinstance.py:1206} INFO - Marking task as SUCCESS. dag_id=5.1_orquestacion, task_id=tarea2, run_id=manual__2024-05-07T23:26:59.915238+00:00, execution_date=20240507T232659, start_date=20240507T232808, end_date=20240507T232810
[2024-05-07T23:28:10.740+0000] {local_task_job_runner.py:240} INFO - Task exited with return code 0
[2024-05-07T23:28:10.759+0000] {taskinstance.py:3498} INFO - 2 downstream tasks scheduled from follow-on schedule check
[2024-05-07T23:28:10.763+0000] {local_task_job_runner.py:222} INFO - ::endgroup::
