[2024-05-07T23:27:04.762+0000] {local_task_job_runner.py:120} INFO - ::group::Pre task execution logs
[2024-05-07T23:27:04.810+0000] {taskinstance.py:2076} INFO - Dependencies all met for dep_context=non-requeueable deps ti=<TaskInstance: 5.1_orquestacion.tarea2 manual__2024-05-07T23:26:59.915238+00:00 [queued]>
[2024-05-07T23:27:04.819+0000] {taskinstance.py:2076} INFO - Dependencies all met for dep_context=requeueable deps ti=<TaskInstance: 5.1_orquestacion.tarea2 manual__2024-05-07T23:26:59.915238+00:00 [queued]>
[2024-05-07T23:27:04.820+0000] {taskinstance.py:2306} INFO - Starting attempt 1 of 1
[2024-05-07T23:27:04.835+0000] {taskinstance.py:2330} INFO - Executing <Task(BashOperator): tarea2> on 2024-05-07 23:26:59.915238+00:00
[2024-05-07T23:27:04.841+0000] {warnings.py:110} WARNING - /home/***/.local/lib/python3.12/site-packages/***/task/task_runner/standard_task_runner.py:61: DeprecationWarning: This process (pid=2444) is multi-threaded, use of fork() may lead to deadlocks in the child.
  pid = os.fork()

[2024-05-07T23:27:04.843+0000] {standard_task_runner.py:63} INFO - Started process 2445 to run task
[2024-05-07T23:27:04.843+0000] {standard_task_runner.py:90} INFO - Running: ['***', 'tasks', 'run', '5.1_orquestacion', 'tarea2', 'manual__2024-05-07T23:26:59.915238+00:00', '--job-id', '17', '--raw', '--subdir', 'DAGS_FOLDER/051_orquestacion.py', '--cfg-path', '/tmp/tmphll3_g_g']
[2024-05-07T23:27:04.844+0000] {standard_task_runner.py:91} INFO - Job 17: Subtask tarea2
[2024-05-07T23:27:04.884+0000] {task_command.py:426} INFO - Running <TaskInstance: 5.1_orquestacion.tarea2 manual__2024-05-07T23:26:59.915238+00:00 [running]> on host 521bf890d837
[2024-05-07T23:27:04.968+0000] {taskinstance.py:2648} INFO - Exporting env vars: AIRFLOW_CTX_DAG_OWNER='***' AIRFLOW_CTX_DAG_ID='5.1_orquestacion' AIRFLOW_CTX_TASK_ID='tarea2' AIRFLOW_CTX_EXECUTION_DATE='2024-05-07T23:26:59.915238+00:00' AIRFLOW_CTX_TRY_NUMBER='1' AIRFLOW_CTX_DAG_RUN_ID='manual__2024-05-07T23:26:59.915238+00:00'
[2024-05-07T23:27:04.969+0000] {taskinstance.py:430} INFO - ::endgroup::
[2024-05-07T23:27:04.982+0000] {subprocess.py:63} INFO - Tmp dir root location: /tmp
[2024-05-07T23:27:04.983+0000] {subprocess.py:75} INFO - Running command: ['/usr/bin/bash', '-c', "sleep 2 && echo 'Tarea 2'"]
[2024-05-07T23:27:04.991+0000] {subprocess.py:86} INFO - Output:
[2024-05-07T23:27:06.994+0000] {subprocess.py:93} INFO - Tarea 2
[2024-05-07T23:27:06.995+0000] {subprocess.py:97} INFO - Command exited with return code 0
[2024-05-07T23:27:06.996+0000] {taskinstance.py:441} INFO - ::group::Post task execution logs
[2024-05-07T23:27:07.014+0000] {taskinstance.py:1206} INFO - Marking task as SUCCESS. dag_id=5.1_orquestacion, task_id=tarea2, run_id=manual__2024-05-07T23:26:59.915238+00:00, execution_date=20240507T232659, start_date=20240507T232704, end_date=20240507T232707
[2024-05-07T23:27:07.069+0000] {local_task_job_runner.py:240} INFO - Task exited with return code 0
[2024-05-07T23:27:07.113+0000] {taskinstance.py:3498} INFO - 0 downstream tasks scheduled from follow-on schedule check
[2024-05-07T23:27:07.117+0000] {local_task_job_runner.py:222} INFO - ::endgroup::
