[2024-05-08T18:52:34.995+0000] {local_task_job_runner.py:120} INFO - ::group::Pre task execution logs
[2024-05-08T18:52:35.021+0000] {taskinstance.py:2076} INFO - Dependencies all met for dep_context=non-requeueable deps ti=<TaskInstance: 7.1_externalTaskSensor.tarea1 scheduled__2024-01-09T00:00:00+00:00 [queued]>
[2024-05-08T18:52:35.031+0000] {taskinstance.py:2076} INFO - Dependencies all met for dep_context=requeueable deps ti=<TaskInstance: 7.1_externalTaskSensor.tarea1 scheduled__2024-01-09T00:00:00+00:00 [queued]>
[2024-05-08T18:52:35.059+0000] {taskinstance.py:2306} INFO - Starting attempt 1 of 1
[2024-05-08T18:52:35.138+0000] {taskinstance.py:2330} INFO - Executing <Task(BashOperator): tarea1> on 2024-01-09 00:00:00+00:00
[2024-05-08T18:52:35.148+0000] {warnings.py:110} WARNING - /home/***/.local/lib/python3.12/site-packages/***/task/task_runner/standard_task_runner.py:61: DeprecationWarning: This process (pid=693) is multi-threaded, use of fork() may lead to deadlocks in the child.
  pid = os.fork()

[2024-05-08T18:52:35.149+0000] {standard_task_runner.py:90} INFO - Running: ['***', 'tasks', 'run', '7.1_externalTaskSensor', 'tarea1', 'scheduled__2024-01-09T00:00:00+00:00', '--job-id', '498', '--raw', '--subdir', 'DAGS_FOLDER/071_ExternalTaskSensor.py', '--cfg-path', '/tmp/tmp1pebxekk']
[2024-05-08T18:52:35.150+0000] {standard_task_runner.py:63} INFO - Started process 694 to run task
[2024-05-08T18:52:35.151+0000] {standard_task_runner.py:91} INFO - Job 498: Subtask tarea1
[2024-05-08T18:52:35.288+0000] {task_command.py:426} INFO - Running <TaskInstance: 7.1_externalTaskSensor.tarea1 scheduled__2024-01-09T00:00:00+00:00 [running]> on host ccc314eb571d
[2024-05-08T18:52:35.485+0000] {taskinstance.py:2648} INFO - Exporting env vars: AIRFLOW_CTX_DAG_OWNER='***' AIRFLOW_CTX_DAG_ID='7.1_externalTaskSensor' AIRFLOW_CTX_TASK_ID='tarea1' AIRFLOW_CTX_EXECUTION_DATE='2024-01-09T00:00:00+00:00' AIRFLOW_CTX_TRY_NUMBER='1' AIRFLOW_CTX_DAG_RUN_ID='scheduled__2024-01-09T00:00:00+00:00'
[2024-05-08T18:52:35.486+0000] {taskinstance.py:430} INFO - ::endgroup::
[2024-05-08T18:52:35.498+0000] {subprocess.py:63} INFO - Tmp dir root location: /tmp
[2024-05-08T18:52:35.499+0000] {subprocess.py:75} INFO - Running command: ['/usr/bin/bash', '-c', "sleep 10 && echo 'DAG finalizado!'"]
[2024-05-08T18:52:35.509+0000] {subprocess.py:86} INFO - Output:
[2024-05-08T18:52:45.510+0000] {subprocess.py:93} INFO - DAG finalizado!
[2024-05-08T18:52:45.511+0000] {subprocess.py:97} INFO - Command exited with return code 0
[2024-05-08T18:52:45.512+0000] {taskinstance.py:441} INFO - ::group::Post task execution logs
[2024-05-08T18:52:45.536+0000] {taskinstance.py:1206} INFO - Marking task as SUCCESS. dag_id=7.1_externalTaskSensor, task_id=tarea1, run_id=scheduled__2024-01-09T00:00:00+00:00, execution_date=20240109T000000, start_date=20240508T185235, end_date=20240508T185245
[2024-05-08T18:52:45.570+0000] {local_task_job_runner.py:240} INFO - Task exited with return code 0
[2024-05-08T18:52:45.586+0000] {taskinstance.py:3498} INFO - 0 downstream tasks scheduled from follow-on schedule check
[2024-05-08T18:52:45.590+0000] {local_task_job_runner.py:222} INFO - ::endgroup::
