[2024-05-10T05:57:44.823+0000] {local_task_job_runner.py:120} INFO - ::group::Pre task execution logs
[2024-05-10T05:57:44.839+0000] {taskinstance.py:2076} INFO - Dependencies all met for dep_context=non-requeueable deps ti=<TaskInstance: Proyecto_SpaceX.Obtener_datos_SpaceX scheduled__2024-01-01T00:00:00+00:00 [queued]>
[2024-05-10T05:57:44.845+0000] {taskinstance.py:2076} INFO - Dependencies all met for dep_context=requeueable deps ti=<TaskInstance: Proyecto_SpaceX.Obtener_datos_SpaceX scheduled__2024-01-01T00:00:00+00:00 [queued]>
[2024-05-10T05:57:44.846+0000] {taskinstance.py:2306} INFO - Starting attempt 5 of 5
[2024-05-10T05:57:44.971+0000] {taskinstance.py:2330} INFO - Executing <Task(BashOperator): Obtener_datos_SpaceX> on 2024-01-01 00:00:00+00:00
[2024-05-10T05:57:44.977+0000] {warnings.py:110} WARNING - /home/***/.local/lib/python3.12/site-packages/***/task/task_runner/standard_task_runner.py:61: DeprecationWarning: This process (pid=825) is multi-threaded, use of fork() may lead to deadlocks in the child.
  pid = os.fork()

[2024-05-10T05:57:44.979+0000] {standard_task_runner.py:63} INFO - Started process 829 to run task
[2024-05-10T05:57:44.978+0000] {standard_task_runner.py:90} INFO - Running: ['***', 'tasks', 'run', 'Proyecto_SpaceX', 'Obtener_datos_SpaceX', 'scheduled__2024-01-01T00:00:00+00:00', '--job-id', '1079', '--raw', '--subdir', 'DAGS_FOLDER/Proyecto_SpaceX.py', '--cfg-path', '/tmp/tmp20045k90']
[2024-05-10T05:57:44.981+0000] {standard_task_runner.py:91} INFO - Job 1079: Subtask Obtener_datos_SpaceX
[2024-05-10T05:57:45.021+0000] {task_command.py:426} INFO - Running <TaskInstance: Proyecto_SpaceX.Obtener_datos_SpaceX scheduled__2024-01-01T00:00:00+00:00 [running]> on host 1b7f0b10dd99
[2024-05-10T05:57:45.087+0000] {taskinstance.py:2648} INFO - Exporting env vars: AIRFLOW_CTX_DAG_OWNER='***' AIRFLOW_CTX_DAG_ID='Proyecto_SpaceX' AIRFLOW_CTX_TASK_ID='Obtener_datos_SpaceX' AIRFLOW_CTX_EXECUTION_DATE='2024-01-01T00:00:00+00:00' AIRFLOW_CTX_TRY_NUMBER='5' AIRFLOW_CTX_DAG_RUN_ID='scheduled__2024-01-01T00:00:00+00:00'
[2024-05-10T05:57:45.089+0000] {taskinstance.py:430} INFO - ::endgroup::
[2024-05-10T05:57:45.103+0000] {subprocess.py:63} INFO - Tmp dir root location: /tmp
[2024-05-10T05:57:45.104+0000] {subprocess.py:75} INFO - Running command: ['/usr/bin/bash', '-c', "curl -o /tmp/history.json -L'https://api.spacexdata.com/v4/history'"]
[2024-05-10T05:57:45.117+0000] {subprocess.py:86} INFO - Output:
[2024-05-10T05:57:45.124+0000] {subprocess.py:93} INFO - Usage: curl [options...] <url>
[2024-05-10T05:57:45.125+0000] {subprocess.py:93} INFO -  -d, --data <data>          HTTP POST data
[2024-05-10T05:57:45.125+0000] {subprocess.py:93} INFO -  -f, --fail                 Fail fast with no output on HTTP errors
[2024-05-10T05:57:45.126+0000] {subprocess.py:93} INFO -  -h, --help <category>      Get help for commands
[2024-05-10T05:57:45.126+0000] {subprocess.py:93} INFO -  -i, --include              Include protocol response headers in the output
[2024-05-10T05:57:45.126+0000] {subprocess.py:93} INFO -  -o, --output <file>        Write to file instead of stdout
[2024-05-10T05:57:45.127+0000] {subprocess.py:93} INFO -  -O, --remote-name          Write output to a file named as the remote file
[2024-05-10T05:57:45.127+0000] {subprocess.py:93} INFO -  -s, --silent               Silent mode
[2024-05-10T05:57:45.128+0000] {subprocess.py:93} INFO -  -T, --upload-file <file>   Transfer local FILE to destination
[2024-05-10T05:57:45.128+0000] {subprocess.py:93} INFO -  -u, --user <user:password> Server user and password
[2024-05-10T05:57:45.129+0000] {subprocess.py:93} INFO -  -A, --user-agent <name>    Send User-Agent <name> to server
[2024-05-10T05:57:45.129+0000] {subprocess.py:93} INFO -  -v, --verbose              Make the operation more talkative
[2024-05-10T05:57:45.129+0000] {subprocess.py:93} INFO -  -V, --version              Show version number and quit
[2024-05-10T05:57:45.130+0000] {subprocess.py:93} INFO - 
[2024-05-10T05:57:45.130+0000] {subprocess.py:93} INFO - This is not the full help, this menu is stripped into categories.
[2024-05-10T05:57:45.131+0000] {subprocess.py:93} INFO - Use "--help category" to get an overview of all categories.
[2024-05-10T05:57:45.131+0000] {subprocess.py:93} INFO - For all options use the manual or "--help all".
[2024-05-10T05:57:45.132+0000] {subprocess.py:97} INFO - Command exited with return code 0
[2024-05-10T05:57:45.132+0000] {taskinstance.py:441} INFO - ::group::Post task execution logs
[2024-05-10T05:57:45.160+0000] {taskinstance.py:1206} INFO - Marking task as SUCCESS. dag_id=Proyecto_SpaceX, task_id=Obtener_datos_SpaceX, run_id=scheduled__2024-01-01T00:00:00+00:00, execution_date=20240101T000000, start_date=20240510T055744, end_date=20240510T055745
[2024-05-10T05:57:45.193+0000] {local_task_job_runner.py:240} INFO - Task exited with return code 0
[2024-05-10T05:57:45.222+0000] {taskinstance.py:3498} INFO - 1 downstream tasks scheduled from follow-on schedule check
[2024-05-10T05:57:45.224+0000] {local_task_job_runner.py:222} INFO - ::endgroup::
