[2024-05-09T18:53:27.271+0000] {local_task_job_runner.py:120} INFO - ::group::Pre task execution logs
[2024-05-09T18:53:27.294+0000] {taskinstance.py:2076} INFO - Dependencies all met for dep_context=non-requeueable deps ti=<TaskInstance: Proyecto_SpaceX.Obtener_datos_SpaceX scheduled__2024-01-01T00:00:00+00:00 [queued]>
[2024-05-09T18:53:27.303+0000] {taskinstance.py:2076} INFO - Dependencies all met for dep_context=requeueable deps ti=<TaskInstance: Proyecto_SpaceX.Obtener_datos_SpaceX scheduled__2024-01-01T00:00:00+00:00 [queued]>
[2024-05-09T18:53:27.304+0000] {taskinstance.py:2306} INFO - Starting attempt 1 of 1
[2024-05-09T18:53:27.429+0000] {taskinstance.py:2330} INFO - Executing <Task(BashOperator): Obtener_datos_SpaceX> on 2024-01-01 00:00:00+00:00
[2024-05-09T18:53:27.435+0000] {warnings.py:110} WARNING - /home/***/.local/lib/python3.12/site-packages/***/task/task_runner/standard_task_runner.py:61: DeprecationWarning: This process (pid=119) is multi-threaded, use of fork() may lead to deadlocks in the child.
  pid = os.fork()

[2024-05-09T18:53:27.437+0000] {standard_task_runner.py:63} INFO - Started process 121 to run task
[2024-05-09T18:53:27.436+0000] {standard_task_runner.py:90} INFO - Running: ['***', 'tasks', 'run', 'Proyecto_SpaceX', 'Obtener_datos_SpaceX', 'scheduled__2024-01-01T00:00:00+00:00', '--job-id', '920', '--raw', '--subdir', 'DAGS_FOLDER/Proyecto_SpaceX.py', '--cfg-path', '/tmp/tmp5aus060l']
[2024-05-09T18:53:27.438+0000] {standard_task_runner.py:91} INFO - Job 920: Subtask Obtener_datos_SpaceX
[2024-05-09T18:53:27.475+0000] {task_command.py:426} INFO - Running <TaskInstance: Proyecto_SpaceX.Obtener_datos_SpaceX scheduled__2024-01-01T00:00:00+00:00 [running]> on host 7a81a983afb0
[2024-05-09T18:53:27.538+0000] {taskinstance.py:2648} INFO - Exporting env vars: AIRFLOW_CTX_DAG_OWNER='***' AIRFLOW_CTX_DAG_ID='Proyecto_SpaceX' AIRFLOW_CTX_TASK_ID='Obtener_datos_SpaceX' AIRFLOW_CTX_EXECUTION_DATE='2024-01-01T00:00:00+00:00' AIRFLOW_CTX_TRY_NUMBER='1' AIRFLOW_CTX_DAG_RUN_ID='scheduled__2024-01-01T00:00:00+00:00'
[2024-05-09T18:53:27.546+0000] {taskinstance.py:430} INFO - ::endgroup::
[2024-05-09T18:53:27.564+0000] {subprocess.py:63} INFO - Tmp dir root location: /tmp
[2024-05-09T18:53:27.566+0000] {subprocess.py:75} INFO - Running command: ['/usr/bin/bash', '-c', "curl -o /tmp/history.json -L'https://api.spacexdata.com/v4/history'"]
[2024-05-09T18:53:27.575+0000] {subprocess.py:86} INFO - Output:
[2024-05-09T18:53:27.587+0000] {subprocess.py:93} INFO - Usage: curl [options...] <url>
[2024-05-09T18:53:27.589+0000] {subprocess.py:93} INFO -  -d, --data <data>          HTTP POST data
[2024-05-09T18:53:27.593+0000] {subprocess.py:93} INFO -  -f, --fail                 Fail fast with no output on HTTP errors
[2024-05-09T18:53:27.595+0000] {subprocess.py:93} INFO -  -h, --help <category>      Get help for commands
[2024-05-09T18:53:27.597+0000] {subprocess.py:93} INFO -  -i, --include              Include protocol response headers in the output
[2024-05-09T18:53:27.598+0000] {subprocess.py:93} INFO -  -o, --output <file>        Write to file instead of stdout
[2024-05-09T18:53:27.601+0000] {subprocess.py:93} INFO -  -O, --remote-name          Write output to a file named as the remote file
[2024-05-09T18:53:27.605+0000] {subprocess.py:93} INFO -  -s, --silent               Silent mode
[2024-05-09T18:53:27.608+0000] {subprocess.py:93} INFO -  -T, --upload-file <file>   Transfer local FILE to destination
[2024-05-09T18:53:27.609+0000] {subprocess.py:93} INFO -  -u, --user <user:password> Server user and password
[2024-05-09T18:53:27.611+0000] {subprocess.py:93} INFO -  -A, --user-agent <name>    Send User-Agent <name> to server
[2024-05-09T18:53:27.612+0000] {subprocess.py:93} INFO -  -v, --verbose              Make the operation more talkative
[2024-05-09T18:53:27.614+0000] {subprocess.py:93} INFO -  -V, --version              Show version number and quit
[2024-05-09T18:53:27.615+0000] {subprocess.py:93} INFO - 
[2024-05-09T18:53:27.616+0000] {subprocess.py:93} INFO - This is not the full help, this menu is stripped into categories.
[2024-05-09T18:53:27.617+0000] {subprocess.py:93} INFO - Use "--help category" to get an overview of all categories.
[2024-05-09T18:53:27.619+0000] {subprocess.py:93} INFO - For all options use the manual or "--help all".
[2024-05-09T18:53:27.620+0000] {subprocess.py:97} INFO - Command exited with return code 0
[2024-05-09T18:53:27.621+0000] {taskinstance.py:441} INFO - ::group::Post task execution logs
[2024-05-09T18:53:27.651+0000] {taskinstance.py:1206} INFO - Marking task as SUCCESS. dag_id=Proyecto_SpaceX, task_id=Obtener_datos_SpaceX, run_id=scheduled__2024-01-01T00:00:00+00:00, execution_date=20240101T000000, start_date=20240509T185327, end_date=20240509T185327
[2024-05-09T18:53:27.692+0000] {local_task_job_runner.py:240} INFO - Task exited with return code 0
[2024-05-09T18:53:27.722+0000] {taskinstance.py:3498} INFO - 1 downstream tasks scheduled from follow-on schedule check
[2024-05-09T18:53:27.756+0000] {local_task_job_runner.py:222} INFO - ::endgroup::
[2024-05-09T19:16:44.387+0000] {local_task_job_runner.py:120} INFO - ::group::Pre task execution logs
[2024-05-09T19:16:44.426+0000] {taskinstance.py:2076} INFO - Dependencies all met for dep_context=non-requeueable deps ti=<TaskInstance: Proyecto_SpaceX.Obtener_datos_SpaceX scheduled__2024-01-01T00:00:00+00:00 [queued]>
[2024-05-09T19:16:44.438+0000] {taskinstance.py:2076} INFO - Dependencies all met for dep_context=requeueable deps ti=<TaskInstance: Proyecto_SpaceX.Obtener_datos_SpaceX scheduled__2024-01-01T00:00:00+00:00 [queued]>
[2024-05-09T19:16:44.439+0000] {taskinstance.py:2306} INFO - Starting attempt 1 of 1
[2024-05-09T19:16:44.621+0000] {taskinstance.py:2330} INFO - Executing <Task(BashOperator): Obtener_datos_SpaceX> on 2024-01-01 00:00:00+00:00
[2024-05-09T19:16:44.628+0000] {warnings.py:110} WARNING - /home/***/.local/lib/python3.12/site-packages/***/task/task_runner/standard_task_runner.py:61: DeprecationWarning: This process (pid=476) is multi-threaded, use of fork() may lead to deadlocks in the child.
  pid = os.fork()

[2024-05-09T19:16:44.630+0000] {standard_task_runner.py:63} INFO - Started process 478 to run task
[2024-05-09T19:16:44.630+0000] {standard_task_runner.py:90} INFO - Running: ['***', 'tasks', 'run', 'Proyecto_SpaceX', 'Obtener_datos_SpaceX', 'scheduled__2024-01-01T00:00:00+00:00', '--job-id', '932', '--raw', '--subdir', 'DAGS_FOLDER/Proyecto_SpaceX.py', '--cfg-path', '/tmp/tmp75nw6g1z']
[2024-05-09T19:16:44.635+0000] {standard_task_runner.py:91} INFO - Job 932: Subtask Obtener_datos_SpaceX
[2024-05-09T19:16:44.750+0000] {task_command.py:426} INFO - Running <TaskInstance: Proyecto_SpaceX.Obtener_datos_SpaceX scheduled__2024-01-01T00:00:00+00:00 [running]> on host 7a81a983afb0
[2024-05-09T19:16:44.966+0000] {taskinstance.py:2648} INFO - Exporting env vars: AIRFLOW_CTX_DAG_OWNER='***' AIRFLOW_CTX_DAG_ID='Proyecto_SpaceX' AIRFLOW_CTX_TASK_ID='Obtener_datos_SpaceX' AIRFLOW_CTX_EXECUTION_DATE='2024-01-01T00:00:00+00:00' AIRFLOW_CTX_TRY_NUMBER='1' AIRFLOW_CTX_DAG_RUN_ID='scheduled__2024-01-01T00:00:00+00:00'
[2024-05-09T19:16:44.972+0000] {taskinstance.py:430} INFO - ::endgroup::
[2024-05-09T19:16:44.991+0000] {subprocess.py:63} INFO - Tmp dir root location: /tmp
[2024-05-09T19:16:44.992+0000] {subprocess.py:75} INFO - Running command: ['/usr/bin/bash', '-c', "curl -o /tmp/history.json -L'https://api.spacexdata.com/v4/history'"]
[2024-05-09T19:16:45.001+0000] {subprocess.py:86} INFO - Output:
[2024-05-09T19:16:45.006+0000] {subprocess.py:93} INFO - Usage: curl [options...] <url>
[2024-05-09T19:16:45.007+0000] {subprocess.py:93} INFO -  -d, --data <data>          HTTP POST data
[2024-05-09T19:16:45.007+0000] {subprocess.py:93} INFO -  -f, --fail                 Fail fast with no output on HTTP errors
[2024-05-09T19:16:45.008+0000] {subprocess.py:93} INFO -  -h, --help <category>      Get help for commands
[2024-05-09T19:16:45.008+0000] {subprocess.py:93} INFO -  -i, --include              Include protocol response headers in the output
[2024-05-09T19:16:45.009+0000] {subprocess.py:93} INFO -  -o, --output <file>        Write to file instead of stdout
[2024-05-09T19:16:45.009+0000] {subprocess.py:93} INFO -  -O, --remote-name          Write output to a file named as the remote file
[2024-05-09T19:16:45.010+0000] {subprocess.py:93} INFO -  -s, --silent               Silent mode
[2024-05-09T19:16:45.010+0000] {subprocess.py:93} INFO -  -T, --upload-file <file>   Transfer local FILE to destination
[2024-05-09T19:16:45.011+0000] {subprocess.py:93} INFO -  -u, --user <user:password> Server user and password
[2024-05-09T19:16:45.012+0000] {subprocess.py:93} INFO -  -A, --user-agent <name>    Send User-Agent <name> to server
[2024-05-09T19:16:45.013+0000] {subprocess.py:93} INFO -  -v, --verbose              Make the operation more talkative
[2024-05-09T19:16:45.014+0000] {subprocess.py:93} INFO -  -V, --version              Show version number and quit
[2024-05-09T19:16:45.014+0000] {subprocess.py:93} INFO - 
[2024-05-09T19:16:45.015+0000] {subprocess.py:93} INFO - This is not the full help, this menu is stripped into categories.
[2024-05-09T19:16:45.015+0000] {subprocess.py:93} INFO - Use "--help category" to get an overview of all categories.
[2024-05-09T19:16:45.016+0000] {subprocess.py:93} INFO - For all options use the manual or "--help all".
[2024-05-09T19:16:45.017+0000] {subprocess.py:97} INFO - Command exited with return code 0
[2024-05-09T19:16:45.018+0000] {taskinstance.py:441} INFO - ::group::Post task execution logs
[2024-05-09T19:16:45.088+0000] {taskinstance.py:1206} INFO - Marking task as SUCCESS. dag_id=Proyecto_SpaceX, task_id=Obtener_datos_SpaceX, run_id=scheduled__2024-01-01T00:00:00+00:00, execution_date=20240101T000000, start_date=20240509T191644, end_date=20240509T191645
[2024-05-09T19:16:45.288+0000] {local_task_job_runner.py:240} INFO - Task exited with return code 0
[2024-05-09T19:16:45.308+0000] {taskinstance.py:3498} INFO - 0 downstream tasks scheduled from follow-on schedule check
[2024-05-09T19:16:45.352+0000] {local_task_job_runner.py:222} INFO - ::endgroup::
[2024-05-09T21:00:58.499+0000] {local_task_job_runner.py:120} INFO - ::group::Pre task execution logs
[2024-05-09T21:00:58.521+0000] {taskinstance.py:2076} INFO - Dependencies all met for dep_context=non-requeueable deps ti=<TaskInstance: Proyecto_SpaceX.Obtener_datos_SpaceX scheduled__2024-01-01T00:00:00+00:00 [queued]>
[2024-05-09T21:00:58.533+0000] {taskinstance.py:2076} INFO - Dependencies all met for dep_context=requeueable deps ti=<TaskInstance: Proyecto_SpaceX.Obtener_datos_SpaceX scheduled__2024-01-01T00:00:00+00:00 [queued]>
[2024-05-09T21:00:58.544+0000] {taskinstance.py:2306} INFO - Starting attempt 1 of 1
[2024-05-09T21:00:58.707+0000] {taskinstance.py:2330} INFO - Executing <Task(BashOperator): Obtener_datos_SpaceX> on 2024-01-01 00:00:00+00:00
[2024-05-09T21:00:58.714+0000] {warnings.py:110} WARNING - /home/***/.local/lib/python3.12/site-packages/***/task/task_runner/standard_task_runner.py:61: DeprecationWarning: This process (pid=1825) is multi-threaded, use of fork() may lead to deadlocks in the child.
  pid = os.fork()

[2024-05-09T21:00:58.718+0000] {standard_task_runner.py:63} INFO - Started process 1829 to run task
[2024-05-09T21:00:58.716+0000] {standard_task_runner.py:90} INFO - Running: ['***', 'tasks', 'run', 'Proyecto_SpaceX', 'Obtener_datos_SpaceX', 'scheduled__2024-01-01T00:00:00+00:00', '--job-id', '1005', '--raw', '--subdir', 'DAGS_FOLDER/Proyecto_SpaceX.py', '--cfg-path', '/tmp/tmpmes7yp7h']
[2024-05-09T21:00:58.724+0000] {standard_task_runner.py:91} INFO - Job 1005: Subtask Obtener_datos_SpaceX
[2024-05-09T21:00:58.778+0000] {task_command.py:426} INFO - Running <TaskInstance: Proyecto_SpaceX.Obtener_datos_SpaceX scheduled__2024-01-01T00:00:00+00:00 [running]> on host 7a81a983afb0
[2024-05-09T21:00:58.865+0000] {taskinstance.py:2648} INFO - Exporting env vars: AIRFLOW_CTX_DAG_OWNER='***' AIRFLOW_CTX_DAG_ID='Proyecto_SpaceX' AIRFLOW_CTX_TASK_ID='Obtener_datos_SpaceX' AIRFLOW_CTX_EXECUTION_DATE='2024-01-01T00:00:00+00:00' AIRFLOW_CTX_TRY_NUMBER='1' AIRFLOW_CTX_DAG_RUN_ID='scheduled__2024-01-01T00:00:00+00:00'
[2024-05-09T21:00:58.867+0000] {taskinstance.py:430} INFO - ::endgroup::
[2024-05-09T21:00:58.882+0000] {subprocess.py:63} INFO - Tmp dir root location: /tmp
[2024-05-09T21:00:58.883+0000] {subprocess.py:75} INFO - Running command: ['/usr/bin/bash', '-c', "curl -o /tmp/history.json -L'https://api.spacexdata.com/v4/history'"]
[2024-05-09T21:00:58.894+0000] {subprocess.py:86} INFO - Output:
[2024-05-09T21:00:58.903+0000] {subprocess.py:93} INFO - Usage: curl [options...] <url>
[2024-05-09T21:00:58.972+0000] {subprocess.py:93} INFO -  -d, --data <data>          HTTP POST data
[2024-05-09T21:00:58.974+0000] {subprocess.py:93} INFO -  -f, --fail                 Fail fast with no output on HTTP errors
[2024-05-09T21:00:58.989+0000] {subprocess.py:93} INFO -  -h, --help <category>      Get help for commands
[2024-05-09T21:00:58.993+0000] {subprocess.py:93} INFO -  -i, --include              Include protocol response headers in the output
[2024-05-09T21:00:58.998+0000] {subprocess.py:93} INFO -  -o, --output <file>        Write to file instead of stdout
[2024-05-09T21:00:59.000+0000] {subprocess.py:93} INFO -  -O, --remote-name          Write output to a file named as the remote file
[2024-05-09T21:00:59.004+0000] {subprocess.py:93} INFO -  -s, --silent               Silent mode
[2024-05-09T21:00:59.006+0000] {subprocess.py:93} INFO -  -T, --upload-file <file>   Transfer local FILE to destination
[2024-05-09T21:00:59.009+0000] {subprocess.py:93} INFO -  -u, --user <user:password> Server user and password
[2024-05-09T21:00:59.010+0000] {subprocess.py:93} INFO -  -A, --user-agent <name>    Send User-Agent <name> to server
[2024-05-09T21:00:59.013+0000] {subprocess.py:93} INFO -  -v, --verbose              Make the operation more talkative
[2024-05-09T21:00:59.015+0000] {subprocess.py:93} INFO -  -V, --version              Show version number and quit
[2024-05-09T21:00:59.019+0000] {subprocess.py:93} INFO - 
[2024-05-09T21:00:59.021+0000] {subprocess.py:93} INFO - This is not the full help, this menu is stripped into categories.
[2024-05-09T21:00:59.022+0000] {subprocess.py:93} INFO - Use "--help category" to get an overview of all categories.
[2024-05-09T21:00:59.027+0000] {subprocess.py:93} INFO - For all options use the manual or "--help all".
[2024-05-09T21:00:59.028+0000] {subprocess.py:97} INFO - Command exited with return code 0
[2024-05-09T21:00:59.031+0000] {taskinstance.py:441} INFO - ::group::Post task execution logs
[2024-05-09T21:00:59.065+0000] {taskinstance.py:1206} INFO - Marking task as SUCCESS. dag_id=Proyecto_SpaceX, task_id=Obtener_datos_SpaceX, run_id=scheduled__2024-01-01T00:00:00+00:00, execution_date=20240101T000000, start_date=20240509T210058, end_date=20240509T210059
[2024-05-09T21:00:59.135+0000] {local_task_job_runner.py:240} INFO - Task exited with return code 0
[2024-05-09T21:00:59.163+0000] {taskinstance.py:3498} INFO - 1 downstream tasks scheduled from follow-on schedule check
[2024-05-09T21:00:59.172+0000] {local_task_job_runner.py:222} INFO - ::endgroup::
