[2024-05-09T19:44:42.627+0000] {local_task_job_runner.py:120} INFO - ::group::Pre task execution logs
[2024-05-09T19:44:42.645+0000] {taskinstance.py:2076} INFO - Dependencies all met for dep_context=non-requeueable deps ti=<TaskInstance: Proyecto_SpaceX.Obtener_datos_SpaceX scheduled__2024-01-01T00:00:00+00:00 [queued]>
[2024-05-09T19:44:42.655+0000] {taskinstance.py:2076} INFO - Dependencies all met for dep_context=requeueable deps ti=<TaskInstance: Proyecto_SpaceX.Obtener_datos_SpaceX scheduled__2024-01-01T00:00:00+00:00 [queued]>
[2024-05-09T19:44:42.656+0000] {taskinstance.py:2306} INFO - Starting attempt 2 of 2
[2024-05-09T19:44:42.982+0000] {taskinstance.py:2330} INFO - Executing <Task(BashOperator): Obtener_datos_SpaceX> on 2024-01-01 00:00:00+00:00
[2024-05-09T19:44:42.989+0000] {warnings.py:110} WARNING - /home/***/.local/lib/python3.12/site-packages/***/task/task_runner/standard_task_runner.py:61: DeprecationWarning: This process (pid=915) is multi-threaded, use of fork() may lead to deadlocks in the child.
  pid = os.fork()

[2024-05-09T19:44:42.991+0000] {standard_task_runner.py:63} INFO - Started process 919 to run task
[2024-05-09T19:44:42.990+0000] {standard_task_runner.py:90} INFO - Running: ['***', 'tasks', 'run', 'Proyecto_SpaceX', 'Obtener_datos_SpaceX', 'scheduled__2024-01-01T00:00:00+00:00', '--job-id', '951', '--raw', '--subdir', 'DAGS_FOLDER/Proyecto_SpaceX.py', '--cfg-path', '/tmp/tmpivnu81ay']
[2024-05-09T19:44:42.993+0000] {standard_task_runner.py:91} INFO - Job 951: Subtask Obtener_datos_SpaceX
[2024-05-09T19:44:43.041+0000] {task_command.py:426} INFO - Running <TaskInstance: Proyecto_SpaceX.Obtener_datos_SpaceX scheduled__2024-01-01T00:00:00+00:00 [running]> on host 7a81a983afb0
[2024-05-09T19:44:43.109+0000] {taskinstance.py:2648} INFO - Exporting env vars: AIRFLOW_CTX_DAG_OWNER='***' AIRFLOW_CTX_DAG_ID='Proyecto_SpaceX' AIRFLOW_CTX_TASK_ID='Obtener_datos_SpaceX' AIRFLOW_CTX_EXECUTION_DATE='2024-01-01T00:00:00+00:00' AIRFLOW_CTX_TRY_NUMBER='2' AIRFLOW_CTX_DAG_RUN_ID='scheduled__2024-01-01T00:00:00+00:00'
[2024-05-09T19:44:43.111+0000] {taskinstance.py:430} INFO - ::endgroup::
[2024-05-09T19:44:43.121+0000] {subprocess.py:63} INFO - Tmp dir root location: /tmp
[2024-05-09T19:44:43.122+0000] {subprocess.py:75} INFO - Running command: ['/usr/bin/bash', '-c', "curl -o /tmp/history.json -L'https://api.spacexdata.com/v4/history'"]
[2024-05-09T19:44:43.132+0000] {subprocess.py:86} INFO - Output:
[2024-05-09T19:44:43.138+0000] {subprocess.py:93} INFO - Usage: curl [options...] <url>
[2024-05-09T19:44:43.138+0000] {subprocess.py:93} INFO -  -d, --data <data>          HTTP POST data
[2024-05-09T19:44:43.139+0000] {subprocess.py:93} INFO -  -f, --fail                 Fail fast with no output on HTTP errors
[2024-05-09T19:44:43.139+0000] {subprocess.py:93} INFO -  -h, --help <category>      Get help for commands
[2024-05-09T19:44:43.140+0000] {subprocess.py:93} INFO -  -i, --include              Include protocol response headers in the output
[2024-05-09T19:44:43.140+0000] {subprocess.py:93} INFO -  -o, --output <file>        Write to file instead of stdout
[2024-05-09T19:44:43.141+0000] {subprocess.py:93} INFO -  -O, --remote-name          Write output to a file named as the remote file
[2024-05-09T19:44:43.141+0000] {subprocess.py:93} INFO -  -s, --silent               Silent mode
[2024-05-09T19:44:43.141+0000] {subprocess.py:93} INFO -  -T, --upload-file <file>   Transfer local FILE to destination
[2024-05-09T19:44:43.142+0000] {subprocess.py:93} INFO -  -u, --user <user:password> Server user and password
[2024-05-09T19:44:43.142+0000] {subprocess.py:93} INFO -  -A, --user-agent <name>    Send User-Agent <name> to server
[2024-05-09T19:44:43.143+0000] {subprocess.py:93} INFO -  -v, --verbose              Make the operation more talkative
[2024-05-09T19:44:43.143+0000] {subprocess.py:93} INFO -  -V, --version              Show version number and quit
[2024-05-09T19:44:43.144+0000] {subprocess.py:93} INFO - 
[2024-05-09T19:44:43.144+0000] {subprocess.py:93} INFO - This is not the full help, this menu is stripped into categories.
[2024-05-09T19:44:43.146+0000] {subprocess.py:93} INFO - Use "--help category" to get an overview of all categories.
[2024-05-09T19:44:43.146+0000] {subprocess.py:93} INFO - For all options use the manual or "--help all".
[2024-05-09T19:44:43.150+0000] {subprocess.py:97} INFO - Command exited with return code 0
[2024-05-09T19:44:43.151+0000] {taskinstance.py:441} INFO - ::group::Post task execution logs
[2024-05-09T19:44:43.169+0000] {taskinstance.py:1206} INFO - Marking task as SUCCESS. dag_id=Proyecto_SpaceX, task_id=Obtener_datos_SpaceX, run_id=scheduled__2024-01-01T00:00:00+00:00, execution_date=20240101T000000, start_date=20240509T194442, end_date=20240509T194443
[2024-05-09T19:44:43.205+0000] {local_task_job_runner.py:240} INFO - Task exited with return code 0
[2024-05-09T19:44:43.242+0000] {taskinstance.py:3498} INFO - 1 downstream tasks scheduled from follow-on schedule check
[2024-05-09T19:44:43.249+0000] {local_task_job_runner.py:222} INFO - ::endgroup::
[2024-05-10T05:21:21.845+0000] {local_task_job_runner.py:120} INFO - ::group::Pre task execution logs
[2024-05-10T05:21:21.866+0000] {taskinstance.py:2076} INFO - Dependencies all met for dep_context=non-requeueable deps ti=<TaskInstance: Proyecto_SpaceX.Obtener_datos_SpaceX scheduled__2024-01-01T00:00:00+00:00 [queued]>
[2024-05-10T05:21:21.874+0000] {taskinstance.py:2076} INFO - Dependencies all met for dep_context=requeueable deps ti=<TaskInstance: Proyecto_SpaceX.Obtener_datos_SpaceX scheduled__2024-01-01T00:00:00+00:00 [queued]>
[2024-05-10T05:21:21.875+0000] {taskinstance.py:2306} INFO - Starting attempt 2 of 2
[2024-05-10T05:21:22.045+0000] {taskinstance.py:2330} INFO - Executing <Task(BashOperator): Obtener_datos_SpaceX> on 2024-01-01 00:00:00+00:00
[2024-05-10T05:21:22.052+0000] {warnings.py:110} WARNING - /home/***/.local/lib/python3.12/site-packages/***/task/task_runner/standard_task_runner.py:61: DeprecationWarning: This process (pid=140) is multi-threaded, use of fork() may lead to deadlocks in the child.
  pid = os.fork()

[2024-05-10T05:21:22.055+0000] {standard_task_runner.py:63} INFO - Started process 144 to run task
[2024-05-10T05:21:22.054+0000] {standard_task_runner.py:90} INFO - Running: ['***', 'tasks', 'run', 'Proyecto_SpaceX', 'Obtener_datos_SpaceX', 'scheduled__2024-01-01T00:00:00+00:00', '--job-id', '1024', '--raw', '--subdir', 'DAGS_FOLDER/Proyecto_SpaceX.py', '--cfg-path', '/tmp/tmp5ry5_w8z']
[2024-05-10T05:21:22.057+0000] {standard_task_runner.py:91} INFO - Job 1024: Subtask Obtener_datos_SpaceX
[2024-05-10T05:21:22.111+0000] {task_command.py:426} INFO - Running <TaskInstance: Proyecto_SpaceX.Obtener_datos_SpaceX scheduled__2024-01-01T00:00:00+00:00 [running]> on host 1b7f0b10dd99
[2024-05-10T05:21:22.193+0000] {taskinstance.py:2648} INFO - Exporting env vars: AIRFLOW_CTX_DAG_OWNER='***' AIRFLOW_CTX_DAG_ID='Proyecto_SpaceX' AIRFLOW_CTX_TASK_ID='Obtener_datos_SpaceX' AIRFLOW_CTX_EXECUTION_DATE='2024-01-01T00:00:00+00:00' AIRFLOW_CTX_TRY_NUMBER='2' AIRFLOW_CTX_DAG_RUN_ID='scheduled__2024-01-01T00:00:00+00:00'
[2024-05-10T05:21:22.196+0000] {taskinstance.py:430} INFO - ::endgroup::
[2024-05-10T05:21:22.209+0000] {subprocess.py:63} INFO - Tmp dir root location: /tmp
[2024-05-10T05:21:22.211+0000] {subprocess.py:75} INFO - Running command: ['/usr/bin/bash', '-c', "curl -o /tmp/history.json -L'https://api.spacexdata.com/v4/history'"]
[2024-05-10T05:21:22.221+0000] {subprocess.py:86} INFO - Output:
[2024-05-10T05:21:22.229+0000] {subprocess.py:93} INFO - Usage: curl [options...] <url>
[2024-05-10T05:21:22.230+0000] {subprocess.py:93} INFO -  -d, --data <data>          HTTP POST data
[2024-05-10T05:21:22.231+0000] {subprocess.py:93} INFO -  -f, --fail                 Fail fast with no output on HTTP errors
[2024-05-10T05:21:22.232+0000] {subprocess.py:93} INFO -  -h, --help <category>      Get help for commands
[2024-05-10T05:21:22.233+0000] {subprocess.py:93} INFO -  -i, --include              Include protocol response headers in the output
[2024-05-10T05:21:22.234+0000] {subprocess.py:93} INFO -  -o, --output <file>        Write to file instead of stdout
[2024-05-10T05:21:22.235+0000] {subprocess.py:93} INFO -  -O, --remote-name          Write output to a file named as the remote file
[2024-05-10T05:21:22.236+0000] {subprocess.py:93} INFO -  -s, --silent               Silent mode
[2024-05-10T05:21:22.237+0000] {subprocess.py:93} INFO -  -T, --upload-file <file>   Transfer local FILE to destination
[2024-05-10T05:21:22.238+0000] {subprocess.py:93} INFO -  -u, --user <user:password> Server user and password
[2024-05-10T05:21:22.238+0000] {subprocess.py:93} INFO -  -A, --user-agent <name>    Send User-Agent <name> to server
[2024-05-10T05:21:22.239+0000] {subprocess.py:93} INFO -  -v, --verbose              Make the operation more talkative
[2024-05-10T05:21:22.240+0000] {subprocess.py:93} INFO -  -V, --version              Show version number and quit
[2024-05-10T05:21:22.241+0000] {subprocess.py:93} INFO - 
[2024-05-10T05:21:22.241+0000] {subprocess.py:93} INFO - This is not the full help, this menu is stripped into categories.
[2024-05-10T05:21:22.242+0000] {subprocess.py:93} INFO - Use "--help category" to get an overview of all categories.
[2024-05-10T05:21:22.243+0000] {subprocess.py:93} INFO - For all options use the manual or "--help all".
[2024-05-10T05:21:22.244+0000] {subprocess.py:97} INFO - Command exited with return code 0
[2024-05-10T05:21:22.245+0000] {taskinstance.py:441} INFO - ::group::Post task execution logs
[2024-05-10T05:21:22.268+0000] {taskinstance.py:1206} INFO - Marking task as SUCCESS. dag_id=Proyecto_SpaceX, task_id=Obtener_datos_SpaceX, run_id=scheduled__2024-01-01T00:00:00+00:00, execution_date=20240101T000000, start_date=20240510T052121, end_date=20240510T052122
[2024-05-10T05:21:22.311+0000] {local_task_job_runner.py:240} INFO - Task exited with return code 0
[2024-05-10T05:21:22.328+0000] {local_task_job_runner.py:222} INFO - ::endgroup::
