[2024-05-07T23:41:57.908+0000] {local_task_job_runner.py:120} INFO - ::group::Pre task execution logs
[2024-05-07T23:41:57.935+0000] {taskinstance.py:2076} INFO - Dependencies all met for dep_context=non-requeueable deps ti=<TaskInstance: 5.1_orquestacion.tarea3 scheduled__2024-03-19T00:00:00+00:00 [queued]>
[2024-05-07T23:41:57.946+0000] {taskinstance.py:2076} INFO - Dependencies all met for dep_context=requeueable deps ti=<TaskInstance: 5.1_orquestacion.tarea3 scheduled__2024-03-19T00:00:00+00:00 [queued]>
[2024-05-07T23:41:57.947+0000] {taskinstance.py:2306} INFO - Starting attempt 1 of 1
[2024-05-07T23:41:57.961+0000] {taskinstance.py:2330} INFO - Executing <Task(BashOperator): tarea3> on 2024-03-19 00:00:00+00:00
[2024-05-07T23:41:57.966+0000] {warnings.py:110} WARNING - /home/***/.local/lib/python3.12/site-packages/***/task/task_runner/standard_task_runner.py:61: DeprecationWarning: This process (pid=3089) is multi-threaded, use of fork() may lead to deadlocks in the child.
  pid = os.fork()

[2024-05-07T23:41:57.968+0000] {standard_task_runner.py:63} INFO - Started process 3092 to run task
[2024-05-07T23:41:57.968+0000] {standard_task_runner.py:90} INFO - Running: ['***', 'tasks', 'run', '5.1_orquestacion', 'tarea3', 'scheduled__2024-03-19T00:00:00+00:00', '--job-id', '134', '--raw', '--subdir', 'DAGS_FOLDER/051_orquestacion.py', '--cfg-path', '/tmp/tmp6oe2he_8']
[2024-05-07T23:41:57.969+0000] {standard_task_runner.py:91} INFO - Job 134: Subtask tarea3
[2024-05-07T23:41:58.010+0000] {task_command.py:426} INFO - Running <TaskInstance: 5.1_orquestacion.tarea3 scheduled__2024-03-19T00:00:00+00:00 [running]> on host 521bf890d837
[2024-05-07T23:41:58.089+0000] {taskinstance.py:2648} INFO - Exporting env vars: AIRFLOW_CTX_DAG_OWNER='***' AIRFLOW_CTX_DAG_ID='5.1_orquestacion' AIRFLOW_CTX_TASK_ID='tarea3' AIRFLOW_CTX_EXECUTION_DATE='2024-03-19T00:00:00+00:00' AIRFLOW_CTX_TRY_NUMBER='1' AIRFLOW_CTX_DAG_RUN_ID='scheduled__2024-03-19T00:00:00+00:00'
[2024-05-07T23:41:58.090+0000] {taskinstance.py:430} INFO - ::endgroup::
[2024-05-07T23:41:58.102+0000] {subprocess.py:63} INFO - Tmp dir root location: /tmp
[2024-05-07T23:41:58.103+0000] {subprocess.py:75} INFO - Running command: ['/usr/bin/bash', '-c', "sleep 2 && echo 'Tarea 3'"]
[2024-05-07T23:41:58.113+0000] {subprocess.py:86} INFO - Output:
[2024-05-07T23:42:00.112+0000] {subprocess.py:93} INFO - Tarea 3
[2024-05-07T23:42:00.113+0000] {subprocess.py:97} INFO - Command exited with return code 0
[2024-05-07T23:42:00.114+0000] {taskinstance.py:441} INFO - ::group::Post task execution logs
[2024-05-07T23:42:00.205+0000] {taskinstance.py:1206} INFO - Marking task as SUCCESS. dag_id=5.1_orquestacion, task_id=tarea3, run_id=scheduled__2024-03-19T00:00:00+00:00, execution_date=20240319T000000, start_date=20240507T234157, end_date=20240507T234200
[2024-05-07T23:42:00.312+0000] {local_task_job_runner.py:240} INFO - Task exited with return code 0
[2024-05-07T23:42:00.391+0000] {taskinstance.py:3498} INFO - 0 downstream tasks scheduled from follow-on schedule check
[2024-05-07T23:42:00.405+0000] {local_task_job_runner.py:222} INFO - ::endgroup::
[2024-05-07T23:48:52.106+0000] {local_task_job_runner.py:120} INFO - ::group::Pre task execution logs
[2024-05-07T23:48:52.145+0000] {taskinstance.py:2076} INFO - Dependencies all met for dep_context=non-requeueable deps ti=<TaskInstance: 5.1_orquestacion.tarea3 scheduled__2024-03-19T00:00:00+00:00 [queued]>
[2024-05-07T23:48:52.162+0000] {taskinstance.py:2076} INFO - Dependencies all met for dep_context=requeueable deps ti=<TaskInstance: 5.1_orquestacion.tarea3 scheduled__2024-03-19T00:00:00+00:00 [queued]>
[2024-05-07T23:48:52.163+0000] {taskinstance.py:2306} INFO - Starting attempt 1 of 1
[2024-05-07T23:48:52.185+0000] {taskinstance.py:2330} INFO - Executing <Task(BashOperator): tarea3> on 2024-03-19 00:00:00+00:00
[2024-05-07T23:48:52.193+0000] {warnings.py:110} WARNING - /home/***/.local/lib/python3.12/site-packages/***/task/task_runner/standard_task_runner.py:61: DeprecationWarning: This process (pid=3686) is multi-threaded, use of fork() may lead to deadlocks in the child.
  pid = os.fork()

[2024-05-07T23:48:52.196+0000] {standard_task_runner.py:63} INFO - Started process 3688 to run task
[2024-05-07T23:48:52.198+0000] {standard_task_runner.py:90} INFO - Running: ['***', 'tasks', 'run', '5.1_orquestacion', 'tarea3', 'scheduled__2024-03-19T00:00:00+00:00', '--job-id', '259', '--raw', '--subdir', 'DAGS_FOLDER/051_orquestacion.py', '--cfg-path', '/tmp/tmpco9y3kyh']
[2024-05-07T23:48:52.200+0000] {standard_task_runner.py:91} INFO - Job 259: Subtask tarea3
[2024-05-07T23:48:52.252+0000] {task_command.py:426} INFO - Running <TaskInstance: 5.1_orquestacion.tarea3 scheduled__2024-03-19T00:00:00+00:00 [running]> on host 521bf890d837
[2024-05-07T23:48:52.355+0000] {taskinstance.py:2648} INFO - Exporting env vars: AIRFLOW_CTX_DAG_OWNER='***' AIRFLOW_CTX_DAG_ID='5.1_orquestacion' AIRFLOW_CTX_TASK_ID='tarea3' AIRFLOW_CTX_EXECUTION_DATE='2024-03-19T00:00:00+00:00' AIRFLOW_CTX_TRY_NUMBER='1' AIRFLOW_CTX_DAG_RUN_ID='scheduled__2024-03-19T00:00:00+00:00'
[2024-05-07T23:48:52.356+0000] {taskinstance.py:430} INFO - ::endgroup::
[2024-05-07T23:48:52.371+0000] {subprocess.py:63} INFO - Tmp dir root location: /tmp
[2024-05-07T23:48:52.372+0000] {subprocess.py:75} INFO - Running command: ['/usr/bin/bash', '-c', "sleep 2 && echo 'Tarea 3'"]
[2024-05-07T23:48:52.385+0000] {subprocess.py:86} INFO - Output:
[2024-05-07T23:48:54.388+0000] {subprocess.py:93} INFO - Tarea 3
[2024-05-07T23:48:54.389+0000] {subprocess.py:97} INFO - Command exited with return code 0
[2024-05-07T23:48:54.390+0000] {taskinstance.py:441} INFO - ::group::Post task execution logs
[2024-05-07T23:48:54.413+0000] {taskinstance.py:1206} INFO - Marking task as SUCCESS. dag_id=5.1_orquestacion, task_id=tarea3, run_id=scheduled__2024-03-19T00:00:00+00:00, execution_date=20240319T000000, start_date=20240507T234852, end_date=20240507T234854
[2024-05-07T23:48:54.464+0000] {local_task_job_runner.py:240} INFO - Task exited with return code 0
[2024-05-07T23:48:54.478+0000] {taskinstance.py:3498} INFO - 0 downstream tasks scheduled from follow-on schedule check
[2024-05-07T23:48:54.480+0000] {local_task_job_runner.py:222} INFO - ::endgroup::
