[2024-05-10T06:00:58.595+0000] {local_task_job_runner.py:120} INFO - ::group::Pre task execution logs
[2024-05-10T06:00:58.768+0000] {taskinstance.py:2076} INFO - Dependencies all met for dep_context=non-requeueable deps ti=<TaskInstance: Proyecto_Nasa.ver_csv scheduled__2023-11-26T00:00:00+00:00 [queued]>
[2024-05-10T06:00:58.776+0000] {taskinstance.py:2076} INFO - Dependencies all met for dep_context=requeueable deps ti=<TaskInstance: Proyecto_Nasa.ver_csv scheduled__2023-11-26T00:00:00+00:00 [queued]>
[2024-05-10T06:00:58.867+0000] {taskinstance.py:2306} INFO - Starting attempt 1 of 1
[2024-05-10T06:00:58.894+0000] {taskinstance.py:2330} INFO - Executing <Task(BashOperator): ver_csv> on 2023-11-26 00:00:00+00:00
[2024-05-10T06:00:58.901+0000] {warnings.py:110} WARNING - /home/***/.local/lib/python3.12/site-packages/***/task/task_runner/standard_task_runner.py:61: DeprecationWarning: This process (pid=983) is multi-threaded, use of fork() may lead to deadlocks in the child.
  pid = os.fork()

[2024-05-10T06:00:58.903+0000] {standard_task_runner.py:63} INFO - Started process 985 to run task
[2024-05-10T06:00:58.903+0000] {standard_task_runner.py:90} INFO - Running: ['***', 'tasks', 'run', 'Proyecto_Nasa', 'ver_csv', 'scheduled__2023-11-26T00:00:00+00:00', '--job-id', '1106', '--raw', '--subdir', 'DAGS_FOLDER/Proyecto_SpaceX_v1.py', '--cfg-path', '/tmp/tmp4afib9ka']
[2024-05-10T06:00:58.912+0000] {standard_task_runner.py:91} INFO - Job 1106: Subtask ver_csv
[2024-05-10T06:00:58.958+0000] {task_command.py:426} INFO - Running <TaskInstance: Proyecto_Nasa.ver_csv scheduled__2023-11-26T00:00:00+00:00 [running]> on host 1b7f0b10dd99
[2024-05-10T06:00:59.038+0000] {taskinstance.py:2648} INFO - Exporting env vars: AIRFLOW_CTX_DAG_OWNER='***' AIRFLOW_CTX_DAG_ID='Proyecto_Nasa' AIRFLOW_CTX_TASK_ID='ver_csv' AIRFLOW_CTX_EXECUTION_DATE='2023-11-26T00:00:00+00:00' AIRFLOW_CTX_TRY_NUMBER='1' AIRFLOW_CTX_DAG_RUN_ID='scheduled__2023-11-26T00:00:00+00:00'
[2024-05-10T06:00:59.039+0000] {taskinstance.py:430} INFO - ::endgroup::
[2024-05-10T06:00:59.050+0000] {subprocess.py:63} INFO - Tmp dir root location: /tmp
[2024-05-10T06:00:59.052+0000] {subprocess.py:75} INFO - Running command: ['/usr/bin/bash', '-c', 'ls /tmp && head /tmp/platzi_data_20231126.csv']
[2024-05-10T06:00:59.062+0000] {subprocess.py:86} INFO - Output:
[2024-05-10T06:00:59.064+0000] {subprocess.py:93} INFO - ***tmppqec759w
[2024-05-10T06:00:59.065+0000] {subprocess.py:93} INFO - history.json
[2024-05-10T06:00:59.066+0000] {subprocess.py:93} INFO - platzi_data_20231125.csv
[2024-05-10T06:00:59.067+0000] {subprocess.py:93} INFO - platzi_data_20231126.csv
[2024-05-10T06:00:59.067+0000] {subprocess.py:93} INFO - platzi_data_20240101.csv
[2024-05-10T06:00:59.068+0000] {subprocess.py:93} INFO - platzi_data_20240201.csv
[2024-05-10T06:00:59.069+0000] {subprocess.py:93} INFO - platzi_data_20240301.csv
[2024-05-10T06:00:59.070+0000] {subprocess.py:93} INFO - pymp-uyxtzsi7
[2024-05-10T06:00:59.071+0000] {subprocess.py:93} INFO - response_20231125.txt
[2024-05-10T06:00:59.071+0000] {subprocess.py:93} INFO - response_20231126.txt
[2024-05-10T06:00:59.072+0000] {subprocess.py:93} INFO - response_20240101.txt
[2024-05-10T06:00:59.073+0000] {subprocess.py:93} INFO - response_20240201.txt
[2024-05-10T06:00:59.073+0000] {subprocess.py:93} INFO - response_20240301.txt
[2024-05-10T06:00:59.074+0000] {subprocess.py:93} INFO - Student,timestamp
[2024-05-10T06:00:59.076+0000] {subprocess.py:93} INFO - Maria Cruz,2023-11-26 00:00:00+00:00
[2024-05-10T06:00:59.081+0000] {subprocess.py:93} INFO - Daniel Crema,2023-11-26 00:00:00+00:00
[2024-05-10T06:00:59.084+0000] {subprocess.py:93} INFO - Elon Musk,2023-11-26 00:00:00+00:00
[2024-05-10T06:00:59.087+0000] {subprocess.py:93} INFO - Karol Castrejon,2023-11-26 00:00:00+00:00
[2024-05-10T06:00:59.090+0000] {subprocess.py:93} INFO - Freddy Vega,2023-11-26 00:00:00+00:00
[2024-05-10T06:00:59.091+0000] {subprocess.py:93} INFO - Felipe Duque,2023-11-26 00:00:00+00:00
[2024-05-10T06:00:59.092+0000] {subprocess.py:97} INFO - Command exited with return code 0
[2024-05-10T06:00:59.094+0000] {taskinstance.py:441} INFO - ::group::Post task execution logs
[2024-05-10T06:00:59.115+0000] {taskinstance.py:1206} INFO - Marking task as SUCCESS. dag_id=Proyecto_Nasa, task_id=ver_csv, run_id=scheduled__2023-11-26T00:00:00+00:00, execution_date=20231126T000000, start_date=20240510T060058, end_date=20240510T060059
[2024-05-10T06:00:59.158+0000] {local_task_job_runner.py:240} INFO - Task exited with return code 0
[2024-05-10T06:00:59.175+0000] {taskinstance.py:3498} INFO - 1 downstream tasks scheduled from follow-on schedule check
[2024-05-10T06:00:59.178+0000] {local_task_job_runner.py:222} INFO - ::endgroup::
