[2024-05-07T23:42:05.149+0000] {local_task_job_runner.py:120} INFO - ::group::Pre task execution logs
[2024-05-07T23:42:05.183+0000] {taskinstance.py:2076} INFO - Dependencies all met for dep_context=non-requeueable deps ti=<TaskInstance: 5.1_orquestacion.tarea2 scheduled__2024-03-22T00:00:00+00:00 [queued]>
[2024-05-07T23:42:05.194+0000] {taskinstance.py:2076} INFO - Dependencies all met for dep_context=requeueable deps ti=<TaskInstance: 5.1_orquestacion.tarea2 scheduled__2024-03-22T00:00:00+00:00 [queued]>
[2024-05-07T23:42:05.195+0000] {taskinstance.py:2306} INFO - Starting attempt 1 of 1
[2024-05-07T23:42:05.211+0000] {taskinstance.py:2330} INFO - Executing <Task(BashOperator): tarea2> on 2024-03-22 00:00:00+00:00
[2024-05-07T23:42:05.216+0000] {warnings.py:110} WARNING - /home/***/.local/lib/python3.12/site-packages/***/task/task_runner/standard_task_runner.py:61: DeprecationWarning: This process (pid=3120) is multi-threaded, use of fork() may lead to deadlocks in the child.
  pid = os.fork()

[2024-05-07T23:42:05.218+0000] {standard_task_runner.py:63} INFO - Started process 3124 to run task
[2024-05-07T23:42:05.218+0000] {standard_task_runner.py:90} INFO - Running: ['***', 'tasks', 'run', '5.1_orquestacion', 'tarea2', 'scheduled__2024-03-22T00:00:00+00:00', '--job-id', '142', '--raw', '--subdir', 'DAGS_FOLDER/051_orquestacion.py', '--cfg-path', '/tmp/tmp0bqhzrn0']
[2024-05-07T23:42:05.219+0000] {standard_task_runner.py:91} INFO - Job 142: Subtask tarea2
[2024-05-07T23:42:05.278+0000] {task_command.py:426} INFO - Running <TaskInstance: 5.1_orquestacion.tarea2 scheduled__2024-03-22T00:00:00+00:00 [running]> on host 521bf890d837
[2024-05-07T23:42:05.363+0000] {taskinstance.py:2648} INFO - Exporting env vars: AIRFLOW_CTX_DAG_OWNER='***' AIRFLOW_CTX_DAG_ID='5.1_orquestacion' AIRFLOW_CTX_TASK_ID='tarea2' AIRFLOW_CTX_EXECUTION_DATE='2024-03-22T00:00:00+00:00' AIRFLOW_CTX_TRY_NUMBER='1' AIRFLOW_CTX_DAG_RUN_ID='scheduled__2024-03-22T00:00:00+00:00'
[2024-05-07T23:42:05.364+0000] {taskinstance.py:430} INFO - ::endgroup::
[2024-05-07T23:42:05.376+0000] {subprocess.py:63} INFO - Tmp dir root location: /tmp
[2024-05-07T23:42:05.377+0000] {subprocess.py:75} INFO - Running command: ['/usr/bin/bash', '-c', "sleep 2 && echo 'Tarea 2'"]
[2024-05-07T23:42:05.384+0000] {subprocess.py:86} INFO - Output:
[2024-05-07T23:42:07.387+0000] {subprocess.py:93} INFO - Tarea 2
[2024-05-07T23:42:07.390+0000] {subprocess.py:97} INFO - Command exited with return code 0
[2024-05-07T23:42:07.400+0000] {taskinstance.py:441} INFO - ::group::Post task execution logs
[2024-05-07T23:42:07.484+0000] {taskinstance.py:1206} INFO - Marking task as SUCCESS. dag_id=5.1_orquestacion, task_id=tarea2, run_id=scheduled__2024-03-22T00:00:00+00:00, execution_date=20240322T000000, start_date=20240507T234205, end_date=20240507T234207
[2024-05-07T23:42:07.564+0000] {local_task_job_runner.py:240} INFO - Task exited with return code 0
[2024-05-07T23:42:07.606+0000] {taskinstance.py:3498} INFO - 2 downstream tasks scheduled from follow-on schedule check
[2024-05-07T23:42:07.609+0000] {local_task_job_runner.py:222} INFO - ::endgroup::
[2024-05-07T23:49:19.467+0000] {local_task_job_runner.py:120} INFO - ::group::Pre task execution logs
[2024-05-07T23:49:19.487+0000] {taskinstance.py:2076} INFO - Dependencies all met for dep_context=non-requeueable deps ti=<TaskInstance: 5.1_orquestacion.tarea2 scheduled__2024-03-22T00:00:00+00:00 [queued]>
[2024-05-07T23:49:19.501+0000] {taskinstance.py:2076} INFO - Dependencies all met for dep_context=requeueable deps ti=<TaskInstance: 5.1_orquestacion.tarea2 scheduled__2024-03-22T00:00:00+00:00 [queued]>
[2024-05-07T23:49:19.508+0000] {taskinstance.py:2306} INFO - Starting attempt 1 of 1
[2024-05-07T23:49:19.521+0000] {taskinstance.py:2330} INFO - Executing <Task(BashOperator): tarea2> on 2024-03-22 00:00:00+00:00
[2024-05-07T23:49:19.527+0000] {warnings.py:110} WARNING - /home/***/.local/lib/python3.12/site-packages/***/task/task_runner/standard_task_runner.py:61: DeprecationWarning: This process (pid=3736) is multi-threaded, use of fork() may lead to deadlocks in the child.
  pid = os.fork()

[2024-05-07T23:49:19.529+0000] {standard_task_runner.py:63} INFO - Started process 3737 to run task
[2024-05-07T23:49:19.528+0000] {standard_task_runner.py:90} INFO - Running: ['***', 'tasks', 'run', '5.1_orquestacion', 'tarea2', 'scheduled__2024-03-22T00:00:00+00:00', '--job-id', '270', '--raw', '--subdir', 'DAGS_FOLDER/051_orquestacion.py', '--cfg-path', '/tmp/tmplesmzlp8']
[2024-05-07T23:49:19.539+0000] {standard_task_runner.py:91} INFO - Job 270: Subtask tarea2
[2024-05-07T23:49:19.594+0000] {task_command.py:426} INFO - Running <TaskInstance: 5.1_orquestacion.tarea2 scheduled__2024-03-22T00:00:00+00:00 [running]> on host 521bf890d837
[2024-05-07T23:49:19.656+0000] {taskinstance.py:2648} INFO - Exporting env vars: AIRFLOW_CTX_DAG_OWNER='***' AIRFLOW_CTX_DAG_ID='5.1_orquestacion' AIRFLOW_CTX_TASK_ID='tarea2' AIRFLOW_CTX_EXECUTION_DATE='2024-03-22T00:00:00+00:00' AIRFLOW_CTX_TRY_NUMBER='1' AIRFLOW_CTX_DAG_RUN_ID='scheduled__2024-03-22T00:00:00+00:00'
[2024-05-07T23:49:19.658+0000] {taskinstance.py:430} INFO - ::endgroup::
[2024-05-07T23:49:19.675+0000] {subprocess.py:63} INFO - Tmp dir root location: /tmp
[2024-05-07T23:49:19.676+0000] {subprocess.py:75} INFO - Running command: ['/usr/bin/bash', '-c', "sleep 2 && echo 'Tarea 2'"]
[2024-05-07T23:49:19.683+0000] {subprocess.py:86} INFO - Output:
[2024-05-07T23:49:21.685+0000] {subprocess.py:93} INFO - Tarea 2
[2024-05-07T23:49:21.686+0000] {subprocess.py:97} INFO - Command exited with return code 0
[2024-05-07T23:49:21.688+0000] {taskinstance.py:441} INFO - ::group::Post task execution logs
[2024-05-07T23:49:21.712+0000] {taskinstance.py:1206} INFO - Marking task as SUCCESS. dag_id=5.1_orquestacion, task_id=tarea2, run_id=scheduled__2024-03-22T00:00:00+00:00, execution_date=20240322T000000, start_date=20240507T234919, end_date=20240507T234921
[2024-05-07T23:49:21.763+0000] {local_task_job_runner.py:240} INFO - Task exited with return code 0
[2024-05-07T23:49:21.785+0000] {taskinstance.py:3498} INFO - 2 downstream tasks scheduled from follow-on schedule check
[2024-05-07T23:49:21.787+0000] {local_task_job_runner.py:222} INFO - ::endgroup::
