[2024-05-08T19:03:34.735+0000] {local_task_job_runner.py:120} INFO - ::group::Pre task execution logs
[2024-05-08T19:03:34.766+0000] {taskinstance.py:2076} INFO - Dependencies all met for dep_context=non-requeueable deps ti=<TaskInstance: 7.1_externalTaskSensor.tarea1 scheduled__2024-03-07T00:00:00+00:00 [queued]>
[2024-05-08T19:03:34.775+0000] {taskinstance.py:2076} INFO - Dependencies all met for dep_context=requeueable deps ti=<TaskInstance: 7.1_externalTaskSensor.tarea1 scheduled__2024-03-07T00:00:00+00:00 [queued]>
[2024-05-08T19:03:34.776+0000] {taskinstance.py:2306} INFO - Starting attempt 1 of 1
[2024-05-08T19:03:34.787+0000] {taskinstance.py:2330} INFO - Executing <Task(BashOperator): tarea1> on 2024-03-07 00:00:00+00:00
[2024-05-08T19:03:34.792+0000] {warnings.py:110} WARNING - /home/***/.local/lib/python3.12/site-packages/***/task/task_runner/standard_task_runner.py:61: DeprecationWarning: This process (pid=1071) is multi-threaded, use of fork() may lead to deadlocks in the child.
  pid = os.fork()

[2024-05-08T19:03:34.794+0000] {standard_task_runner.py:63} INFO - Started process 1072 to run task
[2024-05-08T19:03:34.794+0000] {standard_task_runner.py:90} INFO - Running: ['***', 'tasks', 'run', '7.1_externalTaskSensor', 'tarea1', 'scheduled__2024-03-07T00:00:00+00:00', '--job-id', '556', '--raw', '--subdir', 'DAGS_FOLDER/071_ExternalTaskSensor.py', '--cfg-path', '/tmp/tmpt9dw9oyy']
[2024-05-08T19:03:34.795+0000] {standard_task_runner.py:91} INFO - Job 556: Subtask tarea1
[2024-05-08T19:03:34.833+0000] {task_command.py:426} INFO - Running <TaskInstance: 7.1_externalTaskSensor.tarea1 scheduled__2024-03-07T00:00:00+00:00 [running]> on host ccc314eb571d
[2024-05-08T19:03:34.901+0000] {taskinstance.py:2648} INFO - Exporting env vars: AIRFLOW_CTX_DAG_OWNER='***' AIRFLOW_CTX_DAG_ID='7.1_externalTaskSensor' AIRFLOW_CTX_TASK_ID='tarea1' AIRFLOW_CTX_EXECUTION_DATE='2024-03-07T00:00:00+00:00' AIRFLOW_CTX_TRY_NUMBER='1' AIRFLOW_CTX_DAG_RUN_ID='scheduled__2024-03-07T00:00:00+00:00'
[2024-05-08T19:03:34.903+0000] {taskinstance.py:430} INFO - ::endgroup::
[2024-05-08T19:03:34.914+0000] {subprocess.py:63} INFO - Tmp dir root location: /tmp
[2024-05-08T19:03:34.916+0000] {subprocess.py:75} INFO - Running command: ['/usr/bin/bash', '-c', "sleep 10 && echo 'DAG finalizado!'"]
[2024-05-08T19:03:34.926+0000] {subprocess.py:86} INFO - Output:
[2024-05-08T19:03:44.930+0000] {subprocess.py:93} INFO - DAG finalizado!
[2024-05-08T19:03:44.931+0000] {subprocess.py:97} INFO - Command exited with return code 0
[2024-05-08T19:03:44.933+0000] {taskinstance.py:441} INFO - ::group::Post task execution logs
[2024-05-08T19:03:44.970+0000] {taskinstance.py:1206} INFO - Marking task as SUCCESS. dag_id=7.1_externalTaskSensor, task_id=tarea1, run_id=scheduled__2024-03-07T00:00:00+00:00, execution_date=20240307T000000, start_date=20240508T190334, end_date=20240508T190344
[2024-05-08T19:03:45.027+0000] {local_task_job_runner.py:240} INFO - Task exited with return code 0
[2024-05-08T19:03:45.046+0000] {taskinstance.py:3498} INFO - 0 downstream tasks scheduled from follow-on schedule check
[2024-05-08T19:03:45.049+0000] {local_task_job_runner.py:222} INFO - ::endgroup::
