[2024-05-07T23:42:24.322+0000] {local_task_job_runner.py:120} INFO - ::group::Pre task execution logs
[2024-05-07T23:42:24.433+0000] {taskinstance.py:2076} INFO - Dependencies all met for dep_context=non-requeueable deps ti=<TaskInstance: 5.1_orquestacion.tarea3 scheduled__2024-03-26T00:00:00+00:00 [queued]>
[2024-05-07T23:42:24.481+0000] {taskinstance.py:2076} INFO - Dependencies all met for dep_context=requeueable deps ti=<TaskInstance: 5.1_orquestacion.tarea3 scheduled__2024-03-26T00:00:00+00:00 [queued]>
[2024-05-07T23:42:24.482+0000] {taskinstance.py:2306} INFO - Starting attempt 1 of 1
[2024-05-07T23:42:24.500+0000] {taskinstance.py:2330} INFO - Executing <Task(BashOperator): tarea3> on 2024-03-26 00:00:00+00:00
[2024-05-07T23:42:24.507+0000] {warnings.py:110} WARNING - /home/***/.local/lib/python3.12/site-packages/***/task/task_runner/standard_task_runner.py:61: DeprecationWarning: This process (pid=3208) is multi-threaded, use of fork() may lead to deadlocks in the child.
  pid = os.fork()

[2024-05-07T23:42:24.510+0000] {standard_task_runner.py:63} INFO - Started process 3209 to run task
[2024-05-07T23:42:24.510+0000] {standard_task_runner.py:90} INFO - Running: ['***', 'tasks', 'run', '5.1_orquestacion', 'tarea3', 'scheduled__2024-03-26T00:00:00+00:00', '--job-id', '161', '--raw', '--subdir', 'DAGS_FOLDER/051_orquestacion.py', '--cfg-path', '/tmp/tmpf2du0iuv']
[2024-05-07T23:42:24.513+0000] {standard_task_runner.py:91} INFO - Job 161: Subtask tarea3
[2024-05-07T23:42:24.581+0000] {task_command.py:426} INFO - Running <TaskInstance: 5.1_orquestacion.tarea3 scheduled__2024-03-26T00:00:00+00:00 [running]> on host 521bf890d837
[2024-05-07T23:42:24.745+0000] {taskinstance.py:2648} INFO - Exporting env vars: AIRFLOW_CTX_DAG_OWNER='***' AIRFLOW_CTX_DAG_ID='5.1_orquestacion' AIRFLOW_CTX_TASK_ID='tarea3' AIRFLOW_CTX_EXECUTION_DATE='2024-03-26T00:00:00+00:00' AIRFLOW_CTX_TRY_NUMBER='1' AIRFLOW_CTX_DAG_RUN_ID='scheduled__2024-03-26T00:00:00+00:00'
[2024-05-07T23:42:24.746+0000] {taskinstance.py:430} INFO - ::endgroup::
[2024-05-07T23:42:24.760+0000] {subprocess.py:63} INFO - Tmp dir root location: /tmp
[2024-05-07T23:42:24.761+0000] {subprocess.py:75} INFO - Running command: ['/usr/bin/bash', '-c', "sleep 2 && echo 'Tarea 3'"]
[2024-05-07T23:42:24.769+0000] {subprocess.py:86} INFO - Output:
[2024-05-07T23:42:26.772+0000] {subprocess.py:93} INFO - Tarea 3
[2024-05-07T23:42:26.772+0000] {subprocess.py:97} INFO - Command exited with return code 0
[2024-05-07T23:42:26.773+0000] {taskinstance.py:441} INFO - ::group::Post task execution logs
[2024-05-07T23:42:26.910+0000] {taskinstance.py:1206} INFO - Marking task as SUCCESS. dag_id=5.1_orquestacion, task_id=tarea3, run_id=scheduled__2024-03-26T00:00:00+00:00, execution_date=20240326T000000, start_date=20240507T234224, end_date=20240507T234226
[2024-05-07T23:42:27.063+0000] {local_task_job_runner.py:240} INFO - Task exited with return code 0
[2024-05-07T23:42:27.123+0000] {local_task_job_runner.py:222} INFO - ::endgroup::
[2024-05-07T23:50:02.869+0000] {local_task_job_runner.py:120} INFO - ::group::Pre task execution logs
[2024-05-07T23:50:02.893+0000] {taskinstance.py:2076} INFO - Dependencies all met for dep_context=non-requeueable deps ti=<TaskInstance: 5.1_orquestacion.tarea3 scheduled__2024-03-26T00:00:00+00:00 [queued]>
[2024-05-07T23:50:02.902+0000] {taskinstance.py:2076} INFO - Dependencies all met for dep_context=requeueable deps ti=<TaskInstance: 5.1_orquestacion.tarea3 scheduled__2024-03-26T00:00:00+00:00 [queued]>
[2024-05-07T23:50:02.903+0000] {taskinstance.py:2306} INFO - Starting attempt 1 of 1
[2024-05-07T23:50:02.915+0000] {taskinstance.py:2330} INFO - Executing <Task(BashOperator): tarea3> on 2024-03-26 00:00:00+00:00
[2024-05-07T23:50:02.920+0000] {warnings.py:110} WARNING - /home/***/.local/lib/python3.12/site-packages/***/task/task_runner/standard_task_runner.py:61: DeprecationWarning: This process (pid=3812) is multi-threaded, use of fork() may lead to deadlocks in the child.
  pid = os.fork()

[2024-05-07T23:50:02.922+0000] {standard_task_runner.py:90} INFO - Running: ['***', 'tasks', 'run', '5.1_orquestacion', 'tarea3', 'scheduled__2024-03-26T00:00:00+00:00', '--job-id', '287', '--raw', '--subdir', 'DAGS_FOLDER/051_orquestacion.py', '--cfg-path', '/tmp/tmpgydmlxh_']
[2024-05-07T23:50:02.923+0000] {standard_task_runner.py:91} INFO - Job 287: Subtask tarea3
[2024-05-07T23:50:02.922+0000] {standard_task_runner.py:63} INFO - Started process 3813 to run task
[2024-05-07T23:50:02.965+0000] {task_command.py:426} INFO - Running <TaskInstance: 5.1_orquestacion.tarea3 scheduled__2024-03-26T00:00:00+00:00 [running]> on host 521bf890d837
[2024-05-07T23:50:03.043+0000] {taskinstance.py:2648} INFO - Exporting env vars: AIRFLOW_CTX_DAG_OWNER='***' AIRFLOW_CTX_DAG_ID='5.1_orquestacion' AIRFLOW_CTX_TASK_ID='tarea3' AIRFLOW_CTX_EXECUTION_DATE='2024-03-26T00:00:00+00:00' AIRFLOW_CTX_TRY_NUMBER='1' AIRFLOW_CTX_DAG_RUN_ID='scheduled__2024-03-26T00:00:00+00:00'
[2024-05-07T23:50:03.044+0000] {taskinstance.py:430} INFO - ::endgroup::
[2024-05-07T23:50:03.054+0000] {subprocess.py:63} INFO - Tmp dir root location: /tmp
[2024-05-07T23:50:03.055+0000] {subprocess.py:75} INFO - Running command: ['/usr/bin/bash', '-c', "sleep 2 && echo 'Tarea 3'"]
[2024-05-07T23:50:03.063+0000] {subprocess.py:86} INFO - Output:
[2024-05-07T23:50:05.066+0000] {subprocess.py:93} INFO - Tarea 3
[2024-05-07T23:50:05.067+0000] {subprocess.py:97} INFO - Command exited with return code 0
[2024-05-07T23:50:05.071+0000] {taskinstance.py:441} INFO - ::group::Post task execution logs
[2024-05-07T23:50:05.095+0000] {taskinstance.py:1206} INFO - Marking task as SUCCESS. dag_id=5.1_orquestacion, task_id=tarea3, run_id=scheduled__2024-03-26T00:00:00+00:00, execution_date=20240326T000000, start_date=20240507T235002, end_date=20240507T235005
[2024-05-07T23:50:05.148+0000] {local_task_job_runner.py:240} INFO - Task exited with return code 0
[2024-05-07T23:50:05.163+0000] {taskinstance.py:3498} INFO - 0 downstream tasks scheduled from follow-on schedule check
[2024-05-07T23:50:05.165+0000] {local_task_job_runner.py:222} INFO - ::endgroup::
