[2024-05-10T06:15:26.203+0000] {local_task_job_runner.py:120} INFO - ::group::Pre task execution logs
[2024-05-10T06:15:26.220+0000] {taskinstance.py:2076} INFO - Dependencies all met for dep_context=non-requeueable deps ti=<TaskInstance: Proyecto_SpaceX_v1.Confirmacion_NASA scheduled__2024-03-10T00:00:00+00:00 [queued]>
[2024-05-10T06:15:26.226+0000] {taskinstance.py:2076} INFO - Dependencies all met for dep_context=requeueable deps ti=<TaskInstance: Proyecto_SpaceX_v1.Confirmacion_NASA scheduled__2024-03-10T00:00:00+00:00 [queued]>
[2024-05-10T06:15:26.228+0000] {taskinstance.py:2306} INFO - Starting attempt 1 of 3
[2024-05-10T06:15:26.245+0000] {taskinstance.py:2330} INFO - Executing <Task(BashOperator): Confirmacion_NASA> on 2024-03-10 00:00:00+00:00
[2024-05-10T06:15:26.251+0000] {warnings.py:110} WARNING - /home/***/.local/lib/python3.12/site-packages/***/task/task_runner/standard_task_runner.py:61: DeprecationWarning: This process (pid=1569) is multi-threaded, use of fork() may lead to deadlocks in the child.
  pid = os.fork()

[2024-05-10T06:15:26.253+0000] {standard_task_runner.py:63} INFO - Started process 1571 to run task
[2024-05-10T06:15:26.253+0000] {standard_task_runner.py:90} INFO - Running: ['***', 'tasks', 'run', 'Proyecto_SpaceX_v1', 'Confirmacion_NASA', 'scheduled__2024-03-10T00:00:00+00:00', '--job-id', '1196', '--raw', '--subdir', 'DAGS_FOLDER/Proyecto_SpaceX_v1.py', '--cfg-path', '/tmp/tmp0q7vpaiz']
[2024-05-10T06:15:26.255+0000] {standard_task_runner.py:91} INFO - Job 1196: Subtask Confirmacion_NASA
[2024-05-10T06:15:26.298+0000] {task_command.py:426} INFO - Running <TaskInstance: Proyecto_SpaceX_v1.Confirmacion_NASA scheduled__2024-03-10T00:00:00+00:00 [running]> on host 1b7f0b10dd99
[2024-05-10T06:15:26.502+0000] {taskinstance.py:2648} INFO - Exporting env vars: AIRFLOW_CTX_DAG_OWNER='***' AIRFLOW_CTX_DAG_ID='Proyecto_SpaceX_v1' AIRFLOW_CTX_TASK_ID='Confirmacion_NASA' AIRFLOW_CTX_EXECUTION_DATE='2024-03-10T00:00:00+00:00' AIRFLOW_CTX_TRY_NUMBER='1' AIRFLOW_CTX_DAG_RUN_ID='scheduled__2024-03-10T00:00:00+00:00'
[2024-05-10T06:15:26.505+0000] {taskinstance.py:430} INFO - ::endgroup::
[2024-05-10T06:15:26.520+0000] {subprocess.py:63} INFO - Tmp dir root location: /tmp
[2024-05-10T06:15:26.526+0000] {subprocess.py:75} INFO - Running command: ['/usr/bin/bash', '-c', "sleep 20 && echo 'Confirmación, puede proceder' > /tmp/response_20240310.txt"]
[2024-05-10T06:15:26.537+0000] {subprocess.py:86} INFO - Output:
[2024-05-10T06:15:46.540+0000] {subprocess.py:97} INFO - Command exited with return code 0
[2024-05-10T06:15:46.542+0000] {taskinstance.py:441} INFO - ::group::Post task execution logs
[2024-05-10T06:15:46.600+0000] {taskinstance.py:1206} INFO - Marking task as SUCCESS. dag_id=Proyecto_SpaceX_v1, task_id=Confirmacion_NASA, run_id=scheduled__2024-03-10T00:00:00+00:00, execution_date=20240310T000000, start_date=20240510T061526, end_date=20240510T061546
[2024-05-10T06:15:46.641+0000] {local_task_job_runner.py:240} INFO - Task exited with return code 0
[2024-05-10T06:15:46.670+0000] {taskinstance.py:3498} INFO - 1 downstream tasks scheduled from follow-on schedule check
[2024-05-10T06:15:46.678+0000] {local_task_job_runner.py:222} INFO - ::endgroup::
