[2024-05-08T00:23:14.096+0000] {local_task_job_runner.py:120} INFO - ::group::Pre task execution logs
[2024-05-08T00:23:14.124+0000] {taskinstance.py:2076} INFO - Dependencies all met for dep_context=non-requeueable deps ti=<TaskInstance: 6.1_monitoring.tarea1 scheduled__2024-01-19T00:00:00+00:00 [queued]>
[2024-05-08T00:23:14.136+0000] {taskinstance.py:2076} INFO - Dependencies all met for dep_context=requeueable deps ti=<TaskInstance: 6.1_monitoring.tarea1 scheduled__2024-01-19T00:00:00+00:00 [queued]>
[2024-05-08T00:23:14.137+0000] {taskinstance.py:2306} INFO - Starting attempt 1 of 1
[2024-05-08T00:23:14.164+0000] {taskinstance.py:2330} INFO - Executing <Task(BashOperator): tarea1> on 2024-01-19 00:00:00+00:00
[2024-05-08T00:23:14.172+0000] {warnings.py:110} WARNING - /home/***/.local/lib/python3.12/site-packages/***/task/task_runner/standard_task_runner.py:61: DeprecationWarning: This process (pid=4377) is multi-threaded, use of fork() may lead to deadlocks in the child.
  pid = os.fork()

[2024-05-08T00:23:14.174+0000] {standard_task_runner.py:63} INFO - Started process 4382 to run task
[2024-05-08T00:23:14.174+0000] {standard_task_runner.py:90} INFO - Running: ['***', 'tasks', 'run', '6.1_monitoring', 'tarea1', 'scheduled__2024-01-19T00:00:00+00:00', '--job-id', '326', '--raw', '--subdir', 'DAGS_FOLDER/061_monitoring.py', '--cfg-path', '/tmp/tmpzg6ee04k']
[2024-05-08T00:23:14.175+0000] {standard_task_runner.py:91} INFO - Job 326: Subtask tarea1
[2024-05-08T00:23:14.241+0000] {task_command.py:426} INFO - Running <TaskInstance: 6.1_monitoring.tarea1 scheduled__2024-01-19T00:00:00+00:00 [running]> on host 521bf890d837
[2024-05-08T00:23:14.351+0000] {taskinstance.py:2648} INFO - Exporting env vars: AIRFLOW_CTX_DAG_OWNER='***' AIRFLOW_CTX_DAG_ID='6.1_monitoring' AIRFLOW_CTX_TASK_ID='tarea1' AIRFLOW_CTX_EXECUTION_DATE='2024-01-19T00:00:00+00:00' AIRFLOW_CTX_TRY_NUMBER='1' AIRFLOW_CTX_DAG_RUN_ID='scheduled__2024-01-19T00:00:00+00:00'
[2024-05-08T00:23:14.352+0000] {taskinstance.py:430} INFO - ::endgroup::
[2024-05-08T00:23:14.368+0000] {subprocess.py:63} INFO - Tmp dir root location: /tmp
[2024-05-08T00:23:14.369+0000] {subprocess.py:75} INFO - Running command: ['/usr/bin/bash', '-c', "sleep 2 && echo 'Primera tarea!'"]
[2024-05-08T00:23:14.379+0000] {subprocess.py:86} INFO - Output:
[2024-05-08T00:23:16.382+0000] {subprocess.py:93} INFO - Primera tarea!
[2024-05-08T00:23:16.383+0000] {subprocess.py:97} INFO - Command exited with return code 0
[2024-05-08T00:23:16.385+0000] {taskinstance.py:441} INFO - ::group::Post task execution logs
[2024-05-08T00:23:16.403+0000] {taskinstance.py:1206} INFO - Marking task as SUCCESS. dag_id=6.1_monitoring, task_id=tarea1, run_id=scheduled__2024-01-19T00:00:00+00:00, execution_date=20240119T000000, start_date=20240508T002314, end_date=20240508T002316
[2024-05-08T00:23:16.439+0000] {local_task_job_runner.py:240} INFO - Task exited with return code 0
[2024-05-08T00:23:16.462+0000] {taskinstance.py:3498} INFO - 1 downstream tasks scheduled from follow-on schedule check
[2024-05-08T00:23:16.466+0000] {local_task_job_runner.py:222} INFO - ::endgroup::
