[2024-05-10T06:13:59.379+0000] {local_task_job_runner.py:120} INFO - ::group::Pre task execution logs
[2024-05-10T06:13:59.402+0000] {taskinstance.py:2076} INFO - Dependencies all met for dep_context=non-requeueable deps ti=<TaskInstance: Proyecto_SpaceX_v1.Lectura_Datos_NASA scheduled__2024-03-07T00:00:00+00:00 [queued]>
[2024-05-10T06:13:59.412+0000] {taskinstance.py:2076} INFO - Dependencies all met for dep_context=requeueable deps ti=<TaskInstance: Proyecto_SpaceX_v1.Lectura_Datos_NASA scheduled__2024-03-07T00:00:00+00:00 [queued]>
[2024-05-10T06:13:59.414+0000] {taskinstance.py:2306} INFO - Starting attempt 1 of 1
[2024-05-10T06:13:59.444+0000] {taskinstance.py:2330} INFO - Executing <Task(BashOperator): Lectura_Datos_NASA> on 2024-03-07 00:00:00+00:00
[2024-05-10T06:13:59.451+0000] {warnings.py:110} WARNING - /home/***/.local/lib/python3.12/site-packages/***/task/task_runner/standard_task_runner.py:61: DeprecationWarning: This process (pid=1470) is multi-threaded, use of fork() may lead to deadlocks in the child.
  pid = os.fork()

[2024-05-10T06:13:59.453+0000] {standard_task_runner.py:63} INFO - Started process 1472 to run task
[2024-05-10T06:13:59.452+0000] {standard_task_runner.py:90} INFO - Running: ['***', 'tasks', 'run', 'Proyecto_SpaceX_v1', 'Lectura_Datos_NASA', 'scheduled__2024-03-07T00:00:00+00:00', '--job-id', '1176', '--raw', '--subdir', 'DAGS_FOLDER/Proyecto_SpaceX_v1.py', '--cfg-path', '/tmp/tmp8dge7l4v']
[2024-05-10T06:13:59.455+0000] {standard_task_runner.py:91} INFO - Job 1176: Subtask Lectura_Datos_NASA
[2024-05-10T06:13:59.508+0000] {task_command.py:426} INFO - Running <TaskInstance: Proyecto_SpaceX_v1.Lectura_Datos_NASA scheduled__2024-03-07T00:00:00+00:00 [running]> on host 1b7f0b10dd99
[2024-05-10T06:13:59.761+0000] {taskinstance.py:2648} INFO - Exporting env vars: AIRFLOW_CTX_DAG_OWNER='***' AIRFLOW_CTX_DAG_ID='Proyecto_SpaceX_v1' AIRFLOW_CTX_TASK_ID='Lectura_Datos_NASA' AIRFLOW_CTX_EXECUTION_DATE='2024-03-07T00:00:00+00:00' AIRFLOW_CTX_TRY_NUMBER='1' AIRFLOW_CTX_DAG_RUN_ID='scheduled__2024-03-07T00:00:00+00:00'
[2024-05-10T06:13:59.764+0000] {taskinstance.py:430} INFO - ::endgroup::
[2024-05-10T06:13:59.775+0000] {subprocess.py:63} INFO - Tmp dir root location: /tmp
[2024-05-10T06:13:59.777+0000] {subprocess.py:75} INFO - Running command: ['/usr/bin/bash', '-c', 'ls /tmp && head /tmp/response_20240307.txt']
[2024-05-10T06:13:59.789+0000] {subprocess.py:86} INFO - Output:
[2024-05-10T06:13:59.791+0000] {subprocess.py:93} INFO - ***tmphrzmusyl
[2024-05-10T06:13:59.792+0000] {subprocess.py:93} INFO - history.json
[2024-05-10T06:13:59.793+0000] {subprocess.py:93} INFO - platzi_data_20231125.csv
[2024-05-10T06:13:59.794+0000] {subprocess.py:93} INFO - platzi_data_20231126.csv
[2024-05-10T06:13:59.795+0000] {subprocess.py:93} INFO - platzi_data_20231127.csv
[2024-05-10T06:13:59.798+0000] {subprocess.py:93} INFO - platzi_data_20240101.csv
[2024-05-10T06:13:59.799+0000] {subprocess.py:93} INFO - platzi_data_20240201.csv
[2024-05-10T06:13:59.800+0000] {subprocess.py:93} INFO - platzi_data_20240301.csv
[2024-05-10T06:13:59.801+0000] {subprocess.py:93} INFO - platzi_data_20240302.csv
[2024-05-10T06:13:59.803+0000] {subprocess.py:93} INFO - platzi_data_20240303.csv
[2024-05-10T06:13:59.804+0000] {subprocess.py:93} INFO - platzi_data_20240304.csv
[2024-05-10T06:13:59.806+0000] {subprocess.py:93} INFO - platzi_data_20240305.csv
[2024-05-10T06:13:59.809+0000] {subprocess.py:93} INFO - platzi_data_20240306.csv
[2024-05-10T06:13:59.810+0000] {subprocess.py:93} INFO - pymp-uyxtzsi7
[2024-05-10T06:13:59.811+0000] {subprocess.py:93} INFO - response_20231125.txt
[2024-05-10T06:13:59.815+0000] {subprocess.py:93} INFO - response_20231126.txt
[2024-05-10T06:13:59.818+0000] {subprocess.py:93} INFO - response_20231127.txt
[2024-05-10T06:13:59.819+0000] {subprocess.py:93} INFO - response_20240101.txt
[2024-05-10T06:13:59.820+0000] {subprocess.py:93} INFO - response_20240201.txt
[2024-05-10T06:13:59.821+0000] {subprocess.py:93} INFO - response_20240301.txt
[2024-05-10T06:13:59.823+0000] {subprocess.py:93} INFO - response_20240302.txt
[2024-05-10T06:13:59.825+0000] {subprocess.py:93} INFO - response_20240303.txt
[2024-05-10T06:13:59.826+0000] {subprocess.py:93} INFO - response_20240304.txt
[2024-05-10T06:13:59.828+0000] {subprocess.py:93} INFO - response_20240305.txt
[2024-05-10T06:13:59.830+0000] {subprocess.py:93} INFO - response_20240306.txt
[2024-05-10T06:13:59.831+0000] {subprocess.py:93} INFO - response_20240307.txt
[2024-05-10T06:13:59.833+0000] {subprocess.py:93} INFO - Confirmación, puede proceder
[2024-05-10T06:13:59.834+0000] {subprocess.py:97} INFO - Command exited with return code 0
[2024-05-10T06:13:59.834+0000] {taskinstance.py:441} INFO - ::group::Post task execution logs
[2024-05-10T06:13:59.934+0000] {taskinstance.py:1206} INFO - Marking task as SUCCESS. dag_id=Proyecto_SpaceX_v1, task_id=Lectura_Datos_NASA, run_id=scheduled__2024-03-07T00:00:00+00:00, execution_date=20240307T000000, start_date=20240510T061359, end_date=20240510T061359
[2024-05-10T06:14:00.030+0000] {local_task_job_runner.py:240} INFO - Task exited with return code 0
[2024-05-10T06:14:00.207+0000] {taskinstance.py:3498} INFO - 1 downstream tasks scheduled from follow-on schedule check
[2024-05-10T06:14:00.242+0000] {local_task_job_runner.py:222} INFO - ::endgroup::
