[2024-05-08T21:56:50.269+0000] {local_task_job_runner.py:120} INFO - ::group::Pre task execution logs
[2024-05-08T21:56:50.362+0000] {taskinstance.py:2076} INFO - Dependencies all met for dep_context=non-requeueable deps ti=<TaskInstance: 10_branching.finish_14_june scheduled__2022-07-08T00:00:00+00:00 [queued]>
[2024-05-08T21:56:50.409+0000] {taskinstance.py:2076} INFO - Dependencies all met for dep_context=requeueable deps ti=<TaskInstance: 10_branching.finish_14_june scheduled__2022-07-08T00:00:00+00:00 [queued]>
[2024-05-08T21:56:50.413+0000] {taskinstance.py:2306} INFO - Starting attempt 1 of 1
[2024-05-08T21:56:50.468+0000] {taskinstance.py:2330} INFO - Executing <Task(BashOperator): finish_14_june> on 2022-07-08 00:00:00+00:00
[2024-05-08T21:56:50.486+0000] {warnings.py:110} WARNING - /home/***/.local/lib/python3.12/site-packages/***/task/task_runner/standard_task_runner.py:61: DeprecationWarning: This process (pid=3964) is multi-threaded, use of fork() may lead to deadlocks in the child.
  pid = os.fork()

[2024-05-08T21:56:50.491+0000] {standard_task_runner.py:63} INFO - Started process 3981 to run task
[2024-05-08T21:56:50.491+0000] {standard_task_runner.py:90} INFO - Running: ['***', 'tasks', 'run', '10_branching', 'finish_14_june', 'scheduled__2022-07-08T00:00:00+00:00', '--job-id', '867', '--raw', '--subdir', 'DAGS_FOLDER/10_branchpythonoperator.py', '--cfg-path', '/tmp/tmpph5svfmb']
[2024-05-08T21:56:50.495+0000] {standard_task_runner.py:91} INFO - Job 867: Subtask finish_14_june
[2024-05-08T21:56:50.626+0000] {task_command.py:426} INFO - Running <TaskInstance: 10_branching.finish_14_june scheduled__2022-07-08T00:00:00+00:00 [running]> on host ccc314eb571d
[2024-05-08T21:56:50.915+0000] {taskinstance.py:2648} INFO - Exporting env vars: AIRFLOW_CTX_DAG_OWNER='***' AIRFLOW_CTX_DAG_ID='10_branching' AIRFLOW_CTX_TASK_ID='finish_14_june' AIRFLOW_CTX_EXECUTION_DATE='2022-07-08T00:00:00+00:00' AIRFLOW_CTX_TRY_NUMBER='1' AIRFLOW_CTX_DAG_RUN_ID='scheduled__2022-07-08T00:00:00+00:00'
[2024-05-08T21:56:50.917+0000] {taskinstance.py:430} INFO - ::endgroup::
[2024-05-08T21:56:50.962+0000] {subprocess.py:63} INFO - Tmp dir root location: /tmp
[2024-05-08T21:56:50.971+0000] {subprocess.py:75} INFO - Running command: ['/usr/bin/bash', '-c', "echo 'Running 2022-07-08'"]
[2024-05-08T21:56:51.030+0000] {subprocess.py:86} INFO - Output:
[2024-05-08T21:56:51.032+0000] {subprocess.py:93} INFO - Running 2022-07-08
[2024-05-08T21:56:51.033+0000] {subprocess.py:97} INFO - Command exited with return code 0
[2024-05-08T21:56:51.034+0000] {taskinstance.py:441} INFO - ::group::Post task execution logs
[2024-05-08T21:56:51.180+0000] {taskinstance.py:1206} INFO - Marking task as SUCCESS. dag_id=10_branching, task_id=finish_14_june, run_id=scheduled__2022-07-08T00:00:00+00:00, execution_date=20220708T000000, start_date=20240508T215650, end_date=20240508T215651
[2024-05-08T21:56:51.274+0000] {local_task_job_runner.py:240} INFO - Task exited with return code 0
[2024-05-08T21:56:51.373+0000] {taskinstance.py:3498} INFO - 0 downstream tasks scheduled from follow-on schedule check
[2024-05-08T21:56:51.381+0000] {local_task_job_runner.py:222} INFO - ::endgroup::
