[2024-05-07T23:28:11.985+0000] {local_task_job_runner.py:120} INFO - ::group::Pre task execution logs
[2024-05-07T23:28:12.006+0000] {taskinstance.py:2076} INFO - Dependencies all met for dep_context=non-requeueable deps ti=<TaskInstance: 5.1_orquestacion.tarea3 manual__2024-05-07T23:26:59.915238+00:00 [queued]>
[2024-05-07T23:28:12.015+0000] {taskinstance.py:2076} INFO - Dependencies all met for dep_context=requeueable deps ti=<TaskInstance: 5.1_orquestacion.tarea3 manual__2024-05-07T23:26:59.915238+00:00 [queued]>
[2024-05-07T23:28:12.017+0000] {taskinstance.py:2306} INFO - Starting attempt 2 of 2
[2024-05-07T23:28:12.032+0000] {taskinstance.py:2330} INFO - Executing <Task(BashOperator): tarea3> on 2024-05-07 23:26:59.915238+00:00
[2024-05-07T23:28:12.038+0000] {warnings.py:110} WARNING - /home/***/.local/lib/python3.12/site-packages/***/task/task_runner/standard_task_runner.py:61: DeprecationWarning: This process (pid=2574) is multi-threaded, use of fork() may lead to deadlocks in the child.
  pid = os.fork()

[2024-05-07T23:28:12.040+0000] {standard_task_runner.py:90} INFO - Running: ['***', 'tasks', 'run', '5.1_orquestacion', 'tarea3', 'manual__2024-05-07T23:26:59.915238+00:00', '--job-id', '46', '--raw', '--subdir', 'DAGS_FOLDER/051_orquestacion.py', '--cfg-path', '/tmp/tmprtf2q7oo']
[2024-05-07T23:28:12.042+0000] {standard_task_runner.py:63} INFO - Started process 2576 to run task
[2024-05-07T23:28:12.042+0000] {standard_task_runner.py:91} INFO - Job 46: Subtask tarea3
[2024-05-07T23:28:12.101+0000] {task_command.py:426} INFO - Running <TaskInstance: 5.1_orquestacion.tarea3 manual__2024-05-07T23:26:59.915238+00:00 [running]> on host 521bf890d837
[2024-05-07T23:28:12.263+0000] {taskinstance.py:2648} INFO - Exporting env vars: AIRFLOW_CTX_DAG_OWNER='***' AIRFLOW_CTX_DAG_ID='5.1_orquestacion' AIRFLOW_CTX_TASK_ID='tarea3' AIRFLOW_CTX_EXECUTION_DATE='2024-05-07T23:26:59.915238+00:00' AIRFLOW_CTX_TRY_NUMBER='2' AIRFLOW_CTX_DAG_RUN_ID='manual__2024-05-07T23:26:59.915238+00:00'
[2024-05-07T23:28:12.264+0000] {taskinstance.py:430} INFO - ::endgroup::
[2024-05-07T23:28:12.278+0000] {subprocess.py:63} INFO - Tmp dir root location: /tmp
[2024-05-07T23:28:12.279+0000] {subprocess.py:75} INFO - Running command: ['/usr/bin/bash', '-c', "sleep 2 && echo 'Tarea 3'"]
[2024-05-07T23:28:12.289+0000] {subprocess.py:86} INFO - Output:
[2024-05-07T23:28:14.292+0000] {subprocess.py:93} INFO - Tarea 3
[2024-05-07T23:28:14.293+0000] {subprocess.py:97} INFO - Command exited with return code 0
[2024-05-07T23:28:14.294+0000] {taskinstance.py:441} INFO - ::group::Post task execution logs
[2024-05-07T23:28:14.335+0000] {taskinstance.py:1206} INFO - Marking task as SUCCESS. dag_id=5.1_orquestacion, task_id=tarea3, run_id=manual__2024-05-07T23:26:59.915238+00:00, execution_date=20240507T232659, start_date=20240507T232812, end_date=20240507T232814
[2024-05-07T23:28:14.391+0000] {local_task_job_runner.py:240} INFO - Task exited with return code 0
[2024-05-07T23:28:14.399+0000] {local_task_job_runner.py:222} INFO - ::endgroup::
