[2024-05-07T23:28:55.422+0000] {local_task_job_runner.py:120} INFO - ::group::Pre task execution logs
[2024-05-07T23:28:55.441+0000] {taskinstance.py:2076} INFO - Dependencies all met for dep_context=non-requeueable deps ti=<TaskInstance: 5.1_orquestacion.tarea3 manual__2024-05-07T23:26:59.915238+00:00 [queued]>
[2024-05-07T23:28:55.449+0000] {taskinstance.py:2076} INFO - Dependencies all met for dep_context=requeueable deps ti=<TaskInstance: 5.1_orquestacion.tarea3 manual__2024-05-07T23:26:59.915238+00:00 [queued]>
[2024-05-07T23:28:55.450+0000] {taskinstance.py:2306} INFO - Starting attempt 3 of 3
[2024-05-07T23:28:55.463+0000] {taskinstance.py:2330} INFO - Executing <Task(BashOperator): tarea3> on 2024-05-07 23:26:59.915238+00:00
[2024-05-07T23:28:55.469+0000] {warnings.py:110} WARNING - /home/***/.local/lib/python3.12/site-packages/***/task/task_runner/standard_task_runner.py:61: DeprecationWarning: This process (pid=2602) is multi-threaded, use of fork() may lead to deadlocks in the child.
  pid = os.fork()

[2024-05-07T23:28:55.470+0000] {standard_task_runner.py:90} INFO - Running: ['***', 'tasks', 'run', '5.1_orquestacion', 'tarea3', 'manual__2024-05-07T23:26:59.915238+00:00', '--job-id', '51', '--raw', '--subdir', 'DAGS_FOLDER/051_orquestacion.py', '--cfg-path', '/tmp/tmp8p5qm9vr']
[2024-05-07T23:28:55.478+0000] {standard_task_runner.py:63} INFO - Started process 2603 to run task
[2024-05-07T23:28:55.479+0000] {standard_task_runner.py:91} INFO - Job 51: Subtask tarea3
[2024-05-07T23:28:55.530+0000] {task_command.py:426} INFO - Running <TaskInstance: 5.1_orquestacion.tarea3 manual__2024-05-07T23:26:59.915238+00:00 [running]> on host 521bf890d837
[2024-05-07T23:28:55.605+0000] {taskinstance.py:2648} INFO - Exporting env vars: AIRFLOW_CTX_DAG_OWNER='***' AIRFLOW_CTX_DAG_ID='5.1_orquestacion' AIRFLOW_CTX_TASK_ID='tarea3' AIRFLOW_CTX_EXECUTION_DATE='2024-05-07T23:26:59.915238+00:00' AIRFLOW_CTX_TRY_NUMBER='3' AIRFLOW_CTX_DAG_RUN_ID='manual__2024-05-07T23:26:59.915238+00:00'
[2024-05-07T23:28:55.606+0000] {taskinstance.py:430} INFO - ::endgroup::
[2024-05-07T23:28:55.616+0000] {subprocess.py:63} INFO - Tmp dir root location: /tmp
[2024-05-07T23:28:55.618+0000] {subprocess.py:75} INFO - Running command: ['/usr/bin/bash', '-c', "sleep 2 && echo 'Tarea 3'"]
[2024-05-07T23:28:55.635+0000] {subprocess.py:86} INFO - Output:
[2024-05-07T23:28:57.640+0000] {subprocess.py:93} INFO - Tarea 3
[2024-05-07T23:28:57.646+0000] {subprocess.py:97} INFO - Command exited with return code 0
[2024-05-07T23:28:57.651+0000] {taskinstance.py:441} INFO - ::group::Post task execution logs
[2024-05-07T23:28:57.747+0000] {taskinstance.py:1206} INFO - Marking task as SUCCESS. dag_id=5.1_orquestacion, task_id=tarea3, run_id=manual__2024-05-07T23:26:59.915238+00:00, execution_date=20240507T232659, start_date=20240507T232855, end_date=20240507T232857
[2024-05-07T23:28:57.836+0000] {local_task_job_runner.py:240} INFO - Task exited with return code 0
[2024-05-07T23:28:57.865+0000] {taskinstance.py:3498} INFO - 0 downstream tasks scheduled from follow-on schedule check
[2024-05-07T23:28:57.868+0000] {local_task_job_runner.py:222} INFO - ::endgroup::
