[2024-05-10T06:25:08.380+0000] {local_task_job_runner.py:120} INFO - ::group::Pre task execution logs
[2024-05-10T06:25:08.518+0000] {taskinstance.py:2076} INFO - Dependencies all met for dep_context=non-requeueable deps ti=<TaskInstance: Proyecto_SpaceX_v1.Visualizar_Respuesta_Satelite scheduled__2024-03-27T00:00:00+00:00 [queued]>
[2024-05-10T06:25:08.527+0000] {taskinstance.py:2076} INFO - Dependencies all met for dep_context=requeueable deps ti=<TaskInstance: Proyecto_SpaceX_v1.Visualizar_Respuesta_Satelite scheduled__2024-03-27T00:00:00+00:00 [queued]>
[2024-05-10T06:25:08.529+0000] {taskinstance.py:2306} INFO - Starting attempt 1 of 1
[2024-05-10T06:25:08.544+0000] {taskinstance.py:2330} INFO - Executing <Task(BashOperator): Visualizar_Respuesta_Satelite> on 2024-03-27 00:00:00+00:00
[2024-05-10T06:25:08.551+0000] {warnings.py:110} WARNING - /home/***/.local/lib/python3.12/site-packages/***/task/task_runner/standard_task_runner.py:61: DeprecationWarning: This process (pid=2211) is multi-threaded, use of fork() may lead to deadlocks in the child.
  pid = os.fork()

[2024-05-10T06:25:08.552+0000] {standard_task_runner.py:63} INFO - Started process 2213 to run task
[2024-05-10T06:25:08.552+0000] {standard_task_runner.py:90} INFO - Running: ['***', 'tasks', 'run', 'Proyecto_SpaceX_v1', 'Visualizar_Respuesta_Satelite', 'scheduled__2024-03-27T00:00:00+00:00', '--job-id', '1314', '--raw', '--subdir', 'DAGS_FOLDER/Proyecto_SpaceX_v1.py', '--cfg-path', '/tmp/tmphr49ebwa']
[2024-05-10T06:25:08.554+0000] {standard_task_runner.py:91} INFO - Job 1314: Subtask Visualizar_Respuesta_Satelite
[2024-05-10T06:25:08.622+0000] {task_command.py:426} INFO - Running <TaskInstance: Proyecto_SpaceX_v1.Visualizar_Respuesta_Satelite scheduled__2024-03-27T00:00:00+00:00 [running]> on host 1b7f0b10dd99
[2024-05-10T06:25:08.705+0000] {taskinstance.py:2648} INFO - Exporting env vars: AIRFLOW_CTX_DAG_OWNER='***' AIRFLOW_CTX_DAG_ID='Proyecto_SpaceX_v1' AIRFLOW_CTX_TASK_ID='Visualizar_Respuesta_Satelite' AIRFLOW_CTX_EXECUTION_DATE='2024-03-27T00:00:00+00:00' AIRFLOW_CTX_TRY_NUMBER='1' AIRFLOW_CTX_DAG_RUN_ID='scheduled__2024-03-27T00:00:00+00:00'
[2024-05-10T06:25:08.708+0000] {taskinstance.py:430} INFO - ::endgroup::
[2024-05-10T06:25:08.718+0000] {subprocess.py:63} INFO - Tmp dir root location: /tmp
[2024-05-10T06:25:08.719+0000] {subprocess.py:75} INFO - Running command: ['/usr/bin/bash', '-c', 'ls /tmp && head /tmp/platzi_data_20240327.csv']
[2024-05-10T06:25:08.730+0000] {subprocess.py:86} INFO - Output:
[2024-05-10T06:25:08.733+0000] {subprocess.py:93} INFO - ***tmpf40bdxy5
[2024-05-10T06:25:08.734+0000] {subprocess.py:93} INFO - history.json
[2024-05-10T06:25:08.735+0000] {subprocess.py:93} INFO - platzi_data_20231125.csv
[2024-05-10T06:25:08.735+0000] {subprocess.py:93} INFO - platzi_data_20231126.csv
[2024-05-10T06:25:08.736+0000] {subprocess.py:93} INFO - platzi_data_20231127.csv
[2024-05-10T06:25:08.737+0000] {subprocess.py:93} INFO - platzi_data_20240101.csv
[2024-05-10T06:25:08.737+0000] {subprocess.py:93} INFO - platzi_data_20240201.csv
[2024-05-10T06:25:08.738+0000] {subprocess.py:93} INFO - platzi_data_20240301.csv
[2024-05-10T06:25:08.738+0000] {subprocess.py:93} INFO - platzi_data_20240302.csv
[2024-05-10T06:25:08.739+0000] {subprocess.py:93} INFO - platzi_data_20240303.csv
[2024-05-10T06:25:08.739+0000] {subprocess.py:93} INFO - platzi_data_20240304.csv
[2024-05-10T06:25:08.740+0000] {subprocess.py:93} INFO - platzi_data_20240305.csv
[2024-05-10T06:25:08.741+0000] {subprocess.py:93} INFO - platzi_data_20240306.csv
[2024-05-10T06:25:08.741+0000] {subprocess.py:93} INFO - platzi_data_20240307.csv
[2024-05-10T06:25:08.742+0000] {subprocess.py:93} INFO - platzi_data_20240308.csv
[2024-05-10T06:25:08.742+0000] {subprocess.py:93} INFO - platzi_data_20240309.csv
[2024-05-10T06:25:08.743+0000] {subprocess.py:93} INFO - platzi_data_20240310.csv
[2024-05-10T06:25:08.744+0000] {subprocess.py:93} INFO - platzi_data_20240311.csv
[2024-05-10T06:25:08.744+0000] {subprocess.py:93} INFO - platzi_data_20240312.csv
[2024-05-10T06:25:08.744+0000] {subprocess.py:93} INFO - platzi_data_20240313.csv
[2024-05-10T06:25:08.745+0000] {subprocess.py:93} INFO - platzi_data_20240314.csv
[2024-05-10T06:25:08.746+0000] {subprocess.py:93} INFO - platzi_data_20240316.csv
[2024-05-10T06:25:08.747+0000] {subprocess.py:93} INFO - platzi_data_20240317.csv
[2024-05-10T06:25:08.748+0000] {subprocess.py:93} INFO - platzi_data_20240318.csv
[2024-05-10T06:25:08.749+0000] {subprocess.py:93} INFO - platzi_data_20240319.csv
[2024-05-10T06:25:08.749+0000] {subprocess.py:93} INFO - platzi_data_20240320.csv
[2024-05-10T06:25:08.750+0000] {subprocess.py:93} INFO - platzi_data_20240321.csv
[2024-05-10T06:25:08.750+0000] {subprocess.py:93} INFO - platzi_data_20240322.csv
[2024-05-10T06:25:08.751+0000] {subprocess.py:93} INFO - platzi_data_20240323.csv
[2024-05-10T06:25:08.752+0000] {subprocess.py:93} INFO - platzi_data_20240324.csv
[2024-05-10T06:25:08.752+0000] {subprocess.py:93} INFO - platzi_data_20240325.csv
[2024-05-10T06:25:08.753+0000] {subprocess.py:93} INFO - platzi_data_20240326.csv
[2024-05-10T06:25:08.754+0000] {subprocess.py:93} INFO - platzi_data_20240327.csv
[2024-05-10T06:25:08.754+0000] {subprocess.py:93} INFO - pymp-uyxtzsi7
[2024-05-10T06:25:08.755+0000] {subprocess.py:93} INFO - response_20231125.txt
[2024-05-10T06:25:08.755+0000] {subprocess.py:93} INFO - response_20231126.txt
[2024-05-10T06:25:08.756+0000] {subprocess.py:93} INFO - response_20231127.txt
[2024-05-10T06:25:08.756+0000] {subprocess.py:93} INFO - response_20240101.txt
[2024-05-10T06:25:08.757+0000] {subprocess.py:93} INFO - response_20240201.txt
[2024-05-10T06:25:08.757+0000] {subprocess.py:93} INFO - response_20240301.txt
[2024-05-10T06:25:08.757+0000] {subprocess.py:93} INFO - response_20240302.txt
[2024-05-10T06:25:08.758+0000] {subprocess.py:93} INFO - response_20240303.txt
[2024-05-10T06:25:08.758+0000] {subprocess.py:93} INFO - response_20240304.txt
[2024-05-10T06:25:08.759+0000] {subprocess.py:93} INFO - response_20240305.txt
[2024-05-10T06:25:08.759+0000] {subprocess.py:93} INFO - response_20240306.txt
[2024-05-10T06:25:08.760+0000] {subprocess.py:93} INFO - response_20240307.txt
[2024-05-10T06:25:08.761+0000] {subprocess.py:93} INFO - response_20240308.txt
[2024-05-10T06:25:08.761+0000] {subprocess.py:93} INFO - response_20240309.txt
[2024-05-10T06:25:08.761+0000] {subprocess.py:93} INFO - response_20240310.txt
[2024-05-10T06:25:08.762+0000] {subprocess.py:93} INFO - response_20240311.txt
[2024-05-10T06:25:08.762+0000] {subprocess.py:93} INFO - response_20240312.txt
[2024-05-10T06:25:08.763+0000] {subprocess.py:93} INFO - response_20240313.txt
[2024-05-10T06:25:08.764+0000] {subprocess.py:93} INFO - response_20240314.txt
[2024-05-10T06:25:08.764+0000] {subprocess.py:93} INFO - response_20240315.txt
[2024-05-10T06:25:08.764+0000] {subprocess.py:93} INFO - response_20240316.txt
[2024-05-10T06:25:08.765+0000] {subprocess.py:93} INFO - response_20240317.txt
[2024-05-10T06:25:08.766+0000] {subprocess.py:93} INFO - response_20240318.txt
[2024-05-10T06:25:08.767+0000] {subprocess.py:93} INFO - response_20240319.txt
[2024-05-10T06:25:08.768+0000] {subprocess.py:93} INFO - response_20240320.txt
[2024-05-10T06:25:08.769+0000] {subprocess.py:93} INFO - response_20240321.txt
[2024-05-10T06:25:08.770+0000] {subprocess.py:93} INFO - response_20240322.txt
[2024-05-10T06:25:08.770+0000] {subprocess.py:93} INFO - response_20240323.txt
[2024-05-10T06:25:08.771+0000] {subprocess.py:93} INFO - response_20240324.txt
[2024-05-10T06:25:08.771+0000] {subprocess.py:93} INFO - response_20240325.txt
[2024-05-10T06:25:08.772+0000] {subprocess.py:93} INFO - response_20240326.txt
[2024-05-10T06:25:08.772+0000] {subprocess.py:93} INFO - response_20240327.txt
[2024-05-10T06:25:08.773+0000] {subprocess.py:93} INFO - Student,timestamp
[2024-05-10T06:25:08.774+0000] {subprocess.py:93} INFO - Maria Cruz,2024-03-27 00:00:00+00:00
[2024-05-10T06:25:08.774+0000] {subprocess.py:93} INFO - Daniel Crema,2024-03-27 00:00:00+00:00
[2024-05-10T06:25:08.775+0000] {subprocess.py:93} INFO - Elon Musk,2024-03-27 00:00:00+00:00
[2024-05-10T06:25:08.776+0000] {subprocess.py:93} INFO - Karol Castrejon,2024-03-27 00:00:00+00:00
[2024-05-10T06:25:08.776+0000] {subprocess.py:93} INFO - Freddy Vega,2024-03-27 00:00:00+00:00
[2024-05-10T06:25:08.777+0000] {subprocess.py:93} INFO - Felipe Duque,2024-03-27 00:00:00+00:00
[2024-05-10T06:25:08.778+0000] {subprocess.py:97} INFO - Command exited with return code 0
[2024-05-10T06:25:08.778+0000] {taskinstance.py:441} INFO - ::group::Post task execution logs
[2024-05-10T06:25:08.947+0000] {taskinstance.py:1206} INFO - Marking task as SUCCESS. dag_id=Proyecto_SpaceX_v1, task_id=Visualizar_Respuesta_Satelite, run_id=scheduled__2024-03-27T00:00:00+00:00, execution_date=20240327T000000, start_date=20240510T062508, end_date=20240510T062508
[2024-05-10T06:25:08.967+0000] {local_task_job_runner.py:240} INFO - Task exited with return code 0
[2024-05-10T06:25:08.995+0000] {taskinstance.py:3498} INFO - 1 downstream tasks scheduled from follow-on schedule check
[2024-05-10T06:25:09.010+0000] {local_task_job_runner.py:222} INFO - ::endgroup::
