[2024-05-10T06:27:21.023+0000] {local_task_job_runner.py:120} INFO - ::group::Pre task execution logs
[2024-05-10T06:27:21.177+0000] {taskinstance.py:2076} INFO - Dependencies all met for dep_context=non-requeueable deps ti=<TaskInstance: Proyecto_SpaceX_v1.Visualizar_Respuesta_Satelite scheduled__2024-03-31T00:00:00+00:00 [queued]>
[2024-05-10T06:27:21.184+0000] {taskinstance.py:2076} INFO - Dependencies all met for dep_context=requeueable deps ti=<TaskInstance: Proyecto_SpaceX_v1.Visualizar_Respuesta_Satelite scheduled__2024-03-31T00:00:00+00:00 [queued]>
[2024-05-10T06:27:21.187+0000] {taskinstance.py:2306} INFO - Starting attempt 1 of 1
[2024-05-10T06:27:21.201+0000] {taskinstance.py:2330} INFO - Executing <Task(BashOperator): Visualizar_Respuesta_Satelite> on 2024-03-31 00:00:00+00:00
[2024-05-10T06:27:21.210+0000] {warnings.py:110} WARNING - /home/***/.local/lib/python3.12/site-packages/***/task/task_runner/standard_task_runner.py:61: DeprecationWarning: This process (pid=2359) is multi-threaded, use of fork() may lead to deadlocks in the child.
  pid = os.fork()

[2024-05-10T06:27:21.212+0000] {standard_task_runner.py:90} INFO - Running: ['***', 'tasks', 'run', 'Proyecto_SpaceX_v1', 'Visualizar_Respuesta_Satelite', 'scheduled__2024-03-31T00:00:00+00:00', '--job-id', '1342', '--raw', '--subdir', 'DAGS_FOLDER/Proyecto_SpaceX_v1.py', '--cfg-path', '/tmp/tmpfeqhuu_o']
[2024-05-10T06:27:21.219+0000] {standard_task_runner.py:63} INFO - Started process 2361 to run task
[2024-05-10T06:27:21.220+0000] {standard_task_runner.py:91} INFO - Job 1342: Subtask Visualizar_Respuesta_Satelite
[2024-05-10T06:27:21.263+0000] {task_command.py:426} INFO - Running <TaskInstance: Proyecto_SpaceX_v1.Visualizar_Respuesta_Satelite scheduled__2024-03-31T00:00:00+00:00 [running]> on host 1b7f0b10dd99
[2024-05-10T06:27:21.347+0000] {taskinstance.py:2648} INFO - Exporting env vars: AIRFLOW_CTX_DAG_OWNER='***' AIRFLOW_CTX_DAG_ID='Proyecto_SpaceX_v1' AIRFLOW_CTX_TASK_ID='Visualizar_Respuesta_Satelite' AIRFLOW_CTX_EXECUTION_DATE='2024-03-31T00:00:00+00:00' AIRFLOW_CTX_TRY_NUMBER='1' AIRFLOW_CTX_DAG_RUN_ID='scheduled__2024-03-31T00:00:00+00:00'
[2024-05-10T06:27:21.349+0000] {taskinstance.py:430} INFO - ::endgroup::
[2024-05-10T06:27:21.359+0000] {subprocess.py:63} INFO - Tmp dir root location: /tmp
[2024-05-10T06:27:21.360+0000] {subprocess.py:75} INFO - Running command: ['/usr/bin/bash', '-c', 'ls /tmp && head /tmp/platzi_data_20240331.csv']
[2024-05-10T06:27:21.371+0000] {subprocess.py:86} INFO - Output:
[2024-05-10T06:27:21.373+0000] {subprocess.py:93} INFO - ***tmpjuf9ubsn
[2024-05-10T06:27:21.374+0000] {subprocess.py:93} INFO - history.json
[2024-05-10T06:27:21.375+0000] {subprocess.py:93} INFO - platzi_data_20231125.csv
[2024-05-10T06:27:21.376+0000] {subprocess.py:93} INFO - platzi_data_20231126.csv
[2024-05-10T06:27:21.378+0000] {subprocess.py:93} INFO - platzi_data_20231127.csv
[2024-05-10T06:27:21.378+0000] {subprocess.py:93} INFO - platzi_data_20240101.csv
[2024-05-10T06:27:21.379+0000] {subprocess.py:93} INFO - platzi_data_20240201.csv
[2024-05-10T06:27:21.380+0000] {subprocess.py:93} INFO - platzi_data_20240301.csv
[2024-05-10T06:27:21.381+0000] {subprocess.py:93} INFO - platzi_data_20240302.csv
[2024-05-10T06:27:21.382+0000] {subprocess.py:93} INFO - platzi_data_20240303.csv
[2024-05-10T06:27:21.383+0000] {subprocess.py:93} INFO - platzi_data_20240304.csv
[2024-05-10T06:27:21.384+0000] {subprocess.py:93} INFO - platzi_data_20240305.csv
[2024-05-10T06:27:21.385+0000] {subprocess.py:93} INFO - platzi_data_20240306.csv
[2024-05-10T06:27:21.386+0000] {subprocess.py:93} INFO - platzi_data_20240307.csv
[2024-05-10T06:27:21.387+0000] {subprocess.py:93} INFO - platzi_data_20240308.csv
[2024-05-10T06:27:21.389+0000] {subprocess.py:93} INFO - platzi_data_20240309.csv
[2024-05-10T06:27:21.390+0000] {subprocess.py:93} INFO - platzi_data_20240310.csv
[2024-05-10T06:27:21.391+0000] {subprocess.py:93} INFO - platzi_data_20240311.csv
[2024-05-10T06:27:21.393+0000] {subprocess.py:93} INFO - platzi_data_20240312.csv
[2024-05-10T06:27:21.394+0000] {subprocess.py:93} INFO - platzi_data_20240313.csv
[2024-05-10T06:27:21.395+0000] {subprocess.py:93} INFO - platzi_data_20240314.csv
[2024-05-10T06:27:21.396+0000] {subprocess.py:93} INFO - platzi_data_20240316.csv
[2024-05-10T06:27:21.397+0000] {subprocess.py:93} INFO - platzi_data_20240317.csv
[2024-05-10T06:27:21.397+0000] {subprocess.py:93} INFO - platzi_data_20240318.csv
[2024-05-10T06:27:21.398+0000] {subprocess.py:93} INFO - platzi_data_20240319.csv
[2024-05-10T06:27:21.399+0000] {subprocess.py:93} INFO - platzi_data_20240320.csv
[2024-05-10T06:27:21.400+0000] {subprocess.py:93} INFO - platzi_data_20240321.csv
[2024-05-10T06:27:21.401+0000] {subprocess.py:93} INFO - platzi_data_20240322.csv
[2024-05-10T06:27:21.403+0000] {subprocess.py:93} INFO - platzi_data_20240323.csv
[2024-05-10T06:27:21.403+0000] {subprocess.py:93} INFO - platzi_data_20240324.csv
[2024-05-10T06:27:21.404+0000] {subprocess.py:93} INFO - platzi_data_20240325.csv
[2024-05-10T06:27:21.405+0000] {subprocess.py:93} INFO - platzi_data_20240326.csv
[2024-05-10T06:27:21.407+0000] {subprocess.py:93} INFO - platzi_data_20240327.csv
[2024-05-10T06:27:21.408+0000] {subprocess.py:93} INFO - platzi_data_20240328.csv
[2024-05-10T06:27:21.409+0000] {subprocess.py:93} INFO - platzi_data_20240329.csv
[2024-05-10T06:27:21.410+0000] {subprocess.py:93} INFO - platzi_data_20240330.csv
[2024-05-10T06:27:21.411+0000] {subprocess.py:93} INFO - platzi_data_20240331.csv
[2024-05-10T06:27:21.412+0000] {subprocess.py:93} INFO - pymp-uyxtzsi7
[2024-05-10T06:27:21.412+0000] {subprocess.py:93} INFO - response_20231125.txt
[2024-05-10T06:27:21.413+0000] {subprocess.py:93} INFO - response_20231126.txt
[2024-05-10T06:27:21.414+0000] {subprocess.py:93} INFO - response_20231127.txt
[2024-05-10T06:27:21.415+0000] {subprocess.py:93} INFO - response_20240101.txt
[2024-05-10T06:27:21.416+0000] {subprocess.py:93} INFO - response_20240201.txt
[2024-05-10T06:27:21.417+0000] {subprocess.py:93} INFO - response_20240301.txt
[2024-05-10T06:27:21.418+0000] {subprocess.py:93} INFO - response_20240302.txt
[2024-05-10T06:27:21.420+0000] {subprocess.py:93} INFO - response_20240303.txt
[2024-05-10T06:27:21.422+0000] {subprocess.py:93} INFO - response_20240304.txt
[2024-05-10T06:27:21.423+0000] {subprocess.py:93} INFO - response_20240305.txt
[2024-05-10T06:27:21.425+0000] {subprocess.py:93} INFO - response_20240306.txt
[2024-05-10T06:27:21.426+0000] {subprocess.py:93} INFO - response_20240307.txt
[2024-05-10T06:27:21.427+0000] {subprocess.py:93} INFO - response_20240308.txt
[2024-05-10T06:27:21.429+0000] {subprocess.py:93} INFO - response_20240309.txt
[2024-05-10T06:27:21.430+0000] {subprocess.py:93} INFO - response_20240310.txt
[2024-05-10T06:27:21.431+0000] {subprocess.py:93} INFO - response_20240311.txt
[2024-05-10T06:27:21.432+0000] {subprocess.py:93} INFO - response_20240312.txt
[2024-05-10T06:27:21.433+0000] {subprocess.py:93} INFO - response_20240313.txt
[2024-05-10T06:27:21.434+0000] {subprocess.py:93} INFO - response_20240314.txt
[2024-05-10T06:27:21.435+0000] {subprocess.py:93} INFO - response_20240315.txt
[2024-05-10T06:27:21.435+0000] {subprocess.py:93} INFO - response_20240316.txt
[2024-05-10T06:27:21.436+0000] {subprocess.py:93} INFO - response_20240317.txt
[2024-05-10T06:27:21.437+0000] {subprocess.py:93} INFO - response_20240318.txt
[2024-05-10T06:27:21.438+0000] {subprocess.py:93} INFO - response_20240319.txt
[2024-05-10T06:27:21.439+0000] {subprocess.py:93} INFO - response_20240320.txt
[2024-05-10T06:27:21.440+0000] {subprocess.py:93} INFO - response_20240321.txt
[2024-05-10T06:27:21.441+0000] {subprocess.py:93} INFO - response_20240322.txt
[2024-05-10T06:27:21.441+0000] {subprocess.py:93} INFO - response_20240323.txt
[2024-05-10T06:27:21.442+0000] {subprocess.py:93} INFO - response_20240324.txt
[2024-05-10T06:27:21.443+0000] {subprocess.py:93} INFO - response_20240325.txt
[2024-05-10T06:27:21.445+0000] {subprocess.py:93} INFO - response_20240326.txt
[2024-05-10T06:27:21.445+0000] {subprocess.py:93} INFO - response_20240327.txt
[2024-05-10T06:27:21.446+0000] {subprocess.py:93} INFO - response_20240328.txt
[2024-05-10T06:27:21.447+0000] {subprocess.py:93} INFO - response_20240329.txt
[2024-05-10T06:27:21.448+0000] {subprocess.py:93} INFO - response_20240330.txt
[2024-05-10T06:27:21.449+0000] {subprocess.py:93} INFO - response_20240331.txt
[2024-05-10T06:27:21.450+0000] {subprocess.py:93} INFO - Student,timestamp
[2024-05-10T06:27:21.451+0000] {subprocess.py:93} INFO - Maria Cruz,2024-03-31 00:00:00+00:00
[2024-05-10T06:27:21.452+0000] {subprocess.py:93} INFO - Daniel Crema,2024-03-31 00:00:00+00:00
[2024-05-10T06:27:21.453+0000] {subprocess.py:93} INFO - Elon Musk,2024-03-31 00:00:00+00:00
[2024-05-10T06:27:21.454+0000] {subprocess.py:93} INFO - Karol Castrejon,2024-03-31 00:00:00+00:00
[2024-05-10T06:27:21.455+0000] {subprocess.py:93} INFO - Freddy Vega,2024-03-31 00:00:00+00:00
[2024-05-10T06:27:21.457+0000] {subprocess.py:93} INFO - Felipe Duque,2024-03-31 00:00:00+00:00
[2024-05-10T06:27:21.458+0000] {subprocess.py:97} INFO - Command exited with return code 0
[2024-05-10T06:27:21.459+0000] {taskinstance.py:441} INFO - ::group::Post task execution logs
[2024-05-10T06:27:21.490+0000] {taskinstance.py:1206} INFO - Marking task as SUCCESS. dag_id=Proyecto_SpaceX_v1, task_id=Visualizar_Respuesta_Satelite, run_id=scheduled__2024-03-31T00:00:00+00:00, execution_date=20240331T000000, start_date=20240510T062721, end_date=20240510T062721
[2024-05-10T06:27:21.517+0000] {local_task_job_runner.py:240} INFO - Task exited with return code 0
[2024-05-10T06:27:21.536+0000] {taskinstance.py:3498} INFO - 1 downstream tasks scheduled from follow-on schedule check
[2024-05-10T06:27:21.548+0000] {local_task_job_runner.py:222} INFO - ::endgroup::
