[2024-05-10T06:21:27.757+0000] {local_task_job_runner.py:120} INFO - ::group::Pre task execution logs
[2024-05-10T06:21:27.893+0000] {taskinstance.py:2076} INFO - Dependencies all met for dep_context=non-requeueable deps ti=<TaskInstance: Proyecto_SpaceX_v1.Visualizar_Respuesta_Satelite scheduled__2024-03-20T00:00:00+00:00 [queued]>
[2024-05-10T06:21:27.899+0000] {taskinstance.py:2076} INFO - Dependencies all met for dep_context=requeueable deps ti=<TaskInstance: Proyecto_SpaceX_v1.Visualizar_Respuesta_Satelite scheduled__2024-03-20T00:00:00+00:00 [queued]>
[2024-05-10T06:21:27.901+0000] {taskinstance.py:2306} INFO - Starting attempt 1 of 1
[2024-05-10T06:21:27.919+0000] {taskinstance.py:2330} INFO - Executing <Task(BashOperator): Visualizar_Respuesta_Satelite> on 2024-03-20 00:00:00+00:00
[2024-05-10T06:21:27.926+0000] {warnings.py:110} WARNING - /home/***/.local/lib/python3.12/site-packages/***/task/task_runner/standard_task_runner.py:61: DeprecationWarning: This process (pid=1952) is multi-threaded, use of fork() may lead to deadlocks in the child.
  pid = os.fork()

[2024-05-10T06:21:27.928+0000] {standard_task_runner.py:63} INFO - Started process 1954 to run task
[2024-05-10T06:21:27.927+0000] {standard_task_runner.py:90} INFO - Running: ['***', 'tasks', 'run', 'Proyecto_SpaceX_v1', 'Visualizar_Respuesta_Satelite', 'scheduled__2024-03-20T00:00:00+00:00', '--job-id', '1265', '--raw', '--subdir', 'DAGS_FOLDER/Proyecto_SpaceX_v1.py', '--cfg-path', '/tmp/tmpvgpoofdi']
[2024-05-10T06:21:27.930+0000] {standard_task_runner.py:91} INFO - Job 1265: Subtask Visualizar_Respuesta_Satelite
[2024-05-10T06:21:27.967+0000] {task_command.py:426} INFO - Running <TaskInstance: Proyecto_SpaceX_v1.Visualizar_Respuesta_Satelite scheduled__2024-03-20T00:00:00+00:00 [running]> on host 1b7f0b10dd99
[2024-05-10T06:21:28.043+0000] {taskinstance.py:2648} INFO - Exporting env vars: AIRFLOW_CTX_DAG_OWNER='***' AIRFLOW_CTX_DAG_ID='Proyecto_SpaceX_v1' AIRFLOW_CTX_TASK_ID='Visualizar_Respuesta_Satelite' AIRFLOW_CTX_EXECUTION_DATE='2024-03-20T00:00:00+00:00' AIRFLOW_CTX_TRY_NUMBER='1' AIRFLOW_CTX_DAG_RUN_ID='scheduled__2024-03-20T00:00:00+00:00'
[2024-05-10T06:21:28.044+0000] {taskinstance.py:430} INFO - ::endgroup::
[2024-05-10T06:21:28.053+0000] {subprocess.py:63} INFO - Tmp dir root location: /tmp
[2024-05-10T06:21:28.054+0000] {subprocess.py:75} INFO - Running command: ['/usr/bin/bash', '-c', 'ls /tmp && head /tmp/platzi_data_20240320.csv']
[2024-05-10T06:21:28.063+0000] {subprocess.py:86} INFO - Output:
[2024-05-10T06:21:28.065+0000] {subprocess.py:93} INFO - ***tmprmaumjf9
[2024-05-10T06:21:28.065+0000] {subprocess.py:93} INFO - history.json
[2024-05-10T06:21:28.066+0000] {subprocess.py:93} INFO - platzi_data_20231125.csv
[2024-05-10T06:21:28.066+0000] {subprocess.py:93} INFO - platzi_data_20231126.csv
[2024-05-10T06:21:28.067+0000] {subprocess.py:93} INFO - platzi_data_20231127.csv
[2024-05-10T06:21:28.067+0000] {subprocess.py:93} INFO - platzi_data_20240101.csv
[2024-05-10T06:21:28.068+0000] {subprocess.py:93} INFO - platzi_data_20240201.csv
[2024-05-10T06:21:28.068+0000] {subprocess.py:93} INFO - platzi_data_20240301.csv
[2024-05-10T06:21:28.069+0000] {subprocess.py:93} INFO - platzi_data_20240302.csv
[2024-05-10T06:21:28.069+0000] {subprocess.py:93} INFO - platzi_data_20240303.csv
[2024-05-10T06:21:28.070+0000] {subprocess.py:93} INFO - platzi_data_20240304.csv
[2024-05-10T06:21:28.071+0000] {subprocess.py:93} INFO - platzi_data_20240305.csv
[2024-05-10T06:21:28.072+0000] {subprocess.py:93} INFO - platzi_data_20240306.csv
[2024-05-10T06:21:28.072+0000] {subprocess.py:93} INFO - platzi_data_20240307.csv
[2024-05-10T06:21:28.073+0000] {subprocess.py:93} INFO - platzi_data_20240308.csv
[2024-05-10T06:21:28.074+0000] {subprocess.py:93} INFO - platzi_data_20240309.csv
[2024-05-10T06:21:28.074+0000] {subprocess.py:93} INFO - platzi_data_20240310.csv
[2024-05-10T06:21:28.075+0000] {subprocess.py:93} INFO - platzi_data_20240311.csv
[2024-05-10T06:21:28.076+0000] {subprocess.py:93} INFO - platzi_data_20240312.csv
[2024-05-10T06:21:28.076+0000] {subprocess.py:93} INFO - platzi_data_20240313.csv
[2024-05-10T06:21:28.077+0000] {subprocess.py:93} INFO - platzi_data_20240314.csv
[2024-05-10T06:21:28.077+0000] {subprocess.py:93} INFO - platzi_data_20240316.csv
[2024-05-10T06:21:28.077+0000] {subprocess.py:93} INFO - platzi_data_20240317.csv
[2024-05-10T06:21:28.078+0000] {subprocess.py:93} INFO - platzi_data_20240318.csv
[2024-05-10T06:21:28.079+0000] {subprocess.py:93} INFO - platzi_data_20240319.csv
[2024-05-10T06:21:28.079+0000] {subprocess.py:93} INFO - platzi_data_20240320.csv
[2024-05-10T06:21:28.080+0000] {subprocess.py:93} INFO - pymp-uyxtzsi7
[2024-05-10T06:21:28.080+0000] {subprocess.py:93} INFO - response_20231125.txt
[2024-05-10T06:21:28.081+0000] {subprocess.py:93} INFO - response_20231126.txt
[2024-05-10T06:21:28.081+0000] {subprocess.py:93} INFO - response_20231127.txt
[2024-05-10T06:21:28.082+0000] {subprocess.py:93} INFO - response_20240101.txt
[2024-05-10T06:21:28.082+0000] {subprocess.py:93} INFO - response_20240201.txt
[2024-05-10T06:21:28.083+0000] {subprocess.py:93} INFO - response_20240301.txt
[2024-05-10T06:21:28.084+0000] {subprocess.py:93} INFO - response_20240302.txt
[2024-05-10T06:21:28.084+0000] {subprocess.py:93} INFO - response_20240303.txt
[2024-05-10T06:21:28.084+0000] {subprocess.py:93} INFO - response_20240304.txt
[2024-05-10T06:21:28.085+0000] {subprocess.py:93} INFO - response_20240305.txt
[2024-05-10T06:21:28.085+0000] {subprocess.py:93} INFO - response_20240306.txt
[2024-05-10T06:21:28.086+0000] {subprocess.py:93} INFO - response_20240307.txt
[2024-05-10T06:21:28.086+0000] {subprocess.py:93} INFO - response_20240308.txt
[2024-05-10T06:21:28.086+0000] {subprocess.py:93} INFO - response_20240309.txt
[2024-05-10T06:21:28.087+0000] {subprocess.py:93} INFO - response_20240310.txt
[2024-05-10T06:21:28.087+0000] {subprocess.py:93} INFO - response_20240311.txt
[2024-05-10T06:21:28.088+0000] {subprocess.py:93} INFO - response_20240312.txt
[2024-05-10T06:21:28.089+0000] {subprocess.py:93} INFO - response_20240313.txt
[2024-05-10T06:21:28.089+0000] {subprocess.py:93} INFO - response_20240314.txt
[2024-05-10T06:21:28.090+0000] {subprocess.py:93} INFO - response_20240315.txt
[2024-05-10T06:21:28.090+0000] {subprocess.py:93} INFO - response_20240316.txt
[2024-05-10T06:21:28.091+0000] {subprocess.py:93} INFO - response_20240317.txt
[2024-05-10T06:21:28.091+0000] {subprocess.py:93} INFO - response_20240318.txt
[2024-05-10T06:21:28.091+0000] {subprocess.py:93} INFO - response_20240319.txt
[2024-05-10T06:21:28.092+0000] {subprocess.py:93} INFO - response_20240320.txt
[2024-05-10T06:21:28.092+0000] {subprocess.py:93} INFO - Student,timestamp
[2024-05-10T06:21:28.093+0000] {subprocess.py:93} INFO - Maria Cruz,2024-03-20 00:00:00+00:00
[2024-05-10T06:21:28.093+0000] {subprocess.py:93} INFO - Daniel Crema,2024-03-20 00:00:00+00:00
[2024-05-10T06:21:28.094+0000] {subprocess.py:93} INFO - Elon Musk,2024-03-20 00:00:00+00:00
[2024-05-10T06:21:28.094+0000] {subprocess.py:93} INFO - Karol Castrejon,2024-03-20 00:00:00+00:00
[2024-05-10T06:21:28.094+0000] {subprocess.py:93} INFO - Freddy Vega,2024-03-20 00:00:00+00:00
[2024-05-10T06:21:28.095+0000] {subprocess.py:93} INFO - Felipe Duque,2024-03-20 00:00:00+00:00
[2024-05-10T06:21:28.095+0000] {subprocess.py:97} INFO - Command exited with return code 0
[2024-05-10T06:21:28.096+0000] {taskinstance.py:441} INFO - ::group::Post task execution logs
[2024-05-10T06:21:28.125+0000] {taskinstance.py:1206} INFO - Marking task as SUCCESS. dag_id=Proyecto_SpaceX_v1, task_id=Visualizar_Respuesta_Satelite, run_id=scheduled__2024-03-20T00:00:00+00:00, execution_date=20240320T000000, start_date=20240510T062127, end_date=20240510T062128
[2024-05-10T06:21:28.143+0000] {local_task_job_runner.py:240} INFO - Task exited with return code 0
[2024-05-10T06:21:28.157+0000] {taskinstance.py:3498} INFO - 1 downstream tasks scheduled from follow-on schedule check
[2024-05-10T06:21:28.160+0000] {local_task_job_runner.py:222} INFO - ::endgroup::
