[2024-05-08T00:23:01.086+0000] {local_task_job_runner.py:120} INFO - ::group::Pre task execution logs
[2024-05-08T00:23:01.113+0000] {taskinstance.py:2076} INFO - Dependencies all met for dep_context=non-requeueable deps ti=<TaskInstance: 6.1_monitoring.tarea1 scheduled__2024-01-01T00:00:00+00:00 [queued]>
[2024-05-08T00:23:01.123+0000] {taskinstance.py:2076} INFO - Dependencies all met for dep_context=requeueable deps ti=<TaskInstance: 6.1_monitoring.tarea1 scheduled__2024-01-01T00:00:00+00:00 [queued]>
[2024-05-08T00:23:01.124+0000] {taskinstance.py:2306} INFO - Starting attempt 1 of 1
[2024-05-08T00:23:01.167+0000] {taskinstance.py:2330} INFO - Executing <Task(BashOperator): tarea1> on 2024-01-01 00:00:00+00:00
[2024-05-08T00:23:01.175+0000] {warnings.py:110} WARNING - /home/***/.local/lib/python3.12/site-packages/***/task/task_runner/standard_task_runner.py:61: DeprecationWarning: This process (pid=4257) is multi-threaded, use of fork() may lead to deadlocks in the child.
  pid = os.fork()

[2024-05-08T00:23:01.176+0000] {standard_task_runner.py:90} INFO - Running: ['***', 'tasks', 'run', '6.1_monitoring', 'tarea1', 'scheduled__2024-01-01T00:00:00+00:00', '--job-id', '290', '--raw', '--subdir', 'DAGS_FOLDER/061_monitoring.py', '--cfg-path', '/tmp/tmpxgw5spbo']
[2024-05-08T00:23:01.177+0000] {standard_task_runner.py:63} INFO - Started process 4262 to run task
[2024-05-08T00:23:01.177+0000] {standard_task_runner.py:91} INFO - Job 290: Subtask tarea1
[2024-05-08T00:23:01.232+0000] {task_command.py:426} INFO - Running <TaskInstance: 6.1_monitoring.tarea1 scheduled__2024-01-01T00:00:00+00:00 [running]> on host 521bf890d837
[2024-05-08T00:23:01.381+0000] {taskinstance.py:2648} INFO - Exporting env vars: AIRFLOW_CTX_DAG_OWNER='***' AIRFLOW_CTX_DAG_ID='6.1_monitoring' AIRFLOW_CTX_TASK_ID='tarea1' AIRFLOW_CTX_EXECUTION_DATE='2024-01-01T00:00:00+00:00' AIRFLOW_CTX_TRY_NUMBER='1' AIRFLOW_CTX_DAG_RUN_ID='scheduled__2024-01-01T00:00:00+00:00'
[2024-05-08T00:23:01.382+0000] {taskinstance.py:430} INFO - ::endgroup::
[2024-05-08T00:23:01.430+0000] {subprocess.py:63} INFO - Tmp dir root location: /tmp
[2024-05-08T00:23:01.431+0000] {subprocess.py:75} INFO - Running command: ['/usr/bin/bash', '-c', "sleep 2 && echo 'Primera tarea!'"]
[2024-05-08T00:23:01.447+0000] {subprocess.py:86} INFO - Output:
[2024-05-08T00:23:03.458+0000] {subprocess.py:93} INFO - Primera tarea!
[2024-05-08T00:23:03.459+0000] {subprocess.py:97} INFO - Command exited with return code 0
[2024-05-08T00:23:03.461+0000] {taskinstance.py:441} INFO - ::group::Post task execution logs
[2024-05-08T00:23:03.506+0000] {taskinstance.py:1206} INFO - Marking task as SUCCESS. dag_id=6.1_monitoring, task_id=tarea1, run_id=scheduled__2024-01-01T00:00:00+00:00, execution_date=20240101T000000, start_date=20240508T002301, end_date=20240508T002303
[2024-05-08T00:23:03.563+0000] {local_task_job_runner.py:240} INFO - Task exited with return code 0
[2024-05-08T00:23:03.581+0000] {local_task_job_runner.py:222} INFO - ::endgroup::
