[2024-05-10T06:20:24.395+0000] {local_task_job_runner.py:120} INFO - ::group::Pre task execution logs
[2024-05-10T06:20:24.527+0000] {taskinstance.py:2076} INFO - Dependencies all met for dep_context=non-requeueable deps ti=<TaskInstance: Proyecto_SpaceX_v1.Visualizar_Respuesta_Satelite scheduled__2024-03-18T00:00:00+00:00 [queued]>
[2024-05-10T06:20:24.534+0000] {taskinstance.py:2076} INFO - Dependencies all met for dep_context=requeueable deps ti=<TaskInstance: Proyecto_SpaceX_v1.Visualizar_Respuesta_Satelite scheduled__2024-03-18T00:00:00+00:00 [queued]>
[2024-05-10T06:20:24.536+0000] {taskinstance.py:2306} INFO - Starting attempt 1 of 1
[2024-05-10T06:20:24.550+0000] {taskinstance.py:2330} INFO - Executing <Task(BashOperator): Visualizar_Respuesta_Satelite> on 2024-03-18 00:00:00+00:00
[2024-05-10T06:20:24.555+0000] {warnings.py:110} WARNING - /home/***/.local/lib/python3.12/site-packages/***/task/task_runner/standard_task_runner.py:61: DeprecationWarning: This process (pid=1878) is multi-threaded, use of fork() may lead to deadlocks in the child.
  pid = os.fork()

[2024-05-10T06:20:24.557+0000] {standard_task_runner.py:63} INFO - Started process 1880 to run task
[2024-05-10T06:20:24.556+0000] {standard_task_runner.py:90} INFO - Running: ['***', 'tasks', 'run', 'Proyecto_SpaceX_v1', 'Visualizar_Respuesta_Satelite', 'scheduled__2024-03-18T00:00:00+00:00', '--job-id', '1251', '--raw', '--subdir', 'DAGS_FOLDER/Proyecto_SpaceX_v1.py', '--cfg-path', '/tmp/tmptkfg3bb9']
[2024-05-10T06:20:24.558+0000] {standard_task_runner.py:91} INFO - Job 1251: Subtask Visualizar_Respuesta_Satelite
[2024-05-10T06:20:24.591+0000] {task_command.py:426} INFO - Running <TaskInstance: Proyecto_SpaceX_v1.Visualizar_Respuesta_Satelite scheduled__2024-03-18T00:00:00+00:00 [running]> on host 1b7f0b10dd99
[2024-05-10T06:20:24.655+0000] {taskinstance.py:2648} INFO - Exporting env vars: AIRFLOW_CTX_DAG_OWNER='***' AIRFLOW_CTX_DAG_ID='Proyecto_SpaceX_v1' AIRFLOW_CTX_TASK_ID='Visualizar_Respuesta_Satelite' AIRFLOW_CTX_EXECUTION_DATE='2024-03-18T00:00:00+00:00' AIRFLOW_CTX_TRY_NUMBER='1' AIRFLOW_CTX_DAG_RUN_ID='scheduled__2024-03-18T00:00:00+00:00'
[2024-05-10T06:20:24.657+0000] {taskinstance.py:430} INFO - ::endgroup::
[2024-05-10T06:20:24.665+0000] {subprocess.py:63} INFO - Tmp dir root location: /tmp
[2024-05-10T06:20:24.667+0000] {subprocess.py:75} INFO - Running command: ['/usr/bin/bash', '-c', 'ls /tmp && head /tmp/platzi_data_20240318.csv']
[2024-05-10T06:20:24.675+0000] {subprocess.py:86} INFO - Output:
[2024-05-10T06:20:24.677+0000] {subprocess.py:93} INFO - ***tmp_eybgq9o
[2024-05-10T06:20:24.678+0000] {subprocess.py:93} INFO - history.json
[2024-05-10T06:20:24.678+0000] {subprocess.py:93} INFO - platzi_data_20231125.csv
[2024-05-10T06:20:24.679+0000] {subprocess.py:93} INFO - platzi_data_20231126.csv
[2024-05-10T06:20:24.679+0000] {subprocess.py:93} INFO - platzi_data_20231127.csv
[2024-05-10T06:20:24.680+0000] {subprocess.py:93} INFO - platzi_data_20240101.csv
[2024-05-10T06:20:24.681+0000] {subprocess.py:93} INFO - platzi_data_20240201.csv
[2024-05-10T06:20:24.681+0000] {subprocess.py:93} INFO - platzi_data_20240301.csv
[2024-05-10T06:20:24.682+0000] {subprocess.py:93} INFO - platzi_data_20240302.csv
[2024-05-10T06:20:24.682+0000] {subprocess.py:93} INFO - platzi_data_20240303.csv
[2024-05-10T06:20:24.682+0000] {subprocess.py:93} INFO - platzi_data_20240304.csv
[2024-05-10T06:20:24.683+0000] {subprocess.py:93} INFO - platzi_data_20240305.csv
[2024-05-10T06:20:24.683+0000] {subprocess.py:93} INFO - platzi_data_20240306.csv
[2024-05-10T06:20:24.683+0000] {subprocess.py:93} INFO - platzi_data_20240307.csv
[2024-05-10T06:20:24.684+0000] {subprocess.py:93} INFO - platzi_data_20240308.csv
[2024-05-10T06:20:24.684+0000] {subprocess.py:93} INFO - platzi_data_20240309.csv
[2024-05-10T06:20:24.684+0000] {subprocess.py:93} INFO - platzi_data_20240310.csv
[2024-05-10T06:20:24.685+0000] {subprocess.py:93} INFO - platzi_data_20240311.csv
[2024-05-10T06:20:24.685+0000] {subprocess.py:93} INFO - platzi_data_20240312.csv
[2024-05-10T06:20:24.685+0000] {subprocess.py:93} INFO - platzi_data_20240313.csv
[2024-05-10T06:20:24.686+0000] {subprocess.py:93} INFO - platzi_data_20240314.csv
[2024-05-10T06:20:24.686+0000] {subprocess.py:93} INFO - platzi_data_20240316.csv
[2024-05-10T06:20:24.686+0000] {subprocess.py:93} INFO - platzi_data_20240317.csv
[2024-05-10T06:20:24.687+0000] {subprocess.py:93} INFO - platzi_data_20240318.csv
[2024-05-10T06:20:24.687+0000] {subprocess.py:93} INFO - pymp-uyxtzsi7
[2024-05-10T06:20:24.687+0000] {subprocess.py:93} INFO - response_20231125.txt
[2024-05-10T06:20:24.688+0000] {subprocess.py:93} INFO - response_20231126.txt
[2024-05-10T06:20:24.688+0000] {subprocess.py:93} INFO - response_20231127.txt
[2024-05-10T06:20:24.689+0000] {subprocess.py:93} INFO - response_20240101.txt
[2024-05-10T06:20:24.689+0000] {subprocess.py:93} INFO - response_20240201.txt
[2024-05-10T06:20:24.689+0000] {subprocess.py:93} INFO - response_20240301.txt
[2024-05-10T06:20:24.690+0000] {subprocess.py:93} INFO - response_20240302.txt
[2024-05-10T06:20:24.690+0000] {subprocess.py:93} INFO - response_20240303.txt
[2024-05-10T06:20:24.690+0000] {subprocess.py:93} INFO - response_20240304.txt
[2024-05-10T06:20:24.691+0000] {subprocess.py:93} INFO - response_20240305.txt
[2024-05-10T06:20:24.691+0000] {subprocess.py:93} INFO - response_20240306.txt
[2024-05-10T06:20:24.692+0000] {subprocess.py:93} INFO - response_20240307.txt
[2024-05-10T06:20:24.692+0000] {subprocess.py:93} INFO - response_20240308.txt
[2024-05-10T06:20:24.692+0000] {subprocess.py:93} INFO - response_20240309.txt
[2024-05-10T06:20:24.693+0000] {subprocess.py:93} INFO - response_20240310.txt
[2024-05-10T06:20:24.693+0000] {subprocess.py:93} INFO - response_20240311.txt
[2024-05-10T06:20:24.693+0000] {subprocess.py:93} INFO - response_20240312.txt
[2024-05-10T06:20:24.694+0000] {subprocess.py:93} INFO - response_20240313.txt
[2024-05-10T06:20:24.694+0000] {subprocess.py:93} INFO - response_20240314.txt
[2024-05-10T06:20:24.694+0000] {subprocess.py:93} INFO - response_20240315.txt
[2024-05-10T06:20:24.695+0000] {subprocess.py:93} INFO - response_20240316.txt
[2024-05-10T06:20:24.695+0000] {subprocess.py:93} INFO - response_20240317.txt
[2024-05-10T06:20:24.696+0000] {subprocess.py:93} INFO - response_20240318.txt
[2024-05-10T06:20:24.696+0000] {subprocess.py:93} INFO - Student,timestamp
[2024-05-10T06:20:24.696+0000] {subprocess.py:93} INFO - Maria Cruz,2024-03-18 00:00:00+00:00
[2024-05-10T06:20:24.697+0000] {subprocess.py:93} INFO - Daniel Crema,2024-03-18 00:00:00+00:00
[2024-05-10T06:20:24.697+0000] {subprocess.py:93} INFO - Elon Musk,2024-03-18 00:00:00+00:00
[2024-05-10T06:20:24.697+0000] {subprocess.py:93} INFO - Karol Castrejon,2024-03-18 00:00:00+00:00
[2024-05-10T06:20:24.697+0000] {subprocess.py:93} INFO - Freddy Vega,2024-03-18 00:00:00+00:00
[2024-05-10T06:20:24.698+0000] {subprocess.py:93} INFO - Felipe Duque,2024-03-18 00:00:00+00:00
[2024-05-10T06:20:24.698+0000] {subprocess.py:97} INFO - Command exited with return code 0
[2024-05-10T06:20:24.699+0000] {taskinstance.py:441} INFO - ::group::Post task execution logs
[2024-05-10T06:20:24.723+0000] {taskinstance.py:1206} INFO - Marking task as SUCCESS. dag_id=Proyecto_SpaceX_v1, task_id=Visualizar_Respuesta_Satelite, run_id=scheduled__2024-03-18T00:00:00+00:00, execution_date=20240318T000000, start_date=20240510T062024, end_date=20240510T062024
[2024-05-10T06:20:24.772+0000] {local_task_job_runner.py:240} INFO - Task exited with return code 0
[2024-05-10T06:20:24.795+0000] {taskinstance.py:3498} INFO - 1 downstream tasks scheduled from follow-on schedule check
[2024-05-10T06:20:24.803+0000] {local_task_job_runner.py:222} INFO - ::endgroup::
