[2024-05-10T05:59:37.464+0000] {processor.py:161} INFO - Started process (PID=2110) to work on /opt/airflow/dags/Proyecto_SpaceX_v1.py
[2024-05-10T05:59:37.465+0000] {processor.py:830} INFO - Processing file /opt/airflow/dags/Proyecto_SpaceX_v1.py for tasks to queue
[2024-05-10T05:59:37.467+0000] {logging_mixin.py:188} INFO - [2024-05-10T05:59:37.467+0000] {dagbag.py:545} INFO - Filling up the DagBag from /opt/airflow/dags/Proyecto_SpaceX_v1.py
[2024-05-10T05:59:37.970+0000] {processor.py:840} INFO - DAG(s) 'Proyecto_Nasa' retrieved from /opt/airflow/dags/Proyecto_SpaceX_v1.py
[2024-05-10T05:59:38.058+0000] {logging_mixin.py:188} INFO - [2024-05-10T05:59:38.058+0000] {override.py:1829} INFO - Created Permission View: can delete on DAG:Proyecto_Nasa
[2024-05-10T05:59:38.071+0000] {logging_mixin.py:188} INFO - [2024-05-10T05:59:38.071+0000] {override.py:1829} INFO - Created Permission View: can edit on DAG:Proyecto_Nasa
[2024-05-10T05:59:38.081+0000] {logging_mixin.py:188} INFO - [2024-05-10T05:59:38.080+0000] {override.py:1829} INFO - Created Permission View: can read on DAG:Proyecto_Nasa
[2024-05-10T05:59:38.082+0000] {logging_mixin.py:188} INFO - [2024-05-10T05:59:38.081+0000] {dag.py:3096} INFO - Sync 1 DAGs
[2024-05-10T05:59:38.093+0000] {logging_mixin.py:188} INFO - [2024-05-10T05:59:38.092+0000] {dag.py:3118} INFO - Creating ORM DAG for Proyecto_Nasa
[2024-05-10T05:59:38.102+0000] {logging_mixin.py:188} INFO - [2024-05-10T05:59:38.102+0000] {dag.py:3954} INFO - Setting next_dagrun for Proyecto_Nasa to 2023-11-25 00:00:00+00:00, run_after=2023-11-26 00:00:00+00:00
[2024-05-10T05:59:38.127+0000] {processor.py:183} INFO - Processing /opt/airflow/dags/Proyecto_SpaceX_v1.py took 0.668 seconds
[2024-05-10T06:00:08.248+0000] {processor.py:161} INFO - Started process (PID=2139) to work on /opt/airflow/dags/Proyecto_SpaceX_v1.py
[2024-05-10T06:00:08.249+0000] {processor.py:830} INFO - Processing file /opt/airflow/dags/Proyecto_SpaceX_v1.py for tasks to queue
[2024-05-10T06:00:08.250+0000] {logging_mixin.py:188} INFO - [2024-05-10T06:00:08.250+0000] {dagbag.py:545} INFO - Filling up the DagBag from /opt/airflow/dags/Proyecto_SpaceX_v1.py
[2024-05-10T06:00:08.646+0000] {processor.py:840} INFO - DAG(s) 'Proyecto_Nasa' retrieved from /opt/airflow/dags/Proyecto_SpaceX_v1.py
[2024-05-10T06:00:08.663+0000] {logging_mixin.py:188} INFO - [2024-05-10T06:00:08.663+0000] {dag.py:3096} INFO - Sync 1 DAGs
[2024-05-10T06:00:08.691+0000] {processor.py:183} INFO - Processing /opt/airflow/dags/Proyecto_SpaceX_v1.py took 0.447 seconds
[2024-05-10T06:00:38.735+0000] {processor.py:161} INFO - Started process (PID=2167) to work on /opt/airflow/dags/Proyecto_SpaceX_v1.py
[2024-05-10T06:00:38.736+0000] {processor.py:830} INFO - Processing file /opt/airflow/dags/Proyecto_SpaceX_v1.py for tasks to queue
[2024-05-10T06:00:38.738+0000] {logging_mixin.py:188} INFO - [2024-05-10T06:00:38.737+0000] {dagbag.py:545} INFO - Filling up the DagBag from /opt/airflow/dags/Proyecto_SpaceX_v1.py
[2024-05-10T06:00:39.126+0000] {processor.py:840} INFO - DAG(s) 'Proyecto_Nasa' retrieved from /opt/airflow/dags/Proyecto_SpaceX_v1.py
[2024-05-10T06:00:39.140+0000] {logging_mixin.py:188} INFO - [2024-05-10T06:00:39.140+0000] {dag.py:3096} INFO - Sync 1 DAGs
[2024-05-10T06:00:39.170+0000] {processor.py:183} INFO - Processing /opt/airflow/dags/Proyecto_SpaceX_v1.py took 0.439 seconds
[2024-05-10T06:01:09.391+0000] {processor.py:161} INFO - Started process (PID=2195) to work on /opt/airflow/dags/Proyecto_SpaceX_v1.py
[2024-05-10T06:01:09.392+0000] {processor.py:830} INFO - Processing file /opt/airflow/dags/Proyecto_SpaceX_v1.py for tasks to queue
[2024-05-10T06:01:09.393+0000] {logging_mixin.py:188} INFO - [2024-05-10T06:01:09.393+0000] {dagbag.py:545} INFO - Filling up the DagBag from /opt/airflow/dags/Proyecto_SpaceX_v1.py
[2024-05-10T06:01:09.790+0000] {processor.py:840} INFO - DAG(s) 'Proyecto_Nasa' retrieved from /opt/airflow/dags/Proyecto_SpaceX_v1.py
[2024-05-10T06:01:09.804+0000] {logging_mixin.py:188} INFO - [2024-05-10T06:01:09.804+0000] {dag.py:3096} INFO - Sync 1 DAGs
[2024-05-10T06:01:09.834+0000] {processor.py:183} INFO - Processing /opt/airflow/dags/Proyecto_SpaceX_v1.py took 0.448 seconds
[2024-05-10T06:01:28.297+0000] {processor.py:161} INFO - Started process (PID=2206) to work on /opt/airflow/dags/Proyecto_SpaceX_v1.py
[2024-05-10T06:01:28.298+0000] {processor.py:830} INFO - Processing file /opt/airflow/dags/Proyecto_SpaceX_v1.py for tasks to queue
[2024-05-10T06:01:28.302+0000] {logging_mixin.py:188} INFO - [2024-05-10T06:01:28.302+0000] {dagbag.py:545} INFO - Filling up the DagBag from /opt/airflow/dags/Proyecto_SpaceX_v1.py
[2024-05-10T06:01:28.755+0000] {processor.py:840} INFO - DAG(s) 'Proyecto_SpaceX_v1' retrieved from /opt/airflow/dags/Proyecto_SpaceX_v1.py
[2024-05-10T06:01:29.177+0000] {logging_mixin.py:188} INFO - [2024-05-10T06:01:29.176+0000] {override.py:1829} INFO - Created Permission View: can delete on DAG:Proyecto_SpaceX_v1
[2024-05-10T06:01:29.262+0000] {logging_mixin.py:188} INFO - [2024-05-10T06:01:29.262+0000] {override.py:1829} INFO - Created Permission View: can edit on DAG:Proyecto_SpaceX_v1
[2024-05-10T06:01:29.294+0000] {logging_mixin.py:188} INFO - [2024-05-10T06:01:29.293+0000] {override.py:1829} INFO - Created Permission View: can read on DAG:Proyecto_SpaceX_v1
[2024-05-10T06:01:29.295+0000] {logging_mixin.py:188} INFO - [2024-05-10T06:01:29.295+0000] {dag.py:3096} INFO - Sync 1 DAGs
[2024-05-10T06:01:29.303+0000] {logging_mixin.py:188} INFO - [2024-05-10T06:01:29.303+0000] {dag.py:3118} INFO - Creating ORM DAG for Proyecto_SpaceX_v1
[2024-05-10T06:01:29.311+0000] {logging_mixin.py:188} INFO - [2024-05-10T06:01:29.311+0000] {dag.py:3954} INFO - Setting next_dagrun for Proyecto_SpaceX_v1 to 2024-01-01 00:00:00+00:00, run_after=2024-01-02 00:00:00+00:00
[2024-05-10T06:01:29.388+0000] {processor.py:183} INFO - Processing /opt/airflow/dags/Proyecto_SpaceX_v1.py took 1.097 seconds
[2024-05-10T06:01:59.904+0000] {processor.py:161} INFO - Started process (PID=2232) to work on /opt/airflow/dags/Proyecto_SpaceX_v1.py
[2024-05-10T06:01:59.906+0000] {processor.py:830} INFO - Processing file /opt/airflow/dags/Proyecto_SpaceX_v1.py for tasks to queue
[2024-05-10T06:01:59.907+0000] {logging_mixin.py:188} INFO - [2024-05-10T06:01:59.907+0000] {dagbag.py:545} INFO - Filling up the DagBag from /opt/airflow/dags/Proyecto_SpaceX_v1.py
[2024-05-10T06:02:00.369+0000] {processor.py:840} INFO - DAG(s) 'Proyecto_SpaceX_v1' retrieved from /opt/airflow/dags/Proyecto_SpaceX_v1.py
[2024-05-10T06:02:00.386+0000] {logging_mixin.py:188} INFO - [2024-05-10T06:02:00.385+0000] {dag.py:3096} INFO - Sync 1 DAGs
[2024-05-10T06:02:00.404+0000] {logging_mixin.py:188} INFO - [2024-05-10T06:02:00.403+0000] {dag.py:3954} INFO - Setting next_dagrun for Proyecto_SpaceX_v1 to 2024-01-01 00:00:00+00:00, run_after=2024-01-02 00:00:00+00:00
[2024-05-10T06:02:00.420+0000] {processor.py:183} INFO - Processing /opt/airflow/dags/Proyecto_SpaceX_v1.py took 0.521 seconds
[2024-05-10T06:02:27.827+0000] {processor.py:161} INFO - Started process (PID=2256) to work on /opt/airflow/dags/Proyecto_SpaceX_v1.py
[2024-05-10T06:02:27.828+0000] {processor.py:830} INFO - Processing file /opt/airflow/dags/Proyecto_SpaceX_v1.py for tasks to queue
[2024-05-10T06:02:27.830+0000] {logging_mixin.py:188} INFO - [2024-05-10T06:02:27.830+0000] {dagbag.py:545} INFO - Filling up the DagBag from /opt/airflow/dags/Proyecto_SpaceX_v1.py
[2024-05-10T06:02:28.346+0000] {logging_mixin.py:188} INFO - [2024-05-10T06:02:28.339+0000] {dagbag.py:355} ERROR - Failed to import: /opt/airflow/dags/Proyecto_SpaceX_v1.py
Traceback (most recent call last):
  File "/home/airflow/.local/lib/python3.12/site-packages/airflow/models/dagbag.py", line 351, in parse
    loader.exec_module(new_module)
  File "<frozen importlib._bootstrap_external>", line 995, in exec_module
  File "<frozen importlib._bootstrap>", line 488, in _call_with_frames_removed
  File "/opt/airflow/dags/Proyecto_SpaceX_v1.py", line 39, in <module>
    tarea_nasa >>  tarea_datos_nasa >> tarea_SpaceX >> tarea_Python >> tarea_file_sensor >> tarea_ver_csv >> tarea_enviar_mensaje
    ^^^^^^^^^^
NameError: name 'tarea_nasa' is not defined
[2024-05-10T06:02:28.351+0000] {processor.py:842} WARNING - No viable dags retrieved from /opt/airflow/dags/Proyecto_SpaceX_v1.py
[2024-05-10T06:02:28.364+0000] {processor.py:183} INFO - Processing /opt/airflow/dags/Proyecto_SpaceX_v1.py took 0.542 seconds
[2024-05-10T06:02:47.622+0000] {processor.py:161} INFO - Started process (PID=2276) to work on /opt/airflow/dags/Proyecto_SpaceX_v1.py
[2024-05-10T06:02:47.623+0000] {processor.py:830} INFO - Processing file /opt/airflow/dags/Proyecto_SpaceX_v1.py for tasks to queue
[2024-05-10T06:02:47.624+0000] {logging_mixin.py:188} INFO - [2024-05-10T06:02:47.623+0000] {dagbag.py:545} INFO - Filling up the DagBag from /opt/airflow/dags/Proyecto_SpaceX_v1.py
[2024-05-10T06:02:48.049+0000] {logging_mixin.py:188} INFO - [2024-05-10T06:02:48.041+0000] {dagbag.py:355} ERROR - Failed to import: /opt/airflow/dags/Proyecto_SpaceX_v1.py
Traceback (most recent call last):
  File "/home/airflow/.local/lib/python3.12/site-packages/airflow/models/dagbag.py", line 351, in parse
    loader.exec_module(new_module)
  File "<frozen importlib._bootstrap_external>", line 995, in exec_module
  File "<frozen importlib._bootstrap>", line 488, in _call_with_frames_removed
  File "/opt/airflow/dags/Proyecto_SpaceX_v1.py", line 39, in <module>
    tarea_nasa >>  tarea_datos_nasa >> tarea_SpaceX >> tarea_Python >> tarea_file_sensor >> tarea_ver_csv >> tarea_enviar_mensaje
    ^^^^^^^^^^
NameError: name 'tarea_nasa' is not defined
[2024-05-10T06:02:48.052+0000] {processor.py:842} WARNING - No viable dags retrieved from /opt/airflow/dags/Proyecto_SpaceX_v1.py
[2024-05-10T06:02:48.072+0000] {processor.py:183} INFO - Processing /opt/airflow/dags/Proyecto_SpaceX_v1.py took 0.455 seconds
[2024-05-10T06:03:15.273+0000] {processor.py:161} INFO - Started process (PID=2302) to work on /opt/airflow/dags/Proyecto_SpaceX_v1.py
[2024-05-10T06:03:15.274+0000] {processor.py:830} INFO - Processing file /opt/airflow/dags/Proyecto_SpaceX_v1.py for tasks to queue
[2024-05-10T06:03:15.275+0000] {logging_mixin.py:188} INFO - [2024-05-10T06:03:15.275+0000] {dagbag.py:545} INFO - Filling up the DagBag from /opt/airflow/dags/Proyecto_SpaceX_v1.py
[2024-05-10T06:03:15.745+0000] {logging_mixin.py:188} INFO - [2024-05-10T06:03:15.733+0000] {dagbag.py:355} ERROR - Failed to import: /opt/airflow/dags/Proyecto_SpaceX_v1.py
Traceback (most recent call last):
  File "/home/airflow/.local/lib/python3.12/site-packages/airflow/models/dagbag.py", line 351, in parse
    loader.exec_module(new_module)
  File "<frozen importlib._bootstrap_external>", line 995, in exec_module
  File "<frozen importlib._bootstrap>", line 488, in _call_with_frames_removed
  File "/opt/airflow/dags/Proyecto_SpaceX_v1.py", line 41, in <module>
    tarea_nasa >>  tarea_datos_nasa >> tarea_SpaceX >> tarea_Python >> tarea_file_sensor >> tarea_ver_csv >> tarea_enviar_mensaje
    ^^^^^^^^^^
NameError: name 'tarea_nasa' is not defined
[2024-05-10T06:03:15.748+0000] {processor.py:842} WARNING - No viable dags retrieved from /opt/airflow/dags/Proyecto_SpaceX_v1.py
[2024-05-10T06:03:15.766+0000] {processor.py:183} INFO - Processing /opt/airflow/dags/Proyecto_SpaceX_v1.py took 0.498 seconds
[2024-05-10T06:03:23.295+0000] {processor.py:161} INFO - Started process (PID=2304) to work on /opt/airflow/dags/Proyecto_SpaceX_v1.py
[2024-05-10T06:03:23.296+0000] {processor.py:830} INFO - Processing file /opt/airflow/dags/Proyecto_SpaceX_v1.py for tasks to queue
[2024-05-10T06:03:23.297+0000] {logging_mixin.py:188} INFO - [2024-05-10T06:03:23.297+0000] {dagbag.py:545} INFO - Filling up the DagBag from /opt/airflow/dags/Proyecto_SpaceX_v1.py
[2024-05-10T06:03:23.952+0000] {logging_mixin.py:188} INFO - [2024-05-10T06:03:23.907+0000] {dagbag.py:355} ERROR - Failed to import: /opt/airflow/dags/Proyecto_SpaceX_v1.py
Traceback (most recent call last):
  File "/home/airflow/.local/lib/python3.12/site-packages/airflow/models/dagbag.py", line 351, in parse
    loader.exec_module(new_module)
  File "<frozen importlib._bootstrap_external>", line 995, in exec_module
  File "<frozen importlib._bootstrap>", line 488, in _call_with_frames_removed
  File "/opt/airflow/dags/Proyecto_SpaceX_v1.py", line 41, in <module>
    tarea_nasa >>  tarea_datos_nasa >> tarea_SpaceX >> tarea_Python >> tarea_file_sensor >> tarea_ver_csv >> tarea_enviar_mensaje
    ^^^^^^^^^^
NameError: name 'tarea_nasa' is not defined
[2024-05-10T06:03:23.957+0000] {processor.py:842} WARNING - No viable dags retrieved from /opt/airflow/dags/Proyecto_SpaceX_v1.py
[2024-05-10T06:03:23.971+0000] {processor.py:183} INFO - Processing /opt/airflow/dags/Proyecto_SpaceX_v1.py took 0.682 seconds
[2024-05-10T06:03:33.897+0000] {processor.py:161} INFO - Started process (PID=2314) to work on /opt/airflow/dags/Proyecto_SpaceX_v1.py
[2024-05-10T06:03:33.899+0000] {processor.py:830} INFO - Processing file /opt/airflow/dags/Proyecto_SpaceX_v1.py for tasks to queue
[2024-05-10T06:03:33.900+0000] {logging_mixin.py:188} INFO - [2024-05-10T06:03:33.899+0000] {dagbag.py:545} INFO - Filling up the DagBag from /opt/airflow/dags/Proyecto_SpaceX_v1.py
[2024-05-10T06:03:34.328+0000] {logging_mixin.py:188} INFO - [2024-05-10T06:03:34.318+0000] {dagbag.py:355} ERROR - Failed to import: /opt/airflow/dags/Proyecto_SpaceX_v1.py
Traceback (most recent call last):
  File "/home/airflow/.local/lib/python3.12/site-packages/airflow/models/dagbag.py", line 351, in parse
    loader.exec_module(new_module)
  File "<frozen importlib._bootstrap_external>", line 995, in exec_module
  File "<frozen importlib._bootstrap>", line 488, in _call_with_frames_removed
  File "/opt/airflow/dags/Proyecto_SpaceX_v1.py", line 41, in <module>
    tarea_nasa >>  tarea_datos_nasa >> tarea_SpaceX >> tarea_Python >> tarea_file_sensor >> tarea_ver_csv >> tarea_enviar_mensaje
    ^^^^^^^^^^
NameError: name 'tarea_nasa' is not defined
[2024-05-10T06:03:34.332+0000] {processor.py:842} WARNING - No viable dags retrieved from /opt/airflow/dags/Proyecto_SpaceX_v1.py
[2024-05-10T06:03:34.350+0000] {processor.py:183} INFO - Processing /opt/airflow/dags/Proyecto_SpaceX_v1.py took 0.458 seconds
[2024-05-10T06:03:47.089+0000] {processor.py:161} INFO - Started process (PID=2332) to work on /opt/airflow/dags/Proyecto_SpaceX_v1.py
[2024-05-10T06:03:47.090+0000] {processor.py:830} INFO - Processing file /opt/airflow/dags/Proyecto_SpaceX_v1.py for tasks to queue
[2024-05-10T06:03:47.093+0000] {logging_mixin.py:188} INFO - [2024-05-10T06:03:47.093+0000] {dagbag.py:545} INFO - Filling up the DagBag from /opt/airflow/dags/Proyecto_SpaceX_v1.py
[2024-05-10T06:03:47.684+0000] {logging_mixin.py:188} INFO - [2024-05-10T06:03:47.678+0000] {dagbag.py:355} ERROR - Failed to import: /opt/airflow/dags/Proyecto_SpaceX_v1.py
Traceback (most recent call last):
  File "/home/airflow/.local/lib/python3.12/site-packages/airflow/models/dagbag.py", line 351, in parse
    loader.exec_module(new_module)
  File "<frozen importlib._bootstrap_external>", line 995, in exec_module
  File "<frozen importlib._bootstrap>", line 488, in _call_with_frames_removed
  File "/opt/airflow/dags/Proyecto_SpaceX_v1.py", line 41, in <module>
    tarea_nasa >>  tarea_datos_nasa >> tarea_SpaceX >> tarea_Python >> tarea_file_sensor >> tarea_ver_csv >> tarea_enviar_mensaje
    ^^^^^^^^^^
NameError: name 'tarea_nasa' is not defined
[2024-05-10T06:03:47.719+0000] {processor.py:842} WARNING - No viable dags retrieved from /opt/airflow/dags/Proyecto_SpaceX_v1.py
[2024-05-10T06:03:47.751+0000] {processor.py:183} INFO - Processing /opt/airflow/dags/Proyecto_SpaceX_v1.py took 0.668 seconds
[2024-05-10T06:03:58.443+0000] {processor.py:161} INFO - Started process (PID=2340) to work on /opt/airflow/dags/Proyecto_SpaceX_v1.py
[2024-05-10T06:03:58.445+0000] {processor.py:830} INFO - Processing file /opt/airflow/dags/Proyecto_SpaceX_v1.py for tasks to queue
[2024-05-10T06:03:58.446+0000] {logging_mixin.py:188} INFO - [2024-05-10T06:03:58.446+0000] {dagbag.py:545} INFO - Filling up the DagBag from /opt/airflow/dags/Proyecto_SpaceX_v1.py
[2024-05-10T06:03:58.841+0000] {logging_mixin.py:188} INFO - [2024-05-10T06:03:58.834+0000] {dagbag.py:355} ERROR - Failed to import: /opt/airflow/dags/Proyecto_SpaceX_v1.py
Traceback (most recent call last):
  File "/home/airflow/.local/lib/python3.12/site-packages/airflow/models/dagbag.py", line 351, in parse
    loader.exec_module(new_module)
  File "<frozen importlib._bootstrap_external>", line 995, in exec_module
  File "<frozen importlib._bootstrap>", line 488, in _call_with_frames_removed
  File "/opt/airflow/dags/Proyecto_SpaceX_v1.py", line 41, in <module>
    tarea_nasa >>  tarea_datos_nasa >> tarea_SpaceX >> tarea_Python >> tarea_file_sensor >> tarea_ver_csv >> tarea_enviar_mensaje
    ^^^^^^^^^^
NameError: name 'tarea_nasa' is not defined
[2024-05-10T06:03:58.845+0000] {processor.py:842} WARNING - No viable dags retrieved from /opt/airflow/dags/Proyecto_SpaceX_v1.py
[2024-05-10T06:03:58.863+0000] {processor.py:183} INFO - Processing /opt/airflow/dags/Proyecto_SpaceX_v1.py took 0.429 seconds
[2024-05-10T06:04:29.181+0000] {processor.py:161} INFO - Started process (PID=2365) to work on /opt/airflow/dags/Proyecto_SpaceX_v1.py
[2024-05-10T06:04:29.183+0000] {processor.py:830} INFO - Processing file /opt/airflow/dags/Proyecto_SpaceX_v1.py for tasks to queue
[2024-05-10T06:04:29.184+0000] {logging_mixin.py:188} INFO - [2024-05-10T06:04:29.184+0000] {dagbag.py:545} INFO - Filling up the DagBag from /opt/airflow/dags/Proyecto_SpaceX_v1.py
[2024-05-10T06:04:29.625+0000] {logging_mixin.py:188} INFO - [2024-05-10T06:04:29.616+0000] {dagbag.py:355} ERROR - Failed to import: /opt/airflow/dags/Proyecto_SpaceX_v1.py
Traceback (most recent call last):
  File "/home/airflow/.local/lib/python3.12/site-packages/airflow/models/dagbag.py", line 351, in parse
    loader.exec_module(new_module)
  File "<frozen importlib._bootstrap_external>", line 995, in exec_module
  File "<frozen importlib._bootstrap>", line 488, in _call_with_frames_removed
  File "/opt/airflow/dags/Proyecto_SpaceX_v1.py", line 41, in <module>
    tarea_nasa >>  tarea_datos_nasa >> tarea_SpaceX >> tarea_Python >> tarea_file_sensor >> tarea_ver_csv >> tarea_enviar_mensaje
    ^^^^^^^^^^
NameError: name 'tarea_nasa' is not defined
[2024-05-10T06:04:29.659+0000] {processor.py:842} WARNING - No viable dags retrieved from /opt/airflow/dags/Proyecto_SpaceX_v1.py
[2024-05-10T06:04:29.695+0000] {processor.py:183} INFO - Processing /opt/airflow/dags/Proyecto_SpaceX_v1.py took 0.519 seconds
[2024-05-10T06:05:00.400+0000] {processor.py:161} INFO - Started process (PID=2391) to work on /opt/airflow/dags/Proyecto_SpaceX_v1.py
[2024-05-10T06:05:00.401+0000] {processor.py:830} INFO - Processing file /opt/airflow/dags/Proyecto_SpaceX_v1.py for tasks to queue
[2024-05-10T06:05:00.403+0000] {logging_mixin.py:188} INFO - [2024-05-10T06:05:00.402+0000] {dagbag.py:545} INFO - Filling up the DagBag from /opt/airflow/dags/Proyecto_SpaceX_v1.py
[2024-05-10T06:05:00.954+0000] {logging_mixin.py:188} INFO - [2024-05-10T06:05:00.919+0000] {dagbag.py:355} ERROR - Failed to import: /opt/airflow/dags/Proyecto_SpaceX_v1.py
Traceback (most recent call last):
  File "/home/airflow/.local/lib/python3.12/site-packages/airflow/models/dagbag.py", line 351, in parse
    loader.exec_module(new_module)
  File "<frozen importlib._bootstrap_external>", line 995, in exec_module
  File "<frozen importlib._bootstrap>", line 488, in _call_with_frames_removed
  File "/opt/airflow/dags/Proyecto_SpaceX_v1.py", line 41, in <module>
    tarea_nasa >>  tarea_datos_nasa >> tarea_SpaceX >> tarea_Python >> tarea_file_sensor >> tarea_ver_csv >> tarea_enviar_mensaje
    ^^^^^^^^^^
NameError: name 'tarea_nasa' is not defined
[2024-05-10T06:05:00.967+0000] {processor.py:842} WARNING - No viable dags retrieved from /opt/airflow/dags/Proyecto_SpaceX_v1.py
[2024-05-10T06:05:00.997+0000] {processor.py:183} INFO - Processing /opt/airflow/dags/Proyecto_SpaceX_v1.py took 0.601 seconds
[2024-05-10T06:05:06.777+0000] {processor.py:161} INFO - Started process (PID=2397) to work on /opt/airflow/dags/Proyecto_SpaceX_v1.py
[2024-05-10T06:05:06.799+0000] {processor.py:830} INFO - Processing file /opt/airflow/dags/Proyecto_SpaceX_v1.py for tasks to queue
[2024-05-10T06:05:06.800+0000] {logging_mixin.py:188} INFO - [2024-05-10T06:05:06.800+0000] {dagbag.py:545} INFO - Filling up the DagBag from /opt/airflow/dags/Proyecto_SpaceX_v1.py
[2024-05-10T06:05:07.214+0000] {logging_mixin.py:188} INFO - [2024-05-10T06:05:07.205+0000] {dagbag.py:355} ERROR - Failed to import: /opt/airflow/dags/Proyecto_SpaceX_v1.py
Traceback (most recent call last):
  File "/home/airflow/.local/lib/python3.12/site-packages/airflow/models/dagbag.py", line 351, in parse
    loader.exec_module(new_module)
  File "<frozen importlib._bootstrap_external>", line 995, in exec_module
  File "<frozen importlib._bootstrap>", line 488, in _call_with_frames_removed
  File "/opt/airflow/dags/Proyecto_SpaceX_v1.py", line 41, in <module>
    tarea_nasa >>  tarea_datos_nasa >> tarea_SpaceX >> tarea_Python >> tarea_file_sensor >> tarea_ver_csv >> tarea_enviar_mensaje
    ^^^^^^^^^^
NameError: name 'tarea_nasa' is not defined
[2024-05-10T06:05:07.219+0000] {processor.py:842} WARNING - No viable dags retrieved from /opt/airflow/dags/Proyecto_SpaceX_v1.py
[2024-05-10T06:05:07.240+0000] {processor.py:183} INFO - Processing /opt/airflow/dags/Proyecto_SpaceX_v1.py took 0.471 seconds
[2024-05-10T06:05:34.096+0000] {processor.py:161} INFO - Started process (PID=2419) to work on /opt/airflow/dags/Proyecto_SpaceX_v1.py
[2024-05-10T06:05:34.097+0000] {processor.py:830} INFO - Processing file /opt/airflow/dags/Proyecto_SpaceX_v1.py for tasks to queue
[2024-05-10T06:05:34.098+0000] {logging_mixin.py:188} INFO - [2024-05-10T06:05:34.098+0000] {dagbag.py:545} INFO - Filling up the DagBag from /opt/airflow/dags/Proyecto_SpaceX_v1.py
[2024-05-10T06:05:34.502+0000] {logging_mixin.py:188} INFO - [2024-05-10T06:05:34.494+0000] {dagbag.py:355} ERROR - Failed to import: /opt/airflow/dags/Proyecto_SpaceX_v1.py
Traceback (most recent call last):
  File "/home/airflow/.local/lib/python3.12/site-packages/airflow/models/dagbag.py", line 351, in parse
    loader.exec_module(new_module)
  File "<frozen importlib._bootstrap_external>", line 995, in exec_module
  File "<frozen importlib._bootstrap>", line 488, in _call_with_frames_removed
  File "/opt/airflow/dags/Proyecto_SpaceX_v1.py", line 41, in <module>
    tarea_nasa >>  tarea_datos_nasa >> tarea_SpaceX >> tarea_Python >> tarea_file_sensor >> tarea_ver_csv >> tarea_enviar_mensaje
    ^^^^^^^^^^
NameError: name 'tarea_nasa' is not defined
[2024-05-10T06:05:34.507+0000] {processor.py:842} WARNING - No viable dags retrieved from /opt/airflow/dags/Proyecto_SpaceX_v1.py
[2024-05-10T06:05:34.522+0000] {processor.py:183} INFO - Processing /opt/airflow/dags/Proyecto_SpaceX_v1.py took 0.431 seconds
[2024-05-10T06:06:05.137+0000] {processor.py:161} INFO - Started process (PID=2445) to work on /opt/airflow/dags/Proyecto_SpaceX_v1.py
[2024-05-10T06:06:05.138+0000] {processor.py:830} INFO - Processing file /opt/airflow/dags/Proyecto_SpaceX_v1.py for tasks to queue
[2024-05-10T06:06:05.140+0000] {logging_mixin.py:188} INFO - [2024-05-10T06:06:05.139+0000] {dagbag.py:545} INFO - Filling up the DagBag from /opt/airflow/dags/Proyecto_SpaceX_v1.py
[2024-05-10T06:06:05.532+0000] {logging_mixin.py:188} INFO - [2024-05-10T06:06:05.519+0000] {dagbag.py:355} ERROR - Failed to import: /opt/airflow/dags/Proyecto_SpaceX_v1.py
Traceback (most recent call last):
  File "/home/airflow/.local/lib/python3.12/site-packages/airflow/models/dagbag.py", line 351, in parse
    loader.exec_module(new_module)
  File "<frozen importlib._bootstrap_external>", line 995, in exec_module
  File "<frozen importlib._bootstrap>", line 488, in _call_with_frames_removed
  File "/opt/airflow/dags/Proyecto_SpaceX_v1.py", line 41, in <module>
    tarea_nasa >>  tarea_datos_nasa >> tarea_SpaceX >> tarea_Python >> tarea_file_sensor >> tarea_ver_csv >> tarea_enviar_mensaje
    ^^^^^^^^^^
NameError: name 'tarea_nasa' is not defined
[2024-05-10T06:06:05.537+0000] {processor.py:842} WARNING - No viable dags retrieved from /opt/airflow/dags/Proyecto_SpaceX_v1.py
[2024-05-10T06:06:05.551+0000] {processor.py:183} INFO - Processing /opt/airflow/dags/Proyecto_SpaceX_v1.py took 0.420 seconds
[2024-05-10T06:06:35.735+0000] {processor.py:161} INFO - Started process (PID=2471) to work on /opt/airflow/dags/Proyecto_SpaceX_v1.py
[2024-05-10T06:06:35.736+0000] {processor.py:830} INFO - Processing file /opt/airflow/dags/Proyecto_SpaceX_v1.py for tasks to queue
[2024-05-10T06:06:35.737+0000] {logging_mixin.py:188} INFO - [2024-05-10T06:06:35.737+0000] {dagbag.py:545} INFO - Filling up the DagBag from /opt/airflow/dags/Proyecto_SpaceX_v1.py
[2024-05-10T06:06:36.116+0000] {logging_mixin.py:188} INFO - [2024-05-10T06:06:36.109+0000] {dagbag.py:355} ERROR - Failed to import: /opt/airflow/dags/Proyecto_SpaceX_v1.py
Traceback (most recent call last):
  File "/home/airflow/.local/lib/python3.12/site-packages/airflow/models/dagbag.py", line 351, in parse
    loader.exec_module(new_module)
  File "<frozen importlib._bootstrap_external>", line 995, in exec_module
  File "<frozen importlib._bootstrap>", line 488, in _call_with_frames_removed
  File "/opt/airflow/dags/Proyecto_SpaceX_v1.py", line 41, in <module>
    tarea_nasa >>  tarea_datos_nasa >> tarea_SpaceX >> tarea_Python >> tarea_file_sensor >> tarea_ver_csv >> tarea_enviar_mensaje
    ^^^^^^^^^^
NameError: name 'tarea_nasa' is not defined
[2024-05-10T06:06:36.120+0000] {processor.py:842} WARNING - No viable dags retrieved from /opt/airflow/dags/Proyecto_SpaceX_v1.py
[2024-05-10T06:06:36.133+0000] {processor.py:183} INFO - Processing /opt/airflow/dags/Proyecto_SpaceX_v1.py took 0.404 seconds
[2024-05-10T06:07:06.893+0000] {processor.py:161} INFO - Started process (PID=2497) to work on /opt/airflow/dags/Proyecto_SpaceX_v1.py
[2024-05-10T06:07:06.894+0000] {processor.py:830} INFO - Processing file /opt/airflow/dags/Proyecto_SpaceX_v1.py for tasks to queue
[2024-05-10T06:07:06.895+0000] {logging_mixin.py:188} INFO - [2024-05-10T06:07:06.895+0000] {dagbag.py:545} INFO - Filling up the DagBag from /opt/airflow/dags/Proyecto_SpaceX_v1.py
[2024-05-10T06:07:07.276+0000] {logging_mixin.py:188} INFO - [2024-05-10T06:07:07.267+0000] {dagbag.py:355} ERROR - Failed to import: /opt/airflow/dags/Proyecto_SpaceX_v1.py
Traceback (most recent call last):
  File "/home/airflow/.local/lib/python3.12/site-packages/airflow/models/dagbag.py", line 351, in parse
    loader.exec_module(new_module)
  File "<frozen importlib._bootstrap_external>", line 995, in exec_module
  File "<frozen importlib._bootstrap>", line 488, in _call_with_frames_removed
  File "/opt/airflow/dags/Proyecto_SpaceX_v1.py", line 41, in <module>
    tarea_nasa >>  tarea_datos_nasa >> tarea_SpaceX >> tarea_Python >> tarea_file_sensor >> tarea_ver_csv >> tarea_enviar_mensaje
    ^^^^^^^^^^
NameError: name 'tarea_nasa' is not defined
[2024-05-10T06:07:07.280+0000] {processor.py:842} WARNING - No viable dags retrieved from /opt/airflow/dags/Proyecto_SpaceX_v1.py
[2024-05-10T06:07:07.294+0000] {processor.py:183} INFO - Processing /opt/airflow/dags/Proyecto_SpaceX_v1.py took 0.406 seconds
[2024-05-10T06:07:37.518+0000] {processor.py:161} INFO - Started process (PID=2523) to work on /opt/airflow/dags/Proyecto_SpaceX_v1.py
[2024-05-10T06:07:37.520+0000] {processor.py:830} INFO - Processing file /opt/airflow/dags/Proyecto_SpaceX_v1.py for tasks to queue
[2024-05-10T06:07:37.522+0000] {logging_mixin.py:188} INFO - [2024-05-10T06:07:37.521+0000] {dagbag.py:545} INFO - Filling up the DagBag from /opt/airflow/dags/Proyecto_SpaceX_v1.py
[2024-05-10T06:07:38.092+0000] {logging_mixin.py:188} INFO - [2024-05-10T06:07:38.065+0000] {dagbag.py:355} ERROR - Failed to import: /opt/airflow/dags/Proyecto_SpaceX_v1.py
Traceback (most recent call last):
  File "/home/airflow/.local/lib/python3.12/site-packages/airflow/models/dagbag.py", line 351, in parse
    loader.exec_module(new_module)
  File "<frozen importlib._bootstrap_external>", line 995, in exec_module
  File "<frozen importlib._bootstrap>", line 488, in _call_with_frames_removed
  File "/opt/airflow/dags/Proyecto_SpaceX_v1.py", line 41, in <module>
    tarea_nasa >>  tarea_datos_nasa >> tarea_SpaceX >> tarea_Python >> tarea_file_sensor >> tarea_ver_csv >> tarea_enviar_mensaje
    ^^^^^^^^^^
NameError: name 'tarea_nasa' is not defined
[2024-05-10T06:07:38.102+0000] {processor.py:842} WARNING - No viable dags retrieved from /opt/airflow/dags/Proyecto_SpaceX_v1.py
[2024-05-10T06:07:38.158+0000] {processor.py:183} INFO - Processing /opt/airflow/dags/Proyecto_SpaceX_v1.py took 0.650 seconds
[2024-05-10T06:08:01.830+0000] {processor.py:161} INFO - Started process (PID=2549) to work on /opt/airflow/dags/Proyecto_SpaceX_v1.py
[2024-05-10T06:08:01.831+0000] {processor.py:830} INFO - Processing file /opt/airflow/dags/Proyecto_SpaceX_v1.py for tasks to queue
[2024-05-10T06:08:01.832+0000] {logging_mixin.py:188} INFO - [2024-05-10T06:08:01.832+0000] {dagbag.py:545} INFO - Filling up the DagBag from /opt/airflow/dags/Proyecto_SpaceX_v1.py
[2024-05-10T06:08:02.359+0000] {processor.py:840} INFO - DAG(s) 'Proyecto_SpaceX_v1' retrieved from /opt/airflow/dags/Proyecto_SpaceX_v1.py
[2024-05-10T06:08:02.421+0000] {logging_mixin.py:188} INFO - [2024-05-10T06:08:02.420+0000] {dag.py:3096} INFO - Sync 1 DAGs
[2024-05-10T06:08:02.432+0000] {logging_mixin.py:188} INFO - [2024-05-10T06:08:02.432+0000] {dag.py:3954} INFO - Setting next_dagrun for Proyecto_SpaceX_v1 to 2024-03-01 00:00:00+00:00, run_after=2024-03-02 00:00:00+00:00
[2024-05-10T06:08:02.456+0000] {processor.py:183} INFO - Processing /opt/airflow/dags/Proyecto_SpaceX_v1.py took 0.631 seconds
[2024-05-10T06:08:03.651+0000] {processor.py:161} INFO - Started process (PID=2551) to work on /opt/airflow/dags/Proyecto_SpaceX_v1.py
[2024-05-10T06:08:03.653+0000] {processor.py:830} INFO - Processing file /opt/airflow/dags/Proyecto_SpaceX_v1.py for tasks to queue
[2024-05-10T06:08:03.654+0000] {logging_mixin.py:188} INFO - [2024-05-10T06:08:03.654+0000] {dagbag.py:545} INFO - Filling up the DagBag from /opt/airflow/dags/Proyecto_SpaceX_v1.py
[2024-05-10T06:08:04.039+0000] {processor.py:840} INFO - DAG(s) 'Proyecto_SpaceX_v1' retrieved from /opt/airflow/dags/Proyecto_SpaceX_v1.py
[2024-05-10T06:08:04.048+0000] {logging_mixin.py:188} INFO - [2024-05-10T06:08:04.048+0000] {dag.py:3096} INFO - Sync 1 DAGs
[2024-05-10T06:08:04.062+0000] {logging_mixin.py:188} INFO - [2024-05-10T06:08:04.062+0000] {dag.py:3954} INFO - Setting next_dagrun for Proyecto_SpaceX_v1 to 2024-03-01 00:00:00+00:00, run_after=2024-03-02 00:00:00+00:00
[2024-05-10T06:08:04.085+0000] {processor.py:183} INFO - Processing /opt/airflow/dags/Proyecto_SpaceX_v1.py took 0.438 seconds
[2024-05-10T06:08:34.269+0000] {processor.py:161} INFO - Started process (PID=2577) to work on /opt/airflow/dags/Proyecto_SpaceX_v1.py
[2024-05-10T06:08:34.270+0000] {processor.py:830} INFO - Processing file /opt/airflow/dags/Proyecto_SpaceX_v1.py for tasks to queue
[2024-05-10T06:08:34.271+0000] {logging_mixin.py:188} INFO - [2024-05-10T06:08:34.271+0000] {dagbag.py:545} INFO - Filling up the DagBag from /opt/airflow/dags/Proyecto_SpaceX_v1.py
[2024-05-10T06:08:34.668+0000] {processor.py:840} INFO - DAG(s) 'Proyecto_SpaceX_v1' retrieved from /opt/airflow/dags/Proyecto_SpaceX_v1.py
[2024-05-10T06:08:34.684+0000] {logging_mixin.py:188} INFO - [2024-05-10T06:08:34.684+0000] {dag.py:3096} INFO - Sync 1 DAGs
[2024-05-10T06:08:34.711+0000] {processor.py:183} INFO - Processing /opt/airflow/dags/Proyecto_SpaceX_v1.py took 0.448 seconds
[2024-05-10T06:09:05.356+0000] {processor.py:161} INFO - Started process (PID=2603) to work on /opt/airflow/dags/Proyecto_SpaceX_v1.py
[2024-05-10T06:09:05.357+0000] {processor.py:830} INFO - Processing file /opt/airflow/dags/Proyecto_SpaceX_v1.py for tasks to queue
[2024-05-10T06:09:05.359+0000] {logging_mixin.py:188} INFO - [2024-05-10T06:09:05.358+0000] {dagbag.py:545} INFO - Filling up the DagBag from /opt/airflow/dags/Proyecto_SpaceX_v1.py
[2024-05-10T06:09:05.759+0000] {processor.py:840} INFO - DAG(s) 'Proyecto_SpaceX_v1' retrieved from /opt/airflow/dags/Proyecto_SpaceX_v1.py
[2024-05-10T06:09:05.773+0000] {logging_mixin.py:188} INFO - [2024-05-10T06:09:05.773+0000] {dag.py:3096} INFO - Sync 1 DAGs
[2024-05-10T06:09:05.805+0000] {processor.py:183} INFO - Processing /opt/airflow/dags/Proyecto_SpaceX_v1.py took 0.455 seconds
[2024-05-10T06:09:35.979+0000] {processor.py:161} INFO - Started process (PID=2629) to work on /opt/airflow/dags/Proyecto_SpaceX_v1.py
[2024-05-10T06:09:35.980+0000] {processor.py:830} INFO - Processing file /opt/airflow/dags/Proyecto_SpaceX_v1.py for tasks to queue
[2024-05-10T06:09:35.981+0000] {logging_mixin.py:188} INFO - [2024-05-10T06:09:35.981+0000] {dagbag.py:545} INFO - Filling up the DagBag from /opt/airflow/dags/Proyecto_SpaceX_v1.py
[2024-05-10T06:09:36.403+0000] {processor.py:840} INFO - DAG(s) 'Proyecto_SpaceX_v1' retrieved from /opt/airflow/dags/Proyecto_SpaceX_v1.py
[2024-05-10T06:09:36.420+0000] {logging_mixin.py:188} INFO - [2024-05-10T06:09:36.420+0000] {dag.py:3096} INFO - Sync 1 DAGs
[2024-05-10T06:09:36.449+0000] {processor.py:183} INFO - Processing /opt/airflow/dags/Proyecto_SpaceX_v1.py took 0.474 seconds
[2024-05-10T06:09:41.949+0000] {processor.py:161} INFO - Started process (PID=2631) to work on /opt/airflow/dags/Proyecto_SpaceX_v1.py
[2024-05-10T06:09:41.950+0000] {processor.py:830} INFO - Processing file /opt/airflow/dags/Proyecto_SpaceX_v1.py for tasks to queue
[2024-05-10T06:09:41.952+0000] {logging_mixin.py:188} INFO - [2024-05-10T06:09:41.952+0000] {dagbag.py:545} INFO - Filling up the DagBag from /opt/airflow/dags/Proyecto_SpaceX_v1.py
[2024-05-10T06:09:42.343+0000] {processor.py:840} INFO - DAG(s) 'Proyecto_SpaceX_v1' retrieved from /opt/airflow/dags/Proyecto_SpaceX_v1.py
[2024-05-10T06:09:42.404+0000] {logging_mixin.py:188} INFO - [2024-05-10T06:09:42.404+0000] {dag.py:3096} INFO - Sync 1 DAGs
[2024-05-10T06:09:42.433+0000] {processor.py:183} INFO - Processing /opt/airflow/dags/Proyecto_SpaceX_v1.py took 0.489 seconds
[2024-05-10T06:09:43.105+0000] {processor.py:161} INFO - Started process (PID=2637) to work on /opt/airflow/dags/Proyecto_SpaceX_v1.py
[2024-05-10T06:09:43.106+0000] {processor.py:830} INFO - Processing file /opt/airflow/dags/Proyecto_SpaceX_v1.py for tasks to queue
[2024-05-10T06:09:43.107+0000] {logging_mixin.py:188} INFO - [2024-05-10T06:09:43.106+0000] {dagbag.py:545} INFO - Filling up the DagBag from /opt/airflow/dags/Proyecto_SpaceX_v1.py
[2024-05-10T06:09:43.509+0000] {processor.py:840} INFO - DAG(s) 'Proyecto_SpaceX_v1' retrieved from /opt/airflow/dags/Proyecto_SpaceX_v1.py
[2024-05-10T06:09:43.518+0000] {logging_mixin.py:188} INFO - [2024-05-10T06:09:43.518+0000] {dag.py:3096} INFO - Sync 1 DAGs
[2024-05-10T06:09:43.560+0000] {processor.py:183} INFO - Processing /opt/airflow/dags/Proyecto_SpaceX_v1.py took 0.460 seconds
[2024-05-10T06:10:13.768+0000] {processor.py:161} INFO - Started process (PID=2663) to work on /opt/airflow/dags/Proyecto_SpaceX_v1.py
[2024-05-10T06:10:13.769+0000] {processor.py:830} INFO - Processing file /opt/airflow/dags/Proyecto_SpaceX_v1.py for tasks to queue
[2024-05-10T06:10:13.770+0000] {logging_mixin.py:188} INFO - [2024-05-10T06:10:13.769+0000] {dagbag.py:545} INFO - Filling up the DagBag from /opt/airflow/dags/Proyecto_SpaceX_v1.py
[2024-05-10T06:10:14.188+0000] {processor.py:840} INFO - DAG(s) 'Proyecto_SpaceX_v1' retrieved from /opt/airflow/dags/Proyecto_SpaceX_v1.py
[2024-05-10T06:10:14.201+0000] {logging_mixin.py:188} INFO - [2024-05-10T06:10:14.201+0000] {dag.py:3096} INFO - Sync 1 DAGs
[2024-05-10T06:10:14.289+0000] {processor.py:183} INFO - Processing /opt/airflow/dags/Proyecto_SpaceX_v1.py took 0.525 seconds
[2024-05-10T06:10:44.424+0000] {processor.py:161} INFO - Started process (PID=2691) to work on /opt/airflow/dags/Proyecto_SpaceX_v1.py
[2024-05-10T06:10:44.425+0000] {processor.py:830} INFO - Processing file /opt/airflow/dags/Proyecto_SpaceX_v1.py for tasks to queue
[2024-05-10T06:10:44.426+0000] {logging_mixin.py:188} INFO - [2024-05-10T06:10:44.426+0000] {dagbag.py:545} INFO - Filling up the DagBag from /opt/airflow/dags/Proyecto_SpaceX_v1.py
[2024-05-10T06:10:44.903+0000] {processor.py:840} INFO - DAG(s) 'Proyecto_SpaceX_v1' retrieved from /opt/airflow/dags/Proyecto_SpaceX_v1.py
[2024-05-10T06:10:44.918+0000] {logging_mixin.py:188} INFO - [2024-05-10T06:10:44.918+0000] {dag.py:3096} INFO - Sync 1 DAGs
[2024-05-10T06:10:44.945+0000] {processor.py:183} INFO - Processing /opt/airflow/dags/Proyecto_SpaceX_v1.py took 0.527 seconds
[2024-05-10T06:11:15.469+0000] {processor.py:161} INFO - Started process (PID=2715) to work on /opt/airflow/dags/Proyecto_SpaceX_v1.py
[2024-05-10T06:11:15.472+0000] {processor.py:830} INFO - Processing file /opt/airflow/dags/Proyecto_SpaceX_v1.py for tasks to queue
[2024-05-10T06:11:15.473+0000] {logging_mixin.py:188} INFO - [2024-05-10T06:11:15.473+0000] {dagbag.py:545} INFO - Filling up the DagBag from /opt/airflow/dags/Proyecto_SpaceX_v1.py
[2024-05-10T06:11:15.922+0000] {processor.py:840} INFO - DAG(s) 'Proyecto_SpaceX_v1' retrieved from /opt/airflow/dags/Proyecto_SpaceX_v1.py
[2024-05-10T06:11:15.938+0000] {logging_mixin.py:188} INFO - [2024-05-10T06:11:15.938+0000] {dag.py:3096} INFO - Sync 1 DAGs
[2024-05-10T06:11:15.967+0000] {processor.py:183} INFO - Processing /opt/airflow/dags/Proyecto_SpaceX_v1.py took 0.503 seconds
[2024-05-10T06:11:46.702+0000] {processor.py:161} INFO - Started process (PID=2741) to work on /opt/airflow/dags/Proyecto_SpaceX_v1.py
[2024-05-10T06:11:46.703+0000] {processor.py:830} INFO - Processing file /opt/airflow/dags/Proyecto_SpaceX_v1.py for tasks to queue
[2024-05-10T06:11:46.704+0000] {logging_mixin.py:188} INFO - [2024-05-10T06:11:46.704+0000] {dagbag.py:545} INFO - Filling up the DagBag from /opt/airflow/dags/Proyecto_SpaceX_v1.py
[2024-05-10T06:11:47.069+0000] {processor.py:840} INFO - DAG(s) 'Proyecto_SpaceX_v1' retrieved from /opt/airflow/dags/Proyecto_SpaceX_v1.py
[2024-05-10T06:11:47.084+0000] {logging_mixin.py:188} INFO - [2024-05-10T06:11:47.084+0000] {dag.py:3096} INFO - Sync 1 DAGs
[2024-05-10T06:11:47.115+0000] {processor.py:183} INFO - Processing /opt/airflow/dags/Proyecto_SpaceX_v1.py took 0.418 seconds
[2024-05-10T06:12:17.605+0000] {processor.py:161} INFO - Started process (PID=2771) to work on /opt/airflow/dags/Proyecto_SpaceX_v1.py
[2024-05-10T06:12:17.606+0000] {processor.py:830} INFO - Processing file /opt/airflow/dags/Proyecto_SpaceX_v1.py for tasks to queue
[2024-05-10T06:12:17.608+0000] {logging_mixin.py:188} INFO - [2024-05-10T06:12:17.607+0000] {dagbag.py:545} INFO - Filling up the DagBag from /opt/airflow/dags/Proyecto_SpaceX_v1.py
[2024-05-10T06:12:18.017+0000] {processor.py:840} INFO - DAG(s) 'Proyecto_SpaceX_v1' retrieved from /opt/airflow/dags/Proyecto_SpaceX_v1.py
[2024-05-10T06:12:18.034+0000] {logging_mixin.py:188} INFO - [2024-05-10T06:12:18.034+0000] {dag.py:3096} INFO - Sync 1 DAGs
[2024-05-10T06:12:18.067+0000] {processor.py:183} INFO - Processing /opt/airflow/dags/Proyecto_SpaceX_v1.py took 0.469 seconds
[2024-05-10T06:12:48.924+0000] {processor.py:161} INFO - Started process (PID=2797) to work on /opt/airflow/dags/Proyecto_SpaceX_v1.py
[2024-05-10T06:12:48.925+0000] {processor.py:830} INFO - Processing file /opt/airflow/dags/Proyecto_SpaceX_v1.py for tasks to queue
[2024-05-10T06:12:48.926+0000] {logging_mixin.py:188} INFO - [2024-05-10T06:12:48.926+0000] {dagbag.py:545} INFO - Filling up the DagBag from /opt/airflow/dags/Proyecto_SpaceX_v1.py
[2024-05-10T06:12:49.785+0000] {processor.py:840} INFO - DAG(s) 'Proyecto_SpaceX_v1' retrieved from /opt/airflow/dags/Proyecto_SpaceX_v1.py
[2024-05-10T06:12:49.803+0000] {logging_mixin.py:188} INFO - [2024-05-10T06:12:49.803+0000] {dag.py:3096} INFO - Sync 1 DAGs
[2024-05-10T06:12:49.837+0000] {processor.py:183} INFO - Processing /opt/airflow/dags/Proyecto_SpaceX_v1.py took 0.918 seconds
[2024-05-10T06:13:20.313+0000] {processor.py:161} INFO - Started process (PID=2823) to work on /opt/airflow/dags/Proyecto_SpaceX_v1.py
[2024-05-10T06:13:20.315+0000] {processor.py:830} INFO - Processing file /opt/airflow/dags/Proyecto_SpaceX_v1.py for tasks to queue
[2024-05-10T06:13:20.316+0000] {logging_mixin.py:188} INFO - [2024-05-10T06:13:20.316+0000] {dagbag.py:545} INFO - Filling up the DagBag from /opt/airflow/dags/Proyecto_SpaceX_v1.py
[2024-05-10T06:13:20.742+0000] {processor.py:840} INFO - DAG(s) 'Proyecto_SpaceX_v1' retrieved from /opt/airflow/dags/Proyecto_SpaceX_v1.py
[2024-05-10T06:13:20.758+0000] {logging_mixin.py:188} INFO - [2024-05-10T06:13:20.758+0000] {dag.py:3096} INFO - Sync 1 DAGs
[2024-05-10T06:13:20.796+0000] {processor.py:183} INFO - Processing /opt/airflow/dags/Proyecto_SpaceX_v1.py took 0.489 seconds
[2024-05-10T06:13:51.266+0000] {processor.py:161} INFO - Started process (PID=2852) to work on /opt/airflow/dags/Proyecto_SpaceX_v1.py
[2024-05-10T06:13:51.268+0000] {processor.py:830} INFO - Processing file /opt/airflow/dags/Proyecto_SpaceX_v1.py for tasks to queue
[2024-05-10T06:13:51.269+0000] {logging_mixin.py:188} INFO - [2024-05-10T06:13:51.269+0000] {dagbag.py:545} INFO - Filling up the DagBag from /opt/airflow/dags/Proyecto_SpaceX_v1.py
[2024-05-10T06:13:51.719+0000] {processor.py:840} INFO - DAG(s) 'Proyecto_SpaceX_v1' retrieved from /opt/airflow/dags/Proyecto_SpaceX_v1.py
[2024-05-10T06:13:51.738+0000] {logging_mixin.py:188} INFO - [2024-05-10T06:13:51.738+0000] {dag.py:3096} INFO - Sync 1 DAGs
[2024-05-10T06:13:51.796+0000] {processor.py:183} INFO - Processing /opt/airflow/dags/Proyecto_SpaceX_v1.py took 0.534 seconds
[2024-05-10T06:14:21.960+0000] {processor.py:161} INFO - Started process (PID=2879) to work on /opt/airflow/dags/Proyecto_SpaceX_v1.py
[2024-05-10T06:14:21.961+0000] {processor.py:830} INFO - Processing file /opt/airflow/dags/Proyecto_SpaceX_v1.py for tasks to queue
[2024-05-10T06:14:21.962+0000] {logging_mixin.py:188} INFO - [2024-05-10T06:14:21.962+0000] {dagbag.py:545} INFO - Filling up the DagBag from /opt/airflow/dags/Proyecto_SpaceX_v1.py
[2024-05-10T06:14:22.373+0000] {processor.py:840} INFO - DAG(s) 'Proyecto_SpaceX_v1' retrieved from /opt/airflow/dags/Proyecto_SpaceX_v1.py
[2024-05-10T06:14:22.392+0000] {logging_mixin.py:188} INFO - [2024-05-10T06:14:22.392+0000] {dag.py:3096} INFO - Sync 1 DAGs
[2024-05-10T06:14:22.436+0000] {processor.py:183} INFO - Processing /opt/airflow/dags/Proyecto_SpaceX_v1.py took 0.481 seconds
[2024-05-10T06:14:52.613+0000] {processor.py:161} INFO - Started process (PID=2905) to work on /opt/airflow/dags/Proyecto_SpaceX_v1.py
[2024-05-10T06:14:52.614+0000] {processor.py:830} INFO - Processing file /opt/airflow/dags/Proyecto_SpaceX_v1.py for tasks to queue
[2024-05-10T06:14:52.614+0000] {logging_mixin.py:188} INFO - [2024-05-10T06:14:52.614+0000] {dagbag.py:545} INFO - Filling up the DagBag from /opt/airflow/dags/Proyecto_SpaceX_v1.py
[2024-05-10T06:14:53.003+0000] {processor.py:840} INFO - DAG(s) 'Proyecto_SpaceX_v1' retrieved from /opt/airflow/dags/Proyecto_SpaceX_v1.py
[2024-05-10T06:14:53.018+0000] {logging_mixin.py:188} INFO - [2024-05-10T06:14:53.018+0000] {dag.py:3096} INFO - Sync 1 DAGs
[2024-05-10T06:14:53.069+0000] {processor.py:183} INFO - Processing /opt/airflow/dags/Proyecto_SpaceX_v1.py took 0.461 seconds
[2024-05-10T06:15:24.043+0000] {processor.py:161} INFO - Started process (PID=2931) to work on /opt/airflow/dags/Proyecto_SpaceX_v1.py
[2024-05-10T06:15:24.045+0000] {processor.py:830} INFO - Processing file /opt/airflow/dags/Proyecto_SpaceX_v1.py for tasks to queue
[2024-05-10T06:15:24.046+0000] {logging_mixin.py:188} INFO - [2024-05-10T06:15:24.046+0000] {dagbag.py:545} INFO - Filling up the DagBag from /opt/airflow/dags/Proyecto_SpaceX_v1.py
[2024-05-10T06:15:24.476+0000] {processor.py:840} INFO - DAG(s) 'Proyecto_SpaceX_v1' retrieved from /opt/airflow/dags/Proyecto_SpaceX_v1.py
[2024-05-10T06:15:24.489+0000] {logging_mixin.py:188} INFO - [2024-05-10T06:15:24.489+0000] {dag.py:3096} INFO - Sync 1 DAGs
[2024-05-10T06:15:24.512+0000] {logging_mixin.py:188} INFO - [2024-05-10T06:15:24.511+0000] {dag.py:3954} INFO - Setting next_dagrun for Proyecto_SpaceX_v1 to 2024-03-10 00:00:00+00:00, run_after=2024-03-11 00:00:00+00:00
[2024-05-10T06:15:24.539+0000] {processor.py:183} INFO - Processing /opt/airflow/dags/Proyecto_SpaceX_v1.py took 0.502 seconds
[2024-05-10T06:15:55.421+0000] {processor.py:161} INFO - Started process (PID=2959) to work on /opt/airflow/dags/Proyecto_SpaceX_v1.py
[2024-05-10T06:15:55.422+0000] {processor.py:830} INFO - Processing file /opt/airflow/dags/Proyecto_SpaceX_v1.py for tasks to queue
[2024-05-10T06:15:55.423+0000] {logging_mixin.py:188} INFO - [2024-05-10T06:15:55.423+0000] {dagbag.py:545} INFO - Filling up the DagBag from /opt/airflow/dags/Proyecto_SpaceX_v1.py
[2024-05-10T06:15:55.880+0000] {processor.py:840} INFO - DAG(s) 'Proyecto_SpaceX_v1' retrieved from /opt/airflow/dags/Proyecto_SpaceX_v1.py
[2024-05-10T06:15:55.896+0000] {logging_mixin.py:188} INFO - [2024-05-10T06:15:55.895+0000] {dag.py:3096} INFO - Sync 1 DAGs
[2024-05-10T06:15:55.934+0000] {processor.py:183} INFO - Processing /opt/airflow/dags/Proyecto_SpaceX_v1.py took 0.517 seconds
[2024-05-10T06:16:26.851+0000] {processor.py:161} INFO - Started process (PID=2991) to work on /opt/airflow/dags/Proyecto_SpaceX_v1.py
[2024-05-10T06:16:26.852+0000] {processor.py:830} INFO - Processing file /opt/airflow/dags/Proyecto_SpaceX_v1.py for tasks to queue
[2024-05-10T06:16:26.854+0000] {logging_mixin.py:188} INFO - [2024-05-10T06:16:26.853+0000] {dagbag.py:545} INFO - Filling up the DagBag from /opt/airflow/dags/Proyecto_SpaceX_v1.py
[2024-05-10T06:16:27.298+0000] {processor.py:840} INFO - DAG(s) 'Proyecto_SpaceX_v1' retrieved from /opt/airflow/dags/Proyecto_SpaceX_v1.py
[2024-05-10T06:16:27.313+0000] {logging_mixin.py:188} INFO - [2024-05-10T06:16:27.313+0000] {dag.py:3096} INFO - Sync 1 DAGs
[2024-05-10T06:16:27.365+0000] {processor.py:183} INFO - Processing /opt/airflow/dags/Proyecto_SpaceX_v1.py took 0.521 seconds
[2024-05-10T06:16:58.165+0000] {processor.py:161} INFO - Started process (PID=3018) to work on /opt/airflow/dags/Proyecto_SpaceX_v1.py
[2024-05-10T06:16:58.166+0000] {processor.py:830} INFO - Processing file /opt/airflow/dags/Proyecto_SpaceX_v1.py for tasks to queue
[2024-05-10T06:16:58.167+0000] {logging_mixin.py:188} INFO - [2024-05-10T06:16:58.167+0000] {dagbag.py:545} INFO - Filling up the DagBag from /opt/airflow/dags/Proyecto_SpaceX_v1.py
[2024-05-10T06:16:58.599+0000] {processor.py:840} INFO - DAG(s) 'Proyecto_SpaceX_v1' retrieved from /opt/airflow/dags/Proyecto_SpaceX_v1.py
[2024-05-10T06:16:58.616+0000] {logging_mixin.py:188} INFO - [2024-05-10T06:16:58.616+0000] {dag.py:3096} INFO - Sync 1 DAGs
[2024-05-10T06:16:58.655+0000] {processor.py:183} INFO - Processing /opt/airflow/dags/Proyecto_SpaceX_v1.py took 0.495 seconds
[2024-05-10T06:17:28.808+0000] {processor.py:161} INFO - Started process (PID=3047) to work on /opt/airflow/dags/Proyecto_SpaceX_v1.py
[2024-05-10T06:17:28.809+0000] {processor.py:830} INFO - Processing file /opt/airflow/dags/Proyecto_SpaceX_v1.py for tasks to queue
[2024-05-10T06:17:28.811+0000] {logging_mixin.py:188} INFO - [2024-05-10T06:17:28.811+0000] {dagbag.py:545} INFO - Filling up the DagBag from /opt/airflow/dags/Proyecto_SpaceX_v1.py
[2024-05-10T06:17:29.233+0000] {processor.py:840} INFO - DAG(s) 'Proyecto_SpaceX_v1' retrieved from /opt/airflow/dags/Proyecto_SpaceX_v1.py
[2024-05-10T06:17:29.249+0000] {logging_mixin.py:188} INFO - [2024-05-10T06:17:29.249+0000] {dag.py:3096} INFO - Sync 1 DAGs
[2024-05-10T06:17:29.287+0000] {processor.py:183} INFO - Processing /opt/airflow/dags/Proyecto_SpaceX_v1.py took 0.484 seconds
[2024-05-10T06:18:00.397+0000] {processor.py:161} INFO - Started process (PID=3073) to work on /opt/airflow/dags/Proyecto_SpaceX_v1.py
[2024-05-10T06:18:00.398+0000] {processor.py:830} INFO - Processing file /opt/airflow/dags/Proyecto_SpaceX_v1.py for tasks to queue
[2024-05-10T06:18:00.399+0000] {logging_mixin.py:188} INFO - [2024-05-10T06:18:00.399+0000] {dagbag.py:545} INFO - Filling up the DagBag from /opt/airflow/dags/Proyecto_SpaceX_v1.py
[2024-05-10T06:18:00.769+0000] {processor.py:840} INFO - DAG(s) 'Proyecto_SpaceX_v1' retrieved from /opt/airflow/dags/Proyecto_SpaceX_v1.py
[2024-05-10T06:18:00.781+0000] {logging_mixin.py:188} INFO - [2024-05-10T06:18:00.781+0000] {dag.py:3096} INFO - Sync 1 DAGs
[2024-05-10T06:18:00.810+0000] {processor.py:183} INFO - Processing /opt/airflow/dags/Proyecto_SpaceX_v1.py took 0.417 seconds
[2024-05-10T06:19:41.244+0000] {processor.py:161} INFO - Started process (PID=3098) to work on /opt/airflow/dags/Proyecto_SpaceX_v1.py
[2024-05-10T06:19:41.246+0000] {processor.py:830} INFO - Processing file /opt/airflow/dags/Proyecto_SpaceX_v1.py for tasks to queue
[2024-05-10T06:19:41.247+0000] {logging_mixin.py:188} INFO - [2024-05-10T06:19:41.246+0000] {dagbag.py:545} INFO - Filling up the DagBag from /opt/airflow/dags/Proyecto_SpaceX_v1.py
[2024-05-10T06:19:41.789+0000] {processor.py:840} INFO - DAG(s) 'Proyecto_SpaceX_v1' retrieved from /opt/airflow/dags/Proyecto_SpaceX_v1.py
[2024-05-10T06:19:41.803+0000] {logging_mixin.py:188} INFO - [2024-05-10T06:19:41.803+0000] {dag.py:3096} INFO - Sync 1 DAGs
[2024-05-10T06:19:41.834+0000] {processor.py:183} INFO - Processing /opt/airflow/dags/Proyecto_SpaceX_v1.py took 0.594 seconds
[2024-05-10T06:20:12.421+0000] {processor.py:161} INFO - Started process (PID=3124) to work on /opt/airflow/dags/Proyecto_SpaceX_v1.py
[2024-05-10T06:20:12.462+0000] {processor.py:830} INFO - Processing file /opt/airflow/dags/Proyecto_SpaceX_v1.py for tasks to queue
[2024-05-10T06:20:12.487+0000] {logging_mixin.py:188} INFO - [2024-05-10T06:20:12.487+0000] {dagbag.py:545} INFO - Filling up the DagBag from /opt/airflow/dags/Proyecto_SpaceX_v1.py
[2024-05-10T06:20:12.925+0000] {processor.py:840} INFO - DAG(s) 'Proyecto_SpaceX_v1' retrieved from /opt/airflow/dags/Proyecto_SpaceX_v1.py
[2024-05-10T06:20:12.943+0000] {logging_mixin.py:188} INFO - [2024-05-10T06:20:12.943+0000] {dag.py:3096} INFO - Sync 1 DAGs
[2024-05-10T06:20:13.004+0000] {processor.py:183} INFO - Processing /opt/airflow/dags/Proyecto_SpaceX_v1.py took 0.587 seconds
[2024-05-10T06:20:43.360+0000] {processor.py:161} INFO - Started process (PID=3150) to work on /opt/airflow/dags/Proyecto_SpaceX_v1.py
[2024-05-10T06:20:43.362+0000] {processor.py:830} INFO - Processing file /opt/airflow/dags/Proyecto_SpaceX_v1.py for tasks to queue
[2024-05-10T06:20:43.363+0000] {logging_mixin.py:188} INFO - [2024-05-10T06:20:43.363+0000] {dagbag.py:545} INFO - Filling up the DagBag from /opt/airflow/dags/Proyecto_SpaceX_v1.py
[2024-05-10T06:20:44.435+0000] {processor.py:840} INFO - DAG(s) 'Proyecto_SpaceX_v1' retrieved from /opt/airflow/dags/Proyecto_SpaceX_v1.py
[2024-05-10T06:20:44.449+0000] {logging_mixin.py:188} INFO - [2024-05-10T06:20:44.449+0000] {dag.py:3096} INFO - Sync 1 DAGs
[2024-05-10T06:20:44.494+0000] {processor.py:183} INFO - Processing /opt/airflow/dags/Proyecto_SpaceX_v1.py took 1.138 seconds
[2024-05-10T06:21:14.871+0000] {processor.py:161} INFO - Started process (PID=3176) to work on /opt/airflow/dags/Proyecto_SpaceX_v1.py
[2024-05-10T06:21:14.872+0000] {processor.py:830} INFO - Processing file /opt/airflow/dags/Proyecto_SpaceX_v1.py for tasks to queue
[2024-05-10T06:21:14.874+0000] {logging_mixin.py:188} INFO - [2024-05-10T06:21:14.873+0000] {dagbag.py:545} INFO - Filling up the DagBag from /opt/airflow/dags/Proyecto_SpaceX_v1.py
[2024-05-10T06:21:15.339+0000] {processor.py:840} INFO - DAG(s) 'Proyecto_SpaceX_v1' retrieved from /opt/airflow/dags/Proyecto_SpaceX_v1.py
[2024-05-10T06:21:15.355+0000] {logging_mixin.py:188} INFO - [2024-05-10T06:21:15.354+0000] {dag.py:3096} INFO - Sync 1 DAGs
[2024-05-10T06:21:15.385+0000] {processor.py:183} INFO - Processing /opt/airflow/dags/Proyecto_SpaceX_v1.py took 0.519 seconds
[2024-05-10T06:21:46.190+0000] {processor.py:161} INFO - Started process (PID=3202) to work on /opt/airflow/dags/Proyecto_SpaceX_v1.py
[2024-05-10T06:21:46.191+0000] {processor.py:830} INFO - Processing file /opt/airflow/dags/Proyecto_SpaceX_v1.py for tasks to queue
[2024-05-10T06:21:46.192+0000] {logging_mixin.py:188} INFO - [2024-05-10T06:21:46.192+0000] {dagbag.py:545} INFO - Filling up the DagBag from /opt/airflow/dags/Proyecto_SpaceX_v1.py
[2024-05-10T06:21:46.630+0000] {processor.py:840} INFO - DAG(s) 'Proyecto_SpaceX_v1' retrieved from /opt/airflow/dags/Proyecto_SpaceX_v1.py
[2024-05-10T06:21:46.653+0000] {logging_mixin.py:188} INFO - [2024-05-10T06:21:46.652+0000] {dag.py:3096} INFO - Sync 1 DAGs
[2024-05-10T06:21:46.682+0000] {processor.py:183} INFO - Processing /opt/airflow/dags/Proyecto_SpaceX_v1.py took 0.497 seconds
[2024-05-10T06:22:17.071+0000] {processor.py:161} INFO - Started process (PID=3228) to work on /opt/airflow/dags/Proyecto_SpaceX_v1.py
[2024-05-10T06:22:17.072+0000] {processor.py:830} INFO - Processing file /opt/airflow/dags/Proyecto_SpaceX_v1.py for tasks to queue
[2024-05-10T06:22:17.073+0000] {logging_mixin.py:188} INFO - [2024-05-10T06:22:17.072+0000] {dagbag.py:545} INFO - Filling up the DagBag from /opt/airflow/dags/Proyecto_SpaceX_v1.py
[2024-05-10T06:22:17.408+0000] {processor.py:840} INFO - DAG(s) 'Proyecto_SpaceX_v1' retrieved from /opt/airflow/dags/Proyecto_SpaceX_v1.py
[2024-05-10T06:22:17.422+0000] {logging_mixin.py:188} INFO - [2024-05-10T06:22:17.422+0000] {dag.py:3096} INFO - Sync 1 DAGs
[2024-05-10T06:22:17.449+0000] {processor.py:183} INFO - Processing /opt/airflow/dags/Proyecto_SpaceX_v1.py took 0.382 seconds
[2024-05-10T06:22:48.184+0000] {processor.py:161} INFO - Started process (PID=3254) to work on /opt/airflow/dags/Proyecto_SpaceX_v1.py
[2024-05-10T06:22:48.185+0000] {processor.py:830} INFO - Processing file /opt/airflow/dags/Proyecto_SpaceX_v1.py for tasks to queue
[2024-05-10T06:22:48.187+0000] {logging_mixin.py:188} INFO - [2024-05-10T06:22:48.187+0000] {dagbag.py:545} INFO - Filling up the DagBag from /opt/airflow/dags/Proyecto_SpaceX_v1.py
[2024-05-10T06:22:48.534+0000] {processor.py:840} INFO - DAG(s) 'Proyecto_SpaceX_v1' retrieved from /opt/airflow/dags/Proyecto_SpaceX_v1.py
[2024-05-10T06:22:48.548+0000] {logging_mixin.py:188} INFO - [2024-05-10T06:22:48.548+0000] {dag.py:3096} INFO - Sync 1 DAGs
[2024-05-10T06:22:48.573+0000] {processor.py:183} INFO - Processing /opt/airflow/dags/Proyecto_SpaceX_v1.py took 0.393 seconds
[2024-05-10T06:23:19.561+0000] {processor.py:161} INFO - Started process (PID=3280) to work on /opt/airflow/dags/Proyecto_SpaceX_v1.py
[2024-05-10T06:23:19.562+0000] {processor.py:830} INFO - Processing file /opt/airflow/dags/Proyecto_SpaceX_v1.py for tasks to queue
[2024-05-10T06:23:19.564+0000] {logging_mixin.py:188} INFO - [2024-05-10T06:23:19.563+0000] {dagbag.py:545} INFO - Filling up the DagBag from /opt/airflow/dags/Proyecto_SpaceX_v1.py
[2024-05-10T06:23:19.929+0000] {processor.py:840} INFO - DAG(s) 'Proyecto_SpaceX_v1' retrieved from /opt/airflow/dags/Proyecto_SpaceX_v1.py
[2024-05-10T06:23:19.942+0000] {logging_mixin.py:188} INFO - [2024-05-10T06:23:19.942+0000] {dag.py:3096} INFO - Sync 1 DAGs
[2024-05-10T06:23:19.967+0000] {processor.py:183} INFO - Processing /opt/airflow/dags/Proyecto_SpaceX_v1.py took 0.410 seconds
[2024-05-10T06:23:50.181+0000] {processor.py:161} INFO - Started process (PID=3306) to work on /opt/airflow/dags/Proyecto_SpaceX_v1.py
[2024-05-10T06:23:50.182+0000] {processor.py:830} INFO - Processing file /opt/airflow/dags/Proyecto_SpaceX_v1.py for tasks to queue
[2024-05-10T06:23:50.183+0000] {logging_mixin.py:188} INFO - [2024-05-10T06:23:50.183+0000] {dagbag.py:545} INFO - Filling up the DagBag from /opt/airflow/dags/Proyecto_SpaceX_v1.py
[2024-05-10T06:23:50.631+0000] {processor.py:840} INFO - DAG(s) 'Proyecto_SpaceX_v1' retrieved from /opt/airflow/dags/Proyecto_SpaceX_v1.py
[2024-05-10T06:23:50.644+0000] {logging_mixin.py:188} INFO - [2024-05-10T06:23:50.644+0000] {dag.py:3096} INFO - Sync 1 DAGs
[2024-05-10T06:23:50.671+0000] {processor.py:183} INFO - Processing /opt/airflow/dags/Proyecto_SpaceX_v1.py took 0.494 seconds
[2024-05-10T06:24:21.323+0000] {processor.py:161} INFO - Started process (PID=3332) to work on /opt/airflow/dags/Proyecto_SpaceX_v1.py
[2024-05-10T06:24:21.324+0000] {processor.py:830} INFO - Processing file /opt/airflow/dags/Proyecto_SpaceX_v1.py for tasks to queue
[2024-05-10T06:24:21.325+0000] {logging_mixin.py:188} INFO - [2024-05-10T06:24:21.324+0000] {dagbag.py:545} INFO - Filling up the DagBag from /opt/airflow/dags/Proyecto_SpaceX_v1.py
[2024-05-10T06:24:21.780+0000] {processor.py:840} INFO - DAG(s) 'Proyecto_SpaceX_v1' retrieved from /opt/airflow/dags/Proyecto_SpaceX_v1.py
[2024-05-10T06:24:21.801+0000] {logging_mixin.py:188} INFO - [2024-05-10T06:24:21.801+0000] {dag.py:3096} INFO - Sync 1 DAGs
[2024-05-10T06:24:21.852+0000] {processor.py:183} INFO - Processing /opt/airflow/dags/Proyecto_SpaceX_v1.py took 0.535 seconds
[2024-05-10T06:24:52.710+0000] {processor.py:161} INFO - Started process (PID=3358) to work on /opt/airflow/dags/Proyecto_SpaceX_v1.py
[2024-05-10T06:24:52.713+0000] {processor.py:830} INFO - Processing file /opt/airflow/dags/Proyecto_SpaceX_v1.py for tasks to queue
[2024-05-10T06:24:52.716+0000] {logging_mixin.py:188} INFO - [2024-05-10T06:24:52.715+0000] {dagbag.py:545} INFO - Filling up the DagBag from /opt/airflow/dags/Proyecto_SpaceX_v1.py
[2024-05-10T06:24:53.183+0000] {processor.py:840} INFO - DAG(s) 'Proyecto_SpaceX_v1' retrieved from /opt/airflow/dags/Proyecto_SpaceX_v1.py
[2024-05-10T06:24:53.199+0000] {logging_mixin.py:188} INFO - [2024-05-10T06:24:53.199+0000] {dag.py:3096} INFO - Sync 1 DAGs
[2024-05-10T06:24:53.228+0000] {processor.py:183} INFO - Processing /opt/airflow/dags/Proyecto_SpaceX_v1.py took 0.523 seconds
[2024-05-10T06:25:23.972+0000] {processor.py:161} INFO - Started process (PID=3384) to work on /opt/airflow/dags/Proyecto_SpaceX_v1.py
[2024-05-10T06:25:23.974+0000] {processor.py:830} INFO - Processing file /opt/airflow/dags/Proyecto_SpaceX_v1.py for tasks to queue
[2024-05-10T06:25:23.975+0000] {logging_mixin.py:188} INFO - [2024-05-10T06:25:23.975+0000] {dagbag.py:545} INFO - Filling up the DagBag from /opt/airflow/dags/Proyecto_SpaceX_v1.py
[2024-05-10T06:25:24.446+0000] {processor.py:840} INFO - DAG(s) 'Proyecto_SpaceX_v1' retrieved from /opt/airflow/dags/Proyecto_SpaceX_v1.py
[2024-05-10T06:25:24.462+0000] {logging_mixin.py:188} INFO - [2024-05-10T06:25:24.462+0000] {dag.py:3096} INFO - Sync 1 DAGs
[2024-05-10T06:25:24.497+0000] {processor.py:183} INFO - Processing /opt/airflow/dags/Proyecto_SpaceX_v1.py took 0.530 seconds
[2024-05-10T06:25:55.067+0000] {processor.py:161} INFO - Started process (PID=3410) to work on /opt/airflow/dags/Proyecto_SpaceX_v1.py
[2024-05-10T06:25:55.068+0000] {processor.py:830} INFO - Processing file /opt/airflow/dags/Proyecto_SpaceX_v1.py for tasks to queue
[2024-05-10T06:25:55.069+0000] {logging_mixin.py:188} INFO - [2024-05-10T06:25:55.069+0000] {dagbag.py:545} INFO - Filling up the DagBag from /opt/airflow/dags/Proyecto_SpaceX_v1.py
[2024-05-10T06:25:55.450+0000] {processor.py:840} INFO - DAG(s) 'Proyecto_SpaceX_v1' retrieved from /opt/airflow/dags/Proyecto_SpaceX_v1.py
[2024-05-10T06:25:55.467+0000] {logging_mixin.py:188} INFO - [2024-05-10T06:25:55.466+0000] {dag.py:3096} INFO - Sync 1 DAGs
[2024-05-10T06:25:55.521+0000] {processor.py:183} INFO - Processing /opt/airflow/dags/Proyecto_SpaceX_v1.py took 0.458 seconds
[2024-05-10T06:26:26.491+0000] {processor.py:161} INFO - Started process (PID=3444) to work on /opt/airflow/dags/Proyecto_SpaceX_v1.py
[2024-05-10T06:26:26.492+0000] {processor.py:830} INFO - Processing file /opt/airflow/dags/Proyecto_SpaceX_v1.py for tasks to queue
[2024-05-10T06:26:26.493+0000] {logging_mixin.py:188} INFO - [2024-05-10T06:26:26.492+0000] {dagbag.py:545} INFO - Filling up the DagBag from /opt/airflow/dags/Proyecto_SpaceX_v1.py
[2024-05-10T06:26:26.892+0000] {processor.py:840} INFO - DAG(s) 'Proyecto_SpaceX_v1' retrieved from /opt/airflow/dags/Proyecto_SpaceX_v1.py
[2024-05-10T06:26:26.908+0000] {logging_mixin.py:188} INFO - [2024-05-10T06:26:26.907+0000] {dag.py:3096} INFO - Sync 1 DAGs
[2024-05-10T06:26:26.939+0000] {processor.py:183} INFO - Processing /opt/airflow/dags/Proyecto_SpaceX_v1.py took 0.455 seconds
[2024-05-10T06:26:57.129+0000] {processor.py:161} INFO - Started process (PID=3470) to work on /opt/airflow/dags/Proyecto_SpaceX_v1.py
[2024-05-10T06:26:57.130+0000] {processor.py:830} INFO - Processing file /opt/airflow/dags/Proyecto_SpaceX_v1.py for tasks to queue
[2024-05-10T06:26:57.130+0000] {logging_mixin.py:188} INFO - [2024-05-10T06:26:57.130+0000] {dagbag.py:545} INFO - Filling up the DagBag from /opt/airflow/dags/Proyecto_SpaceX_v1.py
[2024-05-10T06:26:57.515+0000] {processor.py:840} INFO - DAG(s) 'Proyecto_SpaceX_v1' retrieved from /opt/airflow/dags/Proyecto_SpaceX_v1.py
[2024-05-10T06:26:57.529+0000] {logging_mixin.py:188} INFO - [2024-05-10T06:26:57.528+0000] {dag.py:3096} INFO - Sync 1 DAGs
[2024-05-10T06:26:57.565+0000] {processor.py:183} INFO - Processing /opt/airflow/dags/Proyecto_SpaceX_v1.py took 0.441 seconds
[2024-05-10T06:27:28.639+0000] {processor.py:161} INFO - Started process (PID=3496) to work on /opt/airflow/dags/Proyecto_SpaceX_v1.py
[2024-05-10T06:27:28.640+0000] {processor.py:830} INFO - Processing file /opt/airflow/dags/Proyecto_SpaceX_v1.py for tasks to queue
[2024-05-10T06:27:28.641+0000] {logging_mixin.py:188} INFO - [2024-05-10T06:27:28.641+0000] {dagbag.py:545} INFO - Filling up the DagBag from /opt/airflow/dags/Proyecto_SpaceX_v1.py
[2024-05-10T06:27:29.115+0000] {processor.py:840} INFO - DAG(s) 'Proyecto_SpaceX_v1' retrieved from /opt/airflow/dags/Proyecto_SpaceX_v1.py
[2024-05-10T06:27:29.130+0000] {logging_mixin.py:188} INFO - [2024-05-10T06:27:29.130+0000] {dag.py:3096} INFO - Sync 1 DAGs
[2024-05-10T06:27:29.168+0000] {processor.py:183} INFO - Processing /opt/airflow/dags/Proyecto_SpaceX_v1.py took 0.533 seconds
[2024-05-10T06:29:45.002+0000] {processor.py:161} INFO - Started process (PID=3542) to work on /opt/airflow/dags/Proyecto_SpaceX_v1.py
[2024-05-10T06:29:45.004+0000] {processor.py:830} INFO - Processing file /opt/airflow/dags/Proyecto_SpaceX_v1.py for tasks to queue
[2024-05-10T06:29:45.005+0000] {logging_mixin.py:188} INFO - [2024-05-10T06:29:45.005+0000] {dagbag.py:545} INFO - Filling up the DagBag from /opt/airflow/dags/Proyecto_SpaceX_v1.py
[2024-05-10T06:29:45.501+0000] {processor.py:840} INFO - DAG(s) 'Proyecto_SpaceX_v1' retrieved from /opt/airflow/dags/Proyecto_SpaceX_v1.py
[2024-05-10T06:29:45.566+0000] {logging_mixin.py:188} INFO - [2024-05-10T06:29:45.566+0000] {dag.py:3096} INFO - Sync 1 DAGs
[2024-05-10T06:29:45.581+0000] {logging_mixin.py:188} INFO - [2024-05-10T06:29:45.581+0000] {dag.py:3954} INFO - Setting next_dagrun for Proyecto_SpaceX_v1 to None, run_after=None
[2024-05-10T06:29:45.599+0000] {processor.py:183} INFO - Processing /opt/airflow/dags/Proyecto_SpaceX_v1.py took 0.603 seconds
[2024-05-10T06:30:16.341+0000] {processor.py:161} INFO - Started process (PID=3568) to work on /opt/airflow/dags/Proyecto_SpaceX_v1.py
[2024-05-10T06:30:16.342+0000] {processor.py:830} INFO - Processing file /opt/airflow/dags/Proyecto_SpaceX_v1.py for tasks to queue
[2024-05-10T06:30:16.344+0000] {logging_mixin.py:188} INFO - [2024-05-10T06:30:16.343+0000] {dagbag.py:545} INFO - Filling up the DagBag from /opt/airflow/dags/Proyecto_SpaceX_v1.py
[2024-05-10T06:30:16.771+0000] {processor.py:840} INFO - DAG(s) 'Proyecto_SpaceX_v1' retrieved from /opt/airflow/dags/Proyecto_SpaceX_v1.py
[2024-05-10T06:30:16.785+0000] {logging_mixin.py:188} INFO - [2024-05-10T06:30:16.785+0000] {dag.py:3096} INFO - Sync 1 DAGs
[2024-05-10T06:30:16.799+0000] {logging_mixin.py:188} INFO - [2024-05-10T06:30:16.799+0000] {dag.py:3954} INFO - Setting next_dagrun for Proyecto_SpaceX_v1 to None, run_after=None
[2024-05-10T06:30:16.812+0000] {processor.py:183} INFO - Processing /opt/airflow/dags/Proyecto_SpaceX_v1.py took 0.478 seconds
[2024-05-10T06:30:47.053+0000] {processor.py:161} INFO - Started process (PID=3595) to work on /opt/airflow/dags/Proyecto_SpaceX_v1.py
[2024-05-10T06:30:47.054+0000] {processor.py:830} INFO - Processing file /opt/airflow/dags/Proyecto_SpaceX_v1.py for tasks to queue
[2024-05-10T06:30:47.056+0000] {logging_mixin.py:188} INFO - [2024-05-10T06:30:47.055+0000] {dagbag.py:545} INFO - Filling up the DagBag from /opt/airflow/dags/Proyecto_SpaceX_v1.py
[2024-05-10T06:30:47.492+0000] {processor.py:840} INFO - DAG(s) 'Proyecto_SpaceX_v1' retrieved from /opt/airflow/dags/Proyecto_SpaceX_v1.py
[2024-05-10T06:30:47.508+0000] {logging_mixin.py:188} INFO - [2024-05-10T06:30:47.508+0000] {dag.py:3096} INFO - Sync 1 DAGs
[2024-05-10T06:30:47.524+0000] {logging_mixin.py:188} INFO - [2024-05-10T06:30:47.524+0000] {dag.py:3954} INFO - Setting next_dagrun for Proyecto_SpaceX_v1 to None, run_after=None
[2024-05-10T06:30:47.540+0000] {processor.py:183} INFO - Processing /opt/airflow/dags/Proyecto_SpaceX_v1.py took 0.493 seconds
