[2024-05-10T06:11:19.186+0000] {processor.py:161} INFO - Started process (PID=2721) to work on /opt/airflow/dags/Proyecto_SpaceX_v2.py
[2024-05-10T06:11:19.188+0000] {processor.py:830} INFO - Processing file /opt/airflow/dags/Proyecto_SpaceX_v2.py for tasks to queue
[2024-05-10T06:11:19.189+0000] {logging_mixin.py:188} INFO - [2024-05-10T06:11:19.189+0000] {dagbag.py:545} INFO - Filling up the DagBag from /opt/airflow/dags/Proyecto_SpaceX_v2.py
[2024-05-10T06:11:19.650+0000] {processor.py:840} INFO - DAG(s) 'Proyecto_SpaceX' retrieved from /opt/airflow/dags/Proyecto_SpaceX_v2.py
[2024-05-10T06:11:19.716+0000] {logging_mixin.py:188} INFO - [2024-05-10T06:11:19.716+0000] {dag.py:3096} INFO - Sync 1 DAGs
[2024-05-10T06:11:19.729+0000] {logging_mixin.py:188} INFO - [2024-05-10T06:11:19.729+0000] {dag.py:3954} INFO - Setting next_dagrun for Proyecto_SpaceX to None, run_after=None
[2024-05-10T06:11:19.766+0000] {processor.py:183} INFO - Processing /opt/airflow/dags/Proyecto_SpaceX_v2.py took 0.582 seconds
[2024-05-10T06:11:50.110+0000] {processor.py:161} INFO - Started process (PID=2747) to work on /opt/airflow/dags/Proyecto_SpaceX_v2.py
[2024-05-10T06:11:50.111+0000] {processor.py:830} INFO - Processing file /opt/airflow/dags/Proyecto_SpaceX_v2.py for tasks to queue
[2024-05-10T06:11:50.112+0000] {logging_mixin.py:188} INFO - [2024-05-10T06:11:50.112+0000] {dagbag.py:545} INFO - Filling up the DagBag from /opt/airflow/dags/Proyecto_SpaceX_v2.py
[2024-05-10T06:11:50.528+0000] {processor.py:840} INFO - DAG(s) 'Proyecto_SpaceX' retrieved from /opt/airflow/dags/Proyecto_SpaceX_v2.py
[2024-05-10T06:11:50.543+0000] {logging_mixin.py:188} INFO - [2024-05-10T06:11:50.542+0000] {dag.py:3096} INFO - Sync 1 DAGs
[2024-05-10T06:11:50.561+0000] {logging_mixin.py:188} INFO - [2024-05-10T06:11:50.560+0000] {dag.py:3954} INFO - Setting next_dagrun for Proyecto_SpaceX to None, run_after=None
[2024-05-10T06:11:50.577+0000] {processor.py:183} INFO - Processing /opt/airflow/dags/Proyecto_SpaceX_v2.py took 0.475 seconds
[2024-05-10T06:11:58.881+0000] {processor.py:161} INFO - Started process (PID=2763) to work on /opt/airflow/dags/Proyecto_SpaceX_v2.py
[2024-05-10T06:11:58.882+0000] {processor.py:830} INFO - Processing file /opt/airflow/dags/Proyecto_SpaceX_v2.py for tasks to queue
[2024-05-10T06:11:58.883+0000] {logging_mixin.py:188} INFO - [2024-05-10T06:11:58.883+0000] {dagbag.py:545} INFO - Filling up the DagBag from /opt/airflow/dags/Proyecto_SpaceX_v2.py
[2024-05-10T06:11:59.237+0000] {processor.py:840} INFO - DAG(s) 'Proyecto_SpaceX' retrieved from /opt/airflow/dags/Proyecto_SpaceX_v2.py
[2024-05-10T06:11:59.299+0000] {logging_mixin.py:188} INFO - [2024-05-10T06:11:59.299+0000] {dag.py:3096} INFO - Sync 1 DAGs
[2024-05-10T06:11:59.311+0000] {logging_mixin.py:188} INFO - [2024-05-10T06:11:59.311+0000] {dag.py:3954} INFO - Setting next_dagrun for Proyecto_SpaceX to None, run_after=None
[2024-05-10T06:11:59.379+0000] {processor.py:183} INFO - Processing /opt/airflow/dags/Proyecto_SpaceX_v2.py took 0.503 seconds
[2024-05-10T06:12:00.017+0000] {processor.py:161} INFO - Started process (PID=2765) to work on /opt/airflow/dags/Proyecto_SpaceX_v2.py
[2024-05-10T06:12:00.020+0000] {processor.py:830} INFO - Processing file /opt/airflow/dags/Proyecto_SpaceX_v2.py for tasks to queue
[2024-05-10T06:12:00.026+0000] {logging_mixin.py:188} INFO - [2024-05-10T06:12:00.025+0000] {dagbag.py:545} INFO - Filling up the DagBag from /opt/airflow/dags/Proyecto_SpaceX_v2.py
[2024-05-10T06:12:00.490+0000] {processor.py:840} INFO - DAG(s) 'Proyecto_SpaceX' retrieved from /opt/airflow/dags/Proyecto_SpaceX_v2.py
[2024-05-10T06:12:00.501+0000] {logging_mixin.py:188} INFO - [2024-05-10T06:12:00.501+0000] {dag.py:3096} INFO - Sync 1 DAGs
[2024-05-10T06:12:00.521+0000] {logging_mixin.py:188} INFO - [2024-05-10T06:12:00.520+0000] {dag.py:3954} INFO - Setting next_dagrun for Proyecto_SpaceX to None, run_after=None
[2024-05-10T06:12:00.553+0000] {processor.py:183} INFO - Processing /opt/airflow/dags/Proyecto_SpaceX_v2.py took 0.542 seconds
[2024-05-10T06:12:31.493+0000] {processor.py:161} INFO - Started process (PID=2791) to work on /opt/airflow/dags/Proyecto_SpaceX_v2.py
[2024-05-10T06:12:31.494+0000] {processor.py:830} INFO - Processing file /opt/airflow/dags/Proyecto_SpaceX_v2.py for tasks to queue
[2024-05-10T06:12:31.496+0000] {logging_mixin.py:188} INFO - [2024-05-10T06:12:31.496+0000] {dagbag.py:545} INFO - Filling up the DagBag from /opt/airflow/dags/Proyecto_SpaceX_v2.py
[2024-05-10T06:12:31.869+0000] {processor.py:840} INFO - DAG(s) 'Proyecto_SpaceX' retrieved from /opt/airflow/dags/Proyecto_SpaceX_v2.py
[2024-05-10T06:12:31.884+0000] {logging_mixin.py:188} INFO - [2024-05-10T06:12:31.884+0000] {dag.py:3096} INFO - Sync 1 DAGs
[2024-05-10T06:12:31.896+0000] {logging_mixin.py:188} INFO - [2024-05-10T06:12:31.896+0000] {dag.py:3954} INFO - Setting next_dagrun for Proyecto_SpaceX to None, run_after=None
[2024-05-10T06:12:31.914+0000] {processor.py:183} INFO - Processing /opt/airflow/dags/Proyecto_SpaceX_v2.py took 0.426 seconds
[2024-05-10T06:13:02.127+0000] {processor.py:161} INFO - Started process (PID=2817) to work on /opt/airflow/dags/Proyecto_SpaceX_v2.py
[2024-05-10T06:13:02.128+0000] {processor.py:830} INFO - Processing file /opt/airflow/dags/Proyecto_SpaceX_v2.py for tasks to queue
[2024-05-10T06:13:02.129+0000] {logging_mixin.py:188} INFO - [2024-05-10T06:13:02.129+0000] {dagbag.py:545} INFO - Filling up the DagBag from /opt/airflow/dags/Proyecto_SpaceX_v2.py
[2024-05-10T06:13:02.510+0000] {processor.py:840} INFO - DAG(s) 'Proyecto_SpaceX' retrieved from /opt/airflow/dags/Proyecto_SpaceX_v2.py
[2024-05-10T06:13:02.524+0000] {logging_mixin.py:188} INFO - [2024-05-10T06:13:02.524+0000] {dag.py:3096} INFO - Sync 1 DAGs
[2024-05-10T06:13:02.539+0000] {logging_mixin.py:188} INFO - [2024-05-10T06:13:02.538+0000] {dag.py:3954} INFO - Setting next_dagrun for Proyecto_SpaceX to None, run_after=None
[2024-05-10T06:13:02.561+0000] {processor.py:183} INFO - Processing /opt/airflow/dags/Proyecto_SpaceX_v2.py took 0.439 seconds
[2024-05-10T06:13:33.005+0000] {processor.py:161} INFO - Started process (PID=2843) to work on /opt/airflow/dags/Proyecto_SpaceX_v2.py
[2024-05-10T06:13:33.006+0000] {processor.py:830} INFO - Processing file /opt/airflow/dags/Proyecto_SpaceX_v2.py for tasks to queue
[2024-05-10T06:13:33.007+0000] {logging_mixin.py:188} INFO - [2024-05-10T06:13:33.007+0000] {dagbag.py:545} INFO - Filling up the DagBag from /opt/airflow/dags/Proyecto_SpaceX_v2.py
[2024-05-10T06:13:33.456+0000] {processor.py:840} INFO - DAG(s) 'Proyecto_SpaceX' retrieved from /opt/airflow/dags/Proyecto_SpaceX_v2.py
[2024-05-10T06:13:33.473+0000] {logging_mixin.py:188} INFO - [2024-05-10T06:13:33.473+0000] {dag.py:3096} INFO - Sync 1 DAGs
[2024-05-10T06:13:33.493+0000] {logging_mixin.py:188} INFO - [2024-05-10T06:13:33.493+0000] {dag.py:3954} INFO - Setting next_dagrun for Proyecto_SpaceX to None, run_after=None
[2024-05-10T06:13:33.511+0000] {processor.py:183} INFO - Processing /opt/airflow/dags/Proyecto_SpaceX_v2.py took 0.510 seconds
[2024-05-10T06:14:03.680+0000] {processor.py:161} INFO - Started process (PID=2869) to work on /opt/airflow/dags/Proyecto_SpaceX_v2.py
[2024-05-10T06:14:03.682+0000] {processor.py:830} INFO - Processing file /opt/airflow/dags/Proyecto_SpaceX_v2.py for tasks to queue
[2024-05-10T06:14:03.684+0000] {logging_mixin.py:188} INFO - [2024-05-10T06:14:03.684+0000] {dagbag.py:545} INFO - Filling up the DagBag from /opt/airflow/dags/Proyecto_SpaceX_v2.py
[2024-05-10T06:14:04.106+0000] {processor.py:840} INFO - DAG(s) 'Proyecto_SpaceX' retrieved from /opt/airflow/dags/Proyecto_SpaceX_v2.py
[2024-05-10T06:14:04.125+0000] {logging_mixin.py:188} INFO - [2024-05-10T06:14:04.125+0000] {dag.py:3096} INFO - Sync 1 DAGs
[2024-05-10T06:14:04.142+0000] {logging_mixin.py:188} INFO - [2024-05-10T06:14:04.142+0000] {dag.py:3954} INFO - Setting next_dagrun for Proyecto_SpaceX to None, run_after=None
[2024-05-10T06:14:04.168+0000] {processor.py:183} INFO - Processing /opt/airflow/dags/Proyecto_SpaceX_v2.py took 0.493 seconds
[2024-05-10T06:14:34.543+0000] {processor.py:161} INFO - Started process (PID=2895) to work on /opt/airflow/dags/Proyecto_SpaceX_v2.py
[2024-05-10T06:14:34.544+0000] {processor.py:830} INFO - Processing file /opt/airflow/dags/Proyecto_SpaceX_v2.py for tasks to queue
[2024-05-10T06:14:34.545+0000] {logging_mixin.py:188} INFO - [2024-05-10T06:14:34.545+0000] {dagbag.py:545} INFO - Filling up the DagBag from /opt/airflow/dags/Proyecto_SpaceX_v2.py
[2024-05-10T06:14:34.977+0000] {processor.py:840} INFO - DAG(s) 'Proyecto_SpaceX' retrieved from /opt/airflow/dags/Proyecto_SpaceX_v2.py
[2024-05-10T06:14:34.995+0000] {logging_mixin.py:188} INFO - [2024-05-10T06:14:34.995+0000] {dag.py:3096} INFO - Sync 1 DAGs
[2024-05-10T06:14:35.014+0000] {logging_mixin.py:188} INFO - [2024-05-10T06:14:35.014+0000] {dag.py:3954} INFO - Setting next_dagrun for Proyecto_SpaceX to None, run_after=None
[2024-05-10T06:14:35.032+0000] {processor.py:183} INFO - Processing /opt/airflow/dags/Proyecto_SpaceX_v2.py took 0.494 seconds
[2024-05-10T06:15:05.723+0000] {processor.py:161} INFO - Started process (PID=2921) to work on /opt/airflow/dags/Proyecto_SpaceX_v2.py
[2024-05-10T06:15:05.724+0000] {processor.py:830} INFO - Processing file /opt/airflow/dags/Proyecto_SpaceX_v2.py for tasks to queue
[2024-05-10T06:15:05.725+0000] {logging_mixin.py:188} INFO - [2024-05-10T06:15:05.725+0000] {dagbag.py:545} INFO - Filling up the DagBag from /opt/airflow/dags/Proyecto_SpaceX_v2.py
[2024-05-10T06:15:06.148+0000] {processor.py:840} INFO - DAG(s) 'Proyecto_SpaceX' retrieved from /opt/airflow/dags/Proyecto_SpaceX_v2.py
[2024-05-10T06:15:06.162+0000] {logging_mixin.py:188} INFO - [2024-05-10T06:15:06.162+0000] {dag.py:3096} INFO - Sync 1 DAGs
[2024-05-10T06:15:06.177+0000] {logging_mixin.py:188} INFO - [2024-05-10T06:15:06.176+0000] {dag.py:3954} INFO - Setting next_dagrun for Proyecto_SpaceX to None, run_after=None
[2024-05-10T06:15:06.194+0000] {processor.py:183} INFO - Processing /opt/airflow/dags/Proyecto_SpaceX_v2.py took 0.479 seconds
[2024-05-10T06:15:36.299+0000] {processor.py:161} INFO - Started process (PID=2947) to work on /opt/airflow/dags/Proyecto_SpaceX_v2.py
[2024-05-10T06:15:36.300+0000] {processor.py:830} INFO - Processing file /opt/airflow/dags/Proyecto_SpaceX_v2.py for tasks to queue
[2024-05-10T06:15:36.301+0000] {logging_mixin.py:188} INFO - [2024-05-10T06:15:36.301+0000] {dagbag.py:545} INFO - Filling up the DagBag from /opt/airflow/dags/Proyecto_SpaceX_v2.py
[2024-05-10T06:15:36.744+0000] {processor.py:840} INFO - DAG(s) 'Proyecto_SpaceX' retrieved from /opt/airflow/dags/Proyecto_SpaceX_v2.py
[2024-05-10T06:15:36.763+0000] {logging_mixin.py:188} INFO - [2024-05-10T06:15:36.762+0000] {dag.py:3096} INFO - Sync 1 DAGs
[2024-05-10T06:15:36.779+0000] {logging_mixin.py:188} INFO - [2024-05-10T06:15:36.779+0000] {dag.py:3954} INFO - Setting next_dagrun for Proyecto_SpaceX to None, run_after=None
[2024-05-10T06:15:36.836+0000] {processor.py:183} INFO - Processing /opt/airflow/dags/Proyecto_SpaceX_v2.py took 0.542 seconds
[2024-05-10T06:16:07.723+0000] {processor.py:161} INFO - Started process (PID=2973) to work on /opt/airflow/dags/Proyecto_SpaceX_v2.py
[2024-05-10T06:16:07.724+0000] {processor.py:830} INFO - Processing file /opt/airflow/dags/Proyecto_SpaceX_v2.py for tasks to queue
[2024-05-10T06:16:07.725+0000] {logging_mixin.py:188} INFO - [2024-05-10T06:16:07.725+0000] {dagbag.py:545} INFO - Filling up the DagBag from /opt/airflow/dags/Proyecto_SpaceX_v2.py
[2024-05-10T06:16:08.115+0000] {processor.py:840} INFO - DAG(s) 'Proyecto_SpaceX' retrieved from /opt/airflow/dags/Proyecto_SpaceX_v2.py
[2024-05-10T06:16:08.130+0000] {logging_mixin.py:188} INFO - [2024-05-10T06:16:08.130+0000] {dag.py:3096} INFO - Sync 1 DAGs
[2024-05-10T06:16:08.145+0000] {logging_mixin.py:188} INFO - [2024-05-10T06:16:08.145+0000] {dag.py:3954} INFO - Setting next_dagrun for Proyecto_SpaceX to None, run_after=None
[2024-05-10T06:16:08.183+0000] {processor.py:183} INFO - Processing /opt/airflow/dags/Proyecto_SpaceX_v2.py took 0.464 seconds
[2024-05-10T06:16:39.199+0000] {processor.py:161} INFO - Started process (PID=2999) to work on /opt/airflow/dags/Proyecto_SpaceX_v2.py
[2024-05-10T06:16:39.200+0000] {processor.py:830} INFO - Processing file /opt/airflow/dags/Proyecto_SpaceX_v2.py for tasks to queue
[2024-05-10T06:16:39.201+0000] {logging_mixin.py:188} INFO - [2024-05-10T06:16:39.200+0000] {dagbag.py:545} INFO - Filling up the DagBag from /opt/airflow/dags/Proyecto_SpaceX_v2.py
[2024-05-10T06:16:39.651+0000] {processor.py:840} INFO - DAG(s) 'Proyecto_SpaceX' retrieved from /opt/airflow/dags/Proyecto_SpaceX_v2.py
[2024-05-10T06:16:39.669+0000] {logging_mixin.py:188} INFO - [2024-05-10T06:16:39.668+0000] {dag.py:3096} INFO - Sync 1 DAGs
[2024-05-10T06:16:39.686+0000] {logging_mixin.py:188} INFO - [2024-05-10T06:16:39.686+0000] {dag.py:3954} INFO - Setting next_dagrun for Proyecto_SpaceX to None, run_after=None
[2024-05-10T06:16:39.708+0000] {processor.py:183} INFO - Processing /opt/airflow/dags/Proyecto_SpaceX_v2.py took 0.514 seconds
[2024-05-10T06:17:10.423+0000] {processor.py:161} INFO - Started process (PID=3025) to work on /opt/airflow/dags/Proyecto_SpaceX_v2.py
[2024-05-10T06:17:10.425+0000] {processor.py:830} INFO - Processing file /opt/airflow/dags/Proyecto_SpaceX_v2.py for tasks to queue
[2024-05-10T06:17:10.430+0000] {logging_mixin.py:188} INFO - [2024-05-10T06:17:10.430+0000] {dagbag.py:545} INFO - Filling up the DagBag from /opt/airflow/dags/Proyecto_SpaceX_v2.py
[2024-05-10T06:17:10.865+0000] {processor.py:840} INFO - DAG(s) 'Proyecto_SpaceX' retrieved from /opt/airflow/dags/Proyecto_SpaceX_v2.py
[2024-05-10T06:17:10.883+0000] {logging_mixin.py:188} INFO - [2024-05-10T06:17:10.882+0000] {dag.py:3096} INFO - Sync 1 DAGs
[2024-05-10T06:17:10.902+0000] {logging_mixin.py:188} INFO - [2024-05-10T06:17:10.902+0000] {dag.py:3954} INFO - Setting next_dagrun for Proyecto_SpaceX to None, run_after=None
[2024-05-10T06:17:10.925+0000] {processor.py:183} INFO - Processing /opt/airflow/dags/Proyecto_SpaceX_v2.py took 0.508 seconds
[2024-05-10T06:17:41.224+0000] {processor.py:161} INFO - Started process (PID=3051) to work on /opt/airflow/dags/Proyecto_SpaceX_v2.py
[2024-05-10T06:17:41.227+0000] {processor.py:830} INFO - Processing file /opt/airflow/dags/Proyecto_SpaceX_v2.py for tasks to queue
[2024-05-10T06:17:41.229+0000] {logging_mixin.py:188} INFO - [2024-05-10T06:17:41.229+0000] {dagbag.py:545} INFO - Filling up the DagBag from /opt/airflow/dags/Proyecto_SpaceX_v2.py
[2024-05-10T06:17:41.654+0000] {processor.py:840} INFO - DAG(s) 'Proyecto_SpaceX' retrieved from /opt/airflow/dags/Proyecto_SpaceX_v2.py
[2024-05-10T06:17:41.670+0000] {logging_mixin.py:188} INFO - [2024-05-10T06:17:41.670+0000] {dag.py:3096} INFO - Sync 1 DAGs
[2024-05-10T06:17:41.683+0000] {logging_mixin.py:188} INFO - [2024-05-10T06:17:41.683+0000] {dag.py:3954} INFO - Setting next_dagrun for Proyecto_SpaceX to None, run_after=None
[2024-05-10T06:17:41.707+0000] {processor.py:183} INFO - Processing /opt/airflow/dags/Proyecto_SpaceX_v2.py took 0.495 seconds
[2024-05-10T06:18:12.138+0000] {processor.py:161} INFO - Started process (PID=3077) to work on /opt/airflow/dags/Proyecto_SpaceX_v2.py
[2024-05-10T06:18:12.145+0000] {processor.py:830} INFO - Processing file /opt/airflow/dags/Proyecto_SpaceX_v2.py for tasks to queue
[2024-05-10T06:18:12.146+0000] {logging_mixin.py:188} INFO - [2024-05-10T06:18:12.146+0000] {dagbag.py:545} INFO - Filling up the DagBag from /opt/airflow/dags/Proyecto_SpaceX_v2.py
[2024-05-10T06:18:12.629+0000] {processor.py:840} INFO - DAG(s) 'Proyecto_SpaceX' retrieved from /opt/airflow/dags/Proyecto_SpaceX_v2.py
[2024-05-10T06:18:12.644+0000] {logging_mixin.py:188} INFO - [2024-05-10T06:18:12.644+0000] {dag.py:3096} INFO - Sync 1 DAGs
[2024-05-10T06:18:12.660+0000] {logging_mixin.py:188} INFO - [2024-05-10T06:18:12.660+0000] {dag.py:3954} INFO - Setting next_dagrun for Proyecto_SpaceX to None, run_after=None
[2024-05-10T06:18:12.682+0000] {processor.py:183} INFO - Processing /opt/airflow/dags/Proyecto_SpaceX_v2.py took 0.550 seconds
[2024-05-10T06:19:41.233+0000] {processor.py:161} INFO - Started process (PID=3097) to work on /opt/airflow/dags/Proyecto_SpaceX_v2.py
[2024-05-10T06:19:41.235+0000] {processor.py:830} INFO - Processing file /opt/airflow/dags/Proyecto_SpaceX_v2.py for tasks to queue
[2024-05-10T06:19:41.236+0000] {logging_mixin.py:188} INFO - [2024-05-10T06:19:41.236+0000] {dagbag.py:545} INFO - Filling up the DagBag from /opt/airflow/dags/Proyecto_SpaceX_v2.py
[2024-05-10T06:19:41.766+0000] {processor.py:840} INFO - DAG(s) 'Proyecto_SpaceX' retrieved from /opt/airflow/dags/Proyecto_SpaceX_v2.py
[2024-05-10T06:19:41.783+0000] {logging_mixin.py:188} INFO - [2024-05-10T06:19:41.783+0000] {dag.py:3096} INFO - Sync 1 DAGs
[2024-05-10T06:19:41.800+0000] {logging_mixin.py:188} INFO - [2024-05-10T06:19:41.800+0000] {dag.py:3954} INFO - Setting next_dagrun for Proyecto_SpaceX to None, run_after=None
[2024-05-10T06:19:41.820+0000] {processor.py:183} INFO - Processing /opt/airflow/dags/Proyecto_SpaceX_v2.py took 0.593 seconds
[2024-05-10T06:20:12.393+0000] {processor.py:161} INFO - Started process (PID=3123) to work on /opt/airflow/dags/Proyecto_SpaceX_v2.py
[2024-05-10T06:20:12.394+0000] {processor.py:830} INFO - Processing file /opt/airflow/dags/Proyecto_SpaceX_v2.py for tasks to queue
[2024-05-10T06:20:12.396+0000] {logging_mixin.py:188} INFO - [2024-05-10T06:20:12.395+0000] {dagbag.py:545} INFO - Filling up the DagBag from /opt/airflow/dags/Proyecto_SpaceX_v2.py
[2024-05-10T06:20:12.927+0000] {processor.py:840} INFO - DAG(s) 'Proyecto_SpaceX' retrieved from /opt/airflow/dags/Proyecto_SpaceX_v2.py
[2024-05-10T06:20:12.943+0000] {logging_mixin.py:188} INFO - [2024-05-10T06:20:12.943+0000] {dag.py:3096} INFO - Sync 1 DAGs
[2024-05-10T06:20:12.978+0000] {logging_mixin.py:188} INFO - [2024-05-10T06:20:12.978+0000] {dag.py:3954} INFO - Setting next_dagrun for Proyecto_SpaceX to None, run_after=None
[2024-05-10T06:20:13.005+0000] {processor.py:183} INFO - Processing /opt/airflow/dags/Proyecto_SpaceX_v2.py took 0.617 seconds
[2024-05-10T06:20:43.353+0000] {processor.py:161} INFO - Started process (PID=3149) to work on /opt/airflow/dags/Proyecto_SpaceX_v2.py
[2024-05-10T06:20:43.354+0000] {processor.py:830} INFO - Processing file /opt/airflow/dags/Proyecto_SpaceX_v2.py for tasks to queue
[2024-05-10T06:20:43.356+0000] {logging_mixin.py:188} INFO - [2024-05-10T06:20:43.355+0000] {dagbag.py:545} INFO - Filling up the DagBag from /opt/airflow/dags/Proyecto_SpaceX_v2.py
[2024-05-10T06:20:44.315+0000] {processor.py:840} INFO - DAG(s) 'Proyecto_SpaceX' retrieved from /opt/airflow/dags/Proyecto_SpaceX_v2.py
[2024-05-10T06:20:44.365+0000] {logging_mixin.py:188} INFO - [2024-05-10T06:20:44.365+0000] {dag.py:3096} INFO - Sync 1 DAGs
[2024-05-10T06:20:44.389+0000] {logging_mixin.py:188} INFO - [2024-05-10T06:20:44.389+0000] {dag.py:3954} INFO - Setting next_dagrun for Proyecto_SpaceX to None, run_after=None
[2024-05-10T06:20:44.415+0000] {processor.py:183} INFO - Processing /opt/airflow/dags/Proyecto_SpaceX_v2.py took 1.067 seconds
[2024-05-10T06:21:14.862+0000] {processor.py:161} INFO - Started process (PID=3175) to work on /opt/airflow/dags/Proyecto_SpaceX_v2.py
[2024-05-10T06:21:14.863+0000] {processor.py:830} INFO - Processing file /opt/airflow/dags/Proyecto_SpaceX_v2.py for tasks to queue
[2024-05-10T06:21:14.864+0000] {logging_mixin.py:188} INFO - [2024-05-10T06:21:14.864+0000] {dagbag.py:545} INFO - Filling up the DagBag from /opt/airflow/dags/Proyecto_SpaceX_v2.py
[2024-05-10T06:21:15.322+0000] {processor.py:840} INFO - DAG(s) 'Proyecto_SpaceX' retrieved from /opt/airflow/dags/Proyecto_SpaceX_v2.py
[2024-05-10T06:21:15.338+0000] {logging_mixin.py:188} INFO - [2024-05-10T06:21:15.338+0000] {dag.py:3096} INFO - Sync 1 DAGs
[2024-05-10T06:21:15.358+0000] {logging_mixin.py:188} INFO - [2024-05-10T06:21:15.358+0000] {dag.py:3954} INFO - Setting next_dagrun for Proyecto_SpaceX to None, run_after=None
[2024-05-10T06:21:15.380+0000] {processor.py:183} INFO - Processing /opt/airflow/dags/Proyecto_SpaceX_v2.py took 0.522 seconds
[2024-05-10T06:21:46.185+0000] {processor.py:161} INFO - Started process (PID=3201) to work on /opt/airflow/dags/Proyecto_SpaceX_v2.py
[2024-05-10T06:21:46.186+0000] {processor.py:830} INFO - Processing file /opt/airflow/dags/Proyecto_SpaceX_v2.py for tasks to queue
[2024-05-10T06:21:46.188+0000] {logging_mixin.py:188} INFO - [2024-05-10T06:21:46.187+0000] {dagbag.py:545} INFO - Filling up the DagBag from /opt/airflow/dags/Proyecto_SpaceX_v2.py
[2024-05-10T06:21:46.618+0000] {processor.py:840} INFO - DAG(s) 'Proyecto_SpaceX' retrieved from /opt/airflow/dags/Proyecto_SpaceX_v2.py
[2024-05-10T06:21:46.636+0000] {logging_mixin.py:188} INFO - [2024-05-10T06:21:46.635+0000] {dag.py:3096} INFO - Sync 1 DAGs
[2024-05-10T06:21:46.650+0000] {logging_mixin.py:188} INFO - [2024-05-10T06:21:46.650+0000] {dag.py:3954} INFO - Setting next_dagrun for Proyecto_SpaceX to None, run_after=None
[2024-05-10T06:21:46.669+0000] {processor.py:183} INFO - Processing /opt/airflow/dags/Proyecto_SpaceX_v2.py took 0.491 seconds
[2024-05-10T06:22:17.067+0000] {processor.py:161} INFO - Started process (PID=3227) to work on /opt/airflow/dags/Proyecto_SpaceX_v2.py
[2024-05-10T06:22:17.068+0000] {processor.py:830} INFO - Processing file /opt/airflow/dags/Proyecto_SpaceX_v2.py for tasks to queue
[2024-05-10T06:22:17.068+0000] {logging_mixin.py:188} INFO - [2024-05-10T06:22:17.068+0000] {dagbag.py:545} INFO - Filling up the DagBag from /opt/airflow/dags/Proyecto_SpaceX_v2.py
[2024-05-10T06:22:17.410+0000] {processor.py:840} INFO - DAG(s) 'Proyecto_SpaceX' retrieved from /opt/airflow/dags/Proyecto_SpaceX_v2.py
[2024-05-10T06:22:17.423+0000] {logging_mixin.py:188} INFO - [2024-05-10T06:22:17.423+0000] {dag.py:3096} INFO - Sync 1 DAGs
[2024-05-10T06:22:17.439+0000] {logging_mixin.py:188} INFO - [2024-05-10T06:22:17.439+0000] {dag.py:3954} INFO - Setting next_dagrun for Proyecto_SpaceX to None, run_after=None
[2024-05-10T06:22:17.454+0000] {processor.py:183} INFO - Processing /opt/airflow/dags/Proyecto_SpaceX_v2.py took 0.392 seconds
[2024-05-10T06:22:48.179+0000] {processor.py:161} INFO - Started process (PID=3253) to work on /opt/airflow/dags/Proyecto_SpaceX_v2.py
[2024-05-10T06:22:48.180+0000] {processor.py:830} INFO - Processing file /opt/airflow/dags/Proyecto_SpaceX_v2.py for tasks to queue
[2024-05-10T06:22:48.181+0000] {logging_mixin.py:188} INFO - [2024-05-10T06:22:48.181+0000] {dagbag.py:545} INFO - Filling up the DagBag from /opt/airflow/dags/Proyecto_SpaceX_v2.py
[2024-05-10T06:22:48.536+0000] {processor.py:840} INFO - DAG(s) 'Proyecto_SpaceX' retrieved from /opt/airflow/dags/Proyecto_SpaceX_v2.py
[2024-05-10T06:22:48.550+0000] {logging_mixin.py:188} INFO - [2024-05-10T06:22:48.550+0000] {dag.py:3096} INFO - Sync 1 DAGs
[2024-05-10T06:22:48.563+0000] {logging_mixin.py:188} INFO - [2024-05-10T06:22:48.562+0000] {dag.py:3954} INFO - Setting next_dagrun for Proyecto_SpaceX to None, run_after=None
[2024-05-10T06:22:48.576+0000] {processor.py:183} INFO - Processing /opt/airflow/dags/Proyecto_SpaceX_v2.py took 0.401 seconds
[2024-05-10T06:23:19.555+0000] {processor.py:161} INFO - Started process (PID=3279) to work on /opt/airflow/dags/Proyecto_SpaceX_v2.py
[2024-05-10T06:23:19.556+0000] {processor.py:830} INFO - Processing file /opt/airflow/dags/Proyecto_SpaceX_v2.py for tasks to queue
[2024-05-10T06:23:19.557+0000] {logging_mixin.py:188} INFO - [2024-05-10T06:23:19.557+0000] {dagbag.py:545} INFO - Filling up the DagBag from /opt/airflow/dags/Proyecto_SpaceX_v2.py
[2024-05-10T06:23:19.930+0000] {processor.py:840} INFO - DAG(s) 'Proyecto_SpaceX' retrieved from /opt/airflow/dags/Proyecto_SpaceX_v2.py
[2024-05-10T06:23:19.943+0000] {logging_mixin.py:188} INFO - [2024-05-10T06:23:19.943+0000] {dag.py:3096} INFO - Sync 1 DAGs
[2024-05-10T06:23:19.955+0000] {logging_mixin.py:188} INFO - [2024-05-10T06:23:19.955+0000] {dag.py:3954} INFO - Setting next_dagrun for Proyecto_SpaceX to None, run_after=None
[2024-05-10T06:23:19.968+0000] {processor.py:183} INFO - Processing /opt/airflow/dags/Proyecto_SpaceX_v2.py took 0.418 seconds
[2024-05-10T06:23:50.172+0000] {processor.py:161} INFO - Started process (PID=3305) to work on /opt/airflow/dags/Proyecto_SpaceX_v2.py
[2024-05-10T06:23:50.173+0000] {processor.py:830} INFO - Processing file /opt/airflow/dags/Proyecto_SpaceX_v2.py for tasks to queue
[2024-05-10T06:23:50.174+0000] {logging_mixin.py:188} INFO - [2024-05-10T06:23:50.174+0000] {dagbag.py:545} INFO - Filling up the DagBag from /opt/airflow/dags/Proyecto_SpaceX_v2.py
[2024-05-10T06:23:50.621+0000] {processor.py:840} INFO - DAG(s) 'Proyecto_SpaceX' retrieved from /opt/airflow/dags/Proyecto_SpaceX_v2.py
[2024-05-10T06:23:50.636+0000] {logging_mixin.py:188} INFO - [2024-05-10T06:23:50.636+0000] {dag.py:3096} INFO - Sync 1 DAGs
[2024-05-10T06:23:50.649+0000] {logging_mixin.py:188} INFO - [2024-05-10T06:23:50.649+0000] {dag.py:3954} INFO - Setting next_dagrun for Proyecto_SpaceX to None, run_after=None
[2024-05-10T06:23:50.664+0000] {processor.py:183} INFO - Processing /opt/airflow/dags/Proyecto_SpaceX_v2.py took 0.499 seconds
[2024-05-10T06:24:21.314+0000] {processor.py:161} INFO - Started process (PID=3331) to work on /opt/airflow/dags/Proyecto_SpaceX_v2.py
[2024-05-10T06:24:21.315+0000] {processor.py:830} INFO - Processing file /opt/airflow/dags/Proyecto_SpaceX_v2.py for tasks to queue
[2024-05-10T06:24:21.317+0000] {logging_mixin.py:188} INFO - [2024-05-10T06:24:21.316+0000] {dagbag.py:545} INFO - Filling up the DagBag from /opt/airflow/dags/Proyecto_SpaceX_v2.py
[2024-05-10T06:24:21.761+0000] {processor.py:840} INFO - DAG(s) 'Proyecto_SpaceX' retrieved from /opt/airflow/dags/Proyecto_SpaceX_v2.py
[2024-05-10T06:24:21.780+0000] {logging_mixin.py:188} INFO - [2024-05-10T06:24:21.780+0000] {dag.py:3096} INFO - Sync 1 DAGs
[2024-05-10T06:24:21.806+0000] {logging_mixin.py:188} INFO - [2024-05-10T06:24:21.806+0000] {dag.py:3954} INFO - Setting next_dagrun for Proyecto_SpaceX to None, run_after=None
[2024-05-10T06:24:21.832+0000] {processor.py:183} INFO - Processing /opt/airflow/dags/Proyecto_SpaceX_v2.py took 0.523 seconds
[2024-05-10T06:24:52.700+0000] {processor.py:161} INFO - Started process (PID=3357) to work on /opt/airflow/dags/Proyecto_SpaceX_v2.py
[2024-05-10T06:24:52.702+0000] {processor.py:830} INFO - Processing file /opt/airflow/dags/Proyecto_SpaceX_v2.py for tasks to queue
[2024-05-10T06:24:52.703+0000] {logging_mixin.py:188} INFO - [2024-05-10T06:24:52.702+0000] {dagbag.py:545} INFO - Filling up the DagBag from /opt/airflow/dags/Proyecto_SpaceX_v2.py
[2024-05-10T06:24:53.168+0000] {processor.py:840} INFO - DAG(s) 'Proyecto_SpaceX' retrieved from /opt/airflow/dags/Proyecto_SpaceX_v2.py
[2024-05-10T06:24:53.189+0000] {logging_mixin.py:188} INFO - [2024-05-10T06:24:53.189+0000] {dag.py:3096} INFO - Sync 1 DAGs
[2024-05-10T06:24:53.206+0000] {logging_mixin.py:188} INFO - [2024-05-10T06:24:53.206+0000] {dag.py:3954} INFO - Setting next_dagrun for Proyecto_SpaceX to None, run_after=None
[2024-05-10T06:24:53.228+0000] {processor.py:183} INFO - Processing /opt/airflow/dags/Proyecto_SpaceX_v2.py took 0.533 seconds
[2024-05-10T06:25:23.963+0000] {processor.py:161} INFO - Started process (PID=3383) to work on /opt/airflow/dags/Proyecto_SpaceX_v2.py
[2024-05-10T06:25:23.965+0000] {processor.py:830} INFO - Processing file /opt/airflow/dags/Proyecto_SpaceX_v2.py for tasks to queue
[2024-05-10T06:25:23.966+0000] {logging_mixin.py:188} INFO - [2024-05-10T06:25:23.966+0000] {dagbag.py:545} INFO - Filling up the DagBag from /opt/airflow/dags/Proyecto_SpaceX_v2.py
[2024-05-10T06:25:24.459+0000] {processor.py:840} INFO - DAG(s) 'Proyecto_SpaceX' retrieved from /opt/airflow/dags/Proyecto_SpaceX_v2.py
[2024-05-10T06:25:24.475+0000] {logging_mixin.py:188} INFO - [2024-05-10T06:25:24.475+0000] {dag.py:3096} INFO - Sync 1 DAGs
[2024-05-10T06:25:24.491+0000] {logging_mixin.py:188} INFO - [2024-05-10T06:25:24.490+0000] {dag.py:3954} INFO - Setting next_dagrun for Proyecto_SpaceX to None, run_after=None
[2024-05-10T06:25:24.509+0000] {processor.py:183} INFO - Processing /opt/airflow/dags/Proyecto_SpaceX_v2.py took 0.555 seconds
[2024-05-10T06:25:55.061+0000] {processor.py:161} INFO - Started process (PID=3409) to work on /opt/airflow/dags/Proyecto_SpaceX_v2.py
[2024-05-10T06:25:55.062+0000] {processor.py:830} INFO - Processing file /opt/airflow/dags/Proyecto_SpaceX_v2.py for tasks to queue
[2024-05-10T06:25:55.064+0000] {logging_mixin.py:188} INFO - [2024-05-10T06:25:55.063+0000] {dagbag.py:545} INFO - Filling up the DagBag from /opt/airflow/dags/Proyecto_SpaceX_v2.py
[2024-05-10T06:25:55.477+0000] {processor.py:840} INFO - DAG(s) 'Proyecto_SpaceX' retrieved from /opt/airflow/dags/Proyecto_SpaceX_v2.py
[2024-05-10T06:25:55.496+0000] {logging_mixin.py:188} INFO - [2024-05-10T06:25:55.496+0000] {dag.py:3096} INFO - Sync 1 DAGs
[2024-05-10T06:25:55.519+0000] {logging_mixin.py:188} INFO - [2024-05-10T06:25:55.519+0000] {dag.py:3954} INFO - Setting next_dagrun for Proyecto_SpaceX to None, run_after=None
[2024-05-10T06:25:55.539+0000] {processor.py:183} INFO - Processing /opt/airflow/dags/Proyecto_SpaceX_v2.py took 0.483 seconds
[2024-05-10T06:26:26.482+0000] {processor.py:161} INFO - Started process (PID=3443) to work on /opt/airflow/dags/Proyecto_SpaceX_v2.py
[2024-05-10T06:26:26.483+0000] {processor.py:830} INFO - Processing file /opt/airflow/dags/Proyecto_SpaceX_v2.py for tasks to queue
[2024-05-10T06:26:26.484+0000] {logging_mixin.py:188} INFO - [2024-05-10T06:26:26.484+0000] {dagbag.py:545} INFO - Filling up the DagBag from /opt/airflow/dags/Proyecto_SpaceX_v2.py
[2024-05-10T06:26:26.869+0000] {processor.py:840} INFO - DAG(s) 'Proyecto_SpaceX' retrieved from /opt/airflow/dags/Proyecto_SpaceX_v2.py
[2024-05-10T06:26:26.885+0000] {logging_mixin.py:188} INFO - [2024-05-10T06:26:26.885+0000] {dag.py:3096} INFO - Sync 1 DAGs
[2024-05-10T06:26:26.901+0000] {logging_mixin.py:188} INFO - [2024-05-10T06:26:26.901+0000] {dag.py:3954} INFO - Setting next_dagrun for Proyecto_SpaceX to None, run_after=None
[2024-05-10T06:26:26.919+0000] {processor.py:183} INFO - Processing /opt/airflow/dags/Proyecto_SpaceX_v2.py took 0.442 seconds
[2024-05-10T06:26:57.124+0000] {processor.py:161} INFO - Started process (PID=3469) to work on /opt/airflow/dags/Proyecto_SpaceX_v2.py
[2024-05-10T06:26:57.124+0000] {processor.py:830} INFO - Processing file /opt/airflow/dags/Proyecto_SpaceX_v2.py for tasks to queue
[2024-05-10T06:26:57.125+0000] {logging_mixin.py:188} INFO - [2024-05-10T06:26:57.125+0000] {dagbag.py:545} INFO - Filling up the DagBag from /opt/airflow/dags/Proyecto_SpaceX_v2.py
[2024-05-10T06:26:57.517+0000] {processor.py:840} INFO - DAG(s) 'Proyecto_SpaceX' retrieved from /opt/airflow/dags/Proyecto_SpaceX_v2.py
[2024-05-10T06:26:57.530+0000] {logging_mixin.py:188} INFO - [2024-05-10T06:26:57.530+0000] {dag.py:3096} INFO - Sync 1 DAGs
[2024-05-10T06:26:57.549+0000] {logging_mixin.py:188} INFO - [2024-05-10T06:26:57.549+0000] {dag.py:3954} INFO - Setting next_dagrun for Proyecto_SpaceX to None, run_after=None
[2024-05-10T06:26:57.567+0000] {processor.py:183} INFO - Processing /opt/airflow/dags/Proyecto_SpaceX_v2.py took 0.448 seconds
[2024-05-10T06:27:28.631+0000] {processor.py:161} INFO - Started process (PID=3495) to work on /opt/airflow/dags/Proyecto_SpaceX_v2.py
[2024-05-10T06:27:28.632+0000] {processor.py:830} INFO - Processing file /opt/airflow/dags/Proyecto_SpaceX_v2.py for tasks to queue
[2024-05-10T06:27:28.634+0000] {logging_mixin.py:188} INFO - [2024-05-10T06:27:28.634+0000] {dagbag.py:545} INFO - Filling up the DagBag from /opt/airflow/dags/Proyecto_SpaceX_v2.py
[2024-05-10T06:27:29.120+0000] {processor.py:840} INFO - DAG(s) 'Proyecto_SpaceX' retrieved from /opt/airflow/dags/Proyecto_SpaceX_v2.py
[2024-05-10T06:27:29.135+0000] {logging_mixin.py:188} INFO - [2024-05-10T06:27:29.135+0000] {dag.py:3096} INFO - Sync 1 DAGs
[2024-05-10T06:27:29.154+0000] {logging_mixin.py:188} INFO - [2024-05-10T06:27:29.154+0000] {dag.py:3954} INFO - Setting next_dagrun for Proyecto_SpaceX to None, run_after=None
[2024-05-10T06:27:29.172+0000] {processor.py:183} INFO - Processing /opt/airflow/dags/Proyecto_SpaceX_v2.py took 0.547 seconds
[2024-05-10T06:29:44.747+0000] {processor.py:161} INFO - Started process (PID=3540) to work on /opt/airflow/dags/Proyecto_SpaceX_v2.py
[2024-05-10T06:29:44.749+0000] {processor.py:830} INFO - Processing file /opt/airflow/dags/Proyecto_SpaceX_v2.py for tasks to queue
[2024-05-10T06:29:44.751+0000] {logging_mixin.py:188} INFO - [2024-05-10T06:29:44.750+0000] {dagbag.py:545} INFO - Filling up the DagBag from /opt/airflow/dags/Proyecto_SpaceX_v2.py
[2024-05-10T06:29:45.174+0000] {processor.py:840} INFO - DAG(s) 'Proyecto_SpaceX' retrieved from /opt/airflow/dags/Proyecto_SpaceX_v2.py
[2024-05-10T06:29:45.259+0000] {logging_mixin.py:188} INFO - [2024-05-10T06:29:45.259+0000] {dag.py:3096} INFO - Sync 1 DAGs
[2024-05-10T06:29:45.281+0000] {logging_mixin.py:188} INFO - [2024-05-10T06:29:45.280+0000] {dag.py:3954} INFO - Setting next_dagrun for Proyecto_SpaceX to None, run_after=None
[2024-05-10T06:29:45.315+0000] {processor.py:183} INFO - Processing /opt/airflow/dags/Proyecto_SpaceX_v2.py took 0.573 seconds
[2024-05-10T06:30:15.464+0000] {processor.py:161} INFO - Started process (PID=3566) to work on /opt/airflow/dags/Proyecto_SpaceX_v2.py
[2024-05-10T06:30:15.467+0000] {processor.py:830} INFO - Processing file /opt/airflow/dags/Proyecto_SpaceX_v2.py for tasks to queue
[2024-05-10T06:30:15.469+0000] {logging_mixin.py:188} INFO - [2024-05-10T06:30:15.469+0000] {dagbag.py:545} INFO - Filling up the DagBag from /opt/airflow/dags/Proyecto_SpaceX_v2.py
[2024-05-10T06:30:15.990+0000] {processor.py:840} INFO - DAG(s) 'Proyecto_SpaceX' retrieved from /opt/airflow/dags/Proyecto_SpaceX_v2.py
[2024-05-10T06:30:16.008+0000] {logging_mixin.py:188} INFO - [2024-05-10T06:30:16.008+0000] {dag.py:3096} INFO - Sync 1 DAGs
[2024-05-10T06:30:16.023+0000] {logging_mixin.py:188} INFO - [2024-05-10T06:30:16.023+0000] {dag.py:3954} INFO - Setting next_dagrun for Proyecto_SpaceX to None, run_after=None
[2024-05-10T06:30:16.038+0000] {processor.py:183} INFO - Processing /opt/airflow/dags/Proyecto_SpaceX_v2.py took 0.581 seconds
[2024-05-10T06:30:46.725+0000] {processor.py:161} INFO - Started process (PID=3591) to work on /opt/airflow/dags/Proyecto_SpaceX_v2.py
[2024-05-10T06:30:46.727+0000] {processor.py:830} INFO - Processing file /opt/airflow/dags/Proyecto_SpaceX_v2.py for tasks to queue
[2024-05-10T06:30:46.728+0000] {logging_mixin.py:188} INFO - [2024-05-10T06:30:46.727+0000] {dagbag.py:545} INFO - Filling up the DagBag from /opt/airflow/dags/Proyecto_SpaceX_v2.py
[2024-05-10T06:30:47.124+0000] {processor.py:840} INFO - DAG(s) 'Proyecto_SpaceX' retrieved from /opt/airflow/dags/Proyecto_SpaceX_v2.py
[2024-05-10T06:30:47.140+0000] {logging_mixin.py:188} INFO - [2024-05-10T06:30:47.140+0000] {dag.py:3096} INFO - Sync 1 DAGs
[2024-05-10T06:30:47.156+0000] {logging_mixin.py:188} INFO - [2024-05-10T06:30:47.156+0000] {dag.py:3954} INFO - Setting next_dagrun for Proyecto_SpaceX to None, run_after=None
[2024-05-10T06:30:47.174+0000] {processor.py:183} INFO - Processing /opt/airflow/dags/Proyecto_SpaceX_v2.py took 0.453 seconds
