[2024-05-10T06:27:26.172+0000] {local_task_job_runner.py:120} INFO - ::group::Pre task execution logs
[2024-05-10T06:27:26.306+0000] {taskinstance.py:2076} INFO - Dependencies all met for dep_context=non-requeueable deps ti=<TaskInstance: Proyecto_SpaceX_v1.Confirmacion_NASA scheduled__2024-04-01T00:00:00+00:00 [queued]>
[2024-05-10T06:27:26.312+0000] {taskinstance.py:2076} INFO - Dependencies all met for dep_context=requeueable deps ti=<TaskInstance: Proyecto_SpaceX_v1.Confirmacion_NASA scheduled__2024-04-01T00:00:00+00:00 [queued]>
[2024-05-10T06:27:26.314+0000] {taskinstance.py:2306} INFO - Starting attempt 1 of 3
[2024-05-10T06:27:26.328+0000] {taskinstance.py:2330} INFO - Executing <Task(BashOperator): Confirmacion_NASA> on 2024-04-01 00:00:00+00:00
[2024-05-10T06:27:26.336+0000] {warnings.py:110} WARNING - /home/***/.local/lib/python3.12/site-packages/***/task/task_runner/standard_task_runner.py:61: DeprecationWarning: This process (pid=2368) is multi-threaded, use of fork() may lead to deadlocks in the child.
  pid = os.fork()

[2024-05-10T06:27:26.337+0000] {standard_task_runner.py:90} INFO - Running: ['***', 'tasks', 'run', 'Proyecto_SpaceX_v1', 'Confirmacion_NASA', 'scheduled__2024-04-01T00:00:00+00:00', '--job-id', '1344', '--raw', '--subdir', 'DAGS_FOLDER/Proyecto_SpaceX_v1.py', '--cfg-path', '/tmp/tmpueg6w652']
[2024-05-10T06:27:26.339+0000] {standard_task_runner.py:63} INFO - Started process 2370 to run task
[2024-05-10T06:27:26.340+0000] {standard_task_runner.py:91} INFO - Job 1344: Subtask Confirmacion_NASA
[2024-05-10T06:27:26.435+0000] {task_command.py:426} INFO - Running <TaskInstance: Proyecto_SpaceX_v1.Confirmacion_NASA scheduled__2024-04-01T00:00:00+00:00 [running]> on host 1b7f0b10dd99
[2024-05-10T06:27:26.519+0000] {taskinstance.py:2648} INFO - Exporting env vars: AIRFLOW_CTX_DAG_OWNER='***' AIRFLOW_CTX_DAG_ID='Proyecto_SpaceX_v1' AIRFLOW_CTX_TASK_ID='Confirmacion_NASA' AIRFLOW_CTX_EXECUTION_DATE='2024-04-01T00:00:00+00:00' AIRFLOW_CTX_TRY_NUMBER='1' AIRFLOW_CTX_DAG_RUN_ID='scheduled__2024-04-01T00:00:00+00:00'
[2024-05-10T06:27:26.520+0000] {taskinstance.py:430} INFO - ::endgroup::
[2024-05-10T06:27:26.530+0000] {subprocess.py:63} INFO - Tmp dir root location: /tmp
[2024-05-10T06:27:26.531+0000] {subprocess.py:75} INFO - Running command: ['/usr/bin/bash', '-c', "sleep 20 && echo 'Confirmación, puede proceder' > /tmp/response_20240401.txt"]
[2024-05-10T06:27:26.541+0000] {subprocess.py:86} INFO - Output:
[2024-05-10T06:27:46.544+0000] {subprocess.py:97} INFO - Command exited with return code 0
[2024-05-10T06:27:46.548+0000] {taskinstance.py:441} INFO - ::group::Post task execution logs
[2024-05-10T06:27:46.584+0000] {taskinstance.py:1206} INFO - Marking task as SUCCESS. dag_id=Proyecto_SpaceX_v1, task_id=Confirmacion_NASA, run_id=scheduled__2024-04-01T00:00:00+00:00, execution_date=20240401T000000, start_date=20240510T062726, end_date=20240510T062746
[2024-05-10T06:27:46.606+0000] {local_task_job_runner.py:240} INFO - Task exited with return code 0
[2024-05-10T06:27:46.626+0000] {taskinstance.py:3498} INFO - 1 downstream tasks scheduled from follow-on schedule check
[2024-05-10T06:27:46.634+0000] {local_task_job_runner.py:222} INFO - ::endgroup::
