[2024-05-07T23:41:29.493+0000] {local_task_job_runner.py:120} INFO - ::group::Pre task execution logs
[2024-05-07T23:41:29.524+0000] {taskinstance.py:2076} INFO - Dependencies all met for dep_context=non-requeueable deps ti=<TaskInstance: 5.1_orquestacion.tarea2 scheduled__2024-03-12T00:00:00+00:00 [queued]>
[2024-05-07T23:41:29.537+0000] {taskinstance.py:2076} INFO - Dependencies all met for dep_context=requeueable deps ti=<TaskInstance: 5.1_orquestacion.tarea2 scheduled__2024-03-12T00:00:00+00:00 [queued]>
[2024-05-07T23:41:29.538+0000] {taskinstance.py:2306} INFO - Starting attempt 1 of 1
[2024-05-07T23:41:29.559+0000] {taskinstance.py:2330} INFO - Executing <Task(BashOperator): tarea2> on 2024-03-12 00:00:00+00:00
[2024-05-07T23:41:29.566+0000] {warnings.py:110} WARNING - /home/***/.local/lib/python3.12/site-packages/***/task/task_runner/standard_task_runner.py:61: DeprecationWarning: This process (pid=2952) is multi-threaded, use of fork() may lead to deadlocks in the child.
  pid = os.fork()

[2024-05-07T23:41:29.568+0000] {standard_task_runner.py:63} INFO - Started process 2958 to run task
[2024-05-07T23:41:29.568+0000] {standard_task_runner.py:90} INFO - Running: ['***', 'tasks', 'run', '5.1_orquestacion', 'tarea2', 'scheduled__2024-03-12T00:00:00+00:00', '--job-id', '103', '--raw', '--subdir', 'DAGS_FOLDER/051_orquestacion.py', '--cfg-path', '/tmp/tmpp5lp5ez7']
[2024-05-07T23:41:29.570+0000] {standard_task_runner.py:91} INFO - Job 103: Subtask tarea2
[2024-05-07T23:41:29.620+0000] {task_command.py:426} INFO - Running <TaskInstance: 5.1_orquestacion.tarea2 scheduled__2024-03-12T00:00:00+00:00 [running]> on host 521bf890d837
[2024-05-07T23:41:29.714+0000] {taskinstance.py:2648} INFO - Exporting env vars: AIRFLOW_CTX_DAG_OWNER='***' AIRFLOW_CTX_DAG_ID='5.1_orquestacion' AIRFLOW_CTX_TASK_ID='tarea2' AIRFLOW_CTX_EXECUTION_DATE='2024-03-12T00:00:00+00:00' AIRFLOW_CTX_TRY_NUMBER='1' AIRFLOW_CTX_DAG_RUN_ID='scheduled__2024-03-12T00:00:00+00:00'
[2024-05-07T23:41:29.715+0000] {taskinstance.py:430} INFO - ::endgroup::
[2024-05-07T23:41:29.729+0000] {subprocess.py:63} INFO - Tmp dir root location: /tmp
[2024-05-07T23:41:29.730+0000] {subprocess.py:75} INFO - Running command: ['/usr/bin/bash', '-c', "sleep 2 && echo 'Tarea 2'"]
[2024-05-07T23:41:29.739+0000] {subprocess.py:86} INFO - Output:
[2024-05-07T23:41:31.742+0000] {subprocess.py:93} INFO - Tarea 2
[2024-05-07T23:41:31.743+0000] {subprocess.py:97} INFO - Command exited with return code 0
[2024-05-07T23:41:31.751+0000] {taskinstance.py:441} INFO - ::group::Post task execution logs
[2024-05-07T23:41:31.892+0000] {taskinstance.py:1206} INFO - Marking task as SUCCESS. dag_id=5.1_orquestacion, task_id=tarea2, run_id=scheduled__2024-03-12T00:00:00+00:00, execution_date=20240312T000000, start_date=20240507T234129, end_date=20240507T234131
[2024-05-07T23:41:32.276+0000] {local_task_job_runner.py:240} INFO - Task exited with return code 0
[2024-05-07T23:41:32.306+0000] {taskinstance.py:3498} INFO - 2 downstream tasks scheduled from follow-on schedule check
[2024-05-07T23:41:32.309+0000] {local_task_job_runner.py:222} INFO - ::endgroup::
[2024-05-07T23:47:25.585+0000] {local_task_job_runner.py:120} INFO - ::group::Pre task execution logs
[2024-05-07T23:47:25.614+0000] {taskinstance.py:2076} INFO - Dependencies all met for dep_context=non-requeueable deps ti=<TaskInstance: 5.1_orquestacion.tarea2 scheduled__2024-03-12T00:00:00+00:00 [queued]>
[2024-05-07T23:47:25.624+0000] {taskinstance.py:2076} INFO - Dependencies all met for dep_context=requeueable deps ti=<TaskInstance: 5.1_orquestacion.tarea2 scheduled__2024-03-12T00:00:00+00:00 [queued]>
[2024-05-07T23:47:25.628+0000] {taskinstance.py:2306} INFO - Starting attempt 1 of 1
[2024-05-07T23:47:25.650+0000] {taskinstance.py:2330} INFO - Executing <Task(BashOperator): tarea2> on 2024-03-12 00:00:00+00:00
[2024-05-07T23:47:25.658+0000] {warnings.py:110} WARNING - /home/***/.local/lib/python3.12/site-packages/***/task/task_runner/standard_task_runner.py:61: DeprecationWarning: This process (pid=3548) is multi-threaded, use of fork() may lead to deadlocks in the child.
  pid = os.fork()

[2024-05-07T23:47:25.660+0000] {standard_task_runner.py:90} INFO - Running: ['***', 'tasks', 'run', '5.1_orquestacion', 'tarea2', 'scheduled__2024-03-12T00:00:00+00:00', '--job-id', '230', '--raw', '--subdir', 'DAGS_FOLDER/051_orquestacion.py', '--cfg-path', '/tmp/tmpn6p4w057']
[2024-05-07T23:47:25.667+0000] {standard_task_runner.py:63} INFO - Started process 3549 to run task
[2024-05-07T23:47:25.682+0000] {standard_task_runner.py:91} INFO - Job 230: Subtask tarea2
[2024-05-07T23:47:25.733+0000] {task_command.py:426} INFO - Running <TaskInstance: 5.1_orquestacion.tarea2 scheduled__2024-03-12T00:00:00+00:00 [running]> on host 521bf890d837
[2024-05-07T23:47:25.815+0000] {taskinstance.py:2648} INFO - Exporting env vars: AIRFLOW_CTX_DAG_OWNER='***' AIRFLOW_CTX_DAG_ID='5.1_orquestacion' AIRFLOW_CTX_TASK_ID='tarea2' AIRFLOW_CTX_EXECUTION_DATE='2024-03-12T00:00:00+00:00' AIRFLOW_CTX_TRY_NUMBER='1' AIRFLOW_CTX_DAG_RUN_ID='scheduled__2024-03-12T00:00:00+00:00'
[2024-05-07T23:47:25.823+0000] {taskinstance.py:430} INFO - ::endgroup::
[2024-05-07T23:47:25.835+0000] {subprocess.py:63} INFO - Tmp dir root location: /tmp
[2024-05-07T23:47:25.838+0000] {subprocess.py:75} INFO - Running command: ['/usr/bin/bash', '-c', "sleep 2 && echo 'Tarea 2'"]
[2024-05-07T23:47:25.847+0000] {subprocess.py:86} INFO - Output:
[2024-05-07T23:47:27.850+0000] {subprocess.py:93} INFO - Tarea 2
[2024-05-07T23:47:27.853+0000] {subprocess.py:97} INFO - Command exited with return code 0
[2024-05-07T23:47:27.860+0000] {taskinstance.py:441} INFO - ::group::Post task execution logs
[2024-05-07T23:47:27.881+0000] {taskinstance.py:1206} INFO - Marking task as SUCCESS. dag_id=5.1_orquestacion, task_id=tarea2, run_id=scheduled__2024-03-12T00:00:00+00:00, execution_date=20240312T000000, start_date=20240507T234725, end_date=20240507T234727
[2024-05-07T23:47:27.912+0000] {local_task_job_runner.py:240} INFO - Task exited with return code 0
[2024-05-07T23:47:27.947+0000] {taskinstance.py:3498} INFO - 2 downstream tasks scheduled from follow-on schedule check
[2024-05-07T23:47:27.959+0000] {local_task_job_runner.py:222} INFO - ::endgroup::
