[2024-05-07T23:42:20.339+0000] {local_task_job_runner.py:120} INFO - ::group::Pre task execution logs
[2024-05-07T23:42:20.367+0000] {taskinstance.py:2076} INFO - Dependencies all met for dep_context=non-requeueable deps ti=<TaskInstance: 5.1_orquestacion.tarea2 scheduled__2024-03-26T00:00:00+00:00 [queued]>
[2024-05-07T23:42:20.377+0000] {taskinstance.py:2076} INFO - Dependencies all met for dep_context=requeueable deps ti=<TaskInstance: 5.1_orquestacion.tarea2 scheduled__2024-03-26T00:00:00+00:00 [queued]>
[2024-05-07T23:42:20.378+0000] {taskinstance.py:2306} INFO - Starting attempt 1 of 1
[2024-05-07T23:42:20.394+0000] {taskinstance.py:2330} INFO - Executing <Task(BashOperator): tarea2> on 2024-03-26 00:00:00+00:00
[2024-05-07T23:42:20.400+0000] {warnings.py:110} WARNING - /home/***/.local/lib/python3.12/site-packages/***/task/task_runner/standard_task_runner.py:61: DeprecationWarning: This process (pid=3191) is multi-threaded, use of fork() may lead to deadlocks in the child.
  pid = os.fork()

[2024-05-07T23:42:20.401+0000] {standard_task_runner.py:63} INFO - Started process 3195 to run task
[2024-05-07T23:42:20.402+0000] {standard_task_runner.py:90} INFO - Running: ['***', 'tasks', 'run', '5.1_orquestacion', 'tarea2', 'scheduled__2024-03-26T00:00:00+00:00', '--job-id', '156', '--raw', '--subdir', 'DAGS_FOLDER/051_orquestacion.py', '--cfg-path', '/tmp/tmp_z_2ak5n']
[2024-05-07T23:42:20.403+0000] {standard_task_runner.py:91} INFO - Job 156: Subtask tarea2
[2024-05-07T23:42:20.447+0000] {task_command.py:426} INFO - Running <TaskInstance: 5.1_orquestacion.tarea2 scheduled__2024-03-26T00:00:00+00:00 [running]> on host 521bf890d837
[2024-05-07T23:42:20.584+0000] {taskinstance.py:2648} INFO - Exporting env vars: AIRFLOW_CTX_DAG_OWNER='***' AIRFLOW_CTX_DAG_ID='5.1_orquestacion' AIRFLOW_CTX_TASK_ID='tarea2' AIRFLOW_CTX_EXECUTION_DATE='2024-03-26T00:00:00+00:00' AIRFLOW_CTX_TRY_NUMBER='1' AIRFLOW_CTX_DAG_RUN_ID='scheduled__2024-03-26T00:00:00+00:00'
[2024-05-07T23:42:20.591+0000] {taskinstance.py:430} INFO - ::endgroup::
[2024-05-07T23:42:20.616+0000] {subprocess.py:63} INFO - Tmp dir root location: /tmp
[2024-05-07T23:42:20.617+0000] {subprocess.py:75} INFO - Running command: ['/usr/bin/bash', '-c', "sleep 2 && echo 'Tarea 2'"]
[2024-05-07T23:42:20.627+0000] {subprocess.py:86} INFO - Output:
[2024-05-07T23:42:22.631+0000] {subprocess.py:93} INFO - Tarea 2
[2024-05-07T23:42:22.632+0000] {subprocess.py:97} INFO - Command exited with return code 0
[2024-05-07T23:42:22.633+0000] {taskinstance.py:441} INFO - ::group::Post task execution logs
[2024-05-07T23:42:22.690+0000] {taskinstance.py:1206} INFO - Marking task as SUCCESS. dag_id=5.1_orquestacion, task_id=tarea2, run_id=scheduled__2024-03-26T00:00:00+00:00, execution_date=20240326T000000, start_date=20240507T234220, end_date=20240507T234222
[2024-05-07T23:42:22.747+0000] {local_task_job_runner.py:240} INFO - Task exited with return code 0
[2024-05-07T23:42:22.808+0000] {taskinstance.py:3498} INFO - 2 downstream tasks scheduled from follow-on schedule check
[2024-05-07T23:42:22.812+0000] {local_task_job_runner.py:222} INFO - ::endgroup::
[2024-05-07T23:50:00.033+0000] {local_task_job_runner.py:120} INFO - ::group::Pre task execution logs
[2024-05-07T23:50:00.054+0000] {taskinstance.py:2076} INFO - Dependencies all met for dep_context=non-requeueable deps ti=<TaskInstance: 5.1_orquestacion.tarea2 scheduled__2024-03-26T00:00:00+00:00 [queued]>
[2024-05-07T23:50:00.063+0000] {taskinstance.py:2076} INFO - Dependencies all met for dep_context=requeueable deps ti=<TaskInstance: 5.1_orquestacion.tarea2 scheduled__2024-03-26T00:00:00+00:00 [queued]>
[2024-05-07T23:50:00.067+0000] {taskinstance.py:2306} INFO - Starting attempt 1 of 1
[2024-05-07T23:50:00.079+0000] {taskinstance.py:2330} INFO - Executing <Task(BashOperator): tarea2> on 2024-03-26 00:00:00+00:00
[2024-05-07T23:50:00.088+0000] {warnings.py:110} WARNING - /home/***/.local/lib/python3.12/site-packages/***/task/task_runner/standard_task_runner.py:61: DeprecationWarning: This process (pid=3807) is multi-threaded, use of fork() may lead to deadlocks in the child.
  pid = os.fork()

[2024-05-07T23:50:00.089+0000] {standard_task_runner.py:90} INFO - Running: ['***', 'tasks', 'run', '5.1_orquestacion', 'tarea2', 'scheduled__2024-03-26T00:00:00+00:00', '--job-id', '286', '--raw', '--subdir', 'DAGS_FOLDER/051_orquestacion.py', '--cfg-path', '/tmp/tmprz3cqdsn']
[2024-05-07T23:50:00.090+0000] {standard_task_runner.py:63} INFO - Started process 3808 to run task
[2024-05-07T23:50:00.097+0000] {standard_task_runner.py:91} INFO - Job 286: Subtask tarea2
[2024-05-07T23:50:00.162+0000] {task_command.py:426} INFO - Running <TaskInstance: 5.1_orquestacion.tarea2 scheduled__2024-03-26T00:00:00+00:00 [running]> on host 521bf890d837
[2024-05-07T23:50:00.228+0000] {taskinstance.py:2648} INFO - Exporting env vars: AIRFLOW_CTX_DAG_OWNER='***' AIRFLOW_CTX_DAG_ID='5.1_orquestacion' AIRFLOW_CTX_TASK_ID='tarea2' AIRFLOW_CTX_EXECUTION_DATE='2024-03-26T00:00:00+00:00' AIRFLOW_CTX_TRY_NUMBER='1' AIRFLOW_CTX_DAG_RUN_ID='scheduled__2024-03-26T00:00:00+00:00'
[2024-05-07T23:50:00.231+0000] {taskinstance.py:430} INFO - ::endgroup::
[2024-05-07T23:50:00.243+0000] {subprocess.py:63} INFO - Tmp dir root location: /tmp
[2024-05-07T23:50:00.251+0000] {subprocess.py:75} INFO - Running command: ['/usr/bin/bash', '-c', "sleep 2 && echo 'Tarea 2'"]
[2024-05-07T23:50:00.262+0000] {subprocess.py:86} INFO - Output:
[2024-05-07T23:50:02.265+0000] {subprocess.py:93} INFO - Tarea 2
[2024-05-07T23:50:02.269+0000] {subprocess.py:97} INFO - Command exited with return code 0
[2024-05-07T23:50:02.272+0000] {taskinstance.py:441} INFO - ::group::Post task execution logs
[2024-05-07T23:50:02.296+0000] {taskinstance.py:1206} INFO - Marking task as SUCCESS. dag_id=5.1_orquestacion, task_id=tarea2, run_id=scheduled__2024-03-26T00:00:00+00:00, execution_date=20240326T000000, start_date=20240507T235000, end_date=20240507T235002
[2024-05-07T23:50:02.321+0000] {local_task_job_runner.py:240} INFO - Task exited with return code 0
[2024-05-07T23:50:02.354+0000] {taskinstance.py:3498} INFO - 2 downstream tasks scheduled from follow-on schedule check
[2024-05-07T23:50:02.366+0000] {local_task_job_runner.py:222} INFO - ::endgroup::
