[2024-05-07T23:42:28.184+0000] {local_task_job_runner.py:120} INFO - ::group::Pre task execution logs
[2024-05-07T23:42:28.208+0000] {taskinstance.py:2076} INFO - Dependencies all met for dep_context=non-requeueable deps ti=<TaskInstance: 5.1_orquestacion.tarea2 scheduled__2024-03-28T00:00:00+00:00 [queued]>
[2024-05-07T23:42:28.218+0000] {taskinstance.py:2076} INFO - Dependencies all met for dep_context=requeueable deps ti=<TaskInstance: 5.1_orquestacion.tarea2 scheduled__2024-03-28T00:00:00+00:00 [queued]>
[2024-05-07T23:42:28.220+0000] {taskinstance.py:2306} INFO - Starting attempt 1 of 1
[2024-05-07T23:42:28.234+0000] {taskinstance.py:2330} INFO - Executing <Task(BashOperator): tarea2> on 2024-03-28 00:00:00+00:00
[2024-05-07T23:42:28.240+0000] {warnings.py:110} WARNING - /home/***/.local/lib/python3.12/site-packages/***/task/task_runner/standard_task_runner.py:61: DeprecationWarning: This process (pid=3221) is multi-threaded, use of fork() may lead to deadlocks in the child.
  pid = os.fork()

[2024-05-07T23:42:28.241+0000] {standard_task_runner.py:90} INFO - Running: ['***', 'tasks', 'run', '5.1_orquestacion', 'tarea2', 'scheduled__2024-03-28T00:00:00+00:00', '--job-id', '167', '--raw', '--subdir', 'DAGS_FOLDER/051_orquestacion.py', '--cfg-path', '/tmp/tmp3vn5m1hw']
[2024-05-07T23:42:28.241+0000] {standard_task_runner.py:63} INFO - Started process 3227 to run task
[2024-05-07T23:42:28.243+0000] {standard_task_runner.py:91} INFO - Job 167: Subtask tarea2
[2024-05-07T23:42:28.344+0000] {task_command.py:426} INFO - Running <TaskInstance: 5.1_orquestacion.tarea2 scheduled__2024-03-28T00:00:00+00:00 [running]> on host 521bf890d837
[2024-05-07T23:42:28.429+0000] {taskinstance.py:2648} INFO - Exporting env vars: AIRFLOW_CTX_DAG_OWNER='***' AIRFLOW_CTX_DAG_ID='5.1_orquestacion' AIRFLOW_CTX_TASK_ID='tarea2' AIRFLOW_CTX_EXECUTION_DATE='2024-03-28T00:00:00+00:00' AIRFLOW_CTX_TRY_NUMBER='1' AIRFLOW_CTX_DAG_RUN_ID='scheduled__2024-03-28T00:00:00+00:00'
[2024-05-07T23:42:28.436+0000] {taskinstance.py:430} INFO - ::endgroup::
[2024-05-07T23:42:28.454+0000] {subprocess.py:63} INFO - Tmp dir root location: /tmp
[2024-05-07T23:42:28.455+0000] {subprocess.py:75} INFO - Running command: ['/usr/bin/bash', '-c', "sleep 2 && echo 'Tarea 2'"]
[2024-05-07T23:42:28.462+0000] {subprocess.py:86} INFO - Output:
[2024-05-07T23:42:30.467+0000] {subprocess.py:93} INFO - Tarea 2
[2024-05-07T23:42:30.475+0000] {subprocess.py:97} INFO - Command exited with return code 0
[2024-05-07T23:42:30.478+0000] {taskinstance.py:441} INFO - ::group::Post task execution logs
[2024-05-07T23:42:30.654+0000] {taskinstance.py:1206} INFO - Marking task as SUCCESS. dag_id=5.1_orquestacion, task_id=tarea2, run_id=scheduled__2024-03-28T00:00:00+00:00, execution_date=20240328T000000, start_date=20240507T234228, end_date=20240507T234230
[2024-05-07T23:42:30.713+0000] {local_task_job_runner.py:240} INFO - Task exited with return code 0
[2024-05-07T23:42:30.769+0000] {taskinstance.py:3498} INFO - 2 downstream tasks scheduled from follow-on schedule check
[2024-05-07T23:42:30.773+0000] {local_task_job_runner.py:222} INFO - ::endgroup::
