[2024-05-07T23:32:05.637+0000] {local_task_job_runner.py:120} INFO - ::group::Pre task execution logs
[2024-05-07T23:32:05.657+0000] {taskinstance.py:2076} INFO - Dependencies all met for dep_context=non-requeueable deps ti=<TaskInstance: 5.1_orquestacion.tarea3 manual__2024-05-07T23:31:56.313256+00:00 [queued]>
[2024-05-07T23:32:05.680+0000] {taskinstance.py:2076} INFO - Dependencies all met for dep_context=requeueable deps ti=<TaskInstance: 5.1_orquestacion.tarea3 manual__2024-05-07T23:31:56.313256+00:00 [queued]>
[2024-05-07T23:32:05.681+0000] {taskinstance.py:2306} INFO - Starting attempt 1 of 1
[2024-05-07T23:32:05.713+0000] {taskinstance.py:2330} INFO - Executing <Task(BashOperator): tarea3> on 2024-05-07 23:31:56.313256+00:00
[2024-05-07T23:32:05.720+0000] {warnings.py:110} WARNING - /home/***/.local/lib/python3.12/site-packages/***/task/task_runner/standard_task_runner.py:61: DeprecationWarning: This process (pid=2659) is multi-threaded, use of fork() may lead to deadlocks in the child.
  pid = os.fork()

[2024-05-07T23:32:05.725+0000] {standard_task_runner.py:90} INFO - Running: ['***', 'tasks', 'run', '5.1_orquestacion', 'tarea3', 'manual__2024-05-07T23:31:56.313256+00:00', '--job-id', '55', '--raw', '--subdir', 'DAGS_FOLDER/051_orquestacion.py', '--cfg-path', '/tmp/tmpdgia2vbe']
[2024-05-07T23:32:05.732+0000] {standard_task_runner.py:63} INFO - Started process 2662 to run task
[2024-05-07T23:32:05.736+0000] {standard_task_runner.py:91} INFO - Job 55: Subtask tarea3
[2024-05-07T23:32:05.786+0000] {task_command.py:426} INFO - Running <TaskInstance: 5.1_orquestacion.tarea3 manual__2024-05-07T23:31:56.313256+00:00 [running]> on host 521bf890d837
[2024-05-07T23:32:05.910+0000] {taskinstance.py:2648} INFO - Exporting env vars: AIRFLOW_CTX_DAG_OWNER='***' AIRFLOW_CTX_DAG_ID='5.1_orquestacion' AIRFLOW_CTX_TASK_ID='tarea3' AIRFLOW_CTX_EXECUTION_DATE='2024-05-07T23:31:56.313256+00:00' AIRFLOW_CTX_TRY_NUMBER='1' AIRFLOW_CTX_DAG_RUN_ID='manual__2024-05-07T23:31:56.313256+00:00'
[2024-05-07T23:32:05.911+0000] {taskinstance.py:430} INFO - ::endgroup::
[2024-05-07T23:32:05.959+0000] {subprocess.py:63} INFO - Tmp dir root location: /tmp
[2024-05-07T23:32:05.961+0000] {subprocess.py:75} INFO - Running command: ['/usr/bin/bash', '-c', "sleep 2 && echo 'Tarea 3'"]
[2024-05-07T23:32:05.971+0000] {subprocess.py:86} INFO - Output:
[2024-05-07T23:32:07.974+0000] {subprocess.py:93} INFO - Tarea 3
[2024-05-07T23:32:07.974+0000] {subprocess.py:97} INFO - Command exited with return code 0
[2024-05-07T23:32:07.975+0000] {taskinstance.py:441} INFO - ::group::Post task execution logs
[2024-05-07T23:32:08.017+0000] {taskinstance.py:1206} INFO - Marking task as SUCCESS. dag_id=5.1_orquestacion, task_id=tarea3, run_id=manual__2024-05-07T23:31:56.313256+00:00, execution_date=20240507T233156, start_date=20240507T233205, end_date=20240507T233208
[2024-05-07T23:32:08.043+0000] {local_task_job_runner.py:240} INFO - Task exited with return code 0
[2024-05-07T23:32:08.053+0000] {local_task_job_runner.py:222} INFO - ::endgroup::
