[2024-05-08T20:13:29.282+0000] {local_task_job_runner.py:120} INFO - ::group::Pre task execution logs
[2024-05-08T20:13:29.302+0000] {taskinstance.py:2076} INFO - Dependencies all met for dep_context=non-requeueable deps ti=<TaskInstance: 8_Templating.tarea1 scheduled__2022-07-28T00:00:00+00:00 [queued]>
[2024-05-08T20:13:29.310+0000] {taskinstance.py:2076} INFO - Dependencies all met for dep_context=requeueable deps ti=<TaskInstance: 8_Templating.tarea1 scheduled__2022-07-28T00:00:00+00:00 [queued]>
[2024-05-08T20:13:29.311+0000] {taskinstance.py:2306} INFO - Starting attempt 1 of 1
[2024-05-08T20:13:29.320+0000] {taskinstance.py:2330} INFO - Executing <Task(BashOperator): tarea1> on 2022-07-28 00:00:00+00:00
[2024-05-08T20:13:29.325+0000] {warnings.py:110} WARNING - /home/***/.local/lib/python3.12/site-packages/***/task/task_runner/standard_task_runner.py:61: DeprecationWarning: This process (pid=2854) is multi-threaded, use of fork() may lead to deadlocks in the child.
  pid = os.fork()

[2024-05-08T20:13:29.326+0000] {standard_task_runner.py:63} INFO - Started process 2855 to run task
[2024-05-08T20:13:29.326+0000] {standard_task_runner.py:90} INFO - Running: ['***', 'tasks', 'run', '8_Templating', 'tarea1', 'scheduled__2022-07-28T00:00:00+00:00', '--job-id', '839', '--raw', '--subdir', 'DAGS_FOLDER/08_Templating.py', '--cfg-path', '/tmp/tmp9w4ryqw8']
[2024-05-08T20:13:29.327+0000] {standard_task_runner.py:91} INFO - Job 839: Subtask tarea1
[2024-05-08T20:13:29.358+0000] {task_command.py:426} INFO - Running <TaskInstance: 8_Templating.tarea1 scheduled__2022-07-28T00:00:00+00:00 [running]> on host ccc314eb571d
[2024-05-08T20:13:29.419+0000] {taskinstance.py:2648} INFO - Exporting env vars: AIRFLOW_CTX_DAG_OWNER='***' AIRFLOW_CTX_DAG_ID='8_Templating' AIRFLOW_CTX_TASK_ID='tarea1' AIRFLOW_CTX_EXECUTION_DATE='2022-07-28T00:00:00+00:00' AIRFLOW_CTX_TRY_NUMBER='1' AIRFLOW_CTX_DAG_RUN_ID='scheduled__2022-07-28T00:00:00+00:00'
[2024-05-08T20:13:29.420+0000] {taskinstance.py:430} INFO - ::endgroup::
[2024-05-08T20:13:29.430+0000] {subprocess.py:63} INFO - Tmp dir root location: /tmp
[2024-05-08T20:13:29.431+0000] {subprocess.py:75} INFO - Running command: ['/usr/bin/bash', '-c', '\n\n    echo "2022-07-28"\n    echo "file1.txt"\n\n    echo "2022-07-28"\n    echo "file2.txt"\n']
[2024-05-08T20:13:29.438+0000] {subprocess.py:86} INFO - Output:
[2024-05-08T20:13:29.439+0000] {subprocess.py:93} INFO - 2022-07-28
[2024-05-08T20:13:29.440+0000] {subprocess.py:93} INFO - file1.txt
[2024-05-08T20:13:29.440+0000] {subprocess.py:93} INFO - 2022-07-28
[2024-05-08T20:13:29.441+0000] {subprocess.py:93} INFO - file2.txt
[2024-05-08T20:13:29.441+0000] {subprocess.py:97} INFO - Command exited with return code 0
[2024-05-08T20:13:29.442+0000] {taskinstance.py:441} INFO - ::group::Post task execution logs
[2024-05-08T20:13:29.459+0000] {taskinstance.py:1206} INFO - Marking task as SUCCESS. dag_id=8_Templating, task_id=tarea1, run_id=scheduled__2022-07-28T00:00:00+00:00, execution_date=20220728T000000, start_date=20240508T201329, end_date=20240508T201329
[2024-05-08T20:13:29.500+0000] {local_task_job_runner.py:240} INFO - Task exited with return code 0
[2024-05-08T20:13:29.511+0000] {taskinstance.py:3498} INFO - 0 downstream tasks scheduled from follow-on schedule check
[2024-05-08T20:13:29.514+0000] {local_task_job_runner.py:222} INFO - ::endgroup::
