[2024-05-07T23:40:48.294+0000] {local_task_job_runner.py:120} INFO - ::group::Pre task execution logs
[2024-05-07T23:40:48.327+0000] {taskinstance.py:2076} INFO - Dependencies all met for dep_context=non-requeueable deps ti=<TaskInstance: 5.1_orquestacion.tarea4 scheduled__2024-03-01T00:00:00+00:00 [queued]>
[2024-05-07T23:40:48.337+0000] {taskinstance.py:2076} INFO - Dependencies all met for dep_context=requeueable deps ti=<TaskInstance: 5.1_orquestacion.tarea4 scheduled__2024-03-01T00:00:00+00:00 [queued]>
[2024-05-07T23:40:48.337+0000] {taskinstance.py:2306} INFO - Starting attempt 1 of 1
[2024-05-07T23:40:48.351+0000] {taskinstance.py:2330} INFO - Executing <Task(BashOperator): tarea4> on 2024-03-01 00:00:00+00:00
[2024-05-07T23:40:48.357+0000] {warnings.py:110} WARNING - /home/***/.local/lib/python3.12/site-packages/***/task/task_runner/standard_task_runner.py:61: DeprecationWarning: This process (pid=2785) is multi-threaded, use of fork() may lead to deadlocks in the child.
  pid = os.fork()

[2024-05-07T23:40:48.358+0000] {standard_task_runner.py:63} INFO - Started process 2790 to run task
[2024-05-07T23:40:48.358+0000] {standard_task_runner.py:90} INFO - Running: ['***', 'tasks', 'run', '5.1_orquestacion', 'tarea4', 'scheduled__2024-03-01T00:00:00+00:00', '--job-id', '61', '--raw', '--subdir', 'DAGS_FOLDER/051_orquestacion.py', '--cfg-path', '/tmp/tmp3y79ipw7']
[2024-05-07T23:40:48.359+0000] {standard_task_runner.py:91} INFO - Job 61: Subtask tarea4
[2024-05-07T23:40:48.402+0000] {task_command.py:426} INFO - Running <TaskInstance: 5.1_orquestacion.tarea4 scheduled__2024-03-01T00:00:00+00:00 [running]> on host 521bf890d837
[2024-05-07T23:40:48.481+0000] {taskinstance.py:2648} INFO - Exporting env vars: AIRFLOW_CTX_DAG_OWNER='***' AIRFLOW_CTX_DAG_ID='5.1_orquestacion' AIRFLOW_CTX_TASK_ID='tarea4' AIRFLOW_CTX_EXECUTION_DATE='2024-03-01T00:00:00+00:00' AIRFLOW_CTX_TRY_NUMBER='1' AIRFLOW_CTX_DAG_RUN_ID='scheduled__2024-03-01T00:00:00+00:00'
[2024-05-07T23:40:48.482+0000] {taskinstance.py:430} INFO - ::endgroup::
[2024-05-07T23:40:48.498+0000] {subprocess.py:63} INFO - Tmp dir root location: /tmp
[2024-05-07T23:40:48.500+0000] {subprocess.py:75} INFO - Running command: ['/usr/bin/bash', '-c', "sleep 2 && echo 'Tarea 4'"]
[2024-05-07T23:40:48.507+0000] {subprocess.py:86} INFO - Output:
[2024-05-07T23:40:50.510+0000] {subprocess.py:93} INFO - Tarea 4
[2024-05-07T23:40:50.511+0000] {subprocess.py:97} INFO - Command exited with return code 0
[2024-05-07T23:40:50.512+0000] {taskinstance.py:441} INFO - ::group::Post task execution logs
[2024-05-07T23:40:50.562+0000] {taskinstance.py:1206} INFO - Marking task as SUCCESS. dag_id=5.1_orquestacion, task_id=tarea4, run_id=scheduled__2024-03-01T00:00:00+00:00, execution_date=20240301T000000, start_date=20240507T234048, end_date=20240507T234050
[2024-05-07T23:40:50.626+0000] {local_task_job_runner.py:240} INFO - Task exited with return code 0
[2024-05-07T23:40:50.652+0000] {taskinstance.py:3498} INFO - 0 downstream tasks scheduled from follow-on schedule check
[2024-05-07T23:40:50.656+0000] {local_task_job_runner.py:222} INFO - ::endgroup::
[2024-05-07T23:45:18.893+0000] {local_task_job_runner.py:120} INFO - ::group::Pre task execution logs
[2024-05-07T23:45:18.910+0000] {taskinstance.py:2076} INFO - Dependencies all met for dep_context=non-requeueable deps ti=<TaskInstance: 5.1_orquestacion.tarea4 scheduled__2024-03-01T00:00:00+00:00 [queued]>
[2024-05-07T23:45:18.917+0000] {taskinstance.py:2076} INFO - Dependencies all met for dep_context=requeueable deps ti=<TaskInstance: 5.1_orquestacion.tarea4 scheduled__2024-03-01T00:00:00+00:00 [queued]>
[2024-05-07T23:45:18.919+0000] {taskinstance.py:2306} INFO - Starting attempt 1 of 1
[2024-05-07T23:45:18.933+0000] {taskinstance.py:2330} INFO - Executing <Task(BashOperator): tarea4> on 2024-03-01 00:00:00+00:00
[2024-05-07T23:45:18.957+0000] {warnings.py:110} WARNING - /home/***/.local/lib/python3.12/site-packages/***/task/task_runner/standard_task_runner.py:61: DeprecationWarning: This process (pid=3348) is multi-threaded, use of fork() may lead to deadlocks in the child.
  pid = os.fork()

[2024-05-07T23:45:18.963+0000] {standard_task_runner.py:63} INFO - Started process 3351 to run task
[2024-05-07T23:45:18.959+0000] {standard_task_runner.py:90} INFO - Running: ['***', 'tasks', 'run', '5.1_orquestacion', 'tarea4', 'scheduled__2024-03-01T00:00:00+00:00', '--job-id', '187', '--raw', '--subdir', 'DAGS_FOLDER/051_orquestacion.py', '--cfg-path', '/tmp/tmp9mlq6nl9']
[2024-05-07T23:45:18.970+0000] {standard_task_runner.py:91} INFO - Job 187: Subtask tarea4
[2024-05-07T23:45:19.085+0000] {task_command.py:426} INFO - Running <TaskInstance: 5.1_orquestacion.tarea4 scheduled__2024-03-01T00:00:00+00:00 [running]> on host 521bf890d837
[2024-05-07T23:45:19.198+0000] {taskinstance.py:2648} INFO - Exporting env vars: AIRFLOW_CTX_DAG_OWNER='***' AIRFLOW_CTX_DAG_ID='5.1_orquestacion' AIRFLOW_CTX_TASK_ID='tarea4' AIRFLOW_CTX_EXECUTION_DATE='2024-03-01T00:00:00+00:00' AIRFLOW_CTX_TRY_NUMBER='1' AIRFLOW_CTX_DAG_RUN_ID='scheduled__2024-03-01T00:00:00+00:00'
[2024-05-07T23:45:19.199+0000] {taskinstance.py:430} INFO - ::endgroup::
[2024-05-07T23:45:19.208+0000] {subprocess.py:63} INFO - Tmp dir root location: /tmp
[2024-05-07T23:45:19.212+0000] {subprocess.py:75} INFO - Running command: ['/usr/bin/bash', '-c', "sleep 2 && echo 'Tarea 4'"]
[2024-05-07T23:45:19.232+0000] {subprocess.py:86} INFO - Output:
[2024-05-07T23:45:21.237+0000] {subprocess.py:93} INFO - Tarea 4
[2024-05-07T23:45:21.241+0000] {subprocess.py:97} INFO - Command exited with return code 0
[2024-05-07T23:45:21.245+0000] {taskinstance.py:441} INFO - ::group::Post task execution logs
[2024-05-07T23:45:21.413+0000] {taskinstance.py:1206} INFO - Marking task as SUCCESS. dag_id=5.1_orquestacion, task_id=tarea4, run_id=scheduled__2024-03-01T00:00:00+00:00, execution_date=20240301T000000, start_date=20240507T234518, end_date=20240507T234521
[2024-05-07T23:45:21.533+0000] {local_task_job_runner.py:240} INFO - Task exited with return code 0
[2024-05-07T23:45:21.629+0000] {taskinstance.py:3498} INFO - 0 downstream tasks scheduled from follow-on schedule check
[2024-05-07T23:45:21.640+0000] {local_task_job_runner.py:222} INFO - ::endgroup::
