[2024-05-07T23:42:24.328+0000] {local_task_job_runner.py:120} INFO - ::group::Pre task execution logs
[2024-05-07T23:42:24.438+0000] {taskinstance.py:2076} INFO - Dependencies all met for dep_context=non-requeueable deps ti=<TaskInstance: 5.1_orquestacion.tarea1 scheduled__2024-03-28T00:00:00+00:00 [queued]>
[2024-05-07T23:42:24.483+0000] {taskinstance.py:2076} INFO - Dependencies all met for dep_context=requeueable deps ti=<TaskInstance: 5.1_orquestacion.tarea1 scheduled__2024-03-28T00:00:00+00:00 [queued]>
[2024-05-07T23:42:24.484+0000] {taskinstance.py:2306} INFO - Starting attempt 1 of 1
[2024-05-07T23:42:24.504+0000] {taskinstance.py:2330} INFO - Executing <Task(BashOperator): tarea1> on 2024-03-28 00:00:00+00:00
[2024-05-07T23:42:24.513+0000] {warnings.py:110} WARNING - /home/***/.local/lib/python3.12/site-packages/***/task/task_runner/standard_task_runner.py:61: DeprecationWarning: This process (pid=3206) is multi-threaded, use of fork() may lead to deadlocks in the child.
  pid = os.fork()

[2024-05-07T23:42:24.515+0000] {standard_task_runner.py:63} INFO - Started process 3212 to run task
[2024-05-07T23:42:24.514+0000] {standard_task_runner.py:90} INFO - Running: ['***', 'tasks', 'run', '5.1_orquestacion', 'tarea1', 'scheduled__2024-03-28T00:00:00+00:00', '--job-id', '163', '--raw', '--subdir', 'DAGS_FOLDER/051_orquestacion.py', '--cfg-path', '/tmp/tmprsih4tks']
[2024-05-07T23:42:24.516+0000] {standard_task_runner.py:91} INFO - Job 163: Subtask tarea1
[2024-05-07T23:42:24.583+0000] {task_command.py:426} INFO - Running <TaskInstance: 5.1_orquestacion.tarea1 scheduled__2024-03-28T00:00:00+00:00 [running]> on host 521bf890d837
[2024-05-07T23:42:24.747+0000] {taskinstance.py:2648} INFO - Exporting env vars: AIRFLOW_CTX_DAG_OWNER='***' AIRFLOW_CTX_DAG_ID='5.1_orquestacion' AIRFLOW_CTX_TASK_ID='tarea1' AIRFLOW_CTX_EXECUTION_DATE='2024-03-28T00:00:00+00:00' AIRFLOW_CTX_TRY_NUMBER='1' AIRFLOW_CTX_DAG_RUN_ID='scheduled__2024-03-28T00:00:00+00:00'
[2024-05-07T23:42:24.748+0000] {taskinstance.py:430} INFO - ::endgroup::
[2024-05-07T23:42:24.763+0000] {subprocess.py:63} INFO - Tmp dir root location: /tmp
[2024-05-07T23:42:24.764+0000] {subprocess.py:75} INFO - Running command: ['/usr/bin/bash', '-c', "sleep 2 && echo 'Tarea 1'"]
[2024-05-07T23:42:24.771+0000] {subprocess.py:86} INFO - Output:
[2024-05-07T23:42:26.773+0000] {subprocess.py:93} INFO - Tarea 1
[2024-05-07T23:42:26.777+0000] {subprocess.py:97} INFO - Command exited with return code 0
[2024-05-07T23:42:26.784+0000] {taskinstance.py:441} INFO - ::group::Post task execution logs
[2024-05-07T23:42:26.922+0000] {taskinstance.py:1206} INFO - Marking task as SUCCESS. dag_id=5.1_orquestacion, task_id=tarea1, run_id=scheduled__2024-03-28T00:00:00+00:00, execution_date=20240328T000000, start_date=20240507T234224, end_date=20240507T234226
[2024-05-07T23:42:27.065+0000] {local_task_job_runner.py:240} INFO - Task exited with return code 0
[2024-05-07T23:42:27.277+0000] {taskinstance.py:3498} INFO - 1 downstream tasks scheduled from follow-on schedule check
[2024-05-07T23:42:27.287+0000] {local_task_job_runner.py:222} INFO - ::endgroup::
