[2024-05-07T23:40:53.084+0000] {local_task_job_runner.py:120} INFO - ::group::Pre task execution logs
[2024-05-07T23:40:53.115+0000] {taskinstance.py:2076} INFO - Dependencies all met for dep_context=non-requeueable deps ti=<TaskInstance: 5.1_orquestacion.tarea1 scheduled__2024-03-04T00:00:00+00:00 [queued]>
[2024-05-07T23:40:53.126+0000] {taskinstance.py:2076} INFO - Dependencies all met for dep_context=requeueable deps ti=<TaskInstance: 5.1_orquestacion.tarea1 scheduled__2024-03-04T00:00:00+00:00 [queued]>
[2024-05-07T23:40:53.127+0000] {taskinstance.py:2306} INFO - Starting attempt 1 of 1
[2024-05-07T23:40:53.142+0000] {taskinstance.py:2330} INFO - Executing <Task(BashOperator): tarea1> on 2024-03-04 00:00:00+00:00
[2024-05-07T23:40:53.148+0000] {warnings.py:110} WARNING - /home/***/.local/lib/python3.12/site-packages/***/task/task_runner/standard_task_runner.py:61: DeprecationWarning: This process (pid=2802) is multi-threaded, use of fork() may lead to deadlocks in the child.
  pid = os.fork()

[2024-05-07T23:40:53.149+0000] {standard_task_runner.py:63} INFO - Started process 2807 to run task
[2024-05-07T23:40:53.149+0000] {standard_task_runner.py:90} INFO - Running: ['***', 'tasks', 'run', '5.1_orquestacion', 'tarea1', 'scheduled__2024-03-04T00:00:00+00:00', '--job-id', '67', '--raw', '--subdir', 'DAGS_FOLDER/051_orquestacion.py', '--cfg-path', '/tmp/tmpe860bqtm']
[2024-05-07T23:40:53.150+0000] {standard_task_runner.py:91} INFO - Job 67: Subtask tarea1
[2024-05-07T23:40:53.195+0000] {task_command.py:426} INFO - Running <TaskInstance: 5.1_orquestacion.tarea1 scheduled__2024-03-04T00:00:00+00:00 [running]> on host 521bf890d837
[2024-05-07T23:40:53.374+0000] {taskinstance.py:2648} INFO - Exporting env vars: AIRFLOW_CTX_DAG_OWNER='***' AIRFLOW_CTX_DAG_ID='5.1_orquestacion' AIRFLOW_CTX_TASK_ID='tarea1' AIRFLOW_CTX_EXECUTION_DATE='2024-03-04T00:00:00+00:00' AIRFLOW_CTX_TRY_NUMBER='1' AIRFLOW_CTX_DAG_RUN_ID='scheduled__2024-03-04T00:00:00+00:00'
[2024-05-07T23:40:53.375+0000] {taskinstance.py:430} INFO - ::endgroup::
[2024-05-07T23:40:53.391+0000] {subprocess.py:63} INFO - Tmp dir root location: /tmp
[2024-05-07T23:40:53.392+0000] {subprocess.py:75} INFO - Running command: ['/usr/bin/bash', '-c', "sleep 2 && echo 'Tarea 1'"]
[2024-05-07T23:40:53.401+0000] {subprocess.py:86} INFO - Output:
[2024-05-07T23:40:55.406+0000] {subprocess.py:93} INFO - Tarea 1
[2024-05-07T23:40:55.413+0000] {subprocess.py:97} INFO - Command exited with return code 0
[2024-05-07T23:40:55.416+0000] {taskinstance.py:441} INFO - ::group::Post task execution logs
[2024-05-07T23:40:55.574+0000] {taskinstance.py:1206} INFO - Marking task as SUCCESS. dag_id=5.1_orquestacion, task_id=tarea1, run_id=scheduled__2024-03-04T00:00:00+00:00, execution_date=20240304T000000, start_date=20240507T234053, end_date=20240507T234055
[2024-05-07T23:40:56.022+0000] {local_task_job_runner.py:240} INFO - Task exited with return code 0
[2024-05-07T23:40:56.067+0000] {taskinstance.py:3498} INFO - 1 downstream tasks scheduled from follow-on schedule check
[2024-05-07T23:40:56.071+0000] {local_task_job_runner.py:222} INFO - ::endgroup::
[2024-05-07T23:45:47.211+0000] {local_task_job_runner.py:120} INFO - ::group::Pre task execution logs
[2024-05-07T23:45:47.237+0000] {taskinstance.py:2076} INFO - Dependencies all met for dep_context=non-requeueable deps ti=<TaskInstance: 5.1_orquestacion.tarea1 scheduled__2024-03-04T00:00:00+00:00 [queued]>
[2024-05-07T23:45:47.248+0000] {taskinstance.py:2076} INFO - Dependencies all met for dep_context=requeueable deps ti=<TaskInstance: 5.1_orquestacion.tarea1 scheduled__2024-03-04T00:00:00+00:00 [queued]>
[2024-05-07T23:45:47.250+0000] {taskinstance.py:2306} INFO - Starting attempt 1 of 1
[2024-05-07T23:45:47.280+0000] {taskinstance.py:2330} INFO - Executing <Task(BashOperator): tarea1> on 2024-03-04 00:00:00+00:00
[2024-05-07T23:45:47.289+0000] {warnings.py:110} WARNING - /home/***/.local/lib/python3.12/site-packages/***/task/task_runner/standard_task_runner.py:61: DeprecationWarning: This process (pid=3395) is multi-threaded, use of fork() may lead to deadlocks in the child.
  pid = os.fork()

[2024-05-07T23:45:47.290+0000] {standard_task_runner.py:90} INFO - Running: ['***', 'tasks', 'run', '5.1_orquestacion', 'tarea1', 'scheduled__2024-03-04T00:00:00+00:00', '--job-id', '197', '--raw', '--subdir', 'DAGS_FOLDER/051_orquestacion.py', '--cfg-path', '/tmp/tmpn3i0ycc6']
[2024-05-07T23:45:47.292+0000] {standard_task_runner.py:63} INFO - Started process 3396 to run task
[2024-05-07T23:45:47.293+0000] {standard_task_runner.py:91} INFO - Job 197: Subtask tarea1
[2024-05-07T23:45:47.359+0000] {task_command.py:426} INFO - Running <TaskInstance: 5.1_orquestacion.tarea1 scheduled__2024-03-04T00:00:00+00:00 [running]> on host 521bf890d837
[2024-05-07T23:45:47.428+0000] {taskinstance.py:2648} INFO - Exporting env vars: AIRFLOW_CTX_DAG_OWNER='***' AIRFLOW_CTX_DAG_ID='5.1_orquestacion' AIRFLOW_CTX_TASK_ID='tarea1' AIRFLOW_CTX_EXECUTION_DATE='2024-03-04T00:00:00+00:00' AIRFLOW_CTX_TRY_NUMBER='1' AIRFLOW_CTX_DAG_RUN_ID='scheduled__2024-03-04T00:00:00+00:00'
[2024-05-07T23:45:47.436+0000] {taskinstance.py:430} INFO - ::endgroup::
[2024-05-07T23:45:47.449+0000] {subprocess.py:63} INFO - Tmp dir root location: /tmp
[2024-05-07T23:45:47.450+0000] {subprocess.py:75} INFO - Running command: ['/usr/bin/bash', '-c', "sleep 2 && echo 'Tarea 1'"]
[2024-05-07T23:45:47.460+0000] {subprocess.py:86} INFO - Output:
[2024-05-07T23:45:49.463+0000] {subprocess.py:93} INFO - Tarea 1
[2024-05-07T23:45:49.466+0000] {subprocess.py:97} INFO - Command exited with return code 0
[2024-05-07T23:45:49.469+0000] {taskinstance.py:441} INFO - ::group::Post task execution logs
[2024-05-07T23:45:49.488+0000] {taskinstance.py:1206} INFO - Marking task as SUCCESS. dag_id=5.1_orquestacion, task_id=tarea1, run_id=scheduled__2024-03-04T00:00:00+00:00, execution_date=20240304T000000, start_date=20240507T234547, end_date=20240507T234549
[2024-05-07T23:45:49.522+0000] {local_task_job_runner.py:240} INFO - Task exited with return code 0
[2024-05-07T23:45:49.551+0000] {taskinstance.py:3498} INFO - 1 downstream tasks scheduled from follow-on schedule check
[2024-05-07T23:45:49.561+0000] {local_task_job_runner.py:222} INFO - ::endgroup::
