[2024-05-07T23:41:57.904+0000] {local_task_job_runner.py:120} INFO - ::group::Pre task execution logs
[2024-05-07T23:41:57.931+0000] {taskinstance.py:2076} INFO - Dependencies all met for dep_context=non-requeueable deps ti=<TaskInstance: 5.1_orquestacion.tarea2 scheduled__2024-03-20T00:00:00+00:00 [queued]>
[2024-05-07T23:41:57.942+0000] {taskinstance.py:2076} INFO - Dependencies all met for dep_context=requeueable deps ti=<TaskInstance: 5.1_orquestacion.tarea2 scheduled__2024-03-20T00:00:00+00:00 [queued]>
[2024-05-07T23:41:57.943+0000] {taskinstance.py:2306} INFO - Starting attempt 1 of 1
[2024-05-07T23:41:57.956+0000] {taskinstance.py:2330} INFO - Executing <Task(BashOperator): tarea2> on 2024-03-20 00:00:00+00:00
[2024-05-07T23:41:57.962+0000] {warnings.py:110} WARNING - /home/***/.local/lib/python3.12/site-packages/***/task/task_runner/standard_task_runner.py:61: DeprecationWarning: This process (pid=3086) is multi-threaded, use of fork() may lead to deadlocks in the child.
  pid = os.fork()

[2024-05-07T23:41:57.964+0000] {standard_task_runner.py:63} INFO - Started process 3090 to run task
[2024-05-07T23:41:57.964+0000] {standard_task_runner.py:90} INFO - Running: ['***', 'tasks', 'run', '5.1_orquestacion', 'tarea2', 'scheduled__2024-03-20T00:00:00+00:00', '--job-id', '133', '--raw', '--subdir', 'DAGS_FOLDER/051_orquestacion.py', '--cfg-path', '/tmp/tmpxp55unkt']
[2024-05-07T23:41:57.965+0000] {standard_task_runner.py:91} INFO - Job 133: Subtask tarea2
[2024-05-07T23:41:58.009+0000] {task_command.py:426} INFO - Running <TaskInstance: 5.1_orquestacion.tarea2 scheduled__2024-03-20T00:00:00+00:00 [running]> on host 521bf890d837
[2024-05-07T23:41:58.089+0000] {taskinstance.py:2648} INFO - Exporting env vars: AIRFLOW_CTX_DAG_OWNER='***' AIRFLOW_CTX_DAG_ID='5.1_orquestacion' AIRFLOW_CTX_TASK_ID='tarea2' AIRFLOW_CTX_EXECUTION_DATE='2024-03-20T00:00:00+00:00' AIRFLOW_CTX_TRY_NUMBER='1' AIRFLOW_CTX_DAG_RUN_ID='scheduled__2024-03-20T00:00:00+00:00'
[2024-05-07T23:41:58.090+0000] {taskinstance.py:430} INFO - ::endgroup::
[2024-05-07T23:41:58.102+0000] {subprocess.py:63} INFO - Tmp dir root location: /tmp
[2024-05-07T23:41:58.103+0000] {subprocess.py:75} INFO - Running command: ['/usr/bin/bash', '-c', "sleep 2 && echo 'Tarea 2'"]
[2024-05-07T23:41:58.111+0000] {subprocess.py:86} INFO - Output:
[2024-05-07T23:42:00.110+0000] {subprocess.py:93} INFO - Tarea 2
[2024-05-07T23:42:00.113+0000] {subprocess.py:97} INFO - Command exited with return code 0
[2024-05-07T23:42:00.114+0000] {taskinstance.py:441} INFO - ::group::Post task execution logs
[2024-05-07T23:42:00.208+0000] {taskinstance.py:1206} INFO - Marking task as SUCCESS. dag_id=5.1_orquestacion, task_id=tarea2, run_id=scheduled__2024-03-20T00:00:00+00:00, execution_date=20240320T000000, start_date=20240507T234157, end_date=20240507T234200
[2024-05-07T23:42:00.308+0000] {local_task_job_runner.py:240} INFO - Task exited with return code 0
[2024-05-07T23:42:00.468+0000] {taskinstance.py:3498} INFO - 2 downstream tasks scheduled from follow-on schedule check
[2024-05-07T23:42:00.481+0000] {local_task_job_runner.py:222} INFO - ::endgroup::
[2024-05-07T23:48:59.133+0000] {local_task_job_runner.py:120} INFO - ::group::Pre task execution logs
[2024-05-07T23:48:59.156+0000] {taskinstance.py:2076} INFO - Dependencies all met for dep_context=non-requeueable deps ti=<TaskInstance: 5.1_orquestacion.tarea2 scheduled__2024-03-20T00:00:00+00:00 [queued]>
[2024-05-07T23:48:59.167+0000] {taskinstance.py:2076} INFO - Dependencies all met for dep_context=requeueable deps ti=<TaskInstance: 5.1_orquestacion.tarea2 scheduled__2024-03-20T00:00:00+00:00 [queued]>
[2024-05-07T23:48:59.168+0000] {taskinstance.py:2306} INFO - Starting attempt 1 of 1
[2024-05-07T23:48:59.180+0000] {taskinstance.py:2330} INFO - Executing <Task(BashOperator): tarea2> on 2024-03-20 00:00:00+00:00
[2024-05-07T23:48:59.185+0000] {warnings.py:110} WARNING - /home/***/.local/lib/python3.12/site-packages/***/task/task_runner/standard_task_runner.py:61: DeprecationWarning: This process (pid=3697) is multi-threaded, use of fork() may lead to deadlocks in the child.
  pid = os.fork()

[2024-05-07T23:48:59.187+0000] {standard_task_runner.py:63} INFO - Started process 3698 to run task
[2024-05-07T23:48:59.186+0000] {standard_task_runner.py:90} INFO - Running: ['***', 'tasks', 'run', '5.1_orquestacion', 'tarea2', 'scheduled__2024-03-20T00:00:00+00:00', '--job-id', '262', '--raw', '--subdir', 'DAGS_FOLDER/051_orquestacion.py', '--cfg-path', '/tmp/tmp32ojsv4m']
[2024-05-07T23:48:59.187+0000] {standard_task_runner.py:91} INFO - Job 262: Subtask tarea2
[2024-05-07T23:48:59.229+0000] {task_command.py:426} INFO - Running <TaskInstance: 5.1_orquestacion.tarea2 scheduled__2024-03-20T00:00:00+00:00 [running]> on host 521bf890d837
[2024-05-07T23:48:59.295+0000] {taskinstance.py:2648} INFO - Exporting env vars: AIRFLOW_CTX_DAG_OWNER='***' AIRFLOW_CTX_DAG_ID='5.1_orquestacion' AIRFLOW_CTX_TASK_ID='tarea2' AIRFLOW_CTX_EXECUTION_DATE='2024-03-20T00:00:00+00:00' AIRFLOW_CTX_TRY_NUMBER='1' AIRFLOW_CTX_DAG_RUN_ID='scheduled__2024-03-20T00:00:00+00:00'
[2024-05-07T23:48:59.296+0000] {taskinstance.py:430} INFO - ::endgroup::
[2024-05-07T23:48:59.306+0000] {subprocess.py:63} INFO - Tmp dir root location: /tmp
[2024-05-07T23:48:59.307+0000] {subprocess.py:75} INFO - Running command: ['/usr/bin/bash', '-c', "sleep 2 && echo 'Tarea 2'"]
[2024-05-07T23:48:59.315+0000] {subprocess.py:86} INFO - Output:
[2024-05-07T23:49:01.318+0000] {subprocess.py:93} INFO - Tarea 2
[2024-05-07T23:49:01.319+0000] {subprocess.py:97} INFO - Command exited with return code 0
[2024-05-07T23:49:01.325+0000] {taskinstance.py:441} INFO - ::group::Post task execution logs
[2024-05-07T23:49:01.350+0000] {taskinstance.py:1206} INFO - Marking task as SUCCESS. dag_id=5.1_orquestacion, task_id=tarea2, run_id=scheduled__2024-03-20T00:00:00+00:00, execution_date=20240320T000000, start_date=20240507T234859, end_date=20240507T234901
[2024-05-07T23:49:01.372+0000] {local_task_job_runner.py:240} INFO - Task exited with return code 0
[2024-05-07T23:49:01.397+0000] {taskinstance.py:3498} INFO - 2 downstream tasks scheduled from follow-on schedule check
[2024-05-07T23:49:01.401+0000] {local_task_job_runner.py:222} INFO - ::endgroup::
