[2024-05-07T23:24:32.797+0000] {local_task_job_runner.py:120} INFO - ::group::Pre task execution logs
[2024-05-07T23:24:32.823+0000] {taskinstance.py:2076} INFO - Dependencies all met for dep_context=non-requeueable deps ti=<TaskInstance: 5.1_orquestacion.tarea3 manual__2024-05-07T23:24:24.445761+00:00 [queued]>
[2024-05-07T23:24:32.832+0000] {taskinstance.py:2076} INFO - Dependencies all met for dep_context=requeueable deps ti=<TaskInstance: 5.1_orquestacion.tarea3 manual__2024-05-07T23:24:24.445761+00:00 [queued]>
[2024-05-07T23:24:32.844+0000] {taskinstance.py:2306} INFO - Starting attempt 1 of 1
[2024-05-07T23:24:32.889+0000] {taskinstance.py:2330} INFO - Executing <Task(BashOperator): tarea3> on 2024-05-07 23:24:24.445761+00:00
[2024-05-07T23:24:32.896+0000] {warnings.py:110} WARNING - /home/***/.local/lib/python3.12/site-packages/***/task/task_runner/standard_task_runner.py:61: DeprecationWarning: This process (pid=2398) is multi-threaded, use of fork() may lead to deadlocks in the child.
  pid = os.fork()

[2024-05-07T23:24:32.898+0000] {standard_task_runner.py:63} INFO - Started process 2400 to run task
[2024-05-07T23:24:32.898+0000] {standard_task_runner.py:90} INFO - Running: ['***', 'tasks', 'run', '5.1_orquestacion', 'tarea3', 'manual__2024-05-07T23:24:24.445761+00:00', '--job-id', '14', '--raw', '--subdir', 'DAGS_FOLDER/051_orquestacion.py', '--cfg-path', '/tmp/tmpe5ptmojg']
[2024-05-07T23:24:32.900+0000] {standard_task_runner.py:91} INFO - Job 14: Subtask tarea3
[2024-05-07T23:24:32.977+0000] {task_command.py:426} INFO - Running <TaskInstance: 5.1_orquestacion.tarea3 manual__2024-05-07T23:24:24.445761+00:00 [running]> on host 521bf890d837
[2024-05-07T23:24:33.105+0000] {taskinstance.py:2648} INFO - Exporting env vars: AIRFLOW_CTX_DAG_OWNER='***' AIRFLOW_CTX_DAG_ID='5.1_orquestacion' AIRFLOW_CTX_TASK_ID='tarea3' AIRFLOW_CTX_EXECUTION_DATE='2024-05-07T23:24:24.445761+00:00' AIRFLOW_CTX_TRY_NUMBER='1' AIRFLOW_CTX_DAG_RUN_ID='manual__2024-05-07T23:24:24.445761+00:00'
[2024-05-07T23:24:33.106+0000] {taskinstance.py:430} INFO - ::endgroup::
[2024-05-07T23:24:33.121+0000] {subprocess.py:63} INFO - Tmp dir root location: /tmp
[2024-05-07T23:24:33.122+0000] {subprocess.py:75} INFO - Running command: ['/usr/bin/bash', '-c', "sleep 2 && echo 'Tarea 3'"]
[2024-05-07T23:24:33.134+0000] {subprocess.py:86} INFO - Output:
[2024-05-07T23:24:35.138+0000] {subprocess.py:93} INFO - Tarea 3
[2024-05-07T23:24:35.151+0000] {subprocess.py:97} INFO - Command exited with return code 0
[2024-05-07T23:24:35.154+0000] {taskinstance.py:441} INFO - ::group::Post task execution logs
[2024-05-07T23:24:35.212+0000] {taskinstance.py:1206} INFO - Marking task as SUCCESS. dag_id=5.1_orquestacion, task_id=tarea3, run_id=manual__2024-05-07T23:24:24.445761+00:00, execution_date=20240507T232424, start_date=20240507T232432, end_date=20240507T232435
[2024-05-07T23:24:35.289+0000] {local_task_job_runner.py:240} INFO - Task exited with return code 0
[2024-05-07T23:24:35.316+0000] {taskinstance.py:3498} INFO - 0 downstream tasks scheduled from follow-on schedule check
[2024-05-07T23:24:35.344+0000] {local_task_job_runner.py:222} INFO - ::endgroup::
