[2024-05-08T00:26:00.772+0000] {local_task_job_runner.py:120} INFO - ::group::Pre task execution logs
[2024-05-08T00:26:00.789+0000] {taskinstance.py:2076} INFO - Dependencies all met for dep_context=non-requeueable deps ti=<TaskInstance: 6.1_monitoring.tarea3 scheduled__2024-01-15T00:00:00+00:00 [queued]>
[2024-05-08T00:26:00.796+0000] {taskinstance.py:2076} INFO - Dependencies all met for dep_context=requeueable deps ti=<TaskInstance: 6.1_monitoring.tarea3 scheduled__2024-01-15T00:00:00+00:00 [queued]>
[2024-05-08T00:26:00.797+0000] {taskinstance.py:2306} INFO - Starting attempt 1 of 1
[2024-05-08T00:26:00.808+0000] {taskinstance.py:2330} INFO - Executing <Task(BashOperator): tarea3> on 2024-01-15 00:00:00+00:00
[2024-05-08T00:26:00.813+0000] {warnings.py:110} WARNING - /home/***/.local/lib/python3.12/site-packages/***/task/task_runner/standard_task_runner.py:61: DeprecationWarning: This process (pid=4520) is multi-threaded, use of fork() may lead to deadlocks in the child.
  pid = os.fork()

[2024-05-08T00:26:00.814+0000] {standard_task_runner.py:90} INFO - Running: ['***', 'tasks', 'run', '6.1_monitoring', 'tarea3', 'scheduled__2024-01-15T00:00:00+00:00', '--job-id', '355', '--raw', '--subdir', 'DAGS_FOLDER/061_monitoring.py', '--cfg-path', '/tmp/tmpvj708pv1']
[2024-05-08T00:26:00.821+0000] {standard_task_runner.py:63} INFO - Started process 4521 to run task
[2024-05-08T00:26:00.822+0000] {standard_task_runner.py:91} INFO - Job 355: Subtask tarea3
[2024-05-08T00:26:00.870+0000] {task_command.py:426} INFO - Running <TaskInstance: 6.1_monitoring.tarea3 scheduled__2024-01-15T00:00:00+00:00 [running]> on host 521bf890d837
[2024-05-08T00:26:00.932+0000] {taskinstance.py:2648} INFO - Exporting env vars: AIRFLOW_CTX_DAG_OWNER='***' AIRFLOW_CTX_DAG_ID='6.1_monitoring' AIRFLOW_CTX_TASK_ID='tarea3' AIRFLOW_CTX_EXECUTION_DATE='2024-01-15T00:00:00+00:00' AIRFLOW_CTX_TRY_NUMBER='1' AIRFLOW_CTX_DAG_RUN_ID='scheduled__2024-01-15T00:00:00+00:00'
[2024-05-08T00:26:00.933+0000] {taskinstance.py:430} INFO - ::endgroup::
[2024-05-08T00:26:00.942+0000] {subprocess.py:63} INFO - Tmp dir root location: /tmp
[2024-05-08T00:26:00.943+0000] {subprocess.py:75} INFO - Running command: ['/usr/bin/bash', '-c', "sleep 2 && echo 'Tercera tarea!'"]
[2024-05-08T00:26:00.951+0000] {subprocess.py:86} INFO - Output:
[2024-05-08T00:26:02.953+0000] {subprocess.py:93} INFO - Tercera tarea!
[2024-05-08T00:26:02.961+0000] {subprocess.py:97} INFO - Command exited with return code 0
[2024-05-08T00:26:02.962+0000] {taskinstance.py:441} INFO - ::group::Post task execution logs
[2024-05-08T00:26:02.985+0000] {taskinstance.py:1206} INFO - Marking task as SUCCESS. dag_id=6.1_monitoring, task_id=tarea3, run_id=scheduled__2024-01-15T00:00:00+00:00, execution_date=20240115T000000, start_date=20240508T002600, end_date=20240508T002602
[2024-05-08T00:26:03.006+0000] {local_task_job_runner.py:240} INFO - Task exited with return code 0
[2024-05-08T00:26:03.030+0000] {taskinstance.py:3498} INFO - 1 downstream tasks scheduled from follow-on schedule check
[2024-05-08T00:26:03.033+0000] {local_task_job_runner.py:222} INFO - ::endgroup::
