[2024-05-07T23:42:01.383+0000] {local_task_job_runner.py:120} INFO - ::group::Pre task execution logs
[2024-05-07T23:42:01.431+0000] {taskinstance.py:2076} INFO - Dependencies all met for dep_context=non-requeueable deps ti=<TaskInstance: 5.1_orquestacion.tarea4 scheduled__2024-03-20T00:00:00+00:00 [queued]>
[2024-05-07T23:42:01.442+0000] {taskinstance.py:2076} INFO - Dependencies all met for dep_context=requeueable deps ti=<TaskInstance: 5.1_orquestacion.tarea4 scheduled__2024-03-20T00:00:00+00:00 [queued]>
[2024-05-07T23:42:01.443+0000] {taskinstance.py:2306} INFO - Starting attempt 1 of 1
[2024-05-07T23:42:01.459+0000] {taskinstance.py:2330} INFO - Executing <Task(BashOperator): tarea4> on 2024-03-20 00:00:00+00:00
[2024-05-07T23:42:01.466+0000] {warnings.py:110} WARNING - /home/***/.local/lib/python3.12/site-packages/***/task/task_runner/standard_task_runner.py:61: DeprecationWarning: This process (pid=3102) is multi-threaded, use of fork() may lead to deadlocks in the child.
  pid = os.fork()

[2024-05-07T23:42:01.467+0000] {standard_task_runner.py:63} INFO - Started process 3108 to run task
[2024-05-07T23:42:01.467+0000] {standard_task_runner.py:90} INFO - Running: ['***', 'tasks', 'run', '5.1_orquestacion', 'tarea4', 'scheduled__2024-03-20T00:00:00+00:00', '--job-id', '138', '--raw', '--subdir', 'DAGS_FOLDER/051_orquestacion.py', '--cfg-path', '/tmp/tmpn7wvwovn']
[2024-05-07T23:42:01.468+0000] {standard_task_runner.py:91} INFO - Job 138: Subtask tarea4
[2024-05-07T23:42:01.520+0000] {task_command.py:426} INFO - Running <TaskInstance: 5.1_orquestacion.tarea4 scheduled__2024-03-20T00:00:00+00:00 [running]> on host 521bf890d837
[2024-05-07T23:42:01.665+0000] {taskinstance.py:2648} INFO - Exporting env vars: AIRFLOW_CTX_DAG_OWNER='***' AIRFLOW_CTX_DAG_ID='5.1_orquestacion' AIRFLOW_CTX_TASK_ID='tarea4' AIRFLOW_CTX_EXECUTION_DATE='2024-03-20T00:00:00+00:00' AIRFLOW_CTX_TRY_NUMBER='1' AIRFLOW_CTX_DAG_RUN_ID='scheduled__2024-03-20T00:00:00+00:00'
[2024-05-07T23:42:01.666+0000] {taskinstance.py:430} INFO - ::endgroup::
[2024-05-07T23:42:01.680+0000] {subprocess.py:63} INFO - Tmp dir root location: /tmp
[2024-05-07T23:42:01.681+0000] {subprocess.py:75} INFO - Running command: ['/usr/bin/bash', '-c', "sleep 2 && echo 'Tarea 4'"]
[2024-05-07T23:42:01.691+0000] {subprocess.py:86} INFO - Output:
[2024-05-07T23:42:03.696+0000] {subprocess.py:93} INFO - Tarea 4
[2024-05-07T23:42:03.697+0000] {subprocess.py:97} INFO - Command exited with return code 0
[2024-05-07T23:42:03.703+0000] {taskinstance.py:441} INFO - ::group::Post task execution logs
[2024-05-07T23:42:03.818+0000] {taskinstance.py:1206} INFO - Marking task as SUCCESS. dag_id=5.1_orquestacion, task_id=tarea4, run_id=scheduled__2024-03-20T00:00:00+00:00, execution_date=20240320T000000, start_date=20240507T234201, end_date=20240507T234203
[2024-05-07T23:42:03.893+0000] {local_task_job_runner.py:240} INFO - Task exited with return code 0
[2024-05-07T23:42:03.902+0000] {local_task_job_runner.py:222} INFO - ::endgroup::
[2024-05-07T23:49:02.635+0000] {local_task_job_runner.py:120} INFO - ::group::Pre task execution logs
[2024-05-07T23:49:02.657+0000] {taskinstance.py:2076} INFO - Dependencies all met for dep_context=non-requeueable deps ti=<TaskInstance: 5.1_orquestacion.tarea4 scheduled__2024-03-20T00:00:00+00:00 [queued]>
[2024-05-07T23:49:02.666+0000] {taskinstance.py:2076} INFO - Dependencies all met for dep_context=requeueable deps ti=<TaskInstance: 5.1_orquestacion.tarea4 scheduled__2024-03-20T00:00:00+00:00 [queued]>
[2024-05-07T23:49:02.667+0000] {taskinstance.py:2306} INFO - Starting attempt 1 of 1
[2024-05-07T23:49:02.680+0000] {taskinstance.py:2330} INFO - Executing <Task(BashOperator): tarea4> on 2024-03-20 00:00:00+00:00
[2024-05-07T23:49:02.696+0000] {warnings.py:110} WARNING - /home/***/.local/lib/python3.12/site-packages/***/task/task_runner/standard_task_runner.py:61: DeprecationWarning: This process (pid=3701) is multi-threaded, use of fork() may lead to deadlocks in the child.
  pid = os.fork()

[2024-05-07T23:49:02.697+0000] {standard_task_runner.py:90} INFO - Running: ['***', 'tasks', 'run', '5.1_orquestacion', 'tarea4', 'scheduled__2024-03-20T00:00:00+00:00', '--job-id', '264', '--raw', '--subdir', 'DAGS_FOLDER/051_orquestacion.py', '--cfg-path', '/tmp/tmp3116oc8l']
[2024-05-07T23:49:02.708+0000] {standard_task_runner.py:63} INFO - Started process 3703 to run task
[2024-05-07T23:49:02.710+0000] {standard_task_runner.py:91} INFO - Job 264: Subtask tarea4
[2024-05-07T23:49:02.749+0000] {task_command.py:426} INFO - Running <TaskInstance: 5.1_orquestacion.tarea4 scheduled__2024-03-20T00:00:00+00:00 [running]> on host 521bf890d837
[2024-05-07T23:49:02.818+0000] {taskinstance.py:2648} INFO - Exporting env vars: AIRFLOW_CTX_DAG_OWNER='***' AIRFLOW_CTX_DAG_ID='5.1_orquestacion' AIRFLOW_CTX_TASK_ID='tarea4' AIRFLOW_CTX_EXECUTION_DATE='2024-03-20T00:00:00+00:00' AIRFLOW_CTX_TRY_NUMBER='1' AIRFLOW_CTX_DAG_RUN_ID='scheduled__2024-03-20T00:00:00+00:00'
[2024-05-07T23:49:02.819+0000] {taskinstance.py:430} INFO - ::endgroup::
[2024-05-07T23:49:02.828+0000] {subprocess.py:63} INFO - Tmp dir root location: /tmp
[2024-05-07T23:49:02.829+0000] {subprocess.py:75} INFO - Running command: ['/usr/bin/bash', '-c', "sleep 2 && echo 'Tarea 4'"]
[2024-05-07T23:49:02.836+0000] {subprocess.py:86} INFO - Output:
[2024-05-07T23:49:04.838+0000] {subprocess.py:93} INFO - Tarea 4
[2024-05-07T23:49:04.839+0000] {subprocess.py:97} INFO - Command exited with return code 0
[2024-05-07T23:49:04.843+0000] {taskinstance.py:441} INFO - ::group::Post task execution logs
[2024-05-07T23:49:04.867+0000] {taskinstance.py:1206} INFO - Marking task as SUCCESS. dag_id=5.1_orquestacion, task_id=tarea4, run_id=scheduled__2024-03-20T00:00:00+00:00, execution_date=20240320T000000, start_date=20240507T234902, end_date=20240507T234904
[2024-05-07T23:49:04.896+0000] {local_task_job_runner.py:240} INFO - Task exited with return code 0
[2024-05-07T23:49:04.904+0000] {local_task_job_runner.py:222} INFO - ::endgroup::
