[2024-05-08T20:13:31.183+0000] {local_task_job_runner.py:120} INFO - ::group::Pre task execution logs
[2024-05-08T20:13:31.205+0000] {taskinstance.py:2076} INFO - Dependencies all met for dep_context=non-requeueable deps ti=<TaskInstance: 8_Templating.tarea1 scheduled__2022-07-29T00:00:00+00:00 [queued]>
[2024-05-08T20:13:31.215+0000] {taskinstance.py:2076} INFO - Dependencies all met for dep_context=requeueable deps ti=<TaskInstance: 8_Templating.tarea1 scheduled__2022-07-29T00:00:00+00:00 [queued]>
[2024-05-08T20:13:31.215+0000] {taskinstance.py:2306} INFO - Starting attempt 1 of 1
[2024-05-08T20:13:31.225+0000] {taskinstance.py:2330} INFO - Executing <Task(BashOperator): tarea1> on 2022-07-29 00:00:00+00:00
[2024-05-08T20:13:31.230+0000] {warnings.py:110} WARNING - /home/***/.local/lib/python3.12/site-packages/***/task/task_runner/standard_task_runner.py:61: DeprecationWarning: This process (pid=2857) is multi-threaded, use of fork() may lead to deadlocks in the child.
  pid = os.fork()

[2024-05-08T20:13:31.231+0000] {standard_task_runner.py:90} INFO - Running: ['***', 'tasks', 'run', '8_Templating', 'tarea1', 'scheduled__2022-07-29T00:00:00+00:00', '--job-id', '840', '--raw', '--subdir', 'DAGS_FOLDER/08_Templating.py', '--cfg-path', '/tmp/tmpafzg3hy1']
[2024-05-08T20:13:31.232+0000] {standard_task_runner.py:63} INFO - Started process 2858 to run task
[2024-05-08T20:13:31.235+0000] {standard_task_runner.py:91} INFO - Job 840: Subtask tarea1
[2024-05-08T20:13:31.270+0000] {task_command.py:426} INFO - Running <TaskInstance: 8_Templating.tarea1 scheduled__2022-07-29T00:00:00+00:00 [running]> on host ccc314eb571d
[2024-05-08T20:13:31.334+0000] {taskinstance.py:2648} INFO - Exporting env vars: AIRFLOW_CTX_DAG_OWNER='***' AIRFLOW_CTX_DAG_ID='8_Templating' AIRFLOW_CTX_TASK_ID='tarea1' AIRFLOW_CTX_EXECUTION_DATE='2022-07-29T00:00:00+00:00' AIRFLOW_CTX_TRY_NUMBER='1' AIRFLOW_CTX_DAG_RUN_ID='scheduled__2022-07-29T00:00:00+00:00'
[2024-05-08T20:13:31.335+0000] {taskinstance.py:430} INFO - ::endgroup::
[2024-05-08T20:13:31.345+0000] {subprocess.py:63} INFO - Tmp dir root location: /tmp
[2024-05-08T20:13:31.346+0000] {subprocess.py:75} INFO - Running command: ['/usr/bin/bash', '-c', '\n\n    echo "2022-07-29"\n    echo "file1.txt"\n\n    echo "2022-07-29"\n    echo "file2.txt"\n']
[2024-05-08T20:13:31.354+0000] {subprocess.py:86} INFO - Output:
[2024-05-08T20:13:31.355+0000] {subprocess.py:93} INFO - 2022-07-29
[2024-05-08T20:13:31.355+0000] {subprocess.py:93} INFO - file1.txt
[2024-05-08T20:13:31.356+0000] {subprocess.py:93} INFO - 2022-07-29
[2024-05-08T20:13:31.356+0000] {subprocess.py:93} INFO - file2.txt
[2024-05-08T20:13:31.356+0000] {subprocess.py:97} INFO - Command exited with return code 0
[2024-05-08T20:13:31.357+0000] {taskinstance.py:441} INFO - ::group::Post task execution logs
[2024-05-08T20:13:31.373+0000] {taskinstance.py:1206} INFO - Marking task as SUCCESS. dag_id=8_Templating, task_id=tarea1, run_id=scheduled__2022-07-29T00:00:00+00:00, execution_date=20220729T000000, start_date=20240508T201331, end_date=20240508T201331
[2024-05-08T20:13:31.408+0000] {local_task_job_runner.py:240} INFO - Task exited with return code 0
[2024-05-08T20:13:31.419+0000] {taskinstance.py:3498} INFO - 0 downstream tasks scheduled from follow-on schedule check
[2024-05-08T20:13:31.421+0000] {local_task_job_runner.py:222} INFO - ::endgroup::
