[2024-05-08T00:26:03.946+0000] {local_task_job_runner.py:120} INFO - ::group::Pre task execution logs
[2024-05-08T00:26:03.965+0000] {taskinstance.py:2076} INFO - Dependencies all met for dep_context=non-requeueable deps ti=<TaskInstance: 6.1_monitoring.tarea4 scheduled__2024-01-15T00:00:00+00:00 [queued]>
[2024-05-08T00:26:03.973+0000] {taskinstance.py:2076} INFO - Dependencies all met for dep_context=requeueable deps ti=<TaskInstance: 6.1_monitoring.tarea4 scheduled__2024-01-15T00:00:00+00:00 [queued]>
[2024-05-08T00:26:03.989+0000] {taskinstance.py:2306} INFO - Starting attempt 1 of 1
[2024-05-08T00:26:04.001+0000] {taskinstance.py:2330} INFO - Executing <Task(PythonOperator): tarea4> on 2024-01-15 00:00:00+00:00
[2024-05-08T00:26:04.006+0000] {warnings.py:110} WARNING - /home/***/.local/lib/python3.12/site-packages/***/task/task_runner/standard_task_runner.py:61: DeprecationWarning: This process (pid=4524) is multi-threaded, use of fork() may lead to deadlocks in the child.
  pid = os.fork()

[2024-05-08T00:26:04.007+0000] {standard_task_runner.py:63} INFO - Started process 4525 to run task
[2024-05-08T00:26:04.007+0000] {standard_task_runner.py:90} INFO - Running: ['***', 'tasks', 'run', '6.1_monitoring', 'tarea4', 'scheduled__2024-01-15T00:00:00+00:00', '--job-id', '356', '--raw', '--subdir', 'DAGS_FOLDER/061_monitoring.py', '--cfg-path', '/tmp/tmpntxcqr49']
[2024-05-08T00:26:04.008+0000] {standard_task_runner.py:91} INFO - Job 356: Subtask tarea4
[2024-05-08T00:26:04.076+0000] {task_command.py:426} INFO - Running <TaskInstance: 6.1_monitoring.tarea4 scheduled__2024-01-15T00:00:00+00:00 [running]> on host 521bf890d837
[2024-05-08T00:26:04.148+0000] {taskinstance.py:2648} INFO - Exporting env vars: AIRFLOW_CTX_DAG_OWNER='***' AIRFLOW_CTX_DAG_ID='6.1_monitoring' AIRFLOW_CTX_TASK_ID='tarea4' AIRFLOW_CTX_EXECUTION_DATE='2024-01-15T00:00:00+00:00' AIRFLOW_CTX_TRY_NUMBER='1' AIRFLOW_CTX_DAG_RUN_ID='scheduled__2024-01-15T00:00:00+00:00'
[2024-05-08T00:26:04.150+0000] {taskinstance.py:430} INFO - ::endgroup::
[2024-05-08T00:26:04.161+0000] {taskinstance.py:441} INFO - ::group::Post task execution logs
[2024-05-08T00:26:04.162+0000] {taskinstance.py:2905} ERROR - Task failed with exception
Traceback (most recent call last):
  File "/home/airflow/.local/lib/python3.12/site-packages/airflow/models/taskinstance.py", line 465, in _execute_task
    result = _execute_callable(context=context, **execute_callable_kwargs)
             ^^^^^^^^^^^^^^^^^^^^^^^^^^^^^^^^^^^^^^^^^^^^^^^^^^^^^^^^^^^^^
  File "/home/airflow/.local/lib/python3.12/site-packages/airflow/models/taskinstance.py", line 432, in _execute_callable
    return execute_callable(context=context, **execute_callable_kwargs)
           ^^^^^^^^^^^^^^^^^^^^^^^^^^^^^^^^^^^^^^^^^^^^^^^^^^^^^^^^^^^^
  File "/home/airflow/.local/lib/python3.12/site-packages/airflow/models/baseoperator.py", line 400, in wrapper
    return func(self, *args, **kwargs)
           ^^^^^^^^^^^^^^^^^^^^^^^^^^^
  File "/home/airflow/.local/lib/python3.12/site-packages/airflow/operators/python.py", line 235, in execute
    return_value = self.execute_callable()
                   ^^^^^^^^^^^^^^^^^^^^^^^
  File "/home/airflow/.local/lib/python3.12/site-packages/airflow/operators/python.py", line 252, in execute_callable
    return self.python_callable(*self.op_args, **self.op_kwargs)
           ^^^^^^^^^^^^^^^^^^^^^^^^^^^^^^^^^^^^^^^^^^^^^^^^^^^^^
  File "/opt/airflow/dags/061_monitoring.py", line 7, in myfunction
    raise Exception
Exception
[2024-05-08T00:26:04.172+0000] {taskinstance.py:1206} INFO - Marking task as FAILED. dag_id=6.1_monitoring, task_id=tarea4, run_id=scheduled__2024-01-15T00:00:00+00:00, execution_date=20240115T000000, start_date=20240508T002603, end_date=20240508T002604
[2024-05-08T00:26:04.181+0000] {standard_task_runner.py:110} ERROR - Failed to execute job 356 for task tarea4 (; 4525)
[2024-05-08T00:26:04.221+0000] {local_task_job_runner.py:240} INFO - Task exited with return code 1
[2024-05-08T00:26:04.239+0000] {taskinstance.py:3498} INFO - 0 downstream tasks scheduled from follow-on schedule check
[2024-05-08T00:26:04.244+0000] {local_task_job_runner.py:222} INFO - ::endgroup::
