[2024-05-07T23:42:05.127+0000] {local_task_job_runner.py:120} INFO - ::group::Pre task execution logs
[2024-05-07T23:42:05.169+0000] {taskinstance.py:2076} INFO - Dependencies all met for dep_context=non-requeueable deps ti=<TaskInstance: 5.1_orquestacion.tarea1 scheduled__2024-03-23T00:00:00+00:00 [queued]>
[2024-05-07T23:42:05.182+0000] {taskinstance.py:2076} INFO - Dependencies all met for dep_context=requeueable deps ti=<TaskInstance: 5.1_orquestacion.tarea1 scheduled__2024-03-23T00:00:00+00:00 [queued]>
[2024-05-07T23:42:05.183+0000] {taskinstance.py:2306} INFO - Starting attempt 1 of 1
[2024-05-07T23:42:05.198+0000] {taskinstance.py:2330} INFO - Executing <Task(BashOperator): tarea1> on 2024-03-23 00:00:00+00:00
[2024-05-07T23:42:05.204+0000] {warnings.py:110} WARNING - /home/***/.local/lib/python3.12/site-packages/***/task/task_runner/standard_task_runner.py:61: DeprecationWarning: This process (pid=3118) is multi-threaded, use of fork() may lead to deadlocks in the child.
  pid = os.fork()

[2024-05-07T23:42:05.206+0000] {standard_task_runner.py:63} INFO - Started process 3122 to run task
[2024-05-07T23:42:05.205+0000] {standard_task_runner.py:90} INFO - Running: ['***', 'tasks', 'run', '5.1_orquestacion', 'tarea1', 'scheduled__2024-03-23T00:00:00+00:00', '--job-id', '140', '--raw', '--subdir', 'DAGS_FOLDER/051_orquestacion.py', '--cfg-path', '/tmp/tmp3yuzojf4']
[2024-05-07T23:42:05.207+0000] {standard_task_runner.py:91} INFO - Job 140: Subtask tarea1
[2024-05-07T23:42:05.251+0000] {task_command.py:426} INFO - Running <TaskInstance: 5.1_orquestacion.tarea1 scheduled__2024-03-23T00:00:00+00:00 [running]> on host 521bf890d837
[2024-05-07T23:42:05.353+0000] {taskinstance.py:2648} INFO - Exporting env vars: AIRFLOW_CTX_DAG_OWNER='***' AIRFLOW_CTX_DAG_ID='5.1_orquestacion' AIRFLOW_CTX_TASK_ID='tarea1' AIRFLOW_CTX_EXECUTION_DATE='2024-03-23T00:00:00+00:00' AIRFLOW_CTX_TRY_NUMBER='1' AIRFLOW_CTX_DAG_RUN_ID='scheduled__2024-03-23T00:00:00+00:00'
[2024-05-07T23:42:05.354+0000] {taskinstance.py:430} INFO - ::endgroup::
[2024-05-07T23:42:05.367+0000] {subprocess.py:63} INFO - Tmp dir root location: /tmp
[2024-05-07T23:42:05.368+0000] {subprocess.py:75} INFO - Running command: ['/usr/bin/bash', '-c', "sleep 2 && echo 'Tarea 1'"]
[2024-05-07T23:42:05.376+0000] {subprocess.py:86} INFO - Output:
[2024-05-07T23:42:07.379+0000] {subprocess.py:93} INFO - Tarea 1
[2024-05-07T23:42:07.390+0000] {subprocess.py:97} INFO - Command exited with return code 0
[2024-05-07T23:42:07.400+0000] {taskinstance.py:441} INFO - ::group::Post task execution logs
[2024-05-07T23:42:07.481+0000] {taskinstance.py:1206} INFO - Marking task as SUCCESS. dag_id=5.1_orquestacion, task_id=tarea1, run_id=scheduled__2024-03-23T00:00:00+00:00, execution_date=20240323T000000, start_date=20240507T234205, end_date=20240507T234207
[2024-05-07T23:42:07.555+0000] {local_task_job_runner.py:240} INFO - Task exited with return code 0
[2024-05-07T23:42:07.612+0000] {taskinstance.py:3498} INFO - 1 downstream tasks scheduled from follow-on schedule check
[2024-05-07T23:42:07.617+0000] {local_task_job_runner.py:222} INFO - ::endgroup::
[2024-05-07T23:49:26.577+0000] {local_task_job_runner.py:120} INFO - ::group::Pre task execution logs
[2024-05-07T23:49:26.603+0000] {taskinstance.py:2076} INFO - Dependencies all met for dep_context=non-requeueable deps ti=<TaskInstance: 5.1_orquestacion.tarea1 scheduled__2024-03-23T00:00:00+00:00 [queued]>
[2024-05-07T23:49:26.615+0000] {taskinstance.py:2076} INFO - Dependencies all met for dep_context=requeueable deps ti=<TaskInstance: 5.1_orquestacion.tarea1 scheduled__2024-03-23T00:00:00+00:00 [queued]>
[2024-05-07T23:49:26.618+0000] {taskinstance.py:2306} INFO - Starting attempt 1 of 1
[2024-05-07T23:49:26.635+0000] {taskinstance.py:2330} INFO - Executing <Task(BashOperator): tarea1> on 2024-03-23 00:00:00+00:00
[2024-05-07T23:49:26.654+0000] {warnings.py:110} WARNING - /home/***/.local/lib/python3.12/site-packages/***/task/task_runner/standard_task_runner.py:61: DeprecationWarning: This process (pid=3748) is multi-threaded, use of fork() may lead to deadlocks in the child.
  pid = os.fork()

[2024-05-07T23:49:26.655+0000] {standard_task_runner.py:90} INFO - Running: ['***', 'tasks', 'run', '5.1_orquestacion', 'tarea1', 'scheduled__2024-03-23T00:00:00+00:00', '--job-id', '273', '--raw', '--subdir', 'DAGS_FOLDER/051_orquestacion.py', '--cfg-path', '/tmp/tmpvxq5l353']
[2024-05-07T23:49:26.663+0000] {standard_task_runner.py:63} INFO - Started process 3749 to run task
[2024-05-07T23:49:26.677+0000] {standard_task_runner.py:91} INFO - Job 273: Subtask tarea1
[2024-05-07T23:49:26.727+0000] {task_command.py:426} INFO - Running <TaskInstance: 5.1_orquestacion.tarea1 scheduled__2024-03-23T00:00:00+00:00 [running]> on host 521bf890d837
[2024-05-07T23:49:26.795+0000] {taskinstance.py:2648} INFO - Exporting env vars: AIRFLOW_CTX_DAG_OWNER='***' AIRFLOW_CTX_DAG_ID='5.1_orquestacion' AIRFLOW_CTX_TASK_ID='tarea1' AIRFLOW_CTX_EXECUTION_DATE='2024-03-23T00:00:00+00:00' AIRFLOW_CTX_TRY_NUMBER='1' AIRFLOW_CTX_DAG_RUN_ID='scheduled__2024-03-23T00:00:00+00:00'
[2024-05-07T23:49:26.795+0000] {taskinstance.py:430} INFO - ::endgroup::
[2024-05-07T23:49:26.809+0000] {subprocess.py:63} INFO - Tmp dir root location: /tmp
[2024-05-07T23:49:26.811+0000] {subprocess.py:75} INFO - Running command: ['/usr/bin/bash', '-c', "sleep 2 && echo 'Tarea 1'"]
[2024-05-07T23:49:26.824+0000] {subprocess.py:86} INFO - Output:
[2024-05-07T23:49:28.827+0000] {subprocess.py:93} INFO - Tarea 1
[2024-05-07T23:49:28.837+0000] {subprocess.py:97} INFO - Command exited with return code 0
[2024-05-07T23:49:28.839+0000] {taskinstance.py:441} INFO - ::group::Post task execution logs
[2024-05-07T23:49:28.859+0000] {taskinstance.py:1206} INFO - Marking task as SUCCESS. dag_id=5.1_orquestacion, task_id=tarea1, run_id=scheduled__2024-03-23T00:00:00+00:00, execution_date=20240323T000000, start_date=20240507T234926, end_date=20240507T234928
[2024-05-07T23:49:28.908+0000] {local_task_job_runner.py:240} INFO - Task exited with return code 0
[2024-05-07T23:49:28.934+0000] {taskinstance.py:3498} INFO - 1 downstream tasks scheduled from follow-on schedule check
[2024-05-07T23:49:28.937+0000] {local_task_job_runner.py:222} INFO - ::endgroup::
