[2024-05-07T23:41:44.242+0000] {local_task_job_runner.py:120} INFO - ::group::Pre task execution logs
[2024-05-07T23:41:44.271+0000] {taskinstance.py:2076} INFO - Dependencies all met for dep_context=non-requeueable deps ti=<TaskInstance: 5.1_orquestacion.tarea4 scheduled__2024-03-15T00:00:00+00:00 [queued]>
[2024-05-07T23:41:44.283+0000] {taskinstance.py:2076} INFO - Dependencies all met for dep_context=requeueable deps ti=<TaskInstance: 5.1_orquestacion.tarea4 scheduled__2024-03-15T00:00:00+00:00 [queued]>
[2024-05-07T23:41:44.284+0000] {taskinstance.py:2306} INFO - Starting attempt 1 of 1
[2024-05-07T23:41:44.303+0000] {taskinstance.py:2330} INFO - Executing <Task(BashOperator): tarea4> on 2024-03-15 00:00:00+00:00
[2024-05-07T23:41:44.310+0000] {warnings.py:110} WARNING - /home/***/.local/lib/python3.12/site-packages/***/task/task_runner/standard_task_runner.py:61: DeprecationWarning: This process (pid=3022) is multi-threaded, use of fork() may lead to deadlocks in the child.
  pid = os.fork()

[2024-05-07T23:41:44.311+0000] {standard_task_runner.py:63} INFO - Started process 3026 to run task
[2024-05-07T23:41:44.311+0000] {standard_task_runner.py:90} INFO - Running: ['***', 'tasks', 'run', '5.1_orquestacion', 'tarea4', 'scheduled__2024-03-15T00:00:00+00:00', '--job-id', '116', '--raw', '--subdir', 'DAGS_FOLDER/051_orquestacion.py', '--cfg-path', '/tmp/tmph32e90qb']
[2024-05-07T23:41:44.313+0000] {standard_task_runner.py:91} INFO - Job 116: Subtask tarea4
[2024-05-07T23:41:44.357+0000] {task_command.py:426} INFO - Running <TaskInstance: 5.1_orquestacion.tarea4 scheduled__2024-03-15T00:00:00+00:00 [running]> on host 521bf890d837
[2024-05-07T23:41:44.460+0000] {taskinstance.py:2648} INFO - Exporting env vars: AIRFLOW_CTX_DAG_OWNER='***' AIRFLOW_CTX_DAG_ID='5.1_orquestacion' AIRFLOW_CTX_TASK_ID='tarea4' AIRFLOW_CTX_EXECUTION_DATE='2024-03-15T00:00:00+00:00' AIRFLOW_CTX_TRY_NUMBER='1' AIRFLOW_CTX_DAG_RUN_ID='scheduled__2024-03-15T00:00:00+00:00'
[2024-05-07T23:41:44.461+0000] {taskinstance.py:430} INFO - ::endgroup::
[2024-05-07T23:41:44.475+0000] {subprocess.py:63} INFO - Tmp dir root location: /tmp
[2024-05-07T23:41:44.476+0000] {subprocess.py:75} INFO - Running command: ['/usr/bin/bash', '-c', "sleep 2 && echo 'Tarea 4'"]
[2024-05-07T23:41:44.483+0000] {subprocess.py:86} INFO - Output:
[2024-05-07T23:41:46.485+0000] {subprocess.py:93} INFO - Tarea 4
[2024-05-07T23:41:46.487+0000] {subprocess.py:97} INFO - Command exited with return code 0
[2024-05-07T23:41:46.494+0000] {taskinstance.py:441} INFO - ::group::Post task execution logs
[2024-05-07T23:41:46.629+0000] {taskinstance.py:1206} INFO - Marking task as SUCCESS. dag_id=5.1_orquestacion, task_id=tarea4, run_id=scheduled__2024-03-15T00:00:00+00:00, execution_date=20240315T000000, start_date=20240507T234144, end_date=20240507T234146
[2024-05-07T23:41:46.738+0000] {local_task_job_runner.py:240} INFO - Task exited with return code 0
[2024-05-07T23:41:46.841+0000] {taskinstance.py:3498} INFO - 0 downstream tasks scheduled from follow-on schedule check
[2024-05-07T23:41:46.850+0000] {local_task_job_runner.py:222} INFO - ::endgroup::
[2024-05-07T23:48:04.336+0000] {local_task_job_runner.py:120} INFO - ::group::Pre task execution logs
[2024-05-07T23:48:04.375+0000] {taskinstance.py:2076} INFO - Dependencies all met for dep_context=non-requeueable deps ti=<TaskInstance: 5.1_orquestacion.tarea4 scheduled__2024-03-15T00:00:00+00:00 [queued]>
[2024-05-07T23:48:04.388+0000] {taskinstance.py:2076} INFO - Dependencies all met for dep_context=requeueable deps ti=<TaskInstance: 5.1_orquestacion.tarea4 scheduled__2024-03-15T00:00:00+00:00 [queued]>
[2024-05-07T23:48:04.389+0000] {taskinstance.py:2306} INFO - Starting attempt 1 of 1
[2024-05-07T23:48:04.408+0000] {taskinstance.py:2330} INFO - Executing <Task(BashOperator): tarea4> on 2024-03-15 00:00:00+00:00
[2024-05-07T23:48:04.416+0000] {warnings.py:110} WARNING - /home/***/.local/lib/python3.12/site-packages/***/task/task_runner/standard_task_runner.py:61: DeprecationWarning: This process (pid=3607) is multi-threaded, use of fork() may lead to deadlocks in the child.
  pid = os.fork()

[2024-05-07T23:48:04.418+0000] {standard_task_runner.py:63} INFO - Started process 3609 to run task
[2024-05-07T23:48:04.417+0000] {standard_task_runner.py:90} INFO - Running: ['***', 'tasks', 'run', '5.1_orquestacion', 'tarea4', 'scheduled__2024-03-15T00:00:00+00:00', '--job-id', '243', '--raw', '--subdir', 'DAGS_FOLDER/051_orquestacion.py', '--cfg-path', '/tmp/tmp99bov9mr']
[2024-05-07T23:48:04.419+0000] {standard_task_runner.py:91} INFO - Job 243: Subtask tarea4
[2024-05-07T23:48:04.474+0000] {task_command.py:426} INFO - Running <TaskInstance: 5.1_orquestacion.tarea4 scheduled__2024-03-15T00:00:00+00:00 [running]> on host 521bf890d837
[2024-05-07T23:48:04.567+0000] {taskinstance.py:2648} INFO - Exporting env vars: AIRFLOW_CTX_DAG_OWNER='***' AIRFLOW_CTX_DAG_ID='5.1_orquestacion' AIRFLOW_CTX_TASK_ID='tarea4' AIRFLOW_CTX_EXECUTION_DATE='2024-03-15T00:00:00+00:00' AIRFLOW_CTX_TRY_NUMBER='1' AIRFLOW_CTX_DAG_RUN_ID='scheduled__2024-03-15T00:00:00+00:00'
[2024-05-07T23:48:04.569+0000] {taskinstance.py:430} INFO - ::endgroup::
[2024-05-07T23:48:04.583+0000] {subprocess.py:63} INFO - Tmp dir root location: /tmp
[2024-05-07T23:48:04.584+0000] {subprocess.py:75} INFO - Running command: ['/usr/bin/bash', '-c', "sleep 2 && echo 'Tarea 4'"]
[2024-05-07T23:48:04.594+0000] {subprocess.py:86} INFO - Output:
[2024-05-07T23:48:06.597+0000] {subprocess.py:93} INFO - Tarea 4
[2024-05-07T23:48:06.598+0000] {subprocess.py:97} INFO - Command exited with return code 0
[2024-05-07T23:48:06.603+0000] {taskinstance.py:441} INFO - ::group::Post task execution logs
[2024-05-07T23:48:06.649+0000] {taskinstance.py:1206} INFO - Marking task as SUCCESS. dag_id=5.1_orquestacion, task_id=tarea4, run_id=scheduled__2024-03-15T00:00:00+00:00, execution_date=20240315T000000, start_date=20240507T234804, end_date=20240507T234806
[2024-05-07T23:48:06.728+0000] {local_task_job_runner.py:240} INFO - Task exited with return code 0
[2024-05-07T23:48:06.762+0000] {taskinstance.py:3498} INFO - 0 downstream tasks scheduled from follow-on schedule check
[2024-05-07T23:48:06.765+0000] {local_task_job_runner.py:222} INFO - ::endgroup::
