[2024-05-07T23:40:58.088+0000] {local_task_job_runner.py:120} INFO - ::group::Pre task execution logs
[2024-05-07T23:40:58.163+0000] {taskinstance.py:2076} INFO - Dependencies all met for dep_context=non-requeueable deps ti=<TaskInstance: 5.1_orquestacion.tarea4 scheduled__2024-03-03T00:00:00+00:00 [queued]>
[2024-05-07T23:40:58.178+0000] {taskinstance.py:2076} INFO - Dependencies all met for dep_context=requeueable deps ti=<TaskInstance: 5.1_orquestacion.tarea4 scheduled__2024-03-03T00:00:00+00:00 [queued]>
[2024-05-07T23:40:58.179+0000] {taskinstance.py:2306} INFO - Starting attempt 1 of 1
[2024-05-07T23:40:58.200+0000] {taskinstance.py:2330} INFO - Executing <Task(BashOperator): tarea4> on 2024-03-03 00:00:00+00:00
[2024-05-07T23:40:58.206+0000] {warnings.py:110} WARNING - /home/***/.local/lib/python3.12/site-packages/***/task/task_runner/standard_task_runner.py:61: DeprecationWarning: This process (pid=2817) is multi-threaded, use of fork() may lead to deadlocks in the child.
  pid = os.fork()

[2024-05-07T23:40:58.208+0000] {standard_task_runner.py:63} INFO - Started process 2822 to run task
[2024-05-07T23:40:58.208+0000] {standard_task_runner.py:90} INFO - Running: ['***', 'tasks', 'run', '5.1_orquestacion', 'tarea4', 'scheduled__2024-03-03T00:00:00+00:00', '--job-id', '70', '--raw', '--subdir', 'DAGS_FOLDER/051_orquestacion.py', '--cfg-path', '/tmp/tmpyefh0rj2']
[2024-05-07T23:40:58.210+0000] {standard_task_runner.py:91} INFO - Job 70: Subtask tarea4
[2024-05-07T23:40:58.258+0000] {task_command.py:426} INFO - Running <TaskInstance: 5.1_orquestacion.tarea4 scheduled__2024-03-03T00:00:00+00:00 [running]> on host 521bf890d837
[2024-05-07T23:40:58.340+0000] {taskinstance.py:2648} INFO - Exporting env vars: AIRFLOW_CTX_DAG_OWNER='***' AIRFLOW_CTX_DAG_ID='5.1_orquestacion' AIRFLOW_CTX_TASK_ID='tarea4' AIRFLOW_CTX_EXECUTION_DATE='2024-03-03T00:00:00+00:00' AIRFLOW_CTX_TRY_NUMBER='1' AIRFLOW_CTX_DAG_RUN_ID='scheduled__2024-03-03T00:00:00+00:00'
[2024-05-07T23:40:58.340+0000] {taskinstance.py:430} INFO - ::endgroup::
[2024-05-07T23:40:58.353+0000] {subprocess.py:63} INFO - Tmp dir root location: /tmp
[2024-05-07T23:40:58.354+0000] {subprocess.py:75} INFO - Running command: ['/usr/bin/bash', '-c', "sleep 2 && echo 'Tarea 4'"]
[2024-05-07T23:40:58.364+0000] {subprocess.py:86} INFO - Output:
[2024-05-07T23:41:00.370+0000] {subprocess.py:93} INFO - Tarea 4
[2024-05-07T23:41:00.371+0000] {subprocess.py:97} INFO - Command exited with return code 0
[2024-05-07T23:41:00.372+0000] {taskinstance.py:441} INFO - ::group::Post task execution logs
[2024-05-07T23:41:00.521+0000] {taskinstance.py:1206} INFO - Marking task as SUCCESS. dag_id=5.1_orquestacion, task_id=tarea4, run_id=scheduled__2024-03-03T00:00:00+00:00, execution_date=20240303T000000, start_date=20240507T234058, end_date=20240507T234100
[2024-05-07T23:41:00.640+0000] {local_task_job_runner.py:240} INFO - Task exited with return code 0
[2024-05-07T23:41:00.756+0000] {taskinstance.py:3498} INFO - 0 downstream tasks scheduled from follow-on schedule check
[2024-05-07T23:41:00.760+0000] {local_task_job_runner.py:222} INFO - ::endgroup::
[2024-05-07T23:45:43.121+0000] {local_task_job_runner.py:120} INFO - ::group::Pre task execution logs
[2024-05-07T23:45:43.145+0000] {taskinstance.py:2076} INFO - Dependencies all met for dep_context=non-requeueable deps ti=<TaskInstance: 5.1_orquestacion.tarea4 scheduled__2024-03-03T00:00:00+00:00 [queued]>
[2024-05-07T23:45:43.159+0000] {taskinstance.py:2076} INFO - Dependencies all met for dep_context=requeueable deps ti=<TaskInstance: 5.1_orquestacion.tarea4 scheduled__2024-03-03T00:00:00+00:00 [queued]>
[2024-05-07T23:45:43.162+0000] {taskinstance.py:2306} INFO - Starting attempt 1 of 1
[2024-05-07T23:45:43.181+0000] {taskinstance.py:2330} INFO - Executing <Task(BashOperator): tarea4> on 2024-03-03 00:00:00+00:00
[2024-05-07T23:45:43.195+0000] {warnings.py:110} WARNING - /home/***/.local/lib/python3.12/site-packages/***/task/task_runner/standard_task_runner.py:61: DeprecationWarning: This process (pid=3387) is multi-threaded, use of fork() may lead to deadlocks in the child.
  pid = os.fork()

[2024-05-07T23:45:43.197+0000] {standard_task_runner.py:90} INFO - Running: ['***', 'tasks', 'run', '5.1_orquestacion', 'tarea4', 'scheduled__2024-03-03T00:00:00+00:00', '--job-id', '195', '--raw', '--subdir', 'DAGS_FOLDER/051_orquestacion.py', '--cfg-path', '/tmp/tmpv97kbrow']
[2024-05-07T23:45:43.203+0000] {standard_task_runner.py:63} INFO - Started process 3389 to run task
[2024-05-07T23:45:43.207+0000] {standard_task_runner.py:91} INFO - Job 195: Subtask tarea4
[2024-05-07T23:45:43.251+0000] {task_command.py:426} INFO - Running <TaskInstance: 5.1_orquestacion.tarea4 scheduled__2024-03-03T00:00:00+00:00 [running]> on host 521bf890d837
[2024-05-07T23:45:43.386+0000] {taskinstance.py:2648} INFO - Exporting env vars: AIRFLOW_CTX_DAG_OWNER='***' AIRFLOW_CTX_DAG_ID='5.1_orquestacion' AIRFLOW_CTX_TASK_ID='tarea4' AIRFLOW_CTX_EXECUTION_DATE='2024-03-03T00:00:00+00:00' AIRFLOW_CTX_TRY_NUMBER='1' AIRFLOW_CTX_DAG_RUN_ID='scheduled__2024-03-03T00:00:00+00:00'
[2024-05-07T23:45:43.391+0000] {taskinstance.py:430} INFO - ::endgroup::
[2024-05-07T23:45:43.402+0000] {subprocess.py:63} INFO - Tmp dir root location: /tmp
[2024-05-07T23:45:43.403+0000] {subprocess.py:75} INFO - Running command: ['/usr/bin/bash', '-c', "sleep 2 && echo 'Tarea 4'"]
[2024-05-07T23:45:43.412+0000] {subprocess.py:86} INFO - Output:
[2024-05-07T23:45:45.417+0000] {subprocess.py:93} INFO - Tarea 4
[2024-05-07T23:45:45.421+0000] {subprocess.py:97} INFO - Command exited with return code 0
[2024-05-07T23:45:45.422+0000] {taskinstance.py:441} INFO - ::group::Post task execution logs
[2024-05-07T23:45:45.461+0000] {taskinstance.py:1206} INFO - Marking task as SUCCESS. dag_id=5.1_orquestacion, task_id=tarea4, run_id=scheduled__2024-03-03T00:00:00+00:00, execution_date=20240303T000000, start_date=20240507T234543, end_date=20240507T234545
[2024-05-07T23:45:45.513+0000] {local_task_job_runner.py:240} INFO - Task exited with return code 0
[2024-05-07T23:45:45.525+0000] {taskinstance.py:3498} INFO - 0 downstream tasks scheduled from follow-on schedule check
[2024-05-07T23:45:45.528+0000] {local_task_job_runner.py:222} INFO - ::endgroup::
