[2024-05-07T23:42:16.395+0000] {local_task_job_runner.py:120} INFO - ::group::Pre task execution logs
[2024-05-07T23:42:16.421+0000] {taskinstance.py:2076} INFO - Dependencies all met for dep_context=non-requeueable deps ti=<TaskInstance: 5.1_orquestacion.tarea4 scheduled__2024-03-24T00:00:00+00:00 [queued]>
[2024-05-07T23:42:16.431+0000] {taskinstance.py:2076} INFO - Dependencies all met for dep_context=requeueable deps ti=<TaskInstance: 5.1_orquestacion.tarea4 scheduled__2024-03-24T00:00:00+00:00 [queued]>
[2024-05-07T23:42:16.432+0000] {taskinstance.py:2306} INFO - Starting attempt 1 of 1
[2024-05-07T23:42:16.454+0000] {taskinstance.py:2330} INFO - Executing <Task(BashOperator): tarea4> on 2024-03-24 00:00:00+00:00
[2024-05-07T23:42:16.460+0000] {warnings.py:110} WARNING - /home/***/.local/lib/python3.12/site-packages/***/task/task_runner/standard_task_runner.py:61: DeprecationWarning: This process (pid=3176) is multi-threaded, use of fork() may lead to deadlocks in the child.
  pid = os.fork()

[2024-05-07T23:42:16.461+0000] {standard_task_runner.py:63} INFO - Started process 3177 to run task
[2024-05-07T23:42:16.461+0000] {standard_task_runner.py:90} INFO - Running: ['***', 'tasks', 'run', '5.1_orquestacion', 'tarea4', 'scheduled__2024-03-24T00:00:00+00:00', '--job-id', '153', '--raw', '--subdir', 'DAGS_FOLDER/051_orquestacion.py', '--cfg-path', '/tmp/tmpi1klk18_']
[2024-05-07T23:42:16.462+0000] {standard_task_runner.py:91} INFO - Job 153: Subtask tarea4
[2024-05-07T23:42:16.502+0000] {task_command.py:426} INFO - Running <TaskInstance: 5.1_orquestacion.tarea4 scheduled__2024-03-24T00:00:00+00:00 [running]> on host 521bf890d837
[2024-05-07T23:42:16.617+0000] {taskinstance.py:2648} INFO - Exporting env vars: AIRFLOW_CTX_DAG_OWNER='***' AIRFLOW_CTX_DAG_ID='5.1_orquestacion' AIRFLOW_CTX_TASK_ID='tarea4' AIRFLOW_CTX_EXECUTION_DATE='2024-03-24T00:00:00+00:00' AIRFLOW_CTX_TRY_NUMBER='1' AIRFLOW_CTX_DAG_RUN_ID='scheduled__2024-03-24T00:00:00+00:00'
[2024-05-07T23:42:16.620+0000] {taskinstance.py:430} INFO - ::endgroup::
[2024-05-07T23:42:16.631+0000] {subprocess.py:63} INFO - Tmp dir root location: /tmp
[2024-05-07T23:42:16.632+0000] {subprocess.py:75} INFO - Running command: ['/usr/bin/bash', '-c', "sleep 2 && echo 'Tarea 4'"]
[2024-05-07T23:42:16.640+0000] {subprocess.py:86} INFO - Output:
[2024-05-07T23:42:18.643+0000] {subprocess.py:93} INFO - Tarea 4
[2024-05-07T23:42:18.649+0000] {subprocess.py:97} INFO - Command exited with return code 0
[2024-05-07T23:42:18.650+0000] {taskinstance.py:441} INFO - ::group::Post task execution logs
[2024-05-07T23:42:18.698+0000] {taskinstance.py:1206} INFO - Marking task as SUCCESS. dag_id=5.1_orquestacion, task_id=tarea4, run_id=scheduled__2024-03-24T00:00:00+00:00, execution_date=20240324T000000, start_date=20240507T234216, end_date=20240507T234218
[2024-05-07T23:42:18.810+0000] {local_task_job_runner.py:240} INFO - Task exited with return code 0
[2024-05-07T23:42:18.823+0000] {taskinstance.py:3498} INFO - 0 downstream tasks scheduled from follow-on schedule check
[2024-05-07T23:42:18.825+0000] {local_task_job_runner.py:222} INFO - ::endgroup::
[2024-05-07T23:49:42.774+0000] {local_task_job_runner.py:120} INFO - ::group::Pre task execution logs
[2024-05-07T23:49:42.799+0000] {taskinstance.py:2076} INFO - Dependencies all met for dep_context=non-requeueable deps ti=<TaskInstance: 5.1_orquestacion.tarea4 scheduled__2024-03-24T00:00:00+00:00 [queued]>
[2024-05-07T23:49:42.813+0000] {taskinstance.py:2076} INFO - Dependencies all met for dep_context=requeueable deps ti=<TaskInstance: 5.1_orquestacion.tarea4 scheduled__2024-03-24T00:00:00+00:00 [queued]>
[2024-05-07T23:49:42.813+0000] {taskinstance.py:2306} INFO - Starting attempt 1 of 1
[2024-05-07T23:49:42.829+0000] {taskinstance.py:2330} INFO - Executing <Task(BashOperator): tarea4> on 2024-03-24 00:00:00+00:00
[2024-05-07T23:49:42.834+0000] {warnings.py:110} WARNING - /home/***/.local/lib/python3.12/site-packages/***/task/task_runner/standard_task_runner.py:61: DeprecationWarning: This process (pid=3772) is multi-threaded, use of fork() may lead to deadlocks in the child.
  pid = os.fork()

[2024-05-07T23:49:42.836+0000] {standard_task_runner.py:63} INFO - Started process 3775 to run task
[2024-05-07T23:49:42.836+0000] {standard_task_runner.py:90} INFO - Running: ['***', 'tasks', 'run', '5.1_orquestacion', 'tarea4', 'scheduled__2024-03-24T00:00:00+00:00', '--job-id', '280', '--raw', '--subdir', 'DAGS_FOLDER/051_orquestacion.py', '--cfg-path', '/tmp/tmp0o6ngq9k']
[2024-05-07T23:49:42.838+0000] {standard_task_runner.py:91} INFO - Job 280: Subtask tarea4
[2024-05-07T23:49:42.878+0000] {task_command.py:426} INFO - Running <TaskInstance: 5.1_orquestacion.tarea4 scheduled__2024-03-24T00:00:00+00:00 [running]> on host 521bf890d837
[2024-05-07T23:49:42.968+0000] {taskinstance.py:2648} INFO - Exporting env vars: AIRFLOW_CTX_DAG_OWNER='***' AIRFLOW_CTX_DAG_ID='5.1_orquestacion' AIRFLOW_CTX_TASK_ID='tarea4' AIRFLOW_CTX_EXECUTION_DATE='2024-03-24T00:00:00+00:00' AIRFLOW_CTX_TRY_NUMBER='1' AIRFLOW_CTX_DAG_RUN_ID='scheduled__2024-03-24T00:00:00+00:00'
[2024-05-07T23:49:42.970+0000] {taskinstance.py:430} INFO - ::endgroup::
[2024-05-07T23:49:42.982+0000] {subprocess.py:63} INFO - Tmp dir root location: /tmp
[2024-05-07T23:49:42.983+0000] {subprocess.py:75} INFO - Running command: ['/usr/bin/bash', '-c', "sleep 2 && echo 'Tarea 4'"]
[2024-05-07T23:49:42.994+0000] {subprocess.py:86} INFO - Output:
[2024-05-07T23:49:44.996+0000] {subprocess.py:93} INFO - Tarea 4
[2024-05-07T23:49:44.997+0000] {subprocess.py:97} INFO - Command exited with return code 0
[2024-05-07T23:49:44.998+0000] {taskinstance.py:441} INFO - ::group::Post task execution logs
[2024-05-07T23:49:45.021+0000] {taskinstance.py:1206} INFO - Marking task as SUCCESS. dag_id=5.1_orquestacion, task_id=tarea4, run_id=scheduled__2024-03-24T00:00:00+00:00, execution_date=20240324T000000, start_date=20240507T234942, end_date=20240507T234945
[2024-05-07T23:49:45.061+0000] {local_task_job_runner.py:240} INFO - Task exited with return code 0
[2024-05-07T23:49:45.071+0000] {local_task_job_runner.py:222} INFO - ::endgroup::
