[2024-05-07T21:31:08.906+0000] {local_task_job_runner.py:120} INFO - ::group::Pre task execution logs
[2024-05-07T21:31:08.937+0000] {taskinstance.py:2076} INFO - Dependencies all met for dep_context=non-requeueable deps ti=<TaskInstance: bashoperator.hello_with_bash manual__2024-05-07T21:31:07.569854+00:00 [queued]>
[2024-05-07T21:31:08.944+0000] {taskinstance.py:2076} INFO - Dependencies all met for dep_context=requeueable deps ti=<TaskInstance: bashoperator.hello_with_bash manual__2024-05-07T21:31:07.569854+00:00 [queued]>
[2024-05-07T21:31:08.945+0000] {taskinstance.py:2306} INFO - Starting attempt 1 of 1
[2024-05-07T21:31:08.958+0000] {taskinstance.py:2330} INFO - Executing <Task(BashOperator): hello_with_bash> on 2024-05-07 21:31:07.569854+00:00
[2024-05-07T21:31:08.965+0000] {warnings.py:110} WARNING - /home/***/.local/lib/python3.12/site-packages/***/task/task_runner/standard_task_runner.py:61: DeprecationWarning: This process (pid=906) is multi-threaded, use of fork() may lead to deadlocks in the child.
  pid = os.fork()

[2024-05-07T21:31:08.965+0000] {standard_task_runner.py:90} INFO - Running: ['***', 'tasks', 'run', 'bashoperator', 'hello_with_bash', 'manual__2024-05-07T21:31:07.569854+00:00', '--job-id', '7', '--raw', '--subdir', 'DAGS_FOLDER/1-bashoperator.py', '--cfg-path', '/tmp/tmp96bzcywv']
[2024-05-07T21:31:08.967+0000] {standard_task_runner.py:63} INFO - Started process 907 to run task
[2024-05-07T21:31:08.968+0000] {standard_task_runner.py:91} INFO - Job 7: Subtask hello_with_bash
[2024-05-07T21:31:09.014+0000] {task_command.py:426} INFO - Running <TaskInstance: bashoperator.hello_with_bash manual__2024-05-07T21:31:07.569854+00:00 [running]> on host 521bf890d837
[2024-05-07T21:31:09.089+0000] {taskinstance.py:2648} INFO - Exporting env vars: AIRFLOW_CTX_DAG_OWNER='***' AIRFLOW_CTX_DAG_ID='bashoperator' AIRFLOW_CTX_TASK_ID='hello_with_bash' AIRFLOW_CTX_EXECUTION_DATE='2024-05-07T21:31:07.569854+00:00' AIRFLOW_CTX_TRY_NUMBER='1' AIRFLOW_CTX_DAG_RUN_ID='manual__2024-05-07T21:31:07.569854+00:00'
[2024-05-07T21:31:09.090+0000] {taskinstance.py:430} INFO - ::endgroup::
[2024-05-07T21:31:09.126+0000] {subprocess.py:63} INFO - Tmp dir root location: /tmp
[2024-05-07T21:31:09.128+0000] {subprocess.py:75} INFO - Running command: ['/usr/bin/bash', '-c', "echo 'Hello gente de Platzi'"]
[2024-05-07T21:31:09.137+0000] {subprocess.py:86} INFO - Output:
[2024-05-07T21:31:09.145+0000] {subprocess.py:93} INFO - Hello gente de Platzi
[2024-05-07T21:31:09.146+0000] {subprocess.py:97} INFO - Command exited with return code 0
[2024-05-07T21:31:09.147+0000] {taskinstance.py:441} INFO - ::group::Post task execution logs
[2024-05-07T21:31:09.168+0000] {taskinstance.py:1206} INFO - Marking task as SUCCESS. dag_id=bashoperator, task_id=hello_with_bash, run_id=manual__2024-05-07T21:31:07.569854+00:00, execution_date=20240507T213107, start_date=20240507T213108, end_date=20240507T213109
[2024-05-07T21:31:09.225+0000] {local_task_job_runner.py:240} INFO - Task exited with return code 0
[2024-05-07T21:31:09.242+0000] {taskinstance.py:3498} INFO - 0 downstream tasks scheduled from follow-on schedule check
[2024-05-07T21:31:09.245+0000] {local_task_job_runner.py:222} INFO - ::endgroup::
