[2024-05-10T06:08:55.461+0000] {local_task_job_runner.py:120} INFO - ::group::Pre task execution logs
[2024-05-10T06:08:55.476+0000] {taskinstance.py:2076} INFO - Dependencies all met for dep_context=non-requeueable deps ti=<TaskInstance: Proyecto_SpaceX_v1.Lectura_Datos_NASA scheduled__2024-03-01T00:00:00+00:00 [queued]>
[2024-05-10T06:08:55.482+0000] {taskinstance.py:2076} INFO - Dependencies all met for dep_context=requeueable deps ti=<TaskInstance: Proyecto_SpaceX_v1.Lectura_Datos_NASA scheduled__2024-03-01T00:00:00+00:00 [queued]>
[2024-05-10T06:08:55.483+0000] {taskinstance.py:2306} INFO - Starting attempt 1 of 1
[2024-05-10T06:08:55.493+0000] {taskinstance.py:2330} INFO - Executing <Task(BashOperator): Lectura_Datos_NASA> on 2024-03-01 00:00:00+00:00
[2024-05-10T06:08:55.500+0000] {warnings.py:110} WARNING - /home/***/.local/lib/python3.12/site-packages/***/task/task_runner/standard_task_runner.py:61: DeprecationWarning: This process (pid=1130) is multi-threaded, use of fork() may lead to deadlocks in the child.
  pid = os.fork()

[2024-05-10T06:08:55.501+0000] {standard_task_runner.py:63} INFO - Started process 1132 to run task
[2024-05-10T06:08:55.501+0000] {standard_task_runner.py:90} INFO - Running: ['***', 'tasks', 'run', 'Proyecto_SpaceX_v1', 'Lectura_Datos_NASA', 'scheduled__2024-03-01T00:00:00+00:00', '--job-id', '1113', '--raw', '--subdir', 'DAGS_FOLDER/Proyecto_SpaceX_v1.py', '--cfg-path', '/tmp/tmp7w45xnrm']
[2024-05-10T06:08:55.503+0000] {standard_task_runner.py:91} INFO - Job 1113: Subtask Lectura_Datos_NASA
[2024-05-10T06:08:55.541+0000] {task_command.py:426} INFO - Running <TaskInstance: Proyecto_SpaceX_v1.Lectura_Datos_NASA scheduled__2024-03-01T00:00:00+00:00 [running]> on host 1b7f0b10dd99
[2024-05-10T06:08:55.769+0000] {taskinstance.py:2648} INFO - Exporting env vars: AIRFLOW_CTX_DAG_OWNER='***' AIRFLOW_CTX_DAG_ID='Proyecto_SpaceX_v1' AIRFLOW_CTX_TASK_ID='Lectura_Datos_NASA' AIRFLOW_CTX_EXECUTION_DATE='2024-03-01T00:00:00+00:00' AIRFLOW_CTX_TRY_NUMBER='1' AIRFLOW_CTX_DAG_RUN_ID='scheduled__2024-03-01T00:00:00+00:00'
[2024-05-10T06:08:55.770+0000] {taskinstance.py:430} INFO - ::endgroup::
[2024-05-10T06:08:55.779+0000] {subprocess.py:63} INFO - Tmp dir root location: /tmp
[2024-05-10T06:08:55.780+0000] {subprocess.py:75} INFO - Running command: ['/usr/bin/bash', '-c', 'ls /tmp && head /tmp/response_20240301.txt']
[2024-05-10T06:08:55.788+0000] {subprocess.py:86} INFO - Output:
[2024-05-10T06:08:55.790+0000] {subprocess.py:93} INFO - ***tmp0wnu3x9j
[2024-05-10T06:08:55.790+0000] {subprocess.py:93} INFO - history.json
[2024-05-10T06:08:55.791+0000] {subprocess.py:93} INFO - platzi_data_20231125.csv
[2024-05-10T06:08:55.791+0000] {subprocess.py:93} INFO - platzi_data_20231126.csv
[2024-05-10T06:08:55.792+0000] {subprocess.py:93} INFO - platzi_data_20231127.csv
[2024-05-10T06:08:55.793+0000] {subprocess.py:93} INFO - platzi_data_20240101.csv
[2024-05-10T06:08:55.793+0000] {subprocess.py:93} INFO - platzi_data_20240201.csv
[2024-05-10T06:08:55.793+0000] {subprocess.py:93} INFO - platzi_data_20240301.csv
[2024-05-10T06:08:55.794+0000] {subprocess.py:93} INFO - pymp-uyxtzsi7
[2024-05-10T06:08:55.794+0000] {subprocess.py:93} INFO - response_20231125.txt
[2024-05-10T06:08:55.794+0000] {subprocess.py:93} INFO - response_20231126.txt
[2024-05-10T06:08:55.795+0000] {subprocess.py:93} INFO - response_20231127.txt
[2024-05-10T06:08:55.795+0000] {subprocess.py:93} INFO - response_20240101.txt
[2024-05-10T06:08:55.796+0000] {subprocess.py:93} INFO - response_20240201.txt
[2024-05-10T06:08:55.796+0000] {subprocess.py:93} INFO - response_20240301.txt
[2024-05-10T06:08:55.797+0000] {subprocess.py:93} INFO - Confirmación, puede proceder
[2024-05-10T06:08:55.798+0000] {subprocess.py:97} INFO - Command exited with return code 0
[2024-05-10T06:08:55.798+0000] {taskinstance.py:441} INFO - ::group::Post task execution logs
[2024-05-10T06:08:55.819+0000] {taskinstance.py:1206} INFO - Marking task as SUCCESS. dag_id=Proyecto_SpaceX_v1, task_id=Lectura_Datos_NASA, run_id=scheduled__2024-03-01T00:00:00+00:00, execution_date=20240301T000000, start_date=20240510T060855, end_date=20240510T060855
[2024-05-10T06:08:55.837+0000] {local_task_job_runner.py:240} INFO - Task exited with return code 0
[2024-05-10T06:08:55.987+0000] {taskinstance.py:3498} INFO - 1 downstream tasks scheduled from follow-on schedule check
[2024-05-10T06:08:55.990+0000] {local_task_job_runner.py:222} INFO - ::endgroup::
