[2024-05-09T20:20:11.456+0000] {local_task_job_runner.py:120} INFO - ::group::Pre task execution logs
[2024-05-09T20:20:11.475+0000] {taskinstance.py:2076} INFO - Dependencies all met for dep_context=non-requeueable deps ti=<TaskInstance: Proyecto_SpaceX.Guardar_datos_Fichero scheduled__2024-02-01T00:00:00+00:00 [queued]>
[2024-05-09T20:20:11.482+0000] {taskinstance.py:2076} INFO - Dependencies all met for dep_context=requeueable deps ti=<TaskInstance: Proyecto_SpaceX.Guardar_datos_Fichero scheduled__2024-02-01T00:00:00+00:00 [queued]>
[2024-05-09T20:20:11.488+0000] {taskinstance.py:2306} INFO - Starting attempt 4 of 4
[2024-05-09T20:20:11.608+0000] {taskinstance.py:2330} INFO - Executing <Task(PythonOperator): Guardar_datos_Fichero> on 2024-02-01 00:00:00+00:00
[2024-05-09T20:20:11.615+0000] {warnings.py:110} WARNING - /home/***/.local/lib/python3.12/site-packages/***/task/task_runner/standard_task_runner.py:61: DeprecationWarning: This process (pid=1550) is multi-threaded, use of fork() may lead to deadlocks in the child.
  pid = os.fork()

[2024-05-09T20:20:11.616+0000] {standard_task_runner.py:63} INFO - Started process 1554 to run task
[2024-05-09T20:20:11.616+0000] {standard_task_runner.py:90} INFO - Running: ['***', 'tasks', 'run', 'Proyecto_SpaceX', 'Guardar_datos_Fichero', 'scheduled__2024-02-01T00:00:00+00:00', '--job-id', '992', '--raw', '--subdir', 'DAGS_FOLDER/Proyecto_SpaceX.py', '--cfg-path', '/tmp/tmp9877y261']
[2024-05-09T20:20:11.618+0000] {standard_task_runner.py:91} INFO - Job 992: Subtask Guardar_datos_Fichero
[2024-05-09T20:20:11.665+0000] {task_command.py:426} INFO - Running <TaskInstance: Proyecto_SpaceX.Guardar_datos_Fichero scheduled__2024-02-01T00:00:00+00:00 [running]> on host 7a81a983afb0
[2024-05-09T20:20:11.727+0000] {taskinstance.py:2648} INFO - Exporting env vars: AIRFLOW_CTX_DAG_OWNER='***' AIRFLOW_CTX_DAG_ID='Proyecto_SpaceX' AIRFLOW_CTX_TASK_ID='Guardar_datos_Fichero' AIRFLOW_CTX_EXECUTION_DATE='2024-02-01T00:00:00+00:00' AIRFLOW_CTX_TRY_NUMBER='4' AIRFLOW_CTX_DAG_RUN_ID='scheduled__2024-02-01T00:00:00+00:00'
[2024-05-09T20:20:11.730+0000] {taskinstance.py:430} INFO - ::endgroup::
[2024-05-09T20:20:11.752+0000] {python.py:237} INFO - Done. Returned value was: None
[2024-05-09T20:20:11.754+0000] {taskinstance.py:441} INFO - ::group::Post task execution logs
[2024-05-09T20:20:11.761+0000] {taskinstance.py:1206} INFO - Marking task as SUCCESS. dag_id=Proyecto_SpaceX, task_id=Guardar_datos_Fichero, run_id=scheduled__2024-02-01T00:00:00+00:00, execution_date=20240201T000000, start_date=20240509T202011, end_date=20240509T202011
[2024-05-09T20:20:11.791+0000] {local_task_job_runner.py:240} INFO - Task exited with return code 0
[2024-05-09T20:20:11.807+0000] {taskinstance.py:3498} INFO - 0 downstream tasks scheduled from follow-on schedule check
[2024-05-09T20:20:11.813+0000] {local_task_job_runner.py:222} INFO - ::endgroup::
[2024-05-10T05:55:07.828+0000] {local_task_job_runner.py:120} INFO - ::group::Pre task execution logs
[2024-05-10T05:55:07.848+0000] {taskinstance.py:2076} INFO - Dependencies all met for dep_context=non-requeueable deps ti=<TaskInstance: Proyecto_SpaceX.Guardar_datos_Fichero scheduled__2024-02-01T00:00:00+00:00 [queued]>
[2024-05-10T05:55:07.855+0000] {taskinstance.py:2076} INFO - Dependencies all met for dep_context=requeueable deps ti=<TaskInstance: Proyecto_SpaceX.Guardar_datos_Fichero scheduled__2024-02-01T00:00:00+00:00 [queued]>
[2024-05-10T05:55:07.856+0000] {taskinstance.py:2306} INFO - Starting attempt 4 of 4
[2024-05-10T05:55:07.997+0000] {taskinstance.py:2330} INFO - Executing <Task(PythonOperator): Guardar_datos_Fichero> on 2024-02-01 00:00:00+00:00
[2024-05-10T05:55:08.005+0000] {warnings.py:110} WARNING - /home/***/.local/lib/python3.12/site-packages/***/task/task_runner/standard_task_runner.py:61: DeprecationWarning: This process (pid=740) is multi-threaded, use of fork() may lead to deadlocks in the child.
  pid = os.fork()

[2024-05-10T05:55:08.006+0000] {standard_task_runner.py:90} INFO - Running: ['***', 'tasks', 'run', 'Proyecto_SpaceX', 'Guardar_datos_Fichero', 'scheduled__2024-02-01T00:00:00+00:00', '--job-id', '1066', '--raw', '--subdir', 'DAGS_FOLDER/Proyecto_SpaceX.py', '--cfg-path', '/tmp/tmpk0dbwdeh']
[2024-05-10T05:55:08.010+0000] {standard_task_runner.py:63} INFO - Started process 745 to run task
[2024-05-10T05:55:08.014+0000] {standard_task_runner.py:91} INFO - Job 1066: Subtask Guardar_datos_Fichero
[2024-05-10T05:55:08.061+0000] {task_command.py:426} INFO - Running <TaskInstance: Proyecto_SpaceX.Guardar_datos_Fichero scheduled__2024-02-01T00:00:00+00:00 [running]> on host 1b7f0b10dd99
[2024-05-10T05:55:08.131+0000] {taskinstance.py:2648} INFO - Exporting env vars: AIRFLOW_CTX_DAG_OWNER='***' AIRFLOW_CTX_DAG_ID='Proyecto_SpaceX' AIRFLOW_CTX_TASK_ID='Guardar_datos_Fichero' AIRFLOW_CTX_EXECUTION_DATE='2024-02-01T00:00:00+00:00' AIRFLOW_CTX_TRY_NUMBER='4' AIRFLOW_CTX_DAG_RUN_ID='scheduled__2024-02-01T00:00:00+00:00'
[2024-05-10T05:55:08.132+0000] {taskinstance.py:430} INFO - ::endgroup::
[2024-05-10T05:55:08.149+0000] {python.py:237} INFO - Done. Returned value was: None
[2024-05-10T05:55:08.150+0000] {taskinstance.py:441} INFO - ::group::Post task execution logs
[2024-05-10T05:55:08.157+0000] {taskinstance.py:1206} INFO - Marking task as SUCCESS. dag_id=Proyecto_SpaceX, task_id=Guardar_datos_Fichero, run_id=scheduled__2024-02-01T00:00:00+00:00, execution_date=20240201T000000, start_date=20240510T055507, end_date=20240510T055508
[2024-05-10T05:55:08.189+0000] {local_task_job_runner.py:240} INFO - Task exited with return code 0
[2024-05-10T05:55:08.211+0000] {taskinstance.py:3498} INFO - 1 downstream tasks scheduled from follow-on schedule check
[2024-05-10T05:55:08.214+0000] {local_task_job_runner.py:222} INFO - ::endgroup::
