[2024-05-10T06:00:52.377+0000] {local_task_job_runner.py:120} INFO - ::group::Pre task execution logs
[2024-05-10T06:00:52.516+0000] {taskinstance.py:2076} INFO - Dependencies all met for dep_context=non-requeueable deps ti=<TaskInstance: Proyecto_Nasa.t_datos_nasa scheduled__2023-11-26T00:00:00+00:00 [queued]>
[2024-05-10T06:00:52.526+0000] {taskinstance.py:2076} INFO - Dependencies all met for dep_context=requeueable deps ti=<TaskInstance: Proyecto_Nasa.t_datos_nasa scheduled__2023-11-26T00:00:00+00:00 [queued]>
[2024-05-10T06:00:52.528+0000] {taskinstance.py:2306} INFO - Starting attempt 1 of 1
[2024-05-10T06:00:52.539+0000] {taskinstance.py:2330} INFO - Executing <Task(BashOperator): t_datos_nasa> on 2023-11-26 00:00:00+00:00
[2024-05-10T06:00:52.545+0000] {warnings.py:110} WARNING - /home/***/.local/lib/python3.12/site-packages/***/task/task_runner/standard_task_runner.py:61: DeprecationWarning: This process (pid=967) is multi-threaded, use of fork() may lead to deadlocks in the child.
  pid = os.fork()

[2024-05-10T06:00:52.547+0000] {standard_task_runner.py:63} INFO - Started process 969 to run task
[2024-05-10T06:00:52.547+0000] {standard_task_runner.py:90} INFO - Running: ['***', 'tasks', 'run', 'Proyecto_Nasa', 't_datos_nasa', 'scheduled__2023-11-26T00:00:00+00:00', '--job-id', '1102', '--raw', '--subdir', 'DAGS_FOLDER/Proyecto_SpaceX_v1.py', '--cfg-path', '/tmp/tmppyn6slhd']
[2024-05-10T06:00:52.549+0000] {standard_task_runner.py:91} INFO - Job 1102: Subtask t_datos_nasa
[2024-05-10T06:00:52.597+0000] {task_command.py:426} INFO - Running <TaskInstance: Proyecto_Nasa.t_datos_nasa scheduled__2023-11-26T00:00:00+00:00 [running]> on host 1b7f0b10dd99
[2024-05-10T06:00:52.670+0000] {taskinstance.py:2648} INFO - Exporting env vars: AIRFLOW_CTX_DAG_OWNER='***' AIRFLOW_CTX_DAG_ID='Proyecto_Nasa' AIRFLOW_CTX_TASK_ID='t_datos_nasa' AIRFLOW_CTX_EXECUTION_DATE='2023-11-26T00:00:00+00:00' AIRFLOW_CTX_TRY_NUMBER='1' AIRFLOW_CTX_DAG_RUN_ID='scheduled__2023-11-26T00:00:00+00:00'
[2024-05-10T06:00:52.671+0000] {taskinstance.py:430} INFO - ::endgroup::
[2024-05-10T06:00:52.680+0000] {subprocess.py:63} INFO - Tmp dir root location: /tmp
[2024-05-10T06:00:52.681+0000] {subprocess.py:75} INFO - Running command: ['/usr/bin/bash', '-c', 'ls /tmp && head /tmp/response_20231126.txt']
[2024-05-10T06:00:52.690+0000] {subprocess.py:86} INFO - Output:
[2024-05-10T06:00:52.693+0000] {subprocess.py:93} INFO - ***tmph61myqvl
[2024-05-10T06:00:52.695+0000] {subprocess.py:93} INFO - history.json
[2024-05-10T06:00:52.696+0000] {subprocess.py:93} INFO - platzi_data_20231125.csv
[2024-05-10T06:00:52.697+0000] {subprocess.py:93} INFO - platzi_data_20240101.csv
[2024-05-10T06:00:52.697+0000] {subprocess.py:93} INFO - platzi_data_20240201.csv
[2024-05-10T06:00:52.698+0000] {subprocess.py:93} INFO - platzi_data_20240301.csv
[2024-05-10T06:00:52.699+0000] {subprocess.py:93} INFO - pymp-uyxtzsi7
[2024-05-10T06:00:52.700+0000] {subprocess.py:93} INFO - response_20231125.txt
[2024-05-10T06:00:52.700+0000] {subprocess.py:93} INFO - response_20231126.txt
[2024-05-10T06:00:52.701+0000] {subprocess.py:93} INFO - response_20240101.txt
[2024-05-10T06:00:52.702+0000] {subprocess.py:93} INFO - response_20240201.txt
[2024-05-10T06:00:52.709+0000] {subprocess.py:93} INFO - response_20240301.txt
[2024-05-10T06:00:52.710+0000] {subprocess.py:93} INFO - OK conectado a la NASA
[2024-05-10T06:00:52.711+0000] {subprocess.py:97} INFO - Command exited with return code 0
[2024-05-10T06:00:52.716+0000] {taskinstance.py:441} INFO - ::group::Post task execution logs
[2024-05-10T06:00:52.745+0000] {taskinstance.py:1206} INFO - Marking task as SUCCESS. dag_id=Proyecto_Nasa, task_id=t_datos_nasa, run_id=scheduled__2023-11-26T00:00:00+00:00, execution_date=20231126T000000, start_date=20240510T060052, end_date=20240510T060052
[2024-05-10T06:00:52.761+0000] {local_task_job_runner.py:240} INFO - Task exited with return code 0
[2024-05-10T06:00:52.781+0000] {taskinstance.py:3498} INFO - 1 downstream tasks scheduled from follow-on schedule check
[2024-05-10T06:00:52.785+0000] {local_task_job_runner.py:222} INFO - ::endgroup::
