[2024-05-07T23:41:05.296+0000] {local_task_job_runner.py:120} INFO - ::group::Pre task execution logs
[2024-05-07T23:41:05.329+0000] {taskinstance.py:2076} INFO - Dependencies all met for dep_context=non-requeueable deps ti=<TaskInstance: 5.1_orquestacion.tarea4 scheduled__2024-03-05T00:00:00+00:00 [queued]>
[2024-05-07T23:41:05.342+0000] {taskinstance.py:2076} INFO - Dependencies all met for dep_context=requeueable deps ti=<TaskInstance: 5.1_orquestacion.tarea4 scheduled__2024-03-05T00:00:00+00:00 [queued]>
[2024-05-07T23:41:05.343+0000] {taskinstance.py:2306} INFO - Starting attempt 1 of 1
[2024-05-07T23:41:05.365+0000] {taskinstance.py:2330} INFO - Executing <Task(BashOperator): tarea4> on 2024-03-05 00:00:00+00:00
[2024-05-07T23:41:05.387+0000] {warnings.py:110} WARNING - /home/***/.local/lib/python3.12/site-packages/***/task/task_runner/standard_task_runner.py:61: DeprecationWarning: This process (pid=2856) is multi-threaded, use of fork() may lead to deadlocks in the child.
  pid = os.fork()

[2024-05-07T23:41:05.389+0000] {standard_task_runner.py:63} INFO - Started process 2861 to run task
[2024-05-07T23:41:05.389+0000] {standard_task_runner.py:90} INFO - Running: ['***', 'tasks', 'run', '5.1_orquestacion', 'tarea4', 'scheduled__2024-03-05T00:00:00+00:00', '--job-id', '77', '--raw', '--subdir', 'DAGS_FOLDER/051_orquestacion.py', '--cfg-path', '/tmp/tmpw2kn8n2i']
[2024-05-07T23:41:05.390+0000] {standard_task_runner.py:91} INFO - Job 77: Subtask tarea4
[2024-05-07T23:41:05.440+0000] {task_command.py:426} INFO - Running <TaskInstance: 5.1_orquestacion.tarea4 scheduled__2024-03-05T00:00:00+00:00 [running]> on host 521bf890d837
[2024-05-07T23:41:05.622+0000] {taskinstance.py:2648} INFO - Exporting env vars: AIRFLOW_CTX_DAG_OWNER='***' AIRFLOW_CTX_DAG_ID='5.1_orquestacion' AIRFLOW_CTX_TASK_ID='tarea4' AIRFLOW_CTX_EXECUTION_DATE='2024-03-05T00:00:00+00:00' AIRFLOW_CTX_TRY_NUMBER='1' AIRFLOW_CTX_DAG_RUN_ID='scheduled__2024-03-05T00:00:00+00:00'
[2024-05-07T23:41:05.624+0000] {taskinstance.py:430} INFO - ::endgroup::
[2024-05-07T23:41:05.642+0000] {subprocess.py:63} INFO - Tmp dir root location: /tmp
[2024-05-07T23:41:05.643+0000] {subprocess.py:75} INFO - Running command: ['/usr/bin/bash', '-c', "sleep 2 && echo 'Tarea 4'"]
[2024-05-07T23:41:05.655+0000] {subprocess.py:86} INFO - Output:
[2024-05-07T23:41:07.660+0000] {subprocess.py:93} INFO - Tarea 4
[2024-05-07T23:41:07.676+0000] {subprocess.py:97} INFO - Command exited with return code 0
[2024-05-07T23:41:07.681+0000] {taskinstance.py:441} INFO - ::group::Post task execution logs
[2024-05-07T23:41:07.791+0000] {taskinstance.py:1206} INFO - Marking task as SUCCESS. dag_id=5.1_orquestacion, task_id=tarea4, run_id=scheduled__2024-03-05T00:00:00+00:00, execution_date=20240305T000000, start_date=20240507T234105, end_date=20240507T234107
[2024-05-07T23:41:08.059+0000] {local_task_job_runner.py:240} INFO - Task exited with return code 0
[2024-05-07T23:41:08.075+0000] {taskinstance.py:3498} INFO - 0 downstream tasks scheduled from follow-on schedule check
[2024-05-07T23:41:08.078+0000] {local_task_job_runner.py:222} INFO - ::endgroup::
[2024-05-07T23:46:06.382+0000] {local_task_job_runner.py:120} INFO - ::group::Pre task execution logs
[2024-05-07T23:46:06.407+0000] {taskinstance.py:2076} INFO - Dependencies all met for dep_context=non-requeueable deps ti=<TaskInstance: 5.1_orquestacion.tarea4 scheduled__2024-03-05T00:00:00+00:00 [queued]>
[2024-05-07T23:46:06.417+0000] {taskinstance.py:2076} INFO - Dependencies all met for dep_context=requeueable deps ti=<TaskInstance: 5.1_orquestacion.tarea4 scheduled__2024-03-05T00:00:00+00:00 [queued]>
[2024-05-07T23:46:06.419+0000] {taskinstance.py:2306} INFO - Starting attempt 1 of 1
[2024-05-07T23:46:06.436+0000] {taskinstance.py:2330} INFO - Executing <Task(BashOperator): tarea4> on 2024-03-05 00:00:00+00:00
[2024-05-07T23:46:06.441+0000] {warnings.py:110} WARNING - /home/***/.local/lib/python3.12/site-packages/***/task/task_runner/standard_task_runner.py:61: DeprecationWarning: This process (pid=3426) is multi-threaded, use of fork() may lead to deadlocks in the child.
  pid = os.fork()

[2024-05-07T23:46:06.442+0000] {standard_task_runner.py:63} INFO - Started process 3429 to run task
[2024-05-07T23:46:06.442+0000] {standard_task_runner.py:90} INFO - Running: ['***', 'tasks', 'run', '5.1_orquestacion', 'tarea4', 'scheduled__2024-03-05T00:00:00+00:00', '--job-id', '204', '--raw', '--subdir', 'DAGS_FOLDER/051_orquestacion.py', '--cfg-path', '/tmp/tmptp0gg411']
[2024-05-07T23:46:06.443+0000] {standard_task_runner.py:91} INFO - Job 204: Subtask tarea4
[2024-05-07T23:46:06.485+0000] {task_command.py:426} INFO - Running <TaskInstance: 5.1_orquestacion.tarea4 scheduled__2024-03-05T00:00:00+00:00 [running]> on host 521bf890d837
[2024-05-07T23:46:06.596+0000] {taskinstance.py:2648} INFO - Exporting env vars: AIRFLOW_CTX_DAG_OWNER='***' AIRFLOW_CTX_DAG_ID='5.1_orquestacion' AIRFLOW_CTX_TASK_ID='tarea4' AIRFLOW_CTX_EXECUTION_DATE='2024-03-05T00:00:00+00:00' AIRFLOW_CTX_TRY_NUMBER='1' AIRFLOW_CTX_DAG_RUN_ID='scheduled__2024-03-05T00:00:00+00:00'
[2024-05-07T23:46:06.598+0000] {taskinstance.py:430} INFO - ::endgroup::
[2024-05-07T23:46:06.609+0000] {subprocess.py:63} INFO - Tmp dir root location: /tmp
[2024-05-07T23:46:06.611+0000] {subprocess.py:75} INFO - Running command: ['/usr/bin/bash', '-c', "sleep 2 && echo 'Tarea 4'"]
[2024-05-07T23:46:06.635+0000] {subprocess.py:86} INFO - Output:
[2024-05-07T23:46:08.638+0000] {subprocess.py:93} INFO - Tarea 4
[2024-05-07T23:46:08.639+0000] {subprocess.py:97} INFO - Command exited with return code 0
[2024-05-07T23:46:08.640+0000] {taskinstance.py:441} INFO - ::group::Post task execution logs
[2024-05-07T23:46:08.734+0000] {taskinstance.py:1206} INFO - Marking task as SUCCESS. dag_id=5.1_orquestacion, task_id=tarea4, run_id=scheduled__2024-03-05T00:00:00+00:00, execution_date=20240305T000000, start_date=20240507T234606, end_date=20240507T234608
[2024-05-07T23:46:08.750+0000] {local_task_job_runner.py:240} INFO - Task exited with return code 0
[2024-05-07T23:46:08.799+0000] {taskinstance.py:3498} INFO - 0 downstream tasks scheduled from follow-on schedule check
[2024-05-07T23:46:08.802+0000] {local_task_job_runner.py:222} INFO - ::endgroup::
