[2024-05-10T06:15:48.083+0000] {local_task_job_runner.py:120} INFO - ::group::Pre task execution logs
[2024-05-10T06:15:48.109+0000] {taskinstance.py:2076} INFO - Dependencies all met for dep_context=non-requeueable deps ti=<TaskInstance: Proyecto_SpaceX_v1.Lectura_Datos_NASA scheduled__2024-03-10T00:00:00+00:00 [queued]>
[2024-05-10T06:15:48.122+0000] {taskinstance.py:2076} INFO - Dependencies all met for dep_context=requeueable deps ti=<TaskInstance: Proyecto_SpaceX_v1.Lectura_Datos_NASA scheduled__2024-03-10T00:00:00+00:00 [queued]>
[2024-05-10T06:15:48.127+0000] {taskinstance.py:2306} INFO - Starting attempt 1 of 1
[2024-05-10T06:15:48.155+0000] {taskinstance.py:2330} INFO - Executing <Task(BashOperator): Lectura_Datos_NASA> on 2024-03-10 00:00:00+00:00
[2024-05-10T06:15:48.168+0000] {warnings.py:110} WARNING - /home/***/.local/lib/python3.12/site-packages/***/task/task_runner/standard_task_runner.py:61: DeprecationWarning: This process (pid=1581) is multi-threaded, use of fork() may lead to deadlocks in the child.
  pid = os.fork()

[2024-05-10T06:15:48.171+0000] {standard_task_runner.py:63} INFO - Started process 1583 to run task
[2024-05-10T06:15:48.172+0000] {standard_task_runner.py:90} INFO - Running: ['***', 'tasks', 'run', 'Proyecto_SpaceX_v1', 'Lectura_Datos_NASA', 'scheduled__2024-03-10T00:00:00+00:00', '--job-id', '1197', '--raw', '--subdir', 'DAGS_FOLDER/Proyecto_SpaceX_v1.py', '--cfg-path', '/tmp/tmpw2q4gtiw']
[2024-05-10T06:15:48.176+0000] {standard_task_runner.py:91} INFO - Job 1197: Subtask Lectura_Datos_NASA
[2024-05-10T06:15:48.245+0000] {task_command.py:426} INFO - Running <TaskInstance: Proyecto_SpaceX_v1.Lectura_Datos_NASA scheduled__2024-03-10T00:00:00+00:00 [running]> on host 1b7f0b10dd99
[2024-05-10T06:15:48.501+0000] {taskinstance.py:2648} INFO - Exporting env vars: AIRFLOW_CTX_DAG_OWNER='***' AIRFLOW_CTX_DAG_ID='Proyecto_SpaceX_v1' AIRFLOW_CTX_TASK_ID='Lectura_Datos_NASA' AIRFLOW_CTX_EXECUTION_DATE='2024-03-10T00:00:00+00:00' AIRFLOW_CTX_TRY_NUMBER='1' AIRFLOW_CTX_DAG_RUN_ID='scheduled__2024-03-10T00:00:00+00:00'
[2024-05-10T06:15:48.503+0000] {taskinstance.py:430} INFO - ::endgroup::
[2024-05-10T06:15:48.514+0000] {subprocess.py:63} INFO - Tmp dir root location: /tmp
[2024-05-10T06:15:48.516+0000] {subprocess.py:75} INFO - Running command: ['/usr/bin/bash', '-c', 'ls /tmp && head /tmp/response_20240310.txt']
[2024-05-10T06:15:48.527+0000] {subprocess.py:86} INFO - Output:
[2024-05-10T06:15:48.531+0000] {subprocess.py:93} INFO - ***tmp5_fu2ayh
[2024-05-10T06:15:48.532+0000] {subprocess.py:93} INFO - history.json
[2024-05-10T06:15:48.532+0000] {subprocess.py:93} INFO - platzi_data_20231125.csv
[2024-05-10T06:15:48.533+0000] {subprocess.py:93} INFO - platzi_data_20231126.csv
[2024-05-10T06:15:48.534+0000] {subprocess.py:93} INFO - platzi_data_20231127.csv
[2024-05-10T06:15:48.534+0000] {subprocess.py:93} INFO - platzi_data_20240101.csv
[2024-05-10T06:15:48.535+0000] {subprocess.py:93} INFO - platzi_data_20240201.csv
[2024-05-10T06:15:48.535+0000] {subprocess.py:93} INFO - platzi_data_20240301.csv
[2024-05-10T06:15:48.536+0000] {subprocess.py:93} INFO - platzi_data_20240302.csv
[2024-05-10T06:15:48.536+0000] {subprocess.py:93} INFO - platzi_data_20240303.csv
[2024-05-10T06:15:48.537+0000] {subprocess.py:93} INFO - platzi_data_20240304.csv
[2024-05-10T06:15:48.537+0000] {subprocess.py:93} INFO - platzi_data_20240305.csv
[2024-05-10T06:15:48.537+0000] {subprocess.py:93} INFO - platzi_data_20240306.csv
[2024-05-10T06:15:48.538+0000] {subprocess.py:93} INFO - platzi_data_20240307.csv
[2024-05-10T06:15:48.541+0000] {subprocess.py:93} INFO - platzi_data_20240308.csv
[2024-05-10T06:15:48.541+0000] {subprocess.py:93} INFO - platzi_data_20240309.csv
[2024-05-10T06:15:48.542+0000] {subprocess.py:93} INFO - pymp-uyxtzsi7
[2024-05-10T06:15:48.543+0000] {subprocess.py:93} INFO - response_20231125.txt
[2024-05-10T06:15:48.543+0000] {subprocess.py:93} INFO - response_20231126.txt
[2024-05-10T06:15:48.544+0000] {subprocess.py:93} INFO - response_20231127.txt
[2024-05-10T06:15:48.544+0000] {subprocess.py:93} INFO - response_20240101.txt
[2024-05-10T06:15:48.545+0000] {subprocess.py:93} INFO - response_20240201.txt
[2024-05-10T06:15:48.545+0000] {subprocess.py:93} INFO - response_20240301.txt
[2024-05-10T06:15:48.546+0000] {subprocess.py:93} INFO - response_20240302.txt
[2024-05-10T06:15:48.546+0000] {subprocess.py:93} INFO - response_20240303.txt
[2024-05-10T06:15:48.547+0000] {subprocess.py:93} INFO - response_20240304.txt
[2024-05-10T06:15:48.547+0000] {subprocess.py:93} INFO - response_20240305.txt
[2024-05-10T06:15:48.547+0000] {subprocess.py:93} INFO - response_20240306.txt
[2024-05-10T06:15:48.548+0000] {subprocess.py:93} INFO - response_20240307.txt
[2024-05-10T06:15:48.548+0000] {subprocess.py:93} INFO - response_20240308.txt
[2024-05-10T06:15:48.549+0000] {subprocess.py:93} INFO - response_20240309.txt
[2024-05-10T06:15:48.550+0000] {subprocess.py:93} INFO - response_20240310.txt
[2024-05-10T06:15:48.551+0000] {subprocess.py:93} INFO - Confirmación, puede proceder
[2024-05-10T06:15:48.551+0000] {subprocess.py:97} INFO - Command exited with return code 0
[2024-05-10T06:15:48.553+0000] {taskinstance.py:441} INFO - ::group::Post task execution logs
[2024-05-10T06:15:48.576+0000] {taskinstance.py:1206} INFO - Marking task as SUCCESS. dag_id=Proyecto_SpaceX_v1, task_id=Lectura_Datos_NASA, run_id=scheduled__2024-03-10T00:00:00+00:00, execution_date=20240310T000000, start_date=20240510T061548, end_date=20240510T061548
[2024-05-10T06:15:48.630+0000] {local_task_job_runner.py:240} INFO - Task exited with return code 0
[2024-05-10T06:15:48.801+0000] {taskinstance.py:3498} INFO - 1 downstream tasks scheduled from follow-on schedule check
[2024-05-10T06:15:48.826+0000] {local_task_job_runner.py:222} INFO - ::endgroup::
