[2024-05-07T23:41:01.783+0000] {local_task_job_runner.py:120} INFO - ::group::Pre task execution logs
[2024-05-07T23:41:01.811+0000] {taskinstance.py:2076} INFO - Dependencies all met for dep_context=non-requeueable deps ti=<TaskInstance: 5.1_orquestacion.tarea1 scheduled__2024-03-06T00:00:00+00:00 [queued]>
[2024-05-07T23:41:01.822+0000] {taskinstance.py:2076} INFO - Dependencies all met for dep_context=requeueable deps ti=<TaskInstance: 5.1_orquestacion.tarea1 scheduled__2024-03-06T00:00:00+00:00 [queued]>
[2024-05-07T23:41:01.822+0000] {taskinstance.py:2306} INFO - Starting attempt 1 of 1
[2024-05-07T23:41:01.838+0000] {taskinstance.py:2330} INFO - Executing <Task(BashOperator): tarea1> on 2024-03-06 00:00:00+00:00
[2024-05-07T23:41:01.843+0000] {warnings.py:110} WARNING - /home/***/.local/lib/python3.12/site-packages/***/task/task_runner/standard_task_runner.py:61: DeprecationWarning: This process (pid=2835) is multi-threaded, use of fork() may lead to deadlocks in the child.
  pid = os.fork()

[2024-05-07T23:41:01.845+0000] {standard_task_runner.py:63} INFO - Started process 2837 to run task
[2024-05-07T23:41:01.845+0000] {standard_task_runner.py:90} INFO - Running: ['***', 'tasks', 'run', '5.1_orquestacion', 'tarea1', 'scheduled__2024-03-06T00:00:00+00:00', '--job-id', '74', '--raw', '--subdir', 'DAGS_FOLDER/051_orquestacion.py', '--cfg-path', '/tmp/tmptr5m9mkp']
[2024-05-07T23:41:01.847+0000] {standard_task_runner.py:91} INFO - Job 74: Subtask tarea1
[2024-05-07T23:41:01.892+0000] {task_command.py:426} INFO - Running <TaskInstance: 5.1_orquestacion.tarea1 scheduled__2024-03-06T00:00:00+00:00 [running]> on host 521bf890d837
[2024-05-07T23:41:01.991+0000] {taskinstance.py:2648} INFO - Exporting env vars: AIRFLOW_CTX_DAG_OWNER='***' AIRFLOW_CTX_DAG_ID='5.1_orquestacion' AIRFLOW_CTX_TASK_ID='tarea1' AIRFLOW_CTX_EXECUTION_DATE='2024-03-06T00:00:00+00:00' AIRFLOW_CTX_TRY_NUMBER='1' AIRFLOW_CTX_DAG_RUN_ID='scheduled__2024-03-06T00:00:00+00:00'
[2024-05-07T23:41:01.992+0000] {taskinstance.py:430} INFO - ::endgroup::
[2024-05-07T23:41:02.005+0000] {subprocess.py:63} INFO - Tmp dir root location: /tmp
[2024-05-07T23:41:02.006+0000] {subprocess.py:75} INFO - Running command: ['/usr/bin/bash', '-c', "sleep 2 && echo 'Tarea 1'"]
[2024-05-07T23:41:02.014+0000] {subprocess.py:86} INFO - Output:
[2024-05-07T23:41:04.017+0000] {subprocess.py:93} INFO - Tarea 1
[2024-05-07T23:41:04.018+0000] {subprocess.py:97} INFO - Command exited with return code 0
[2024-05-07T23:41:04.019+0000] {taskinstance.py:441} INFO - ::group::Post task execution logs
[2024-05-07T23:41:04.106+0000] {taskinstance.py:1206} INFO - Marking task as SUCCESS. dag_id=5.1_orquestacion, task_id=tarea1, run_id=scheduled__2024-03-06T00:00:00+00:00, execution_date=20240306T000000, start_date=20240507T234101, end_date=20240507T234104
[2024-05-07T23:41:04.155+0000] {local_task_job_runner.py:240} INFO - Task exited with return code 0
[2024-05-07T23:41:04.227+0000] {taskinstance.py:3498} INFO - 1 downstream tasks scheduled from follow-on schedule check
[2024-05-07T23:41:04.231+0000] {local_task_job_runner.py:222} INFO - ::endgroup::
[2024-05-07T23:46:10.604+0000] {local_task_job_runner.py:120} INFO - ::group::Pre task execution logs
[2024-05-07T23:46:10.626+0000] {taskinstance.py:2076} INFO - Dependencies all met for dep_context=non-requeueable deps ti=<TaskInstance: 5.1_orquestacion.tarea1 scheduled__2024-03-06T00:00:00+00:00 [queued]>
[2024-05-07T23:46:10.634+0000] {taskinstance.py:2076} INFO - Dependencies all met for dep_context=requeueable deps ti=<TaskInstance: 5.1_orquestacion.tarea1 scheduled__2024-03-06T00:00:00+00:00 [queued]>
[2024-05-07T23:46:10.636+0000] {taskinstance.py:2306} INFO - Starting attempt 1 of 1
[2024-05-07T23:46:10.677+0000] {taskinstance.py:2330} INFO - Executing <Task(BashOperator): tarea1> on 2024-03-06 00:00:00+00:00
[2024-05-07T23:46:10.698+0000] {warnings.py:110} WARNING - /home/***/.local/lib/python3.12/site-packages/***/task/task_runner/standard_task_runner.py:61: DeprecationWarning: This process (pid=3434) is multi-threaded, use of fork() may lead to deadlocks in the child.
  pid = os.fork()

[2024-05-07T23:46:10.709+0000] {standard_task_runner.py:63} INFO - Started process 3435 to run task
[2024-05-07T23:46:10.709+0000] {standard_task_runner.py:90} INFO - Running: ['***', 'tasks', 'run', '5.1_orquestacion', 'tarea1', 'scheduled__2024-03-06T00:00:00+00:00', '--job-id', '205', '--raw', '--subdir', 'DAGS_FOLDER/051_orquestacion.py', '--cfg-path', '/tmp/tmp1s7pc82l']
[2024-05-07T23:46:10.719+0000] {standard_task_runner.py:91} INFO - Job 205: Subtask tarea1
[2024-05-07T23:46:11.004+0000] {task_command.py:426} INFO - Running <TaskInstance: 5.1_orquestacion.tarea1 scheduled__2024-03-06T00:00:00+00:00 [running]> on host 521bf890d837
[2024-05-07T23:46:11.370+0000] {taskinstance.py:2648} INFO - Exporting env vars: AIRFLOW_CTX_DAG_OWNER='***' AIRFLOW_CTX_DAG_ID='5.1_orquestacion' AIRFLOW_CTX_TASK_ID='tarea1' AIRFLOW_CTX_EXECUTION_DATE='2024-03-06T00:00:00+00:00' AIRFLOW_CTX_TRY_NUMBER='1' AIRFLOW_CTX_DAG_RUN_ID='scheduled__2024-03-06T00:00:00+00:00'
[2024-05-07T23:46:11.371+0000] {taskinstance.py:430} INFO - ::endgroup::
[2024-05-07T23:46:11.388+0000] {subprocess.py:63} INFO - Tmp dir root location: /tmp
[2024-05-07T23:46:11.389+0000] {subprocess.py:75} INFO - Running command: ['/usr/bin/bash', '-c', "sleep 2 && echo 'Tarea 1'"]
[2024-05-07T23:46:11.416+0000] {subprocess.py:86} INFO - Output:
[2024-05-07T23:46:13.423+0000] {subprocess.py:93} INFO - Tarea 1
[2024-05-07T23:46:13.429+0000] {subprocess.py:97} INFO - Command exited with return code 0
[2024-05-07T23:46:13.434+0000] {taskinstance.py:441} INFO - ::group::Post task execution logs
[2024-05-07T23:46:13.494+0000] {taskinstance.py:1206} INFO - Marking task as SUCCESS. dag_id=5.1_orquestacion, task_id=tarea1, run_id=scheduled__2024-03-06T00:00:00+00:00, execution_date=20240306T000000, start_date=20240507T234610, end_date=20240507T234613
[2024-05-07T23:46:13.554+0000] {local_task_job_runner.py:240} INFO - Task exited with return code 0
[2024-05-07T23:46:13.607+0000] {taskinstance.py:3498} INFO - 1 downstream tasks scheduled from follow-on schedule check
[2024-05-07T23:46:13.610+0000] {local_task_job_runner.py:222} INFO - ::endgroup::
