[2024-05-07T23:41:50.926+0000] {local_task_job_runner.py:120} INFO - ::group::Pre task execution logs
[2024-05-07T23:41:50.954+0000] {taskinstance.py:2076} INFO - Dependencies all met for dep_context=non-requeueable deps ti=<TaskInstance: 5.1_orquestacion.tarea2 scheduled__2024-03-18T00:00:00+00:00 [queued]>
[2024-05-07T23:41:50.965+0000] {taskinstance.py:2076} INFO - Dependencies all met for dep_context=requeueable deps ti=<TaskInstance: 5.1_orquestacion.tarea2 scheduled__2024-03-18T00:00:00+00:00 [queued]>
[2024-05-07T23:41:50.965+0000] {taskinstance.py:2306} INFO - Starting attempt 1 of 1
[2024-05-07T23:41:50.982+0000] {taskinstance.py:2330} INFO - Executing <Task(BashOperator): tarea2> on 2024-03-18 00:00:00+00:00
[2024-05-07T23:41:50.988+0000] {warnings.py:110} WARNING - /home/***/.local/lib/python3.12/site-packages/***/task/task_runner/standard_task_runner.py:61: DeprecationWarning: This process (pid=3056) is multi-threaded, use of fork() may lead to deadlocks in the child.
  pid = os.fork()

[2024-05-07T23:41:50.990+0000] {standard_task_runner.py:63} INFO - Started process 3061 to run task
[2024-05-07T23:41:50.990+0000] {standard_task_runner.py:90} INFO - Running: ['***', 'tasks', 'run', '5.1_orquestacion', 'tarea2', 'scheduled__2024-03-18T00:00:00+00:00', '--job-id', '127', '--raw', '--subdir', 'DAGS_FOLDER/051_orquestacion.py', '--cfg-path', '/tmp/tmpk_u03uxc']
[2024-05-07T23:41:50.991+0000] {standard_task_runner.py:91} INFO - Job 127: Subtask tarea2
[2024-05-07T23:41:51.037+0000] {task_command.py:426} INFO - Running <TaskInstance: 5.1_orquestacion.tarea2 scheduled__2024-03-18T00:00:00+00:00 [running]> on host 521bf890d837
[2024-05-07T23:41:51.121+0000] {taskinstance.py:2648} INFO - Exporting env vars: AIRFLOW_CTX_DAG_OWNER='***' AIRFLOW_CTX_DAG_ID='5.1_orquestacion' AIRFLOW_CTX_TASK_ID='tarea2' AIRFLOW_CTX_EXECUTION_DATE='2024-03-18T00:00:00+00:00' AIRFLOW_CTX_TRY_NUMBER='1' AIRFLOW_CTX_DAG_RUN_ID='scheduled__2024-03-18T00:00:00+00:00'
[2024-05-07T23:41:51.122+0000] {taskinstance.py:430} INFO - ::endgroup::
[2024-05-07T23:41:51.135+0000] {subprocess.py:63} INFO - Tmp dir root location: /tmp
[2024-05-07T23:41:51.137+0000] {subprocess.py:75} INFO - Running command: ['/usr/bin/bash', '-c', "sleep 2 && echo 'Tarea 2'"]
[2024-05-07T23:41:51.145+0000] {subprocess.py:86} INFO - Output:
[2024-05-07T23:41:53.148+0000] {subprocess.py:93} INFO - Tarea 2
[2024-05-07T23:41:53.154+0000] {subprocess.py:97} INFO - Command exited with return code 0
[2024-05-07T23:41:53.164+0000] {taskinstance.py:441} INFO - ::group::Post task execution logs
[2024-05-07T23:41:53.314+0000] {taskinstance.py:1206} INFO - Marking task as SUCCESS. dag_id=5.1_orquestacion, task_id=tarea2, run_id=scheduled__2024-03-18T00:00:00+00:00, execution_date=20240318T000000, start_date=20240507T234150, end_date=20240507T234153
[2024-05-07T23:41:53.419+0000] {local_task_job_runner.py:240} INFO - Task exited with return code 0
[2024-05-07T23:41:53.558+0000] {taskinstance.py:3498} INFO - 2 downstream tasks scheduled from follow-on schedule check
[2024-05-07T23:41:53.568+0000] {local_task_job_runner.py:222} INFO - ::endgroup::
[2024-05-07T23:48:36.179+0000] {local_task_job_runner.py:120} INFO - ::group::Pre task execution logs
[2024-05-07T23:48:36.201+0000] {taskinstance.py:2076} INFO - Dependencies all met for dep_context=non-requeueable deps ti=<TaskInstance: 5.1_orquestacion.tarea2 scheduled__2024-03-18T00:00:00+00:00 [queued]>
[2024-05-07T23:48:36.211+0000] {taskinstance.py:2076} INFO - Dependencies all met for dep_context=requeueable deps ti=<TaskInstance: 5.1_orquestacion.tarea2 scheduled__2024-03-18T00:00:00+00:00 [queued]>
[2024-05-07T23:48:36.212+0000] {taskinstance.py:2306} INFO - Starting attempt 1 of 1
[2024-05-07T23:48:36.229+0000] {taskinstance.py:2330} INFO - Executing <Task(BashOperator): tarea2> on 2024-03-18 00:00:00+00:00
[2024-05-07T23:48:36.252+0000] {warnings.py:110} WARNING - /home/***/.local/lib/python3.12/site-packages/***/task/task_runner/standard_task_runner.py:61: DeprecationWarning: This process (pid=3658) is multi-threaded, use of fork() may lead to deadlocks in the child.
  pid = os.fork()

[2024-05-07T23:48:36.255+0000] {standard_task_runner.py:63} INFO - Started process 3659 to run task
[2024-05-07T23:48:36.253+0000] {standard_task_runner.py:90} INFO - Running: ['***', 'tasks', 'run', '5.1_orquestacion', 'tarea2', 'scheduled__2024-03-18T00:00:00+00:00', '--job-id', '254', '--raw', '--subdir', 'DAGS_FOLDER/051_orquestacion.py', '--cfg-path', '/tmp/tmpvipuqqri']
[2024-05-07T23:48:36.262+0000] {standard_task_runner.py:91} INFO - Job 254: Subtask tarea2
[2024-05-07T23:48:36.343+0000] {task_command.py:426} INFO - Running <TaskInstance: 5.1_orquestacion.tarea2 scheduled__2024-03-18T00:00:00+00:00 [running]> on host 521bf890d837
[2024-05-07T23:48:36.421+0000] {taskinstance.py:2648} INFO - Exporting env vars: AIRFLOW_CTX_DAG_OWNER='***' AIRFLOW_CTX_DAG_ID='5.1_orquestacion' AIRFLOW_CTX_TASK_ID='tarea2' AIRFLOW_CTX_EXECUTION_DATE='2024-03-18T00:00:00+00:00' AIRFLOW_CTX_TRY_NUMBER='1' AIRFLOW_CTX_DAG_RUN_ID='scheduled__2024-03-18T00:00:00+00:00'
[2024-05-07T23:48:36.427+0000] {taskinstance.py:430} INFO - ::endgroup::
[2024-05-07T23:48:36.444+0000] {subprocess.py:63} INFO - Tmp dir root location: /tmp
[2024-05-07T23:48:36.447+0000] {subprocess.py:75} INFO - Running command: ['/usr/bin/bash', '-c', "sleep 2 && echo 'Tarea 2'"]
[2024-05-07T23:48:36.455+0000] {subprocess.py:86} INFO - Output:
[2024-05-07T23:48:38.458+0000] {subprocess.py:93} INFO - Tarea 2
[2024-05-07T23:48:38.467+0000] {subprocess.py:97} INFO - Command exited with return code 0
[2024-05-07T23:48:38.471+0000] {taskinstance.py:441} INFO - ::group::Post task execution logs
[2024-05-07T23:48:38.500+0000] {taskinstance.py:1206} INFO - Marking task as SUCCESS. dag_id=5.1_orquestacion, task_id=tarea2, run_id=scheduled__2024-03-18T00:00:00+00:00, execution_date=20240318T000000, start_date=20240507T234836, end_date=20240507T234838
[2024-05-07T23:48:38.531+0000] {local_task_job_runner.py:240} INFO - Task exited with return code 0
[2024-05-07T23:48:38.551+0000] {taskinstance.py:3498} INFO - 2 downstream tasks scheduled from follow-on schedule check
[2024-05-07T23:48:38.565+0000] {local_task_job_runner.py:222} INFO - ::endgroup::
