[2024-05-08T21:09:26.663+0000] {local_task_job_runner.py:120} INFO - ::group::Pre task execution logs
[2024-05-08T21:09:26.697+0000] {taskinstance.py:2076} INFO - Dependencies all met for dep_context=non-requeueable deps ti=<TaskInstance: 9_XCom.tarea2 scheduled__2022-01-01T00:00:00+00:00 [queued]>
[2024-05-08T21:09:26.707+0000] {taskinstance.py:2076} INFO - Dependencies all met for dep_context=requeueable deps ti=<TaskInstance: 9_XCom.tarea2 scheduled__2022-01-01T00:00:00+00:00 [queued]>
[2024-05-08T21:09:26.709+0000] {taskinstance.py:2306} INFO - Starting attempt 2 of 2
[2024-05-08T21:09:26.719+0000] {taskinstance.py:2330} INFO - Executing <Task(BashOperator): tarea2> on 2022-01-01 00:00:00+00:00
[2024-05-08T21:09:26.724+0000] {warnings.py:110} WARNING - /home/***/.local/lib/python3.12/site-packages/***/task/task_runner/standard_task_runner.py:61: DeprecationWarning: This process (pid=3619) is multi-threaded, use of fork() may lead to deadlocks in the child.
  pid = os.fork()

[2024-05-08T21:09:26.725+0000] {standard_task_runner.py:63} INFO - Started process 3620 to run task
[2024-05-08T21:09:26.725+0000] {standard_task_runner.py:90} INFO - Running: ['***', 'tasks', 'run', '9_XCom', 'tarea2', 'scheduled__2022-01-01T00:00:00+00:00', '--job-id', '847', '--raw', '--subdir', 'DAGS_FOLDER/09_XCom.py', '--cfg-path', '/tmp/tmplbs9c407']
[2024-05-08T21:09:26.726+0000] {standard_task_runner.py:91} INFO - Job 847: Subtask tarea2
[2024-05-08T21:09:26.757+0000] {task_command.py:426} INFO - Running <TaskInstance: 9_XCom.tarea2 scheduled__2022-01-01T00:00:00+00:00 [running]> on host ccc314eb571d
[2024-05-08T21:09:26.818+0000] {taskinstance.py:2648} INFO - Exporting env vars: AIRFLOW_CTX_DAG_OWNER='***' AIRFLOW_CTX_DAG_ID='9_XCom' AIRFLOW_CTX_TASK_ID='tarea2' AIRFLOW_CTX_EXECUTION_DATE='2022-01-01T00:00:00+00:00' AIRFLOW_CTX_TRY_NUMBER='2' AIRFLOW_CTX_DAG_RUN_ID='scheduled__2022-01-01T00:00:00+00:00'
[2024-05-08T21:09:26.819+0000] {taskinstance.py:430} INFO - ::endgroup::
[2024-05-08T21:09:26.828+0000] {subprocess.py:63} INFO - Tmp dir root location: /tmp
[2024-05-08T21:09:26.829+0000] {subprocess.py:75} INFO - Running command: ['/usr/bin/bash', '-c', 'sleep 3 && echo 24']
[2024-05-08T21:09:26.836+0000] {subprocess.py:86} INFO - Output:
[2024-05-08T21:09:29.840+0000] {subprocess.py:93} INFO - 24
[2024-05-08T21:09:29.846+0000] {subprocess.py:97} INFO - Command exited with return code 0
[2024-05-08T21:09:29.851+0000] {taskinstance.py:441} INFO - ::group::Post task execution logs
[2024-05-08T21:09:29.916+0000] {taskinstance.py:1206} INFO - Marking task as SUCCESS. dag_id=9_XCom, task_id=tarea2, run_id=scheduled__2022-01-01T00:00:00+00:00, execution_date=20220101T000000, start_date=20240508T210926, end_date=20240508T210929
[2024-05-08T21:09:29.997+0000] {local_task_job_runner.py:240} INFO - Task exited with return code 0
[2024-05-08T21:09:30.050+0000] {taskinstance.py:3498} INFO - 1 downstream tasks scheduled from follow-on schedule check
[2024-05-08T21:09:30.060+0000] {local_task_job_runner.py:222} INFO - ::endgroup::
