[2024-05-07T23:40:44.674+0000] {local_task_job_runner.py:120} INFO - ::group::Pre task execution logs
[2024-05-07T23:40:44.696+0000] {taskinstance.py:2076} INFO - Dependencies all met for dep_context=non-requeueable deps ti=<TaskInstance: 5.1_orquestacion.tarea2 scheduled__2024-03-01T00:00:00+00:00 [queued]>
[2024-05-07T23:40:44.706+0000] {taskinstance.py:2076} INFO - Dependencies all met for dep_context=requeueable deps ti=<TaskInstance: 5.1_orquestacion.tarea2 scheduled__2024-03-01T00:00:00+00:00 [queued]>
[2024-05-07T23:40:44.707+0000] {taskinstance.py:2306} INFO - Starting attempt 1 of 1
[2024-05-07T23:40:44.720+0000] {taskinstance.py:2330} INFO - Executing <Task(BashOperator): tarea2> on 2024-03-01 00:00:00+00:00
[2024-05-07T23:40:44.726+0000] {warnings.py:110} WARNING - /home/***/.local/lib/python3.12/site-packages/***/task/task_runner/standard_task_runner.py:61: DeprecationWarning: This process (pid=2776) is multi-threaded, use of fork() may lead to deadlocks in the child.
  pid = os.fork()

[2024-05-07T23:40:44.728+0000] {standard_task_runner.py:63} INFO - Started process 2778 to run task
[2024-05-07T23:40:44.728+0000] {standard_task_runner.py:90} INFO - Running: ['***', 'tasks', 'run', '5.1_orquestacion', 'tarea2', 'scheduled__2024-03-01T00:00:00+00:00', '--job-id', '58', '--raw', '--subdir', 'DAGS_FOLDER/051_orquestacion.py', '--cfg-path', '/tmp/tmp60_27jl3']
[2024-05-07T23:40:44.729+0000] {standard_task_runner.py:91} INFO - Job 58: Subtask tarea2
[2024-05-07T23:40:44.777+0000] {task_command.py:426} INFO - Running <TaskInstance: 5.1_orquestacion.tarea2 scheduled__2024-03-01T00:00:00+00:00 [running]> on host 521bf890d837
[2024-05-07T23:40:44.859+0000] {taskinstance.py:2648} INFO - Exporting env vars: AIRFLOW_CTX_DAG_OWNER='***' AIRFLOW_CTX_DAG_ID='5.1_orquestacion' AIRFLOW_CTX_TASK_ID='tarea2' AIRFLOW_CTX_EXECUTION_DATE='2024-03-01T00:00:00+00:00' AIRFLOW_CTX_TRY_NUMBER='1' AIRFLOW_CTX_DAG_RUN_ID='scheduled__2024-03-01T00:00:00+00:00'
[2024-05-07T23:40:44.860+0000] {taskinstance.py:430} INFO - ::endgroup::
[2024-05-07T23:40:44.875+0000] {subprocess.py:63} INFO - Tmp dir root location: /tmp
[2024-05-07T23:40:44.877+0000] {subprocess.py:75} INFO - Running command: ['/usr/bin/bash', '-c', "sleep 2 && echo 'Tarea 2'"]
[2024-05-07T23:40:44.888+0000] {subprocess.py:86} INFO - Output:
[2024-05-07T23:40:46.891+0000] {subprocess.py:93} INFO - Tarea 2
[2024-05-07T23:40:46.892+0000] {subprocess.py:97} INFO - Command exited with return code 0
[2024-05-07T23:40:46.895+0000] {taskinstance.py:441} INFO - ::group::Post task execution logs
[2024-05-07T23:40:46.913+0000] {taskinstance.py:1206} INFO - Marking task as SUCCESS. dag_id=5.1_orquestacion, task_id=tarea2, run_id=scheduled__2024-03-01T00:00:00+00:00, execution_date=20240301T000000, start_date=20240507T234044, end_date=20240507T234046
[2024-05-07T23:40:46.954+0000] {local_task_job_runner.py:240} INFO - Task exited with return code 0
[2024-05-07T23:40:47.093+0000] {taskinstance.py:3498} INFO - 2 downstream tasks scheduled from follow-on schedule check
[2024-05-07T23:40:47.102+0000] {local_task_job_runner.py:222} INFO - ::endgroup::
[2024-05-07T23:45:15.576+0000] {local_task_job_runner.py:120} INFO - ::group::Pre task execution logs
[2024-05-07T23:45:15.594+0000] {taskinstance.py:2076} INFO - Dependencies all met for dep_context=non-requeueable deps ti=<TaskInstance: 5.1_orquestacion.tarea2 scheduled__2024-03-01T00:00:00+00:00 [queued]>
[2024-05-07T23:45:15.600+0000] {taskinstance.py:2076} INFO - Dependencies all met for dep_context=requeueable deps ti=<TaskInstance: 5.1_orquestacion.tarea2 scheduled__2024-03-01T00:00:00+00:00 [queued]>
[2024-05-07T23:45:15.601+0000] {taskinstance.py:2306} INFO - Starting attempt 1 of 1
[2024-05-07T23:45:15.612+0000] {taskinstance.py:2330} INFO - Executing <Task(BashOperator): tarea2> on 2024-03-01 00:00:00+00:00
[2024-05-07T23:45:15.618+0000] {warnings.py:110} WARNING - /home/***/.local/lib/python3.12/site-packages/***/task/task_runner/standard_task_runner.py:61: DeprecationWarning: This process (pid=3344) is multi-threaded, use of fork() may lead to deadlocks in the child.
  pid = os.fork()

[2024-05-07T23:45:15.619+0000] {standard_task_runner.py:90} INFO - Running: ['***', 'tasks', 'run', '5.1_orquestacion', 'tarea2', 'scheduled__2024-03-01T00:00:00+00:00', '--job-id', '186', '--raw', '--subdir', 'DAGS_FOLDER/051_orquestacion.py', '--cfg-path', '/tmp/tmpij4ba0ao']
[2024-05-07T23:45:15.619+0000] {standard_task_runner.py:63} INFO - Started process 3345 to run task
[2024-05-07T23:45:15.620+0000] {standard_task_runner.py:91} INFO - Job 186: Subtask tarea2
[2024-05-07T23:45:15.686+0000] {task_command.py:426} INFO - Running <TaskInstance: 5.1_orquestacion.tarea2 scheduled__2024-03-01T00:00:00+00:00 [running]> on host 521bf890d837
[2024-05-07T23:45:15.766+0000] {taskinstance.py:2648} INFO - Exporting env vars: AIRFLOW_CTX_DAG_OWNER='***' AIRFLOW_CTX_DAG_ID='5.1_orquestacion' AIRFLOW_CTX_TASK_ID='tarea2' AIRFLOW_CTX_EXECUTION_DATE='2024-03-01T00:00:00+00:00' AIRFLOW_CTX_TRY_NUMBER='1' AIRFLOW_CTX_DAG_RUN_ID='scheduled__2024-03-01T00:00:00+00:00'
[2024-05-07T23:45:15.775+0000] {taskinstance.py:430} INFO - ::endgroup::
[2024-05-07T23:45:15.784+0000] {subprocess.py:63} INFO - Tmp dir root location: /tmp
[2024-05-07T23:45:15.786+0000] {subprocess.py:75} INFO - Running command: ['/usr/bin/bash', '-c', "sleep 2 && echo 'Tarea 2'"]
[2024-05-07T23:45:15.808+0000] {subprocess.py:86} INFO - Output:
[2024-05-07T23:45:17.810+0000] {subprocess.py:93} INFO - Tarea 2
[2024-05-07T23:45:17.817+0000] {subprocess.py:97} INFO - Command exited with return code 0
[2024-05-07T23:45:17.839+0000] {taskinstance.py:441} INFO - ::group::Post task execution logs
[2024-05-07T23:45:17.858+0000] {taskinstance.py:1206} INFO - Marking task as SUCCESS. dag_id=5.1_orquestacion, task_id=tarea2, run_id=scheduled__2024-03-01T00:00:00+00:00, execution_date=20240301T000000, start_date=20240507T234515, end_date=20240507T234517
[2024-05-07T23:45:17.888+0000] {local_task_job_runner.py:240} INFO - Task exited with return code 0
[2024-05-07T23:45:17.905+0000] {taskinstance.py:3498} INFO - 2 downstream tasks scheduled from follow-on schedule check
[2024-05-07T23:45:17.912+0000] {local_task_job_runner.py:222} INFO - ::endgroup::
