[2024-05-07T23:40:58.076+0000] {local_task_job_runner.py:120} INFO - ::group::Pre task execution logs
[2024-05-07T23:40:58.147+0000] {taskinstance.py:2076} INFO - Dependencies all met for dep_context=non-requeueable deps ti=<TaskInstance: 5.1_orquestacion.tarea3 scheduled__2024-03-03T00:00:00+00:00 [queued]>
[2024-05-07T23:40:58.165+0000] {taskinstance.py:2076} INFO - Dependencies all met for dep_context=requeueable deps ti=<TaskInstance: 5.1_orquestacion.tarea3 scheduled__2024-03-03T00:00:00+00:00 [queued]>
[2024-05-07T23:40:58.166+0000] {taskinstance.py:2306} INFO - Starting attempt 1 of 1
[2024-05-07T23:40:58.187+0000] {taskinstance.py:2330} INFO - Executing <Task(BashOperator): tarea3> on 2024-03-03 00:00:00+00:00
[2024-05-07T23:40:58.193+0000] {warnings.py:110} WARNING - /home/***/.local/lib/python3.12/site-packages/***/task/task_runner/standard_task_runner.py:61: DeprecationWarning: This process (pid=2816) is multi-threaded, use of fork() may lead to deadlocks in the child.
  pid = os.fork()

[2024-05-07T23:40:58.195+0000] {standard_task_runner.py:63} INFO - Started process 2820 to run task
[2024-05-07T23:40:58.195+0000] {standard_task_runner.py:90} INFO - Running: ['***', 'tasks', 'run', '5.1_orquestacion', 'tarea3', 'scheduled__2024-03-03T00:00:00+00:00', '--job-id', '68', '--raw', '--subdir', 'DAGS_FOLDER/051_orquestacion.py', '--cfg-path', '/tmp/tmpdm9nz299']
[2024-05-07T23:40:58.196+0000] {standard_task_runner.py:91} INFO - Job 68: Subtask tarea3
[2024-05-07T23:40:58.245+0000] {task_command.py:426} INFO - Running <TaskInstance: 5.1_orquestacion.tarea3 scheduled__2024-03-03T00:00:00+00:00 [running]> on host 521bf890d837
[2024-05-07T23:40:58.328+0000] {taskinstance.py:2648} INFO - Exporting env vars: AIRFLOW_CTX_DAG_OWNER='***' AIRFLOW_CTX_DAG_ID='5.1_orquestacion' AIRFLOW_CTX_TASK_ID='tarea3' AIRFLOW_CTX_EXECUTION_DATE='2024-03-03T00:00:00+00:00' AIRFLOW_CTX_TRY_NUMBER='1' AIRFLOW_CTX_DAG_RUN_ID='scheduled__2024-03-03T00:00:00+00:00'
[2024-05-07T23:40:58.329+0000] {taskinstance.py:430} INFO - ::endgroup::
[2024-05-07T23:40:58.342+0000] {subprocess.py:63} INFO - Tmp dir root location: /tmp
[2024-05-07T23:40:58.343+0000] {subprocess.py:75} INFO - Running command: ['/usr/bin/bash', '-c', "sleep 2 && echo 'Tarea 3'"]
[2024-05-07T23:40:58.353+0000] {subprocess.py:86} INFO - Output:
[2024-05-07T23:41:00.359+0000] {subprocess.py:93} INFO - Tarea 3
[2024-05-07T23:41:00.359+0000] {subprocess.py:97} INFO - Command exited with return code 0
[2024-05-07T23:41:00.360+0000] {taskinstance.py:441} INFO - ::group::Post task execution logs
[2024-05-07T23:41:00.432+0000] {taskinstance.py:1206} INFO - Marking task as SUCCESS. dag_id=5.1_orquestacion, task_id=tarea3, run_id=scheduled__2024-03-03T00:00:00+00:00, execution_date=20240303T000000, start_date=20240507T234058, end_date=20240507T234100
[2024-05-07T23:41:00.588+0000] {local_task_job_runner.py:240} INFO - Task exited with return code 0
[2024-05-07T23:41:00.680+0000] {taskinstance.py:3498} INFO - 0 downstream tasks scheduled from follow-on schedule check
[2024-05-07T23:41:00.734+0000] {local_task_job_runner.py:222} INFO - ::endgroup::
[2024-05-07T23:45:43.124+0000] {local_task_job_runner.py:120} INFO - ::group::Pre task execution logs
[2024-05-07T23:45:43.149+0000] {taskinstance.py:2076} INFO - Dependencies all met for dep_context=non-requeueable deps ti=<TaskInstance: 5.1_orquestacion.tarea3 scheduled__2024-03-03T00:00:00+00:00 [queued]>
[2024-05-07T23:45:43.159+0000] {taskinstance.py:2076} INFO - Dependencies all met for dep_context=requeueable deps ti=<TaskInstance: 5.1_orquestacion.tarea3 scheduled__2024-03-03T00:00:00+00:00 [queued]>
[2024-05-07T23:45:43.162+0000] {taskinstance.py:2306} INFO - Starting attempt 1 of 1
[2024-05-07T23:45:43.182+0000] {taskinstance.py:2330} INFO - Executing <Task(BashOperator): tarea3> on 2024-03-03 00:00:00+00:00
[2024-05-07T23:45:43.195+0000] {warnings.py:110} WARNING - /home/***/.local/lib/python3.12/site-packages/***/task/task_runner/standard_task_runner.py:61: DeprecationWarning: This process (pid=3388) is multi-threaded, use of fork() may lead to deadlocks in the child.
  pid = os.fork()

[2024-05-07T23:45:43.197+0000] {standard_task_runner.py:90} INFO - Running: ['***', 'tasks', 'run', '5.1_orquestacion', 'tarea3', 'scheduled__2024-03-03T00:00:00+00:00', '--job-id', '196', '--raw', '--subdir', 'DAGS_FOLDER/051_orquestacion.py', '--cfg-path', '/tmp/tmpgfr7b2i4']
[2024-05-07T23:45:43.203+0000] {standard_task_runner.py:63} INFO - Started process 3390 to run task
[2024-05-07T23:45:43.207+0000] {standard_task_runner.py:91} INFO - Job 196: Subtask tarea3
[2024-05-07T23:45:43.251+0000] {task_command.py:426} INFO - Running <TaskInstance: 5.1_orquestacion.tarea3 scheduled__2024-03-03T00:00:00+00:00 [running]> on host 521bf890d837
[2024-05-07T23:45:43.385+0000] {taskinstance.py:2648} INFO - Exporting env vars: AIRFLOW_CTX_DAG_OWNER='***' AIRFLOW_CTX_DAG_ID='5.1_orquestacion' AIRFLOW_CTX_TASK_ID='tarea3' AIRFLOW_CTX_EXECUTION_DATE='2024-03-03T00:00:00+00:00' AIRFLOW_CTX_TRY_NUMBER='1' AIRFLOW_CTX_DAG_RUN_ID='scheduled__2024-03-03T00:00:00+00:00'
[2024-05-07T23:45:43.390+0000] {taskinstance.py:430} INFO - ::endgroup::
[2024-05-07T23:45:43.402+0000] {subprocess.py:63} INFO - Tmp dir root location: /tmp
[2024-05-07T23:45:43.403+0000] {subprocess.py:75} INFO - Running command: ['/usr/bin/bash', '-c', "sleep 2 && echo 'Tarea 3'"]
[2024-05-07T23:45:43.412+0000] {subprocess.py:86} INFO - Output:
[2024-05-07T23:45:45.417+0000] {subprocess.py:93} INFO - Tarea 3
[2024-05-07T23:45:45.421+0000] {subprocess.py:97} INFO - Command exited with return code 0
[2024-05-07T23:45:45.422+0000] {taskinstance.py:441} INFO - ::group::Post task execution logs
[2024-05-07T23:45:45.464+0000] {taskinstance.py:1206} INFO - Marking task as SUCCESS. dag_id=5.1_orquestacion, task_id=tarea3, run_id=scheduled__2024-03-03T00:00:00+00:00, execution_date=20240303T000000, start_date=20240507T234543, end_date=20240507T234545
[2024-05-07T23:45:45.554+0000] {local_task_job_runner.py:240} INFO - Task exited with return code 0
[2024-05-07T23:45:45.579+0000] {taskinstance.py:3498} INFO - 0 downstream tasks scheduled from follow-on schedule check
[2024-05-07T23:45:45.584+0000] {local_task_job_runner.py:222} INFO - ::endgroup::
