[2024-05-07T23:41:09.020+0000] {local_task_job_runner.py:120} INFO - ::group::Pre task execution logs
[2024-05-07T23:41:09.049+0000] {taskinstance.py:2076} INFO - Dependencies all met for dep_context=non-requeueable deps ti=<TaskInstance: 5.1_orquestacion.tarea1 scheduled__2024-03-08T00:00:00+00:00 [queued]>
[2024-05-07T23:41:09.060+0000] {taskinstance.py:2076} INFO - Dependencies all met for dep_context=requeueable deps ti=<TaskInstance: 5.1_orquestacion.tarea1 scheduled__2024-03-08T00:00:00+00:00 [queued]>
[2024-05-07T23:41:09.061+0000] {taskinstance.py:2306} INFO - Starting attempt 1 of 1
[2024-05-07T23:41:09.077+0000] {taskinstance.py:2330} INFO - Executing <Task(BashOperator): tarea1> on 2024-03-08 00:00:00+00:00
[2024-05-07T23:41:09.083+0000] {warnings.py:110} WARNING - /home/***/.local/lib/python3.12/site-packages/***/task/task_runner/standard_task_runner.py:61: DeprecationWarning: This process (pid=2872) is multi-threaded, use of fork() may lead to deadlocks in the child.
  pid = os.fork()

[2024-05-07T23:41:09.085+0000] {standard_task_runner.py:63} INFO - Started process 2876 to run task
[2024-05-07T23:41:09.085+0000] {standard_task_runner.py:90} INFO - Running: ['***', 'tasks', 'run', '5.1_orquestacion', 'tarea1', 'scheduled__2024-03-08T00:00:00+00:00', '--job-id', '80', '--raw', '--subdir', 'DAGS_FOLDER/051_orquestacion.py', '--cfg-path', '/tmp/tmpko4ulj0u']
[2024-05-07T23:41:09.086+0000] {standard_task_runner.py:91} INFO - Job 80: Subtask tarea1
[2024-05-07T23:41:09.130+0000] {task_command.py:426} INFO - Running <TaskInstance: 5.1_orquestacion.tarea1 scheduled__2024-03-08T00:00:00+00:00 [running]> on host 521bf890d837
[2024-05-07T23:41:09.213+0000] {taskinstance.py:2648} INFO - Exporting env vars: AIRFLOW_CTX_DAG_OWNER='***' AIRFLOW_CTX_DAG_ID='5.1_orquestacion' AIRFLOW_CTX_TASK_ID='tarea1' AIRFLOW_CTX_EXECUTION_DATE='2024-03-08T00:00:00+00:00' AIRFLOW_CTX_TRY_NUMBER='1' AIRFLOW_CTX_DAG_RUN_ID='scheduled__2024-03-08T00:00:00+00:00'
[2024-05-07T23:41:09.214+0000] {taskinstance.py:430} INFO - ::endgroup::
[2024-05-07T23:41:09.227+0000] {subprocess.py:63} INFO - Tmp dir root location: /tmp
[2024-05-07T23:41:09.229+0000] {subprocess.py:75} INFO - Running command: ['/usr/bin/bash', '-c', "sleep 2 && echo 'Tarea 1'"]
[2024-05-07T23:41:09.256+0000] {subprocess.py:86} INFO - Output:
[2024-05-07T23:41:11.259+0000] {subprocess.py:93} INFO - Tarea 1
[2024-05-07T23:41:11.259+0000] {subprocess.py:97} INFO - Command exited with return code 0
[2024-05-07T23:41:11.260+0000] {taskinstance.py:441} INFO - ::group::Post task execution logs
[2024-05-07T23:41:11.395+0000] {taskinstance.py:1206} INFO - Marking task as SUCCESS. dag_id=5.1_orquestacion, task_id=tarea1, run_id=scheduled__2024-03-08T00:00:00+00:00, execution_date=20240308T000000, start_date=20240507T234109, end_date=20240507T234111
[2024-05-07T23:41:11.675+0000] {local_task_job_runner.py:240} INFO - Task exited with return code 0
[2024-05-07T23:41:11.718+0000] {taskinstance.py:3498} INFO - 1 downstream tasks scheduled from follow-on schedule check
[2024-05-07T23:41:11.723+0000] {local_task_job_runner.py:222} INFO - ::endgroup::
[2024-05-07T23:46:35.738+0000] {local_task_job_runner.py:120} INFO - ::group::Pre task execution logs
[2024-05-07T23:46:35.764+0000] {taskinstance.py:2076} INFO - Dependencies all met for dep_context=non-requeueable deps ti=<TaskInstance: 5.1_orquestacion.tarea1 scheduled__2024-03-08T00:00:00+00:00 [queued]>
[2024-05-07T23:46:35.773+0000] {taskinstance.py:2076} INFO - Dependencies all met for dep_context=requeueable deps ti=<TaskInstance: 5.1_orquestacion.tarea1 scheduled__2024-03-08T00:00:00+00:00 [queued]>
[2024-05-07T23:46:35.774+0000] {taskinstance.py:2306} INFO - Starting attempt 1 of 1
[2024-05-07T23:46:35.788+0000] {taskinstance.py:2330} INFO - Executing <Task(BashOperator): tarea1> on 2024-03-08 00:00:00+00:00
[2024-05-07T23:46:35.795+0000] {warnings.py:110} WARNING - /home/***/.local/lib/python3.12/site-packages/***/task/task_runner/standard_task_runner.py:61: DeprecationWarning: This process (pid=3473) is multi-threaded, use of fork() may lead to deadlocks in the child.
  pid = os.fork()

[2024-05-07T23:46:35.796+0000] {standard_task_runner.py:63} INFO - Started process 3474 to run task
[2024-05-07T23:46:35.796+0000] {standard_task_runner.py:90} INFO - Running: ['***', 'tasks', 'run', '5.1_orquestacion', 'tarea1', 'scheduled__2024-03-08T00:00:00+00:00', '--job-id', '213', '--raw', '--subdir', 'DAGS_FOLDER/051_orquestacion.py', '--cfg-path', '/tmp/tmp5z4xaz2h']
[2024-05-07T23:46:35.797+0000] {standard_task_runner.py:91} INFO - Job 213: Subtask tarea1
[2024-05-07T23:46:35.853+0000] {task_command.py:426} INFO - Running <TaskInstance: 5.1_orquestacion.tarea1 scheduled__2024-03-08T00:00:00+00:00 [running]> on host 521bf890d837
[2024-05-07T23:46:35.961+0000] {taskinstance.py:2648} INFO - Exporting env vars: AIRFLOW_CTX_DAG_OWNER='***' AIRFLOW_CTX_DAG_ID='5.1_orquestacion' AIRFLOW_CTX_TASK_ID='tarea1' AIRFLOW_CTX_EXECUTION_DATE='2024-03-08T00:00:00+00:00' AIRFLOW_CTX_TRY_NUMBER='1' AIRFLOW_CTX_DAG_RUN_ID='scheduled__2024-03-08T00:00:00+00:00'
[2024-05-07T23:46:35.962+0000] {taskinstance.py:430} INFO - ::endgroup::
[2024-05-07T23:46:35.973+0000] {subprocess.py:63} INFO - Tmp dir root location: /tmp
[2024-05-07T23:46:35.975+0000] {subprocess.py:75} INFO - Running command: ['/usr/bin/bash', '-c', "sleep 2 && echo 'Tarea 1'"]
[2024-05-07T23:46:35.999+0000] {subprocess.py:86} INFO - Output:
[2024-05-07T23:46:38.001+0000] {subprocess.py:93} INFO - Tarea 1
[2024-05-07T23:46:38.003+0000] {subprocess.py:97} INFO - Command exited with return code 0
[2024-05-07T23:46:38.011+0000] {taskinstance.py:441} INFO - ::group::Post task execution logs
[2024-05-07T23:46:38.065+0000] {taskinstance.py:1206} INFO - Marking task as SUCCESS. dag_id=5.1_orquestacion, task_id=tarea1, run_id=scheduled__2024-03-08T00:00:00+00:00, execution_date=20240308T000000, start_date=20240507T234635, end_date=20240507T234638
[2024-05-07T23:46:38.104+0000] {local_task_job_runner.py:240} INFO - Task exited with return code 0
[2024-05-07T23:46:38.158+0000] {taskinstance.py:3498} INFO - 1 downstream tasks scheduled from follow-on schedule check
[2024-05-07T23:46:38.170+0000] {local_task_job_runner.py:222} INFO - ::endgroup::
