[2024-05-08T19:56:35.320+0000] {local_task_job_runner.py:120} INFO - ::group::Pre task execution logs
[2024-05-08T19:56:35.338+0000] {taskinstance.py:2076} INFO - Dependencies all met for dep_context=non-requeueable deps ti=<TaskInstance: 7.3_filesensor.end_task scheduled__2022-07-19T00:00:00+00:00 [queued]>
[2024-05-08T19:56:35.349+0000] {taskinstance.py:2076} INFO - Dependencies all met for dep_context=requeueable deps ti=<TaskInstance: 7.3_filesensor.end_task scheduled__2022-07-19T00:00:00+00:00 [queued]>
[2024-05-08T19:56:35.350+0000] {taskinstance.py:2306} INFO - Starting attempt 2 of 2
[2024-05-08T19:56:35.361+0000] {taskinstance.py:2330} INFO - Executing <Task(BashOperator): end_task> on 2022-07-19 00:00:00+00:00
[2024-05-08T19:56:35.407+0000] {warnings.py:110} WARNING - /home/***/.local/lib/python3.12/site-packages/***/task/task_runner/standard_task_runner.py:61: DeprecationWarning: This process (pid=2428) is multi-threaded, use of fork() may lead to deadlocks in the child.
  pid = os.fork()

[2024-05-08T19:56:35.408+0000] {standard_task_runner.py:90} INFO - Running: ['***', 'tasks', 'run', '7.3_filesensor', 'end_task', 'scheduled__2022-07-19T00:00:00+00:00', '--job-id', '772', '--raw', '--subdir', 'DAGS_FOLDER/07_FileSensor.py', '--cfg-path', '/tmp/tmprjptzt97']
[2024-05-08T19:56:35.416+0000] {standard_task_runner.py:63} INFO - Started process 2429 to run task
[2024-05-08T19:56:35.417+0000] {standard_task_runner.py:91} INFO - Job 772: Subtask end_task
[2024-05-08T19:56:35.459+0000] {task_command.py:426} INFO - Running <TaskInstance: 7.3_filesensor.end_task scheduled__2022-07-19T00:00:00+00:00 [running]> on host ccc314eb571d
[2024-05-08T19:56:35.517+0000] {taskinstance.py:2648} INFO - Exporting env vars: AIRFLOW_CTX_DAG_OWNER='***' AIRFLOW_CTX_DAG_ID='7.3_filesensor' AIRFLOW_CTX_TASK_ID='end_task' AIRFLOW_CTX_EXECUTION_DATE='2022-07-19T00:00:00+00:00' AIRFLOW_CTX_TRY_NUMBER='2' AIRFLOW_CTX_DAG_RUN_ID='scheduled__2022-07-19T00:00:00+00:00'
[2024-05-08T19:56:35.518+0000] {taskinstance.py:430} INFO - ::endgroup::
[2024-05-08T19:56:35.528+0000] {subprocess.py:63} INFO - Tmp dir root location: /tmp
[2024-05-08T19:56:35.529+0000] {subprocess.py:75} INFO - Running command: ['/usr/bin/bash', '-c', "echo 'El fichero ha llegado'"]
[2024-05-08T19:56:35.536+0000] {subprocess.py:86} INFO - Output:
[2024-05-08T19:56:35.537+0000] {subprocess.py:93} INFO - El fichero ha llegado
[2024-05-08T19:56:35.538+0000] {subprocess.py:97} INFO - Command exited with return code 0
[2024-05-08T19:56:35.538+0000] {taskinstance.py:441} INFO - ::group::Post task execution logs
[2024-05-08T19:56:35.556+0000] {taskinstance.py:1206} INFO - Marking task as SUCCESS. dag_id=7.3_filesensor, task_id=end_task, run_id=scheduled__2022-07-19T00:00:00+00:00, execution_date=20220719T000000, start_date=20240508T195635, end_date=20240508T195635
[2024-05-08T19:56:35.599+0000] {local_task_job_runner.py:240} INFO - Task exited with return code 0
[2024-05-08T19:56:35.610+0000] {taskinstance.py:3498} INFO - 0 downstream tasks scheduled from follow-on schedule check
[2024-05-08T19:56:35.612+0000] {local_task_job_runner.py:222} INFO - ::endgroup::
