[2024-05-07T23:41:05.301+0000] {local_task_job_runner.py:120} INFO - ::group::Pre task execution logs
[2024-05-07T23:41:05.334+0000] {taskinstance.py:2076} INFO - Dependencies all met for dep_context=non-requeueable deps ti=<TaskInstance: 5.1_orquestacion.tarea2 scheduled__2024-03-06T00:00:00+00:00 [queued]>
[2024-05-07T23:41:05.346+0000] {taskinstance.py:2076} INFO - Dependencies all met for dep_context=requeueable deps ti=<TaskInstance: 5.1_orquestacion.tarea2 scheduled__2024-03-06T00:00:00+00:00 [queued]>
[2024-05-07T23:41:05.347+0000] {taskinstance.py:2306} INFO - Starting attempt 1 of 1
[2024-05-07T23:41:05.363+0000] {taskinstance.py:2330} INFO - Executing <Task(BashOperator): tarea2> on 2024-03-06 00:00:00+00:00
[2024-05-07T23:41:05.382+0000] {warnings.py:110} WARNING - /home/***/.local/lib/python3.12/site-packages/***/task/task_runner/standard_task_runner.py:61: DeprecationWarning: This process (pid=2857) is multi-threaded, use of fork() may lead to deadlocks in the child.
  pid = os.fork()

[2024-05-07T23:41:05.386+0000] {standard_task_runner.py:63} INFO - Started process 2860 to run task
[2024-05-07T23:41:05.386+0000] {standard_task_runner.py:90} INFO - Running: ['***', 'tasks', 'run', '5.1_orquestacion', 'tarea2', 'scheduled__2024-03-06T00:00:00+00:00', '--job-id', '78', '--raw', '--subdir', 'DAGS_FOLDER/051_orquestacion.py', '--cfg-path', '/tmp/tmpft5ibtgc']
[2024-05-07T23:41:05.388+0000] {standard_task_runner.py:91} INFO - Job 78: Subtask tarea2
[2024-05-07T23:41:05.440+0000] {task_command.py:426} INFO - Running <TaskInstance: 5.1_orquestacion.tarea2 scheduled__2024-03-06T00:00:00+00:00 [running]> on host 521bf890d837
[2024-05-07T23:41:05.625+0000] {taskinstance.py:2648} INFO - Exporting env vars: AIRFLOW_CTX_DAG_OWNER='***' AIRFLOW_CTX_DAG_ID='5.1_orquestacion' AIRFLOW_CTX_TASK_ID='tarea2' AIRFLOW_CTX_EXECUTION_DATE='2024-03-06T00:00:00+00:00' AIRFLOW_CTX_TRY_NUMBER='1' AIRFLOW_CTX_DAG_RUN_ID='scheduled__2024-03-06T00:00:00+00:00'
[2024-05-07T23:41:05.627+0000] {taskinstance.py:430} INFO - ::endgroup::
[2024-05-07T23:41:05.644+0000] {subprocess.py:63} INFO - Tmp dir root location: /tmp
[2024-05-07T23:41:05.646+0000] {subprocess.py:75} INFO - Running command: ['/usr/bin/bash', '-c', "sleep 2 && echo 'Tarea 2'"]
[2024-05-07T23:41:05.656+0000] {subprocess.py:86} INFO - Output:
[2024-05-07T23:41:07.660+0000] {subprocess.py:93} INFO - Tarea 2
[2024-05-07T23:41:07.677+0000] {subprocess.py:97} INFO - Command exited with return code 0
[2024-05-07T23:41:07.681+0000] {taskinstance.py:441} INFO - ::group::Post task execution logs
[2024-05-07T23:41:07.792+0000] {taskinstance.py:1206} INFO - Marking task as SUCCESS. dag_id=5.1_orquestacion, task_id=tarea2, run_id=scheduled__2024-03-06T00:00:00+00:00, execution_date=20240306T000000, start_date=20240507T234105, end_date=20240507T234107
[2024-05-07T23:41:08.018+0000] {local_task_job_runner.py:240} INFO - Task exited with return code 0
[2024-05-07T23:41:08.074+0000] {taskinstance.py:3498} INFO - 2 downstream tasks scheduled from follow-on schedule check
[2024-05-07T23:41:08.077+0000] {local_task_job_runner.py:222} INFO - ::endgroup::
[2024-05-07T23:46:15.162+0000] {local_task_job_runner.py:120} INFO - ::group::Pre task execution logs
[2024-05-07T23:46:15.186+0000] {taskinstance.py:2076} INFO - Dependencies all met for dep_context=non-requeueable deps ti=<TaskInstance: 5.1_orquestacion.tarea2 scheduled__2024-03-06T00:00:00+00:00 [queued]>
[2024-05-07T23:46:15.201+0000] {taskinstance.py:2076} INFO - Dependencies all met for dep_context=requeueable deps ti=<TaskInstance: 5.1_orquestacion.tarea2 scheduled__2024-03-06T00:00:00+00:00 [queued]>
[2024-05-07T23:46:15.201+0000] {taskinstance.py:2306} INFO - Starting attempt 1 of 1
[2024-05-07T23:46:15.216+0000] {taskinstance.py:2330} INFO - Executing <Task(BashOperator): tarea2> on 2024-03-06 00:00:00+00:00
[2024-05-07T23:46:15.232+0000] {warnings.py:110} WARNING - /home/***/.local/lib/python3.12/site-packages/***/task/task_runner/standard_task_runner.py:61: DeprecationWarning: This process (pid=3438) is multi-threaded, use of fork() may lead to deadlocks in the child.
  pid = os.fork()

[2024-05-07T23:46:15.234+0000] {standard_task_runner.py:90} INFO - Running: ['***', 'tasks', 'run', '5.1_orquestacion', 'tarea2', 'scheduled__2024-03-06T00:00:00+00:00', '--job-id', '206', '--raw', '--subdir', 'DAGS_FOLDER/051_orquestacion.py', '--cfg-path', '/tmp/tmpppi_m9d0']
[2024-05-07T23:46:15.237+0000] {standard_task_runner.py:63} INFO - Started process 3439 to run task
[2024-05-07T23:46:15.238+0000] {standard_task_runner.py:91} INFO - Job 206: Subtask tarea2
[2024-05-07T23:46:15.294+0000] {task_command.py:426} INFO - Running <TaskInstance: 5.1_orquestacion.tarea2 scheduled__2024-03-06T00:00:00+00:00 [running]> on host 521bf890d837
[2024-05-07T23:46:15.389+0000] {taskinstance.py:2648} INFO - Exporting env vars: AIRFLOW_CTX_DAG_OWNER='***' AIRFLOW_CTX_DAG_ID='5.1_orquestacion' AIRFLOW_CTX_TASK_ID='tarea2' AIRFLOW_CTX_EXECUTION_DATE='2024-03-06T00:00:00+00:00' AIRFLOW_CTX_TRY_NUMBER='1' AIRFLOW_CTX_DAG_RUN_ID='scheduled__2024-03-06T00:00:00+00:00'
[2024-05-07T23:46:15.390+0000] {taskinstance.py:430} INFO - ::endgroup::
[2024-05-07T23:46:15.418+0000] {subprocess.py:63} INFO - Tmp dir root location: /tmp
[2024-05-07T23:46:15.420+0000] {subprocess.py:75} INFO - Running command: ['/usr/bin/bash', '-c', "sleep 2 && echo 'Tarea 2'"]
[2024-05-07T23:46:15.427+0000] {subprocess.py:86} INFO - Output:
[2024-05-07T23:46:17.430+0000] {subprocess.py:93} INFO - Tarea 2
[2024-05-07T23:46:17.439+0000] {subprocess.py:97} INFO - Command exited with return code 0
[2024-05-07T23:46:17.448+0000] {taskinstance.py:441} INFO - ::group::Post task execution logs
[2024-05-07T23:46:17.470+0000] {taskinstance.py:1206} INFO - Marking task as SUCCESS. dag_id=5.1_orquestacion, task_id=tarea2, run_id=scheduled__2024-03-06T00:00:00+00:00, execution_date=20240306T000000, start_date=20240507T234615, end_date=20240507T234617
[2024-05-07T23:46:17.505+0000] {local_task_job_runner.py:240} INFO - Task exited with return code 0
[2024-05-07T23:46:17.525+0000] {taskinstance.py:3498} INFO - 2 downstream tasks scheduled from follow-on schedule check
[2024-05-07T23:46:17.533+0000] {local_task_job_runner.py:222} INFO - ::endgroup::
