[2024-05-07T23:42:12.957+0000] {local_task_job_runner.py:120} INFO - ::group::Pre task execution logs
[2024-05-07T23:42:12.989+0000] {taskinstance.py:2076} INFO - Dependencies all met for dep_context=non-requeueable deps ti=<TaskInstance: 5.1_orquestacion.tarea4 scheduled__2024-03-23T00:00:00+00:00 [queued]>
[2024-05-07T23:42:13.002+0000] {taskinstance.py:2076} INFO - Dependencies all met for dep_context=requeueable deps ti=<TaskInstance: 5.1_orquestacion.tarea4 scheduled__2024-03-23T00:00:00+00:00 [queued]>
[2024-05-07T23:42:13.003+0000] {taskinstance.py:2306} INFO - Starting attempt 1 of 1
[2024-05-07T23:42:13.017+0000] {taskinstance.py:2330} INFO - Executing <Task(BashOperator): tarea4> on 2024-03-23 00:00:00+00:00
[2024-05-07T23:42:13.023+0000] {warnings.py:110} WARNING - /home/***/.local/lib/python3.12/site-packages/***/task/task_runner/standard_task_runner.py:61: DeprecationWarning: This process (pid=3158) is multi-threaded, use of fork() may lead to deadlocks in the child.
  pid = os.fork()

[2024-05-07T23:42:13.024+0000] {standard_task_runner.py:63} INFO - Started process 3163 to run task
[2024-05-07T23:42:13.025+0000] {standard_task_runner.py:90} INFO - Running: ['***', 'tasks', 'run', '5.1_orquestacion', 'tarea4', 'scheduled__2024-03-23T00:00:00+00:00', '--job-id', '150', '--raw', '--subdir', 'DAGS_FOLDER/051_orquestacion.py', '--cfg-path', '/tmp/tmph3mr6ppe']
[2024-05-07T23:42:13.026+0000] {standard_task_runner.py:91} INFO - Job 150: Subtask tarea4
[2024-05-07T23:42:13.075+0000] {task_command.py:426} INFO - Running <TaskInstance: 5.1_orquestacion.tarea4 scheduled__2024-03-23T00:00:00+00:00 [running]> on host 521bf890d837
[2024-05-07T23:42:13.191+0000] {taskinstance.py:2648} INFO - Exporting env vars: AIRFLOW_CTX_DAG_OWNER='***' AIRFLOW_CTX_DAG_ID='5.1_orquestacion' AIRFLOW_CTX_TASK_ID='tarea4' AIRFLOW_CTX_EXECUTION_DATE='2024-03-23T00:00:00+00:00' AIRFLOW_CTX_TRY_NUMBER='1' AIRFLOW_CTX_DAG_RUN_ID='scheduled__2024-03-23T00:00:00+00:00'
[2024-05-07T23:42:13.192+0000] {taskinstance.py:430} INFO - ::endgroup::
[2024-05-07T23:42:13.204+0000] {subprocess.py:63} INFO - Tmp dir root location: /tmp
[2024-05-07T23:42:13.205+0000] {subprocess.py:75} INFO - Running command: ['/usr/bin/bash', '-c', "sleep 2 && echo 'Tarea 4'"]
[2024-05-07T23:42:13.214+0000] {subprocess.py:86} INFO - Output:
[2024-05-07T23:42:15.217+0000] {subprocess.py:93} INFO - Tarea 4
[2024-05-07T23:42:15.218+0000] {subprocess.py:97} INFO - Command exited with return code 0
[2024-05-07T23:42:15.219+0000] {taskinstance.py:441} INFO - ::group::Post task execution logs
[2024-05-07T23:42:15.256+0000] {taskinstance.py:1206} INFO - Marking task as SUCCESS. dag_id=5.1_orquestacion, task_id=tarea4, run_id=scheduled__2024-03-23T00:00:00+00:00, execution_date=20240323T000000, start_date=20240507T234212, end_date=20240507T234215
[2024-05-07T23:42:15.331+0000] {local_task_job_runner.py:240} INFO - Task exited with return code 0
[2024-05-07T23:42:15.340+0000] {local_task_job_runner.py:222} INFO - ::endgroup::
[2024-05-07T23:49:32.768+0000] {local_task_job_runner.py:120} INFO - ::group::Pre task execution logs
[2024-05-07T23:49:32.789+0000] {taskinstance.py:2076} INFO - Dependencies all met for dep_context=non-requeueable deps ti=<TaskInstance: 5.1_orquestacion.tarea4 scheduled__2024-03-23T00:00:00+00:00 [queued]>
[2024-05-07T23:49:32.802+0000] {taskinstance.py:2076} INFO - Dependencies all met for dep_context=requeueable deps ti=<TaskInstance: 5.1_orquestacion.tarea4 scheduled__2024-03-23T00:00:00+00:00 [queued]>
[2024-05-07T23:49:32.802+0000] {taskinstance.py:2306} INFO - Starting attempt 1 of 1
[2024-05-07T23:49:32.816+0000] {taskinstance.py:2330} INFO - Executing <Task(BashOperator): tarea4> on 2024-03-23 00:00:00+00:00
[2024-05-07T23:49:32.822+0000] {warnings.py:110} WARNING - /home/***/.local/lib/python3.12/site-packages/***/task/task_runner/standard_task_runner.py:61: DeprecationWarning: This process (pid=3756) is multi-threaded, use of fork() may lead to deadlocks in the child.
  pid = os.fork()

[2024-05-07T23:49:32.823+0000] {standard_task_runner.py:90} INFO - Running: ['***', 'tasks', 'run', '5.1_orquestacion', 'tarea4', 'scheduled__2024-03-23T00:00:00+00:00', '--job-id', '276', '--raw', '--subdir', 'DAGS_FOLDER/051_orquestacion.py', '--cfg-path', '/tmp/tmp8z21kex0']
[2024-05-07T23:49:32.825+0000] {standard_task_runner.py:63} INFO - Started process 3759 to run task
[2024-05-07T23:49:32.826+0000] {standard_task_runner.py:91} INFO - Job 276: Subtask tarea4
[2024-05-07T23:49:32.867+0000] {task_command.py:426} INFO - Running <TaskInstance: 5.1_orquestacion.tarea4 scheduled__2024-03-23T00:00:00+00:00 [running]> on host 521bf890d837
[2024-05-07T23:49:32.939+0000] {taskinstance.py:2648} INFO - Exporting env vars: AIRFLOW_CTX_DAG_OWNER='***' AIRFLOW_CTX_DAG_ID='5.1_orquestacion' AIRFLOW_CTX_TASK_ID='tarea4' AIRFLOW_CTX_EXECUTION_DATE='2024-03-23T00:00:00+00:00' AIRFLOW_CTX_TRY_NUMBER='1' AIRFLOW_CTX_DAG_RUN_ID='scheduled__2024-03-23T00:00:00+00:00'
[2024-05-07T23:49:32.941+0000] {taskinstance.py:430} INFO - ::endgroup::
[2024-05-07T23:49:32.950+0000] {subprocess.py:63} INFO - Tmp dir root location: /tmp
[2024-05-07T23:49:32.951+0000] {subprocess.py:75} INFO - Running command: ['/usr/bin/bash', '-c', "sleep 2 && echo 'Tarea 4'"]
[2024-05-07T23:49:32.958+0000] {subprocess.py:86} INFO - Output:
[2024-05-07T23:49:34.960+0000] {subprocess.py:93} INFO - Tarea 4
[2024-05-07T23:49:34.963+0000] {subprocess.py:97} INFO - Command exited with return code 0
[2024-05-07T23:49:34.965+0000] {taskinstance.py:441} INFO - ::group::Post task execution logs
[2024-05-07T23:49:34.987+0000] {taskinstance.py:1206} INFO - Marking task as SUCCESS. dag_id=5.1_orquestacion, task_id=tarea4, run_id=scheduled__2024-03-23T00:00:00+00:00, execution_date=20240323T000000, start_date=20240507T234932, end_date=20240507T234934
[2024-05-07T23:49:35.010+0000] {local_task_job_runner.py:240} INFO - Task exited with return code 0
[2024-05-07T23:49:35.023+0000] {taskinstance.py:3498} INFO - 0 downstream tasks scheduled from follow-on schedule check
[2024-05-07T23:49:35.027+0000] {local_task_job_runner.py:222} INFO - ::endgroup::
