[2024-05-10T06:21:21.538+0000] {local_task_job_runner.py:120} INFO - ::group::Pre task execution logs
[2024-05-10T06:21:21.674+0000] {taskinstance.py:2076} INFO - Dependencies all met for dep_context=non-requeueable deps ti=<TaskInstance: Proyecto_SpaceX_v1.Lectura_Datos_NASA scheduled__2024-03-20T00:00:00+00:00 [queued]>
[2024-05-10T06:21:21.680+0000] {taskinstance.py:2076} INFO - Dependencies all met for dep_context=requeueable deps ti=<TaskInstance: Proyecto_SpaceX_v1.Lectura_Datos_NASA scheduled__2024-03-20T00:00:00+00:00 [queued]>
[2024-05-10T06:21:21.682+0000] {taskinstance.py:2306} INFO - Starting attempt 1 of 1
[2024-05-10T06:21:21.697+0000] {taskinstance.py:2330} INFO - Executing <Task(BashOperator): Lectura_Datos_NASA> on 2024-03-20 00:00:00+00:00
[2024-05-10T06:21:21.703+0000] {warnings.py:110} WARNING - /home/***/.local/lib/python3.12/site-packages/***/task/task_runner/standard_task_runner.py:61: DeprecationWarning: This process (pid=1929) is multi-threaded, use of fork() may lead to deadlocks in the child.
  pid = os.fork()

[2024-05-10T06:21:21.705+0000] {standard_task_runner.py:63} INFO - Started process 1931 to run task
[2024-05-10T06:21:21.704+0000] {standard_task_runner.py:90} INFO - Running: ['***', 'tasks', 'run', 'Proyecto_SpaceX_v1', 'Lectura_Datos_NASA', 'scheduled__2024-03-20T00:00:00+00:00', '--job-id', '1261', '--raw', '--subdir', 'DAGS_FOLDER/Proyecto_SpaceX_v1.py', '--cfg-path', '/tmp/tmp81fhe7nr']
[2024-05-10T06:21:21.707+0000] {standard_task_runner.py:91} INFO - Job 1261: Subtask Lectura_Datos_NASA
[2024-05-10T06:21:21.741+0000] {task_command.py:426} INFO - Running <TaskInstance: Proyecto_SpaceX_v1.Lectura_Datos_NASA scheduled__2024-03-20T00:00:00+00:00 [running]> on host 1b7f0b10dd99
[2024-05-10T06:21:21.809+0000] {taskinstance.py:2648} INFO - Exporting env vars: AIRFLOW_CTX_DAG_OWNER='***' AIRFLOW_CTX_DAG_ID='Proyecto_SpaceX_v1' AIRFLOW_CTX_TASK_ID='Lectura_Datos_NASA' AIRFLOW_CTX_EXECUTION_DATE='2024-03-20T00:00:00+00:00' AIRFLOW_CTX_TRY_NUMBER='1' AIRFLOW_CTX_DAG_RUN_ID='scheduled__2024-03-20T00:00:00+00:00'
[2024-05-10T06:21:21.811+0000] {taskinstance.py:430} INFO - ::endgroup::
[2024-05-10T06:21:21.820+0000] {subprocess.py:63} INFO - Tmp dir root location: /tmp
[2024-05-10T06:21:21.821+0000] {subprocess.py:75} INFO - Running command: ['/usr/bin/bash', '-c', 'ls /tmp && head /tmp/response_20240320.txt']
[2024-05-10T06:21:21.833+0000] {subprocess.py:86} INFO - Output:
[2024-05-10T06:21:21.834+0000] {subprocess.py:93} INFO - ***tmpqm5appbn
[2024-05-10T06:21:21.835+0000] {subprocess.py:93} INFO - history.json
[2024-05-10T06:21:21.835+0000] {subprocess.py:93} INFO - platzi_data_20231125.csv
[2024-05-10T06:21:21.836+0000] {subprocess.py:93} INFO - platzi_data_20231126.csv
[2024-05-10T06:21:21.837+0000] {subprocess.py:93} INFO - platzi_data_20231127.csv
[2024-05-10T06:21:21.837+0000] {subprocess.py:93} INFO - platzi_data_20240101.csv
[2024-05-10T06:21:21.838+0000] {subprocess.py:93} INFO - platzi_data_20240201.csv
[2024-05-10T06:21:21.839+0000] {subprocess.py:93} INFO - platzi_data_20240301.csv
[2024-05-10T06:21:21.840+0000] {subprocess.py:93} INFO - platzi_data_20240302.csv
[2024-05-10T06:21:21.840+0000] {subprocess.py:93} INFO - platzi_data_20240303.csv
[2024-05-10T06:21:21.841+0000] {subprocess.py:93} INFO - platzi_data_20240304.csv
[2024-05-10T06:21:21.842+0000] {subprocess.py:93} INFO - platzi_data_20240305.csv
[2024-05-10T06:21:21.842+0000] {subprocess.py:93} INFO - platzi_data_20240306.csv
[2024-05-10T06:21:21.843+0000] {subprocess.py:93} INFO - platzi_data_20240307.csv
[2024-05-10T06:21:21.843+0000] {subprocess.py:93} INFO - platzi_data_20240308.csv
[2024-05-10T06:21:21.844+0000] {subprocess.py:93} INFO - platzi_data_20240309.csv
[2024-05-10T06:21:21.845+0000] {subprocess.py:93} INFO - platzi_data_20240310.csv
[2024-05-10T06:21:21.845+0000] {subprocess.py:93} INFO - platzi_data_20240311.csv
[2024-05-10T06:21:21.846+0000] {subprocess.py:93} INFO - platzi_data_20240312.csv
[2024-05-10T06:21:21.846+0000] {subprocess.py:93} INFO - platzi_data_20240313.csv
[2024-05-10T06:21:21.847+0000] {subprocess.py:93} INFO - platzi_data_20240314.csv
[2024-05-10T06:21:21.847+0000] {subprocess.py:93} INFO - platzi_data_20240316.csv
[2024-05-10T06:21:21.847+0000] {subprocess.py:93} INFO - platzi_data_20240317.csv
[2024-05-10T06:21:21.848+0000] {subprocess.py:93} INFO - platzi_data_20240318.csv
[2024-05-10T06:21:21.848+0000] {subprocess.py:93} INFO - platzi_data_20240319.csv
[2024-05-10T06:21:21.849+0000] {subprocess.py:93} INFO - pymp-uyxtzsi7
[2024-05-10T06:21:21.850+0000] {subprocess.py:93} INFO - response_20231125.txt
[2024-05-10T06:21:21.850+0000] {subprocess.py:93} INFO - response_20231126.txt
[2024-05-10T06:21:21.850+0000] {subprocess.py:93} INFO - response_20231127.txt
[2024-05-10T06:21:21.851+0000] {subprocess.py:93} INFO - response_20240101.txt
[2024-05-10T06:21:21.851+0000] {subprocess.py:93} INFO - response_20240201.txt
[2024-05-10T06:21:21.852+0000] {subprocess.py:93} INFO - response_20240301.txt
[2024-05-10T06:21:21.852+0000] {subprocess.py:93} INFO - response_20240302.txt
[2024-05-10T06:21:21.852+0000] {subprocess.py:93} INFO - response_20240303.txt
[2024-05-10T06:21:21.853+0000] {subprocess.py:93} INFO - response_20240304.txt
[2024-05-10T06:21:21.853+0000] {subprocess.py:93} INFO - response_20240305.txt
[2024-05-10T06:21:21.853+0000] {subprocess.py:93} INFO - response_20240306.txt
[2024-05-10T06:21:21.854+0000] {subprocess.py:93} INFO - response_20240307.txt
[2024-05-10T06:21:21.854+0000] {subprocess.py:93} INFO - response_20240308.txt
[2024-05-10T06:21:21.855+0000] {subprocess.py:93} INFO - response_20240309.txt
[2024-05-10T06:21:21.855+0000] {subprocess.py:93} INFO - response_20240310.txt
[2024-05-10T06:21:21.855+0000] {subprocess.py:93} INFO - response_20240311.txt
[2024-05-10T06:21:21.856+0000] {subprocess.py:93} INFO - response_20240312.txt
[2024-05-10T06:21:21.856+0000] {subprocess.py:93} INFO - response_20240313.txt
[2024-05-10T06:21:21.857+0000] {subprocess.py:93} INFO - response_20240314.txt
[2024-05-10T06:21:21.857+0000] {subprocess.py:93} INFO - response_20240315.txt
[2024-05-10T06:21:21.857+0000] {subprocess.py:93} INFO - response_20240316.txt
[2024-05-10T06:21:21.858+0000] {subprocess.py:93} INFO - response_20240317.txt
[2024-05-10T06:21:21.858+0000] {subprocess.py:93} INFO - response_20240318.txt
[2024-05-10T06:21:21.858+0000] {subprocess.py:93} INFO - response_20240319.txt
[2024-05-10T06:21:21.859+0000] {subprocess.py:93} INFO - response_20240320.txt
[2024-05-10T06:21:21.859+0000] {subprocess.py:93} INFO - Confirmación, puede proceder
[2024-05-10T06:21:21.860+0000] {subprocess.py:97} INFO - Command exited with return code 0
[2024-05-10T06:21:21.860+0000] {taskinstance.py:441} INFO - ::group::Post task execution logs
[2024-05-10T06:21:21.884+0000] {taskinstance.py:1206} INFO - Marking task as SUCCESS. dag_id=Proyecto_SpaceX_v1, task_id=Lectura_Datos_NASA, run_id=scheduled__2024-03-20T00:00:00+00:00, execution_date=20240320T000000, start_date=20240510T062121, end_date=20240510T062121
[2024-05-10T06:21:21.920+0000] {local_task_job_runner.py:240} INFO - Task exited with return code 0
[2024-05-10T06:21:21.938+0000] {taskinstance.py:3498} INFO - 0 downstream tasks scheduled from follow-on schedule check
[2024-05-10T06:21:21.941+0000] {local_task_job_runner.py:222} INFO - ::endgroup::
