[2024-05-07T23:42:24.321+0000] {local_task_job_runner.py:120} INFO - ::group::Pre task execution logs
[2024-05-07T23:42:24.431+0000] {taskinstance.py:2076} INFO - Dependencies all met for dep_context=non-requeueable deps ti=<TaskInstance: 5.1_orquestacion.tarea4 scheduled__2024-03-26T00:00:00+00:00 [queued]>
[2024-05-07T23:42:24.481+0000] {taskinstance.py:2076} INFO - Dependencies all met for dep_context=requeueable deps ti=<TaskInstance: 5.1_orquestacion.tarea4 scheduled__2024-03-26T00:00:00+00:00 [queued]>
[2024-05-07T23:42:24.482+0000] {taskinstance.py:2306} INFO - Starting attempt 1 of 1
[2024-05-07T23:42:24.503+0000] {taskinstance.py:2330} INFO - Executing <Task(BashOperator): tarea4> on 2024-03-26 00:00:00+00:00
[2024-05-07T23:42:24.510+0000] {warnings.py:110} WARNING - /home/***/.local/lib/python3.12/site-packages/***/task/task_runner/standard_task_runner.py:61: DeprecationWarning: This process (pid=3207) is multi-threaded, use of fork() may lead to deadlocks in the child.
  pid = os.fork()

[2024-05-07T23:42:24.512+0000] {standard_task_runner.py:63} INFO - Started process 3210 to run task
[2024-05-07T23:42:24.512+0000] {standard_task_runner.py:90} INFO - Running: ['***', 'tasks', 'run', '5.1_orquestacion', 'tarea4', 'scheduled__2024-03-26T00:00:00+00:00', '--job-id', '160', '--raw', '--subdir', 'DAGS_FOLDER/051_orquestacion.py', '--cfg-path', '/tmp/tmpd0wioh8s']
[2024-05-07T23:42:24.514+0000] {standard_task_runner.py:91} INFO - Job 160: Subtask tarea4
[2024-05-07T23:42:24.581+0000] {task_command.py:426} INFO - Running <TaskInstance: 5.1_orquestacion.tarea4 scheduled__2024-03-26T00:00:00+00:00 [running]> on host 521bf890d837
[2024-05-07T23:42:24.748+0000] {taskinstance.py:2648} INFO - Exporting env vars: AIRFLOW_CTX_DAG_OWNER='***' AIRFLOW_CTX_DAG_ID='5.1_orquestacion' AIRFLOW_CTX_TASK_ID='tarea4' AIRFLOW_CTX_EXECUTION_DATE='2024-03-26T00:00:00+00:00' AIRFLOW_CTX_TRY_NUMBER='1' AIRFLOW_CTX_DAG_RUN_ID='scheduled__2024-03-26T00:00:00+00:00'
[2024-05-07T23:42:24.749+0000] {taskinstance.py:430} INFO - ::endgroup::
[2024-05-07T23:42:24.762+0000] {subprocess.py:63} INFO - Tmp dir root location: /tmp
[2024-05-07T23:42:24.763+0000] {subprocess.py:75} INFO - Running command: ['/usr/bin/bash', '-c', "sleep 2 && echo 'Tarea 4'"]
[2024-05-07T23:42:24.770+0000] {subprocess.py:86} INFO - Output:
[2024-05-07T23:42:26.772+0000] {subprocess.py:93} INFO - Tarea 4
[2024-05-07T23:42:26.773+0000] {subprocess.py:97} INFO - Command exited with return code 0
[2024-05-07T23:42:26.773+0000] {taskinstance.py:441} INFO - ::group::Post task execution logs
[2024-05-07T23:42:26.922+0000] {taskinstance.py:1206} INFO - Marking task as SUCCESS. dag_id=5.1_orquestacion, task_id=tarea4, run_id=scheduled__2024-03-26T00:00:00+00:00, execution_date=20240326T000000, start_date=20240507T234224, end_date=20240507T234226
[2024-05-07T23:42:27.068+0000] {local_task_job_runner.py:240} INFO - Task exited with return code 0
[2024-05-07T23:42:27.175+0000] {taskinstance.py:3498} INFO - 0 downstream tasks scheduled from follow-on schedule check
[2024-05-07T23:42:27.191+0000] {local_task_job_runner.py:222} INFO - ::endgroup::
[2024-05-07T23:50:02.882+0000] {local_task_job_runner.py:120} INFO - ::group::Pre task execution logs
[2024-05-07T23:50:02.905+0000] {taskinstance.py:2076} INFO - Dependencies all met for dep_context=non-requeueable deps ti=<TaskInstance: 5.1_orquestacion.tarea4 scheduled__2024-03-26T00:00:00+00:00 [queued]>
[2024-05-07T23:50:02.914+0000] {taskinstance.py:2076} INFO - Dependencies all met for dep_context=requeueable deps ti=<TaskInstance: 5.1_orquestacion.tarea4 scheduled__2024-03-26T00:00:00+00:00 [queued]>
[2024-05-07T23:50:02.915+0000] {taskinstance.py:2306} INFO - Starting attempt 1 of 1
[2024-05-07T23:50:02.928+0000] {taskinstance.py:2330} INFO - Executing <Task(BashOperator): tarea4> on 2024-03-26 00:00:00+00:00
[2024-05-07T23:50:02.934+0000] {warnings.py:110} WARNING - /home/***/.local/lib/python3.12/site-packages/***/task/task_runner/standard_task_runner.py:61: DeprecationWarning: This process (pid=3811) is multi-threaded, use of fork() may lead to deadlocks in the child.
  pid = os.fork()

[2024-05-07T23:50:02.935+0000] {standard_task_runner.py:63} INFO - Started process 3814 to run task
[2024-05-07T23:50:02.935+0000] {standard_task_runner.py:90} INFO - Running: ['***', 'tasks', 'run', '5.1_orquestacion', 'tarea4', 'scheduled__2024-03-26T00:00:00+00:00', '--job-id', '288', '--raw', '--subdir', 'DAGS_FOLDER/051_orquestacion.py', '--cfg-path', '/tmp/tmpn8iscuo3']
[2024-05-07T23:50:02.937+0000] {standard_task_runner.py:91} INFO - Job 288: Subtask tarea4
[2024-05-07T23:50:02.975+0000] {task_command.py:426} INFO - Running <TaskInstance: 5.1_orquestacion.tarea4 scheduled__2024-03-26T00:00:00+00:00 [running]> on host 521bf890d837
[2024-05-07T23:50:03.051+0000] {taskinstance.py:2648} INFO - Exporting env vars: AIRFLOW_CTX_DAG_OWNER='***' AIRFLOW_CTX_DAG_ID='5.1_orquestacion' AIRFLOW_CTX_TASK_ID='tarea4' AIRFLOW_CTX_EXECUTION_DATE='2024-03-26T00:00:00+00:00' AIRFLOW_CTX_TRY_NUMBER='1' AIRFLOW_CTX_DAG_RUN_ID='scheduled__2024-03-26T00:00:00+00:00'
[2024-05-07T23:50:03.052+0000] {taskinstance.py:430} INFO - ::endgroup::
[2024-05-07T23:50:03.063+0000] {subprocess.py:63} INFO - Tmp dir root location: /tmp
[2024-05-07T23:50:03.064+0000] {subprocess.py:75} INFO - Running command: ['/usr/bin/bash', '-c', "sleep 2 && echo 'Tarea 4'"]
[2024-05-07T23:50:03.071+0000] {subprocess.py:86} INFO - Output:
[2024-05-07T23:50:05.074+0000] {subprocess.py:93} INFO - Tarea 4
[2024-05-07T23:50:05.076+0000] {subprocess.py:97} INFO - Command exited with return code 0
[2024-05-07T23:50:05.078+0000] {taskinstance.py:441} INFO - ::group::Post task execution logs
[2024-05-07T23:50:05.101+0000] {taskinstance.py:1206} INFO - Marking task as SUCCESS. dag_id=5.1_orquestacion, task_id=tarea4, run_id=scheduled__2024-03-26T00:00:00+00:00, execution_date=20240326T000000, start_date=20240507T235002, end_date=20240507T235005
[2024-05-07T23:50:05.119+0000] {local_task_job_runner.py:240} INFO - Task exited with return code 0
[2024-05-07T23:50:05.133+0000] {taskinstance.py:3498} INFO - 0 downstream tasks scheduled from follow-on schedule check
[2024-05-07T23:50:05.136+0000] {local_task_job_runner.py:222} INFO - ::endgroup::
