[2024-05-07T23:41:05.287+0000] {local_task_job_runner.py:120} INFO - ::group::Pre task execution logs
[2024-05-07T23:41:05.325+0000] {taskinstance.py:2076} INFO - Dependencies all met for dep_context=non-requeueable deps ti=<TaskInstance: 5.1_orquestacion.tarea3 scheduled__2024-03-05T00:00:00+00:00 [queued]>
[2024-05-07T23:41:05.338+0000] {taskinstance.py:2076} INFO - Dependencies all met for dep_context=requeueable deps ti=<TaskInstance: 5.1_orquestacion.tarea3 scheduled__2024-03-05T00:00:00+00:00 [queued]>
[2024-05-07T23:41:05.339+0000] {taskinstance.py:2306} INFO - Starting attempt 1 of 1
[2024-05-07T23:41:05.356+0000] {taskinstance.py:2330} INFO - Executing <Task(BashOperator): tarea3> on 2024-03-05 00:00:00+00:00
[2024-05-07T23:41:05.362+0000] {warnings.py:110} WARNING - /home/***/.local/lib/python3.12/site-packages/***/task/task_runner/standard_task_runner.py:61: DeprecationWarning: This process (pid=2855) is multi-threaded, use of fork() may lead to deadlocks in the child.
  pid = os.fork()

[2024-05-07T23:41:05.364+0000] {standard_task_runner.py:63} INFO - Started process 2859 to run task
[2024-05-07T23:41:05.364+0000] {standard_task_runner.py:90} INFO - Running: ['***', 'tasks', 'run', '5.1_orquestacion', 'tarea3', 'scheduled__2024-03-05T00:00:00+00:00', '--job-id', '76', '--raw', '--subdir', 'DAGS_FOLDER/051_orquestacion.py', '--cfg-path', '/tmp/tmp9ldz79l1']
[2024-05-07T23:41:05.365+0000] {standard_task_runner.py:91} INFO - Job 76: Subtask tarea3
[2024-05-07T23:41:05.431+0000] {task_command.py:426} INFO - Running <TaskInstance: 5.1_orquestacion.tarea3 scheduled__2024-03-05T00:00:00+00:00 [running]> on host 521bf890d837
[2024-05-07T23:41:05.593+0000] {taskinstance.py:2648} INFO - Exporting env vars: AIRFLOW_CTX_DAG_OWNER='***' AIRFLOW_CTX_DAG_ID='5.1_orquestacion' AIRFLOW_CTX_TASK_ID='tarea3' AIRFLOW_CTX_EXECUTION_DATE='2024-03-05T00:00:00+00:00' AIRFLOW_CTX_TRY_NUMBER='1' AIRFLOW_CTX_DAG_RUN_ID='scheduled__2024-03-05T00:00:00+00:00'
[2024-05-07T23:41:05.594+0000] {taskinstance.py:430} INFO - ::endgroup::
[2024-05-07T23:41:05.623+0000] {subprocess.py:63} INFO - Tmp dir root location: /tmp
[2024-05-07T23:41:05.625+0000] {subprocess.py:75} INFO - Running command: ['/usr/bin/bash', '-c', "sleep 2 && echo 'Tarea 3'"]
[2024-05-07T23:41:05.636+0000] {subprocess.py:86} INFO - Output:
[2024-05-07T23:41:07.640+0000] {subprocess.py:93} INFO - Tarea 3
[2024-05-07T23:41:07.642+0000] {subprocess.py:97} INFO - Command exited with return code 0
[2024-05-07T23:41:07.648+0000] {taskinstance.py:441} INFO - ::group::Post task execution logs
[2024-05-07T23:41:07.788+0000] {taskinstance.py:1206} INFO - Marking task as SUCCESS. dag_id=5.1_orquestacion, task_id=tarea3, run_id=scheduled__2024-03-05T00:00:00+00:00, execution_date=20240305T000000, start_date=20240507T234105, end_date=20240507T234107
[2024-05-07T23:41:08.040+0000] {local_task_job_runner.py:240} INFO - Task exited with return code 0
[2024-05-07T23:41:08.065+0000] {taskinstance.py:3498} INFO - 0 downstream tasks scheduled from follow-on schedule check
[2024-05-07T23:41:08.068+0000] {local_task_job_runner.py:222} INFO - ::endgroup::
[2024-05-07T23:46:06.382+0000] {local_task_job_runner.py:120} INFO - ::group::Pre task execution logs
[2024-05-07T23:46:06.407+0000] {taskinstance.py:2076} INFO - Dependencies all met for dep_context=non-requeueable deps ti=<TaskInstance: 5.1_orquestacion.tarea3 scheduled__2024-03-05T00:00:00+00:00 [queued]>
[2024-05-07T23:46:06.417+0000] {taskinstance.py:2076} INFO - Dependencies all met for dep_context=requeueable deps ti=<TaskInstance: 5.1_orquestacion.tarea3 scheduled__2024-03-05T00:00:00+00:00 [queued]>
[2024-05-07T23:46:06.419+0000] {taskinstance.py:2306} INFO - Starting attempt 1 of 1
[2024-05-07T23:46:06.434+0000] {taskinstance.py:2330} INFO - Executing <Task(BashOperator): tarea3> on 2024-03-05 00:00:00+00:00
[2024-05-07T23:46:06.440+0000] {warnings.py:110} WARNING - /home/***/.local/lib/python3.12/site-packages/***/task/task_runner/standard_task_runner.py:61: DeprecationWarning: This process (pid=3427) is multi-threaded, use of fork() may lead to deadlocks in the child.
  pid = os.fork()

[2024-05-07T23:46:06.441+0000] {standard_task_runner.py:63} INFO - Started process 3428 to run task
[2024-05-07T23:46:06.441+0000] {standard_task_runner.py:90} INFO - Running: ['***', 'tasks', 'run', '5.1_orquestacion', 'tarea3', 'scheduled__2024-03-05T00:00:00+00:00', '--job-id', '203', '--raw', '--subdir', 'DAGS_FOLDER/051_orquestacion.py', '--cfg-path', '/tmp/tmpk383b254']
[2024-05-07T23:46:06.442+0000] {standard_task_runner.py:91} INFO - Job 203: Subtask tarea3
[2024-05-07T23:46:06.485+0000] {task_command.py:426} INFO - Running <TaskInstance: 5.1_orquestacion.tarea3 scheduled__2024-03-05T00:00:00+00:00 [running]> on host 521bf890d837
[2024-05-07T23:46:06.599+0000] {taskinstance.py:2648} INFO - Exporting env vars: AIRFLOW_CTX_DAG_OWNER='***' AIRFLOW_CTX_DAG_ID='5.1_orquestacion' AIRFLOW_CTX_TASK_ID='tarea3' AIRFLOW_CTX_EXECUTION_DATE='2024-03-05T00:00:00+00:00' AIRFLOW_CTX_TRY_NUMBER='1' AIRFLOW_CTX_DAG_RUN_ID='scheduled__2024-03-05T00:00:00+00:00'
[2024-05-07T23:46:06.600+0000] {taskinstance.py:430} INFO - ::endgroup::
[2024-05-07T23:46:06.612+0000] {subprocess.py:63} INFO - Tmp dir root location: /tmp
[2024-05-07T23:46:06.619+0000] {subprocess.py:75} INFO - Running command: ['/usr/bin/bash', '-c', "sleep 2 && echo 'Tarea 3'"]
[2024-05-07T23:46:06.639+0000] {subprocess.py:86} INFO - Output:
[2024-05-07T23:46:08.644+0000] {subprocess.py:93} INFO - Tarea 3
[2024-05-07T23:46:08.652+0000] {subprocess.py:97} INFO - Command exited with return code 0
[2024-05-07T23:46:08.659+0000] {taskinstance.py:441} INFO - ::group::Post task execution logs
[2024-05-07T23:46:08.736+0000] {taskinstance.py:1206} INFO - Marking task as SUCCESS. dag_id=5.1_orquestacion, task_id=tarea3, run_id=scheduled__2024-03-05T00:00:00+00:00, execution_date=20240305T000000, start_date=20240507T234606, end_date=20240507T234608
[2024-05-07T23:46:08.791+0000] {local_task_job_runner.py:240} INFO - Task exited with return code 0
[2024-05-07T23:46:08.799+0000] {local_task_job_runner.py:222} INFO - ::endgroup::
