[2024-05-10T06:10:17.501+0000] {local_task_job_runner.py:120} INFO - ::group::Pre task execution logs
[2024-05-10T06:10:17.520+0000] {taskinstance.py:2076} INFO - Dependencies all met for dep_context=non-requeueable deps ti=<TaskInstance: Proyecto_SpaceX_v1.Visualizar_Respuesta_Satelite scheduled__2024-03-03T00:00:00+00:00 [queued]>
[2024-05-10T06:10:17.529+0000] {taskinstance.py:2076} INFO - Dependencies all met for dep_context=requeueable deps ti=<TaskInstance: Proyecto_SpaceX_v1.Visualizar_Respuesta_Satelite scheduled__2024-03-03T00:00:00+00:00 [queued]>
[2024-05-10T06:10:17.531+0000] {taskinstance.py:2306} INFO - Starting attempt 1 of 1
[2024-05-10T06:10:17.543+0000] {taskinstance.py:2330} INFO - Executing <Task(BashOperator): Visualizar_Respuesta_Satelite> on 2024-03-03 00:00:00+00:00
[2024-05-10T06:10:17.556+0000] {warnings.py:110} WARNING - /home/***/.local/lib/python3.12/site-packages/***/task/task_runner/standard_task_runner.py:61: DeprecationWarning: This process (pid=1227) is multi-threaded, use of fork() may lead to deadlocks in the child.
  pid = os.fork()

[2024-05-10T06:10:17.558+0000] {standard_task_runner.py:63} INFO - Started process 1229 to run task
[2024-05-10T06:10:17.557+0000] {standard_task_runner.py:90} INFO - Running: ['***', 'tasks', 'run', 'Proyecto_SpaceX_v1', 'Visualizar_Respuesta_Satelite', 'scheduled__2024-03-03T00:00:00+00:00', '--job-id', '1131', '--raw', '--subdir', 'DAGS_FOLDER/Proyecto_SpaceX_v1.py', '--cfg-path', '/tmp/tmphk4x2bco']
[2024-05-10T06:10:17.560+0000] {standard_task_runner.py:91} INFO - Job 1131: Subtask Visualizar_Respuesta_Satelite
[2024-05-10T06:10:17.724+0000] {task_command.py:426} INFO - Running <TaskInstance: Proyecto_SpaceX_v1.Visualizar_Respuesta_Satelite scheduled__2024-03-03T00:00:00+00:00 [running]> on host 1b7f0b10dd99
[2024-05-10T06:10:17.798+0000] {taskinstance.py:2648} INFO - Exporting env vars: AIRFLOW_CTX_DAG_OWNER='***' AIRFLOW_CTX_DAG_ID='Proyecto_SpaceX_v1' AIRFLOW_CTX_TASK_ID='Visualizar_Respuesta_Satelite' AIRFLOW_CTX_EXECUTION_DATE='2024-03-03T00:00:00+00:00' AIRFLOW_CTX_TRY_NUMBER='1' AIRFLOW_CTX_DAG_RUN_ID='scheduled__2024-03-03T00:00:00+00:00'
[2024-05-10T06:10:17.799+0000] {taskinstance.py:430} INFO - ::endgroup::
[2024-05-10T06:10:17.809+0000] {subprocess.py:63} INFO - Tmp dir root location: /tmp
[2024-05-10T06:10:17.810+0000] {subprocess.py:75} INFO - Running command: ['/usr/bin/bash', '-c', 'ls /tmp && head /tmp/platzi_data_20240303.csv']
[2024-05-10T06:10:17.820+0000] {subprocess.py:86} INFO - Output:
[2024-05-10T06:10:17.822+0000] {subprocess.py:93} INFO - ***tmpjryi35_h
[2024-05-10T06:10:17.823+0000] {subprocess.py:93} INFO - history.json
[2024-05-10T06:10:17.824+0000] {subprocess.py:93} INFO - platzi_data_20231125.csv
[2024-05-10T06:10:17.824+0000] {subprocess.py:93} INFO - platzi_data_20231126.csv
[2024-05-10T06:10:17.825+0000] {subprocess.py:93} INFO - platzi_data_20231127.csv
[2024-05-10T06:10:17.826+0000] {subprocess.py:93} INFO - platzi_data_20240101.csv
[2024-05-10T06:10:17.827+0000] {subprocess.py:93} INFO - platzi_data_20240201.csv
[2024-05-10T06:10:17.827+0000] {subprocess.py:93} INFO - platzi_data_20240301.csv
[2024-05-10T06:10:17.828+0000] {subprocess.py:93} INFO - platzi_data_20240302.csv
[2024-05-10T06:10:17.829+0000] {subprocess.py:93} INFO - platzi_data_20240303.csv
[2024-05-10T06:10:17.829+0000] {subprocess.py:93} INFO - pymp-uyxtzsi7
[2024-05-10T06:10:17.830+0000] {subprocess.py:93} INFO - response_20231125.txt
[2024-05-10T06:10:17.831+0000] {subprocess.py:93} INFO - response_20231126.txt
[2024-05-10T06:10:17.831+0000] {subprocess.py:93} INFO - response_20231127.txt
[2024-05-10T06:10:17.832+0000] {subprocess.py:93} INFO - response_20240101.txt
[2024-05-10T06:10:17.832+0000] {subprocess.py:93} INFO - response_20240201.txt
[2024-05-10T06:10:17.833+0000] {subprocess.py:93} INFO - response_20240301.txt
[2024-05-10T06:10:17.833+0000] {subprocess.py:93} INFO - response_20240302.txt
[2024-05-10T06:10:17.834+0000] {subprocess.py:93} INFO - response_20240303.txt
[2024-05-10T06:10:17.834+0000] {subprocess.py:93} INFO - Student,timestamp
[2024-05-10T06:10:17.835+0000] {subprocess.py:93} INFO - Maria Cruz,2024-03-03 00:00:00+00:00
[2024-05-10T06:10:17.835+0000] {subprocess.py:93} INFO - Daniel Crema,2024-03-03 00:00:00+00:00
[2024-05-10T06:10:17.836+0000] {subprocess.py:93} INFO - Elon Musk,2024-03-03 00:00:00+00:00
[2024-05-10T06:10:17.837+0000] {subprocess.py:93} INFO - Karol Castrejon,2024-03-03 00:00:00+00:00
[2024-05-10T06:10:17.837+0000] {subprocess.py:93} INFO - Freddy Vega,2024-03-03 00:00:00+00:00
[2024-05-10T06:10:17.838+0000] {subprocess.py:93} INFO - Felipe Duque,2024-03-03 00:00:00+00:00
[2024-05-10T06:10:17.838+0000] {subprocess.py:97} INFO - Command exited with return code 0
[2024-05-10T06:10:17.839+0000] {taskinstance.py:441} INFO - ::group::Post task execution logs
[2024-05-10T06:10:17.862+0000] {taskinstance.py:1206} INFO - Marking task as SUCCESS. dag_id=Proyecto_SpaceX_v1, task_id=Visualizar_Respuesta_Satelite, run_id=scheduled__2024-03-03T00:00:00+00:00, execution_date=20240303T000000, start_date=20240510T061017, end_date=20240510T061017
[2024-05-10T06:10:17.894+0000] {local_task_job_runner.py:240} INFO - Task exited with return code 0
[2024-05-10T06:10:18.041+0000] {taskinstance.py:3498} INFO - 1 downstream tasks scheduled from follow-on schedule check
[2024-05-10T06:10:18.046+0000] {local_task_job_runner.py:222} INFO - ::endgroup::
