[2024-05-07T23:41:13.774+0000] {local_task_job_runner.py:120} INFO - ::group::Pre task execution logs
[2024-05-07T23:41:13.803+0000] {taskinstance.py:2076} INFO - Dependencies all met for dep_context=non-requeueable deps ti=<TaskInstance: 5.1_orquestacion.tarea1 scheduled__2024-03-09T00:00:00+00:00 [queued]>
[2024-05-07T23:41:13.815+0000] {taskinstance.py:2076} INFO - Dependencies all met for dep_context=requeueable deps ti=<TaskInstance: 5.1_orquestacion.tarea1 scheduled__2024-03-09T00:00:00+00:00 [queued]>
[2024-05-07T23:41:13.816+0000] {taskinstance.py:2306} INFO - Starting attempt 1 of 1
[2024-05-07T23:41:13.833+0000] {taskinstance.py:2330} INFO - Executing <Task(BashOperator): tarea1> on 2024-03-09 00:00:00+00:00
[2024-05-07T23:41:13.839+0000] {warnings.py:110} WARNING - /home/***/.local/lib/python3.12/site-packages/***/task/task_runner/standard_task_runner.py:61: DeprecationWarning: This process (pid=2890) is multi-threaded, use of fork() may lead to deadlocks in the child.
  pid = os.fork()

[2024-05-07T23:41:13.841+0000] {standard_task_runner.py:63} INFO - Started process 2893 to run task
[2024-05-07T23:41:13.840+0000] {standard_task_runner.py:90} INFO - Running: ['***', 'tasks', 'run', '5.1_orquestacion', 'tarea1', 'scheduled__2024-03-09T00:00:00+00:00', '--job-id', '86', '--raw', '--subdir', 'DAGS_FOLDER/051_orquestacion.py', '--cfg-path', '/tmp/tmpuvvbe4e7']
[2024-05-07T23:41:13.842+0000] {standard_task_runner.py:91} INFO - Job 86: Subtask tarea1
[2024-05-07T23:41:13.890+0000] {task_command.py:426} INFO - Running <TaskInstance: 5.1_orquestacion.tarea1 scheduled__2024-03-09T00:00:00+00:00 [running]> on host 521bf890d837
[2024-05-07T23:41:13.979+0000] {taskinstance.py:2648} INFO - Exporting env vars: AIRFLOW_CTX_DAG_OWNER='***' AIRFLOW_CTX_DAG_ID='5.1_orquestacion' AIRFLOW_CTX_TASK_ID='tarea1' AIRFLOW_CTX_EXECUTION_DATE='2024-03-09T00:00:00+00:00' AIRFLOW_CTX_TRY_NUMBER='1' AIRFLOW_CTX_DAG_RUN_ID='scheduled__2024-03-09T00:00:00+00:00'
[2024-05-07T23:41:13.980+0000] {taskinstance.py:430} INFO - ::endgroup::
[2024-05-07T23:41:13.995+0000] {subprocess.py:63} INFO - Tmp dir root location: /tmp
[2024-05-07T23:41:13.996+0000] {subprocess.py:75} INFO - Running command: ['/usr/bin/bash', '-c', "sleep 2 && echo 'Tarea 1'"]
[2024-05-07T23:41:14.003+0000] {subprocess.py:86} INFO - Output:
[2024-05-07T23:41:16.008+0000] {subprocess.py:93} INFO - Tarea 1
[2024-05-07T23:41:16.012+0000] {subprocess.py:97} INFO - Command exited with return code 0
[2024-05-07T23:41:16.019+0000] {taskinstance.py:441} INFO - ::group::Post task execution logs
[2024-05-07T23:41:16.155+0000] {taskinstance.py:1206} INFO - Marking task as SUCCESS. dag_id=5.1_orquestacion, task_id=tarea1, run_id=scheduled__2024-03-09T00:00:00+00:00, execution_date=20240309T000000, start_date=20240507T234113, end_date=20240507T234116
[2024-05-07T23:41:16.510+0000] {local_task_job_runner.py:240} INFO - Task exited with return code 0
[2024-05-07T23:41:16.611+0000] {taskinstance.py:3498} INFO - 1 downstream tasks scheduled from follow-on schedule check
[2024-05-07T23:41:16.621+0000] {local_task_job_runner.py:222} INFO - ::endgroup::
[2024-05-07T23:46:47.252+0000] {local_task_job_runner.py:120} INFO - ::group::Pre task execution logs
[2024-05-07T23:46:47.280+0000] {taskinstance.py:2076} INFO - Dependencies all met for dep_context=non-requeueable deps ti=<TaskInstance: 5.1_orquestacion.tarea1 scheduled__2024-03-09T00:00:00+00:00 [queued]>
[2024-05-07T23:46:47.289+0000] {taskinstance.py:2076} INFO - Dependencies all met for dep_context=requeueable deps ti=<TaskInstance: 5.1_orquestacion.tarea1 scheduled__2024-03-09T00:00:00+00:00 [queued]>
[2024-05-07T23:46:47.291+0000] {taskinstance.py:2306} INFO - Starting attempt 1 of 1
[2024-05-07T23:46:47.304+0000] {taskinstance.py:2330} INFO - Executing <Task(BashOperator): tarea1> on 2024-03-09 00:00:00+00:00
[2024-05-07T23:46:47.320+0000] {warnings.py:110} WARNING - /home/***/.local/lib/python3.12/site-packages/***/task/task_runner/standard_task_runner.py:61: DeprecationWarning: This process (pid=3489) is multi-threaded, use of fork() may lead to deadlocks in the child.
  pid = os.fork()

[2024-05-07T23:46:47.322+0000] {standard_task_runner.py:90} INFO - Running: ['***', 'tasks', 'run', '5.1_orquestacion', 'tarea1', 'scheduled__2024-03-09T00:00:00+00:00', '--job-id', '217', '--raw', '--subdir', 'DAGS_FOLDER/051_orquestacion.py', '--cfg-path', '/tmp/tmpmndw2uds']
[2024-05-07T23:46:47.323+0000] {standard_task_runner.py:63} INFO - Started process 3490 to run task
[2024-05-07T23:46:47.338+0000] {standard_task_runner.py:91} INFO - Job 217: Subtask tarea1
[2024-05-07T23:46:47.379+0000] {task_command.py:426} INFO - Running <TaskInstance: 5.1_orquestacion.tarea1 scheduled__2024-03-09T00:00:00+00:00 [running]> on host 521bf890d837
[2024-05-07T23:46:47.468+0000] {taskinstance.py:2648} INFO - Exporting env vars: AIRFLOW_CTX_DAG_OWNER='***' AIRFLOW_CTX_DAG_ID='5.1_orquestacion' AIRFLOW_CTX_TASK_ID='tarea1' AIRFLOW_CTX_EXECUTION_DATE='2024-03-09T00:00:00+00:00' AIRFLOW_CTX_TRY_NUMBER='1' AIRFLOW_CTX_DAG_RUN_ID='scheduled__2024-03-09T00:00:00+00:00'
[2024-05-07T23:46:47.470+0000] {taskinstance.py:430} INFO - ::endgroup::
[2024-05-07T23:46:47.490+0000] {subprocess.py:63} INFO - Tmp dir root location: /tmp
[2024-05-07T23:46:47.498+0000] {subprocess.py:75} INFO - Running command: ['/usr/bin/bash', '-c', "sleep 2 && echo 'Tarea 1'"]
[2024-05-07T23:46:47.510+0000] {subprocess.py:86} INFO - Output:
[2024-05-07T23:46:49.512+0000] {subprocess.py:93} INFO - Tarea 1
[2024-05-07T23:46:49.520+0000] {subprocess.py:97} INFO - Command exited with return code 0
[2024-05-07T23:46:49.524+0000] {taskinstance.py:441} INFO - ::group::Post task execution logs
[2024-05-07T23:46:49.550+0000] {taskinstance.py:1206} INFO - Marking task as SUCCESS. dag_id=5.1_orquestacion, task_id=tarea1, run_id=scheduled__2024-03-09T00:00:00+00:00, execution_date=20240309T000000, start_date=20240507T234647, end_date=20240507T234649
[2024-05-07T23:46:49.605+0000] {local_task_job_runner.py:240} INFO - Task exited with return code 0
[2024-05-07T23:46:49.630+0000] {taskinstance.py:3498} INFO - 1 downstream tasks scheduled from follow-on schedule check
[2024-05-07T23:46:49.635+0000] {local_task_job_runner.py:222} INFO - ::endgroup::
