[2024-05-10T06:23:00.189+0000] {local_task_job_runner.py:120} INFO - ::group::Pre task execution logs
[2024-05-10T06:23:00.320+0000] {taskinstance.py:2076} INFO - Dependencies all met for dep_context=non-requeueable deps ti=<TaskInstance: Proyecto_SpaceX_v1.Enviar_Mensaje scheduled__2024-03-23T00:00:00+00:00 [queued]>
[2024-05-10T06:23:00.327+0000] {taskinstance.py:2076} INFO - Dependencies all met for dep_context=requeueable deps ti=<TaskInstance: Proyecto_SpaceX_v1.Enviar_Mensaje scheduled__2024-03-23T00:00:00+00:00 [queued]>
[2024-05-10T06:23:00.329+0000] {taskinstance.py:2306} INFO - Starting attempt 1 of 1
[2024-05-10T06:23:00.341+0000] {taskinstance.py:2330} INFO - Executing <Task(BashOperator): Enviar_Mensaje> on 2024-03-23 00:00:00+00:00
[2024-05-10T06:23:00.348+0000] {warnings.py:110} WARNING - /home/***/.local/lib/python3.12/site-packages/***/task/task_runner/standard_task_runner.py:61: DeprecationWarning: This process (pid=2068) is multi-threaded, use of fork() may lead to deadlocks in the child.
  pid = os.fork()

[2024-05-10T06:23:00.350+0000] {standard_task_runner.py:63} INFO - Started process 2070 to run task
[2024-05-10T06:23:00.350+0000] {standard_task_runner.py:90} INFO - Running: ['***', 'tasks', 'run', 'Proyecto_SpaceX_v1', 'Enviar_Mensaje', 'scheduled__2024-03-23T00:00:00+00:00', '--job-id', '1287', '--raw', '--subdir', 'DAGS_FOLDER/Proyecto_SpaceX_v1.py', '--cfg-path', '/tmp/tmpial54jsa']
[2024-05-10T06:23:00.352+0000] {standard_task_runner.py:91} INFO - Job 1287: Subtask Enviar_Mensaje
[2024-05-10T06:23:00.394+0000] {task_command.py:426} INFO - Running <TaskInstance: Proyecto_SpaceX_v1.Enviar_Mensaje scheduled__2024-03-23T00:00:00+00:00 [running]> on host 1b7f0b10dd99
[2024-05-10T06:23:00.470+0000] {taskinstance.py:2648} INFO - Exporting env vars: AIRFLOW_CTX_DAG_OWNER='***' AIRFLOW_CTX_DAG_ID='Proyecto_SpaceX_v1' AIRFLOW_CTX_TASK_ID='Enviar_Mensaje' AIRFLOW_CTX_EXECUTION_DATE='2024-03-23T00:00:00+00:00' AIRFLOW_CTX_TRY_NUMBER='1' AIRFLOW_CTX_DAG_RUN_ID='scheduled__2024-03-23T00:00:00+00:00'
[2024-05-10T06:23:00.472+0000] {taskinstance.py:430} INFO - ::endgroup::
[2024-05-10T06:23:00.485+0000] {subprocess.py:63} INFO - Tmp dir root location: /tmp
[2024-05-10T06:23:00.487+0000] {subprocess.py:75} INFO - Running command: ['/usr/bin/bash', '-c', "echo '2024-03-23: Los datos fueron cargados'"]
[2024-05-10T06:23:00.496+0000] {subprocess.py:86} INFO - Output:
[2024-05-10T06:23:00.498+0000] {subprocess.py:93} INFO - 2024-03-23: Los datos fueron cargados
[2024-05-10T06:23:00.498+0000] {subprocess.py:97} INFO - Command exited with return code 0
[2024-05-10T06:23:00.499+0000] {taskinstance.py:441} INFO - ::group::Post task execution logs
[2024-05-10T06:23:00.521+0000] {taskinstance.py:1206} INFO - Marking task as SUCCESS. dag_id=Proyecto_SpaceX_v1, task_id=Enviar_Mensaje, run_id=scheduled__2024-03-23T00:00:00+00:00, execution_date=20240323T000000, start_date=20240510T062300, end_date=20240510T062300
[2024-05-10T06:23:00.564+0000] {local_task_job_runner.py:240} INFO - Task exited with return code 0
[2024-05-10T06:23:00.578+0000] {taskinstance.py:3498} INFO - 0 downstream tasks scheduled from follow-on schedule check
[2024-05-10T06:23:00.583+0000] {local_task_job_runner.py:222} INFO - ::endgroup::
