[2024-05-09T18:53:57.619+0000] {local_task_job_runner.py:120} INFO - ::group::Pre task execution logs
[2024-05-09T18:53:57.646+0000] {taskinstance.py:2076} INFO - Dependencies all met for dep_context=non-requeueable deps ti=<TaskInstance: Proyecto_SpaceX.Obtener_datos_SpaceX scheduled__2024-02-01T00:00:00+00:00 [queued]>
[2024-05-09T18:53:57.767+0000] {taskinstance.py:2076} INFO - Dependencies all met for dep_context=requeueable deps ti=<TaskInstance: Proyecto_SpaceX.Obtener_datos_SpaceX scheduled__2024-02-01T00:00:00+00:00 [queued]>
[2024-05-09T18:53:57.769+0000] {taskinstance.py:2306} INFO - Starting attempt 1 of 1
[2024-05-09T18:53:57.784+0000] {taskinstance.py:2330} INFO - Executing <Task(BashOperator): Obtener_datos_SpaceX> on 2024-02-01 00:00:00+00:00
[2024-05-09T18:53:57.790+0000] {warnings.py:110} WARNING - /home/***/.local/lib/python3.12/site-packages/***/task/task_runner/standard_task_runner.py:61: DeprecationWarning: This process (pid=151) is multi-threaded, use of fork() may lead to deadlocks in the child.
  pid = os.fork()

[2024-05-09T18:53:57.792+0000] {standard_task_runner.py:63} INFO - Started process 153 to run task
[2024-05-09T18:53:57.791+0000] {standard_task_runner.py:90} INFO - Running: ['***', 'tasks', 'run', 'Proyecto_SpaceX', 'Obtener_datos_SpaceX', 'scheduled__2024-02-01T00:00:00+00:00', '--job-id', '926', '--raw', '--subdir', 'DAGS_FOLDER/Proyecto_SpaceX.py', '--cfg-path', '/tmp/tmp0dwx2m9r']
[2024-05-09T18:53:57.793+0000] {standard_task_runner.py:91} INFO - Job 926: Subtask Obtener_datos_SpaceX
[2024-05-09T18:53:57.832+0000] {task_command.py:426} INFO - Running <TaskInstance: Proyecto_SpaceX.Obtener_datos_SpaceX scheduled__2024-02-01T00:00:00+00:00 [running]> on host 7a81a983afb0
[2024-05-09T18:53:57.893+0000] {taskinstance.py:2648} INFO - Exporting env vars: AIRFLOW_CTX_DAG_OWNER='***' AIRFLOW_CTX_DAG_ID='Proyecto_SpaceX' AIRFLOW_CTX_TASK_ID='Obtener_datos_SpaceX' AIRFLOW_CTX_EXECUTION_DATE='2024-02-01T00:00:00+00:00' AIRFLOW_CTX_TRY_NUMBER='1' AIRFLOW_CTX_DAG_RUN_ID='scheduled__2024-02-01T00:00:00+00:00'
[2024-05-09T18:53:57.894+0000] {taskinstance.py:430} INFO - ::endgroup::
[2024-05-09T18:53:57.904+0000] {subprocess.py:63} INFO - Tmp dir root location: /tmp
[2024-05-09T18:53:57.906+0000] {subprocess.py:75} INFO - Running command: ['/usr/bin/bash', '-c', "curl -o /tmp/history.json -L'https://api.spacexdata.com/v4/history'"]
[2024-05-09T18:53:57.914+0000] {subprocess.py:86} INFO - Output:
[2024-05-09T18:53:57.920+0000] {subprocess.py:93} INFO - Usage: curl [options...] <url>
[2024-05-09T18:53:57.921+0000] {subprocess.py:93} INFO -  -d, --data <data>          HTTP POST data
[2024-05-09T18:53:57.922+0000] {subprocess.py:93} INFO -  -f, --fail                 Fail fast with no output on HTTP errors
[2024-05-09T18:53:57.922+0000] {subprocess.py:93} INFO -  -h, --help <category>      Get help for commands
[2024-05-09T18:53:57.923+0000] {subprocess.py:93} INFO -  -i, --include              Include protocol response headers in the output
[2024-05-09T18:53:57.924+0000] {subprocess.py:93} INFO -  -o, --output <file>        Write to file instead of stdout
[2024-05-09T18:53:57.925+0000] {subprocess.py:93} INFO -  -O, --remote-name          Write output to a file named as the remote file
[2024-05-09T18:53:57.925+0000] {subprocess.py:93} INFO -  -s, --silent               Silent mode
[2024-05-09T18:53:57.926+0000] {subprocess.py:93} INFO -  -T, --upload-file <file>   Transfer local FILE to destination
[2024-05-09T18:53:57.927+0000] {subprocess.py:93} INFO -  -u, --user <user:password> Server user and password
[2024-05-09T18:53:57.928+0000] {subprocess.py:93} INFO -  -A, --user-agent <name>    Send User-Agent <name> to server
[2024-05-09T18:53:57.929+0000] {subprocess.py:93} INFO -  -v, --verbose              Make the operation more talkative
[2024-05-09T18:53:57.929+0000] {subprocess.py:93} INFO -  -V, --version              Show version number and quit
[2024-05-09T18:53:57.930+0000] {subprocess.py:93} INFO - 
[2024-05-09T18:53:57.931+0000] {subprocess.py:93} INFO - This is not the full help, this menu is stripped into categories.
[2024-05-09T18:53:57.932+0000] {subprocess.py:93} INFO - Use "--help category" to get an overview of all categories.
[2024-05-09T18:53:57.932+0000] {subprocess.py:93} INFO - For all options use the manual or "--help all".
[2024-05-09T18:53:57.934+0000] {subprocess.py:97} INFO - Command exited with return code 0
[2024-05-09T18:53:57.942+0000] {taskinstance.py:441} INFO - ::group::Post task execution logs
[2024-05-09T18:53:57.968+0000] {taskinstance.py:1206} INFO - Marking task as SUCCESS. dag_id=Proyecto_SpaceX, task_id=Obtener_datos_SpaceX, run_id=scheduled__2024-02-01T00:00:00+00:00, execution_date=20240201T000000, start_date=20240509T185357, end_date=20240509T185357
[2024-05-09T18:53:58.007+0000] {local_task_job_runner.py:240} INFO - Task exited with return code 0
[2024-05-09T18:53:58.031+0000] {taskinstance.py:3498} INFO - 1 downstream tasks scheduled from follow-on schedule check
[2024-05-09T18:53:58.040+0000] {local_task_job_runner.py:222} INFO - ::endgroup::
[2024-05-09T19:17:47.412+0000] {local_task_job_runner.py:120} INFO - ::group::Pre task execution logs
[2024-05-09T19:17:47.433+0000] {taskinstance.py:2076} INFO - Dependencies all met for dep_context=non-requeueable deps ti=<TaskInstance: Proyecto_SpaceX.Obtener_datos_SpaceX scheduled__2024-02-01T00:00:00+00:00 [queued]>
[2024-05-09T19:17:47.441+0000] {taskinstance.py:2076} INFO - Dependencies all met for dep_context=requeueable deps ti=<TaskInstance: Proyecto_SpaceX.Obtener_datos_SpaceX scheduled__2024-02-01T00:00:00+00:00 [queued]>
[2024-05-09T19:17:47.450+0000] {taskinstance.py:2306} INFO - Starting attempt 1 of 1
[2024-05-09T19:17:47.653+0000] {taskinstance.py:2330} INFO - Executing <Task(BashOperator): Obtener_datos_SpaceX> on 2024-02-01 00:00:00+00:00
[2024-05-09T19:17:47.660+0000] {warnings.py:110} WARNING - /home/***/.local/lib/python3.12/site-packages/***/task/task_runner/standard_task_runner.py:61: DeprecationWarning: This process (pid=514) is multi-threaded, use of fork() may lead to deadlocks in the child.
  pid = os.fork()

[2024-05-09T19:17:47.662+0000] {standard_task_runner.py:63} INFO - Started process 516 to run task
[2024-05-09T19:17:47.662+0000] {standard_task_runner.py:90} INFO - Running: ['***', 'tasks', 'run', 'Proyecto_SpaceX', 'Obtener_datos_SpaceX', 'scheduled__2024-02-01T00:00:00+00:00', '--job-id', '938', '--raw', '--subdir', 'DAGS_FOLDER/Proyecto_SpaceX.py', '--cfg-path', '/tmp/tmpspjijcfe']
[2024-05-09T19:17:47.664+0000] {standard_task_runner.py:91} INFO - Job 938: Subtask Obtener_datos_SpaceX
[2024-05-09T19:17:47.877+0000] {task_command.py:426} INFO - Running <TaskInstance: Proyecto_SpaceX.Obtener_datos_SpaceX scheduled__2024-02-01T00:00:00+00:00 [running]> on host 7a81a983afb0
[2024-05-09T19:17:48.660+0000] {taskinstance.py:2648} INFO - Exporting env vars: AIRFLOW_CTX_DAG_OWNER='***' AIRFLOW_CTX_DAG_ID='Proyecto_SpaceX' AIRFLOW_CTX_TASK_ID='Obtener_datos_SpaceX' AIRFLOW_CTX_EXECUTION_DATE='2024-02-01T00:00:00+00:00' AIRFLOW_CTX_TRY_NUMBER='1' AIRFLOW_CTX_DAG_RUN_ID='scheduled__2024-02-01T00:00:00+00:00'
[2024-05-09T19:17:48.661+0000] {taskinstance.py:430} INFO - ::endgroup::
[2024-05-09T19:17:48.671+0000] {subprocess.py:63} INFO - Tmp dir root location: /tmp
[2024-05-09T19:17:48.672+0000] {subprocess.py:75} INFO - Running command: ['/usr/bin/bash', '-c', "curl -o /tmp/history.json -L'https://api.spacexdata.com/v4/history'"]
[2024-05-09T19:17:48.682+0000] {subprocess.py:86} INFO - Output:
[2024-05-09T19:17:48.696+0000] {subprocess.py:93} INFO - Usage: curl [options...] <url>
[2024-05-09T19:17:48.699+0000] {subprocess.py:93} INFO -  -d, --data <data>          HTTP POST data
[2024-05-09T19:17:48.706+0000] {subprocess.py:93} INFO -  -f, --fail                 Fail fast with no output on HTTP errors
[2024-05-09T19:17:48.707+0000] {subprocess.py:93} INFO -  -h, --help <category>      Get help for commands
[2024-05-09T19:17:48.707+0000] {subprocess.py:93} INFO -  -i, --include              Include protocol response headers in the output
[2024-05-09T19:17:48.708+0000] {subprocess.py:93} INFO -  -o, --output <file>        Write to file instead of stdout
[2024-05-09T19:17:49.335+0000] {subprocess.py:93} INFO -  -O, --remote-name          Write output to a file named as the remote file
[2024-05-09T19:17:49.336+0000] {subprocess.py:93} INFO -  -s, --silent               Silent mode
[2024-05-09T19:17:49.337+0000] {subprocess.py:93} INFO -  -T, --upload-file <file>   Transfer local FILE to destination
[2024-05-09T19:17:49.338+0000] {subprocess.py:93} INFO -  -u, --user <user:password> Server user and password
[2024-05-09T19:17:49.338+0000] {subprocess.py:93} INFO -  -A, --user-agent <name>    Send User-Agent <name> to server
[2024-05-09T19:17:49.339+0000] {subprocess.py:93} INFO -  -v, --verbose              Make the operation more talkative
[2024-05-09T19:17:49.340+0000] {subprocess.py:93} INFO -  -V, --version              Show version number and quit
[2024-05-09T19:17:49.340+0000] {subprocess.py:93} INFO - 
[2024-05-09T19:17:49.341+0000] {subprocess.py:93} INFO - This is not the full help, this menu is stripped into categories.
[2024-05-09T19:17:49.341+0000] {subprocess.py:93} INFO - Use "--help category" to get an overview of all categories.
[2024-05-09T19:17:49.341+0000] {subprocess.py:93} INFO - For all options use the manual or "--help all".
[2024-05-09T19:17:49.342+0000] {subprocess.py:97} INFO - Command exited with return code 0
[2024-05-09T19:17:49.343+0000] {taskinstance.py:441} INFO - ::group::Post task execution logs
[2024-05-09T19:17:49.416+0000] {taskinstance.py:1206} INFO - Marking task as SUCCESS. dag_id=Proyecto_SpaceX, task_id=Obtener_datos_SpaceX, run_id=scheduled__2024-02-01T00:00:00+00:00, execution_date=20240201T000000, start_date=20240509T191747, end_date=20240509T191749
[2024-05-09T19:17:49.530+0000] {local_task_job_runner.py:240} INFO - Task exited with return code 0
[2024-05-09T19:17:49.548+0000] {taskinstance.py:3498} INFO - 0 downstream tasks scheduled from follow-on schedule check
[2024-05-09T19:17:49.614+0000] {local_task_job_runner.py:222} INFO - ::endgroup::
[2024-05-09T21:01:28.831+0000] {local_task_job_runner.py:120} INFO - ::group::Pre task execution logs
[2024-05-09T21:01:28.852+0000] {taskinstance.py:2076} INFO - Dependencies all met for dep_context=non-requeueable deps ti=<TaskInstance: Proyecto_SpaceX.Obtener_datos_SpaceX scheduled__2024-02-01T00:00:00+00:00 [queued]>
[2024-05-09T21:01:28.860+0000] {taskinstance.py:2076} INFO - Dependencies all met for dep_context=requeueable deps ti=<TaskInstance: Proyecto_SpaceX.Obtener_datos_SpaceX scheduled__2024-02-01T00:00:00+00:00 [queued]>
[2024-05-09T21:01:28.861+0000] {taskinstance.py:2306} INFO - Starting attempt 1 of 1
[2024-05-09T21:01:29.009+0000] {taskinstance.py:2330} INFO - Executing <Task(BashOperator): Obtener_datos_SpaceX> on 2024-02-01 00:00:00+00:00
[2024-05-09T21:01:29.020+0000] {warnings.py:110} WARNING - /home/***/.local/lib/python3.12/site-packages/***/task/task_runner/standard_task_runner.py:61: DeprecationWarning: This process (pid=1857) is multi-threaded, use of fork() may lead to deadlocks in the child.
  pid = os.fork()

[2024-05-09T21:01:29.022+0000] {standard_task_runner.py:90} INFO - Running: ['***', 'tasks', 'run', 'Proyecto_SpaceX', 'Obtener_datos_SpaceX', 'scheduled__2024-02-01T00:00:00+00:00', '--job-id', '1011', '--raw', '--subdir', 'DAGS_FOLDER/Proyecto_SpaceX.py', '--cfg-path', '/tmp/tmpewqjra6o']
[2024-05-09T21:01:29.025+0000] {standard_task_runner.py:63} INFO - Started process 1861 to run task
[2024-05-09T21:01:29.026+0000] {standard_task_runner.py:91} INFO - Job 1011: Subtask Obtener_datos_SpaceX
[2024-05-09T21:01:29.072+0000] {task_command.py:426} INFO - Running <TaskInstance: Proyecto_SpaceX.Obtener_datos_SpaceX scheduled__2024-02-01T00:00:00+00:00 [running]> on host 7a81a983afb0
[2024-05-09T21:01:29.146+0000] {taskinstance.py:2648} INFO - Exporting env vars: AIRFLOW_CTX_DAG_OWNER='***' AIRFLOW_CTX_DAG_ID='Proyecto_SpaceX' AIRFLOW_CTX_TASK_ID='Obtener_datos_SpaceX' AIRFLOW_CTX_EXECUTION_DATE='2024-02-01T00:00:00+00:00' AIRFLOW_CTX_TRY_NUMBER='1' AIRFLOW_CTX_DAG_RUN_ID='scheduled__2024-02-01T00:00:00+00:00'
[2024-05-09T21:01:29.147+0000] {taskinstance.py:430} INFO - ::endgroup::
[2024-05-09T21:01:29.162+0000] {subprocess.py:63} INFO - Tmp dir root location: /tmp
[2024-05-09T21:01:29.163+0000] {subprocess.py:75} INFO - Running command: ['/usr/bin/bash', '-c', "curl -o /tmp/history.json -L'https://api.spacexdata.com/v4/history'"]
[2024-05-09T21:01:29.173+0000] {subprocess.py:86} INFO - Output:
[2024-05-09T21:01:29.179+0000] {subprocess.py:93} INFO - Usage: curl [options...] <url>
[2024-05-09T21:01:29.180+0000] {subprocess.py:93} INFO -  -d, --data <data>          HTTP POST data
[2024-05-09T21:01:29.181+0000] {subprocess.py:93} INFO -  -f, --fail                 Fail fast with no output on HTTP errors
[2024-05-09T21:01:29.182+0000] {subprocess.py:93} INFO -  -h, --help <category>      Get help for commands
[2024-05-09T21:01:29.183+0000] {subprocess.py:93} INFO -  -i, --include              Include protocol response headers in the output
[2024-05-09T21:01:29.184+0000] {subprocess.py:93} INFO -  -o, --output <file>        Write to file instead of stdout
[2024-05-09T21:01:29.184+0000] {subprocess.py:93} INFO -  -O, --remote-name          Write output to a file named as the remote file
[2024-05-09T21:01:29.187+0000] {subprocess.py:93} INFO -  -s, --silent               Silent mode
[2024-05-09T21:01:29.187+0000] {subprocess.py:93} INFO -  -T, --upload-file <file>   Transfer local FILE to destination
[2024-05-09T21:01:29.188+0000] {subprocess.py:93} INFO -  -u, --user <user:password> Server user and password
[2024-05-09T21:01:29.189+0000] {subprocess.py:93} INFO -  -A, --user-agent <name>    Send User-Agent <name> to server
[2024-05-09T21:01:29.190+0000] {subprocess.py:93} INFO -  -v, --verbose              Make the operation more talkative
[2024-05-09T21:01:29.190+0000] {subprocess.py:93} INFO -  -V, --version              Show version number and quit
[2024-05-09T21:01:29.191+0000] {subprocess.py:93} INFO - 
[2024-05-09T21:01:29.192+0000] {subprocess.py:93} INFO - This is not the full help, this menu is stripped into categories.
[2024-05-09T21:01:29.192+0000] {subprocess.py:93} INFO - Use "--help category" to get an overview of all categories.
[2024-05-09T21:01:29.193+0000] {subprocess.py:93} INFO - For all options use the manual or "--help all".
[2024-05-09T21:01:29.194+0000] {subprocess.py:97} INFO - Command exited with return code 0
[2024-05-09T21:01:29.194+0000] {taskinstance.py:441} INFO - ::group::Post task execution logs
[2024-05-09T21:01:29.217+0000] {taskinstance.py:1206} INFO - Marking task as SUCCESS. dag_id=Proyecto_SpaceX, task_id=Obtener_datos_SpaceX, run_id=scheduled__2024-02-01T00:00:00+00:00, execution_date=20240201T000000, start_date=20240509T210128, end_date=20240509T210129
[2024-05-09T21:01:29.241+0000] {local_task_job_runner.py:240} INFO - Task exited with return code 0
[2024-05-09T21:01:29.278+0000] {taskinstance.py:3498} INFO - 1 downstream tasks scheduled from follow-on schedule check
[2024-05-09T21:01:29.281+0000] {local_task_job_runner.py:222} INFO - ::endgroup::
