[2024-05-09T20:01:45.380+0000] {local_task_job_runner.py:120} INFO - ::group::Pre task execution logs
[2024-05-09T20:01:45.397+0000] {taskinstance.py:2076} INFO - Dependencies all met for dep_context=non-requeueable deps ti=<TaskInstance: Proyecto_SpaceX.Obtener_datos_SpaceX scheduled__2024-02-01T00:00:00+00:00 [queued]>
[2024-05-09T20:01:45.405+0000] {taskinstance.py:2076} INFO - Dependencies all met for dep_context=requeueable deps ti=<TaskInstance: Proyecto_SpaceX.Obtener_datos_SpaceX scheduled__2024-02-01T00:00:00+00:00 [queued]>
[2024-05-09T20:01:45.408+0000] {taskinstance.py:2306} INFO - Starting attempt 3 of 3
[2024-05-09T20:01:45.540+0000] {taskinstance.py:2330} INFO - Executing <Task(BashOperator): Obtener_datos_SpaceX> on 2024-02-01 00:00:00+00:00
[2024-05-09T20:01:45.546+0000] {warnings.py:110} WARNING - /home/***/.local/lib/python3.12/site-packages/***/task/task_runner/standard_task_runner.py:61: DeprecationWarning: This process (pid=1235) is multi-threaded, use of fork() may lead to deadlocks in the child.
  pid = os.fork()

[2024-05-09T20:01:45.548+0000] {standard_task_runner.py:63} INFO - Started process 1239 to run task
[2024-05-09T20:01:45.547+0000] {standard_task_runner.py:90} INFO - Running: ['***', 'tasks', 'run', 'Proyecto_SpaceX', 'Obtener_datos_SpaceX', 'scheduled__2024-02-01T00:00:00+00:00', '--job-id', '974', '--raw', '--subdir', 'DAGS_FOLDER/Proyecto_SpaceX.py', '--cfg-path', '/tmp/tmp1q6e0xac']
[2024-05-09T20:01:45.549+0000] {standard_task_runner.py:91} INFO - Job 974: Subtask Obtener_datos_SpaceX
[2024-05-09T20:01:45.592+0000] {task_command.py:426} INFO - Running <TaskInstance: Proyecto_SpaceX.Obtener_datos_SpaceX scheduled__2024-02-01T00:00:00+00:00 [running]> on host 7a81a983afb0
[2024-05-09T20:01:45.662+0000] {taskinstance.py:2648} INFO - Exporting env vars: AIRFLOW_CTX_DAG_OWNER='***' AIRFLOW_CTX_DAG_ID='Proyecto_SpaceX' AIRFLOW_CTX_TASK_ID='Obtener_datos_SpaceX' AIRFLOW_CTX_EXECUTION_DATE='2024-02-01T00:00:00+00:00' AIRFLOW_CTX_TRY_NUMBER='3' AIRFLOW_CTX_DAG_RUN_ID='scheduled__2024-02-01T00:00:00+00:00'
[2024-05-09T20:01:45.664+0000] {taskinstance.py:430} INFO - ::endgroup::
[2024-05-09T20:01:45.675+0000] {subprocess.py:63} INFO - Tmp dir root location: /tmp
[2024-05-09T20:01:45.676+0000] {subprocess.py:75} INFO - Running command: ['/usr/bin/bash', '-c', "curl -o /tmp/history.json -L'https://api.spacexdata.com/v4/history'"]
[2024-05-09T20:01:45.685+0000] {subprocess.py:86} INFO - Output:
[2024-05-09T20:01:45.690+0000] {subprocess.py:93} INFO - Usage: curl [options...] <url>
[2024-05-09T20:01:45.691+0000] {subprocess.py:93} INFO -  -d, --data <data>          HTTP POST data
[2024-05-09T20:01:45.691+0000] {subprocess.py:93} INFO -  -f, --fail                 Fail fast with no output on HTTP errors
[2024-05-09T20:01:45.692+0000] {subprocess.py:93} INFO -  -h, --help <category>      Get help for commands
[2024-05-09T20:01:45.693+0000] {subprocess.py:93} INFO -  -i, --include              Include protocol response headers in the output
[2024-05-09T20:01:45.693+0000] {subprocess.py:93} INFO -  -o, --output <file>        Write to file instead of stdout
[2024-05-09T20:01:45.694+0000] {subprocess.py:93} INFO -  -O, --remote-name          Write output to a file named as the remote file
[2024-05-09T20:01:45.695+0000] {subprocess.py:93} INFO -  -s, --silent               Silent mode
[2024-05-09T20:01:45.695+0000] {subprocess.py:93} INFO -  -T, --upload-file <file>   Transfer local FILE to destination
[2024-05-09T20:01:45.696+0000] {subprocess.py:93} INFO -  -u, --user <user:password> Server user and password
[2024-05-09T20:01:45.696+0000] {subprocess.py:93} INFO -  -A, --user-agent <name>    Send User-Agent <name> to server
[2024-05-09T20:01:45.697+0000] {subprocess.py:93} INFO -  -v, --verbose              Make the operation more talkative
[2024-05-09T20:01:45.698+0000] {subprocess.py:93} INFO -  -V, --version              Show version number and quit
[2024-05-09T20:01:45.699+0000] {subprocess.py:93} INFO - 
[2024-05-09T20:01:45.699+0000] {subprocess.py:93} INFO - This is not the full help, this menu is stripped into categories.
[2024-05-09T20:01:45.700+0000] {subprocess.py:93} INFO - Use "--help category" to get an overview of all categories.
[2024-05-09T20:01:45.701+0000] {subprocess.py:93} INFO - For all options use the manual or "--help all".
[2024-05-09T20:01:45.701+0000] {subprocess.py:97} INFO - Command exited with return code 0
[2024-05-09T20:01:45.702+0000] {taskinstance.py:441} INFO - ::group::Post task execution logs
[2024-05-09T20:01:45.720+0000] {taskinstance.py:1206} INFO - Marking task as SUCCESS. dag_id=Proyecto_SpaceX, task_id=Obtener_datos_SpaceX, run_id=scheduled__2024-02-01T00:00:00+00:00, execution_date=20240201T000000, start_date=20240509T200145, end_date=20240509T200145
[2024-05-09T20:01:45.762+0000] {local_task_job_runner.py:240} INFO - Task exited with return code 0
[2024-05-09T20:01:45.770+0000] {local_task_job_runner.py:222} INFO - ::endgroup::
[2024-05-10T05:45:21.343+0000] {local_task_job_runner.py:120} INFO - ::group::Pre task execution logs
[2024-05-10T05:45:21.371+0000] {taskinstance.py:2076} INFO - Dependencies all met for dep_context=non-requeueable deps ti=<TaskInstance: Proyecto_SpaceX.Obtener_datos_SpaceX scheduled__2024-02-01T00:00:00+00:00 [queued]>
[2024-05-10T05:45:21.380+0000] {taskinstance.py:2076} INFO - Dependencies all met for dep_context=requeueable deps ti=<TaskInstance: Proyecto_SpaceX.Obtener_datos_SpaceX scheduled__2024-02-01T00:00:00+00:00 [queued]>
[2024-05-10T05:45:21.381+0000] {taskinstance.py:2306} INFO - Starting attempt 3 of 3
[2024-05-10T05:45:21.562+0000] {taskinstance.py:2330} INFO - Executing <Task(BashOperator): Obtener_datos_SpaceX> on 2024-02-01 00:00:00+00:00
[2024-05-10T05:45:21.574+0000] {warnings.py:110} WARNING - /home/***/.local/lib/python3.12/site-packages/***/task/task_runner/standard_task_runner.py:61: DeprecationWarning: This process (pid=547) is multi-threaded, use of fork() may lead to deadlocks in the child.
  pid = os.fork()

[2024-05-10T05:45:21.576+0000] {standard_task_runner.py:63} INFO - Started process 550 to run task
[2024-05-10T05:45:21.577+0000] {standard_task_runner.py:90} INFO - Running: ['***', 'tasks', 'run', 'Proyecto_SpaceX', 'Obtener_datos_SpaceX', 'scheduled__2024-02-01T00:00:00+00:00', '--job-id', '1049', '--raw', '--subdir', 'DAGS_FOLDER/Proyecto_SpaceX.py', '--cfg-path', '/tmp/tmpnuazeibm']
[2024-05-10T05:45:21.582+0000] {standard_task_runner.py:91} INFO - Job 1049: Subtask Obtener_datos_SpaceX
[2024-05-10T05:45:21.661+0000] {task_command.py:426} INFO - Running <TaskInstance: Proyecto_SpaceX.Obtener_datos_SpaceX scheduled__2024-02-01T00:00:00+00:00 [running]> on host 1b7f0b10dd99
[2024-05-10T05:45:21.754+0000] {taskinstance.py:2648} INFO - Exporting env vars: AIRFLOW_CTX_DAG_OWNER='***' AIRFLOW_CTX_DAG_ID='Proyecto_SpaceX' AIRFLOW_CTX_TASK_ID='Obtener_datos_SpaceX' AIRFLOW_CTX_EXECUTION_DATE='2024-02-01T00:00:00+00:00' AIRFLOW_CTX_TRY_NUMBER='3' AIRFLOW_CTX_DAG_RUN_ID='scheduled__2024-02-01T00:00:00+00:00'
[2024-05-10T05:45:21.757+0000] {taskinstance.py:430} INFO - ::endgroup::
[2024-05-10T05:45:21.784+0000] {subprocess.py:63} INFO - Tmp dir root location: /tmp
[2024-05-10T05:45:21.786+0000] {subprocess.py:75} INFO - Running command: ['/usr/bin/bash', '-c', "curl -o /tmp/history.json -L'https://api.spacexdata.com/v4/history'"]
[2024-05-10T05:45:21.804+0000] {subprocess.py:86} INFO - Output:
[2024-05-10T05:45:21.814+0000] {subprocess.py:93} INFO - Usage: curl [options...] <url>
[2024-05-10T05:45:21.815+0000] {subprocess.py:93} INFO -  -d, --data <data>          HTTP POST data
[2024-05-10T05:45:21.816+0000] {subprocess.py:93} INFO -  -f, --fail                 Fail fast with no output on HTTP errors
[2024-05-10T05:45:21.817+0000] {subprocess.py:93} INFO -  -h, --help <category>      Get help for commands
[2024-05-10T05:45:21.818+0000] {subprocess.py:93} INFO -  -i, --include              Include protocol response headers in the output
[2024-05-10T05:45:21.818+0000] {subprocess.py:93} INFO -  -o, --output <file>        Write to file instead of stdout
[2024-05-10T05:45:21.819+0000] {subprocess.py:93} INFO -  -O, --remote-name          Write output to a file named as the remote file
[2024-05-10T05:45:21.820+0000] {subprocess.py:93} INFO -  -s, --silent               Silent mode
[2024-05-10T05:45:21.821+0000] {subprocess.py:93} INFO -  -T, --upload-file <file>   Transfer local FILE to destination
[2024-05-10T05:45:21.822+0000] {subprocess.py:93} INFO -  -u, --user <user:password> Server user and password
[2024-05-10T05:45:21.823+0000] {subprocess.py:93} INFO -  -A, --user-agent <name>    Send User-Agent <name> to server
[2024-05-10T05:45:21.824+0000] {subprocess.py:93} INFO -  -v, --verbose              Make the operation more talkative
[2024-05-10T05:45:21.827+0000] {subprocess.py:93} INFO -  -V, --version              Show version number and quit
[2024-05-10T05:45:21.828+0000] {subprocess.py:93} INFO - 
[2024-05-10T05:45:21.830+0000] {subprocess.py:93} INFO - This is not the full help, this menu is stripped into categories.
[2024-05-10T05:45:21.831+0000] {subprocess.py:93} INFO - Use "--help category" to get an overview of all categories.
[2024-05-10T05:45:21.832+0000] {subprocess.py:93} INFO - For all options use the manual or "--help all".
[2024-05-10T05:45:21.833+0000] {subprocess.py:97} INFO - Command exited with return code 0
[2024-05-10T05:45:21.834+0000] {taskinstance.py:441} INFO - ::group::Post task execution logs
[2024-05-10T05:45:21.865+0000] {taskinstance.py:1206} INFO - Marking task as SUCCESS. dag_id=Proyecto_SpaceX, task_id=Obtener_datos_SpaceX, run_id=scheduled__2024-02-01T00:00:00+00:00, execution_date=20240201T000000, start_date=20240510T054521, end_date=20240510T054521
[2024-05-10T05:45:21.913+0000] {local_task_job_runner.py:240} INFO - Task exited with return code 0
[2024-05-10T05:45:21.943+0000] {taskinstance.py:3498} INFO - 1 downstream tasks scheduled from follow-on schedule check
[2024-05-10T05:45:21.947+0000] {local_task_job_runner.py:222} INFO - ::endgroup::
