[2024-05-09T19:45:10.504+0000] {local_task_job_runner.py:120} INFO - ::group::Pre task execution logs
[2024-05-09T19:45:10.521+0000] {taskinstance.py:2076} INFO - Dependencies all met for dep_context=non-requeueable deps ti=<TaskInstance: Proyecto_SpaceX.Obtener_datos_SpaceX scheduled__2024-02-01T00:00:00+00:00 [queued]>
[2024-05-09T19:45:10.528+0000] {taskinstance.py:2076} INFO - Dependencies all met for dep_context=requeueable deps ti=<TaskInstance: Proyecto_SpaceX.Obtener_datos_SpaceX scheduled__2024-02-01T00:00:00+00:00 [queued]>
[2024-05-09T19:45:10.530+0000] {taskinstance.py:2306} INFO - Starting attempt 2 of 2
[2024-05-09T19:45:10.678+0000] {taskinstance.py:2330} INFO - Executing <Task(BashOperator): Obtener_datos_SpaceX> on 2024-02-01 00:00:00+00:00
[2024-05-09T19:45:10.684+0000] {warnings.py:110} WARNING - /home/***/.local/lib/python3.12/site-packages/***/task/task_runner/standard_task_runner.py:61: DeprecationWarning: This process (pid=947) is multi-threaded, use of fork() may lead to deadlocks in the child.
  pid = os.fork()

[2024-05-09T19:45:10.686+0000] {standard_task_runner.py:63} INFO - Started process 951 to run task
[2024-05-09T19:45:10.686+0000] {standard_task_runner.py:90} INFO - Running: ['***', 'tasks', 'run', 'Proyecto_SpaceX', 'Obtener_datos_SpaceX', 'scheduled__2024-02-01T00:00:00+00:00', '--job-id', '957', '--raw', '--subdir', 'DAGS_FOLDER/Proyecto_SpaceX.py', '--cfg-path', '/tmp/tmp1stgizzm']
[2024-05-09T19:45:10.688+0000] {standard_task_runner.py:91} INFO - Job 957: Subtask Obtener_datos_SpaceX
[2024-05-09T19:45:10.795+0000] {task_command.py:426} INFO - Running <TaskInstance: Proyecto_SpaceX.Obtener_datos_SpaceX scheduled__2024-02-01T00:00:00+00:00 [running]> on host 7a81a983afb0
[2024-05-09T19:45:10.914+0000] {taskinstance.py:2648} INFO - Exporting env vars: AIRFLOW_CTX_DAG_OWNER='***' AIRFLOW_CTX_DAG_ID='Proyecto_SpaceX' AIRFLOW_CTX_TASK_ID='Obtener_datos_SpaceX' AIRFLOW_CTX_EXECUTION_DATE='2024-02-01T00:00:00+00:00' AIRFLOW_CTX_TRY_NUMBER='2' AIRFLOW_CTX_DAG_RUN_ID='scheduled__2024-02-01T00:00:00+00:00'
[2024-05-09T19:45:10.916+0000] {taskinstance.py:430} INFO - ::endgroup::
[2024-05-09T19:45:10.960+0000] {subprocess.py:63} INFO - Tmp dir root location: /tmp
[2024-05-09T19:45:10.966+0000] {subprocess.py:75} INFO - Running command: ['/usr/bin/bash', '-c', "curl -o /tmp/history.json -L'https://api.spacexdata.com/v4/history'"]
[2024-05-09T19:45:10.980+0000] {subprocess.py:86} INFO - Output:
[2024-05-09T19:45:11.026+0000] {subprocess.py:93} INFO - Usage: curl [options...] <url>
[2024-05-09T19:45:11.027+0000] {subprocess.py:93} INFO -  -d, --data <data>          HTTP POST data
[2024-05-09T19:45:11.027+0000] {subprocess.py:93} INFO -  -f, --fail                 Fail fast with no output on HTTP errors
[2024-05-09T19:45:11.028+0000] {subprocess.py:93} INFO -  -h, --help <category>      Get help for commands
[2024-05-09T19:45:11.029+0000] {subprocess.py:93} INFO -  -i, --include              Include protocol response headers in the output
[2024-05-09T19:45:11.030+0000] {subprocess.py:93} INFO -  -o, --output <file>        Write to file instead of stdout
[2024-05-09T19:45:11.030+0000] {subprocess.py:93} INFO -  -O, --remote-name          Write output to a file named as the remote file
[2024-05-09T19:45:11.031+0000] {subprocess.py:93} INFO -  -s, --silent               Silent mode
[2024-05-09T19:45:11.032+0000] {subprocess.py:93} INFO -  -T, --upload-file <file>   Transfer local FILE to destination
[2024-05-09T19:45:11.033+0000] {subprocess.py:93} INFO -  -u, --user <user:password> Server user and password
[2024-05-09T19:45:11.033+0000] {subprocess.py:93} INFO -  -A, --user-agent <name>    Send User-Agent <name> to server
[2024-05-09T19:45:11.034+0000] {subprocess.py:93} INFO -  -v, --verbose              Make the operation more talkative
[2024-05-09T19:45:11.036+0000] {subprocess.py:93} INFO -  -V, --version              Show version number and quit
[2024-05-09T19:45:11.037+0000] {subprocess.py:93} INFO - 
[2024-05-09T19:45:11.037+0000] {subprocess.py:93} INFO - This is not the full help, this menu is stripped into categories.
[2024-05-09T19:45:11.038+0000] {subprocess.py:93} INFO - Use "--help category" to get an overview of all categories.
[2024-05-09T19:45:11.039+0000] {subprocess.py:93} INFO - For all options use the manual or "--help all".
[2024-05-09T19:45:11.039+0000] {subprocess.py:97} INFO - Command exited with return code 0
[2024-05-09T19:45:11.041+0000] {taskinstance.py:441} INFO - ::group::Post task execution logs
[2024-05-09T19:45:11.076+0000] {taskinstance.py:1206} INFO - Marking task as SUCCESS. dag_id=Proyecto_SpaceX, task_id=Obtener_datos_SpaceX, run_id=scheduled__2024-02-01T00:00:00+00:00, execution_date=20240201T000000, start_date=20240509T194510, end_date=20240509T194511
[2024-05-09T19:45:11.101+0000] {local_task_job_runner.py:240} INFO - Task exited with return code 0
[2024-05-09T19:45:11.114+0000] {local_task_job_runner.py:222} INFO - ::endgroup::
[2024-05-10T05:21:52.037+0000] {local_task_job_runner.py:120} INFO - ::group::Pre task execution logs
[2024-05-10T05:21:52.060+0000] {taskinstance.py:2076} INFO - Dependencies all met for dep_context=non-requeueable deps ti=<TaskInstance: Proyecto_SpaceX.Obtener_datos_SpaceX scheduled__2024-02-01T00:00:00+00:00 [queued]>
[2024-05-10T05:21:52.069+0000] {taskinstance.py:2076} INFO - Dependencies all met for dep_context=requeueable deps ti=<TaskInstance: Proyecto_SpaceX.Obtener_datos_SpaceX scheduled__2024-02-01T00:00:00+00:00 [queued]>
[2024-05-10T05:21:52.069+0000] {taskinstance.py:2306} INFO - Starting attempt 2 of 2
[2024-05-10T05:21:52.231+0000] {taskinstance.py:2330} INFO - Executing <Task(BashOperator): Obtener_datos_SpaceX> on 2024-02-01 00:00:00+00:00
[2024-05-10T05:21:52.238+0000] {warnings.py:110} WARNING - /home/***/.local/lib/python3.12/site-packages/***/task/task_runner/standard_task_runner.py:61: DeprecationWarning: This process (pid=173) is multi-threaded, use of fork() may lead to deadlocks in the child.
  pid = os.fork()

[2024-05-10T05:21:52.240+0000] {standard_task_runner.py:63} INFO - Started process 176 to run task
[2024-05-10T05:21:52.240+0000] {standard_task_runner.py:90} INFO - Running: ['***', 'tasks', 'run', 'Proyecto_SpaceX', 'Obtener_datos_SpaceX', 'scheduled__2024-02-01T00:00:00+00:00', '--job-id', '1030', '--raw', '--subdir', 'DAGS_FOLDER/Proyecto_SpaceX.py', '--cfg-path', '/tmp/tmpkuexgrns']
[2024-05-10T05:21:52.244+0000] {standard_task_runner.py:91} INFO - Job 1030: Subtask Obtener_datos_SpaceX
[2024-05-10T05:21:52.294+0000] {task_command.py:426} INFO - Running <TaskInstance: Proyecto_SpaceX.Obtener_datos_SpaceX scheduled__2024-02-01T00:00:00+00:00 [running]> on host 1b7f0b10dd99
[2024-05-10T05:21:52.372+0000] {taskinstance.py:2648} INFO - Exporting env vars: AIRFLOW_CTX_DAG_OWNER='***' AIRFLOW_CTX_DAG_ID='Proyecto_SpaceX' AIRFLOW_CTX_TASK_ID='Obtener_datos_SpaceX' AIRFLOW_CTX_EXECUTION_DATE='2024-02-01T00:00:00+00:00' AIRFLOW_CTX_TRY_NUMBER='2' AIRFLOW_CTX_DAG_RUN_ID='scheduled__2024-02-01T00:00:00+00:00'
[2024-05-10T05:21:52.376+0000] {taskinstance.py:430} INFO - ::endgroup::
[2024-05-10T05:21:52.391+0000] {subprocess.py:63} INFO - Tmp dir root location: /tmp
[2024-05-10T05:21:52.392+0000] {subprocess.py:75} INFO - Running command: ['/usr/bin/bash', '-c', "curl -o /tmp/history.json -L'https://api.spacexdata.com/v4/history'"]
[2024-05-10T05:21:52.402+0000] {subprocess.py:86} INFO - Output:
[2024-05-10T05:21:52.409+0000] {subprocess.py:93} INFO - Usage: curl [options...] <url>
[2024-05-10T05:21:52.410+0000] {subprocess.py:93} INFO -  -d, --data <data>          HTTP POST data
[2024-05-10T05:21:52.411+0000] {subprocess.py:93} INFO -  -f, --fail                 Fail fast with no output on HTTP errors
[2024-05-10T05:21:52.411+0000] {subprocess.py:93} INFO -  -h, --help <category>      Get help for commands
[2024-05-10T05:21:52.412+0000] {subprocess.py:93} INFO -  -i, --include              Include protocol response headers in the output
[2024-05-10T05:21:52.412+0000] {subprocess.py:93} INFO -  -o, --output <file>        Write to file instead of stdout
[2024-05-10T05:21:52.413+0000] {subprocess.py:93} INFO -  -O, --remote-name          Write output to a file named as the remote file
[2024-05-10T05:21:52.414+0000] {subprocess.py:93} INFO -  -s, --silent               Silent mode
[2024-05-10T05:21:52.414+0000] {subprocess.py:93} INFO -  -T, --upload-file <file>   Transfer local FILE to destination
[2024-05-10T05:21:52.414+0000] {subprocess.py:93} INFO -  -u, --user <user:password> Server user and password
[2024-05-10T05:21:52.415+0000] {subprocess.py:93} INFO -  -A, --user-agent <name>    Send User-Agent <name> to server
[2024-05-10T05:21:52.415+0000] {subprocess.py:93} INFO -  -v, --verbose              Make the operation more talkative
[2024-05-10T05:21:52.416+0000] {subprocess.py:93} INFO -  -V, --version              Show version number and quit
[2024-05-10T05:21:52.416+0000] {subprocess.py:93} INFO - 
[2024-05-10T05:21:52.420+0000] {subprocess.py:93} INFO - This is not the full help, this menu is stripped into categories.
[2024-05-10T05:21:52.423+0000] {subprocess.py:93} INFO - Use "--help category" to get an overview of all categories.
[2024-05-10T05:21:52.424+0000] {subprocess.py:93} INFO - For all options use the manual or "--help all".
[2024-05-10T05:21:52.425+0000] {subprocess.py:97} INFO - Command exited with return code 0
[2024-05-10T05:21:52.426+0000] {taskinstance.py:441} INFO - ::group::Post task execution logs
[2024-05-10T05:21:52.450+0000] {taskinstance.py:1206} INFO - Marking task as SUCCESS. dag_id=Proyecto_SpaceX, task_id=Obtener_datos_SpaceX, run_id=scheduled__2024-02-01T00:00:00+00:00, execution_date=20240201T000000, start_date=20240510T052152, end_date=20240510T052152
[2024-05-10T05:21:52.496+0000] {local_task_job_runner.py:240} INFO - Task exited with return code 0
[2024-05-10T05:21:52.516+0000] {local_task_job_runner.py:222} INFO - ::endgroup::
