[2024-05-10T05:58:12.746+0000] {local_task_job_runner.py:120} INFO - ::group::Pre task execution logs
[2024-05-10T05:58:12.766+0000] {taskinstance.py:2076} INFO - Dependencies all met for dep_context=non-requeueable deps ti=<TaskInstance: Proyecto_SpaceX.Obtener_datos_SpaceX scheduled__2024-02-01T00:00:00+00:00 [queued]>
[2024-05-10T05:58:12.773+0000] {taskinstance.py:2076} INFO - Dependencies all met for dep_context=requeueable deps ti=<TaskInstance: Proyecto_SpaceX.Obtener_datos_SpaceX scheduled__2024-02-01T00:00:00+00:00 [queued]>
[2024-05-10T05:58:12.774+0000] {taskinstance.py:2306} INFO - Starting attempt 5 of 5
[2024-05-10T05:58:12.919+0000] {taskinstance.py:2330} INFO - Executing <Task(BashOperator): Obtener_datos_SpaceX> on 2024-02-01 00:00:00+00:00
[2024-05-10T05:58:12.926+0000] {warnings.py:110} WARNING - /home/***/.local/lib/python3.12/site-packages/***/task/task_runner/standard_task_runner.py:61: DeprecationWarning: This process (pid=858) is multi-threaded, use of fork() may lead to deadlocks in the child.
  pid = os.fork()

[2024-05-10T05:58:12.928+0000] {standard_task_runner.py:63} INFO - Started process 862 to run task
[2024-05-10T05:58:12.927+0000] {standard_task_runner.py:90} INFO - Running: ['***', 'tasks', 'run', 'Proyecto_SpaceX', 'Obtener_datos_SpaceX', 'scheduled__2024-02-01T00:00:00+00:00', '--job-id', '1085', '--raw', '--subdir', 'DAGS_FOLDER/Proyecto_SpaceX.py', '--cfg-path', '/tmp/tmp95404tm8']
[2024-05-10T05:58:12.929+0000] {standard_task_runner.py:91} INFO - Job 1085: Subtask Obtener_datos_SpaceX
[2024-05-10T05:58:12.969+0000] {task_command.py:426} INFO - Running <TaskInstance: Proyecto_SpaceX.Obtener_datos_SpaceX scheduled__2024-02-01T00:00:00+00:00 [running]> on host 1b7f0b10dd99
[2024-05-10T05:58:13.035+0000] {taskinstance.py:2648} INFO - Exporting env vars: AIRFLOW_CTX_DAG_OWNER='***' AIRFLOW_CTX_DAG_ID='Proyecto_SpaceX' AIRFLOW_CTX_TASK_ID='Obtener_datos_SpaceX' AIRFLOW_CTX_EXECUTION_DATE='2024-02-01T00:00:00+00:00' AIRFLOW_CTX_TRY_NUMBER='5' AIRFLOW_CTX_DAG_RUN_ID='scheduled__2024-02-01T00:00:00+00:00'
[2024-05-10T05:58:13.036+0000] {taskinstance.py:430} INFO - ::endgroup::
[2024-05-10T05:58:13.047+0000] {subprocess.py:63} INFO - Tmp dir root location: /tmp
[2024-05-10T05:58:13.049+0000] {subprocess.py:75} INFO - Running command: ['/usr/bin/bash', '-c', "curl -o /tmp/history.json -L'https://api.spacexdata.com/v4/history'"]
[2024-05-10T05:58:13.059+0000] {subprocess.py:86} INFO - Output:
[2024-05-10T05:58:13.064+0000] {subprocess.py:93} INFO - Usage: curl [options...] <url>
[2024-05-10T05:58:13.065+0000] {subprocess.py:93} INFO -  -d, --data <data>          HTTP POST data
[2024-05-10T05:58:13.066+0000] {subprocess.py:93} INFO -  -f, --fail                 Fail fast with no output on HTTP errors
[2024-05-10T05:58:13.067+0000] {subprocess.py:93} INFO -  -h, --help <category>      Get help for commands
[2024-05-10T05:58:13.068+0000] {subprocess.py:93} INFO -  -i, --include              Include protocol response headers in the output
[2024-05-10T05:58:13.069+0000] {subprocess.py:93} INFO -  -o, --output <file>        Write to file instead of stdout
[2024-05-10T05:58:13.070+0000] {subprocess.py:93} INFO -  -O, --remote-name          Write output to a file named as the remote file
[2024-05-10T05:58:13.071+0000] {subprocess.py:93} INFO -  -s, --silent               Silent mode
[2024-05-10T05:58:13.072+0000] {subprocess.py:93} INFO -  -T, --upload-file <file>   Transfer local FILE to destination
[2024-05-10T05:58:13.073+0000] {subprocess.py:93} INFO -  -u, --user <user:password> Server user and password
[2024-05-10T05:58:13.073+0000] {subprocess.py:93} INFO -  -A, --user-agent <name>    Send User-Agent <name> to server
[2024-05-10T05:58:13.074+0000] {subprocess.py:93} INFO -  -v, --verbose              Make the operation more talkative
[2024-05-10T05:58:13.075+0000] {subprocess.py:93} INFO -  -V, --version              Show version number and quit
[2024-05-10T05:58:13.076+0000] {subprocess.py:93} INFO - 
[2024-05-10T05:58:13.077+0000] {subprocess.py:93} INFO - This is not the full help, this menu is stripped into categories.
[2024-05-10T05:58:13.078+0000] {subprocess.py:93} INFO - Use "--help category" to get an overview of all categories.
[2024-05-10T05:58:13.078+0000] {subprocess.py:93} INFO - For all options use the manual or "--help all".
[2024-05-10T05:58:13.079+0000] {subprocess.py:97} INFO - Command exited with return code 0
[2024-05-10T05:58:13.080+0000] {taskinstance.py:441} INFO - ::group::Post task execution logs
[2024-05-10T05:58:13.100+0000] {taskinstance.py:1206} INFO - Marking task as SUCCESS. dag_id=Proyecto_SpaceX, task_id=Obtener_datos_SpaceX, run_id=scheduled__2024-02-01T00:00:00+00:00, execution_date=20240201T000000, start_date=20240510T055812, end_date=20240510T055813
[2024-05-10T05:58:13.142+0000] {local_task_job_runner.py:240} INFO - Task exited with return code 0
[2024-05-10T05:58:13.168+0000] {taskinstance.py:3498} INFO - 1 downstream tasks scheduled from follow-on schedule check
[2024-05-10T05:58:13.170+0000] {local_task_job_runner.py:222} INFO - ::endgroup::
