[2024-05-08T00:28:19.338+0000] {local_task_job_runner.py:120} INFO - ::group::Pre task execution logs
[2024-05-08T00:28:19.374+0000] {taskinstance.py:2076} INFO - Dependencies all met for dep_context=non-requeueable deps ti=<TaskInstance: 6.1_monitoring.tarea3 scheduled__2024-01-16T00:00:00+00:00 [queued]>
[2024-05-08T00:28:19.381+0000] {taskinstance.py:2076} INFO - Dependencies all met for dep_context=requeueable deps ti=<TaskInstance: 6.1_monitoring.tarea3 scheduled__2024-01-16T00:00:00+00:00 [queued]>
[2024-05-08T00:28:19.383+0000] {taskinstance.py:2306} INFO - Starting attempt 1 of 1
[2024-05-08T00:28:19.396+0000] {taskinstance.py:2330} INFO - Executing <Task(BashOperator): tarea3> on 2024-01-16 00:00:00+00:00
[2024-05-08T00:28:19.401+0000] {warnings.py:110} WARNING - /home/***/.local/lib/python3.12/site-packages/***/task/task_runner/standard_task_runner.py:61: DeprecationWarning: This process (pid=4636) is multi-threaded, use of fork() may lead to deadlocks in the child.
  pid = os.fork()

[2024-05-08T00:28:19.402+0000] {standard_task_runner.py:90} INFO - Running: ['***', 'tasks', 'run', '6.1_monitoring', 'tarea3', 'scheduled__2024-01-16T00:00:00+00:00', '--job-id', '390', '--raw', '--subdir', 'DAGS_FOLDER/061_monitoring.py', '--cfg-path', '/tmp/tmple1yeup3']
[2024-05-08T00:28:19.403+0000] {standard_task_runner.py:63} INFO - Started process 4693 to run task
[2024-05-08T00:28:19.403+0000] {standard_task_runner.py:91} INFO - Job 390: Subtask tarea3
[2024-05-08T00:28:19.440+0000] {task_command.py:426} INFO - Running <TaskInstance: 6.1_monitoring.tarea3 scheduled__2024-01-16T00:00:00+00:00 [running]> on host 521bf890d837
[2024-05-08T00:28:19.502+0000] {taskinstance.py:2648} INFO - Exporting env vars: AIRFLOW_CTX_DAG_OWNER='***' AIRFLOW_CTX_DAG_ID='6.1_monitoring' AIRFLOW_CTX_TASK_ID='tarea3' AIRFLOW_CTX_EXECUTION_DATE='2024-01-16T00:00:00+00:00' AIRFLOW_CTX_TRY_NUMBER='1' AIRFLOW_CTX_DAG_RUN_ID='scheduled__2024-01-16T00:00:00+00:00'
[2024-05-08T00:28:19.504+0000] {taskinstance.py:430} INFO - ::endgroup::
[2024-05-08T00:28:19.515+0000] {subprocess.py:63} INFO - Tmp dir root location: /tmp
[2024-05-08T00:28:19.516+0000] {subprocess.py:75} INFO - Running command: ['/usr/bin/bash', '-c', "sleep 2 && echo 'Tercera tarea!'"]
[2024-05-08T00:28:19.530+0000] {subprocess.py:86} INFO - Output:
[2024-05-08T00:28:21.534+0000] {subprocess.py:93} INFO - Tercera tarea!
[2024-05-08T00:28:21.535+0000] {subprocess.py:97} INFO - Command exited with return code 0
[2024-05-08T00:28:21.537+0000] {taskinstance.py:441} INFO - ::group::Post task execution logs
[2024-05-08T00:28:21.577+0000] {taskinstance.py:1206} INFO - Marking task as SUCCESS. dag_id=6.1_monitoring, task_id=tarea3, run_id=scheduled__2024-01-16T00:00:00+00:00, execution_date=20240116T000000, start_date=20240508T002819, end_date=20240508T002821
[2024-05-08T00:28:21.625+0000] {local_task_job_runner.py:240} INFO - Task exited with return code 0
[2024-05-08T00:28:21.647+0000] {taskinstance.py:3498} INFO - 1 downstream tasks scheduled from follow-on schedule check
[2024-05-08T00:28:21.650+0000] {local_task_job_runner.py:222} INFO - ::endgroup::
