[2024-05-08T20:13:37.189+0000] {local_task_job_runner.py:120} INFO - ::group::Pre task execution logs
[2024-05-08T20:13:37.210+0000] {taskinstance.py:2076} INFO - Dependencies all met for dep_context=non-requeueable deps ti=<TaskInstance: 8_Templating.tarea1 scheduled__2022-08-01T00:00:00+00:00 [queued]>
[2024-05-08T20:13:37.219+0000] {taskinstance.py:2076} INFO - Dependencies all met for dep_context=requeueable deps ti=<TaskInstance: 8_Templating.tarea1 scheduled__2022-08-01T00:00:00+00:00 [queued]>
[2024-05-08T20:13:37.220+0000] {taskinstance.py:2306} INFO - Starting attempt 1 of 1
[2024-05-08T20:13:37.231+0000] {taskinstance.py:2330} INFO - Executing <Task(BashOperator): tarea1> on 2022-08-01 00:00:00+00:00
[2024-05-08T20:13:37.237+0000] {warnings.py:110} WARNING - /home/***/.local/lib/python3.12/site-packages/***/task/task_runner/standard_task_runner.py:61: DeprecationWarning: This process (pid=2866) is multi-threaded, use of fork() may lead to deadlocks in the child.
  pid = os.fork()

[2024-05-08T20:13:37.237+0000] {standard_task_runner.py:90} INFO - Running: ['***', 'tasks', 'run', '8_Templating', 'tarea1', 'scheduled__2022-08-01T00:00:00+00:00', '--job-id', '843', '--raw', '--subdir', 'DAGS_FOLDER/08_Templating.py', '--cfg-path', '/tmp/tmp8b2u8kgv']
[2024-05-08T20:13:37.238+0000] {standard_task_runner.py:63} INFO - Started process 2867 to run task
[2024-05-08T20:13:37.239+0000] {standard_task_runner.py:91} INFO - Job 843: Subtask tarea1
[2024-05-08T20:13:37.273+0000] {task_command.py:426} INFO - Running <TaskInstance: 8_Templating.tarea1 scheduled__2022-08-01T00:00:00+00:00 [running]> on host ccc314eb571d
[2024-05-08T20:13:37.339+0000] {taskinstance.py:2648} INFO - Exporting env vars: AIRFLOW_CTX_DAG_OWNER='***' AIRFLOW_CTX_DAG_ID='8_Templating' AIRFLOW_CTX_TASK_ID='tarea1' AIRFLOW_CTX_EXECUTION_DATE='2022-08-01T00:00:00+00:00' AIRFLOW_CTX_TRY_NUMBER='1' AIRFLOW_CTX_DAG_RUN_ID='scheduled__2022-08-01T00:00:00+00:00'
[2024-05-08T20:13:37.356+0000] {taskinstance.py:430} INFO - ::endgroup::
[2024-05-08T20:13:37.366+0000] {subprocess.py:63} INFO - Tmp dir root location: /tmp
[2024-05-08T20:13:37.367+0000] {subprocess.py:75} INFO - Running command: ['/usr/bin/bash', '-c', '\n\n    echo "2022-08-01"\n    echo "file1.txt"\n\n    echo "2022-08-01"\n    echo "file2.txt"\n']
[2024-05-08T20:13:37.376+0000] {subprocess.py:86} INFO - Output:
[2024-05-08T20:13:37.377+0000] {subprocess.py:93} INFO - 2022-08-01
[2024-05-08T20:13:37.378+0000] {subprocess.py:93} INFO - file1.txt
[2024-05-08T20:13:37.378+0000] {subprocess.py:93} INFO - 2022-08-01
[2024-05-08T20:13:37.379+0000] {subprocess.py:93} INFO - file2.txt
[2024-05-08T20:13:37.379+0000] {subprocess.py:97} INFO - Command exited with return code 0
[2024-05-08T20:13:37.380+0000] {taskinstance.py:441} INFO - ::group::Post task execution logs
[2024-05-08T20:13:37.397+0000] {taskinstance.py:1206} INFO - Marking task as SUCCESS. dag_id=8_Templating, task_id=tarea1, run_id=scheduled__2022-08-01T00:00:00+00:00, execution_date=20220801T000000, start_date=20240508T201337, end_date=20240508T201337
[2024-05-08T20:13:37.414+0000] {local_task_job_runner.py:240} INFO - Task exited with return code 0
[2024-05-08T20:13:37.425+0000] {taskinstance.py:3498} INFO - 0 downstream tasks scheduled from follow-on schedule check
[2024-05-08T20:13:37.428+0000] {local_task_job_runner.py:222} INFO - ::endgroup::
