[2024-05-07T23:41:40.271+0000] {local_task_job_runner.py:120} INFO - ::group::Pre task execution logs
[2024-05-07T23:41:40.298+0000] {taskinstance.py:2076} INFO - Dependencies all met for dep_context=non-requeueable deps ti=<TaskInstance: 5.1_orquestacion.tarea4 scheduled__2024-03-14T00:00:00+00:00 [queued]>
[2024-05-07T23:41:40.308+0000] {taskinstance.py:2076} INFO - Dependencies all met for dep_context=requeueable deps ti=<TaskInstance: 5.1_orquestacion.tarea4 scheduled__2024-03-14T00:00:00+00:00 [queued]>
[2024-05-07T23:41:40.310+0000] {taskinstance.py:2306} INFO - Starting attempt 1 of 1
[2024-05-07T23:41:40.326+0000] {taskinstance.py:2330} INFO - Executing <Task(BashOperator): tarea4> on 2024-03-14 00:00:00+00:00
[2024-05-07T23:41:40.331+0000] {warnings.py:110} WARNING - /home/***/.local/lib/python3.12/site-packages/***/task/task_runner/standard_task_runner.py:61: DeprecationWarning: This process (pid=3009) is multi-threaded, use of fork() may lead to deadlocks in the child.
  pid = os.fork()

[2024-05-07T23:41:40.332+0000] {standard_task_runner.py:63} INFO - Started process 3013 to run task
[2024-05-07T23:41:40.333+0000] {standard_task_runner.py:90} INFO - Running: ['***', 'tasks', 'run', '5.1_orquestacion', 'tarea4', 'scheduled__2024-03-14T00:00:00+00:00', '--job-id', '114', '--raw', '--subdir', 'DAGS_FOLDER/051_orquestacion.py', '--cfg-path', '/tmp/tmpl8o8idfl']
[2024-05-07T23:41:40.335+0000] {standard_task_runner.py:91} INFO - Job 114: Subtask tarea4
[2024-05-07T23:41:40.376+0000] {task_command.py:426} INFO - Running <TaskInstance: 5.1_orquestacion.tarea4 scheduled__2024-03-14T00:00:00+00:00 [running]> on host 521bf890d837
[2024-05-07T23:41:40.478+0000] {taskinstance.py:2648} INFO - Exporting env vars: AIRFLOW_CTX_DAG_OWNER='***' AIRFLOW_CTX_DAG_ID='5.1_orquestacion' AIRFLOW_CTX_TASK_ID='tarea4' AIRFLOW_CTX_EXECUTION_DATE='2024-03-14T00:00:00+00:00' AIRFLOW_CTX_TRY_NUMBER='1' AIRFLOW_CTX_DAG_RUN_ID='scheduled__2024-03-14T00:00:00+00:00'
[2024-05-07T23:41:40.486+0000] {taskinstance.py:430} INFO - ::endgroup::
[2024-05-07T23:41:40.507+0000] {subprocess.py:63} INFO - Tmp dir root location: /tmp
[2024-05-07T23:41:40.508+0000] {subprocess.py:75} INFO - Running command: ['/usr/bin/bash', '-c', "sleep 2 && echo 'Tarea 4'"]
[2024-05-07T23:41:40.518+0000] {subprocess.py:86} INFO - Output:
[2024-05-07T23:41:42.521+0000] {subprocess.py:93} INFO - Tarea 4
[2024-05-07T23:41:42.523+0000] {subprocess.py:97} INFO - Command exited with return code 0
[2024-05-07T23:41:42.526+0000] {taskinstance.py:441} INFO - ::group::Post task execution logs
[2024-05-07T23:41:42.656+0000] {taskinstance.py:1206} INFO - Marking task as SUCCESS. dag_id=5.1_orquestacion, task_id=tarea4, run_id=scheduled__2024-03-14T00:00:00+00:00, execution_date=20240314T000000, start_date=20240507T234140, end_date=20240507T234142
[2024-05-07T23:41:42.798+0000] {local_task_job_runner.py:240} INFO - Task exited with return code 0
[2024-05-07T23:41:42.829+0000] {taskinstance.py:3498} INFO - 0 downstream tasks scheduled from follow-on schedule check
[2024-05-07T23:41:42.832+0000] {local_task_job_runner.py:222} INFO - ::endgroup::
[2024-05-07T23:47:52.346+0000] {local_task_job_runner.py:120} INFO - ::group::Pre task execution logs
[2024-05-07T23:47:52.378+0000] {taskinstance.py:2076} INFO - Dependencies all met for dep_context=non-requeueable deps ti=<TaskInstance: 5.1_orquestacion.tarea4 scheduled__2024-03-14T00:00:00+00:00 [queued]>
[2024-05-07T23:47:52.394+0000] {taskinstance.py:2076} INFO - Dependencies all met for dep_context=requeueable deps ti=<TaskInstance: 5.1_orquestacion.tarea4 scheduled__2024-03-14T00:00:00+00:00 [queued]>
[2024-05-07T23:47:52.397+0000] {taskinstance.py:2306} INFO - Starting attempt 1 of 1
[2024-05-07T23:47:52.412+0000] {taskinstance.py:2330} INFO - Executing <Task(BashOperator): tarea4> on 2024-03-14 00:00:00+00:00
[2024-05-07T23:47:52.419+0000] {warnings.py:110} WARNING - /home/***/.local/lib/python3.12/site-packages/***/task/task_runner/standard_task_runner.py:61: DeprecationWarning: This process (pid=3591) is multi-threaded, use of fork() may lead to deadlocks in the child.
  pid = os.fork()

[2024-05-07T23:47:52.420+0000] {standard_task_runner.py:63} INFO - Started process 3593 to run task
[2024-05-07T23:47:52.421+0000] {standard_task_runner.py:90} INFO - Running: ['***', 'tasks', 'run', '5.1_orquestacion', 'tarea4', 'scheduled__2024-03-14T00:00:00+00:00', '--job-id', '239', '--raw', '--subdir', 'DAGS_FOLDER/051_orquestacion.py', '--cfg-path', '/tmp/tmpahhatblz']
[2024-05-07T23:47:52.422+0000] {standard_task_runner.py:91} INFO - Job 239: Subtask tarea4
[2024-05-07T23:47:52.529+0000] {task_command.py:426} INFO - Running <TaskInstance: 5.1_orquestacion.tarea4 scheduled__2024-03-14T00:00:00+00:00 [running]> on host 521bf890d837
[2024-05-07T23:47:52.652+0000] {taskinstance.py:2648} INFO - Exporting env vars: AIRFLOW_CTX_DAG_OWNER='***' AIRFLOW_CTX_DAG_ID='5.1_orquestacion' AIRFLOW_CTX_TASK_ID='tarea4' AIRFLOW_CTX_EXECUTION_DATE='2024-03-14T00:00:00+00:00' AIRFLOW_CTX_TRY_NUMBER='1' AIRFLOW_CTX_DAG_RUN_ID='scheduled__2024-03-14T00:00:00+00:00'
[2024-05-07T23:47:52.653+0000] {taskinstance.py:430} INFO - ::endgroup::
[2024-05-07T23:47:52.666+0000] {subprocess.py:63} INFO - Tmp dir root location: /tmp
[2024-05-07T23:47:52.668+0000] {subprocess.py:75} INFO - Running command: ['/usr/bin/bash', '-c', "sleep 2 && echo 'Tarea 4'"]
[2024-05-07T23:47:52.677+0000] {subprocess.py:86} INFO - Output:
[2024-05-07T23:47:54.680+0000] {subprocess.py:93} INFO - Tarea 4
[2024-05-07T23:47:54.683+0000] {subprocess.py:97} INFO - Command exited with return code 0
[2024-05-07T23:47:54.686+0000] {taskinstance.py:441} INFO - ::group::Post task execution logs
[2024-05-07T23:47:54.748+0000] {taskinstance.py:1206} INFO - Marking task as SUCCESS. dag_id=5.1_orquestacion, task_id=tarea4, run_id=scheduled__2024-03-14T00:00:00+00:00, execution_date=20240314T000000, start_date=20240507T234752, end_date=20240507T234754
[2024-05-07T23:47:54.769+0000] {local_task_job_runner.py:240} INFO - Task exited with return code 0
[2024-05-07T23:47:54.778+0000] {local_task_job_runner.py:222} INFO - ::endgroup::
