[2024-05-07T23:41:50.911+0000] {local_task_job_runner.py:120} INFO - ::group::Pre task execution logs
[2024-05-07T23:41:50.941+0000] {taskinstance.py:2076} INFO - Dependencies all met for dep_context=non-requeueable deps ti=<TaskInstance: 5.1_orquestacion.tarea3 scheduled__2024-03-17T00:00:00+00:00 [queued]>
[2024-05-07T23:41:50.952+0000] {taskinstance.py:2076} INFO - Dependencies all met for dep_context=requeueable deps ti=<TaskInstance: 5.1_orquestacion.tarea3 scheduled__2024-03-17T00:00:00+00:00 [queued]>
[2024-05-07T23:41:50.954+0000] {taskinstance.py:2306} INFO - Starting attempt 1 of 1
[2024-05-07T23:41:50.968+0000] {taskinstance.py:2330} INFO - Executing <Task(BashOperator): tarea3> on 2024-03-17 00:00:00+00:00
[2024-05-07T23:41:50.974+0000] {warnings.py:110} WARNING - /home/***/.local/lib/python3.12/site-packages/***/task/task_runner/standard_task_runner.py:61: DeprecationWarning: This process (pid=3055) is multi-threaded, use of fork() may lead to deadlocks in the child.
  pid = os.fork()

[2024-05-07T23:41:50.976+0000] {standard_task_runner.py:63} INFO - Started process 3058 to run task
[2024-05-07T23:41:50.976+0000] {standard_task_runner.py:90} INFO - Running: ['***', 'tasks', 'run', '5.1_orquestacion', 'tarea3', 'scheduled__2024-03-17T00:00:00+00:00', '--job-id', '125', '--raw', '--subdir', 'DAGS_FOLDER/051_orquestacion.py', '--cfg-path', '/tmp/tmpuog0tqc5']
[2024-05-07T23:41:50.977+0000] {standard_task_runner.py:91} INFO - Job 125: Subtask tarea3
[2024-05-07T23:41:51.023+0000] {task_command.py:426} INFO - Running <TaskInstance: 5.1_orquestacion.tarea3 scheduled__2024-03-17T00:00:00+00:00 [running]> on host 521bf890d837
[2024-05-07T23:41:51.106+0000] {taskinstance.py:2648} INFO - Exporting env vars: AIRFLOW_CTX_DAG_OWNER='***' AIRFLOW_CTX_DAG_ID='5.1_orquestacion' AIRFLOW_CTX_TASK_ID='tarea3' AIRFLOW_CTX_EXECUTION_DATE='2024-03-17T00:00:00+00:00' AIRFLOW_CTX_TRY_NUMBER='1' AIRFLOW_CTX_DAG_RUN_ID='scheduled__2024-03-17T00:00:00+00:00'
[2024-05-07T23:41:51.107+0000] {taskinstance.py:430} INFO - ::endgroup::
[2024-05-07T23:41:51.120+0000] {subprocess.py:63} INFO - Tmp dir root location: /tmp
[2024-05-07T23:41:51.121+0000] {subprocess.py:75} INFO - Running command: ['/usr/bin/bash', '-c', "sleep 2 && echo 'Tarea 3'"]
[2024-05-07T23:41:51.131+0000] {subprocess.py:86} INFO - Output:
[2024-05-07T23:41:53.134+0000] {subprocess.py:93} INFO - Tarea 3
[2024-05-07T23:41:53.148+0000] {subprocess.py:97} INFO - Command exited with return code 0
[2024-05-07T23:41:53.154+0000] {taskinstance.py:441} INFO - ::group::Post task execution logs
[2024-05-07T23:41:53.305+0000] {taskinstance.py:1206} INFO - Marking task as SUCCESS. dag_id=5.1_orquestacion, task_id=tarea3, run_id=scheduled__2024-03-17T00:00:00+00:00, execution_date=20240317T000000, start_date=20240507T234150, end_date=20240507T234153
[2024-05-07T23:41:53.405+0000] {local_task_job_runner.py:240} INFO - Task exited with return code 0
[2024-05-07T23:41:53.445+0000] {local_task_job_runner.py:222} INFO - ::endgroup::
[2024-05-07T23:48:27.059+0000] {local_task_job_runner.py:120} INFO - ::group::Pre task execution logs
[2024-05-07T23:48:27.082+0000] {taskinstance.py:2076} INFO - Dependencies all met for dep_context=non-requeueable deps ti=<TaskInstance: 5.1_orquestacion.tarea3 scheduled__2024-03-17T00:00:00+00:00 [queued]>
[2024-05-07T23:48:27.091+0000] {taskinstance.py:2076} INFO - Dependencies all met for dep_context=requeueable deps ti=<TaskInstance: 5.1_orquestacion.tarea3 scheduled__2024-03-17T00:00:00+00:00 [queued]>
[2024-05-07T23:48:27.093+0000] {taskinstance.py:2306} INFO - Starting attempt 1 of 1
[2024-05-07T23:48:27.108+0000] {taskinstance.py:2330} INFO - Executing <Task(BashOperator): tarea3> on 2024-03-17 00:00:00+00:00
[2024-05-07T23:48:27.118+0000] {warnings.py:110} WARNING - /home/***/.local/lib/python3.12/site-packages/***/task/task_runner/standard_task_runner.py:61: DeprecationWarning: This process (pid=3646) is multi-threaded, use of fork() may lead to deadlocks in the child.
  pid = os.fork()

[2024-05-07T23:48:27.119+0000] {standard_task_runner.py:90} INFO - Running: ['***', 'tasks', 'run', '5.1_orquestacion', 'tarea3', 'scheduled__2024-03-17T00:00:00+00:00', '--job-id', '251', '--raw', '--subdir', 'DAGS_FOLDER/051_orquestacion.py', '--cfg-path', '/tmp/tmpmdakq53n']
[2024-05-07T23:48:27.123+0000] {standard_task_runner.py:63} INFO - Started process 3649 to run task
[2024-05-07T23:48:27.126+0000] {standard_task_runner.py:91} INFO - Job 251: Subtask tarea3
[2024-05-07T23:48:27.204+0000] {task_command.py:426} INFO - Running <TaskInstance: 5.1_orquestacion.tarea3 scheduled__2024-03-17T00:00:00+00:00 [running]> on host 521bf890d837
[2024-05-07T23:48:27.275+0000] {taskinstance.py:2648} INFO - Exporting env vars: AIRFLOW_CTX_DAG_OWNER='***' AIRFLOW_CTX_DAG_ID='5.1_orquestacion' AIRFLOW_CTX_TASK_ID='tarea3' AIRFLOW_CTX_EXECUTION_DATE='2024-03-17T00:00:00+00:00' AIRFLOW_CTX_TRY_NUMBER='1' AIRFLOW_CTX_DAG_RUN_ID='scheduled__2024-03-17T00:00:00+00:00'
[2024-05-07T23:48:27.288+0000] {taskinstance.py:430} INFO - ::endgroup::
[2024-05-07T23:48:27.310+0000] {subprocess.py:63} INFO - Tmp dir root location: /tmp
[2024-05-07T23:48:27.314+0000] {subprocess.py:75} INFO - Running command: ['/usr/bin/bash', '-c', "sleep 2 && echo 'Tarea 3'"]
[2024-05-07T23:48:27.330+0000] {subprocess.py:86} INFO - Output:
[2024-05-07T23:48:29.336+0000] {subprocess.py:93} INFO - Tarea 3
[2024-05-07T23:48:29.339+0000] {subprocess.py:97} INFO - Command exited with return code 0
[2024-05-07T23:48:29.339+0000] {taskinstance.py:441} INFO - ::group::Post task execution logs
[2024-05-07T23:48:29.364+0000] {taskinstance.py:1206} INFO - Marking task as SUCCESS. dag_id=5.1_orquestacion, task_id=tarea3, run_id=scheduled__2024-03-17T00:00:00+00:00, execution_date=20240317T000000, start_date=20240507T234827, end_date=20240507T234829
[2024-05-07T23:48:29.408+0000] {local_task_job_runner.py:240} INFO - Task exited with return code 0
[2024-05-07T23:48:29.431+0000] {taskinstance.py:3498} INFO - 0 downstream tasks scheduled from follow-on schedule check
[2024-05-07T23:48:29.440+0000] {local_task_job_runner.py:222} INFO - ::endgroup::
