[2024-05-07T23:41:57.903+0000] {local_task_job_runner.py:120} INFO - ::group::Pre task execution logs
[2024-05-07T23:41:57.931+0000] {taskinstance.py:2076} INFO - Dependencies all met for dep_context=non-requeueable deps ti=<TaskInstance: 5.1_orquestacion.tarea4 scheduled__2024-03-19T00:00:00+00:00 [queued]>
[2024-05-07T23:41:57.942+0000] {taskinstance.py:2076} INFO - Dependencies all met for dep_context=requeueable deps ti=<TaskInstance: 5.1_orquestacion.tarea4 scheduled__2024-03-19T00:00:00+00:00 [queued]>
[2024-05-07T23:41:57.943+0000] {taskinstance.py:2306} INFO - Starting attempt 1 of 1
[2024-05-07T23:41:57.958+0000] {taskinstance.py:2330} INFO - Executing <Task(BashOperator): tarea4> on 2024-03-19 00:00:00+00:00
[2024-05-07T23:41:57.964+0000] {warnings.py:110} WARNING - /home/***/.local/lib/python3.12/site-packages/***/task/task_runner/standard_task_runner.py:61: DeprecationWarning: This process (pid=3087) is multi-threaded, use of fork() may lead to deadlocks in the child.
  pid = os.fork()

[2024-05-07T23:41:57.965+0000] {standard_task_runner.py:63} INFO - Started process 3091 to run task
[2024-05-07T23:41:57.965+0000] {standard_task_runner.py:90} INFO - Running: ['***', 'tasks', 'run', '5.1_orquestacion', 'tarea4', 'scheduled__2024-03-19T00:00:00+00:00', '--job-id', '132', '--raw', '--subdir', 'DAGS_FOLDER/051_orquestacion.py', '--cfg-path', '/tmp/tmp2sxi2e4q']
[2024-05-07T23:41:57.967+0000] {standard_task_runner.py:91} INFO - Job 132: Subtask tarea4
[2024-05-07T23:41:58.009+0000] {task_command.py:426} INFO - Running <TaskInstance: 5.1_orquestacion.tarea4 scheduled__2024-03-19T00:00:00+00:00 [running]> on host 521bf890d837
[2024-05-07T23:41:58.091+0000] {taskinstance.py:2648} INFO - Exporting env vars: AIRFLOW_CTX_DAG_OWNER='***' AIRFLOW_CTX_DAG_ID='5.1_orquestacion' AIRFLOW_CTX_TASK_ID='tarea4' AIRFLOW_CTX_EXECUTION_DATE='2024-03-19T00:00:00+00:00' AIRFLOW_CTX_TRY_NUMBER='1' AIRFLOW_CTX_DAG_RUN_ID='scheduled__2024-03-19T00:00:00+00:00'
[2024-05-07T23:41:58.092+0000] {taskinstance.py:430} INFO - ::endgroup::
[2024-05-07T23:41:58.105+0000] {subprocess.py:63} INFO - Tmp dir root location: /tmp
[2024-05-07T23:41:58.106+0000] {subprocess.py:75} INFO - Running command: ['/usr/bin/bash', '-c', "sleep 2 && echo 'Tarea 4'"]
[2024-05-07T23:41:58.114+0000] {subprocess.py:86} INFO - Output:
[2024-05-07T23:42:00.113+0000] {subprocess.py:93} INFO - Tarea 4
[2024-05-07T23:42:00.114+0000] {subprocess.py:97} INFO - Command exited with return code 0
[2024-05-07T23:42:00.114+0000] {taskinstance.py:441} INFO - ::group::Post task execution logs
[2024-05-07T23:42:00.209+0000] {taskinstance.py:1206} INFO - Marking task as SUCCESS. dag_id=5.1_orquestacion, task_id=tarea4, run_id=scheduled__2024-03-19T00:00:00+00:00, execution_date=20240319T000000, start_date=20240507T234157, end_date=20240507T234200
[2024-05-07T23:42:00.350+0000] {local_task_job_runner.py:240} INFO - Task exited with return code 0
[2024-05-07T23:42:00.398+0000] {local_task_job_runner.py:222} INFO - ::endgroup::
[2024-05-07T23:48:52.109+0000] {local_task_job_runner.py:120} INFO - ::group::Pre task execution logs
[2024-05-07T23:48:52.145+0000] {taskinstance.py:2076} INFO - Dependencies all met for dep_context=non-requeueable deps ti=<TaskInstance: 5.1_orquestacion.tarea4 scheduled__2024-03-19T00:00:00+00:00 [queued]>
[2024-05-07T23:48:52.162+0000] {taskinstance.py:2076} INFO - Dependencies all met for dep_context=requeueable deps ti=<TaskInstance: 5.1_orquestacion.tarea4 scheduled__2024-03-19T00:00:00+00:00 [queued]>
[2024-05-07T23:48:52.163+0000] {taskinstance.py:2306} INFO - Starting attempt 1 of 1
[2024-05-07T23:48:52.186+0000] {taskinstance.py:2330} INFO - Executing <Task(BashOperator): tarea4> on 2024-03-19 00:00:00+00:00
[2024-05-07T23:48:52.193+0000] {warnings.py:110} WARNING - /home/***/.local/lib/python3.12/site-packages/***/task/task_runner/standard_task_runner.py:61: DeprecationWarning: This process (pid=3685) is multi-threaded, use of fork() may lead to deadlocks in the child.
  pid = os.fork()

[2024-05-07T23:48:52.196+0000] {standard_task_runner.py:63} INFO - Started process 3687 to run task
[2024-05-07T23:48:52.195+0000] {standard_task_runner.py:90} INFO - Running: ['***', 'tasks', 'run', '5.1_orquestacion', 'tarea4', 'scheduled__2024-03-19T00:00:00+00:00', '--job-id', '260', '--raw', '--subdir', 'DAGS_FOLDER/051_orquestacion.py', '--cfg-path', '/tmp/tmp57ggfvdb']
[2024-05-07T23:48:52.197+0000] {standard_task_runner.py:91} INFO - Job 260: Subtask tarea4
[2024-05-07T23:48:52.251+0000] {task_command.py:426} INFO - Running <TaskInstance: 5.1_orquestacion.tarea4 scheduled__2024-03-19T00:00:00+00:00 [running]> on host 521bf890d837
[2024-05-07T23:48:52.353+0000] {taskinstance.py:2648} INFO - Exporting env vars: AIRFLOW_CTX_DAG_OWNER='***' AIRFLOW_CTX_DAG_ID='5.1_orquestacion' AIRFLOW_CTX_TASK_ID='tarea4' AIRFLOW_CTX_EXECUTION_DATE='2024-03-19T00:00:00+00:00' AIRFLOW_CTX_TRY_NUMBER='1' AIRFLOW_CTX_DAG_RUN_ID='scheduled__2024-03-19T00:00:00+00:00'
[2024-05-07T23:48:52.354+0000] {taskinstance.py:430} INFO - ::endgroup::
[2024-05-07T23:48:52.368+0000] {subprocess.py:63} INFO - Tmp dir root location: /tmp
[2024-05-07T23:48:52.369+0000] {subprocess.py:75} INFO - Running command: ['/usr/bin/bash', '-c', "sleep 2 && echo 'Tarea 4'"]
[2024-05-07T23:48:52.380+0000] {subprocess.py:86} INFO - Output:
[2024-05-07T23:48:54.384+0000] {subprocess.py:93} INFO - Tarea 4
[2024-05-07T23:48:54.385+0000] {subprocess.py:97} INFO - Command exited with return code 0
[2024-05-07T23:48:54.386+0000] {taskinstance.py:441} INFO - ::group::Post task execution logs
[2024-05-07T23:48:54.409+0000] {taskinstance.py:1206} INFO - Marking task as SUCCESS. dag_id=5.1_orquestacion, task_id=tarea4, run_id=scheduled__2024-03-19T00:00:00+00:00, execution_date=20240319T000000, start_date=20240507T234852, end_date=20240507T234854
[2024-05-07T23:48:54.424+0000] {local_task_job_runner.py:240} INFO - Task exited with return code 0
[2024-05-07T23:48:54.437+0000] {taskinstance.py:3498} INFO - 0 downstream tasks scheduled from follow-on schedule check
[2024-05-07T23:48:54.440+0000] {local_task_job_runner.py:222} INFO - ::endgroup::
