[2024-05-09T18:53:35.413+0000] {local_task_job_runner.py:120} INFO - ::group::Pre task execution logs
[2024-05-09T18:53:35.434+0000] {taskinstance.py:2076} INFO - Dependencies all met for dep_context=non-requeueable deps ti=<TaskInstance: Proyecto_SpaceX.Confirmacion_NASA scheduled__2024-02-01T00:00:00+00:00 [queued]>
[2024-05-09T18:53:35.443+0000] {taskinstance.py:2076} INFO - Dependencies all met for dep_context=requeueable deps ti=<TaskInstance: Proyecto_SpaceX.Confirmacion_NASA scheduled__2024-02-01T00:00:00+00:00 [queued]>
[2024-05-09T18:53:35.450+0000] {taskinstance.py:2306} INFO - Starting attempt 1 of 1
[2024-05-09T18:53:35.599+0000] {taskinstance.py:2330} INFO - Executing <Task(BashOperator): Confirmacion_NASA> on 2024-02-01 00:00:00+00:00
[2024-05-09T18:53:35.605+0000] {warnings.py:110} WARNING - /home/***/.local/lib/python3.12/site-packages/***/task/task_runner/standard_task_runner.py:61: DeprecationWarning: This process (pid=141) is multi-threaded, use of fork() may lead to deadlocks in the child.
  pid = os.fork()

[2024-05-09T18:53:35.606+0000] {standard_task_runner.py:63} INFO - Started process 143 to run task
[2024-05-09T18:53:35.606+0000] {standard_task_runner.py:90} INFO - Running: ['***', 'tasks', 'run', 'Proyecto_SpaceX', 'Confirmacion_NASA', 'scheduled__2024-02-01T00:00:00+00:00', '--job-id', '924', '--raw', '--subdir', 'DAGS_FOLDER/Proyecto_SpaceX.py', '--cfg-path', '/tmp/tmp5_w098gv']
[2024-05-09T18:53:35.608+0000] {standard_task_runner.py:91} INFO - Job 924: Subtask Confirmacion_NASA
[2024-05-09T18:53:35.647+0000] {task_command.py:426} INFO - Running <TaskInstance: Proyecto_SpaceX.Confirmacion_NASA scheduled__2024-02-01T00:00:00+00:00 [running]> on host 7a81a983afb0
[2024-05-09T18:53:35.719+0000] {taskinstance.py:2648} INFO - Exporting env vars: AIRFLOW_CTX_DAG_OWNER='***' AIRFLOW_CTX_DAG_ID='Proyecto_SpaceX' AIRFLOW_CTX_TASK_ID='Confirmacion_NASA' AIRFLOW_CTX_EXECUTION_DATE='2024-02-01T00:00:00+00:00' AIRFLOW_CTX_TRY_NUMBER='1' AIRFLOW_CTX_DAG_RUN_ID='scheduled__2024-02-01T00:00:00+00:00'
[2024-05-09T18:53:35.721+0000] {taskinstance.py:430} INFO - ::endgroup::
[2024-05-09T18:53:35.731+0000] {subprocess.py:63} INFO - Tmp dir root location: /tmp
[2024-05-09T18:53:35.732+0000] {subprocess.py:75} INFO - Running command: ['/usr/bin/bash', '-c', "sleep 20 && echo 'Confirmación, puede proceder' > /tmp/response_20240201.txt"]
[2024-05-09T18:53:35.740+0000] {subprocess.py:86} INFO - Output:
[2024-05-09T18:53:55.745+0000] {subprocess.py:97} INFO - Command exited with return code 0
[2024-05-09T18:53:55.748+0000] {taskinstance.py:441} INFO - ::group::Post task execution logs
[2024-05-09T18:53:55.790+0000] {taskinstance.py:1206} INFO - Marking task as SUCCESS. dag_id=Proyecto_SpaceX, task_id=Confirmacion_NASA, run_id=scheduled__2024-02-01T00:00:00+00:00, execution_date=20240201T000000, start_date=20240509T185335, end_date=20240509T185355
[2024-05-09T18:53:55.846+0000] {local_task_job_runner.py:240} INFO - Task exited with return code 0
[2024-05-09T18:53:55.875+0000] {taskinstance.py:3498} INFO - 1 downstream tasks scheduled from follow-on schedule check
[2024-05-09T18:53:55.883+0000] {local_task_job_runner.py:222} INFO - ::endgroup::
[2024-05-09T19:17:22.780+0000] {local_task_job_runner.py:120} INFO - ::group::Pre task execution logs
[2024-05-09T19:17:23.408+0000] {taskinstance.py:2076} INFO - Dependencies all met for dep_context=non-requeueable deps ti=<TaskInstance: Proyecto_SpaceX.Confirmacion_NASA scheduled__2024-02-01T00:00:00+00:00 [queued]>
[2024-05-09T19:17:23.417+0000] {taskinstance.py:2076} INFO - Dependencies all met for dep_context=requeueable deps ti=<TaskInstance: Proyecto_SpaceX.Confirmacion_NASA scheduled__2024-02-01T00:00:00+00:00 [queued]>
[2024-05-09T19:17:23.418+0000] {taskinstance.py:2306} INFO - Starting attempt 1 of 3
[2024-05-09T19:17:23.604+0000] {taskinstance.py:2330} INFO - Executing <Task(BashOperator): Confirmacion_NASA> on 2024-02-01 00:00:00+00:00
[2024-05-09T19:17:23.610+0000] {warnings.py:110} WARNING - /home/***/.local/lib/python3.12/site-packages/***/task/task_runner/standard_task_runner.py:61: DeprecationWarning: This process (pid=497) is multi-threaded, use of fork() may lead to deadlocks in the child.
  pid = os.fork()

[2024-05-09T19:17:23.612+0000] {standard_task_runner.py:63} INFO - Started process 499 to run task
[2024-05-09T19:17:23.612+0000] {standard_task_runner.py:90} INFO - Running: ['***', 'tasks', 'run', 'Proyecto_SpaceX', 'Confirmacion_NASA', 'scheduled__2024-02-01T00:00:00+00:00', '--job-id', '936', '--raw', '--subdir', 'DAGS_FOLDER/Proyecto_SpaceX.py', '--cfg-path', '/tmp/tmp1ctb_xnr']
[2024-05-09T19:17:23.614+0000] {standard_task_runner.py:91} INFO - Job 936: Subtask Confirmacion_NASA
[2024-05-09T19:17:23.690+0000] {task_command.py:426} INFO - Running <TaskInstance: Proyecto_SpaceX.Confirmacion_NASA scheduled__2024-02-01T00:00:00+00:00 [running]> on host 7a81a983afb0
[2024-05-09T19:17:23.855+0000] {taskinstance.py:2648} INFO - Exporting env vars: AIRFLOW_CTX_DAG_OWNER='***' AIRFLOW_CTX_DAG_ID='Proyecto_SpaceX' AIRFLOW_CTX_TASK_ID='Confirmacion_NASA' AIRFLOW_CTX_EXECUTION_DATE='2024-02-01T00:00:00+00:00' AIRFLOW_CTX_TRY_NUMBER='1' AIRFLOW_CTX_DAG_RUN_ID='scheduled__2024-02-01T00:00:00+00:00'
[2024-05-09T19:17:23.857+0000] {taskinstance.py:430} INFO - ::endgroup::
[2024-05-09T19:17:23.869+0000] {subprocess.py:63} INFO - Tmp dir root location: /tmp
[2024-05-09T19:17:23.870+0000] {subprocess.py:75} INFO - Running command: ['/usr/bin/bash', '-c', "sleep 20 && echo 'Confirmación, puede proceder' > /tmp/response_20240201.txt"]
[2024-05-09T19:17:23.879+0000] {subprocess.py:86} INFO - Output:
[2024-05-09T19:17:43.887+0000] {subprocess.py:97} INFO - Command exited with return code 0
[2024-05-09T19:17:43.895+0000] {taskinstance.py:441} INFO - ::group::Post task execution logs
[2024-05-09T19:17:43.972+0000] {taskinstance.py:1206} INFO - Marking task as SUCCESS. dag_id=Proyecto_SpaceX, task_id=Confirmacion_NASA, run_id=scheduled__2024-02-01T00:00:00+00:00, execution_date=20240201T000000, start_date=20240509T191723, end_date=20240509T191743
[2024-05-09T19:17:44.088+0000] {local_task_job_runner.py:240} INFO - Task exited with return code 0
[2024-05-09T19:17:44.124+0000] {taskinstance.py:3498} INFO - 1 downstream tasks scheduled from follow-on schedule check
[2024-05-09T19:17:44.164+0000] {local_task_job_runner.py:222} INFO - ::endgroup::
[2024-05-09T21:01:05.765+0000] {local_task_job_runner.py:120} INFO - ::group::Pre task execution logs
[2024-05-09T21:01:05.788+0000] {taskinstance.py:2076} INFO - Dependencies all met for dep_context=non-requeueable deps ti=<TaskInstance: Proyecto_SpaceX.Confirmacion_NASA scheduled__2024-02-01T00:00:00+00:00 [queued]>
[2024-05-09T21:01:05.799+0000] {taskinstance.py:2076} INFO - Dependencies all met for dep_context=requeueable deps ti=<TaskInstance: Proyecto_SpaceX.Confirmacion_NASA scheduled__2024-02-01T00:00:00+00:00 [queued]>
[2024-05-09T21:01:05.800+0000] {taskinstance.py:2306} INFO - Starting attempt 1 of 3
[2024-05-09T21:01:05.978+0000] {taskinstance.py:2330} INFO - Executing <Task(BashOperator): Confirmacion_NASA> on 2024-02-01 00:00:00+00:00
[2024-05-09T21:01:05.985+0000] {warnings.py:110} WARNING - /home/***/.local/lib/python3.12/site-packages/***/task/task_runner/standard_task_runner.py:61: DeprecationWarning: This process (pid=1840) is multi-threaded, use of fork() may lead to deadlocks in the child.
  pid = os.fork()

[2024-05-09T21:01:05.987+0000] {standard_task_runner.py:63} INFO - Started process 1842 to run task
[2024-05-09T21:01:05.986+0000] {standard_task_runner.py:90} INFO - Running: ['***', 'tasks', 'run', 'Proyecto_SpaceX', 'Confirmacion_NASA', 'scheduled__2024-02-01T00:00:00+00:00', '--job-id', '1008', '--raw', '--subdir', 'DAGS_FOLDER/Proyecto_SpaceX.py', '--cfg-path', '/tmp/tmpct1xvigb']
[2024-05-09T21:01:05.989+0000] {standard_task_runner.py:91} INFO - Job 1008: Subtask Confirmacion_NASA
[2024-05-09T21:01:06.039+0000] {task_command.py:426} INFO - Running <TaskInstance: Proyecto_SpaceX.Confirmacion_NASA scheduled__2024-02-01T00:00:00+00:00 [running]> on host 7a81a983afb0
[2024-05-09T21:01:06.114+0000] {taskinstance.py:2648} INFO - Exporting env vars: AIRFLOW_CTX_DAG_OWNER='***' AIRFLOW_CTX_DAG_ID='Proyecto_SpaceX' AIRFLOW_CTX_TASK_ID='Confirmacion_NASA' AIRFLOW_CTX_EXECUTION_DATE='2024-02-01T00:00:00+00:00' AIRFLOW_CTX_TRY_NUMBER='1' AIRFLOW_CTX_DAG_RUN_ID='scheduled__2024-02-01T00:00:00+00:00'
[2024-05-09T21:01:06.116+0000] {taskinstance.py:430} INFO - ::endgroup::
[2024-05-09T21:01:06.129+0000] {subprocess.py:63} INFO - Tmp dir root location: /tmp
[2024-05-09T21:01:06.130+0000] {subprocess.py:75} INFO - Running command: ['/usr/bin/bash', '-c', "sleep 20 && echo 'Confirmación, puede proceder' > /tmp/response_20240201.txt"]
[2024-05-09T21:01:06.140+0000] {subprocess.py:86} INFO - Output:
[2024-05-09T21:01:26.144+0000] {subprocess.py:97} INFO - Command exited with return code 0
[2024-05-09T21:01:26.146+0000] {taskinstance.py:441} INFO - ::group::Post task execution logs
[2024-05-09T21:01:26.178+0000] {taskinstance.py:1206} INFO - Marking task as SUCCESS. dag_id=Proyecto_SpaceX, task_id=Confirmacion_NASA, run_id=scheduled__2024-02-01T00:00:00+00:00, execution_date=20240201T000000, start_date=20240509T210105, end_date=20240509T210126
[2024-05-09T21:01:26.200+0000] {local_task_job_runner.py:240} INFO - Task exited with return code 0
[2024-05-09T21:01:26.224+0000] {taskinstance.py:3498} INFO - 1 downstream tasks scheduled from follow-on schedule check
[2024-05-09T21:01:26.227+0000] {local_task_job_runner.py:222} INFO - ::endgroup::
