[2024-05-09T20:19:49.108+0000] {local_task_job_runner.py:120} INFO - ::group::Pre task execution logs
[2024-05-09T20:19:49.125+0000] {taskinstance.py:2076} INFO - Dependencies all met for dep_context=non-requeueable deps ti=<TaskInstance: Proyecto_SpaceX.Confirmacion_NASA scheduled__2024-02-01T00:00:00+00:00 [queued]>
[2024-05-09T20:19:49.133+0000] {taskinstance.py:2076} INFO - Dependencies all met for dep_context=requeueable deps ti=<TaskInstance: Proyecto_SpaceX.Confirmacion_NASA scheduled__2024-02-01T00:00:00+00:00 [queued]>
[2024-05-09T20:19:49.134+0000] {taskinstance.py:2306} INFO - Starting attempt 4 of 6
[2024-05-09T20:19:49.270+0000] {taskinstance.py:2330} INFO - Executing <Task(BashOperator): Confirmacion_NASA> on 2024-02-01 00:00:00+00:00
[2024-05-09T20:19:49.275+0000] {warnings.py:110} WARNING - /home/***/.local/lib/python3.12/site-packages/***/task/task_runner/standard_task_runner.py:61: DeprecationWarning: This process (pid=1533) is multi-threaded, use of fork() may lead to deadlocks in the child.
  pid = os.fork()

[2024-05-09T20:19:49.277+0000] {standard_task_runner.py:63} INFO - Started process 1535 to run task
[2024-05-09T20:19:49.276+0000] {standard_task_runner.py:90} INFO - Running: ['***', 'tasks', 'run', 'Proyecto_SpaceX', 'Confirmacion_NASA', 'scheduled__2024-02-01T00:00:00+00:00', '--job-id', '990', '--raw', '--subdir', 'DAGS_FOLDER/Proyecto_SpaceX.py', '--cfg-path', '/tmp/tmpv4dnbd74']
[2024-05-09T20:19:49.278+0000] {standard_task_runner.py:91} INFO - Job 990: Subtask Confirmacion_NASA
[2024-05-09T20:19:49.315+0000] {task_command.py:426} INFO - Running <TaskInstance: Proyecto_SpaceX.Confirmacion_NASA scheduled__2024-02-01T00:00:00+00:00 [running]> on host 7a81a983afb0
[2024-05-09T20:19:49.373+0000] {taskinstance.py:2648} INFO - Exporting env vars: AIRFLOW_CTX_DAG_OWNER='***' AIRFLOW_CTX_DAG_ID='Proyecto_SpaceX' AIRFLOW_CTX_TASK_ID='Confirmacion_NASA' AIRFLOW_CTX_EXECUTION_DATE='2024-02-01T00:00:00+00:00' AIRFLOW_CTX_TRY_NUMBER='4' AIRFLOW_CTX_DAG_RUN_ID='scheduled__2024-02-01T00:00:00+00:00'
[2024-05-09T20:19:49.375+0000] {taskinstance.py:430} INFO - ::endgroup::
[2024-05-09T20:19:49.385+0000] {subprocess.py:63} INFO - Tmp dir root location: /tmp
[2024-05-09T20:19:49.386+0000] {subprocess.py:75} INFO - Running command: ['/usr/bin/bash', '-c', "sleep 20 && echo 'Confirmación, puede proceder' > /tmp/response_20240201.txt"]
[2024-05-09T20:19:49.394+0000] {subprocess.py:86} INFO - Output:
[2024-05-09T20:20:09.396+0000] {subprocess.py:97} INFO - Command exited with return code 0
[2024-05-09T20:20:09.398+0000] {taskinstance.py:441} INFO - ::group::Post task execution logs
[2024-05-09T20:20:09.418+0000] {taskinstance.py:1206} INFO - Marking task as SUCCESS. dag_id=Proyecto_SpaceX, task_id=Confirmacion_NASA, run_id=scheduled__2024-02-01T00:00:00+00:00, execution_date=20240201T000000, start_date=20240509T201949, end_date=20240509T202009
[2024-05-09T20:20:09.445+0000] {local_task_job_runner.py:240} INFO - Task exited with return code 0
[2024-05-09T20:20:09.466+0000] {taskinstance.py:3498} INFO - 1 downstream tasks scheduled from follow-on schedule check
[2024-05-09T20:20:09.470+0000] {local_task_job_runner.py:222} INFO - ::endgroup::
[2024-05-10T05:54:45.337+0000] {local_task_job_runner.py:120} INFO - ::group::Pre task execution logs
[2024-05-10T05:54:45.355+0000] {taskinstance.py:2076} INFO - Dependencies all met for dep_context=non-requeueable deps ti=<TaskInstance: Proyecto_SpaceX.Confirmacion_NASA scheduled__2024-02-01T00:00:00+00:00 [queued]>
[2024-05-10T05:54:45.363+0000] {taskinstance.py:2076} INFO - Dependencies all met for dep_context=requeueable deps ti=<TaskInstance: Proyecto_SpaceX.Confirmacion_NASA scheduled__2024-02-01T00:00:00+00:00 [queued]>
[2024-05-10T05:54:45.364+0000] {taskinstance.py:2306} INFO - Starting attempt 4 of 6
[2024-05-10T05:54:45.494+0000] {taskinstance.py:2330} INFO - Executing <Task(BashOperator): Confirmacion_NASA> on 2024-02-01 00:00:00+00:00
[2024-05-10T05:54:45.501+0000] {warnings.py:110} WARNING - /home/***/.local/lib/python3.12/site-packages/***/task/task_runner/standard_task_runner.py:61: DeprecationWarning: This process (pid=730) is multi-threaded, use of fork() may lead to deadlocks in the child.
  pid = os.fork()

[2024-05-10T05:54:45.502+0000] {standard_task_runner.py:63} INFO - Started process 732 to run task
[2024-05-10T05:54:45.503+0000] {standard_task_runner.py:90} INFO - Running: ['***', 'tasks', 'run', 'Proyecto_SpaceX', 'Confirmacion_NASA', 'scheduled__2024-02-01T00:00:00+00:00', '--job-id', '1064', '--raw', '--subdir', 'DAGS_FOLDER/Proyecto_SpaceX.py', '--cfg-path', '/tmp/tmptct0jb8t']
[2024-05-10T05:54:45.505+0000] {standard_task_runner.py:91} INFO - Job 1064: Subtask Confirmacion_NASA
[2024-05-10T05:54:45.545+0000] {task_command.py:426} INFO - Running <TaskInstance: Proyecto_SpaceX.Confirmacion_NASA scheduled__2024-02-01T00:00:00+00:00 [running]> on host 1b7f0b10dd99
[2024-05-10T05:54:45.613+0000] {taskinstance.py:2648} INFO - Exporting env vars: AIRFLOW_CTX_DAG_OWNER='***' AIRFLOW_CTX_DAG_ID='Proyecto_SpaceX' AIRFLOW_CTX_TASK_ID='Confirmacion_NASA' AIRFLOW_CTX_EXECUTION_DATE='2024-02-01T00:00:00+00:00' AIRFLOW_CTX_TRY_NUMBER='4' AIRFLOW_CTX_DAG_RUN_ID='scheduled__2024-02-01T00:00:00+00:00'
[2024-05-10T05:54:45.614+0000] {taskinstance.py:430} INFO - ::endgroup::
[2024-05-10T05:54:45.625+0000] {subprocess.py:63} INFO - Tmp dir root location: /tmp
[2024-05-10T05:54:45.626+0000] {subprocess.py:75} INFO - Running command: ['/usr/bin/bash', '-c', "sleep 20 && echo 'Confirmación, puede proceder' > /tmp/response_20240201.txt"]
[2024-05-10T05:54:45.636+0000] {subprocess.py:86} INFO - Output:
[2024-05-10T05:55:05.639+0000] {subprocess.py:97} INFO - Command exited with return code 0
[2024-05-10T05:55:05.640+0000] {taskinstance.py:441} INFO - ::group::Post task execution logs
[2024-05-10T05:55:05.664+0000] {taskinstance.py:1206} INFO - Marking task as SUCCESS. dag_id=Proyecto_SpaceX, task_id=Confirmacion_NASA, run_id=scheduled__2024-02-01T00:00:00+00:00, execution_date=20240201T000000, start_date=20240510T055445, end_date=20240510T055505
[2024-05-10T05:55:05.720+0000] {local_task_job_runner.py:240} INFO - Task exited with return code 0
[2024-05-10T05:55:05.744+0000] {taskinstance.py:3498} INFO - 1 downstream tasks scheduled from follow-on schedule check
[2024-05-10T05:55:05.749+0000] {local_task_job_runner.py:222} INFO - ::endgroup::
