[2024-05-10T06:14:44.725+0000] {local_task_job_runner.py:120} INFO - ::group::Pre task execution logs
[2024-05-10T06:14:44.745+0000] {taskinstance.py:2076} INFO - Dependencies all met for dep_context=non-requeueable deps ti=<TaskInstance: Proyecto_SpaceX_v1.Visualizar_Respuesta_Satelite scheduled__2024-03-08T00:00:00+00:00 [queued]>
[2024-05-10T06:14:44.752+0000] {taskinstance.py:2076} INFO - Dependencies all met for dep_context=requeueable deps ti=<TaskInstance: Proyecto_SpaceX_v1.Visualizar_Respuesta_Satelite scheduled__2024-03-08T00:00:00+00:00 [queued]>
[2024-05-10T06:14:44.792+0000] {taskinstance.py:2306} INFO - Starting attempt 1 of 1
[2024-05-10T06:14:44.914+0000] {taskinstance.py:2330} INFO - Executing <Task(BashOperator): Visualizar_Respuesta_Satelite> on 2024-03-08 00:00:00+00:00
[2024-05-10T06:14:44.925+0000] {warnings.py:110} WARNING - /home/***/.local/lib/python3.12/site-packages/***/task/task_runner/standard_task_runner.py:61: DeprecationWarning: This process (pid=1523) is multi-threaded, use of fork() may lead to deadlocks in the child.
  pid = os.fork()

[2024-05-10T06:14:44.927+0000] {standard_task_runner.py:63} INFO - Started process 1525 to run task
[2024-05-10T06:14:44.926+0000] {standard_task_runner.py:90} INFO - Running: ['***', 'tasks', 'run', 'Proyecto_SpaceX_v1', 'Visualizar_Respuesta_Satelite', 'scheduled__2024-03-08T00:00:00+00:00', '--job-id', '1187', '--raw', '--subdir', 'DAGS_FOLDER/Proyecto_SpaceX_v1.py', '--cfg-path', '/tmp/tmpif5qjwqz']
[2024-05-10T06:14:44.929+0000] {standard_task_runner.py:91} INFO - Job 1187: Subtask Visualizar_Respuesta_Satelite
[2024-05-10T06:14:45.377+0000] {task_command.py:426} INFO - Running <TaskInstance: Proyecto_SpaceX_v1.Visualizar_Respuesta_Satelite scheduled__2024-03-08T00:00:00+00:00 [running]> on host 1b7f0b10dd99
[2024-05-10T06:14:45.914+0000] {taskinstance.py:2648} INFO - Exporting env vars: AIRFLOW_CTX_DAG_OWNER='***' AIRFLOW_CTX_DAG_ID='Proyecto_SpaceX_v1' AIRFLOW_CTX_TASK_ID='Visualizar_Respuesta_Satelite' AIRFLOW_CTX_EXECUTION_DATE='2024-03-08T00:00:00+00:00' AIRFLOW_CTX_TRY_NUMBER='1' AIRFLOW_CTX_DAG_RUN_ID='scheduled__2024-03-08T00:00:00+00:00'
[2024-05-10T06:14:45.916+0000] {taskinstance.py:430} INFO - ::endgroup::
[2024-05-10T06:14:45.927+0000] {subprocess.py:63} INFO - Tmp dir root location: /tmp
[2024-05-10T06:14:45.929+0000] {subprocess.py:75} INFO - Running command: ['/usr/bin/bash', '-c', 'ls /tmp && head /tmp/platzi_data_20240308.csv']
[2024-05-10T06:14:45.939+0000] {subprocess.py:86} INFO - Output:
[2024-05-10T06:14:45.942+0000] {subprocess.py:93} INFO - ***tmp_cada0me
[2024-05-10T06:14:45.943+0000] {subprocess.py:93} INFO - history.json
[2024-05-10T06:14:45.944+0000] {subprocess.py:93} INFO - platzi_data_20231125.csv
[2024-05-10T06:14:45.945+0000] {subprocess.py:93} INFO - platzi_data_20231126.csv
[2024-05-10T06:14:45.946+0000] {subprocess.py:93} INFO - platzi_data_20231127.csv
[2024-05-10T06:14:45.946+0000] {subprocess.py:93} INFO - platzi_data_20240101.csv
[2024-05-10T06:14:45.947+0000] {subprocess.py:93} INFO - platzi_data_20240201.csv
[2024-05-10T06:14:45.947+0000] {subprocess.py:93} INFO - platzi_data_20240301.csv
[2024-05-10T06:14:45.948+0000] {subprocess.py:93} INFO - platzi_data_20240302.csv
[2024-05-10T06:14:45.949+0000] {subprocess.py:93} INFO - platzi_data_20240303.csv
[2024-05-10T06:14:45.950+0000] {subprocess.py:93} INFO - platzi_data_20240304.csv
[2024-05-10T06:14:45.950+0000] {subprocess.py:93} INFO - platzi_data_20240305.csv
[2024-05-10T06:14:45.951+0000] {subprocess.py:93} INFO - platzi_data_20240306.csv
[2024-05-10T06:14:45.952+0000] {subprocess.py:93} INFO - platzi_data_20240307.csv
[2024-05-10T06:14:45.953+0000] {subprocess.py:93} INFO - platzi_data_20240308.csv
[2024-05-10T06:14:45.954+0000] {subprocess.py:93} INFO - pymp-uyxtzsi7
[2024-05-10T06:14:45.956+0000] {subprocess.py:93} INFO - response_20231125.txt
[2024-05-10T06:14:45.957+0000] {subprocess.py:93} INFO - response_20231126.txt
[2024-05-10T06:14:45.959+0000] {subprocess.py:93} INFO - response_20231127.txt
[2024-05-10T06:14:45.961+0000] {subprocess.py:93} INFO - response_20240101.txt
[2024-05-10T06:14:45.963+0000] {subprocess.py:93} INFO - response_20240201.txt
[2024-05-10T06:14:45.964+0000] {subprocess.py:93} INFO - response_20240301.txt
[2024-05-10T06:14:45.966+0000] {subprocess.py:93} INFO - response_20240302.txt
[2024-05-10T06:14:45.966+0000] {subprocess.py:93} INFO - response_20240303.txt
[2024-05-10T06:14:45.967+0000] {subprocess.py:93} INFO - response_20240304.txt
[2024-05-10T06:14:45.967+0000] {subprocess.py:93} INFO - response_20240305.txt
[2024-05-10T06:14:45.968+0000] {subprocess.py:93} INFO - response_20240306.txt
[2024-05-10T06:14:45.969+0000] {subprocess.py:93} INFO - response_20240307.txt
[2024-05-10T06:14:45.969+0000] {subprocess.py:93} INFO - response_20240308.txt
[2024-05-10T06:14:45.970+0000] {subprocess.py:93} INFO - Student,timestamp
[2024-05-10T06:14:45.971+0000] {subprocess.py:93} INFO - Maria Cruz,2024-03-08 00:00:00+00:00
[2024-05-10T06:14:45.971+0000] {subprocess.py:93} INFO - Daniel Crema,2024-03-08 00:00:00+00:00
[2024-05-10T06:14:45.972+0000] {subprocess.py:93} INFO - Elon Musk,2024-03-08 00:00:00+00:00
[2024-05-10T06:14:45.972+0000] {subprocess.py:93} INFO - Karol Castrejon,2024-03-08 00:00:00+00:00
[2024-05-10T06:14:45.973+0000] {subprocess.py:93} INFO - Freddy Vega,2024-03-08 00:00:00+00:00
[2024-05-10T06:14:45.974+0000] {subprocess.py:93} INFO - Felipe Duque,2024-03-08 00:00:00+00:00
[2024-05-10T06:14:45.975+0000] {subprocess.py:97} INFO - Command exited with return code 0
[2024-05-10T06:14:45.976+0000] {taskinstance.py:441} INFO - ::group::Post task execution logs
[2024-05-10T06:14:46.151+0000] {taskinstance.py:1206} INFO - Marking task as SUCCESS. dag_id=Proyecto_SpaceX_v1, task_id=Visualizar_Respuesta_Satelite, run_id=scheduled__2024-03-08T00:00:00+00:00, execution_date=20240308T000000, start_date=20240510T061444, end_date=20240510T061446
[2024-05-10T06:14:46.267+0000] {local_task_job_runner.py:240} INFO - Task exited with return code 0
[2024-05-10T06:14:46.280+0000] {local_task_job_runner.py:222} INFO - ::endgroup::
