[2024-05-07T23:41:21.979+0000] {local_task_job_runner.py:120} INFO - ::group::Pre task execution logs
[2024-05-07T23:41:22.009+0000] {taskinstance.py:2076} INFO - Dependencies all met for dep_context=non-requeueable deps ti=<TaskInstance: 5.1_orquestacion.tarea4 scheduled__2024-03-09T00:00:00+00:00 [queued]>
[2024-05-07T23:41:22.021+0000] {taskinstance.py:2076} INFO - Dependencies all met for dep_context=requeueable deps ti=<TaskInstance: 5.1_orquestacion.tarea4 scheduled__2024-03-09T00:00:00+00:00 [queued]>
[2024-05-07T23:41:22.022+0000] {taskinstance.py:2306} INFO - Starting attempt 1 of 1
[2024-05-07T23:41:22.039+0000] {taskinstance.py:2330} INFO - Executing <Task(BashOperator): tarea4> on 2024-03-09 00:00:00+00:00
[2024-05-07T23:41:22.045+0000] {warnings.py:110} WARNING - /home/***/.local/lib/python3.12/site-packages/***/task/task_runner/standard_task_runner.py:61: DeprecationWarning: This process (pid=2920) is multi-threaded, use of fork() may lead to deadlocks in the child.
  pid = os.fork()

[2024-05-07T23:41:22.046+0000] {standard_task_runner.py:90} INFO - Running: ['***', 'tasks', 'run', '5.1_orquestacion', 'tarea4', 'scheduled__2024-03-09T00:00:00+00:00', '--job-id', '95', '--raw', '--subdir', 'DAGS_FOLDER/051_orquestacion.py', '--cfg-path', '/tmp/tmpuc7aobfg']
[2024-05-07T23:41:22.047+0000] {standard_task_runner.py:63} INFO - Started process 2926 to run task
[2024-05-07T23:41:22.048+0000] {standard_task_runner.py:91} INFO - Job 95: Subtask tarea4
[2024-05-07T23:41:22.093+0000] {task_command.py:426} INFO - Running <TaskInstance: 5.1_orquestacion.tarea4 scheduled__2024-03-09T00:00:00+00:00 [running]> on host 521bf890d837
[2024-05-07T23:41:22.178+0000] {taskinstance.py:2648} INFO - Exporting env vars: AIRFLOW_CTX_DAG_OWNER='***' AIRFLOW_CTX_DAG_ID='5.1_orquestacion' AIRFLOW_CTX_TASK_ID='tarea4' AIRFLOW_CTX_EXECUTION_DATE='2024-03-09T00:00:00+00:00' AIRFLOW_CTX_TRY_NUMBER='1' AIRFLOW_CTX_DAG_RUN_ID='scheduled__2024-03-09T00:00:00+00:00'
[2024-05-07T23:41:22.179+0000] {taskinstance.py:430} INFO - ::endgroup::
[2024-05-07T23:41:22.191+0000] {subprocess.py:63} INFO - Tmp dir root location: /tmp
[2024-05-07T23:41:22.192+0000] {subprocess.py:75} INFO - Running command: ['/usr/bin/bash', '-c', "sleep 2 && echo 'Tarea 4'"]
[2024-05-07T23:41:22.201+0000] {subprocess.py:86} INFO - Output:
[2024-05-07T23:41:24.204+0000] {subprocess.py:93} INFO - Tarea 4
[2024-05-07T23:41:24.205+0000] {subprocess.py:97} INFO - Command exited with return code 0
[2024-05-07T23:41:24.206+0000] {taskinstance.py:441} INFO - ::group::Post task execution logs
[2024-05-07T23:41:24.313+0000] {taskinstance.py:1206} INFO - Marking task as SUCCESS. dag_id=5.1_orquestacion, task_id=tarea4, run_id=scheduled__2024-03-09T00:00:00+00:00, execution_date=20240309T000000, start_date=20240507T234122, end_date=20240507T234124
[2024-05-07T23:41:24.396+0000] {local_task_job_runner.py:240} INFO - Task exited with return code 0
[2024-05-07T23:41:24.440+0000] {taskinstance.py:3498} INFO - 0 downstream tasks scheduled from follow-on schedule check
[2024-05-07T23:41:24.453+0000] {local_task_job_runner.py:222} INFO - ::endgroup::
[2024-05-07T23:46:54.468+0000] {local_task_job_runner.py:120} INFO - ::group::Pre task execution logs
[2024-05-07T23:46:54.490+0000] {taskinstance.py:2076} INFO - Dependencies all met for dep_context=non-requeueable deps ti=<TaskInstance: 5.1_orquestacion.tarea4 scheduled__2024-03-09T00:00:00+00:00 [queued]>
[2024-05-07T23:46:54.534+0000] {taskinstance.py:2076} INFO - Dependencies all met for dep_context=requeueable deps ti=<TaskInstance: 5.1_orquestacion.tarea4 scheduled__2024-03-09T00:00:00+00:00 [queued]>
[2024-05-07T23:46:54.535+0000] {taskinstance.py:2306} INFO - Starting attempt 1 of 1
[2024-05-07T23:46:54.583+0000] {taskinstance.py:2330} INFO - Executing <Task(BashOperator): tarea4> on 2024-03-09 00:00:00+00:00
[2024-05-07T23:46:54.589+0000] {warnings.py:110} WARNING - /home/***/.local/lib/python3.12/site-packages/***/task/task_runner/standard_task_runner.py:61: DeprecationWarning: This process (pid=3497) is multi-threaded, use of fork() may lead to deadlocks in the child.
  pid = os.fork()

[2024-05-07T23:46:54.595+0000] {standard_task_runner.py:63} INFO - Started process 3499 to run task
[2024-05-07T23:46:54.594+0000] {standard_task_runner.py:90} INFO - Running: ['***', 'tasks', 'run', '5.1_orquestacion', 'tarea4', 'scheduled__2024-03-09T00:00:00+00:00', '--job-id', '219', '--raw', '--subdir', 'DAGS_FOLDER/051_orquestacion.py', '--cfg-path', '/tmp/tmpqgcg9sdv']
[2024-05-07T23:46:54.603+0000] {standard_task_runner.py:91} INFO - Job 219: Subtask tarea4
[2024-05-07T23:46:54.668+0000] {task_command.py:426} INFO - Running <TaskInstance: 5.1_orquestacion.tarea4 scheduled__2024-03-09T00:00:00+00:00 [running]> on host 521bf890d837
[2024-05-07T23:46:54.742+0000] {taskinstance.py:2648} INFO - Exporting env vars: AIRFLOW_CTX_DAG_OWNER='***' AIRFLOW_CTX_DAG_ID='5.1_orquestacion' AIRFLOW_CTX_TASK_ID='tarea4' AIRFLOW_CTX_EXECUTION_DATE='2024-03-09T00:00:00+00:00' AIRFLOW_CTX_TRY_NUMBER='1' AIRFLOW_CTX_DAG_RUN_ID='scheduled__2024-03-09T00:00:00+00:00'
[2024-05-07T23:46:54.743+0000] {taskinstance.py:430} INFO - ::endgroup::
[2024-05-07T23:46:54.757+0000] {subprocess.py:63} INFO - Tmp dir root location: /tmp
[2024-05-07T23:46:54.758+0000] {subprocess.py:75} INFO - Running command: ['/usr/bin/bash', '-c', "sleep 2 && echo 'Tarea 4'"]
[2024-05-07T23:46:54.767+0000] {subprocess.py:86} INFO - Output:
[2024-05-07T23:46:56.772+0000] {subprocess.py:93} INFO - Tarea 4
[2024-05-07T23:46:56.776+0000] {subprocess.py:97} INFO - Command exited with return code 0
[2024-05-07T23:46:56.777+0000] {taskinstance.py:441} INFO - ::group::Post task execution logs
[2024-05-07T23:46:56.866+0000] {taskinstance.py:1206} INFO - Marking task as SUCCESS. dag_id=5.1_orquestacion, task_id=tarea4, run_id=scheduled__2024-03-09T00:00:00+00:00, execution_date=20240309T000000, start_date=20240507T234654, end_date=20240507T234656
[2024-05-07T23:46:56.911+0000] {local_task_job_runner.py:240} INFO - Task exited with return code 0
[2024-05-07T23:46:56.924+0000] {taskinstance.py:3498} INFO - 0 downstream tasks scheduled from follow-on schedule check
[2024-05-07T23:46:56.932+0000] {local_task_job_runner.py:222} INFO - ::endgroup::
