[2024-05-07T23:42:09.263+0000] {local_task_job_runner.py:120} INFO - ::group::Pre task execution logs
[2024-05-07T23:42:09.292+0000] {taskinstance.py:2076} INFO - Dependencies all met for dep_context=non-requeueable deps ti=<TaskInstance: 5.1_orquestacion.tarea3 scheduled__2024-03-22T00:00:00+00:00 [queued]>
[2024-05-07T23:42:09.304+0000] {taskinstance.py:2076} INFO - Dependencies all met for dep_context=requeueable deps ti=<TaskInstance: 5.1_orquestacion.tarea3 scheduled__2024-03-22T00:00:00+00:00 [queued]>
[2024-05-07T23:42:09.305+0000] {taskinstance.py:2306} INFO - Starting attempt 1 of 1
[2024-05-07T23:42:09.321+0000] {taskinstance.py:2330} INFO - Executing <Task(BashOperator): tarea3> on 2024-03-22 00:00:00+00:00
[2024-05-07T23:42:09.327+0000] {warnings.py:110} WARNING - /home/***/.local/lib/python3.12/site-packages/***/task/task_runner/standard_task_runner.py:61: DeprecationWarning: This process (pid=3144) is multi-threaded, use of fork() may lead to deadlocks in the child.
  pid = os.fork()

[2024-05-07T23:42:09.328+0000] {standard_task_runner.py:63} INFO - Started process 3145 to run task
[2024-05-07T23:42:09.328+0000] {standard_task_runner.py:90} INFO - Running: ['***', 'tasks', 'run', '5.1_orquestacion', 'tarea3', 'scheduled__2024-03-22T00:00:00+00:00', '--job-id', '145', '--raw', '--subdir', 'DAGS_FOLDER/051_orquestacion.py', '--cfg-path', '/tmp/tmp1b5aaqow']
[2024-05-07T23:42:09.330+0000] {standard_task_runner.py:91} INFO - Job 145: Subtask tarea3
[2024-05-07T23:42:09.377+0000] {task_command.py:426} INFO - Running <TaskInstance: 5.1_orquestacion.tarea3 scheduled__2024-03-22T00:00:00+00:00 [running]> on host 521bf890d837
[2024-05-07T23:42:09.462+0000] {taskinstance.py:2648} INFO - Exporting env vars: AIRFLOW_CTX_DAG_OWNER='***' AIRFLOW_CTX_DAG_ID='5.1_orquestacion' AIRFLOW_CTX_TASK_ID='tarea3' AIRFLOW_CTX_EXECUTION_DATE='2024-03-22T00:00:00+00:00' AIRFLOW_CTX_TRY_NUMBER='1' AIRFLOW_CTX_DAG_RUN_ID='scheduled__2024-03-22T00:00:00+00:00'
[2024-05-07T23:42:09.463+0000] {taskinstance.py:430} INFO - ::endgroup::
[2024-05-07T23:42:09.476+0000] {subprocess.py:63} INFO - Tmp dir root location: /tmp
[2024-05-07T23:42:09.477+0000] {subprocess.py:75} INFO - Running command: ['/usr/bin/bash', '-c', "sleep 2 && echo 'Tarea 3'"]
[2024-05-07T23:42:09.486+0000] {subprocess.py:86} INFO - Output:
[2024-05-07T23:42:11.492+0000] {subprocess.py:93} INFO - Tarea 3
[2024-05-07T23:42:11.497+0000] {subprocess.py:97} INFO - Command exited with return code 0
[2024-05-07T23:42:11.502+0000] {taskinstance.py:441} INFO - ::group::Post task execution logs
[2024-05-07T23:42:11.610+0000] {taskinstance.py:1206} INFO - Marking task as SUCCESS. dag_id=5.1_orquestacion, task_id=tarea3, run_id=scheduled__2024-03-22T00:00:00+00:00, execution_date=20240322T000000, start_date=20240507T234209, end_date=20240507T234211
[2024-05-07T23:42:11.638+0000] {local_task_job_runner.py:240} INFO - Task exited with return code 0
[2024-05-07T23:42:11.655+0000] {taskinstance.py:3498} INFO - 0 downstream tasks scheduled from follow-on schedule check
[2024-05-07T23:42:11.659+0000] {local_task_job_runner.py:222} INFO - ::endgroup::
[2024-05-07T23:49:22.639+0000] {local_task_job_runner.py:120} INFO - ::group::Pre task execution logs
[2024-05-07T23:49:22.661+0000] {taskinstance.py:2076} INFO - Dependencies all met for dep_context=non-requeueable deps ti=<TaskInstance: 5.1_orquestacion.tarea3 scheduled__2024-03-22T00:00:00+00:00 [queued]>
[2024-05-07T23:49:22.671+0000] {taskinstance.py:2076} INFO - Dependencies all met for dep_context=requeueable deps ti=<TaskInstance: 5.1_orquestacion.tarea3 scheduled__2024-03-22T00:00:00+00:00 [queued]>
[2024-05-07T23:49:22.671+0000] {taskinstance.py:2306} INFO - Starting attempt 1 of 1
[2024-05-07T23:49:22.684+0000] {taskinstance.py:2330} INFO - Executing <Task(BashOperator): tarea3> on 2024-03-22 00:00:00+00:00
[2024-05-07T23:49:22.690+0000] {warnings.py:110} WARNING - /home/***/.local/lib/python3.12/site-packages/***/task/task_runner/standard_task_runner.py:61: DeprecationWarning: This process (pid=3740) is multi-threaded, use of fork() may lead to deadlocks in the child.
  pid = os.fork()

[2024-05-07T23:49:22.692+0000] {standard_task_runner.py:63} INFO - Started process 3742 to run task
[2024-05-07T23:49:22.691+0000] {standard_task_runner.py:90} INFO - Running: ['***', 'tasks', 'run', '5.1_orquestacion', 'tarea3', 'scheduled__2024-03-22T00:00:00+00:00', '--job-id', '272', '--raw', '--subdir', 'DAGS_FOLDER/051_orquestacion.py', '--cfg-path', '/tmp/tmplerh1mvi']
[2024-05-07T23:49:22.693+0000] {standard_task_runner.py:91} INFO - Job 272: Subtask tarea3
[2024-05-07T23:49:22.735+0000] {task_command.py:426} INFO - Running <TaskInstance: 5.1_orquestacion.tarea3 scheduled__2024-03-22T00:00:00+00:00 [running]> on host 521bf890d837
[2024-05-07T23:49:22.817+0000] {taskinstance.py:2648} INFO - Exporting env vars: AIRFLOW_CTX_DAG_OWNER='***' AIRFLOW_CTX_DAG_ID='5.1_orquestacion' AIRFLOW_CTX_TASK_ID='tarea3' AIRFLOW_CTX_EXECUTION_DATE='2024-03-22T00:00:00+00:00' AIRFLOW_CTX_TRY_NUMBER='1' AIRFLOW_CTX_DAG_RUN_ID='scheduled__2024-03-22T00:00:00+00:00'
[2024-05-07T23:49:22.818+0000] {taskinstance.py:430} INFO - ::endgroup::
[2024-05-07T23:49:22.827+0000] {subprocess.py:63} INFO - Tmp dir root location: /tmp
[2024-05-07T23:49:22.828+0000] {subprocess.py:75} INFO - Running command: ['/usr/bin/bash', '-c', "sleep 2 && echo 'Tarea 3'"]
[2024-05-07T23:49:22.835+0000] {subprocess.py:86} INFO - Output:
[2024-05-07T23:49:24.838+0000] {subprocess.py:93} INFO - Tarea 3
[2024-05-07T23:49:24.848+0000] {subprocess.py:97} INFO - Command exited with return code 0
[2024-05-07T23:49:24.854+0000] {taskinstance.py:441} INFO - ::group::Post task execution logs
[2024-05-07T23:49:24.890+0000] {taskinstance.py:1206} INFO - Marking task as SUCCESS. dag_id=5.1_orquestacion, task_id=tarea3, run_id=scheduled__2024-03-22T00:00:00+00:00, execution_date=20240322T000000, start_date=20240507T234922, end_date=20240507T234924
[2024-05-07T23:49:24.957+0000] {local_task_job_runner.py:240} INFO - Task exited with return code 0
[2024-05-07T23:49:24.969+0000] {taskinstance.py:3498} INFO - 0 downstream tasks scheduled from follow-on schedule check
[2024-05-07T23:49:24.972+0000] {local_task_job_runner.py:222} INFO - ::endgroup::
