[2024-05-08T19:41:19.786+0000] {local_task_job_runner.py:120} INFO - ::group::Pre task execution logs
[2024-05-08T19:41:19.803+0000] {taskinstance.py:2076} INFO - Dependencies all met for dep_context=non-requeueable deps ti=<TaskInstance: 7.3_filesensor.creating_file scheduled__2022-05-08T00:00:00+00:00 [queued]>
[2024-05-08T19:41:19.809+0000] {taskinstance.py:2076} INFO - Dependencies all met for dep_context=requeueable deps ti=<TaskInstance: 7.3_filesensor.creating_file scheduled__2022-05-08T00:00:00+00:00 [queued]>
[2024-05-08T19:41:19.810+0000] {taskinstance.py:2306} INFO - Starting attempt 1 of 1
[2024-05-08T19:41:19.821+0000] {taskinstance.py:2330} INFO - Executing <Task(BashOperator): creating_file> on 2022-05-08 00:00:00+00:00
[2024-05-08T19:41:19.826+0000] {warnings.py:110} WARNING - /home/***/.local/lib/python3.12/site-packages/***/task/task_runner/standard_task_runner.py:61: DeprecationWarning: This process (pid=1697) is multi-threaded, use of fork() may lead to deadlocks in the child.
  pid = os.fork()

[2024-05-08T19:41:19.827+0000] {standard_task_runner.py:63} INFO - Started process 1698 to run task
[2024-05-08T19:41:19.827+0000] {standard_task_runner.py:90} INFO - Running: ['***', 'tasks', 'run', '7.3_filesensor', 'creating_file', 'scheduled__2022-05-08T00:00:00+00:00', '--job-id', '591', '--raw', '--subdir', 'DAGS_FOLDER/07_FileSensor.py', '--cfg-path', '/tmp/tmphx2kb0rw']
[2024-05-08T19:41:19.828+0000] {standard_task_runner.py:91} INFO - Job 591: Subtask creating_file
[2024-05-08T19:41:19.869+0000] {task_command.py:426} INFO - Running <TaskInstance: 7.3_filesensor.creating_file scheduled__2022-05-08T00:00:00+00:00 [running]> on host ccc314eb571d
[2024-05-08T19:41:19.929+0000] {taskinstance.py:2648} INFO - Exporting env vars: AIRFLOW_CTX_DAG_OWNER='***' AIRFLOW_CTX_DAG_ID='7.3_filesensor' AIRFLOW_CTX_TASK_ID='creating_file' AIRFLOW_CTX_EXECUTION_DATE='2022-05-08T00:00:00+00:00' AIRFLOW_CTX_TRY_NUMBER='1' AIRFLOW_CTX_DAG_RUN_ID='scheduled__2022-05-08T00:00:00+00:00'
[2024-05-08T19:41:19.930+0000] {taskinstance.py:430} INFO - ::endgroup::
[2024-05-08T19:41:19.939+0000] {subprocess.py:63} INFO - Tmp dir root location: /tmp
[2024-05-08T19:41:19.940+0000] {subprocess.py:75} INFO - Running command: ['/usr/bin/bash', '-c', "sleep 10 && touch /tmp/file.txt'"]
[2024-05-08T19:41:19.948+0000] {subprocess.py:86} INFO - Output:
[2024-05-08T19:41:19.950+0000] {subprocess.py:93} INFO - /usr/bin/bash: -c: line 1: unexpected EOF while looking for matching `''
[2024-05-08T19:41:19.954+0000] {subprocess.py:97} INFO - Command exited with return code 2
[2024-05-08T19:41:19.955+0000] {taskinstance.py:441} INFO - ::group::Post task execution logs
[2024-05-08T19:41:19.963+0000] {taskinstance.py:2905} ERROR - Task failed with exception
Traceback (most recent call last):
  File "/home/airflow/.local/lib/python3.12/site-packages/airflow/models/taskinstance.py", line 465, in _execute_task
    result = _execute_callable(context=context, **execute_callable_kwargs)
             ^^^^^^^^^^^^^^^^^^^^^^^^^^^^^^^^^^^^^^^^^^^^^^^^^^^^^^^^^^^^^
  File "/home/airflow/.local/lib/python3.12/site-packages/airflow/models/taskinstance.py", line 432, in _execute_callable
    return execute_callable(context=context, **execute_callable_kwargs)
           ^^^^^^^^^^^^^^^^^^^^^^^^^^^^^^^^^^^^^^^^^^^^^^^^^^^^^^^^^^^^
  File "/home/airflow/.local/lib/python3.12/site-packages/airflow/models/baseoperator.py", line 400, in wrapper
    return func(self, *args, **kwargs)
           ^^^^^^^^^^^^^^^^^^^^^^^^^^^
  File "/home/airflow/.local/lib/python3.12/site-packages/airflow/operators/bash.py", line 243, in execute
    raise AirflowException(
airflow.exceptions.AirflowException: Bash command failed. The command returned a non-zero exit code 2.
[2024-05-08T19:41:19.997+0000] {taskinstance.py:1206} INFO - Marking task as FAILED. dag_id=7.3_filesensor, task_id=creating_file, run_id=scheduled__2022-05-08T00:00:00+00:00, execution_date=20220508T000000, start_date=20240508T194119, end_date=20240508T194119
[2024-05-08T19:41:20.011+0000] {standard_task_runner.py:110} ERROR - Failed to execute job 591 for task creating_file (Bash command failed. The command returned a non-zero exit code 2.; 1698)
[2024-05-08T19:41:20.041+0000] {local_task_job_runner.py:240} INFO - Task exited with return code 1
[2024-05-08T19:41:20.065+0000] {taskinstance.py:3498} INFO - 0 downstream tasks scheduled from follow-on schedule check
[2024-05-08T19:41:20.070+0000] {local_task_job_runner.py:222} INFO - ::endgroup::
