[2024-05-10T06:20:49.274+0000] {local_task_job_runner.py:120} INFO - ::group::Pre task execution logs
[2024-05-10T06:20:49.419+0000] {taskinstance.py:2076} INFO - Dependencies all met for dep_context=non-requeueable deps ti=<TaskInstance: Proyecto_SpaceX_v1.Lectura_Datos_NASA scheduled__2024-03-19T00:00:00+00:00 [queued]>
[2024-05-10T06:20:49.426+0000] {taskinstance.py:2076} INFO - Dependencies all met for dep_context=requeueable deps ti=<TaskInstance: Proyecto_SpaceX_v1.Lectura_Datos_NASA scheduled__2024-03-19T00:00:00+00:00 [queued]>
[2024-05-10T06:20:49.427+0000] {taskinstance.py:2306} INFO - Starting attempt 1 of 1
[2024-05-10T06:20:49.440+0000] {taskinstance.py:2330} INFO - Executing <Task(BashOperator): Lectura_Datos_NASA> on 2024-03-19 00:00:00+00:00
[2024-05-10T06:20:49.446+0000] {warnings.py:110} WARNING - /home/***/.local/lib/python3.12/site-packages/***/task/task_runner/standard_task_runner.py:61: DeprecationWarning: This process (pid=1892) is multi-threaded, use of fork() may lead to deadlocks in the child.
  pid = os.fork()

[2024-05-10T06:20:49.448+0000] {standard_task_runner.py:63} INFO - Started process 1894 to run task
[2024-05-10T06:20:49.448+0000] {standard_task_runner.py:90} INFO - Running: ['***', 'tasks', 'run', 'Proyecto_SpaceX_v1', 'Lectura_Datos_NASA', 'scheduled__2024-03-19T00:00:00+00:00', '--job-id', '1254', '--raw', '--subdir', 'DAGS_FOLDER/Proyecto_SpaceX_v1.py', '--cfg-path', '/tmp/tmpuwvkejs0']
[2024-05-10T06:20:49.450+0000] {standard_task_runner.py:91} INFO - Job 1254: Subtask Lectura_Datos_NASA
[2024-05-10T06:20:49.488+0000] {task_command.py:426} INFO - Running <TaskInstance: Proyecto_SpaceX_v1.Lectura_Datos_NASA scheduled__2024-03-19T00:00:00+00:00 [running]> on host 1b7f0b10dd99
[2024-05-10T06:20:49.568+0000] {taskinstance.py:2648} INFO - Exporting env vars: AIRFLOW_CTX_DAG_OWNER='***' AIRFLOW_CTX_DAG_ID='Proyecto_SpaceX_v1' AIRFLOW_CTX_TASK_ID='Lectura_Datos_NASA' AIRFLOW_CTX_EXECUTION_DATE='2024-03-19T00:00:00+00:00' AIRFLOW_CTX_TRY_NUMBER='1' AIRFLOW_CTX_DAG_RUN_ID='scheduled__2024-03-19T00:00:00+00:00'
[2024-05-10T06:20:49.618+0000] {taskinstance.py:430} INFO - ::endgroup::
[2024-05-10T06:20:49.652+0000] {subprocess.py:63} INFO - Tmp dir root location: /tmp
[2024-05-10T06:20:49.659+0000] {subprocess.py:75} INFO - Running command: ['/usr/bin/bash', '-c', 'ls /tmp && head /tmp/response_20240319.txt']
[2024-05-10T06:20:49.671+0000] {subprocess.py:86} INFO - Output:
[2024-05-10T06:20:49.677+0000] {subprocess.py:93} INFO - ***tmp11rby6me
[2024-05-10T06:20:49.678+0000] {subprocess.py:93} INFO - history.json
[2024-05-10T06:20:49.678+0000] {subprocess.py:93} INFO - platzi_data_20231125.csv
[2024-05-10T06:20:49.679+0000] {subprocess.py:93} INFO - platzi_data_20231126.csv
[2024-05-10T06:20:49.681+0000] {subprocess.py:93} INFO - platzi_data_20231127.csv
[2024-05-10T06:20:49.682+0000] {subprocess.py:93} INFO - platzi_data_20240101.csv
[2024-05-10T06:20:49.688+0000] {subprocess.py:93} INFO - platzi_data_20240201.csv
[2024-05-10T06:20:49.696+0000] {subprocess.py:93} INFO - platzi_data_20240301.csv
[2024-05-10T06:20:49.697+0000] {subprocess.py:93} INFO - platzi_data_20240302.csv
[2024-05-10T06:20:49.698+0000] {subprocess.py:93} INFO - platzi_data_20240303.csv
[2024-05-10T06:20:49.699+0000] {subprocess.py:93} INFO - platzi_data_20240304.csv
[2024-05-10T06:20:49.700+0000] {subprocess.py:93} INFO - platzi_data_20240305.csv
[2024-05-10T06:20:49.701+0000] {subprocess.py:93} INFO - platzi_data_20240306.csv
[2024-05-10T06:20:49.702+0000] {subprocess.py:93} INFO - platzi_data_20240307.csv
[2024-05-10T06:20:49.703+0000] {subprocess.py:93} INFO - platzi_data_20240308.csv
[2024-05-10T06:20:49.704+0000] {subprocess.py:93} INFO - platzi_data_20240309.csv
[2024-05-10T06:20:49.705+0000] {subprocess.py:93} INFO - platzi_data_20240310.csv
[2024-05-10T06:20:49.706+0000] {subprocess.py:93} INFO - platzi_data_20240311.csv
[2024-05-10T06:20:49.707+0000] {subprocess.py:93} INFO - platzi_data_20240312.csv
[2024-05-10T06:20:49.708+0000] {subprocess.py:93} INFO - platzi_data_20240313.csv
[2024-05-10T06:20:49.709+0000] {subprocess.py:93} INFO - platzi_data_20240314.csv
[2024-05-10T06:20:49.710+0000] {subprocess.py:93} INFO - platzi_data_20240316.csv
[2024-05-10T06:20:49.712+0000] {subprocess.py:93} INFO - platzi_data_20240317.csv
[2024-05-10T06:20:49.713+0000] {subprocess.py:93} INFO - platzi_data_20240318.csv
[2024-05-10T06:20:49.714+0000] {subprocess.py:93} INFO - pymp-uyxtzsi7
[2024-05-10T06:20:49.715+0000] {subprocess.py:93} INFO - response_20231125.txt
[2024-05-10T06:20:49.716+0000] {subprocess.py:93} INFO - response_20231126.txt
[2024-05-10T06:20:49.718+0000] {subprocess.py:93} INFO - response_20231127.txt
[2024-05-10T06:20:49.719+0000] {subprocess.py:93} INFO - response_20240101.txt
[2024-05-10T06:20:49.720+0000] {subprocess.py:93} INFO - response_20240201.txt
[2024-05-10T06:20:49.722+0000] {subprocess.py:93} INFO - response_20240301.txt
[2024-05-10T06:20:49.723+0000] {subprocess.py:93} INFO - response_20240302.txt
[2024-05-10T06:20:49.724+0000] {subprocess.py:93} INFO - response_20240303.txt
[2024-05-10T06:20:49.725+0000] {subprocess.py:93} INFO - response_20240304.txt
[2024-05-10T06:20:49.726+0000] {subprocess.py:93} INFO - response_20240305.txt
[2024-05-10T06:20:49.727+0000] {subprocess.py:93} INFO - response_20240306.txt
[2024-05-10T06:20:49.728+0000] {subprocess.py:93} INFO - response_20240307.txt
[2024-05-10T06:20:49.729+0000] {subprocess.py:93} INFO - response_20240308.txt
[2024-05-10T06:20:49.730+0000] {subprocess.py:93} INFO - response_20240309.txt
[2024-05-10T06:20:49.730+0000] {subprocess.py:93} INFO - response_20240310.txt
[2024-05-10T06:20:49.731+0000] {subprocess.py:93} INFO - response_20240311.txt
[2024-05-10T06:20:49.732+0000] {subprocess.py:93} INFO - response_20240312.txt
[2024-05-10T06:20:49.733+0000] {subprocess.py:93} INFO - response_20240313.txt
[2024-05-10T06:20:49.734+0000] {subprocess.py:93} INFO - response_20240314.txt
[2024-05-10T06:20:49.735+0000] {subprocess.py:93} INFO - response_20240315.txt
[2024-05-10T06:20:49.736+0000] {subprocess.py:93} INFO - response_20240316.txt
[2024-05-10T06:20:49.737+0000] {subprocess.py:93} INFO - response_20240317.txt
[2024-05-10T06:20:49.738+0000] {subprocess.py:93} INFO - response_20240318.txt
[2024-05-10T06:20:49.739+0000] {subprocess.py:93} INFO - response_20240319.txt
[2024-05-10T06:20:49.740+0000] {subprocess.py:93} INFO - Confirmación, puede proceder
[2024-05-10T06:20:49.741+0000] {subprocess.py:97} INFO - Command exited with return code 0
[2024-05-10T06:20:49.742+0000] {taskinstance.py:441} INFO - ::group::Post task execution logs
[2024-05-10T06:20:49.777+0000] {taskinstance.py:1206} INFO - Marking task as SUCCESS. dag_id=Proyecto_SpaceX_v1, task_id=Lectura_Datos_NASA, run_id=scheduled__2024-03-19T00:00:00+00:00, execution_date=20240319T000000, start_date=20240510T062049, end_date=20240510T062049
[2024-05-10T06:20:49.866+0000] {local_task_job_runner.py:240} INFO - Task exited with return code 0
[2024-05-10T06:20:49.914+0000] {taskinstance.py:3498} INFO - 1 downstream tasks scheduled from follow-on schedule check
[2024-05-10T06:20:49.970+0000] {local_task_job_runner.py:222} INFO - ::endgroup::
