[2024-05-08T19:57:59.257+0000] {local_task_job_runner.py:120} INFO - ::group::Pre task execution logs
[2024-05-08T19:57:59.273+0000] {taskinstance.py:2076} INFO - Dependencies all met for dep_context=non-requeueable deps ti=<TaskInstance: 7.3_filesensor.waiting_file scheduled__2022-07-25T00:00:00+00:00 [queued]>
[2024-05-08T19:57:59.279+0000] {taskinstance.py:2076} INFO - Dependencies all met for dep_context=requeueable deps ti=<TaskInstance: 7.3_filesensor.waiting_file scheduled__2022-07-25T00:00:00+00:00 [queued]>
[2024-05-08T19:57:59.279+0000] {taskinstance.py:2306} INFO - Starting attempt 4 of 4
[2024-05-08T19:57:59.291+0000] {taskinstance.py:2330} INFO - Executing <Task(FileSensor): waiting_file> on 2022-07-25 00:00:00+00:00
[2024-05-08T19:57:59.296+0000] {warnings.py:110} WARNING - /home/***/.local/lib/python3.12/site-packages/***/task/task_runner/standard_task_runner.py:61: DeprecationWarning: This process (pid=2501) is multi-threaded, use of fork() may lead to deadlocks in the child.
  pid = os.fork()

[2024-05-08T19:57:59.297+0000] {standard_task_runner.py:63} INFO - Started process 2502 to run task
[2024-05-08T19:57:59.297+0000] {standard_task_runner.py:90} INFO - Running: ['***', 'tasks', 'run', '7.3_filesensor', 'waiting_file', 'scheduled__2022-07-25T00:00:00+00:00', '--job-id', '789', '--raw', '--subdir', 'DAGS_FOLDER/07_FileSensor.py', '--cfg-path', '/tmp/tmpi8ux00go']
[2024-05-08T19:57:59.298+0000] {standard_task_runner.py:91} INFO - Job 789: Subtask waiting_file
[2024-05-08T19:57:59.329+0000] {task_command.py:426} INFO - Running <TaskInstance: 7.3_filesensor.waiting_file scheduled__2022-07-25T00:00:00+00:00 [running]> on host ccc314eb571d
[2024-05-08T19:57:59.385+0000] {taskinstance.py:2648} INFO - Exporting env vars: AIRFLOW_CTX_DAG_OWNER='***' AIRFLOW_CTX_DAG_ID='7.3_filesensor' AIRFLOW_CTX_TASK_ID='waiting_file' AIRFLOW_CTX_EXECUTION_DATE='2022-07-25T00:00:00+00:00' AIRFLOW_CTX_TRY_NUMBER='4' AIRFLOW_CTX_DAG_RUN_ID='scheduled__2022-07-25T00:00:00+00:00'
[2024-05-08T19:57:59.386+0000] {taskinstance.py:430} INFO - ::endgroup::
[2024-05-08T19:57:59.394+0000] {baseoperator.py:399} WARNING - FileSensor.execute cannot be called outside TaskInstance!
[2024-05-08T19:57:59.401+0000] {base.py:84} INFO - Using connection ID 'fs_default' for task execution.
[2024-05-08T19:57:59.402+0000] {filesystem.py:85} INFO - Poking for file /tmp/file.txt
[2024-05-08T19:57:59.402+0000] {filesystem.py:89} INFO - Found File /tmp/file.txt last modified: 20240508195757
[2024-05-08T19:57:59.403+0000] {base.py:294} INFO - Success criteria met. Exiting.
[2024-05-08T19:57:59.403+0000] {filesystem.py:85} INFO - Poking for file /tmp/file.txt
[2024-05-08T19:57:59.404+0000] {filesystem.py:89} INFO - Found File /tmp/file.txt last modified: 20240508195757
[2024-05-08T19:57:59.404+0000] {taskinstance.py:441} INFO - ::group::Post task execution logs
[2024-05-08T19:57:59.410+0000] {taskinstance.py:1206} INFO - Marking task as SUCCESS. dag_id=7.3_filesensor, task_id=waiting_file, run_id=scheduled__2022-07-25T00:00:00+00:00, execution_date=20220725T000000, start_date=20240508T195759, end_date=20240508T195759
[2024-05-08T19:57:59.431+0000] {local_task_job_runner.py:240} INFO - Task exited with return code 0
[2024-05-08T19:57:59.448+0000] {taskinstance.py:3498} INFO - 1 downstream tasks scheduled from follow-on schedule check
[2024-05-08T19:57:59.451+0000] {local_task_job_runner.py:222} INFO - ::endgroup::
