[2024-05-07T23:42:43.745+0000] {local_task_job_runner.py:120} INFO - ::group::Pre task execution logs
[2024-05-07T23:42:43.771+0000] {taskinstance.py:2076} INFO - Dependencies all met for dep_context=non-requeueable deps ti=<TaskInstance: 5.1_orquestacion.tarea2 scheduled__2024-04-01T00:00:00+00:00 [queued]>
[2024-05-07T23:42:43.781+0000] {taskinstance.py:2076} INFO - Dependencies all met for dep_context=requeueable deps ti=<TaskInstance: 5.1_orquestacion.tarea2 scheduled__2024-04-01T00:00:00+00:00 [queued]>
[2024-05-07T23:42:43.782+0000] {taskinstance.py:2306} INFO - Starting attempt 1 of 1
[2024-05-07T23:42:43.798+0000] {taskinstance.py:2330} INFO - Executing <Task(BashOperator): tarea2> on 2024-04-01 00:00:00+00:00
[2024-05-07T23:42:43.804+0000] {warnings.py:110} WARNING - /home/***/.local/lib/python3.12/site-packages/***/task/task_runner/standard_task_runner.py:61: DeprecationWarning: This process (pid=3294) is multi-threaded, use of fork() may lead to deadlocks in the child.
  pid = os.fork()

[2024-05-07T23:42:43.805+0000] {standard_task_runner.py:63} INFO - Started process 3297 to run task
[2024-05-07T23:42:43.806+0000] {standard_task_runner.py:90} INFO - Running: ['***', 'tasks', 'run', '5.1_orquestacion', 'tarea2', 'scheduled__2024-04-01T00:00:00+00:00', '--job-id', '180', '--raw', '--subdir', 'DAGS_FOLDER/051_orquestacion.py', '--cfg-path', '/tmp/tmpe1n03knw']
[2024-05-07T23:42:43.807+0000] {standard_task_runner.py:91} INFO - Job 180: Subtask tarea2
[2024-05-07T23:42:43.851+0000] {task_command.py:426} INFO - Running <TaskInstance: 5.1_orquestacion.tarea2 scheduled__2024-04-01T00:00:00+00:00 [running]> on host 521bf890d837
[2024-05-07T23:42:43.965+0000] {taskinstance.py:2648} INFO - Exporting env vars: AIRFLOW_CTX_DAG_OWNER='***' AIRFLOW_CTX_DAG_ID='5.1_orquestacion' AIRFLOW_CTX_TASK_ID='tarea2' AIRFLOW_CTX_EXECUTION_DATE='2024-04-01T00:00:00+00:00' AIRFLOW_CTX_TRY_NUMBER='1' AIRFLOW_CTX_DAG_RUN_ID='scheduled__2024-04-01T00:00:00+00:00'
[2024-05-07T23:42:43.966+0000] {taskinstance.py:430} INFO - ::endgroup::
[2024-05-07T23:42:43.979+0000] {subprocess.py:63} INFO - Tmp dir root location: /tmp
[2024-05-07T23:42:43.980+0000] {subprocess.py:75} INFO - Running command: ['/usr/bin/bash', '-c', "sleep 2 && echo 'Tarea 2'"]
[2024-05-07T23:42:43.990+0000] {subprocess.py:86} INFO - Output:
[2024-05-07T23:42:45.993+0000] {subprocess.py:93} INFO - Tarea 2
[2024-05-07T23:42:45.994+0000] {subprocess.py:97} INFO - Command exited with return code 0
[2024-05-07T23:42:45.996+0000] {taskinstance.py:441} INFO - ::group::Post task execution logs
[2024-05-07T23:42:46.117+0000] {taskinstance.py:1206} INFO - Marking task as SUCCESS. dag_id=5.1_orquestacion, task_id=tarea2, run_id=scheduled__2024-04-01T00:00:00+00:00, execution_date=20240401T000000, start_date=20240507T234243, end_date=20240507T234246
[2024-05-07T23:42:46.232+0000] {local_task_job_runner.py:240} INFO - Task exited with return code 0
[2024-05-07T23:42:46.346+0000] {taskinstance.py:3498} INFO - 2 downstream tasks scheduled from follow-on schedule check
[2024-05-07T23:42:46.349+0000] {local_task_job_runner.py:222} INFO - ::endgroup::
