[2024-05-07T23:27:51.649+0000] {local_task_job_runner.py:120} INFO - ::group::Pre task execution logs
[2024-05-07T23:27:51.677+0000] {taskinstance.py:2076} INFO - Dependencies all met for dep_context=non-requeueable deps ti=<TaskInstance: 5.1_orquestacion.tarea4 scheduled__2024-05-02T00:00:00+00:00 [queued]>
[2024-05-07T23:27:51.689+0000] {taskinstance.py:2076} INFO - Dependencies all met for dep_context=requeueable deps ti=<TaskInstance: 5.1_orquestacion.tarea4 scheduled__2024-05-02T00:00:00+00:00 [queued]>
[2024-05-07T23:27:51.690+0000] {taskinstance.py:2306} INFO - Starting attempt 1 of 1
[2024-05-07T23:27:51.712+0000] {taskinstance.py:2330} INFO - Executing <Task(BashOperator): tarea4> on 2024-05-02 00:00:00+00:00
[2024-05-07T23:27:51.732+0000] {standard_task_runner.py:90} INFO - Running: ['***', 'tasks', 'run', '5.1_orquestacion', 'tarea4', 'scheduled__2024-05-02T00:00:00+00:00', '--job-id', '32', '--raw', '--subdir', 'DAGS_FOLDER/051_orquestacion.py', '--cfg-path', '/tmp/tmpwiy3t3pf']
[2024-05-07T23:27:51.733+0000] {warnings.py:110} WARNING - /home/***/.local/lib/python3.12/site-packages/***/task/task_runner/standard_task_runner.py:61: DeprecationWarning: This process (pid=2505) is multi-threaded, use of fork() may lead to deadlocks in the child.
  pid = os.fork()

[2024-05-07T23:27:51.734+0000] {standard_task_runner.py:91} INFO - Job 32: Subtask tarea4
[2024-05-07T23:27:51.734+0000] {standard_task_runner.py:63} INFO - Started process 2512 to run task
[2024-05-07T23:27:51.831+0000] {task_command.py:426} INFO - Running <TaskInstance: 5.1_orquestacion.tarea4 scheduled__2024-05-02T00:00:00+00:00 [running]> on host 521bf890d837
[2024-05-07T23:27:52.056+0000] {taskinstance.py:2648} INFO - Exporting env vars: AIRFLOW_CTX_DAG_OWNER='***' AIRFLOW_CTX_DAG_ID='5.1_orquestacion' AIRFLOW_CTX_TASK_ID='tarea4' AIRFLOW_CTX_EXECUTION_DATE='2024-05-02T00:00:00+00:00' AIRFLOW_CTX_TRY_NUMBER='1' AIRFLOW_CTX_DAG_RUN_ID='scheduled__2024-05-02T00:00:00+00:00'
[2024-05-07T23:27:52.059+0000] {taskinstance.py:430} INFO - ::endgroup::
[2024-05-07T23:27:52.095+0000] {subprocess.py:63} INFO - Tmp dir root location: /tmp
[2024-05-07T23:27:52.100+0000] {subprocess.py:75} INFO - Running command: ['/usr/bin/bash', '-c', "sleep 2 && echo 'Tarea 4'"]
[2024-05-07T23:27:52.132+0000] {subprocess.py:86} INFO - Output:
[2024-05-07T23:27:54.134+0000] {subprocess.py:93} INFO - Tarea 4
[2024-05-07T23:27:54.138+0000] {subprocess.py:97} INFO - Command exited with return code 0
[2024-05-07T23:27:54.145+0000] {taskinstance.py:441} INFO - ::group::Post task execution logs
[2024-05-07T23:27:54.183+0000] {taskinstance.py:1206} INFO - Marking task as SUCCESS. dag_id=5.1_orquestacion, task_id=tarea4, run_id=scheduled__2024-05-02T00:00:00+00:00, execution_date=20240502T000000, start_date=20240507T232751, end_date=20240507T232754
[2024-05-07T23:27:54.246+0000] {local_task_job_runner.py:240} INFO - Task exited with return code 0
[2024-05-07T23:27:54.261+0000] {taskinstance.py:3498} INFO - 0 downstream tasks scheduled from follow-on schedule check
[2024-05-07T23:27:54.264+0000] {local_task_job_runner.py:222} INFO - ::endgroup::
