[2024-05-10T06:14:12.532+0000] {local_task_job_runner.py:120} INFO - ::group::Pre task execution logs
[2024-05-10T06:14:12.548+0000] {taskinstance.py:2076} INFO - Dependencies all met for dep_context=non-requeueable deps ti=<TaskInstance: Proyecto_SpaceX_v1.Confirmacion_NASA scheduled__2024-03-08T00:00:00+00:00 [queued]>
[2024-05-10T06:14:12.554+0000] {taskinstance.py:2076} INFO - Dependencies all met for dep_context=requeueable deps ti=<TaskInstance: Proyecto_SpaceX_v1.Confirmacion_NASA scheduled__2024-03-08T00:00:00+00:00 [queued]>
[2024-05-10T06:14:12.555+0000] {taskinstance.py:2306} INFO - Starting attempt 1 of 3
[2024-05-10T06:14:12.567+0000] {taskinstance.py:2330} INFO - Executing <Task(BashOperator): Confirmacion_NASA> on 2024-03-08 00:00:00+00:00
[2024-05-10T06:14:12.575+0000] {warnings.py:110} WARNING - /home/***/.local/lib/python3.12/site-packages/***/task/task_runner/standard_task_runner.py:61: DeprecationWarning: This process (pid=1495) is multi-threaded, use of fork() may lead to deadlocks in the child.
  pid = os.fork()

[2024-05-10T06:14:12.576+0000] {standard_task_runner.py:63} INFO - Started process 1497 to run task
[2024-05-10T06:14:12.576+0000] {standard_task_runner.py:90} INFO - Running: ['***', 'tasks', 'run', 'Proyecto_SpaceX_v1', 'Confirmacion_NASA', 'scheduled__2024-03-08T00:00:00+00:00', '--job-id', '1182', '--raw', '--subdir', 'DAGS_FOLDER/Proyecto_SpaceX_v1.py', '--cfg-path', '/tmp/tmpduvdkuzz']
[2024-05-10T06:14:12.579+0000] {standard_task_runner.py:91} INFO - Job 1182: Subtask Confirmacion_NASA
[2024-05-10T06:14:12.624+0000] {task_command.py:426} INFO - Running <TaskInstance: Proyecto_SpaceX_v1.Confirmacion_NASA scheduled__2024-03-08T00:00:00+00:00 [running]> on host 1b7f0b10dd99
[2024-05-10T06:14:12.818+0000] {taskinstance.py:2648} INFO - Exporting env vars: AIRFLOW_CTX_DAG_OWNER='***' AIRFLOW_CTX_DAG_ID='Proyecto_SpaceX_v1' AIRFLOW_CTX_TASK_ID='Confirmacion_NASA' AIRFLOW_CTX_EXECUTION_DATE='2024-03-08T00:00:00+00:00' AIRFLOW_CTX_TRY_NUMBER='1' AIRFLOW_CTX_DAG_RUN_ID='scheduled__2024-03-08T00:00:00+00:00'
[2024-05-10T06:14:12.821+0000] {taskinstance.py:430} INFO - ::endgroup::
[2024-05-10T06:14:12.830+0000] {subprocess.py:63} INFO - Tmp dir root location: /tmp
[2024-05-10T06:14:12.833+0000] {subprocess.py:75} INFO - Running command: ['/usr/bin/bash', '-c', "sleep 20 && echo 'Confirmación, puede proceder' > /tmp/response_20240308.txt"]
[2024-05-10T06:14:12.847+0000] {subprocess.py:86} INFO - Output:
[2024-05-10T06:14:32.850+0000] {subprocess.py:97} INFO - Command exited with return code 0
[2024-05-10T06:14:32.855+0000] {taskinstance.py:441} INFO - ::group::Post task execution logs
[2024-05-10T06:14:32.895+0000] {taskinstance.py:1206} INFO - Marking task as SUCCESS. dag_id=Proyecto_SpaceX_v1, task_id=Confirmacion_NASA, run_id=scheduled__2024-03-08T00:00:00+00:00, execution_date=20240308T000000, start_date=20240510T061412, end_date=20240510T061432
[2024-05-10T06:14:32.936+0000] {local_task_job_runner.py:240} INFO - Task exited with return code 0
[2024-05-10T06:14:32.955+0000] {taskinstance.py:3498} INFO - 1 downstream tasks scheduled from follow-on schedule check
[2024-05-10T06:14:32.959+0000] {local_task_job_runner.py:222} INFO - ::endgroup::
