[2024-05-08T19:58:58.095+0000] {local_task_job_runner.py:120} INFO - ::group::Pre task execution logs
[2024-05-08T19:58:58.110+0000] {taskinstance.py:2076} INFO - Dependencies all met for dep_context=non-requeueable deps ti=<TaskInstance: 7.3_filesensor.creating_file scheduled__2022-07-30T00:00:00+00:00 [queued]>
[2024-05-08T19:58:58.115+0000] {taskinstance.py:2076} INFO - Dependencies all met for dep_context=requeueable deps ti=<TaskInstance: 7.3_filesensor.creating_file scheduled__2022-07-30T00:00:00+00:00 [queued]>
[2024-05-08T19:58:58.116+0000] {taskinstance.py:2306} INFO - Starting attempt 2 of 2
[2024-05-08T19:58:58.128+0000] {taskinstance.py:2330} INFO - Executing <Task(BashOperator): creating_file> on 2022-07-30 00:00:00+00:00
[2024-05-08T19:58:58.133+0000] {warnings.py:110} WARNING - /home/***/.local/lib/python3.12/site-packages/***/task/task_runner/standard_task_runner.py:61: DeprecationWarning: This process (pid=2556) is multi-threaded, use of fork() may lead to deadlocks in the child.
  pid = os.fork()

[2024-05-08T19:58:58.135+0000] {standard_task_runner.py:63} INFO - Started process 2557 to run task
[2024-05-08T19:58:58.135+0000] {standard_task_runner.py:90} INFO - Running: ['***', 'tasks', 'run', '7.3_filesensor', 'creating_file', 'scheduled__2022-07-30T00:00:00+00:00', '--job-id', '803', '--raw', '--subdir', 'DAGS_FOLDER/07_FileSensor.py', '--cfg-path', '/tmp/tmp7p527jw7']
[2024-05-08T19:58:58.136+0000] {standard_task_runner.py:91} INFO - Job 803: Subtask creating_file
[2024-05-08T19:58:58.168+0000] {task_command.py:426} INFO - Running <TaskInstance: 7.3_filesensor.creating_file scheduled__2022-07-30T00:00:00+00:00 [running]> on host ccc314eb571d
[2024-05-08T19:58:58.228+0000] {taskinstance.py:2648} INFO - Exporting env vars: AIRFLOW_CTX_DAG_OWNER='***' AIRFLOW_CTX_DAG_ID='7.3_filesensor' AIRFLOW_CTX_TASK_ID='creating_file' AIRFLOW_CTX_EXECUTION_DATE='2022-07-30T00:00:00+00:00' AIRFLOW_CTX_TRY_NUMBER='2' AIRFLOW_CTX_DAG_RUN_ID='scheduled__2022-07-30T00:00:00+00:00'
[2024-05-08T19:58:58.230+0000] {taskinstance.py:430} INFO - ::endgroup::
[2024-05-08T19:58:58.238+0000] {subprocess.py:63} INFO - Tmp dir root location: /tmp
[2024-05-08T19:58:58.239+0000] {subprocess.py:75} INFO - Running command: ['/usr/bin/bash', '-c', 'sleep 10 && touch /tmp/file.txt']
[2024-05-08T19:58:58.247+0000] {subprocess.py:86} INFO - Output:
[2024-05-08T19:59:08.251+0000] {subprocess.py:97} INFO - Command exited with return code 0
[2024-05-08T19:59:08.251+0000] {taskinstance.py:441} INFO - ::group::Post task execution logs
[2024-05-08T19:59:08.271+0000] {taskinstance.py:1206} INFO - Marking task as SUCCESS. dag_id=7.3_filesensor, task_id=creating_file, run_id=scheduled__2022-07-30T00:00:00+00:00, execution_date=20220730T000000, start_date=20240508T195858, end_date=20240508T195908
[2024-05-08T19:59:08.305+0000] {local_task_job_runner.py:240} INFO - Task exited with return code 0
[2024-05-08T19:59:08.322+0000] {taskinstance.py:3498} INFO - 1 downstream tasks scheduled from follow-on schedule check
[2024-05-08T19:59:08.326+0000] {local_task_job_runner.py:222} INFO - ::endgroup::
