[2024-05-10T06:00:00.843+0000] {local_task_job_runner.py:120} INFO - ::group::Pre task execution logs
[2024-05-10T06:00:00.982+0000] {taskinstance.py:2076} INFO - Dependencies all met for dep_context=non-requeueable deps ti=<TaskInstance: Proyecto_Nasa.t_nasa scheduled__2023-11-25T00:00:00+00:00 [queued]>
[2024-05-10T06:00:00.994+0000] {taskinstance.py:2076} INFO - Dependencies all met for dep_context=requeueable deps ti=<TaskInstance: Proyecto_Nasa.t_nasa scheduled__2023-11-25T00:00:00+00:00 [queued]>
[2024-05-10T06:00:00.995+0000] {taskinstance.py:2306} INFO - Starting attempt 1 of 1
[2024-05-10T06:00:01.005+0000] {taskinstance.py:2330} INFO - Executing <Task(BashOperator): t_nasa> on 2023-11-25 00:00:00+00:00
[2024-05-10T06:00:01.011+0000] {warnings.py:110} WARNING - /home/***/.local/lib/python3.12/site-packages/***/task/task_runner/standard_task_runner.py:61: DeprecationWarning: This process (pid=925) is multi-threaded, use of fork() may lead to deadlocks in the child.
  pid = os.fork()

[2024-05-10T06:00:01.013+0000] {standard_task_runner.py:63} INFO - Started process 927 to run task
[2024-05-10T06:00:01.012+0000] {standard_task_runner.py:90} INFO - Running: ['***', 'tasks', 'run', 'Proyecto_Nasa', 't_nasa', 'scheduled__2023-11-25T00:00:00+00:00', '--job-id', '1094', '--raw', '--subdir', 'DAGS_FOLDER/Proyecto_SpaceX_v1.py', '--cfg-path', '/tmp/tmprnp5y90m']
[2024-05-10T06:00:01.015+0000] {standard_task_runner.py:91} INFO - Job 1094: Subtask t_nasa
[2024-05-10T06:00:01.061+0000] {task_command.py:426} INFO - Running <TaskInstance: Proyecto_Nasa.t_nasa scheduled__2023-11-25T00:00:00+00:00 [running]> on host 1b7f0b10dd99
[2024-05-10T06:00:01.133+0000] {taskinstance.py:2648} INFO - Exporting env vars: AIRFLOW_CTX_DAG_OWNER='***' AIRFLOW_CTX_DAG_ID='Proyecto_Nasa' AIRFLOW_CTX_TASK_ID='t_nasa' AIRFLOW_CTX_EXECUTION_DATE='2023-11-25T00:00:00+00:00' AIRFLOW_CTX_TRY_NUMBER='1' AIRFLOW_CTX_DAG_RUN_ID='scheduled__2023-11-25T00:00:00+00:00'
[2024-05-10T06:00:01.135+0000] {taskinstance.py:430} INFO - ::endgroup::
[2024-05-10T06:00:01.145+0000] {subprocess.py:63} INFO - Tmp dir root location: /tmp
[2024-05-10T06:00:01.146+0000] {subprocess.py:75} INFO - Running command: ['/usr/bin/bash', '-c', "sleep 20 && echo 'OK conectado a la NASA' >/tmp/response_20231125.txt"]
[2024-05-10T06:00:01.155+0000] {subprocess.py:86} INFO - Output:
[2024-05-10T06:00:21.158+0000] {subprocess.py:97} INFO - Command exited with return code 0
[2024-05-10T06:00:21.159+0000] {taskinstance.py:441} INFO - ::group::Post task execution logs
[2024-05-10T06:00:21.181+0000] {taskinstance.py:1206} INFO - Marking task as SUCCESS. dag_id=Proyecto_Nasa, task_id=t_nasa, run_id=scheduled__2023-11-25T00:00:00+00:00, execution_date=20231125T000000, start_date=20240510T060000, end_date=20240510T060021
[2024-05-10T06:00:21.231+0000] {local_task_job_runner.py:240} INFO - Task exited with return code 0
[2024-05-10T06:00:21.253+0000] {taskinstance.py:3498} INFO - 1 downstream tasks scheduled from follow-on schedule check
[2024-05-10T06:00:21.257+0000] {local_task_job_runner.py:222} INFO - ::endgroup::
