[2024-05-09T19:45:39.284+0000] {local_task_job_runner.py:120} INFO - ::group::Pre task execution logs
[2024-05-09T19:45:39.300+0000] {taskinstance.py:2076} INFO - Dependencies all met for dep_context=non-requeueable deps ti=<TaskInstance: Proyecto_SpaceX.Obtener_datos_SpaceX scheduled__2024-03-01T00:00:00+00:00 [queued]>
[2024-05-09T19:45:39.311+0000] {taskinstance.py:2076} INFO - Dependencies all met for dep_context=requeueable deps ti=<TaskInstance: Proyecto_SpaceX.Obtener_datos_SpaceX scheduled__2024-03-01T00:00:00+00:00 [queued]>
[2024-05-09T19:45:39.312+0000] {taskinstance.py:2306} INFO - Starting attempt 2 of 2
[2024-05-09T19:45:39.568+0000] {taskinstance.py:2330} INFO - Executing <Task(BashOperator): Obtener_datos_SpaceX> on 2024-03-01 00:00:00+00:00
[2024-05-09T19:45:39.576+0000] {warnings.py:110} WARNING - /home/***/.local/lib/python3.12/site-packages/***/task/task_runner/standard_task_runner.py:61: DeprecationWarning: This process (pid=979) is multi-threaded, use of fork() may lead to deadlocks in the child.
  pid = os.fork()

[2024-05-09T19:45:39.578+0000] {standard_task_runner.py:63} INFO - Started process 983 to run task
[2024-05-09T19:45:39.578+0000] {standard_task_runner.py:90} INFO - Running: ['***', 'tasks', 'run', 'Proyecto_SpaceX', 'Obtener_datos_SpaceX', 'scheduled__2024-03-01T00:00:00+00:00', '--job-id', '963', '--raw', '--subdir', 'DAGS_FOLDER/Proyecto_SpaceX.py', '--cfg-path', '/tmp/tmpm1j6g7ni']
[2024-05-09T19:45:39.581+0000] {standard_task_runner.py:91} INFO - Job 963: Subtask Obtener_datos_SpaceX
[2024-05-09T19:45:39.630+0000] {task_command.py:426} INFO - Running <TaskInstance: Proyecto_SpaceX.Obtener_datos_SpaceX scheduled__2024-03-01T00:00:00+00:00 [running]> on host 7a81a983afb0
[2024-05-09T19:45:39.702+0000] {taskinstance.py:2648} INFO - Exporting env vars: AIRFLOW_CTX_DAG_OWNER='***' AIRFLOW_CTX_DAG_ID='Proyecto_SpaceX' AIRFLOW_CTX_TASK_ID='Obtener_datos_SpaceX' AIRFLOW_CTX_EXECUTION_DATE='2024-03-01T00:00:00+00:00' AIRFLOW_CTX_TRY_NUMBER='2' AIRFLOW_CTX_DAG_RUN_ID='scheduled__2024-03-01T00:00:00+00:00'
[2024-05-09T19:45:39.703+0000] {taskinstance.py:430} INFO - ::endgroup::
[2024-05-09T19:45:39.714+0000] {subprocess.py:63} INFO - Tmp dir root location: /tmp
[2024-05-09T19:45:39.715+0000] {subprocess.py:75} INFO - Running command: ['/usr/bin/bash', '-c', "curl -o /tmp/history.json -L'https://api.spacexdata.com/v4/history'"]
[2024-05-09T19:45:39.725+0000] {subprocess.py:86} INFO - Output:
[2024-05-09T19:45:39.735+0000] {subprocess.py:93} INFO - Usage: curl [options...] <url>
[2024-05-09T19:45:39.736+0000] {subprocess.py:93} INFO -  -d, --data <data>          HTTP POST data
[2024-05-09T19:45:39.736+0000] {subprocess.py:93} INFO -  -f, --fail                 Fail fast with no output on HTTP errors
[2024-05-09T19:45:39.737+0000] {subprocess.py:93} INFO -  -h, --help <category>      Get help for commands
[2024-05-09T19:45:39.738+0000] {subprocess.py:93} INFO -  -i, --include              Include protocol response headers in the output
[2024-05-09T19:45:39.738+0000] {subprocess.py:93} INFO -  -o, --output <file>        Write to file instead of stdout
[2024-05-09T19:45:39.739+0000] {subprocess.py:93} INFO -  -O, --remote-name          Write output to a file named as the remote file
[2024-05-09T19:45:39.740+0000] {subprocess.py:93} INFO -  -s, --silent               Silent mode
[2024-05-09T19:45:39.740+0000] {subprocess.py:93} INFO -  -T, --upload-file <file>   Transfer local FILE to destination
[2024-05-09T19:45:39.741+0000] {subprocess.py:93} INFO -  -u, --user <user:password> Server user and password
[2024-05-09T19:45:39.742+0000] {subprocess.py:93} INFO -  -A, --user-agent <name>    Send User-Agent <name> to server
[2024-05-09T19:45:39.742+0000] {subprocess.py:93} INFO -  -v, --verbose              Make the operation more talkative
[2024-05-09T19:45:39.743+0000] {subprocess.py:93} INFO -  -V, --version              Show version number and quit
[2024-05-09T19:45:39.743+0000] {subprocess.py:93} INFO - 
[2024-05-09T19:45:39.744+0000] {subprocess.py:93} INFO - This is not the full help, this menu is stripped into categories.
[2024-05-09T19:45:39.744+0000] {subprocess.py:93} INFO - Use "--help category" to get an overview of all categories.
[2024-05-09T19:45:39.745+0000] {subprocess.py:93} INFO - For all options use the manual or "--help all".
[2024-05-09T19:45:39.746+0000] {subprocess.py:97} INFO - Command exited with return code 0
[2024-05-09T19:45:39.746+0000] {taskinstance.py:441} INFO - ::group::Post task execution logs
[2024-05-09T19:45:39.768+0000] {taskinstance.py:1206} INFO - Marking task as SUCCESS. dag_id=Proyecto_SpaceX, task_id=Obtener_datos_SpaceX, run_id=scheduled__2024-03-01T00:00:00+00:00, execution_date=20240301T000000, start_date=20240509T194539, end_date=20240509T194539
[2024-05-09T19:45:39.793+0000] {local_task_job_runner.py:240} INFO - Task exited with return code 0
[2024-05-09T19:45:39.813+0000] {taskinstance.py:3498} INFO - 1 downstream tasks scheduled from follow-on schedule check
[2024-05-09T19:45:39.815+0000] {local_task_job_runner.py:222} INFO - ::endgroup::
[2024-05-10T05:22:21.115+0000] {local_task_job_runner.py:120} INFO - ::group::Pre task execution logs
[2024-05-10T05:22:21.137+0000] {taskinstance.py:2076} INFO - Dependencies all met for dep_context=non-requeueable deps ti=<TaskInstance: Proyecto_SpaceX.Obtener_datos_SpaceX scheduled__2024-03-01T00:00:00+00:00 [queued]>
[2024-05-10T05:22:21.147+0000] {taskinstance.py:2076} INFO - Dependencies all met for dep_context=requeueable deps ti=<TaskInstance: Proyecto_SpaceX.Obtener_datos_SpaceX scheduled__2024-03-01T00:00:00+00:00 [queued]>
[2024-05-10T05:22:21.147+0000] {taskinstance.py:2306} INFO - Starting attempt 2 of 2
[2024-05-10T05:22:21.480+0000] {taskinstance.py:2330} INFO - Executing <Task(BashOperator): Obtener_datos_SpaceX> on 2024-03-01 00:00:00+00:00
[2024-05-10T05:22:21.498+0000] {warnings.py:110} WARNING - /home/***/.local/lib/python3.12/site-packages/***/task/task_runner/standard_task_runner.py:61: DeprecationWarning: This process (pid=205) is multi-threaded, use of fork() may lead to deadlocks in the child.
  pid = os.fork()

[2024-05-10T05:22:21.504+0000] {standard_task_runner.py:63} INFO - Started process 208 to run task
[2024-05-10T05:22:21.504+0000] {standard_task_runner.py:90} INFO - Running: ['***', 'tasks', 'run', 'Proyecto_SpaceX', 'Obtener_datos_SpaceX', 'scheduled__2024-03-01T00:00:00+00:00', '--job-id', '1037', '--raw', '--subdir', 'DAGS_FOLDER/Proyecto_SpaceX.py', '--cfg-path', '/tmp/tmp7tf9xk9r']
[2024-05-10T05:22:21.512+0000] {standard_task_runner.py:91} INFO - Job 1037: Subtask Obtener_datos_SpaceX
[2024-05-10T05:22:21.735+0000] {task_command.py:426} INFO - Running <TaskInstance: Proyecto_SpaceX.Obtener_datos_SpaceX scheduled__2024-03-01T00:00:00+00:00 [running]> on host 1b7f0b10dd99
[2024-05-10T05:22:21.906+0000] {taskinstance.py:2648} INFO - Exporting env vars: AIRFLOW_CTX_DAG_OWNER='***' AIRFLOW_CTX_DAG_ID='Proyecto_SpaceX' AIRFLOW_CTX_TASK_ID='Obtener_datos_SpaceX' AIRFLOW_CTX_EXECUTION_DATE='2024-03-01T00:00:00+00:00' AIRFLOW_CTX_TRY_NUMBER='2' AIRFLOW_CTX_DAG_RUN_ID='scheduled__2024-03-01T00:00:00+00:00'
[2024-05-10T05:22:21.910+0000] {taskinstance.py:430} INFO - ::endgroup::
[2024-05-10T05:22:21.934+0000] {subprocess.py:63} INFO - Tmp dir root location: /tmp
[2024-05-10T05:22:21.935+0000] {subprocess.py:75} INFO - Running command: ['/usr/bin/bash', '-c', "curl -o /tmp/history.json -L'https://api.spacexdata.com/v4/history'"]
[2024-05-10T05:22:21.948+0000] {subprocess.py:86} INFO - Output:
[2024-05-10T05:22:21.960+0000] {subprocess.py:93} INFO - Usage: curl [options...] <url>
[2024-05-10T05:22:21.961+0000] {subprocess.py:93} INFO -  -d, --data <data>          HTTP POST data
[2024-05-10T05:22:21.962+0000] {subprocess.py:93} INFO -  -f, --fail                 Fail fast with no output on HTTP errors
[2024-05-10T05:22:21.962+0000] {subprocess.py:93} INFO -  -h, --help <category>      Get help for commands
[2024-05-10T05:22:21.963+0000] {subprocess.py:93} INFO -  -i, --include              Include protocol response headers in the output
[2024-05-10T05:22:21.964+0000] {subprocess.py:93} INFO -  -o, --output <file>        Write to file instead of stdout
[2024-05-10T05:22:21.964+0000] {subprocess.py:93} INFO -  -O, --remote-name          Write output to a file named as the remote file
[2024-05-10T05:22:21.965+0000] {subprocess.py:93} INFO -  -s, --silent               Silent mode
[2024-05-10T05:22:21.965+0000] {subprocess.py:93} INFO -  -T, --upload-file <file>   Transfer local FILE to destination
[2024-05-10T05:22:21.966+0000] {subprocess.py:93} INFO -  -u, --user <user:password> Server user and password
[2024-05-10T05:22:21.967+0000] {subprocess.py:93} INFO -  -A, --user-agent <name>    Send User-Agent <name> to server
[2024-05-10T05:22:21.967+0000] {subprocess.py:93} INFO -  -v, --verbose              Make the operation more talkative
[2024-05-10T05:22:21.968+0000] {subprocess.py:93} INFO -  -V, --version              Show version number and quit
[2024-05-10T05:22:21.968+0000] {subprocess.py:93} INFO - 
[2024-05-10T05:22:21.969+0000] {subprocess.py:93} INFO - This is not the full help, this menu is stripped into categories.
[2024-05-10T05:22:21.969+0000] {subprocess.py:93} INFO - Use "--help category" to get an overview of all categories.
[2024-05-10T05:22:21.970+0000] {subprocess.py:93} INFO - For all options use the manual or "--help all".
[2024-05-10T05:22:21.971+0000] {subprocess.py:97} INFO - Command exited with return code 0
[2024-05-10T05:22:21.972+0000] {taskinstance.py:441} INFO - ::group::Post task execution logs
[2024-05-10T05:22:22.003+0000] {taskinstance.py:1206} INFO - Marking task as SUCCESS. dag_id=Proyecto_SpaceX, task_id=Obtener_datos_SpaceX, run_id=scheduled__2024-03-01T00:00:00+00:00, execution_date=20240301T000000, start_date=20240510T052221, end_date=20240510T052222
[2024-05-10T05:22:22.046+0000] {local_task_job_runner.py:240} INFO - Task exited with return code 0
[2024-05-10T05:22:22.055+0000] {local_task_job_runner.py:222} INFO - ::endgroup::
