[2024-05-09T20:02:13.158+0000] {local_task_job_runner.py:120} INFO - ::group::Pre task execution logs
[2024-05-09T20:02:13.178+0000] {taskinstance.py:2076} INFO - Dependencies all met for dep_context=non-requeueable deps ti=<TaskInstance: Proyecto_SpaceX.Obtener_datos_SpaceX scheduled__2024-03-01T00:00:00+00:00 [queued]>
[2024-05-09T20:02:13.189+0000] {taskinstance.py:2076} INFO - Dependencies all met for dep_context=requeueable deps ti=<TaskInstance: Proyecto_SpaceX.Obtener_datos_SpaceX scheduled__2024-03-01T00:00:00+00:00 [queued]>
[2024-05-09T20:02:13.189+0000] {taskinstance.py:2306} INFO - Starting attempt 3 of 3
[2024-05-09T20:02:13.339+0000] {taskinstance.py:2330} INFO - Executing <Task(BashOperator): Obtener_datos_SpaceX> on 2024-03-01 00:00:00+00:00
[2024-05-09T20:02:13.346+0000] {warnings.py:110} WARNING - /home/***/.local/lib/python3.12/site-packages/***/task/task_runner/standard_task_runner.py:61: DeprecationWarning: This process (pid=1268) is multi-threaded, use of fork() may lead to deadlocks in the child.
  pid = os.fork()

[2024-05-09T20:02:13.347+0000] {standard_task_runner.py:63} INFO - Started process 1272 to run task
[2024-05-09T20:02:13.347+0000] {standard_task_runner.py:90} INFO - Running: ['***', 'tasks', 'run', 'Proyecto_SpaceX', 'Obtener_datos_SpaceX', 'scheduled__2024-03-01T00:00:00+00:00', '--job-id', '981', '--raw', '--subdir', 'DAGS_FOLDER/Proyecto_SpaceX.py', '--cfg-path', '/tmp/tmptog7u2xq']
[2024-05-09T20:02:13.349+0000] {standard_task_runner.py:91} INFO - Job 981: Subtask Obtener_datos_SpaceX
[2024-05-09T20:02:13.400+0000] {task_command.py:426} INFO - Running <TaskInstance: Proyecto_SpaceX.Obtener_datos_SpaceX scheduled__2024-03-01T00:00:00+00:00 [running]> on host 7a81a983afb0
[2024-05-09T20:02:13.473+0000] {taskinstance.py:2648} INFO - Exporting env vars: AIRFLOW_CTX_DAG_OWNER='***' AIRFLOW_CTX_DAG_ID='Proyecto_SpaceX' AIRFLOW_CTX_TASK_ID='Obtener_datos_SpaceX' AIRFLOW_CTX_EXECUTION_DATE='2024-03-01T00:00:00+00:00' AIRFLOW_CTX_TRY_NUMBER='3' AIRFLOW_CTX_DAG_RUN_ID='scheduled__2024-03-01T00:00:00+00:00'
[2024-05-09T20:02:13.475+0000] {taskinstance.py:430} INFO - ::endgroup::
[2024-05-09T20:02:13.507+0000] {subprocess.py:63} INFO - Tmp dir root location: /tmp
[2024-05-09T20:02:13.510+0000] {subprocess.py:75} INFO - Running command: ['/usr/bin/bash', '-c', "curl -o /tmp/history.json -L'https://api.spacexdata.com/v4/history'"]
[2024-05-09T20:02:13.521+0000] {subprocess.py:86} INFO - Output:
[2024-05-09T20:02:13.528+0000] {subprocess.py:93} INFO - Usage: curl [options...] <url>
[2024-05-09T20:02:13.528+0000] {subprocess.py:93} INFO -  -d, --data <data>          HTTP POST data
[2024-05-09T20:02:13.529+0000] {subprocess.py:93} INFO -  -f, --fail                 Fail fast with no output on HTTP errors
[2024-05-09T20:02:13.530+0000] {subprocess.py:93} INFO -  -h, --help <category>      Get help for commands
[2024-05-09T20:02:13.530+0000] {subprocess.py:93} INFO -  -i, --include              Include protocol response headers in the output
[2024-05-09T20:02:13.531+0000] {subprocess.py:93} INFO -  -o, --output <file>        Write to file instead of stdout
[2024-05-09T20:02:13.531+0000] {subprocess.py:93} INFO -  -O, --remote-name          Write output to a file named as the remote file
[2024-05-09T20:02:13.532+0000] {subprocess.py:93} INFO -  -s, --silent               Silent mode
[2024-05-09T20:02:13.533+0000] {subprocess.py:93} INFO -  -T, --upload-file <file>   Transfer local FILE to destination
[2024-05-09T20:02:13.534+0000] {subprocess.py:93} INFO -  -u, --user <user:password> Server user and password
[2024-05-09T20:02:13.534+0000] {subprocess.py:93} INFO -  -A, --user-agent <name>    Send User-Agent <name> to server
[2024-05-09T20:02:13.535+0000] {subprocess.py:93} INFO -  -v, --verbose              Make the operation more talkative
[2024-05-09T20:02:13.535+0000] {subprocess.py:93} INFO -  -V, --version              Show version number and quit
[2024-05-09T20:02:13.536+0000] {subprocess.py:93} INFO - 
[2024-05-09T20:02:13.536+0000] {subprocess.py:93} INFO - This is not the full help, this menu is stripped into categories.
[2024-05-09T20:02:13.537+0000] {subprocess.py:93} INFO - Use "--help category" to get an overview of all categories.
[2024-05-09T20:02:13.538+0000] {subprocess.py:93} INFO - For all options use the manual or "--help all".
[2024-05-09T20:02:13.539+0000] {subprocess.py:97} INFO - Command exited with return code 0
[2024-05-09T20:02:13.540+0000] {taskinstance.py:441} INFO - ::group::Post task execution logs
[2024-05-09T20:02:13.560+0000] {taskinstance.py:1206} INFO - Marking task as SUCCESS. dag_id=Proyecto_SpaceX, task_id=Obtener_datos_SpaceX, run_id=scheduled__2024-03-01T00:00:00+00:00, execution_date=20240301T000000, start_date=20240509T200213, end_date=20240509T200213
[2024-05-09T20:02:13.602+0000] {local_task_job_runner.py:240} INFO - Task exited with return code 0
[2024-05-09T20:02:13.620+0000] {taskinstance.py:3498} INFO - 0 downstream tasks scheduled from follow-on schedule check
[2024-05-09T20:02:13.625+0000] {local_task_job_runner.py:222} INFO - ::endgroup::
[2024-05-10T05:45:53.227+0000] {local_task_job_runner.py:120} INFO - ::group::Pre task execution logs
[2024-05-10T05:45:53.254+0000] {taskinstance.py:2076} INFO - Dependencies all met for dep_context=non-requeueable deps ti=<TaskInstance: Proyecto_SpaceX.Obtener_datos_SpaceX scheduled__2024-03-01T00:00:00+00:00 [queued]>
[2024-05-10T05:45:53.265+0000] {taskinstance.py:2076} INFO - Dependencies all met for dep_context=requeueable deps ti=<TaskInstance: Proyecto_SpaceX.Obtener_datos_SpaceX scheduled__2024-03-01T00:00:00+00:00 [queued]>
[2024-05-10T05:45:53.266+0000] {taskinstance.py:2306} INFO - Starting attempt 3 of 3
[2024-05-10T05:45:53.459+0000] {taskinstance.py:2330} INFO - Executing <Task(BashOperator): Obtener_datos_SpaceX> on 2024-03-01 00:00:00+00:00
[2024-05-10T05:45:53.469+0000] {warnings.py:110} WARNING - /home/***/.local/lib/python3.12/site-packages/***/task/task_runner/standard_task_runner.py:61: DeprecationWarning: This process (pid=579) is multi-threaded, use of fork() may lead to deadlocks in the child.
  pid = os.fork()

[2024-05-10T05:45:53.471+0000] {standard_task_runner.py:63} INFO - Started process 582 to run task
[2024-05-10T05:45:53.471+0000] {standard_task_runner.py:90} INFO - Running: ['***', 'tasks', 'run', 'Proyecto_SpaceX', 'Obtener_datos_SpaceX', 'scheduled__2024-03-01T00:00:00+00:00', '--job-id', '1054', '--raw', '--subdir', 'DAGS_FOLDER/Proyecto_SpaceX.py', '--cfg-path', '/tmp/tmp06j6jp9w']
[2024-05-10T05:45:53.474+0000] {standard_task_runner.py:91} INFO - Job 1054: Subtask Obtener_datos_SpaceX
[2024-05-10T05:45:53.530+0000] {task_command.py:426} INFO - Running <TaskInstance: Proyecto_SpaceX.Obtener_datos_SpaceX scheduled__2024-03-01T00:00:00+00:00 [running]> on host 1b7f0b10dd99
[2024-05-10T05:45:53.623+0000] {taskinstance.py:2648} INFO - Exporting env vars: AIRFLOW_CTX_DAG_OWNER='***' AIRFLOW_CTX_DAG_ID='Proyecto_SpaceX' AIRFLOW_CTX_TASK_ID='Obtener_datos_SpaceX' AIRFLOW_CTX_EXECUTION_DATE='2024-03-01T00:00:00+00:00' AIRFLOW_CTX_TRY_NUMBER='3' AIRFLOW_CTX_DAG_RUN_ID='scheduled__2024-03-01T00:00:00+00:00'
[2024-05-10T05:45:53.624+0000] {taskinstance.py:430} INFO - ::endgroup::
[2024-05-10T05:45:53.641+0000] {subprocess.py:63} INFO - Tmp dir root location: /tmp
[2024-05-10T05:45:53.644+0000] {subprocess.py:75} INFO - Running command: ['/usr/bin/bash', '-c', "curl -o /tmp/history.json -L'https://api.spacexdata.com/v4/history'"]
[2024-05-10T05:45:53.662+0000] {subprocess.py:86} INFO - Output:
[2024-05-10T05:45:53.674+0000] {subprocess.py:93} INFO - Usage: curl [options...] <url>
[2024-05-10T05:45:53.675+0000] {subprocess.py:93} INFO -  -d, --data <data>          HTTP POST data
[2024-05-10T05:45:53.676+0000] {subprocess.py:93} INFO -  -f, --fail                 Fail fast with no output on HTTP errors
[2024-05-10T05:45:53.678+0000] {subprocess.py:93} INFO -  -h, --help <category>      Get help for commands
[2024-05-10T05:45:53.678+0000] {subprocess.py:93} INFO -  -i, --include              Include protocol response headers in the output
[2024-05-10T05:45:53.679+0000] {subprocess.py:93} INFO -  -o, --output <file>        Write to file instead of stdout
[2024-05-10T05:45:53.680+0000] {subprocess.py:93} INFO -  -O, --remote-name          Write output to a file named as the remote file
[2024-05-10T05:45:53.681+0000] {subprocess.py:93} INFO -  -s, --silent               Silent mode
[2024-05-10T05:45:53.682+0000] {subprocess.py:93} INFO -  -T, --upload-file <file>   Transfer local FILE to destination
[2024-05-10T05:45:53.683+0000] {subprocess.py:93} INFO -  -u, --user <user:password> Server user and password
[2024-05-10T05:45:53.684+0000] {subprocess.py:93} INFO -  -A, --user-agent <name>    Send User-Agent <name> to server
[2024-05-10T05:45:53.685+0000] {subprocess.py:93} INFO -  -v, --verbose              Make the operation more talkative
[2024-05-10T05:45:53.686+0000] {subprocess.py:93} INFO -  -V, --version              Show version number and quit
[2024-05-10T05:45:53.687+0000] {subprocess.py:93} INFO - 
[2024-05-10T05:45:53.688+0000] {subprocess.py:93} INFO - This is not the full help, this menu is stripped into categories.
[2024-05-10T05:45:53.688+0000] {subprocess.py:93} INFO - Use "--help category" to get an overview of all categories.
[2024-05-10T05:45:53.689+0000] {subprocess.py:93} INFO - For all options use the manual or "--help all".
[2024-05-10T05:45:53.690+0000] {subprocess.py:97} INFO - Command exited with return code 0
[2024-05-10T05:45:53.691+0000] {taskinstance.py:441} INFO - ::group::Post task execution logs
[2024-05-10T05:45:53.726+0000] {taskinstance.py:1206} INFO - Marking task as SUCCESS. dag_id=Proyecto_SpaceX, task_id=Obtener_datos_SpaceX, run_id=scheduled__2024-03-01T00:00:00+00:00, execution_date=20240301T000000, start_date=20240510T054553, end_date=20240510T054553
[2024-05-10T05:45:53.767+0000] {local_task_job_runner.py:240} INFO - Task exited with return code 0
[2024-05-10T05:45:53.782+0000] {local_task_job_runner.py:222} INFO - ::endgroup::
