[2024-05-08T19:58:43.743+0000] {local_task_job_runner.py:120} INFO - ::group::Pre task execution logs
[2024-05-08T19:58:43.760+0000] {taskinstance.py:2076} INFO - Dependencies all met for dep_context=non-requeueable deps ti=<TaskInstance: 7.3_filesensor.creating_file scheduled__2022-07-29T00:00:00+00:00 [queued]>
[2024-05-08T19:58:43.778+0000] {taskinstance.py:2076} INFO - Dependencies all met for dep_context=requeueable deps ti=<TaskInstance: 7.3_filesensor.creating_file scheduled__2022-07-29T00:00:00+00:00 [queued]>
[2024-05-08T19:58:43.779+0000] {taskinstance.py:2306} INFO - Starting attempt 2 of 2
[2024-05-08T19:58:43.792+0000] {taskinstance.py:2330} INFO - Executing <Task(BashOperator): creating_file> on 2022-07-29 00:00:00+00:00
[2024-05-08T19:58:43.798+0000] {warnings.py:110} WARNING - /home/***/.local/lib/python3.12/site-packages/***/task/task_runner/standard_task_runner.py:61: DeprecationWarning: This process (pid=2540) is multi-threaded, use of fork() may lead to deadlocks in the child.
  pid = os.fork()

[2024-05-08T19:58:43.799+0000] {standard_task_runner.py:63} INFO - Started process 2541 to run task
[2024-05-08T19:58:43.799+0000] {standard_task_runner.py:90} INFO - Running: ['***', 'tasks', 'run', '7.3_filesensor', 'creating_file', 'scheduled__2022-07-29T00:00:00+00:00', '--job-id', '800', '--raw', '--subdir', 'DAGS_FOLDER/07_FileSensor.py', '--cfg-path', '/tmp/tmplig347j0']
[2024-05-08T19:58:43.800+0000] {standard_task_runner.py:91} INFO - Job 800: Subtask creating_file
[2024-05-08T19:58:43.840+0000] {task_command.py:426} INFO - Running <TaskInstance: 7.3_filesensor.creating_file scheduled__2022-07-29T00:00:00+00:00 [running]> on host ccc314eb571d
[2024-05-08T19:58:43.909+0000] {taskinstance.py:2648} INFO - Exporting env vars: AIRFLOW_CTX_DAG_OWNER='***' AIRFLOW_CTX_DAG_ID='7.3_filesensor' AIRFLOW_CTX_TASK_ID='creating_file' AIRFLOW_CTX_EXECUTION_DATE='2022-07-29T00:00:00+00:00' AIRFLOW_CTX_TRY_NUMBER='2' AIRFLOW_CTX_DAG_RUN_ID='scheduled__2022-07-29T00:00:00+00:00'
[2024-05-08T19:58:43.910+0000] {taskinstance.py:430} INFO - ::endgroup::
[2024-05-08T19:58:43.920+0000] {subprocess.py:63} INFO - Tmp dir root location: /tmp
[2024-05-08T19:58:43.923+0000] {subprocess.py:75} INFO - Running command: ['/usr/bin/bash', '-c', 'sleep 10 && touch /tmp/file.txt']
[2024-05-08T19:58:43.932+0000] {subprocess.py:86} INFO - Output:
[2024-05-08T19:58:53.936+0000] {subprocess.py:97} INFO - Command exited with return code 0
[2024-05-08T19:58:53.968+0000] {taskinstance.py:441} INFO - ::group::Post task execution logs
[2024-05-08T19:58:53.988+0000] {taskinstance.py:1206} INFO - Marking task as SUCCESS. dag_id=7.3_filesensor, task_id=creating_file, run_id=scheduled__2022-07-29T00:00:00+00:00, execution_date=20220729T000000, start_date=20240508T195843, end_date=20240508T195853
[2024-05-08T19:58:54.041+0000] {local_task_job_runner.py:240} INFO - Task exited with return code 0
[2024-05-08T19:58:54.060+0000] {taskinstance.py:3498} INFO - 1 downstream tasks scheduled from follow-on schedule check
[2024-05-08T19:58:54.063+0000] {local_task_job_runner.py:222} INFO - ::endgroup::
