[2024-05-08T19:51:08.862+0000] {local_task_job_runner.py:120} INFO - ::group::Pre task execution logs
[2024-05-08T19:51:08.877+0000] {taskinstance.py:2076} INFO - Dependencies all met for dep_context=non-requeueable deps ti=<TaskInstance: 7.3_filesensor.creating_file scheduled__2022-07-29T00:00:00+00:00 [queued]>
[2024-05-08T19:51:08.883+0000] {taskinstance.py:2076} INFO - Dependencies all met for dep_context=requeueable deps ti=<TaskInstance: 7.3_filesensor.creating_file scheduled__2022-07-29T00:00:00+00:00 [queued]>
[2024-05-08T19:51:08.884+0000] {taskinstance.py:2306} INFO - Starting attempt 1 of 1
[2024-05-08T19:51:08.894+0000] {taskinstance.py:2330} INFO - Executing <Task(BashOperator): creating_file> on 2022-07-29 00:00:00+00:00
[2024-05-08T19:51:08.900+0000] {warnings.py:110} WARNING - /home/***/.local/lib/python3.12/site-packages/***/task/task_runner/standard_task_runner.py:61: DeprecationWarning: This process (pid=2140) is multi-threaded, use of fork() may lead to deadlocks in the child.
  pid = os.fork()

[2024-05-08T19:51:08.901+0000] {standard_task_runner.py:90} INFO - Running: ['***', 'tasks', 'run', '7.3_filesensor', 'creating_file', 'scheduled__2022-07-29T00:00:00+00:00', '--job-id', '695', '--raw', '--subdir', 'DAGS_FOLDER/07_FileSensor.py', '--cfg-path', '/tmp/tmp12ljp0u7']
[2024-05-08T19:51:08.901+0000] {standard_task_runner.py:63} INFO - Started process 2141 to run task
[2024-05-08T19:51:08.902+0000] {standard_task_runner.py:91} INFO - Job 695: Subtask creating_file
[2024-05-08T19:51:08.937+0000] {task_command.py:426} INFO - Running <TaskInstance: 7.3_filesensor.creating_file scheduled__2022-07-29T00:00:00+00:00 [running]> on host ccc314eb571d
[2024-05-08T19:51:08.995+0000] {taskinstance.py:2648} INFO - Exporting env vars: AIRFLOW_CTX_DAG_OWNER='***' AIRFLOW_CTX_DAG_ID='7.3_filesensor' AIRFLOW_CTX_TASK_ID='creating_file' AIRFLOW_CTX_EXECUTION_DATE='2022-07-29T00:00:00+00:00' AIRFLOW_CTX_TRY_NUMBER='1' AIRFLOW_CTX_DAG_RUN_ID='scheduled__2022-07-29T00:00:00+00:00'
[2024-05-08T19:51:08.996+0000] {taskinstance.py:430} INFO - ::endgroup::
[2024-05-08T19:51:09.005+0000] {subprocess.py:63} INFO - Tmp dir root location: /tmp
[2024-05-08T19:51:09.006+0000] {subprocess.py:75} INFO - Running command: ['/usr/bin/bash', '-c', 'sleep 10 && touch /tmp/file.txt']
[2024-05-08T19:51:09.013+0000] {subprocess.py:86} INFO - Output:
[2024-05-08T19:51:19.016+0000] {subprocess.py:97} INFO - Command exited with return code 0
[2024-05-08T19:51:19.017+0000] {taskinstance.py:441} INFO - ::group::Post task execution logs
[2024-05-08T19:51:19.037+0000] {taskinstance.py:1206} INFO - Marking task as SUCCESS. dag_id=7.3_filesensor, task_id=creating_file, run_id=scheduled__2022-07-29T00:00:00+00:00, execution_date=20220729T000000, start_date=20240508T195108, end_date=20240508T195119
[2024-05-08T19:51:19.068+0000] {local_task_job_runner.py:240} INFO - Task exited with return code 0
[2024-05-08T19:51:19.089+0000] {taskinstance.py:3498} INFO - 1 downstream tasks scheduled from follow-on schedule check
[2024-05-08T19:51:19.092+0000] {local_task_job_runner.py:222} INFO - ::endgroup::
