[2024-05-07T21:42:43.757+0000] {local_task_job_runner.py:120} INFO - ::group::Pre task execution logs
[2024-05-07T21:42:43.777+0000] {taskinstance.py:2076} INFO - Dependencies all met for dep_context=non-requeueable deps ti=<TaskInstance: pythonoperator.hello_with_python scheduled__2024-05-07T00:00:00+00:00 [queued]>
[2024-05-07T21:42:43.802+0000] {taskinstance.py:2076} INFO - Dependencies all met for dep_context=requeueable deps ti=<TaskInstance: pythonoperator.hello_with_python scheduled__2024-05-07T00:00:00+00:00 [queued]>
[2024-05-07T21:42:43.836+0000] {taskinstance.py:2306} INFO - Starting attempt 1 of 1
[2024-05-07T21:42:43.862+0000] {taskinstance.py:2330} INFO - Executing <Task(PythonOperator): hello_with_python> on 2024-05-07 00:00:00+00:00
[2024-05-07T21:42:43.867+0000] {warnings.py:110} WARNING - /home/***/.local/lib/python3.12/site-packages/***/task/task_runner/standard_task_runner.py:61: DeprecationWarning: This process (pid=1063) is multi-threaded, use of fork() may lead to deadlocks in the child.
  pid = os.fork()

[2024-05-07T21:42:43.868+0000] {standard_task_runner.py:90} INFO - Running: ['***', 'tasks', 'run', 'pythonoperator', 'hello_with_python', 'scheduled__2024-05-07T00:00:00+00:00', '--job-id', '8', '--raw', '--subdir', 'DAGS_FOLDER/2_pythonoperator.py', '--cfg-path', '/tmp/tmpna82eqol']
[2024-05-07T21:42:43.870+0000] {standard_task_runner.py:63} INFO - Started process 1064 to run task
[2024-05-07T21:42:43.871+0000] {standard_task_runner.py:91} INFO - Job 8: Subtask hello_with_python
[2024-05-07T21:42:43.927+0000] {task_command.py:426} INFO - Running <TaskInstance: pythonoperator.hello_with_python scheduled__2024-05-07T00:00:00+00:00 [running]> on host 521bf890d837
[2024-05-07T21:42:44.007+0000] {taskinstance.py:2648} INFO - Exporting env vars: AIRFLOW_CTX_DAG_OWNER='***' AIRFLOW_CTX_DAG_ID='pythonoperator' AIRFLOW_CTX_TASK_ID='hello_with_python' AIRFLOW_CTX_EXECUTION_DATE='2024-05-07T00:00:00+00:00' AIRFLOW_CTX_TRY_NUMBER='1' AIRFLOW_CTX_DAG_RUN_ID='scheduled__2024-05-07T00:00:00+00:00'
[2024-05-07T21:42:44.011+0000] {taskinstance.py:430} INFO - ::endgroup::
[2024-05-07T21:42:44.026+0000] {logging_mixin.py:188} INFO - Hello gente de Platzi
[2024-05-07T21:42:44.030+0000] {python.py:237} INFO - Done. Returned value was: None
[2024-05-07T21:42:44.033+0000] {taskinstance.py:441} INFO - ::group::Post task execution logs
[2024-05-07T21:42:44.042+0000] {taskinstance.py:1206} INFO - Marking task as SUCCESS. dag_id=pythonoperator, task_id=hello_with_python, run_id=scheduled__2024-05-07T00:00:00+00:00, execution_date=20240507T000000, start_date=20240507T214243, end_date=20240507T214244
[2024-05-07T21:42:44.086+0000] {local_task_job_runner.py:240} INFO - Task exited with return code 0
[2024-05-07T21:42:44.113+0000] {taskinstance.py:3498} INFO - 0 downstream tasks scheduled from follow-on schedule check
[2024-05-07T21:42:44.117+0000] {local_task_job_runner.py:222} INFO - ::endgroup::
