[2024-05-10T06:09:02.433+0000] {local_task_job_runner.py:120} INFO - ::group::Pre task execution logs
[2024-05-10T06:09:02.450+0000] {taskinstance.py:2076} INFO - Dependencies all met for dep_context=non-requeueable deps ti=<TaskInstance: Proyecto_SpaceX_v1.Visualizar_Respuesta_Satelite scheduled__2024-03-01T00:00:00+00:00 [queued]>
[2024-05-10T06:09:02.456+0000] {taskinstance.py:2076} INFO - Dependencies all met for dep_context=requeueable deps ti=<TaskInstance: Proyecto_SpaceX_v1.Visualizar_Respuesta_Satelite scheduled__2024-03-01T00:00:00+00:00 [queued]>
[2024-05-10T06:09:02.457+0000] {taskinstance.py:2306} INFO - Starting attempt 1 of 1
[2024-05-10T06:09:02.471+0000] {taskinstance.py:2330} INFO - Executing <Task(BashOperator): Visualizar_Respuesta_Satelite> on 2024-03-01 00:00:00+00:00
[2024-05-10T06:09:02.478+0000] {warnings.py:110} WARNING - /home/***/.local/lib/python3.12/site-packages/***/task/task_runner/standard_task_runner.py:61: DeprecationWarning: This process (pid=1146) is multi-threaded, use of fork() may lead to deadlocks in the child.
  pid = os.fork()

[2024-05-10T06:09:02.480+0000] {standard_task_runner.py:63} INFO - Started process 1148 to run task
[2024-05-10T06:09:02.480+0000] {standard_task_runner.py:90} INFO - Running: ['***', 'tasks', 'run', 'Proyecto_SpaceX_v1', 'Visualizar_Respuesta_Satelite', 'scheduled__2024-03-01T00:00:00+00:00', '--job-id', '1117', '--raw', '--subdir', 'DAGS_FOLDER/Proyecto_SpaceX_v1.py', '--cfg-path', '/tmp/tmp506maf7v']
[2024-05-10T06:09:02.481+0000] {standard_task_runner.py:91} INFO - Job 1117: Subtask Visualizar_Respuesta_Satelite
[2024-05-10T06:09:02.652+0000] {task_command.py:426} INFO - Running <TaskInstance: Proyecto_SpaceX_v1.Visualizar_Respuesta_Satelite scheduled__2024-03-01T00:00:00+00:00 [running]> on host 1b7f0b10dd99
[2024-05-10T06:09:02.707+0000] {taskinstance.py:2648} INFO - Exporting env vars: AIRFLOW_CTX_DAG_OWNER='***' AIRFLOW_CTX_DAG_ID='Proyecto_SpaceX_v1' AIRFLOW_CTX_TASK_ID='Visualizar_Respuesta_Satelite' AIRFLOW_CTX_EXECUTION_DATE='2024-03-01T00:00:00+00:00' AIRFLOW_CTX_TRY_NUMBER='1' AIRFLOW_CTX_DAG_RUN_ID='scheduled__2024-03-01T00:00:00+00:00'
[2024-05-10T06:09:02.708+0000] {taskinstance.py:430} INFO - ::endgroup::
[2024-05-10T06:09:02.716+0000] {subprocess.py:63} INFO - Tmp dir root location: /tmp
[2024-05-10T06:09:02.717+0000] {subprocess.py:75} INFO - Running command: ['/usr/bin/bash', '-c', 'ls /tmp && head /tmp/platzi_data_20240301.csv']
[2024-05-10T06:09:02.726+0000] {subprocess.py:86} INFO - Output:
[2024-05-10T06:09:02.729+0000] {subprocess.py:93} INFO - ***tmp6lz47ii4
[2024-05-10T06:09:02.736+0000] {subprocess.py:93} INFO - history.json
[2024-05-10T06:09:02.737+0000] {subprocess.py:93} INFO - platzi_data_20231125.csv
[2024-05-10T06:09:02.742+0000] {subprocess.py:93} INFO - platzi_data_20231126.csv
[2024-05-10T06:09:02.743+0000] {subprocess.py:93} INFO - platzi_data_20231127.csv
[2024-05-10T06:09:02.744+0000] {subprocess.py:93} INFO - platzi_data_20240101.csv
[2024-05-10T06:09:02.745+0000] {subprocess.py:93} INFO - platzi_data_20240201.csv
[2024-05-10T06:09:02.745+0000] {subprocess.py:93} INFO - platzi_data_20240301.csv
[2024-05-10T06:09:02.746+0000] {subprocess.py:93} INFO - pymp-uyxtzsi7
[2024-05-10T06:09:02.747+0000] {subprocess.py:93} INFO - response_20231125.txt
[2024-05-10T06:09:02.748+0000] {subprocess.py:93} INFO - response_20231126.txt
[2024-05-10T06:09:02.749+0000] {subprocess.py:93} INFO - response_20231127.txt
[2024-05-10T06:09:02.749+0000] {subprocess.py:93} INFO - response_20240101.txt
[2024-05-10T06:09:02.750+0000] {subprocess.py:93} INFO - response_20240201.txt
[2024-05-10T06:09:02.750+0000] {subprocess.py:93} INFO - response_20240301.txt
[2024-05-10T06:09:02.751+0000] {subprocess.py:93} INFO - Student,timestamp
[2024-05-10T06:09:02.752+0000] {subprocess.py:93} INFO - Maria Cruz,2024-03-01 00:00:00+00:00
[2024-05-10T06:09:02.752+0000] {subprocess.py:93} INFO - Daniel Crema,2024-03-01 00:00:00+00:00
[2024-05-10T06:09:02.753+0000] {subprocess.py:93} INFO - Elon Musk,2024-03-01 00:00:00+00:00
[2024-05-10T06:09:02.754+0000] {subprocess.py:93} INFO - Karol Castrejon,2024-03-01 00:00:00+00:00
[2024-05-10T06:09:02.755+0000] {subprocess.py:93} INFO - Freddy Vega,2024-03-01 00:00:00+00:00
[2024-05-10T06:09:02.756+0000] {subprocess.py:93} INFO - Felipe Duque,2024-03-01 00:00:00+00:00
[2024-05-10T06:09:02.757+0000] {subprocess.py:97} INFO - Command exited with return code 0
[2024-05-10T06:09:02.758+0000] {taskinstance.py:441} INFO - ::group::Post task execution logs
[2024-05-10T06:09:02.784+0000] {taskinstance.py:1206} INFO - Marking task as SUCCESS. dag_id=Proyecto_SpaceX_v1, task_id=Visualizar_Respuesta_Satelite, run_id=scheduled__2024-03-01T00:00:00+00:00, execution_date=20240301T000000, start_date=20240510T060902, end_date=20240510T060902
[2024-05-10T06:09:02.856+0000] {local_task_job_runner.py:240} INFO - Task exited with return code 0
[2024-05-10T06:09:02.997+0000] {taskinstance.py:3498} INFO - 1 downstream tasks scheduled from follow-on schedule check
[2024-05-10T06:09:03.006+0000] {local_task_job_runner.py:222} INFO - ::endgroup::
