[2024-05-10T06:11:21.480+0000] {local_task_job_runner.py:120} INFO - ::group::Pre task execution logs
[2024-05-10T06:11:21.503+0000] {taskinstance.py:2076} INFO - Dependencies all met for dep_context=non-requeueable deps ti=<TaskInstance: Proyecto_SpaceX_v1.Visualizar_Respuesta_Satelite scheduled__2024-03-01T00:00:00+00:00 [queued]>
[2024-05-10T06:11:21.525+0000] {taskinstance.py:2076} INFO - Dependencies all met for dep_context=requeueable deps ti=<TaskInstance: Proyecto_SpaceX_v1.Visualizar_Respuesta_Satelite scheduled__2024-03-01T00:00:00+00:00 [queued]>
[2024-05-10T06:11:21.530+0000] {taskinstance.py:2306} INFO - Starting attempt 2 of 2
[2024-05-10T06:11:21.542+0000] {taskinstance.py:2330} INFO - Executing <Task(BashOperator): Visualizar_Respuesta_Satelite> on 2024-03-01 00:00:00+00:00
[2024-05-10T06:11:21.552+0000] {warnings.py:110} WARNING - /home/***/.local/lib/python3.12/site-packages/***/task/task_runner/standard_task_runner.py:61: DeprecationWarning: This process (pid=1301) is multi-threaded, use of fork() may lead to deadlocks in the child.
  pid = os.fork()

[2024-05-10T06:11:21.553+0000] {standard_task_runner.py:90} INFO - Running: ['***', 'tasks', 'run', 'Proyecto_SpaceX_v1', 'Visualizar_Respuesta_Satelite', 'scheduled__2024-03-01T00:00:00+00:00', '--job-id', '1145', '--raw', '--subdir', 'DAGS_FOLDER/Proyecto_SpaceX_v1.py', '--cfg-path', '/tmp/tmpxya064wd']
[2024-05-10T06:11:21.572+0000] {standard_task_runner.py:63} INFO - Started process 1303 to run task
[2024-05-10T06:11:21.573+0000] {standard_task_runner.py:91} INFO - Job 1145: Subtask Visualizar_Respuesta_Satelite
[2024-05-10T06:11:21.752+0000] {task_command.py:426} INFO - Running <TaskInstance: Proyecto_SpaceX_v1.Visualizar_Respuesta_Satelite scheduled__2024-03-01T00:00:00+00:00 [running]> on host 1b7f0b10dd99
[2024-05-10T06:11:21.827+0000] {taskinstance.py:2648} INFO - Exporting env vars: AIRFLOW_CTX_DAG_OWNER='***' AIRFLOW_CTX_DAG_ID='Proyecto_SpaceX_v1' AIRFLOW_CTX_TASK_ID='Visualizar_Respuesta_Satelite' AIRFLOW_CTX_EXECUTION_DATE='2024-03-01T00:00:00+00:00' AIRFLOW_CTX_TRY_NUMBER='2' AIRFLOW_CTX_DAG_RUN_ID='scheduled__2024-03-01T00:00:00+00:00'
[2024-05-10T06:11:21.829+0000] {taskinstance.py:430} INFO - ::endgroup::
[2024-05-10T06:11:21.838+0000] {subprocess.py:63} INFO - Tmp dir root location: /tmp
[2024-05-10T06:11:21.840+0000] {subprocess.py:75} INFO - Running command: ['/usr/bin/bash', '-c', 'ls /tmp && head /tmp/platzi_data_20240301.csv']
[2024-05-10T06:11:21.850+0000] {subprocess.py:86} INFO - Output:
[2024-05-10T06:11:21.853+0000] {subprocess.py:93} INFO - ***tmpow55xsqk
[2024-05-10T06:11:21.857+0000] {subprocess.py:93} INFO - history.json
[2024-05-10T06:11:21.858+0000] {subprocess.py:93} INFO - platzi_data_20231125.csv
[2024-05-10T06:11:21.863+0000] {subprocess.py:93} INFO - platzi_data_20231126.csv
[2024-05-10T06:11:21.864+0000] {subprocess.py:93} INFO - platzi_data_20231127.csv
[2024-05-10T06:11:21.865+0000] {subprocess.py:93} INFO - platzi_data_20240101.csv
[2024-05-10T06:11:21.865+0000] {subprocess.py:93} INFO - platzi_data_20240201.csv
[2024-05-10T06:11:21.866+0000] {subprocess.py:93} INFO - platzi_data_20240301.csv
[2024-05-10T06:11:21.867+0000] {subprocess.py:93} INFO - platzi_data_20240302.csv
[2024-05-10T06:11:21.870+0000] {subprocess.py:93} INFO - platzi_data_20240303.csv
[2024-05-10T06:11:21.871+0000] {subprocess.py:93} INFO - pymp-uyxtzsi7
[2024-05-10T06:11:21.871+0000] {subprocess.py:93} INFO - response_20231125.txt
[2024-05-10T06:11:21.877+0000] {subprocess.py:93} INFO - response_20231126.txt
[2024-05-10T06:11:21.878+0000] {subprocess.py:93} INFO - response_20231127.txt
[2024-05-10T06:11:21.880+0000] {subprocess.py:93} INFO - response_20240101.txt
[2024-05-10T06:11:21.881+0000] {subprocess.py:93} INFO - response_20240201.txt
[2024-05-10T06:11:21.882+0000] {subprocess.py:93} INFO - response_20240301.txt
[2024-05-10T06:11:21.883+0000] {subprocess.py:93} INFO - response_20240302.txt
[2024-05-10T06:11:21.886+0000] {subprocess.py:93} INFO - response_20240303.txt
[2024-05-10T06:11:21.887+0000] {subprocess.py:93} INFO - Student,timestamp
[2024-05-10T06:11:21.888+0000] {subprocess.py:93} INFO - Maria Cruz,2024-03-01 00:00:00+00:00
[2024-05-10T06:11:21.892+0000] {subprocess.py:93} INFO - Daniel Crema,2024-03-01 00:00:00+00:00
[2024-05-10T06:11:21.897+0000] {subprocess.py:93} INFO - Elon Musk,2024-03-01 00:00:00+00:00
[2024-05-10T06:11:21.899+0000] {subprocess.py:93} INFO - Karol Castrejon,2024-03-01 00:00:00+00:00
[2024-05-10T06:11:21.900+0000] {subprocess.py:93} INFO - Freddy Vega,2024-03-01 00:00:00+00:00
[2024-05-10T06:11:21.902+0000] {subprocess.py:93} INFO - Felipe Duque,2024-03-01 00:00:00+00:00
[2024-05-10T06:11:21.903+0000] {subprocess.py:97} INFO - Command exited with return code 0
[2024-05-10T06:11:21.905+0000] {taskinstance.py:441} INFO - ::group::Post task execution logs
[2024-05-10T06:11:21.942+0000] {taskinstance.py:1206} INFO - Marking task as SUCCESS. dag_id=Proyecto_SpaceX_v1, task_id=Visualizar_Respuesta_Satelite, run_id=scheduled__2024-03-01T00:00:00+00:00, execution_date=20240301T000000, start_date=20240510T061121, end_date=20240510T061121
[2024-05-10T06:11:21.996+0000] {local_task_job_runner.py:240} INFO - Task exited with return code 0
[2024-05-10T06:11:22.006+0000] {local_task_job_runner.py:222} INFO - ::endgroup::
