[2024-05-07T23:42:01.371+0000] {local_task_job_runner.py:120} INFO - ::group::Pre task execution logs
[2024-05-07T23:42:01.419+0000] {taskinstance.py:2076} INFO - Dependencies all met for dep_context=non-requeueable deps ti=<TaskInstance: 5.1_orquestacion.tarea1 scheduled__2024-03-22T00:00:00+00:00 [queued]>
[2024-05-07T23:42:01.431+0000] {taskinstance.py:2076} INFO - Dependencies all met for dep_context=requeueable deps ti=<TaskInstance: 5.1_orquestacion.tarea1 scheduled__2024-03-22T00:00:00+00:00 [queued]>
[2024-05-07T23:42:01.432+0000] {taskinstance.py:2306} INFO - Starting attempt 1 of 1
[2024-05-07T23:42:01.447+0000] {taskinstance.py:2330} INFO - Executing <Task(BashOperator): tarea1> on 2024-03-22 00:00:00+00:00
[2024-05-07T23:42:01.453+0000] {warnings.py:110} WARNING - /home/***/.local/lib/python3.12/site-packages/***/task/task_runner/standard_task_runner.py:61: DeprecationWarning: This process (pid=3105) is multi-threaded, use of fork() may lead to deadlocks in the child.
  pid = os.fork()

[2024-05-07T23:42:01.455+0000] {standard_task_runner.py:63} INFO - Started process 3106 to run task
[2024-05-07T23:42:01.455+0000] {standard_task_runner.py:90} INFO - Running: ['***', 'tasks', 'run', '5.1_orquestacion', 'tarea1', 'scheduled__2024-03-22T00:00:00+00:00', '--job-id', '136', '--raw', '--subdir', 'DAGS_FOLDER/051_orquestacion.py', '--cfg-path', '/tmp/tmp_4zjd02c']
[2024-05-07T23:42:01.456+0000] {standard_task_runner.py:91} INFO - Job 136: Subtask tarea1
[2024-05-07T23:42:01.504+0000] {task_command.py:426} INFO - Running <TaskInstance: 5.1_orquestacion.tarea1 scheduled__2024-03-22T00:00:00+00:00 [running]> on host 521bf890d837
[2024-05-07T23:42:01.646+0000] {taskinstance.py:2648} INFO - Exporting env vars: AIRFLOW_CTX_DAG_OWNER='***' AIRFLOW_CTX_DAG_ID='5.1_orquestacion' AIRFLOW_CTX_TASK_ID='tarea1' AIRFLOW_CTX_EXECUTION_DATE='2024-03-22T00:00:00+00:00' AIRFLOW_CTX_TRY_NUMBER='1' AIRFLOW_CTX_DAG_RUN_ID='scheduled__2024-03-22T00:00:00+00:00'
[2024-05-07T23:42:01.647+0000] {taskinstance.py:430} INFO - ::endgroup::
[2024-05-07T23:42:01.662+0000] {subprocess.py:63} INFO - Tmp dir root location: /tmp
[2024-05-07T23:42:01.663+0000] {subprocess.py:75} INFO - Running command: ['/usr/bin/bash', '-c', "sleep 2 && echo 'Tarea 1'"]
[2024-05-07T23:42:01.673+0000] {subprocess.py:86} INFO - Output:
[2024-05-07T23:42:03.676+0000] {subprocess.py:93} INFO - Tarea 1
[2024-05-07T23:42:03.680+0000] {subprocess.py:97} INFO - Command exited with return code 0
[2024-05-07T23:42:03.688+0000] {taskinstance.py:441} INFO - ::group::Post task execution logs
[2024-05-07T23:42:03.802+0000] {taskinstance.py:1206} INFO - Marking task as SUCCESS. dag_id=5.1_orquestacion, task_id=tarea1, run_id=scheduled__2024-03-22T00:00:00+00:00, execution_date=20240322T000000, start_date=20240507T234201, end_date=20240507T234203
[2024-05-07T23:42:03.882+0000] {local_task_job_runner.py:240} INFO - Task exited with return code 0
[2024-05-07T23:42:03.953+0000] {taskinstance.py:3498} INFO - 1 downstream tasks scheduled from follow-on schedule check
[2024-05-07T23:42:03.956+0000] {local_task_job_runner.py:222} INFO - ::endgroup::
[2024-05-07T23:49:16.589+0000] {local_task_job_runner.py:120} INFO - ::group::Pre task execution logs
[2024-05-07T23:49:16.617+0000] {taskinstance.py:2076} INFO - Dependencies all met for dep_context=non-requeueable deps ti=<TaskInstance: 5.1_orquestacion.tarea1 scheduled__2024-03-22T00:00:00+00:00 [queued]>
[2024-05-07T23:49:16.636+0000] {taskinstance.py:2076} INFO - Dependencies all met for dep_context=requeueable deps ti=<TaskInstance: 5.1_orquestacion.tarea1 scheduled__2024-03-22T00:00:00+00:00 [queued]>
[2024-05-07T23:49:16.649+0000] {taskinstance.py:2306} INFO - Starting attempt 1 of 1
[2024-05-07T23:49:16.672+0000] {taskinstance.py:2330} INFO - Executing <Task(BashOperator): tarea1> on 2024-03-22 00:00:00+00:00
[2024-05-07T23:49:16.679+0000] {warnings.py:110} WARNING - /home/***/.local/lib/python3.12/site-packages/***/task/task_runner/standard_task_runner.py:61: DeprecationWarning: This process (pid=3725) is multi-threaded, use of fork() may lead to deadlocks in the child.
  pid = os.fork()

[2024-05-07T23:49:16.681+0000] {standard_task_runner.py:90} INFO - Running: ['***', 'tasks', 'run', '5.1_orquestacion', 'tarea1', 'scheduled__2024-03-22T00:00:00+00:00', '--job-id', '269', '--raw', '--subdir', 'DAGS_FOLDER/051_orquestacion.py', '--cfg-path', '/tmp/tmppcl0ua5c']
[2024-05-07T23:49:16.690+0000] {standard_task_runner.py:63} INFO - Started process 3726 to run task
[2024-05-07T23:49:16.690+0000] {standard_task_runner.py:91} INFO - Job 269: Subtask tarea1
[2024-05-07T23:49:16.738+0000] {task_command.py:426} INFO - Running <TaskInstance: 5.1_orquestacion.tarea1 scheduled__2024-03-22T00:00:00+00:00 [running]> on host 521bf890d837
[2024-05-07T23:49:16.812+0000] {taskinstance.py:2648} INFO - Exporting env vars: AIRFLOW_CTX_DAG_OWNER='***' AIRFLOW_CTX_DAG_ID='5.1_orquestacion' AIRFLOW_CTX_TASK_ID='tarea1' AIRFLOW_CTX_EXECUTION_DATE='2024-03-22T00:00:00+00:00' AIRFLOW_CTX_TRY_NUMBER='1' AIRFLOW_CTX_DAG_RUN_ID='scheduled__2024-03-22T00:00:00+00:00'
[2024-05-07T23:49:16.818+0000] {taskinstance.py:430} INFO - ::endgroup::
[2024-05-07T23:49:16.837+0000] {subprocess.py:63} INFO - Tmp dir root location: /tmp
[2024-05-07T23:49:16.838+0000] {subprocess.py:75} INFO - Running command: ['/usr/bin/bash', '-c', "sleep 2 && echo 'Tarea 1'"]
[2024-05-07T23:49:16.857+0000] {subprocess.py:86} INFO - Output:
[2024-05-07T23:49:18.859+0000] {subprocess.py:93} INFO - Tarea 1
[2024-05-07T23:49:18.872+0000] {subprocess.py:97} INFO - Command exited with return code 0
[2024-05-07T23:49:18.873+0000] {taskinstance.py:441} INFO - ::group::Post task execution logs
[2024-05-07T23:49:18.896+0000] {taskinstance.py:1206} INFO - Marking task as SUCCESS. dag_id=5.1_orquestacion, task_id=tarea1, run_id=scheduled__2024-03-22T00:00:00+00:00, execution_date=20240322T000000, start_date=20240507T234916, end_date=20240507T234918
[2024-05-07T23:49:18.915+0000] {local_task_job_runner.py:240} INFO - Task exited with return code 0
[2024-05-07T23:49:18.940+0000] {taskinstance.py:3498} INFO - 1 downstream tasks scheduled from follow-on schedule check
[2024-05-07T23:49:18.951+0000] {local_task_job_runner.py:222} INFO - ::endgroup::
