[2024-05-07T23:42:09.264+0000] {local_task_job_runner.py:120} INFO - ::group::Pre task execution logs
[2024-05-07T23:42:09.296+0000] {taskinstance.py:2076} INFO - Dependencies all met for dep_context=non-requeueable deps ti=<TaskInstance: 5.1_orquestacion.tarea1 scheduled__2024-03-24T00:00:00+00:00 [queued]>
[2024-05-07T23:42:09.307+0000] {taskinstance.py:2076} INFO - Dependencies all met for dep_context=requeueable deps ti=<TaskInstance: 5.1_orquestacion.tarea1 scheduled__2024-03-24T00:00:00+00:00 [queued]>
[2024-05-07T23:42:09.308+0000] {taskinstance.py:2306} INFO - Starting attempt 1 of 1
[2024-05-07T23:42:09.324+0000] {taskinstance.py:2330} INFO - Executing <Task(BashOperator): tarea1> on 2024-03-24 00:00:00+00:00
[2024-05-07T23:42:09.330+0000] {warnings.py:110} WARNING - /home/***/.local/lib/python3.12/site-packages/***/task/task_runner/standard_task_runner.py:61: DeprecationWarning: This process (pid=3141) is multi-threaded, use of fork() may lead to deadlocks in the child.
  pid = os.fork()

[2024-05-07T23:42:09.332+0000] {standard_task_runner.py:63} INFO - Started process 3146 to run task
[2024-05-07T23:42:09.332+0000] {standard_task_runner.py:90} INFO - Running: ['***', 'tasks', 'run', '5.1_orquestacion', 'tarea1', 'scheduled__2024-03-24T00:00:00+00:00', '--job-id', '144', '--raw', '--subdir', 'DAGS_FOLDER/051_orquestacion.py', '--cfg-path', '/tmp/tmpmsftcpn4']
[2024-05-07T23:42:09.334+0000] {standard_task_runner.py:91} INFO - Job 144: Subtask tarea1
[2024-05-07T23:42:09.381+0000] {task_command.py:426} INFO - Running <TaskInstance: 5.1_orquestacion.tarea1 scheduled__2024-03-24T00:00:00+00:00 [running]> on host 521bf890d837
[2024-05-07T23:42:09.463+0000] {taskinstance.py:2648} INFO - Exporting env vars: AIRFLOW_CTX_DAG_OWNER='***' AIRFLOW_CTX_DAG_ID='5.1_orquestacion' AIRFLOW_CTX_TASK_ID='tarea1' AIRFLOW_CTX_EXECUTION_DATE='2024-03-24T00:00:00+00:00' AIRFLOW_CTX_TRY_NUMBER='1' AIRFLOW_CTX_DAG_RUN_ID='scheduled__2024-03-24T00:00:00+00:00'
[2024-05-07T23:42:09.464+0000] {taskinstance.py:430} INFO - ::endgroup::
[2024-05-07T23:42:09.478+0000] {subprocess.py:63} INFO - Tmp dir root location: /tmp
[2024-05-07T23:42:09.479+0000] {subprocess.py:75} INFO - Running command: ['/usr/bin/bash', '-c', "sleep 2 && echo 'Tarea 1'"]
[2024-05-07T23:42:09.487+0000] {subprocess.py:86} INFO - Output:
[2024-05-07T23:42:11.492+0000] {subprocess.py:93} INFO - Tarea 1
[2024-05-07T23:42:11.496+0000] {subprocess.py:97} INFO - Command exited with return code 0
[2024-05-07T23:42:11.504+0000] {taskinstance.py:441} INFO - ::group::Post task execution logs
[2024-05-07T23:42:11.589+0000] {taskinstance.py:1206} INFO - Marking task as SUCCESS. dag_id=5.1_orquestacion, task_id=tarea1, run_id=scheduled__2024-03-24T00:00:00+00:00, execution_date=20240324T000000, start_date=20240507T234209, end_date=20240507T234211
[2024-05-07T23:42:11.640+0000] {local_task_job_runner.py:240} INFO - Task exited with return code 0
[2024-05-07T23:42:11.682+0000] {taskinstance.py:3498} INFO - 1 downstream tasks scheduled from follow-on schedule check
[2024-05-07T23:42:11.686+0000] {local_task_job_runner.py:222} INFO - ::endgroup::
[2024-05-07T23:49:36.785+0000] {local_task_job_runner.py:120} INFO - ::group::Pre task execution logs
[2024-05-07T23:49:36.806+0000] {taskinstance.py:2076} INFO - Dependencies all met for dep_context=non-requeueable deps ti=<TaskInstance: 5.1_orquestacion.tarea1 scheduled__2024-03-24T00:00:00+00:00 [queued]>
[2024-05-07T23:49:36.814+0000] {taskinstance.py:2076} INFO - Dependencies all met for dep_context=requeueable deps ti=<TaskInstance: 5.1_orquestacion.tarea1 scheduled__2024-03-24T00:00:00+00:00 [queued]>
[2024-05-07T23:49:36.819+0000] {taskinstance.py:2306} INFO - Starting attempt 1 of 1
[2024-05-07T23:49:36.840+0000] {taskinstance.py:2330} INFO - Executing <Task(BashOperator): tarea1> on 2024-03-24 00:00:00+00:00
[2024-05-07T23:49:36.845+0000] {warnings.py:110} WARNING - /home/***/.local/lib/python3.12/site-packages/***/task/task_runner/standard_task_runner.py:61: DeprecationWarning: This process (pid=3764) is multi-threaded, use of fork() may lead to deadlocks in the child.
  pid = os.fork()

[2024-05-07T23:49:36.846+0000] {standard_task_runner.py:90} INFO - Running: ['***', 'tasks', 'run', '5.1_orquestacion', 'tarea1', 'scheduled__2024-03-24T00:00:00+00:00', '--job-id', '277', '--raw', '--subdir', 'DAGS_FOLDER/051_orquestacion.py', '--cfg-path', '/tmp/tmpneuydemq']
[2024-05-07T23:49:36.849+0000] {standard_task_runner.py:63} INFO - Started process 3765 to run task
[2024-05-07T23:49:36.851+0000] {standard_task_runner.py:91} INFO - Job 277: Subtask tarea1
[2024-05-07T23:49:36.895+0000] {task_command.py:426} INFO - Running <TaskInstance: 5.1_orquestacion.tarea1 scheduled__2024-03-24T00:00:00+00:00 [running]> on host 521bf890d837
[2024-05-07T23:49:36.957+0000] {taskinstance.py:2648} INFO - Exporting env vars: AIRFLOW_CTX_DAG_OWNER='***' AIRFLOW_CTX_DAG_ID='5.1_orquestacion' AIRFLOW_CTX_TASK_ID='tarea1' AIRFLOW_CTX_EXECUTION_DATE='2024-03-24T00:00:00+00:00' AIRFLOW_CTX_TRY_NUMBER='1' AIRFLOW_CTX_DAG_RUN_ID='scheduled__2024-03-24T00:00:00+00:00'
[2024-05-07T23:49:36.981+0000] {taskinstance.py:430} INFO - ::endgroup::
[2024-05-07T23:49:36.993+0000] {subprocess.py:63} INFO - Tmp dir root location: /tmp
[2024-05-07T23:49:36.995+0000] {subprocess.py:75} INFO - Running command: ['/usr/bin/bash', '-c', "sleep 2 && echo 'Tarea 1'"]
[2024-05-07T23:49:37.003+0000] {subprocess.py:86} INFO - Output:
[2024-05-07T23:49:39.005+0000] {subprocess.py:93} INFO - Tarea 1
[2024-05-07T23:49:39.006+0000] {subprocess.py:97} INFO - Command exited with return code 0
[2024-05-07T23:49:39.007+0000] {taskinstance.py:441} INFO - ::group::Post task execution logs
[2024-05-07T23:49:39.030+0000] {taskinstance.py:1206} INFO - Marking task as SUCCESS. dag_id=5.1_orquestacion, task_id=tarea1, run_id=scheduled__2024-03-24T00:00:00+00:00, execution_date=20240324T000000, start_date=20240507T234936, end_date=20240507T234939
[2024-05-07T23:49:39.075+0000] {local_task_job_runner.py:240} INFO - Task exited with return code 0
[2024-05-07T23:49:39.105+0000] {taskinstance.py:3498} INFO - 1 downstream tasks scheduled from follow-on schedule check
[2024-05-07T23:49:39.107+0000] {local_task_job_runner.py:222} INFO - ::endgroup::
