[2024-05-07T23:41:54.560+0000] {local_task_job_runner.py:120} INFO - ::group::Pre task execution logs
[2024-05-07T23:41:54.606+0000] {taskinstance.py:2076} INFO - Dependencies all met for dep_context=non-requeueable deps ti=<TaskInstance: 5.1_orquestacion.tarea2 scheduled__2024-03-19T00:00:00+00:00 [queued]>
[2024-05-07T23:41:54.618+0000] {taskinstance.py:2076} INFO - Dependencies all met for dep_context=requeueable deps ti=<TaskInstance: 5.1_orquestacion.tarea2 scheduled__2024-03-19T00:00:00+00:00 [queued]>
[2024-05-07T23:41:54.619+0000] {taskinstance.py:2306} INFO - Starting attempt 1 of 1
[2024-05-07T23:41:54.633+0000] {taskinstance.py:2330} INFO - Executing <Task(BashOperator): tarea2> on 2024-03-19 00:00:00+00:00
[2024-05-07T23:41:54.640+0000] {warnings.py:110} WARNING - /home/***/.local/lib/python3.12/site-packages/***/task/task_runner/standard_task_runner.py:61: DeprecationWarning: This process (pid=3072) is multi-threaded, use of fork() may lead to deadlocks in the child.
  pid = os.fork()

[2024-05-07T23:41:54.642+0000] {standard_task_runner.py:63} INFO - Started process 3077 to run task
[2024-05-07T23:41:54.641+0000] {standard_task_runner.py:90} INFO - Running: ['***', 'tasks', 'run', '5.1_orquestacion', 'tarea2', 'scheduled__2024-03-19T00:00:00+00:00', '--job-id', '131', '--raw', '--subdir', 'DAGS_FOLDER/051_orquestacion.py', '--cfg-path', '/tmp/tmp6rhyhfej']
[2024-05-07T23:41:54.643+0000] {standard_task_runner.py:91} INFO - Job 131: Subtask tarea2
[2024-05-07T23:41:54.709+0000] {task_command.py:426} INFO - Running <TaskInstance: 5.1_orquestacion.tarea2 scheduled__2024-03-19T00:00:00+00:00 [running]> on host 521bf890d837
[2024-05-07T23:41:54.796+0000] {taskinstance.py:2648} INFO - Exporting env vars: AIRFLOW_CTX_DAG_OWNER='***' AIRFLOW_CTX_DAG_ID='5.1_orquestacion' AIRFLOW_CTX_TASK_ID='tarea2' AIRFLOW_CTX_EXECUTION_DATE='2024-03-19T00:00:00+00:00' AIRFLOW_CTX_TRY_NUMBER='1' AIRFLOW_CTX_DAG_RUN_ID='scheduled__2024-03-19T00:00:00+00:00'
[2024-05-07T23:41:54.797+0000] {taskinstance.py:430} INFO - ::endgroup::
[2024-05-07T23:41:54.810+0000] {subprocess.py:63} INFO - Tmp dir root location: /tmp
[2024-05-07T23:41:54.812+0000] {subprocess.py:75} INFO - Running command: ['/usr/bin/bash', '-c', "sleep 2 && echo 'Tarea 2'"]
[2024-05-07T23:41:54.820+0000] {subprocess.py:86} INFO - Output:
[2024-05-07T23:41:56.825+0000] {subprocess.py:93} INFO - Tarea 2
[2024-05-07T23:41:56.830+0000] {subprocess.py:97} INFO - Command exited with return code 0
[2024-05-07T23:41:56.834+0000] {taskinstance.py:441} INFO - ::group::Post task execution logs
[2024-05-07T23:41:56.958+0000] {taskinstance.py:1206} INFO - Marking task as SUCCESS. dag_id=5.1_orquestacion, task_id=tarea2, run_id=scheduled__2024-03-19T00:00:00+00:00, execution_date=20240319T000000, start_date=20240507T234154, end_date=20240507T234156
[2024-05-07T23:41:57.075+0000] {local_task_job_runner.py:240} INFO - Task exited with return code 0
[2024-05-07T23:41:57.230+0000] {taskinstance.py:3498} INFO - 2 downstream tasks scheduled from follow-on schedule check
[2024-05-07T23:41:57.233+0000] {local_task_job_runner.py:222} INFO - ::endgroup::
[2024-05-07T23:48:48.720+0000] {local_task_job_runner.py:120} INFO - ::group::Pre task execution logs
[2024-05-07T23:48:48.747+0000] {taskinstance.py:2076} INFO - Dependencies all met for dep_context=non-requeueable deps ti=<TaskInstance: 5.1_orquestacion.tarea2 scheduled__2024-03-19T00:00:00+00:00 [queued]>
[2024-05-07T23:48:48.756+0000] {taskinstance.py:2076} INFO - Dependencies all met for dep_context=requeueable deps ti=<TaskInstance: 5.1_orquestacion.tarea2 scheduled__2024-03-19T00:00:00+00:00 [queued]>
[2024-05-07T23:48:48.762+0000] {taskinstance.py:2306} INFO - Starting attempt 1 of 1
[2024-05-07T23:48:48.775+0000] {taskinstance.py:2330} INFO - Executing <Task(BashOperator): tarea2> on 2024-03-19 00:00:00+00:00
[2024-05-07T23:48:48.781+0000] {warnings.py:110} WARNING - /home/***/.local/lib/python3.12/site-packages/***/task/task_runner/standard_task_runner.py:61: DeprecationWarning: This process (pid=3681) is multi-threaded, use of fork() may lead to deadlocks in the child.
  pid = os.fork()

[2024-05-07T23:48:48.782+0000] {standard_task_runner.py:90} INFO - Running: ['***', 'tasks', 'run', '5.1_orquestacion', 'tarea2', 'scheduled__2024-03-19T00:00:00+00:00', '--job-id', '258', '--raw', '--subdir', 'DAGS_FOLDER/051_orquestacion.py', '--cfg-path', '/tmp/tmpremxygcb']
[2024-05-07T23:48:48.787+0000] {standard_task_runner.py:63} INFO - Started process 3682 to run task
[2024-05-07T23:48:48.792+0000] {standard_task_runner.py:91} INFO - Job 258: Subtask tarea2
[2024-05-07T23:48:48.877+0000] {task_command.py:426} INFO - Running <TaskInstance: 5.1_orquestacion.tarea2 scheduled__2024-03-19T00:00:00+00:00 [running]> on host 521bf890d837
[2024-05-07T23:48:48.953+0000] {taskinstance.py:2648} INFO - Exporting env vars: AIRFLOW_CTX_DAG_OWNER='***' AIRFLOW_CTX_DAG_ID='5.1_orquestacion' AIRFLOW_CTX_TASK_ID='tarea2' AIRFLOW_CTX_EXECUTION_DATE='2024-03-19T00:00:00+00:00' AIRFLOW_CTX_TRY_NUMBER='1' AIRFLOW_CTX_DAG_RUN_ID='scheduled__2024-03-19T00:00:00+00:00'
[2024-05-07T23:48:48.966+0000] {taskinstance.py:430} INFO - ::endgroup::
[2024-05-07T23:48:48.987+0000] {subprocess.py:63} INFO - Tmp dir root location: /tmp
[2024-05-07T23:48:48.991+0000] {subprocess.py:75} INFO - Running command: ['/usr/bin/bash', '-c', "sleep 2 && echo 'Tarea 2'"]
[2024-05-07T23:48:48.999+0000] {subprocess.py:86} INFO - Output:
[2024-05-07T23:48:51.001+0000] {subprocess.py:93} INFO - Tarea 2
[2024-05-07T23:48:51.002+0000] {subprocess.py:97} INFO - Command exited with return code 0
[2024-05-07T23:48:51.006+0000] {taskinstance.py:441} INFO - ::group::Post task execution logs
[2024-05-07T23:48:51.038+0000] {taskinstance.py:1206} INFO - Marking task as SUCCESS. dag_id=5.1_orquestacion, task_id=tarea2, run_id=scheduled__2024-03-19T00:00:00+00:00, execution_date=20240319T000000, start_date=20240507T234848, end_date=20240507T234851
[2024-05-07T23:48:51.099+0000] {local_task_job_runner.py:240} INFO - Task exited with return code 0
[2024-05-07T23:48:51.113+0000] {local_task_job_runner.py:222} INFO - ::endgroup::
