[2024-05-07T23:27:54.190+0000] {local_task_job_runner.py:120} INFO - ::group::Pre task execution logs
[2024-05-07T23:27:54.228+0000] {taskinstance.py:2076} INFO - Dependencies all met for dep_context=non-requeueable deps ti=<TaskInstance: 5.1_orquestacion.tarea3 scheduled__2024-05-04T00:00:00+00:00 [queued]>
[2024-05-07T23:27:54.235+0000] {taskinstance.py:2076} INFO - Dependencies all met for dep_context=requeueable deps ti=<TaskInstance: 5.1_orquestacion.tarea3 scheduled__2024-05-04T00:00:00+00:00 [queued]>
[2024-05-07T23:27:54.238+0000] {taskinstance.py:2306} INFO - Starting attempt 1 of 1
[2024-05-07T23:27:54.251+0000] {taskinstance.py:2330} INFO - Executing <Task(BashOperator): tarea3> on 2024-05-04 00:00:00+00:00
[2024-05-07T23:27:54.257+0000] {warnings.py:110} WARNING - /home/***/.local/lib/python3.12/site-packages/***/task/task_runner/standard_task_runner.py:61: DeprecationWarning: This process (pid=2535) is multi-threaded, use of fork() may lead to deadlocks in the child.
  pid = os.fork()

[2024-05-07T23:27:54.259+0000] {standard_task_runner.py:63} INFO - Started process 2537 to run task
[2024-05-07T23:27:54.260+0000] {standard_task_runner.py:90} INFO - Running: ['***', 'tasks', 'run', '5.1_orquestacion', 'tarea3', 'scheduled__2024-05-04T00:00:00+00:00', '--job-id', '38', '--raw', '--subdir', 'DAGS_FOLDER/051_orquestacion.py', '--cfg-path', '/tmp/tmphq11vudr']
[2024-05-07T23:27:54.262+0000] {standard_task_runner.py:91} INFO - Job 38: Subtask tarea3
[2024-05-07T23:27:54.329+0000] {task_command.py:426} INFO - Running <TaskInstance: 5.1_orquestacion.tarea3 scheduled__2024-05-04T00:00:00+00:00 [running]> on host 521bf890d837
[2024-05-07T23:27:54.542+0000] {taskinstance.py:2648} INFO - Exporting env vars: AIRFLOW_CTX_DAG_OWNER='***' AIRFLOW_CTX_DAG_ID='5.1_orquestacion' AIRFLOW_CTX_TASK_ID='tarea3' AIRFLOW_CTX_EXECUTION_DATE='2024-05-04T00:00:00+00:00' AIRFLOW_CTX_TRY_NUMBER='1' AIRFLOW_CTX_DAG_RUN_ID='scheduled__2024-05-04T00:00:00+00:00'
[2024-05-07T23:27:54.543+0000] {taskinstance.py:430} INFO - ::endgroup::
[2024-05-07T23:27:54.557+0000] {subprocess.py:63} INFO - Tmp dir root location: /tmp
[2024-05-07T23:27:54.559+0000] {subprocess.py:75} INFO - Running command: ['/usr/bin/bash', '-c', "sleep 2 && echo 'Tarea 3'"]
[2024-05-07T23:27:54.570+0000] {subprocess.py:86} INFO - Output:
[2024-05-07T23:27:56.573+0000] {subprocess.py:93} INFO - Tarea 3
[2024-05-07T23:27:56.574+0000] {subprocess.py:97} INFO - Command exited with return code 0
[2024-05-07T23:27:56.575+0000] {taskinstance.py:441} INFO - ::group::Post task execution logs
[2024-05-07T23:27:56.597+0000] {taskinstance.py:1206} INFO - Marking task as SUCCESS. dag_id=5.1_orquestacion, task_id=tarea3, run_id=scheduled__2024-05-04T00:00:00+00:00, execution_date=20240504T000000, start_date=20240507T232754, end_date=20240507T232756
[2024-05-07T23:27:56.643+0000] {local_task_job_runner.py:240} INFO - Task exited with return code 0
[2024-05-07T23:27:56.670+0000] {taskinstance.py:3498} INFO - 0 downstream tasks scheduled from follow-on schedule check
[2024-05-07T23:27:56.673+0000] {local_task_job_runner.py:222} INFO - ::endgroup::
