[2024-05-07T23:42:05.146+0000] {local_task_job_runner.py:120} INFO - ::group::Pre task execution logs
[2024-05-07T23:42:05.182+0000] {taskinstance.py:2076} INFO - Dependencies all met for dep_context=non-requeueable deps ti=<TaskInstance: 5.1_orquestacion.tarea3 scheduled__2024-03-21T00:00:00+00:00 [queued]>
[2024-05-07T23:42:05.194+0000] {taskinstance.py:2076} INFO - Dependencies all met for dep_context=requeueable deps ti=<TaskInstance: 5.1_orquestacion.tarea3 scheduled__2024-03-21T00:00:00+00:00 [queued]>
[2024-05-07T23:42:05.195+0000] {taskinstance.py:2306} INFO - Starting attempt 1 of 1
[2024-05-07T23:42:05.209+0000] {taskinstance.py:2330} INFO - Executing <Task(BashOperator): tarea3> on 2024-03-21 00:00:00+00:00
[2024-05-07T23:42:05.215+0000] {warnings.py:110} WARNING - /home/***/.local/lib/python3.12/site-packages/***/task/task_runner/standard_task_runner.py:61: DeprecationWarning: This process (pid=3121) is multi-threaded, use of fork() may lead to deadlocks in the child.
  pid = os.fork()

[2024-05-07T23:42:05.216+0000] {standard_task_runner.py:63} INFO - Started process 3123 to run task
[2024-05-07T23:42:05.216+0000] {standard_task_runner.py:90} INFO - Running: ['***', 'tasks', 'run', '5.1_orquestacion', 'tarea3', 'scheduled__2024-03-21T00:00:00+00:00', '--job-id', '141', '--raw', '--subdir', 'DAGS_FOLDER/051_orquestacion.py', '--cfg-path', '/tmp/tmpyib1mm0j']
[2024-05-07T23:42:05.218+0000] {standard_task_runner.py:91} INFO - Job 141: Subtask tarea3
[2024-05-07T23:42:05.282+0000] {task_command.py:426} INFO - Running <TaskInstance: 5.1_orquestacion.tarea3 scheduled__2024-03-21T00:00:00+00:00 [running]> on host 521bf890d837
[2024-05-07T23:42:05.369+0000] {taskinstance.py:2648} INFO - Exporting env vars: AIRFLOW_CTX_DAG_OWNER='***' AIRFLOW_CTX_DAG_ID='5.1_orquestacion' AIRFLOW_CTX_TASK_ID='tarea3' AIRFLOW_CTX_EXECUTION_DATE='2024-03-21T00:00:00+00:00' AIRFLOW_CTX_TRY_NUMBER='1' AIRFLOW_CTX_DAG_RUN_ID='scheduled__2024-03-21T00:00:00+00:00'
[2024-05-07T23:42:05.370+0000] {taskinstance.py:430} INFO - ::endgroup::
[2024-05-07T23:42:05.382+0000] {subprocess.py:63} INFO - Tmp dir root location: /tmp
[2024-05-07T23:42:05.383+0000] {subprocess.py:75} INFO - Running command: ['/usr/bin/bash', '-c', "sleep 2 && echo 'Tarea 3'"]
[2024-05-07T23:42:05.391+0000] {subprocess.py:86} INFO - Output:
[2024-05-07T23:42:07.393+0000] {subprocess.py:93} INFO - Tarea 3
[2024-05-07T23:42:07.400+0000] {subprocess.py:97} INFO - Command exited with return code 0
[2024-05-07T23:42:07.409+0000] {taskinstance.py:441} INFO - ::group::Post task execution logs
[2024-05-07T23:42:07.485+0000] {taskinstance.py:1206} INFO - Marking task as SUCCESS. dag_id=5.1_orquestacion, task_id=tarea3, run_id=scheduled__2024-03-21T00:00:00+00:00, execution_date=20240321T000000, start_date=20240507T234205, end_date=20240507T234207
[2024-05-07T23:42:07.564+0000] {local_task_job_runner.py:240} INFO - Task exited with return code 0
[2024-05-07T23:42:07.600+0000] {taskinstance.py:3498} INFO - 0 downstream tasks scheduled from follow-on schedule check
[2024-05-07T23:42:07.603+0000] {local_task_job_runner.py:222} INFO - ::endgroup::
[2024-05-07T23:49:12.647+0000] {local_task_job_runner.py:120} INFO - ::group::Pre task execution logs
[2024-05-07T23:49:12.673+0000] {taskinstance.py:2076} INFO - Dependencies all met for dep_context=non-requeueable deps ti=<TaskInstance: 5.1_orquestacion.tarea3 scheduled__2024-03-21T00:00:00+00:00 [queued]>
[2024-05-07T23:49:12.682+0000] {taskinstance.py:2076} INFO - Dependencies all met for dep_context=requeueable deps ti=<TaskInstance: 5.1_orquestacion.tarea3 scheduled__2024-03-21T00:00:00+00:00 [queued]>
[2024-05-07T23:49:12.683+0000] {taskinstance.py:2306} INFO - Starting attempt 1 of 1
[2024-05-07T23:49:12.696+0000] {taskinstance.py:2330} INFO - Executing <Task(BashOperator): tarea3> on 2024-03-21 00:00:00+00:00
[2024-05-07T23:49:12.701+0000] {warnings.py:110} WARNING - /home/***/.local/lib/python3.12/site-packages/***/task/task_runner/standard_task_runner.py:61: DeprecationWarning: This process (pid=3718) is multi-threaded, use of fork() may lead to deadlocks in the child.
  pid = os.fork()

[2024-05-07T23:49:12.703+0000] {standard_task_runner.py:63} INFO - Started process 3720 to run task
[2024-05-07T23:49:12.704+0000] {standard_task_runner.py:90} INFO - Running: ['***', 'tasks', 'run', '5.1_orquestacion', 'tarea3', 'scheduled__2024-03-21T00:00:00+00:00', '--job-id', '268', '--raw', '--subdir', 'DAGS_FOLDER/051_orquestacion.py', '--cfg-path', '/tmp/tmpj2my8g9y']
[2024-05-07T23:49:12.706+0000] {standard_task_runner.py:91} INFO - Job 268: Subtask tarea3
[2024-05-07T23:49:12.741+0000] {task_command.py:426} INFO - Running <TaskInstance: 5.1_orquestacion.tarea3 scheduled__2024-03-21T00:00:00+00:00 [running]> on host 521bf890d837
[2024-05-07T23:49:12.809+0000] {taskinstance.py:2648} INFO - Exporting env vars: AIRFLOW_CTX_DAG_OWNER='***' AIRFLOW_CTX_DAG_ID='5.1_orquestacion' AIRFLOW_CTX_TASK_ID='tarea3' AIRFLOW_CTX_EXECUTION_DATE='2024-03-21T00:00:00+00:00' AIRFLOW_CTX_TRY_NUMBER='1' AIRFLOW_CTX_DAG_RUN_ID='scheduled__2024-03-21T00:00:00+00:00'
[2024-05-07T23:49:12.810+0000] {taskinstance.py:430} INFO - ::endgroup::
[2024-05-07T23:49:12.824+0000] {subprocess.py:63} INFO - Tmp dir root location: /tmp
[2024-05-07T23:49:12.825+0000] {subprocess.py:75} INFO - Running command: ['/usr/bin/bash', '-c', "sleep 2 && echo 'Tarea 3'"]
[2024-05-07T23:49:12.832+0000] {subprocess.py:86} INFO - Output:
[2024-05-07T23:49:14.834+0000] {subprocess.py:93} INFO - Tarea 3
[2024-05-07T23:49:14.835+0000] {subprocess.py:97} INFO - Command exited with return code 0
[2024-05-07T23:49:14.837+0000] {taskinstance.py:441} INFO - ::group::Post task execution logs
[2024-05-07T23:49:14.860+0000] {taskinstance.py:1206} INFO - Marking task as SUCCESS. dag_id=5.1_orquestacion, task_id=tarea3, run_id=scheduled__2024-03-21T00:00:00+00:00, execution_date=20240321T000000, start_date=20240507T234912, end_date=20240507T234914
[2024-05-07T23:49:14.928+0000] {local_task_job_runner.py:240} INFO - Task exited with return code 0
[2024-05-07T23:49:14.940+0000] {taskinstance.py:3498} INFO - 0 downstream tasks scheduled from follow-on schedule check
[2024-05-07T23:49:14.943+0000] {local_task_job_runner.py:222} INFO - ::endgroup::
