[2024-05-08T21:57:04.570+0000] {local_task_job_runner.py:120} INFO - ::group::Pre task execution logs
[2024-05-08T21:57:04.602+0000] {taskinstance.py:2076} INFO - Dependencies all met for dep_context=non-requeueable deps ti=<TaskInstance: 10_branching.start_15_june scheduled__2022-07-26T00:00:00+00:00 [queued]>
[2024-05-08T21:57:04.615+0000] {taskinstance.py:2076} INFO - Dependencies all met for dep_context=requeueable deps ti=<TaskInstance: 10_branching.start_15_june scheduled__2022-07-26T00:00:00+00:00 [queued]>
[2024-05-08T21:57:04.616+0000] {taskinstance.py:2306} INFO - Starting attempt 1 of 1
[2024-05-08T21:57:04.633+0000] {taskinstance.py:2330} INFO - Executing <Task(BashOperator): start_15_june> on 2022-07-26 00:00:00+00:00
[2024-05-08T21:57:04.640+0000] {warnings.py:110} WARNING - /home/***/.local/lib/python3.12/site-packages/***/task/task_runner/standard_task_runner.py:61: DeprecationWarning: This process (pid=4065) is multi-threaded, use of fork() may lead to deadlocks in the child.
  pid = os.fork()

[2024-05-08T21:57:04.641+0000] {standard_task_runner.py:63} INFO - Started process 4066 to run task
[2024-05-08T21:57:04.641+0000] {standard_task_runner.py:90} INFO - Running: ['***', 'tasks', 'run', '10_branching', 'start_15_june', 'scheduled__2022-07-26T00:00:00+00:00', '--job-id', '902', '--raw', '--subdir', 'DAGS_FOLDER/10_branchpythonoperator.py', '--cfg-path', '/tmp/tmpm0qpl1dc']
[2024-05-08T21:57:04.643+0000] {standard_task_runner.py:91} INFO - Job 902: Subtask start_15_june
[2024-05-08T21:57:04.707+0000] {task_command.py:426} INFO - Running <TaskInstance: 10_branching.start_15_june scheduled__2022-07-26T00:00:00+00:00 [running]> on host ccc314eb571d
[2024-05-08T21:57:04.792+0000] {taskinstance.py:2648} INFO - Exporting env vars: AIRFLOW_CTX_DAG_OWNER='***' AIRFLOW_CTX_DAG_ID='10_branching' AIRFLOW_CTX_TASK_ID='start_15_june' AIRFLOW_CTX_EXECUTION_DATE='2022-07-26T00:00:00+00:00' AIRFLOW_CTX_TRY_NUMBER='1' AIRFLOW_CTX_DAG_RUN_ID='scheduled__2022-07-26T00:00:00+00:00'
[2024-05-08T21:57:04.793+0000] {taskinstance.py:430} INFO - ::endgroup::
[2024-05-08T21:57:04.805+0000] {subprocess.py:63} INFO - Tmp dir root location: /tmp
[2024-05-08T21:57:04.806+0000] {subprocess.py:75} INFO - Running command: ['/usr/bin/bash', '-c', "echo 'Running 2022-07-26'"]
[2024-05-08T21:57:04.814+0000] {subprocess.py:86} INFO - Output:
[2024-05-08T21:57:04.815+0000] {subprocess.py:93} INFO - Running 2022-07-26
[2024-05-08T21:57:04.816+0000] {subprocess.py:97} INFO - Command exited with return code 0
[2024-05-08T21:57:04.817+0000] {taskinstance.py:441} INFO - ::group::Post task execution logs
[2024-05-08T21:57:04.838+0000] {taskinstance.py:1206} INFO - Marking task as SUCCESS. dag_id=10_branching, task_id=start_15_june, run_id=scheduled__2022-07-26T00:00:00+00:00, execution_date=20220726T000000, start_date=20240508T215704, end_date=20240508T215704
[2024-05-08T21:57:04.897+0000] {local_task_job_runner.py:240} INFO - Task exited with return code 0
[2024-05-08T21:57:04.927+0000] {taskinstance.py:3498} INFO - 0 downstream tasks scheduled from follow-on schedule check
[2024-05-08T21:57:04.930+0000] {local_task_job_runner.py:222} INFO - ::endgroup::
