[2024-05-07T23:41:13.774+0000] {local_task_job_runner.py:120} INFO - ::group::Pre task execution logs
[2024-05-07T23:41:13.803+0000] {taskinstance.py:2076} INFO - Dependencies all met for dep_context=non-requeueable deps ti=<TaskInstance: 5.1_orquestacion.tarea4 scheduled__2024-03-07T00:00:00+00:00 [queued]>
[2024-05-07T23:41:13.815+0000] {taskinstance.py:2076} INFO - Dependencies all met for dep_context=requeueable deps ti=<TaskInstance: 5.1_orquestacion.tarea4 scheduled__2024-03-07T00:00:00+00:00 [queued]>
[2024-05-07T23:41:13.816+0000] {taskinstance.py:2306} INFO - Starting attempt 1 of 1
[2024-05-07T23:41:13.836+0000] {taskinstance.py:2330} INFO - Executing <Task(BashOperator): tarea4> on 2024-03-07 00:00:00+00:00
[2024-05-07T23:41:13.842+0000] {warnings.py:110} WARNING - /home/***/.local/lib/python3.12/site-packages/***/task/task_runner/standard_task_runner.py:61: DeprecationWarning: This process (pid=2889) is multi-threaded, use of fork() may lead to deadlocks in the child.
  pid = os.fork()

[2024-05-07T23:41:13.844+0000] {standard_task_runner.py:63} INFO - Started process 2894 to run task
[2024-05-07T23:41:13.844+0000] {standard_task_runner.py:90} INFO - Running: ['***', 'tasks', 'run', '5.1_orquestacion', 'tarea4', 'scheduled__2024-03-07T00:00:00+00:00', '--job-id', '87', '--raw', '--subdir', 'DAGS_FOLDER/051_orquestacion.py', '--cfg-path', '/tmp/tmp2fjdi9s6']
[2024-05-07T23:41:13.845+0000] {standard_task_runner.py:91} INFO - Job 87: Subtask tarea4
[2024-05-07T23:41:13.894+0000] {task_command.py:426} INFO - Running <TaskInstance: 5.1_orquestacion.tarea4 scheduled__2024-03-07T00:00:00+00:00 [running]> on host 521bf890d837
[2024-05-07T23:41:13.981+0000] {taskinstance.py:2648} INFO - Exporting env vars: AIRFLOW_CTX_DAG_OWNER='***' AIRFLOW_CTX_DAG_ID='5.1_orquestacion' AIRFLOW_CTX_TASK_ID='tarea4' AIRFLOW_CTX_EXECUTION_DATE='2024-03-07T00:00:00+00:00' AIRFLOW_CTX_TRY_NUMBER='1' AIRFLOW_CTX_DAG_RUN_ID='scheduled__2024-03-07T00:00:00+00:00'
[2024-05-07T23:41:13.981+0000] {taskinstance.py:430} INFO - ::endgroup::
[2024-05-07T23:41:13.995+0000] {subprocess.py:63} INFO - Tmp dir root location: /tmp
[2024-05-07T23:41:13.996+0000] {subprocess.py:75} INFO - Running command: ['/usr/bin/bash', '-c', "sleep 2 && echo 'Tarea 4'"]
[2024-05-07T23:41:14.003+0000] {subprocess.py:86} INFO - Output:
[2024-05-07T23:41:16.008+0000] {subprocess.py:93} INFO - Tarea 4
[2024-05-07T23:41:16.014+0000] {subprocess.py:97} INFO - Command exited with return code 0
[2024-05-07T23:41:16.020+0000] {taskinstance.py:441} INFO - ::group::Post task execution logs
[2024-05-07T23:41:16.170+0000] {taskinstance.py:1206} INFO - Marking task as SUCCESS. dag_id=5.1_orquestacion, task_id=tarea4, run_id=scheduled__2024-03-07T00:00:00+00:00, execution_date=20240307T000000, start_date=20240507T234113, end_date=20240507T234116
[2024-05-07T23:41:16.512+0000] {local_task_job_runner.py:240} INFO - Task exited with return code 0
[2024-05-07T23:41:16.521+0000] {local_task_job_runner.py:222} INFO - ::endgroup::
[2024-05-07T23:46:32.208+0000] {local_task_job_runner.py:120} INFO - ::group::Pre task execution logs
[2024-05-07T23:46:32.237+0000] {taskinstance.py:2076} INFO - Dependencies all met for dep_context=non-requeueable deps ti=<TaskInstance: 5.1_orquestacion.tarea4 scheduled__2024-03-07T00:00:00+00:00 [queued]>
[2024-05-07T23:46:32.249+0000] {taskinstance.py:2076} INFO - Dependencies all met for dep_context=requeueable deps ti=<TaskInstance: 5.1_orquestacion.tarea4 scheduled__2024-03-07T00:00:00+00:00 [queued]>
[2024-05-07T23:46:32.254+0000] {taskinstance.py:2306} INFO - Starting attempt 1 of 1
[2024-05-07T23:46:32.286+0000] {taskinstance.py:2330} INFO - Executing <Task(BashOperator): tarea4> on 2024-03-07 00:00:00+00:00
[2024-05-07T23:46:32.294+0000] {warnings.py:110} WARNING - /home/***/.local/lib/python3.12/site-packages/***/task/task_runner/standard_task_runner.py:61: DeprecationWarning: This process (pid=3458) is multi-threaded, use of fork() may lead to deadlocks in the child.
  pid = os.fork()

[2024-05-07T23:46:32.296+0000] {standard_task_runner.py:90} INFO - Running: ['***', 'tasks', 'run', '5.1_orquestacion', 'tarea4', 'scheduled__2024-03-07T00:00:00+00:00', '--job-id', '211', '--raw', '--subdir', 'DAGS_FOLDER/051_orquestacion.py', '--cfg-path', '/tmp/tmpwy270aja']
[2024-05-07T23:46:32.302+0000] {standard_task_runner.py:63} INFO - Started process 3461 to run task
[2024-05-07T23:46:32.309+0000] {standard_task_runner.py:91} INFO - Job 211: Subtask tarea4
[2024-05-07T23:46:32.365+0000] {task_command.py:426} INFO - Running <TaskInstance: 5.1_orquestacion.tarea4 scheduled__2024-03-07T00:00:00+00:00 [running]> on host 521bf890d837
[2024-05-07T23:46:32.449+0000] {taskinstance.py:2648} INFO - Exporting env vars: AIRFLOW_CTX_DAG_OWNER='***' AIRFLOW_CTX_DAG_ID='5.1_orquestacion' AIRFLOW_CTX_TASK_ID='tarea4' AIRFLOW_CTX_EXECUTION_DATE='2024-03-07T00:00:00+00:00' AIRFLOW_CTX_TRY_NUMBER='1' AIRFLOW_CTX_DAG_RUN_ID='scheduled__2024-03-07T00:00:00+00:00'
[2024-05-07T23:46:32.450+0000] {taskinstance.py:430} INFO - ::endgroup::
[2024-05-07T23:46:32.463+0000] {subprocess.py:63} INFO - Tmp dir root location: /tmp
[2024-05-07T23:46:32.473+0000] {subprocess.py:75} INFO - Running command: ['/usr/bin/bash', '-c', "sleep 2 && echo 'Tarea 4'"]
[2024-05-07T23:46:32.491+0000] {subprocess.py:86} INFO - Output:
[2024-05-07T23:46:34.494+0000] {subprocess.py:93} INFO - Tarea 4
[2024-05-07T23:46:34.495+0000] {subprocess.py:97} INFO - Command exited with return code 0
[2024-05-07T23:46:34.498+0000] {taskinstance.py:441} INFO - ::group::Post task execution logs
[2024-05-07T23:46:34.526+0000] {taskinstance.py:1206} INFO - Marking task as SUCCESS. dag_id=5.1_orquestacion, task_id=tarea4, run_id=scheduled__2024-03-07T00:00:00+00:00, execution_date=20240307T000000, start_date=20240507T234632, end_date=20240507T234634
[2024-05-07T23:46:34.576+0000] {local_task_job_runner.py:240} INFO - Task exited with return code 0
[2024-05-07T23:46:34.590+0000] {taskinstance.py:3498} INFO - 0 downstream tasks scheduled from follow-on schedule check
[2024-05-07T23:46:34.593+0000] {local_task_job_runner.py:222} INFO - ::endgroup::
