[2024-05-10T06:09:27.265+0000] {local_task_job_runner.py:120} INFO - ::group::Pre task execution logs
[2024-05-10T06:09:27.283+0000] {taskinstance.py:2076} INFO - Dependencies all met for dep_context=non-requeueable deps ti=<TaskInstance: Proyecto_SpaceX_v1.Lectura_Datos_NASA scheduled__2024-03-02T00:00:00+00:00 [queued]>
[2024-05-10T06:09:27.289+0000] {taskinstance.py:2076} INFO - Dependencies all met for dep_context=requeueable deps ti=<TaskInstance: Proyecto_SpaceX_v1.Lectura_Datos_NASA scheduled__2024-03-02T00:00:00+00:00 [queued]>
[2024-05-10T06:09:27.291+0000] {taskinstance.py:2306} INFO - Starting attempt 1 of 1
[2024-05-10T06:09:27.302+0000] {taskinstance.py:2330} INFO - Executing <Task(BashOperator): Lectura_Datos_NASA> on 2024-03-02 00:00:00+00:00
[2024-05-10T06:09:27.308+0000] {warnings.py:110} WARNING - /home/***/.local/lib/python3.12/site-packages/***/task/task_runner/standard_task_runner.py:61: DeprecationWarning: This process (pid=1167) is multi-threaded, use of fork() may lead to deadlocks in the child.
  pid = os.fork()

[2024-05-10T06:09:27.310+0000] {standard_task_runner.py:63} INFO - Started process 1169 to run task
[2024-05-10T06:09:27.310+0000] {standard_task_runner.py:90} INFO - Running: ['***', 'tasks', 'run', 'Proyecto_SpaceX_v1', 'Lectura_Datos_NASA', 'scheduled__2024-03-02T00:00:00+00:00', '--job-id', '1120', '--raw', '--subdir', 'DAGS_FOLDER/Proyecto_SpaceX_v1.py', '--cfg-path', '/tmp/tmpeta9u982']
[2024-05-10T06:09:27.312+0000] {standard_task_runner.py:91} INFO - Job 1120: Subtask Lectura_Datos_NASA
[2024-05-10T06:09:27.353+0000] {task_command.py:426} INFO - Running <TaskInstance: Proyecto_SpaceX_v1.Lectura_Datos_NASA scheduled__2024-03-02T00:00:00+00:00 [running]> on host 1b7f0b10dd99
[2024-05-10T06:09:27.547+0000] {taskinstance.py:2648} INFO - Exporting env vars: AIRFLOW_CTX_DAG_OWNER='***' AIRFLOW_CTX_DAG_ID='Proyecto_SpaceX_v1' AIRFLOW_CTX_TASK_ID='Lectura_Datos_NASA' AIRFLOW_CTX_EXECUTION_DATE='2024-03-02T00:00:00+00:00' AIRFLOW_CTX_TRY_NUMBER='1' AIRFLOW_CTX_DAG_RUN_ID='scheduled__2024-03-02T00:00:00+00:00'
[2024-05-10T06:09:27.579+0000] {taskinstance.py:430} INFO - ::endgroup::
[2024-05-10T06:09:27.590+0000] {subprocess.py:63} INFO - Tmp dir root location: /tmp
[2024-05-10T06:09:27.594+0000] {subprocess.py:75} INFO - Running command: ['/usr/bin/bash', '-c', 'ls /tmp && head /tmp/response_20240302.txt']
[2024-05-10T06:09:27.612+0000] {subprocess.py:86} INFO - Output:
[2024-05-10T06:09:27.615+0000] {subprocess.py:93} INFO - ***tmpobd63qt2
[2024-05-10T06:09:27.615+0000] {subprocess.py:93} INFO - history.json
[2024-05-10T06:09:27.616+0000] {subprocess.py:93} INFO - platzi_data_20231125.csv
[2024-05-10T06:09:27.617+0000] {subprocess.py:93} INFO - platzi_data_20231126.csv
[2024-05-10T06:09:27.617+0000] {subprocess.py:93} INFO - platzi_data_20231127.csv
[2024-05-10T06:09:27.618+0000] {subprocess.py:93} INFO - platzi_data_20240101.csv
[2024-05-10T06:09:27.633+0000] {subprocess.py:93} INFO - platzi_data_20240201.csv
[2024-05-10T06:09:27.635+0000] {subprocess.py:93} INFO - platzi_data_20240301.csv
[2024-05-10T06:09:27.640+0000] {subprocess.py:93} INFO - pymp-uyxtzsi7
[2024-05-10T06:09:27.641+0000] {subprocess.py:93} INFO - response_20231125.txt
[2024-05-10T06:09:27.645+0000] {subprocess.py:93} INFO - response_20231126.txt
[2024-05-10T06:09:27.648+0000] {subprocess.py:93} INFO - response_20231127.txt
[2024-05-10T06:09:27.652+0000] {subprocess.py:93} INFO - response_20240101.txt
[2024-05-10T06:09:27.661+0000] {subprocess.py:93} INFO - response_20240201.txt
[2024-05-10T06:09:27.663+0000] {subprocess.py:93} INFO - response_20240301.txt
[2024-05-10T06:09:27.668+0000] {subprocess.py:93} INFO - response_20240302.txt
[2024-05-10T06:09:27.670+0000] {subprocess.py:93} INFO - Confirmación, puede proceder
[2024-05-10T06:09:27.671+0000] {subprocess.py:97} INFO - Command exited with return code 0
[2024-05-10T06:09:27.673+0000] {taskinstance.py:441} INFO - ::group::Post task execution logs
[2024-05-10T06:09:27.697+0000] {taskinstance.py:1206} INFO - Marking task as SUCCESS. dag_id=Proyecto_SpaceX_v1, task_id=Lectura_Datos_NASA, run_id=scheduled__2024-03-02T00:00:00+00:00, execution_date=20240302T000000, start_date=20240510T060927, end_date=20240510T060927
[2024-05-10T06:09:27.725+0000] {local_task_job_runner.py:240} INFO - Task exited with return code 0
[2024-05-10T06:09:27.866+0000] {taskinstance.py:3498} INFO - 1 downstream tasks scheduled from follow-on schedule check
[2024-05-10T06:09:27.871+0000] {local_task_job_runner.py:222} INFO - ::endgroup::
