[2024-05-10T06:14:10.305+0000] {local_task_job_runner.py:120} INFO - ::group::Pre task execution logs
[2024-05-10T06:14:10.322+0000] {taskinstance.py:2076} INFO - Dependencies all met for dep_context=non-requeueable deps ti=<TaskInstance: Proyecto_SpaceX_v1.Enviar_Mensaje scheduled__2024-03-07T00:00:00+00:00 [queued]>
[2024-05-10T06:14:10.331+0000] {taskinstance.py:2076} INFO - Dependencies all met for dep_context=requeueable deps ti=<TaskInstance: Proyecto_SpaceX_v1.Enviar_Mensaje scheduled__2024-03-07T00:00:00+00:00 [queued]>
[2024-05-10T06:14:10.331+0000] {taskinstance.py:2306} INFO - Starting attempt 1 of 1
[2024-05-10T06:14:10.344+0000] {taskinstance.py:2330} INFO - Executing <Task(BashOperator): Enviar_Mensaje> on 2024-03-07 00:00:00+00:00
[2024-05-10T06:14:10.351+0000] {warnings.py:110} WARNING - /home/***/.local/lib/python3.12/site-packages/***/task/task_runner/standard_task_runner.py:61: DeprecationWarning: This process (pid=1491) is multi-threaded, use of fork() may lead to deadlocks in the child.
  pid = os.fork()

[2024-05-10T06:14:10.352+0000] {standard_task_runner.py:63} INFO - Started process 1493 to run task
[2024-05-10T06:14:10.352+0000] {standard_task_runner.py:90} INFO - Running: ['***', 'tasks', 'run', 'Proyecto_SpaceX_v1', 'Enviar_Mensaje', 'scheduled__2024-03-07T00:00:00+00:00', '--job-id', '1181', '--raw', '--subdir', 'DAGS_FOLDER/Proyecto_SpaceX_v1.py', '--cfg-path', '/tmp/tmpe2y118tg']
[2024-05-10T06:14:10.355+0000] {standard_task_runner.py:91} INFO - Job 1181: Subtask Enviar_Mensaje
[2024-05-10T06:14:10.398+0000] {task_command.py:426} INFO - Running <TaskInstance: Proyecto_SpaceX_v1.Enviar_Mensaje scheduled__2024-03-07T00:00:00+00:00 [running]> on host 1b7f0b10dd99
[2024-05-10T06:14:10.610+0000] {taskinstance.py:2648} INFO - Exporting env vars: AIRFLOW_CTX_DAG_OWNER='***' AIRFLOW_CTX_DAG_ID='Proyecto_SpaceX_v1' AIRFLOW_CTX_TASK_ID='Enviar_Mensaje' AIRFLOW_CTX_EXECUTION_DATE='2024-03-07T00:00:00+00:00' AIRFLOW_CTX_TRY_NUMBER='1' AIRFLOW_CTX_DAG_RUN_ID='scheduled__2024-03-07T00:00:00+00:00'
[2024-05-10T06:14:10.611+0000] {taskinstance.py:430} INFO - ::endgroup::
[2024-05-10T06:14:10.619+0000] {subprocess.py:63} INFO - Tmp dir root location: /tmp
[2024-05-10T06:14:10.621+0000] {subprocess.py:75} INFO - Running command: ['/usr/bin/bash', '-c', "echo '2024-03-07: Los datos fueron cargados'"]
[2024-05-10T06:14:10.631+0000] {subprocess.py:86} INFO - Output:
[2024-05-10T06:14:10.632+0000] {subprocess.py:93} INFO - 2024-03-07: Los datos fueron cargados
[2024-05-10T06:14:10.632+0000] {subprocess.py:97} INFO - Command exited with return code 0
[2024-05-10T06:14:10.633+0000] {taskinstance.py:441} INFO - ::group::Post task execution logs
[2024-05-10T06:14:10.664+0000] {taskinstance.py:1206} INFO - Marking task as SUCCESS. dag_id=Proyecto_SpaceX_v1, task_id=Enviar_Mensaje, run_id=scheduled__2024-03-07T00:00:00+00:00, execution_date=20240307T000000, start_date=20240510T061410, end_date=20240510T061410
[2024-05-10T06:14:10.728+0000] {local_task_job_runner.py:240} INFO - Task exited with return code 0
[2024-05-10T06:14:10.744+0000] {taskinstance.py:3498} INFO - 0 downstream tasks scheduled from follow-on schedule check
[2024-05-10T06:14:10.754+0000] {local_task_job_runner.py:222} INFO - ::endgroup::
