[2024-05-07T23:41:13.770+0000] {local_task_job_runner.py:120} INFO - ::group::Pre task execution logs
[2024-05-07T23:41:13.800+0000] {taskinstance.py:2076} INFO - Dependencies all met for dep_context=non-requeueable deps ti=<TaskInstance: 5.1_orquestacion.tarea3 scheduled__2024-03-07T00:00:00+00:00 [queued]>
[2024-05-07T23:41:13.811+0000] {taskinstance.py:2076} INFO - Dependencies all met for dep_context=requeueable deps ti=<TaskInstance: 5.1_orquestacion.tarea3 scheduled__2024-03-07T00:00:00+00:00 [queued]>
[2024-05-07T23:41:13.812+0000] {taskinstance.py:2306} INFO - Starting attempt 1 of 1
[2024-05-07T23:41:13.830+0000] {taskinstance.py:2330} INFO - Executing <Task(BashOperator): tarea3> on 2024-03-07 00:00:00+00:00
[2024-05-07T23:41:13.836+0000] {warnings.py:110} WARNING - /home/***/.local/lib/python3.12/site-packages/***/task/task_runner/standard_task_runner.py:61: DeprecationWarning: This process (pid=2887) is multi-threaded, use of fork() may lead to deadlocks in the child.
  pid = os.fork()

[2024-05-07T23:41:13.838+0000] {standard_task_runner.py:63} INFO - Started process 2892 to run task
[2024-05-07T23:41:13.838+0000] {standard_task_runner.py:90} INFO - Running: ['***', 'tasks', 'run', '5.1_orquestacion', 'tarea3', 'scheduled__2024-03-07T00:00:00+00:00', '--job-id', '85', '--raw', '--subdir', 'DAGS_FOLDER/051_orquestacion.py', '--cfg-path', '/tmp/tmp_v_mj2u_']
[2024-05-07T23:41:13.839+0000] {standard_task_runner.py:91} INFO - Job 85: Subtask tarea3
[2024-05-07T23:41:13.886+0000] {task_command.py:426} INFO - Running <TaskInstance: 5.1_orquestacion.tarea3 scheduled__2024-03-07T00:00:00+00:00 [running]> on host 521bf890d837
[2024-05-07T23:41:13.973+0000] {taskinstance.py:2648} INFO - Exporting env vars: AIRFLOW_CTX_DAG_OWNER='***' AIRFLOW_CTX_DAG_ID='5.1_orquestacion' AIRFLOW_CTX_TASK_ID='tarea3' AIRFLOW_CTX_EXECUTION_DATE='2024-03-07T00:00:00+00:00' AIRFLOW_CTX_TRY_NUMBER='1' AIRFLOW_CTX_DAG_RUN_ID='scheduled__2024-03-07T00:00:00+00:00'
[2024-05-07T23:41:13.974+0000] {taskinstance.py:430} INFO - ::endgroup::
[2024-05-07T23:41:13.987+0000] {subprocess.py:63} INFO - Tmp dir root location: /tmp
[2024-05-07T23:41:13.989+0000] {subprocess.py:75} INFO - Running command: ['/usr/bin/bash', '-c', "sleep 2 && echo 'Tarea 3'"]
[2024-05-07T23:41:13.998+0000] {subprocess.py:86} INFO - Output:
[2024-05-07T23:41:16.001+0000] {subprocess.py:93} INFO - Tarea 3
[2024-05-07T23:41:16.006+0000] {subprocess.py:97} INFO - Command exited with return code 0
[2024-05-07T23:41:16.013+0000] {taskinstance.py:441} INFO - ::group::Post task execution logs
[2024-05-07T23:41:16.161+0000] {taskinstance.py:1206} INFO - Marking task as SUCCESS. dag_id=5.1_orquestacion, task_id=tarea3, run_id=scheduled__2024-03-07T00:00:00+00:00, execution_date=20240307T000000, start_date=20240507T234113, end_date=20240507T234116
[2024-05-07T23:41:16.507+0000] {local_task_job_runner.py:240} INFO - Task exited with return code 0
[2024-05-07T23:41:16.521+0000] {taskinstance.py:3498} INFO - 0 downstream tasks scheduled from follow-on schedule check
[2024-05-07T23:41:16.526+0000] {local_task_job_runner.py:222} INFO - ::endgroup::
[2024-05-07T23:46:32.208+0000] {local_task_job_runner.py:120} INFO - ::group::Pre task execution logs
[2024-05-07T23:46:32.237+0000] {taskinstance.py:2076} INFO - Dependencies all met for dep_context=non-requeueable deps ti=<TaskInstance: 5.1_orquestacion.tarea3 scheduled__2024-03-07T00:00:00+00:00 [queued]>
[2024-05-07T23:46:32.249+0000] {taskinstance.py:2076} INFO - Dependencies all met for dep_context=requeueable deps ti=<TaskInstance: 5.1_orquestacion.tarea3 scheduled__2024-03-07T00:00:00+00:00 [queued]>
[2024-05-07T23:46:32.254+0000] {taskinstance.py:2306} INFO - Starting attempt 1 of 1
[2024-05-07T23:46:32.288+0000] {taskinstance.py:2330} INFO - Executing <Task(BashOperator): tarea3> on 2024-03-07 00:00:00+00:00
[2024-05-07T23:46:32.294+0000] {warnings.py:110} WARNING - /home/***/.local/lib/python3.12/site-packages/***/task/task_runner/standard_task_runner.py:61: DeprecationWarning: This process (pid=3459) is multi-threaded, use of fork() may lead to deadlocks in the child.
  pid = os.fork()

[2024-05-07T23:46:32.296+0000] {standard_task_runner.py:90} INFO - Running: ['***', 'tasks', 'run', '5.1_orquestacion', 'tarea3', 'scheduled__2024-03-07T00:00:00+00:00', '--job-id', '212', '--raw', '--subdir', 'DAGS_FOLDER/051_orquestacion.py', '--cfg-path', '/tmp/tmpnkf4r0kj']
[2024-05-07T23:46:32.302+0000] {standard_task_runner.py:63} INFO - Started process 3460 to run task
[2024-05-07T23:46:32.309+0000] {standard_task_runner.py:91} INFO - Job 212: Subtask tarea3
[2024-05-07T23:46:32.365+0000] {task_command.py:426} INFO - Running <TaskInstance: 5.1_orquestacion.tarea3 scheduled__2024-03-07T00:00:00+00:00 [running]> on host 521bf890d837
[2024-05-07T23:46:32.447+0000] {taskinstance.py:2648} INFO - Exporting env vars: AIRFLOW_CTX_DAG_OWNER='***' AIRFLOW_CTX_DAG_ID='5.1_orquestacion' AIRFLOW_CTX_TASK_ID='tarea3' AIRFLOW_CTX_EXECUTION_DATE='2024-03-07T00:00:00+00:00' AIRFLOW_CTX_TRY_NUMBER='1' AIRFLOW_CTX_DAG_RUN_ID='scheduled__2024-03-07T00:00:00+00:00'
[2024-05-07T23:46:32.448+0000] {taskinstance.py:430} INFO - ::endgroup::
[2024-05-07T23:46:32.469+0000] {subprocess.py:63} INFO - Tmp dir root location: /tmp
[2024-05-07T23:46:32.480+0000] {subprocess.py:75} INFO - Running command: ['/usr/bin/bash', '-c', "sleep 2 && echo 'Tarea 3'"]
[2024-05-07T23:46:32.491+0000] {subprocess.py:86} INFO - Output:
[2024-05-07T23:46:34.494+0000] {subprocess.py:93} INFO - Tarea 3
[2024-05-07T23:46:34.495+0000] {subprocess.py:97} INFO - Command exited with return code 0
[2024-05-07T23:46:34.497+0000] {taskinstance.py:441} INFO - ::group::Post task execution logs
[2024-05-07T23:46:34.527+0000] {taskinstance.py:1206} INFO - Marking task as SUCCESS. dag_id=5.1_orquestacion, task_id=tarea3, run_id=scheduled__2024-03-07T00:00:00+00:00, execution_date=20240307T000000, start_date=20240507T234632, end_date=20240507T234634
[2024-05-07T23:46:34.576+0000] {local_task_job_runner.py:240} INFO - Task exited with return code 0
[2024-05-07T23:46:34.585+0000] {local_task_job_runner.py:222} INFO - ::endgroup::
