[2024-05-10T06:13:27.781+0000] {local_task_job_runner.py:120} INFO - ::group::Pre task execution logs
[2024-05-10T06:13:27.796+0000] {taskinstance.py:2076} INFO - Dependencies all met for dep_context=non-requeueable deps ti=<TaskInstance: Proyecto_SpaceX_v1.Obtener_datos_SpaceX scheduled__2024-03-06T00:00:00+00:00 [queued]>
[2024-05-10T06:13:27.803+0000] {taskinstance.py:2076} INFO - Dependencies all met for dep_context=requeueable deps ti=<TaskInstance: Proyecto_SpaceX_v1.Obtener_datos_SpaceX scheduled__2024-03-06T00:00:00+00:00 [queued]>
[2024-05-10T06:13:27.807+0000] {taskinstance.py:2306} INFO - Starting attempt 1 of 1
[2024-05-10T06:13:27.821+0000] {taskinstance.py:2330} INFO - Executing <Task(BashOperator): Obtener_datos_SpaceX> on 2024-03-06 00:00:00+00:00
[2024-05-10T06:13:27.827+0000] {warnings.py:110} WARNING - /home/***/.local/lib/python3.12/site-packages/***/task/task_runner/standard_task_runner.py:61: DeprecationWarning: This process (pid=1438) is multi-threaded, use of fork() may lead to deadlocks in the child.
  pid = os.fork()

[2024-05-10T06:13:27.829+0000] {standard_task_runner.py:63} INFO - Started process 1440 to run task
[2024-05-10T06:13:27.828+0000] {standard_task_runner.py:90} INFO - Running: ['***', 'tasks', 'run', 'Proyecto_SpaceX_v1', 'Obtener_datos_SpaceX', 'scheduled__2024-03-06T00:00:00+00:00', '--job-id', '1170', '--raw', '--subdir', 'DAGS_FOLDER/Proyecto_SpaceX_v1.py', '--cfg-path', '/tmp/tmpgynv8iyr']
[2024-05-10T06:13:27.830+0000] {standard_task_runner.py:91} INFO - Job 1170: Subtask Obtener_datos_SpaceX
[2024-05-10T06:13:27.868+0000] {task_command.py:426} INFO - Running <TaskInstance: Proyecto_SpaceX_v1.Obtener_datos_SpaceX scheduled__2024-03-06T00:00:00+00:00 [running]> on host 1b7f0b10dd99
[2024-05-10T06:13:28.067+0000] {taskinstance.py:2648} INFO - Exporting env vars: AIRFLOW_CTX_DAG_OWNER='***' AIRFLOW_CTX_DAG_ID='Proyecto_SpaceX_v1' AIRFLOW_CTX_TASK_ID='Obtener_datos_SpaceX' AIRFLOW_CTX_EXECUTION_DATE='2024-03-06T00:00:00+00:00' AIRFLOW_CTX_TRY_NUMBER='1' AIRFLOW_CTX_DAG_RUN_ID='scheduled__2024-03-06T00:00:00+00:00'
[2024-05-10T06:13:28.068+0000] {taskinstance.py:430} INFO - ::endgroup::
[2024-05-10T06:13:28.076+0000] {subprocess.py:63} INFO - Tmp dir root location: /tmp
[2024-05-10T06:13:28.077+0000] {subprocess.py:75} INFO - Running command: ['/usr/bin/bash', '-c', "curl -o /tmp/history.json -L 'https://api.spacexdata.com/v4/history'"]
[2024-05-10T06:13:28.086+0000] {subprocess.py:86} INFO - Output:
[2024-05-10T06:13:28.091+0000] {subprocess.py:93} INFO -   % Total    % Received % Xferd  Average Speed   Time    Time     Time  Current
[2024-05-10T06:13:28.091+0000] {subprocess.py:93} INFO -                                  Dload  Upload   Total   Spent    Left  Speed
[2024-05-10T06:13:28.319+0000] {subprocess.py:93} INFO -   0     0    0     0    0     0      0      0 --:--:-- --:--:-- --:--:--     0  0     0    0     0    0     0      0      0 --:--:-- --:--:-- --:--:--     0100  6756    0  6756    0     0  29583      0 --:--:-- --:--:-- --:--:-- 29502
[2024-05-10T06:13:28.322+0000] {subprocess.py:97} INFO - Command exited with return code 0
[2024-05-10T06:13:28.324+0000] {taskinstance.py:441} INFO - ::group::Post task execution logs
[2024-05-10T06:13:28.351+0000] {taskinstance.py:1206} INFO - Marking task as SUCCESS. dag_id=Proyecto_SpaceX_v1, task_id=Obtener_datos_SpaceX, run_id=scheduled__2024-03-06T00:00:00+00:00, execution_date=20240306T000000, start_date=20240510T061327, end_date=20240510T061328
[2024-05-10T06:13:28.406+0000] {local_task_job_runner.py:240} INFO - Task exited with return code 0
[2024-05-10T06:13:28.554+0000] {taskinstance.py:3498} INFO - 1 downstream tasks scheduled from follow-on schedule check
[2024-05-10T06:13:28.563+0000] {local_task_job_runner.py:222} INFO - ::endgroup::
