[2024-05-07T23:41:40.272+0000] {local_task_job_runner.py:120} INFO - ::group::Pre task execution logs
[2024-05-07T23:41:40.298+0000] {taskinstance.py:2076} INFO - Dependencies all met for dep_context=non-requeueable deps ti=<TaskInstance: 5.1_orquestacion.tarea2 scheduled__2024-03-15T00:00:00+00:00 [queued]>
[2024-05-07T23:41:40.309+0000] {taskinstance.py:2076} INFO - Dependencies all met for dep_context=requeueable deps ti=<TaskInstance: 5.1_orquestacion.tarea2 scheduled__2024-03-15T00:00:00+00:00 [queued]>
[2024-05-07T23:41:40.310+0000] {taskinstance.py:2306} INFO - Starting attempt 1 of 1
[2024-05-07T23:41:40.324+0000] {taskinstance.py:2330} INFO - Executing <Task(BashOperator): tarea2> on 2024-03-15 00:00:00+00:00
[2024-05-07T23:41:40.329+0000] {warnings.py:110} WARNING - /home/***/.local/lib/python3.12/site-packages/***/task/task_runner/standard_task_runner.py:61: DeprecationWarning: This process (pid=3008) is multi-threaded, use of fork() may lead to deadlocks in the child.
  pid = os.fork()

[2024-05-07T23:41:40.331+0000] {standard_task_runner.py:63} INFO - Started process 3012 to run task
[2024-05-07T23:41:40.331+0000] {standard_task_runner.py:90} INFO - Running: ['***', 'tasks', 'run', '5.1_orquestacion', 'tarea2', 'scheduled__2024-03-15T00:00:00+00:00', '--job-id', '115', '--raw', '--subdir', 'DAGS_FOLDER/051_orquestacion.py', '--cfg-path', '/tmp/tmpm0wvxp7g']
[2024-05-07T23:41:40.332+0000] {standard_task_runner.py:91} INFO - Job 115: Subtask tarea2
[2024-05-07T23:41:40.376+0000] {task_command.py:426} INFO - Running <TaskInstance: 5.1_orquestacion.tarea2 scheduled__2024-03-15T00:00:00+00:00 [running]> on host 521bf890d837
[2024-05-07T23:41:40.486+0000] {taskinstance.py:2648} INFO - Exporting env vars: AIRFLOW_CTX_DAG_OWNER='***' AIRFLOW_CTX_DAG_ID='5.1_orquestacion' AIRFLOW_CTX_TASK_ID='tarea2' AIRFLOW_CTX_EXECUTION_DATE='2024-03-15T00:00:00+00:00' AIRFLOW_CTX_TRY_NUMBER='1' AIRFLOW_CTX_DAG_RUN_ID='scheduled__2024-03-15T00:00:00+00:00'
[2024-05-07T23:41:40.495+0000] {taskinstance.py:430} INFO - ::endgroup::
[2024-05-07T23:41:40.509+0000] {subprocess.py:63} INFO - Tmp dir root location: /tmp
[2024-05-07T23:41:40.510+0000] {subprocess.py:75} INFO - Running command: ['/usr/bin/bash', '-c', "sleep 2 && echo 'Tarea 2'"]
[2024-05-07T23:41:40.519+0000] {subprocess.py:86} INFO - Output:
[2024-05-07T23:41:42.521+0000] {subprocess.py:93} INFO - Tarea 2
[2024-05-07T23:41:42.523+0000] {subprocess.py:97} INFO - Command exited with return code 0
[2024-05-07T23:41:42.527+0000] {taskinstance.py:441} INFO - ::group::Post task execution logs
[2024-05-07T23:41:42.645+0000] {taskinstance.py:1206} INFO - Marking task as SUCCESS. dag_id=5.1_orquestacion, task_id=tarea2, run_id=scheduled__2024-03-15T00:00:00+00:00, execution_date=20240315T000000, start_date=20240507T234140, end_date=20240507T234142
[2024-05-07T23:41:42.798+0000] {local_task_job_runner.py:240} INFO - Task exited with return code 0
[2024-05-07T23:41:42.857+0000] {taskinstance.py:3498} INFO - 2 downstream tasks scheduled from follow-on schedule check
[2024-05-07T23:41:42.860+0000] {local_task_job_runner.py:222} INFO - ::endgroup::
[2024-05-07T23:48:00.653+0000] {local_task_job_runner.py:120} INFO - ::group::Pre task execution logs
[2024-05-07T23:48:00.676+0000] {taskinstance.py:2076} INFO - Dependencies all met for dep_context=non-requeueable deps ti=<TaskInstance: 5.1_orquestacion.tarea2 scheduled__2024-03-15T00:00:00+00:00 [queued]>
[2024-05-07T23:48:00.692+0000] {taskinstance.py:2076} INFO - Dependencies all met for dep_context=requeueable deps ti=<TaskInstance: 5.1_orquestacion.tarea2 scheduled__2024-03-15T00:00:00+00:00 [queued]>
[2024-05-07T23:48:00.693+0000] {taskinstance.py:2306} INFO - Starting attempt 1 of 1
[2024-05-07T23:48:00.720+0000] {taskinstance.py:2330} INFO - Executing <Task(BashOperator): tarea2> on 2024-03-15 00:00:00+00:00
[2024-05-07T23:48:00.729+0000] {warnings.py:110} WARNING - /home/***/.local/lib/python3.12/site-packages/***/task/task_runner/standard_task_runner.py:61: DeprecationWarning: This process (pid=3603) is multi-threaded, use of fork() may lead to deadlocks in the child.
  pid = os.fork()

[2024-05-07T23:48:00.730+0000] {standard_task_runner.py:90} INFO - Running: ['***', 'tasks', 'run', '5.1_orquestacion', 'tarea2', 'scheduled__2024-03-15T00:00:00+00:00', '--job-id', '242', '--raw', '--subdir', 'DAGS_FOLDER/051_orquestacion.py', '--cfg-path', '/tmp/tmpgtquufnr']
[2024-05-07T23:48:00.738+0000] {standard_task_runner.py:63} INFO - Started process 3604 to run task
[2024-05-07T23:48:00.747+0000] {standard_task_runner.py:91} INFO - Job 242: Subtask tarea2
[2024-05-07T23:48:00.786+0000] {task_command.py:426} INFO - Running <TaskInstance: 5.1_orquestacion.tarea2 scheduled__2024-03-15T00:00:00+00:00 [running]> on host 521bf890d837
[2024-05-07T23:48:01.192+0000] {taskinstance.py:2648} INFO - Exporting env vars: AIRFLOW_CTX_DAG_OWNER='***' AIRFLOW_CTX_DAG_ID='5.1_orquestacion' AIRFLOW_CTX_TASK_ID='tarea2' AIRFLOW_CTX_EXECUTION_DATE='2024-03-15T00:00:00+00:00' AIRFLOW_CTX_TRY_NUMBER='1' AIRFLOW_CTX_DAG_RUN_ID='scheduled__2024-03-15T00:00:00+00:00'
[2024-05-07T23:48:01.201+0000] {taskinstance.py:430} INFO - ::endgroup::
[2024-05-07T23:48:01.275+0000] {subprocess.py:63} INFO - Tmp dir root location: /tmp
[2024-05-07T23:48:01.276+0000] {subprocess.py:75} INFO - Running command: ['/usr/bin/bash', '-c', "sleep 2 && echo 'Tarea 2'"]
[2024-05-07T23:48:01.304+0000] {subprocess.py:86} INFO - Output:
[2024-05-07T23:48:03.307+0000] {subprocess.py:93} INFO - Tarea 2
[2024-05-07T23:48:03.315+0000] {subprocess.py:97} INFO - Command exited with return code 0
[2024-05-07T23:48:03.322+0000] {taskinstance.py:441} INFO - ::group::Post task execution logs
[2024-05-07T23:48:03.502+0000] {taskinstance.py:1206} INFO - Marking task as SUCCESS. dag_id=5.1_orquestacion, task_id=tarea2, run_id=scheduled__2024-03-15T00:00:00+00:00, execution_date=20240315T000000, start_date=20240507T234800, end_date=20240507T234803
[2024-05-07T23:48:03.581+0000] {local_task_job_runner.py:240} INFO - Task exited with return code 0
[2024-05-07T23:48:03.607+0000] {taskinstance.py:3498} INFO - 2 downstream tasks scheduled from follow-on schedule check
[2024-05-07T23:48:03.610+0000] {local_task_job_runner.py:222} INFO - ::endgroup::
