[2024-05-09T20:01:43.662+0000] {local_task_job_runner.py:120} INFO - ::group::Pre task execution logs
[2024-05-09T20:01:43.678+0000] {taskinstance.py:2076} INFO - Dependencies all met for dep_context=non-requeueable deps ti=<TaskInstance: Proyecto_SpaceX.Lectura_Datos scheduled__2024-02-01T00:00:00+00:00 [queued]>
[2024-05-09T20:01:43.686+0000] {taskinstance.py:2076} INFO - Dependencies all met for dep_context=requeueable deps ti=<TaskInstance: Proyecto_SpaceX.Lectura_Datos scheduled__2024-02-01T00:00:00+00:00 [queued]>
[2024-05-09T20:01:43.690+0000] {taskinstance.py:2306} INFO - Starting attempt 3 of 3
[2024-05-09T20:01:43.815+0000] {taskinstance.py:2330} INFO - Executing <Task(BashOperator): Lectura_Datos> on 2024-02-01 00:00:00+00:00
[2024-05-09T20:01:43.821+0000] {warnings.py:110} WARNING - /home/***/.local/lib/python3.12/site-packages/***/task/task_runner/standard_task_runner.py:61: DeprecationWarning: This process (pid=1230) is multi-threaded, use of fork() may lead to deadlocks in the child.
  pid = os.fork()

[2024-05-09T20:01:43.823+0000] {standard_task_runner.py:63} INFO - Started process 1232 to run task
[2024-05-09T20:01:43.822+0000] {standard_task_runner.py:90} INFO - Running: ['***', 'tasks', 'run', 'Proyecto_SpaceX', 'Lectura_Datos', 'scheduled__2024-02-01T00:00:00+00:00', '--job-id', '973', '--raw', '--subdir', 'DAGS_FOLDER/Proyecto_SpaceX.py', '--cfg-path', '/tmp/tmpbmffn2on']
[2024-05-09T20:01:43.825+0000] {standard_task_runner.py:91} INFO - Job 973: Subtask Lectura_Datos
[2024-05-09T20:01:43.860+0000] {task_command.py:426} INFO - Running <TaskInstance: Proyecto_SpaceX.Lectura_Datos scheduled__2024-02-01T00:00:00+00:00 [running]> on host 7a81a983afb0
[2024-05-09T20:01:43.922+0000] {taskinstance.py:2648} INFO - Exporting env vars: AIRFLOW_CTX_DAG_OWNER='***' AIRFLOW_CTX_DAG_ID='Proyecto_SpaceX' AIRFLOW_CTX_TASK_ID='Lectura_Datos' AIRFLOW_CTX_EXECUTION_DATE='2024-02-01T00:00:00+00:00' AIRFLOW_CTX_TRY_NUMBER='3' AIRFLOW_CTX_DAG_RUN_ID='scheduled__2024-02-01T00:00:00+00:00'
[2024-05-09T20:01:43.924+0000] {taskinstance.py:430} INFO - ::endgroup::
[2024-05-09T20:01:43.935+0000] {subprocess.py:63} INFO - Tmp dir root location: /tmp
[2024-05-09T20:01:43.936+0000] {subprocess.py:75} INFO - Running command: ['/usr/bin/bash', '-c', 'ls /tmp && head /tmp/response_20240201.txt']
[2024-05-09T20:01:43.945+0000] {subprocess.py:86} INFO - Output:
[2024-05-09T20:01:43.948+0000] {subprocess.py:93} INFO - ***tmpyd_mg8ho
[2024-05-09T20:01:43.948+0000] {subprocess.py:93} INFO - platzi_data_20240101.csv
[2024-05-09T20:01:43.949+0000] {subprocess.py:93} INFO - platzi_data_20240201.csv
[2024-05-09T20:01:43.949+0000] {subprocess.py:93} INFO - platzi_data_20240301.csv
[2024-05-09T20:01:43.950+0000] {subprocess.py:93} INFO - pymp-lgtt6ocg
[2024-05-09T20:01:43.950+0000] {subprocess.py:93} INFO - response_20240101.txt
[2024-05-09T20:01:43.951+0000] {subprocess.py:93} INFO - response_20240201.txt
[2024-05-09T20:01:43.951+0000] {subprocess.py:93} INFO - response_20240301.txt
[2024-05-09T20:01:43.952+0000] {subprocess.py:93} INFO - Confirmación, puede proceder
[2024-05-09T20:01:43.952+0000] {subprocess.py:97} INFO - Command exited with return code 0
[2024-05-09T20:01:43.953+0000] {taskinstance.py:441} INFO - ::group::Post task execution logs
[2024-05-09T20:01:43.978+0000] {taskinstance.py:1206} INFO - Marking task as SUCCESS. dag_id=Proyecto_SpaceX, task_id=Lectura_Datos, run_id=scheduled__2024-02-01T00:00:00+00:00, execution_date=20240201T000000, start_date=20240509T200143, end_date=20240509T200143
[2024-05-09T20:01:43.997+0000] {local_task_job_runner.py:240} INFO - Task exited with return code 0
[2024-05-09T20:01:44.018+0000] {taskinstance.py:3498} INFO - 2 downstream tasks scheduled from follow-on schedule check
[2024-05-09T20:01:44.021+0000] {local_task_job_runner.py:222} INFO - ::endgroup::
[2024-05-10T05:45:19.000+0000] {local_task_job_runner.py:120} INFO - ::group::Pre task execution logs
[2024-05-10T05:45:19.034+0000] {taskinstance.py:2076} INFO - Dependencies all met for dep_context=non-requeueable deps ti=<TaskInstance: Proyecto_SpaceX.Lectura_Datos scheduled__2024-02-01T00:00:00+00:00 [queued]>
[2024-05-10T05:45:19.056+0000] {taskinstance.py:2076} INFO - Dependencies all met for dep_context=requeueable deps ti=<TaskInstance: Proyecto_SpaceX.Lectura_Datos scheduled__2024-02-01T00:00:00+00:00 [queued]>
[2024-05-10T05:45:19.058+0000] {taskinstance.py:2306} INFO - Starting attempt 3 of 3
[2024-05-10T05:45:19.260+0000] {taskinstance.py:2330} INFO - Executing <Task(BashOperator): Lectura_Datos> on 2024-02-01 00:00:00+00:00
[2024-05-10T05:45:19.267+0000] {warnings.py:110} WARNING - /home/***/.local/lib/python3.12/site-packages/***/task/task_runner/standard_task_runner.py:61: DeprecationWarning: This process (pid=541) is multi-threaded, use of fork() may lead to deadlocks in the child.
  pid = os.fork()

[2024-05-10T05:45:19.270+0000] {standard_task_runner.py:63} INFO - Started process 543 to run task
[2024-05-10T05:45:19.269+0000] {standard_task_runner.py:90} INFO - Running: ['***', 'tasks', 'run', 'Proyecto_SpaceX', 'Lectura_Datos', 'scheduled__2024-02-01T00:00:00+00:00', '--job-id', '1047', '--raw', '--subdir', 'DAGS_FOLDER/Proyecto_SpaceX.py', '--cfg-path', '/tmp/tmpsgyrwxiz']
[2024-05-10T05:45:19.272+0000] {standard_task_runner.py:91} INFO - Job 1047: Subtask Lectura_Datos
[2024-05-10T05:45:19.330+0000] {task_command.py:426} INFO - Running <TaskInstance: Proyecto_SpaceX.Lectura_Datos scheduled__2024-02-01T00:00:00+00:00 [running]> on host 1b7f0b10dd99
[2024-05-10T05:45:19.432+0000] {taskinstance.py:2648} INFO - Exporting env vars: AIRFLOW_CTX_DAG_OWNER='***' AIRFLOW_CTX_DAG_ID='Proyecto_SpaceX' AIRFLOW_CTX_TASK_ID='Lectura_Datos' AIRFLOW_CTX_EXECUTION_DATE='2024-02-01T00:00:00+00:00' AIRFLOW_CTX_TRY_NUMBER='3' AIRFLOW_CTX_DAG_RUN_ID='scheduled__2024-02-01T00:00:00+00:00'
[2024-05-10T05:45:19.434+0000] {taskinstance.py:430} INFO - ::endgroup::
[2024-05-10T05:45:19.452+0000] {subprocess.py:63} INFO - Tmp dir root location: /tmp
[2024-05-10T05:45:19.454+0000] {subprocess.py:75} INFO - Running command: ['/usr/bin/bash', '-c', 'ls /tmp && head /tmp/response_20240201.txt']
[2024-05-10T05:45:19.467+0000] {subprocess.py:86} INFO - Output:
[2024-05-10T05:45:19.470+0000] {subprocess.py:93} INFO - ***tmpdotl28e3
[2024-05-10T05:45:19.471+0000] {subprocess.py:93} INFO - platzi_data_20240101.csv
[2024-05-10T05:45:19.472+0000] {subprocess.py:93} INFO - platzi_data_20240201.csv
[2024-05-10T05:45:19.473+0000] {subprocess.py:93} INFO - platzi_data_20240301.csv
[2024-05-10T05:45:19.474+0000] {subprocess.py:93} INFO - pymp-uyxtzsi7
[2024-05-10T05:45:19.474+0000] {subprocess.py:93} INFO - response_20240101.txt
[2024-05-10T05:45:19.475+0000] {subprocess.py:93} INFO - response_20240201.txt
[2024-05-10T05:45:19.475+0000] {subprocess.py:93} INFO - response_20240301.txt
[2024-05-10T05:45:19.476+0000] {subprocess.py:93} INFO - Confirmación, puede proceder
[2024-05-10T05:45:19.477+0000] {subprocess.py:97} INFO - Command exited with return code 0
[2024-05-10T05:45:19.478+0000] {taskinstance.py:441} INFO - ::group::Post task execution logs
[2024-05-10T05:45:19.504+0000] {taskinstance.py:1206} INFO - Marking task as SUCCESS. dag_id=Proyecto_SpaceX, task_id=Lectura_Datos, run_id=scheduled__2024-02-01T00:00:00+00:00, execution_date=20240201T000000, start_date=20240510T054519, end_date=20240510T054519
[2024-05-10T05:45:19.525+0000] {local_task_job_runner.py:240} INFO - Task exited with return code 0
[2024-05-10T05:45:19.556+0000] {taskinstance.py:3498} INFO - 2 downstream tasks scheduled from follow-on schedule check
[2024-05-10T05:45:19.560+0000] {local_task_job_runner.py:222} INFO - ::endgroup::
