[2024-05-09T19:45:08.616+0000] {local_task_job_runner.py:120} INFO - ::group::Pre task execution logs
[2024-05-09T19:45:08.633+0000] {taskinstance.py:2076} INFO - Dependencies all met for dep_context=non-requeueable deps ti=<TaskInstance: Proyecto_SpaceX.Lectura_Datos scheduled__2024-02-01T00:00:00+00:00 [queued]>
[2024-05-09T19:45:08.641+0000] {taskinstance.py:2076} INFO - Dependencies all met for dep_context=requeueable deps ti=<TaskInstance: Proyecto_SpaceX.Lectura_Datos scheduled__2024-02-01T00:00:00+00:00 [queued]>
[2024-05-09T19:45:08.642+0000] {taskinstance.py:2306} INFO - Starting attempt 2 of 2
[2024-05-09T19:45:08.773+0000] {taskinstance.py:2330} INFO - Executing <Task(BashOperator): Lectura_Datos> on 2024-02-01 00:00:00+00:00
[2024-05-09T19:45:08.780+0000] {warnings.py:110} WARNING - /home/***/.local/lib/python3.12/site-packages/***/task/task_runner/standard_task_runner.py:61: DeprecationWarning: This process (pid=941) is multi-threaded, use of fork() may lead to deadlocks in the child.
  pid = os.fork()

[2024-05-09T19:45:08.781+0000] {standard_task_runner.py:63} INFO - Started process 943 to run task
[2024-05-09T19:45:08.781+0000] {standard_task_runner.py:90} INFO - Running: ['***', 'tasks', 'run', 'Proyecto_SpaceX', 'Lectura_Datos', 'scheduled__2024-02-01T00:00:00+00:00', '--job-id', '955', '--raw', '--subdir', 'DAGS_FOLDER/Proyecto_SpaceX.py', '--cfg-path', '/tmp/tmp0j1izt9y']
[2024-05-09T19:45:08.783+0000] {standard_task_runner.py:91} INFO - Job 955: Subtask Lectura_Datos
[2024-05-09T19:45:08.821+0000] {task_command.py:426} INFO - Running <TaskInstance: Proyecto_SpaceX.Lectura_Datos scheduled__2024-02-01T00:00:00+00:00 [running]> on host 7a81a983afb0
[2024-05-09T19:45:08.886+0000] {taskinstance.py:2648} INFO - Exporting env vars: AIRFLOW_CTX_DAG_OWNER='***' AIRFLOW_CTX_DAG_ID='Proyecto_SpaceX' AIRFLOW_CTX_TASK_ID='Lectura_Datos' AIRFLOW_CTX_EXECUTION_DATE='2024-02-01T00:00:00+00:00' AIRFLOW_CTX_TRY_NUMBER='2' AIRFLOW_CTX_DAG_RUN_ID='scheduled__2024-02-01T00:00:00+00:00'
[2024-05-09T19:45:08.888+0000] {taskinstance.py:430} INFO - ::endgroup::
[2024-05-09T19:45:08.899+0000] {subprocess.py:63} INFO - Tmp dir root location: /tmp
[2024-05-09T19:45:08.905+0000] {subprocess.py:75} INFO - Running command: ['/usr/bin/bash', '-c', 'ls /tmp && head /tmp/response_20240201.txt']
[2024-05-09T19:45:08.953+0000] {subprocess.py:86} INFO - Output:
[2024-05-09T19:45:08.956+0000] {subprocess.py:93} INFO - ***tmpf6lgmtb4
[2024-05-09T19:45:08.959+0000] {subprocess.py:93} INFO - platzi_data_20240101.csv
[2024-05-09T19:45:08.961+0000] {subprocess.py:93} INFO - platzi_data_20240201.csv
[2024-05-09T19:45:08.963+0000] {subprocess.py:93} INFO - platzi_data_20240301.csv
[2024-05-09T19:45:08.965+0000] {subprocess.py:93} INFO - pymp-lgtt6ocg
[2024-05-09T19:45:08.966+0000] {subprocess.py:93} INFO - response_20240101.txt
[2024-05-09T19:45:08.967+0000] {subprocess.py:93} INFO - response_20240201.txt
[2024-05-09T19:45:08.967+0000] {subprocess.py:93} INFO - response_20240301.txt
[2024-05-09T19:45:08.968+0000] {subprocess.py:93} INFO - Confirmación, puede proceder
[2024-05-09T19:45:08.970+0000] {subprocess.py:97} INFO - Command exited with return code 0
[2024-05-09T19:45:08.972+0000] {taskinstance.py:441} INFO - ::group::Post task execution logs
[2024-05-09T19:45:08.995+0000] {taskinstance.py:1206} INFO - Marking task as SUCCESS. dag_id=Proyecto_SpaceX, task_id=Lectura_Datos, run_id=scheduled__2024-02-01T00:00:00+00:00, execution_date=20240201T000000, start_date=20240509T194508, end_date=20240509T194508
[2024-05-09T19:45:09.035+0000] {local_task_job_runner.py:240} INFO - Task exited with return code 0
[2024-05-09T19:45:09.058+0000] {taskinstance.py:3498} INFO - 2 downstream tasks scheduled from follow-on schedule check
[2024-05-09T19:45:09.068+0000] {local_task_job_runner.py:222} INFO - ::endgroup::
[2024-05-10T05:21:50.392+0000] {local_task_job_runner.py:120} INFO - ::group::Pre task execution logs
[2024-05-10T05:21:50.416+0000] {taskinstance.py:2076} INFO - Dependencies all met for dep_context=non-requeueable deps ti=<TaskInstance: Proyecto_SpaceX.Lectura_Datos scheduled__2024-02-01T00:00:00+00:00 [queued]>
[2024-05-10T05:21:50.424+0000] {taskinstance.py:2076} INFO - Dependencies all met for dep_context=requeueable deps ti=<TaskInstance: Proyecto_SpaceX.Lectura_Datos scheduled__2024-02-01T00:00:00+00:00 [queued]>
[2024-05-10T05:21:50.425+0000] {taskinstance.py:2306} INFO - Starting attempt 2 of 2
[2024-05-10T05:21:50.578+0000] {taskinstance.py:2330} INFO - Executing <Task(BashOperator): Lectura_Datos> on 2024-02-01 00:00:00+00:00
[2024-05-10T05:21:50.584+0000] {warnings.py:110} WARNING - /home/***/.local/lib/python3.12/site-packages/***/task/task_runner/standard_task_runner.py:61: DeprecationWarning: This process (pid=167) is multi-threaded, use of fork() may lead to deadlocks in the child.
  pid = os.fork()

[2024-05-10T05:21:50.586+0000] {standard_task_runner.py:63} INFO - Started process 169 to run task
[2024-05-10T05:21:50.586+0000] {standard_task_runner.py:90} INFO - Running: ['***', 'tasks', 'run', 'Proyecto_SpaceX', 'Lectura_Datos', 'scheduled__2024-02-01T00:00:00+00:00', '--job-id', '1029', '--raw', '--subdir', 'DAGS_FOLDER/Proyecto_SpaceX.py', '--cfg-path', '/tmp/tmp6h_jjzxs']
[2024-05-10T05:21:50.589+0000] {standard_task_runner.py:91} INFO - Job 1029: Subtask Lectura_Datos
[2024-05-10T05:21:50.639+0000] {task_command.py:426} INFO - Running <TaskInstance: Proyecto_SpaceX.Lectura_Datos scheduled__2024-02-01T00:00:00+00:00 [running]> on host 1b7f0b10dd99
[2024-05-10T05:21:50.714+0000] {taskinstance.py:2648} INFO - Exporting env vars: AIRFLOW_CTX_DAG_OWNER='***' AIRFLOW_CTX_DAG_ID='Proyecto_SpaceX' AIRFLOW_CTX_TASK_ID='Lectura_Datos' AIRFLOW_CTX_EXECUTION_DATE='2024-02-01T00:00:00+00:00' AIRFLOW_CTX_TRY_NUMBER='2' AIRFLOW_CTX_DAG_RUN_ID='scheduled__2024-02-01T00:00:00+00:00'
[2024-05-10T05:21:50.715+0000] {taskinstance.py:430} INFO - ::endgroup::
[2024-05-10T05:21:50.729+0000] {subprocess.py:63} INFO - Tmp dir root location: /tmp
[2024-05-10T05:21:50.731+0000] {subprocess.py:75} INFO - Running command: ['/usr/bin/bash', '-c', 'ls /tmp && head /tmp/response_20240201.txt']
[2024-05-10T05:21:50.741+0000] {subprocess.py:86} INFO - Output:
[2024-05-10T05:21:50.744+0000] {subprocess.py:93} INFO - ***tmpa3jntdu3
[2024-05-10T05:21:50.745+0000] {subprocess.py:93} INFO - platzi_data_20240101.csv
[2024-05-10T05:21:50.745+0000] {subprocess.py:93} INFO - pymp-uyxtzsi7
[2024-05-10T05:21:50.746+0000] {subprocess.py:93} INFO - response_20240101.txt
[2024-05-10T05:21:50.747+0000] {subprocess.py:93} INFO - response_20240201.txt
[2024-05-10T05:21:50.747+0000] {subprocess.py:93} INFO - Confirmación, puede proceder
[2024-05-10T05:21:50.748+0000] {subprocess.py:97} INFO - Command exited with return code 0
[2024-05-10T05:21:50.749+0000] {taskinstance.py:441} INFO - ::group::Post task execution logs
[2024-05-10T05:21:50.772+0000] {taskinstance.py:1206} INFO - Marking task as SUCCESS. dag_id=Proyecto_SpaceX, task_id=Lectura_Datos, run_id=scheduled__2024-02-01T00:00:00+00:00, execution_date=20240201T000000, start_date=20240510T052150, end_date=20240510T052150
[2024-05-10T05:21:50.802+0000] {local_task_job_runner.py:240} INFO - Task exited with return code 0
[2024-05-10T05:21:50.828+0000] {taskinstance.py:3498} INFO - 2 downstream tasks scheduled from follow-on schedule check
[2024-05-10T05:21:50.831+0000] {local_task_job_runner.py:222} INFO - ::endgroup::
