[2024-05-09T18:53:56.472+0000] {local_task_job_runner.py:120} INFO - ::group::Pre task execution logs
[2024-05-09T18:53:56.489+0000] {taskinstance.py:2076} INFO - Dependencies all met for dep_context=non-requeueable deps ti=<TaskInstance: Proyecto_SpaceX.Lectura_Datos scheduled__2024-02-01T00:00:00+00:00 [queued]>
[2024-05-09T18:53:56.496+0000] {taskinstance.py:2076} INFO - Dependencies all met for dep_context=requeueable deps ti=<TaskInstance: Proyecto_SpaceX.Lectura_Datos scheduled__2024-02-01T00:00:00+00:00 [queued]>
[2024-05-09T18:53:56.498+0000] {taskinstance.py:2306} INFO - Starting attempt 1 of 1
[2024-05-09T18:53:56.613+0000] {taskinstance.py:2330} INFO - Executing <Task(BashOperator): Lectura_Datos> on 2024-02-01 00:00:00+00:00
[2024-05-09T18:53:56.618+0000] {warnings.py:110} WARNING - /home/***/.local/lib/python3.12/site-packages/***/task/task_runner/standard_task_runner.py:61: DeprecationWarning: This process (pid=146) is multi-threaded, use of fork() may lead to deadlocks in the child.
  pid = os.fork()

[2024-05-09T18:53:56.620+0000] {standard_task_runner.py:63} INFO - Started process 148 to run task
[2024-05-09T18:53:56.620+0000] {standard_task_runner.py:90} INFO - Running: ['***', 'tasks', 'run', 'Proyecto_SpaceX', 'Lectura_Datos', 'scheduled__2024-02-01T00:00:00+00:00', '--job-id', '925', '--raw', '--subdir', 'DAGS_FOLDER/Proyecto_SpaceX.py', '--cfg-path', '/tmp/tmptx6_5_i9']
[2024-05-09T18:53:56.622+0000] {standard_task_runner.py:91} INFO - Job 925: Subtask Lectura_Datos
[2024-05-09T18:53:56.662+0000] {task_command.py:426} INFO - Running <TaskInstance: Proyecto_SpaceX.Lectura_Datos scheduled__2024-02-01T00:00:00+00:00 [running]> on host 7a81a983afb0
[2024-05-09T18:53:56.715+0000] {taskinstance.py:2648} INFO - Exporting env vars: AIRFLOW_CTX_DAG_OWNER='***' AIRFLOW_CTX_DAG_ID='Proyecto_SpaceX' AIRFLOW_CTX_TASK_ID='Lectura_Datos' AIRFLOW_CTX_EXECUTION_DATE='2024-02-01T00:00:00+00:00' AIRFLOW_CTX_TRY_NUMBER='1' AIRFLOW_CTX_DAG_RUN_ID='scheduled__2024-02-01T00:00:00+00:00'
[2024-05-09T18:53:56.716+0000] {taskinstance.py:430} INFO - ::endgroup::
[2024-05-09T18:53:56.726+0000] {subprocess.py:63} INFO - Tmp dir root location: /tmp
[2024-05-09T18:53:56.727+0000] {subprocess.py:75} INFO - Running command: ['/usr/bin/bash', '-c', 'ls /tmp && head /tmp/response_20240201.txt']
[2024-05-09T18:53:56.735+0000] {subprocess.py:86} INFO - Output:
[2024-05-09T18:53:56.738+0000] {subprocess.py:93} INFO - ***tmpo8tv7ift
[2024-05-09T18:53:56.738+0000] {subprocess.py:93} INFO - platzi_data_20240101.csv
[2024-05-09T18:53:56.739+0000] {subprocess.py:93} INFO - pymp-lgtt6ocg
[2024-05-09T18:53:56.739+0000] {subprocess.py:93} INFO - response_20240101.txt
[2024-05-09T18:53:56.740+0000] {subprocess.py:93} INFO - response_20240201.txt
[2024-05-09T18:53:56.740+0000] {subprocess.py:93} INFO - Confirmación, puede proceder
[2024-05-09T18:53:56.741+0000] {subprocess.py:97} INFO - Command exited with return code 0
[2024-05-09T18:53:56.741+0000] {taskinstance.py:441} INFO - ::group::Post task execution logs
[2024-05-09T18:53:56.764+0000] {taskinstance.py:1206} INFO - Marking task as SUCCESS. dag_id=Proyecto_SpaceX, task_id=Lectura_Datos, run_id=scheduled__2024-02-01T00:00:00+00:00, execution_date=20240201T000000, start_date=20240509T185356, end_date=20240509T185356
[2024-05-09T18:53:56.794+0000] {local_task_job_runner.py:240} INFO - Task exited with return code 0
[2024-05-09T18:53:56.823+0000] {taskinstance.py:3498} INFO - 1 downstream tasks scheduled from follow-on schedule check
[2024-05-09T18:53:56.828+0000] {local_task_job_runner.py:222} INFO - ::endgroup::
[2024-05-09T19:17:45.608+0000] {local_task_job_runner.py:120} INFO - ::group::Pre task execution logs
[2024-05-09T19:17:45.654+0000] {taskinstance.py:2076} INFO - Dependencies all met for dep_context=non-requeueable deps ti=<TaskInstance: Proyecto_SpaceX.Lectura_Datos scheduled__2024-02-01T00:00:00+00:00 [queued]>
[2024-05-09T19:17:45.662+0000] {taskinstance.py:2076} INFO - Dependencies all met for dep_context=requeueable deps ti=<TaskInstance: Proyecto_SpaceX.Lectura_Datos scheduled__2024-02-01T00:00:00+00:00 [queued]>
[2024-05-09T19:17:45.662+0000] {taskinstance.py:2306} INFO - Starting attempt 1 of 1
[2024-05-09T19:17:45.844+0000] {taskinstance.py:2330} INFO - Executing <Task(BashOperator): Lectura_Datos> on 2024-02-01 00:00:00+00:00
[2024-05-09T19:17:45.852+0000] {standard_task_runner.py:90} INFO - Running: ['***', 'tasks', 'run', 'Proyecto_SpaceX', 'Lectura_Datos', 'scheduled__2024-02-01T00:00:00+00:00', '--job-id', '937', '--raw', '--subdir', 'DAGS_FOLDER/Proyecto_SpaceX.py', '--cfg-path', '/tmp/tmpjbp4um4l']
[2024-05-09T19:17:45.855+0000] {standard_task_runner.py:91} INFO - Job 937: Subtask Lectura_Datos
[2024-05-09T19:17:45.859+0000] {warnings.py:110} WARNING - /home/***/.local/lib/python3.12/site-packages/***/task/task_runner/standard_task_runner.py:61: DeprecationWarning: This process (pid=509) is multi-threaded, use of fork() may lead to deadlocks in the child.
  pid = os.fork()

[2024-05-09T19:17:45.860+0000] {standard_task_runner.py:63} INFO - Started process 511 to run task
[2024-05-09T19:17:45.979+0000] {task_command.py:426} INFO - Running <TaskInstance: Proyecto_SpaceX.Lectura_Datos scheduled__2024-02-01T00:00:00+00:00 [running]> on host 7a81a983afb0
[2024-05-09T19:17:46.117+0000] {taskinstance.py:2648} INFO - Exporting env vars: AIRFLOW_CTX_DAG_OWNER='***' AIRFLOW_CTX_DAG_ID='Proyecto_SpaceX' AIRFLOW_CTX_TASK_ID='Lectura_Datos' AIRFLOW_CTX_EXECUTION_DATE='2024-02-01T00:00:00+00:00' AIRFLOW_CTX_TRY_NUMBER='1' AIRFLOW_CTX_DAG_RUN_ID='scheduled__2024-02-01T00:00:00+00:00'
[2024-05-09T19:17:46.119+0000] {taskinstance.py:430} INFO - ::endgroup::
[2024-05-09T19:17:46.130+0000] {subprocess.py:63} INFO - Tmp dir root location: /tmp
[2024-05-09T19:17:46.131+0000] {subprocess.py:75} INFO - Running command: ['/usr/bin/bash', '-c', 'ls /tmp && head /tmp/response_20240201.txt']
[2024-05-09T19:17:46.142+0000] {subprocess.py:86} INFO - Output:
[2024-05-09T19:17:46.145+0000] {subprocess.py:93} INFO - ***tmp6r73p5ve
[2024-05-09T19:17:46.149+0000] {subprocess.py:93} INFO - platzi_data_20240101.csv
[2024-05-09T19:17:46.150+0000] {subprocess.py:93} INFO - platzi_data_20240201.csv
[2024-05-09T19:17:46.150+0000] {subprocess.py:93} INFO - pymp-lgtt6ocg
[2024-05-09T19:17:46.151+0000] {subprocess.py:93} INFO - response_20240101.txt
[2024-05-09T19:17:46.151+0000] {subprocess.py:93} INFO - response_20240201.txt
[2024-05-09T19:17:46.152+0000] {subprocess.py:93} INFO - Confirmación, puede proceder
[2024-05-09T19:17:46.152+0000] {subprocess.py:97} INFO - Command exited with return code 0
[2024-05-09T19:17:46.153+0000] {taskinstance.py:441} INFO - ::group::Post task execution logs
[2024-05-09T19:17:46.211+0000] {taskinstance.py:1206} INFO - Marking task as SUCCESS. dag_id=Proyecto_SpaceX, task_id=Lectura_Datos, run_id=scheduled__2024-02-01T00:00:00+00:00, execution_date=20240201T000000, start_date=20240509T191745, end_date=20240509T191746
[2024-05-09T19:17:46.316+0000] {local_task_job_runner.py:240} INFO - Task exited with return code 0
[2024-05-09T19:17:46.336+0000] {taskinstance.py:3498} INFO - 2 downstream tasks scheduled from follow-on schedule check
[2024-05-09T19:17:46.409+0000] {local_task_job_runner.py:222} INFO - ::endgroup::
[2024-05-09T21:01:27.026+0000] {local_task_job_runner.py:120} INFO - ::group::Pre task execution logs
[2024-05-09T21:01:27.049+0000] {taskinstance.py:2076} INFO - Dependencies all met for dep_context=non-requeueable deps ti=<TaskInstance: Proyecto_SpaceX.Lectura_Datos scheduled__2024-02-01T00:00:00+00:00 [queued]>
[2024-05-09T21:01:27.059+0000] {taskinstance.py:2076} INFO - Dependencies all met for dep_context=requeueable deps ti=<TaskInstance: Proyecto_SpaceX.Lectura_Datos scheduled__2024-02-01T00:00:00+00:00 [queued]>
[2024-05-09T21:01:27.059+0000] {taskinstance.py:2306} INFO - Starting attempt 1 of 1
[2024-05-09T21:01:27.238+0000] {taskinstance.py:2330} INFO - Executing <Task(BashOperator): Lectura_Datos> on 2024-02-01 00:00:00+00:00
[2024-05-09T21:01:27.246+0000] {warnings.py:110} WARNING - /home/***/.local/lib/python3.12/site-packages/***/task/task_runner/standard_task_runner.py:61: DeprecationWarning: This process (pid=1852) is multi-threaded, use of fork() may lead to deadlocks in the child.
  pid = os.fork()

[2024-05-09T21:01:27.248+0000] {standard_task_runner.py:63} INFO - Started process 1854 to run task
[2024-05-09T21:01:27.247+0000] {standard_task_runner.py:90} INFO - Running: ['***', 'tasks', 'run', 'Proyecto_SpaceX', 'Lectura_Datos', 'scheduled__2024-02-01T00:00:00+00:00', '--job-id', '1009', '--raw', '--subdir', 'DAGS_FOLDER/Proyecto_SpaceX.py', '--cfg-path', '/tmp/tmpd0ak58va']
[2024-05-09T21:01:27.250+0000] {standard_task_runner.py:91} INFO - Job 1009: Subtask Lectura_Datos
[2024-05-09T21:01:27.300+0000] {task_command.py:426} INFO - Running <TaskInstance: Proyecto_SpaceX.Lectura_Datos scheduled__2024-02-01T00:00:00+00:00 [running]> on host 7a81a983afb0
[2024-05-09T21:01:27.379+0000] {taskinstance.py:2648} INFO - Exporting env vars: AIRFLOW_CTX_DAG_OWNER='***' AIRFLOW_CTX_DAG_ID='Proyecto_SpaceX' AIRFLOW_CTX_TASK_ID='Lectura_Datos' AIRFLOW_CTX_EXECUTION_DATE='2024-02-01T00:00:00+00:00' AIRFLOW_CTX_TRY_NUMBER='1' AIRFLOW_CTX_DAG_RUN_ID='scheduled__2024-02-01T00:00:00+00:00'
[2024-05-09T21:01:27.381+0000] {taskinstance.py:430} INFO - ::endgroup::
[2024-05-09T21:01:27.396+0000] {subprocess.py:63} INFO - Tmp dir root location: /tmp
[2024-05-09T21:01:27.397+0000] {subprocess.py:75} INFO - Running command: ['/usr/bin/bash', '-c', 'ls /tmp && head /tmp/response_20240201.txt']
[2024-05-09T21:01:27.407+0000] {subprocess.py:86} INFO - Output:
[2024-05-09T21:01:27.410+0000] {subprocess.py:93} INFO - ***tmp61m6373_
[2024-05-09T21:01:27.411+0000] {subprocess.py:93} INFO - platzi_data_20240101.csv
[2024-05-09T21:01:27.411+0000] {subprocess.py:93} INFO - platzi_data_20240201.csv
[2024-05-09T21:01:27.412+0000] {subprocess.py:93} INFO - platzi_data_20240301.csv
[2024-05-09T21:01:27.413+0000] {subprocess.py:93} INFO - pymp-lgtt6ocg
[2024-05-09T21:01:27.413+0000] {subprocess.py:93} INFO - response_20240101.txt
[2024-05-09T21:01:27.414+0000] {subprocess.py:93} INFO - response_20240201.txt
[2024-05-09T21:01:27.415+0000] {subprocess.py:93} INFO - response_20240301.txt
[2024-05-09T21:01:27.415+0000] {subprocess.py:93} INFO - Confirmación, puede proceder
[2024-05-09T21:01:27.416+0000] {subprocess.py:97} INFO - Command exited with return code 0
[2024-05-09T21:01:27.416+0000] {taskinstance.py:441} INFO - ::group::Post task execution logs
[2024-05-09T21:01:27.442+0000] {taskinstance.py:1206} INFO - Marking task as SUCCESS. dag_id=Proyecto_SpaceX, task_id=Lectura_Datos, run_id=scheduled__2024-02-01T00:00:00+00:00, execution_date=20240201T000000, start_date=20240509T210127, end_date=20240509T210127
[2024-05-09T21:01:27.463+0000] {local_task_job_runner.py:240} INFO - Task exited with return code 0
[2024-05-09T21:01:27.491+0000] {taskinstance.py:3498} INFO - 2 downstream tasks scheduled from follow-on schedule check
[2024-05-09T21:01:27.494+0000] {local_task_job_runner.py:222} INFO - ::endgroup::
