[2024-05-07T23:41:36.412+0000] {local_task_job_runner.py:120} INFO - ::group::Pre task execution logs
[2024-05-07T23:41:36.464+0000] {taskinstance.py:2076} INFO - Dependencies all met for dep_context=non-requeueable deps ti=<TaskInstance: 5.1_orquestacion.tarea1 scheduled__2024-03-15T00:00:00+00:00 [queued]>
[2024-05-07T23:41:36.478+0000] {taskinstance.py:2076} INFO - Dependencies all met for dep_context=requeueable deps ti=<TaskInstance: 5.1_orquestacion.tarea1 scheduled__2024-03-15T00:00:00+00:00 [queued]>
[2024-05-07T23:41:36.480+0000] {taskinstance.py:2306} INFO - Starting attempt 1 of 1
[2024-05-07T23:41:36.498+0000] {taskinstance.py:2330} INFO - Executing <Task(BashOperator): tarea1> on 2024-03-15 00:00:00+00:00
[2024-05-07T23:41:36.504+0000] {warnings.py:110} WARNING - /home/***/.local/lib/python3.12/site-packages/***/task/task_runner/standard_task_runner.py:61: DeprecationWarning: This process (pid=2990) is multi-threaded, use of fork() may lead to deadlocks in the child.
  pid = os.fork()

[2024-05-07T23:41:36.506+0000] {standard_task_runner.py:63} INFO - Started process 2994 to run task
[2024-05-07T23:41:36.506+0000] {standard_task_runner.py:90} INFO - Running: ['***', 'tasks', 'run', '5.1_orquestacion', 'tarea1', 'scheduled__2024-03-15T00:00:00+00:00', '--job-id', '108', '--raw', '--subdir', 'DAGS_FOLDER/051_orquestacion.py', '--cfg-path', '/tmp/tmppl5prdx7']
[2024-05-07T23:41:36.508+0000] {standard_task_runner.py:91} INFO - Job 108: Subtask tarea1
[2024-05-07T23:41:36.555+0000] {task_command.py:426} INFO - Running <TaskInstance: 5.1_orquestacion.tarea1 scheduled__2024-03-15T00:00:00+00:00 [running]> on host 521bf890d837
[2024-05-07T23:41:36.649+0000] {taskinstance.py:2648} INFO - Exporting env vars: AIRFLOW_CTX_DAG_OWNER='***' AIRFLOW_CTX_DAG_ID='5.1_orquestacion' AIRFLOW_CTX_TASK_ID='tarea1' AIRFLOW_CTX_EXECUTION_DATE='2024-03-15T00:00:00+00:00' AIRFLOW_CTX_TRY_NUMBER='1' AIRFLOW_CTX_DAG_RUN_ID='scheduled__2024-03-15T00:00:00+00:00'
[2024-05-07T23:41:36.656+0000] {taskinstance.py:430} INFO - ::endgroup::
[2024-05-07T23:41:36.700+0000] {subprocess.py:63} INFO - Tmp dir root location: /tmp
[2024-05-07T23:41:36.701+0000] {subprocess.py:75} INFO - Running command: ['/usr/bin/bash', '-c', "sleep 2 && echo 'Tarea 1'"]
[2024-05-07T23:41:36.712+0000] {subprocess.py:86} INFO - Output:
[2024-05-07T23:41:38.716+0000] {subprocess.py:93} INFO - Tarea 1
[2024-05-07T23:41:38.722+0000] {subprocess.py:97} INFO - Command exited with return code 0
[2024-05-07T23:41:38.723+0000] {taskinstance.py:441} INFO - ::group::Post task execution logs
[2024-05-07T23:41:38.741+0000] {taskinstance.py:1206} INFO - Marking task as SUCCESS. dag_id=5.1_orquestacion, task_id=tarea1, run_id=scheduled__2024-03-15T00:00:00+00:00, execution_date=20240315T000000, start_date=20240507T234136, end_date=20240507T234138
[2024-05-07T23:41:39.015+0000] {local_task_job_runner.py:240} INFO - Task exited with return code 0
[2024-05-07T23:41:39.221+0000] {taskinstance.py:3498} INFO - 0 downstream tasks scheduled from follow-on schedule check
[2024-05-07T23:41:39.230+0000] {local_task_job_runner.py:222} INFO - ::endgroup::
[2024-05-07T23:47:57.485+0000] {local_task_job_runner.py:120} INFO - ::group::Pre task execution logs
[2024-05-07T23:47:57.520+0000] {taskinstance.py:2076} INFO - Dependencies all met for dep_context=non-requeueable deps ti=<TaskInstance: 5.1_orquestacion.tarea1 scheduled__2024-03-15T00:00:00+00:00 [queued]>
[2024-05-07T23:47:57.530+0000] {taskinstance.py:2076} INFO - Dependencies all met for dep_context=requeueable deps ti=<TaskInstance: 5.1_orquestacion.tarea1 scheduled__2024-03-15T00:00:00+00:00 [queued]>
[2024-05-07T23:47:57.531+0000] {taskinstance.py:2306} INFO - Starting attempt 1 of 1
[2024-05-07T23:47:57.548+0000] {taskinstance.py:2330} INFO - Executing <Task(BashOperator): tarea1> on 2024-03-15 00:00:00+00:00
[2024-05-07T23:47:57.555+0000] {warnings.py:110} WARNING - /home/***/.local/lib/python3.12/site-packages/***/task/task_runner/standard_task_runner.py:61: DeprecationWarning: This process (pid=3599) is multi-threaded, use of fork() may lead to deadlocks in the child.
  pid = os.fork()

[2024-05-07T23:47:57.557+0000] {standard_task_runner.py:63} INFO - Started process 3600 to run task
[2024-05-07T23:47:57.556+0000] {standard_task_runner.py:90} INFO - Running: ['***', 'tasks', 'run', '5.1_orquestacion', 'tarea1', 'scheduled__2024-03-15T00:00:00+00:00', '--job-id', '241', '--raw', '--subdir', 'DAGS_FOLDER/051_orquestacion.py', '--cfg-path', '/tmp/tmp5pleu1uq']
[2024-05-07T23:47:57.558+0000] {standard_task_runner.py:91} INFO - Job 241: Subtask tarea1
[2024-05-07T23:47:57.604+0000] {task_command.py:426} INFO - Running <TaskInstance: 5.1_orquestacion.tarea1 scheduled__2024-03-15T00:00:00+00:00 [running]> on host 521bf890d837
[2024-05-07T23:47:57.728+0000] {taskinstance.py:2648} INFO - Exporting env vars: AIRFLOW_CTX_DAG_OWNER='***' AIRFLOW_CTX_DAG_ID='5.1_orquestacion' AIRFLOW_CTX_TASK_ID='tarea1' AIRFLOW_CTX_EXECUTION_DATE='2024-03-15T00:00:00+00:00' AIRFLOW_CTX_TRY_NUMBER='1' AIRFLOW_CTX_DAG_RUN_ID='scheduled__2024-03-15T00:00:00+00:00'
[2024-05-07T23:47:57.734+0000] {taskinstance.py:430} INFO - ::endgroup::
[2024-05-07T23:47:57.749+0000] {subprocess.py:63} INFO - Tmp dir root location: /tmp
[2024-05-07T23:47:57.751+0000] {subprocess.py:75} INFO - Running command: ['/usr/bin/bash', '-c', "sleep 2 && echo 'Tarea 1'"]
[2024-05-07T23:47:57.759+0000] {subprocess.py:86} INFO - Output:
[2024-05-07T23:47:59.762+0000] {subprocess.py:93} INFO - Tarea 1
[2024-05-07T23:47:59.763+0000] {subprocess.py:97} INFO - Command exited with return code 0
[2024-05-07T23:47:59.764+0000] {taskinstance.py:441} INFO - ::group::Post task execution logs
[2024-05-07T23:47:59.783+0000] {taskinstance.py:1206} INFO - Marking task as SUCCESS. dag_id=5.1_orquestacion, task_id=tarea1, run_id=scheduled__2024-03-15T00:00:00+00:00, execution_date=20240315T000000, start_date=20240507T234757, end_date=20240507T234759
[2024-05-07T23:47:59.824+0000] {local_task_job_runner.py:240} INFO - Task exited with return code 0
[2024-05-07T23:47:59.853+0000] {taskinstance.py:3498} INFO - 1 downstream tasks scheduled from follow-on schedule check
[2024-05-07T23:47:59.856+0000] {local_task_job_runner.py:222} INFO - ::endgroup::
