[2024-05-10T06:20:56.127+0000] {local_task_job_runner.py:120} INFO - ::group::Pre task execution logs
[2024-05-10T06:20:56.271+0000] {taskinstance.py:2076} INFO - Dependencies all met for dep_context=non-requeueable deps ti=<TaskInstance: Proyecto_SpaceX_v1.Visualizar_Respuesta_Satelite scheduled__2024-03-19T00:00:00+00:00 [queued]>
[2024-05-10T06:20:56.279+0000] {taskinstance.py:2076} INFO - Dependencies all met for dep_context=requeueable deps ti=<TaskInstance: Proyecto_SpaceX_v1.Visualizar_Respuesta_Satelite scheduled__2024-03-19T00:00:00+00:00 [queued]>
[2024-05-10T06:20:56.280+0000] {taskinstance.py:2306} INFO - Starting attempt 1 of 1
[2024-05-10T06:20:56.295+0000] {taskinstance.py:2330} INFO - Executing <Task(BashOperator): Visualizar_Respuesta_Satelite> on 2024-03-19 00:00:00+00:00
[2024-05-10T06:20:56.302+0000] {warnings.py:110} WARNING - /home/***/.local/lib/python3.12/site-packages/***/task/task_runner/standard_task_runner.py:61: DeprecationWarning: This process (pid=1915) is multi-threaded, use of fork() may lead to deadlocks in the child.
  pid = os.fork()

[2024-05-10T06:20:56.305+0000] {standard_task_runner.py:63} INFO - Started process 1917 to run task
[2024-05-10T06:20:56.304+0000] {standard_task_runner.py:90} INFO - Running: ['***', 'tasks', 'run', 'Proyecto_SpaceX_v1', 'Visualizar_Respuesta_Satelite', 'scheduled__2024-03-19T00:00:00+00:00', '--job-id', '1258', '--raw', '--subdir', 'DAGS_FOLDER/Proyecto_SpaceX_v1.py', '--cfg-path', '/tmp/tmpcwo3u3v9']
[2024-05-10T06:20:56.306+0000] {standard_task_runner.py:91} INFO - Job 1258: Subtask Visualizar_Respuesta_Satelite
[2024-05-10T06:20:56.341+0000] {task_command.py:426} INFO - Running <TaskInstance: Proyecto_SpaceX_v1.Visualizar_Respuesta_Satelite scheduled__2024-03-19T00:00:00+00:00 [running]> on host 1b7f0b10dd99
[2024-05-10T06:20:56.425+0000] {taskinstance.py:2648} INFO - Exporting env vars: AIRFLOW_CTX_DAG_OWNER='***' AIRFLOW_CTX_DAG_ID='Proyecto_SpaceX_v1' AIRFLOW_CTX_TASK_ID='Visualizar_Respuesta_Satelite' AIRFLOW_CTX_EXECUTION_DATE='2024-03-19T00:00:00+00:00' AIRFLOW_CTX_TRY_NUMBER='1' AIRFLOW_CTX_DAG_RUN_ID='scheduled__2024-03-19T00:00:00+00:00'
[2024-05-10T06:20:56.435+0000] {taskinstance.py:430} INFO - ::endgroup::
[2024-05-10T06:20:56.449+0000] {subprocess.py:63} INFO - Tmp dir root location: /tmp
[2024-05-10T06:20:56.451+0000] {subprocess.py:75} INFO - Running command: ['/usr/bin/bash', '-c', 'ls /tmp && head /tmp/platzi_data_20240319.csv']
[2024-05-10T06:20:56.462+0000] {subprocess.py:86} INFO - Output:
[2024-05-10T06:20:56.464+0000] {subprocess.py:93} INFO - ***tmp7tmo80fa
[2024-05-10T06:20:56.465+0000] {subprocess.py:93} INFO - history.json
[2024-05-10T06:20:56.466+0000] {subprocess.py:93} INFO - platzi_data_20231125.csv
[2024-05-10T06:20:56.467+0000] {subprocess.py:93} INFO - platzi_data_20231126.csv
[2024-05-10T06:20:56.468+0000] {subprocess.py:93} INFO - platzi_data_20231127.csv
[2024-05-10T06:20:56.472+0000] {subprocess.py:93} INFO - platzi_data_20240101.csv
[2024-05-10T06:20:56.477+0000] {subprocess.py:93} INFO - platzi_data_20240201.csv
[2024-05-10T06:20:56.478+0000] {subprocess.py:93} INFO - platzi_data_20240301.csv
[2024-05-10T06:20:56.479+0000] {subprocess.py:93} INFO - platzi_data_20240302.csv
[2024-05-10T06:20:56.480+0000] {subprocess.py:93} INFO - platzi_data_20240303.csv
[2024-05-10T06:20:56.481+0000] {subprocess.py:93} INFO - platzi_data_20240304.csv
[2024-05-10T06:20:56.482+0000] {subprocess.py:93} INFO - platzi_data_20240305.csv
[2024-05-10T06:20:56.483+0000] {subprocess.py:93} INFO - platzi_data_20240306.csv
[2024-05-10T06:20:56.484+0000] {subprocess.py:93} INFO - platzi_data_20240307.csv
[2024-05-10T06:20:56.485+0000] {subprocess.py:93} INFO - platzi_data_20240308.csv
[2024-05-10T06:20:56.486+0000] {subprocess.py:93} INFO - platzi_data_20240309.csv
[2024-05-10T06:20:56.489+0000] {subprocess.py:93} INFO - platzi_data_20240310.csv
[2024-05-10T06:20:56.490+0000] {subprocess.py:93} INFO - platzi_data_20240311.csv
[2024-05-10T06:20:56.491+0000] {subprocess.py:93} INFO - platzi_data_20240312.csv
[2024-05-10T06:20:56.491+0000] {subprocess.py:93} INFO - platzi_data_20240313.csv
[2024-05-10T06:20:56.492+0000] {subprocess.py:93} INFO - platzi_data_20240314.csv
[2024-05-10T06:20:56.492+0000] {subprocess.py:93} INFO - platzi_data_20240316.csv
[2024-05-10T06:20:56.493+0000] {subprocess.py:93} INFO - platzi_data_20240317.csv
[2024-05-10T06:20:56.493+0000] {subprocess.py:93} INFO - platzi_data_20240318.csv
[2024-05-10T06:20:56.494+0000] {subprocess.py:93} INFO - platzi_data_20240319.csv
[2024-05-10T06:20:56.494+0000] {subprocess.py:93} INFO - pymp-uyxtzsi7
[2024-05-10T06:20:56.495+0000] {subprocess.py:93} INFO - response_20231125.txt
[2024-05-10T06:20:56.495+0000] {subprocess.py:93} INFO - response_20231126.txt
[2024-05-10T06:20:56.496+0000] {subprocess.py:93} INFO - response_20231127.txt
[2024-05-10T06:20:56.496+0000] {subprocess.py:93} INFO - response_20240101.txt
[2024-05-10T06:20:56.497+0000] {subprocess.py:93} INFO - response_20240201.txt
[2024-05-10T06:20:56.497+0000] {subprocess.py:93} INFO - response_20240301.txt
[2024-05-10T06:20:56.498+0000] {subprocess.py:93} INFO - response_20240302.txt
[2024-05-10T06:20:56.498+0000] {subprocess.py:93} INFO - response_20240303.txt
[2024-05-10T06:20:56.499+0000] {subprocess.py:93} INFO - response_20240304.txt
[2024-05-10T06:20:56.499+0000] {subprocess.py:93} INFO - response_20240305.txt
[2024-05-10T06:20:56.500+0000] {subprocess.py:93} INFO - response_20240306.txt
[2024-05-10T06:20:56.500+0000] {subprocess.py:93} INFO - response_20240307.txt
[2024-05-10T06:20:56.500+0000] {subprocess.py:93} INFO - response_20240308.txt
[2024-05-10T06:20:56.501+0000] {subprocess.py:93} INFO - response_20240309.txt
[2024-05-10T06:20:56.501+0000] {subprocess.py:93} INFO - response_20240310.txt
[2024-05-10T06:20:56.501+0000] {subprocess.py:93} INFO - response_20240311.txt
[2024-05-10T06:20:56.502+0000] {subprocess.py:93} INFO - response_20240312.txt
[2024-05-10T06:20:56.502+0000] {subprocess.py:93} INFO - response_20240313.txt
[2024-05-10T06:20:56.502+0000] {subprocess.py:93} INFO - response_20240314.txt
[2024-05-10T06:20:56.503+0000] {subprocess.py:93} INFO - response_20240315.txt
[2024-05-10T06:20:56.503+0000] {subprocess.py:93} INFO - response_20240316.txt
[2024-05-10T06:20:56.504+0000] {subprocess.py:93} INFO - response_20240317.txt
[2024-05-10T06:20:56.504+0000] {subprocess.py:93} INFO - response_20240318.txt
[2024-05-10T06:20:56.504+0000] {subprocess.py:93} INFO - response_20240319.txt
[2024-05-10T06:20:56.505+0000] {subprocess.py:93} INFO - Student,timestamp
[2024-05-10T06:20:56.505+0000] {subprocess.py:93} INFO - Maria Cruz,2024-03-19 00:00:00+00:00
[2024-05-10T06:20:56.505+0000] {subprocess.py:93} INFO - Daniel Crema,2024-03-19 00:00:00+00:00
[2024-05-10T06:20:56.506+0000] {subprocess.py:93} INFO - Elon Musk,2024-03-19 00:00:00+00:00
[2024-05-10T06:20:56.506+0000] {subprocess.py:93} INFO - Karol Castrejon,2024-03-19 00:00:00+00:00
[2024-05-10T06:20:56.506+0000] {subprocess.py:93} INFO - Freddy Vega,2024-03-19 00:00:00+00:00
[2024-05-10T06:20:56.507+0000] {subprocess.py:93} INFO - Felipe Duque,2024-03-19 00:00:00+00:00
[2024-05-10T06:20:56.507+0000] {subprocess.py:97} INFO - Command exited with return code 0
[2024-05-10T06:20:56.509+0000] {taskinstance.py:441} INFO - ::group::Post task execution logs
[2024-05-10T06:20:56.526+0000] {taskinstance.py:1206} INFO - Marking task as SUCCESS. dag_id=Proyecto_SpaceX_v1, task_id=Visualizar_Respuesta_Satelite, run_id=scheduled__2024-03-19T00:00:00+00:00, execution_date=20240319T000000, start_date=20240510T062056, end_date=20240510T062056
[2024-05-10T06:20:56.560+0000] {local_task_job_runner.py:240} INFO - Task exited with return code 0
[2024-05-10T06:20:56.580+0000] {taskinstance.py:3498} INFO - 1 downstream tasks scheduled from follow-on schedule check
[2024-05-10T06:20:56.590+0000] {local_task_job_runner.py:222} INFO - ::endgroup::
