[2024-05-07T23:41:25.803+0000] {local_task_job_runner.py:120} INFO - ::group::Pre task execution logs
[2024-05-07T23:41:25.835+0000] {taskinstance.py:2076} INFO - Dependencies all met for dep_context=non-requeueable deps ti=<TaskInstance: 5.1_orquestacion.tarea3 scheduled__2024-03-10T00:00:00+00:00 [queued]>
[2024-05-07T23:41:25.849+0000] {taskinstance.py:2076} INFO - Dependencies all met for dep_context=requeueable deps ti=<TaskInstance: 5.1_orquestacion.tarea3 scheduled__2024-03-10T00:00:00+00:00 [queued]>
[2024-05-07T23:41:25.849+0000] {taskinstance.py:2306} INFO - Starting attempt 1 of 1
[2024-05-07T23:41:25.867+0000] {taskinstance.py:2330} INFO - Executing <Task(BashOperator): tarea3> on 2024-03-10 00:00:00+00:00
[2024-05-07T23:41:25.874+0000] {warnings.py:110} WARNING - /home/***/.local/lib/python3.12/site-packages/***/task/task_runner/standard_task_runner.py:61: DeprecationWarning: This process (pid=2936) is multi-threaded, use of fork() may lead to deadlocks in the child.
  pid = os.fork()

[2024-05-07T23:41:25.876+0000] {standard_task_runner.py:63} INFO - Started process 2940 to run task
[2024-05-07T23:41:25.875+0000] {standard_task_runner.py:90} INFO - Running: ['***', 'tasks', 'run', '5.1_orquestacion', 'tarea3', 'scheduled__2024-03-10T00:00:00+00:00', '--job-id', '97', '--raw', '--subdir', 'DAGS_FOLDER/051_orquestacion.py', '--cfg-path', '/tmp/tmp2omwu3pv']
[2024-05-07T23:41:25.876+0000] {standard_task_runner.py:91} INFO - Job 97: Subtask tarea3
[2024-05-07T23:41:25.919+0000] {task_command.py:426} INFO - Running <TaskInstance: 5.1_orquestacion.tarea3 scheduled__2024-03-10T00:00:00+00:00 [running]> on host 521bf890d837
[2024-05-07T23:41:26.060+0000] {taskinstance.py:2648} INFO - Exporting env vars: AIRFLOW_CTX_DAG_OWNER='***' AIRFLOW_CTX_DAG_ID='5.1_orquestacion' AIRFLOW_CTX_TASK_ID='tarea3' AIRFLOW_CTX_EXECUTION_DATE='2024-03-10T00:00:00+00:00' AIRFLOW_CTX_TRY_NUMBER='1' AIRFLOW_CTX_DAG_RUN_ID='scheduled__2024-03-10T00:00:00+00:00'
[2024-05-07T23:41:26.061+0000] {taskinstance.py:430} INFO - ::endgroup::
[2024-05-07T23:41:26.075+0000] {subprocess.py:63} INFO - Tmp dir root location: /tmp
[2024-05-07T23:41:26.076+0000] {subprocess.py:75} INFO - Running command: ['/usr/bin/bash', '-c', "sleep 2 && echo 'Tarea 3'"]
[2024-05-07T23:41:26.086+0000] {subprocess.py:86} INFO - Output:
[2024-05-07T23:41:28.088+0000] {subprocess.py:93} INFO - Tarea 3
[2024-05-07T23:41:28.089+0000] {subprocess.py:97} INFO - Command exited with return code 0
[2024-05-07T23:41:28.090+0000] {taskinstance.py:441} INFO - ::group::Post task execution logs
[2024-05-07T23:41:28.168+0000] {taskinstance.py:1206} INFO - Marking task as SUCCESS. dag_id=5.1_orquestacion, task_id=tarea3, run_id=scheduled__2024-03-10T00:00:00+00:00, execution_date=20240310T000000, start_date=20240507T234125, end_date=20240507T234128
[2024-05-07T23:41:28.225+0000] {local_task_job_runner.py:240} INFO - Task exited with return code 0
[2024-05-07T23:41:28.282+0000] {taskinstance.py:3498} INFO - 0 downstream tasks scheduled from follow-on schedule check
[2024-05-07T23:41:28.291+0000] {local_task_job_runner.py:222} INFO - ::endgroup::
[2024-05-07T23:47:05.930+0000] {local_task_job_runner.py:120} INFO - ::group::Pre task execution logs
[2024-05-07T23:47:05.958+0000] {taskinstance.py:2076} INFO - Dependencies all met for dep_context=non-requeueable deps ti=<TaskInstance: 5.1_orquestacion.tarea3 scheduled__2024-03-10T00:00:00+00:00 [queued]>
[2024-05-07T23:47:05.968+0000] {taskinstance.py:2076} INFO - Dependencies all met for dep_context=requeueable deps ti=<TaskInstance: 5.1_orquestacion.tarea3 scheduled__2024-03-10T00:00:00+00:00 [queued]>
[2024-05-07T23:47:05.969+0000] {taskinstance.py:2306} INFO - Starting attempt 1 of 1
[2024-05-07T23:47:06.001+0000] {taskinstance.py:2330} INFO - Executing <Task(BashOperator): tarea3> on 2024-03-10 00:00:00+00:00
[2024-05-07T23:47:06.007+0000] {warnings.py:110} WARNING - /home/***/.local/lib/python3.12/site-packages/***/task/task_runner/standard_task_runner.py:61: DeprecationWarning: This process (pid=3521) is multi-threaded, use of fork() may lead to deadlocks in the child.
  pid = os.fork()

[2024-05-07T23:47:06.008+0000] {standard_task_runner.py:63} INFO - Started process 3523 to run task
[2024-05-07T23:47:06.009+0000] {standard_task_runner.py:90} INFO - Running: ['***', 'tasks', 'run', '5.1_orquestacion', 'tarea3', 'scheduled__2024-03-10T00:00:00+00:00', '--job-id', '223', '--raw', '--subdir', 'DAGS_FOLDER/051_orquestacion.py', '--cfg-path', '/tmp/tmps4yy88e5']
[2024-05-07T23:47:06.010+0000] {standard_task_runner.py:91} INFO - Job 223: Subtask tarea3
[2024-05-07T23:47:06.072+0000] {task_command.py:426} INFO - Running <TaskInstance: 5.1_orquestacion.tarea3 scheduled__2024-03-10T00:00:00+00:00 [running]> on host 521bf890d837
[2024-05-07T23:47:06.158+0000] {taskinstance.py:2648} INFO - Exporting env vars: AIRFLOW_CTX_DAG_OWNER='***' AIRFLOW_CTX_DAG_ID='5.1_orquestacion' AIRFLOW_CTX_TASK_ID='tarea3' AIRFLOW_CTX_EXECUTION_DATE='2024-03-10T00:00:00+00:00' AIRFLOW_CTX_TRY_NUMBER='1' AIRFLOW_CTX_DAG_RUN_ID='scheduled__2024-03-10T00:00:00+00:00'
[2024-05-07T23:47:06.159+0000] {taskinstance.py:430} INFO - ::endgroup::
[2024-05-07T23:47:06.171+0000] {subprocess.py:63} INFO - Tmp dir root location: /tmp
[2024-05-07T23:47:06.172+0000] {subprocess.py:75} INFO - Running command: ['/usr/bin/bash', '-c', "sleep 2 && echo 'Tarea 3'"]
[2024-05-07T23:47:06.183+0000] {subprocess.py:86} INFO - Output:
[2024-05-07T23:47:08.188+0000] {subprocess.py:93} INFO - Tarea 3
[2024-05-07T23:47:08.199+0000] {subprocess.py:97} INFO - Command exited with return code 0
[2024-05-07T23:47:08.205+0000] {taskinstance.py:441} INFO - ::group::Post task execution logs
[2024-05-07T23:47:08.295+0000] {taskinstance.py:1206} INFO - Marking task as SUCCESS. dag_id=5.1_orquestacion, task_id=tarea3, run_id=scheduled__2024-03-10T00:00:00+00:00, execution_date=20240310T000000, start_date=20240507T234705, end_date=20240507T234708
[2024-05-07T23:47:08.355+0000] {local_task_job_runner.py:240} INFO - Task exited with return code 0
[2024-05-07T23:47:08.364+0000] {local_task_job_runner.py:222} INFO - ::endgroup::
