[2024-05-10T06:26:46.337+0000] {local_task_job_runner.py:120} INFO - ::group::Pre task execution logs
[2024-05-10T06:26:46.502+0000] {taskinstance.py:2076} INFO - Dependencies all met for dep_context=non-requeueable deps ti=<TaskInstance: Proyecto_SpaceX_v1.Visualizar_Respuesta_Satelite scheduled__2024-03-30T00:00:00+00:00 [queued]>
[2024-05-10T06:26:46.509+0000] {taskinstance.py:2076} INFO - Dependencies all met for dep_context=requeueable deps ti=<TaskInstance: Proyecto_SpaceX_v1.Visualizar_Respuesta_Satelite scheduled__2024-03-30T00:00:00+00:00 [queued]>
[2024-05-10T06:26:46.514+0000] {taskinstance.py:2306} INFO - Starting attempt 1 of 1
[2024-05-10T06:26:46.528+0000] {taskinstance.py:2330} INFO - Executing <Task(BashOperator): Visualizar_Respuesta_Satelite> on 2024-03-30 00:00:00+00:00
[2024-05-10T06:26:46.535+0000] {warnings.py:110} WARNING - /home/***/.local/lib/python3.12/site-packages/***/task/task_runner/standard_task_runner.py:61: DeprecationWarning: This process (pid=2322) is multi-threaded, use of fork() may lead to deadlocks in the child.
  pid = os.fork()

[2024-05-10T06:26:46.536+0000] {standard_task_runner.py:63} INFO - Started process 2324 to run task
[2024-05-10T06:26:46.536+0000] {standard_task_runner.py:90} INFO - Running: ['***', 'tasks', 'run', 'Proyecto_SpaceX_v1', 'Visualizar_Respuesta_Satelite', 'scheduled__2024-03-30T00:00:00+00:00', '--job-id', '1335', '--raw', '--subdir', 'DAGS_FOLDER/Proyecto_SpaceX_v1.py', '--cfg-path', '/tmp/tmpx4l618h4']
[2024-05-10T06:26:46.538+0000] {standard_task_runner.py:91} INFO - Job 1335: Subtask Visualizar_Respuesta_Satelite
[2024-05-10T06:26:46.644+0000] {task_command.py:426} INFO - Running <TaskInstance: Proyecto_SpaceX_v1.Visualizar_Respuesta_Satelite scheduled__2024-03-30T00:00:00+00:00 [running]> on host 1b7f0b10dd99
[2024-05-10T06:26:46.762+0000] {taskinstance.py:2648} INFO - Exporting env vars: AIRFLOW_CTX_DAG_OWNER='***' AIRFLOW_CTX_DAG_ID='Proyecto_SpaceX_v1' AIRFLOW_CTX_TASK_ID='Visualizar_Respuesta_Satelite' AIRFLOW_CTX_EXECUTION_DATE='2024-03-30T00:00:00+00:00' AIRFLOW_CTX_TRY_NUMBER='1' AIRFLOW_CTX_DAG_RUN_ID='scheduled__2024-03-30T00:00:00+00:00'
[2024-05-10T06:26:46.767+0000] {taskinstance.py:430} INFO - ::endgroup::
[2024-05-10T06:26:46.792+0000] {subprocess.py:63} INFO - Tmp dir root location: /tmp
[2024-05-10T06:26:46.804+0000] {subprocess.py:75} INFO - Running command: ['/usr/bin/bash', '-c', 'ls /tmp && head /tmp/platzi_data_20240330.csv']
[2024-05-10T06:26:46.834+0000] {subprocess.py:86} INFO - Output:
[2024-05-10T06:26:46.838+0000] {subprocess.py:93} INFO - ***tmphjl2kq9y
[2024-05-10T06:26:46.839+0000] {subprocess.py:93} INFO - history.json
[2024-05-10T06:26:46.845+0000] {subprocess.py:93} INFO - platzi_data_20231125.csv
[2024-05-10T06:26:46.849+0000] {subprocess.py:93} INFO - platzi_data_20231126.csv
[2024-05-10T06:26:46.850+0000] {subprocess.py:93} INFO - platzi_data_20231127.csv
[2024-05-10T06:26:46.850+0000] {subprocess.py:93} INFO - platzi_data_20240101.csv
[2024-05-10T06:26:46.851+0000] {subprocess.py:93} INFO - platzi_data_20240201.csv
[2024-05-10T06:26:46.852+0000] {subprocess.py:93} INFO - platzi_data_20240301.csv
[2024-05-10T06:26:46.852+0000] {subprocess.py:93} INFO - platzi_data_20240302.csv
[2024-05-10T06:26:46.853+0000] {subprocess.py:93} INFO - platzi_data_20240303.csv
[2024-05-10T06:26:46.854+0000] {subprocess.py:93} INFO - platzi_data_20240304.csv
[2024-05-10T06:26:46.854+0000] {subprocess.py:93} INFO - platzi_data_20240305.csv
[2024-05-10T06:26:46.855+0000] {subprocess.py:93} INFO - platzi_data_20240306.csv
[2024-05-10T06:26:46.855+0000] {subprocess.py:93} INFO - platzi_data_20240307.csv
[2024-05-10T06:26:46.856+0000] {subprocess.py:93} INFO - platzi_data_20240308.csv
[2024-05-10T06:26:46.857+0000] {subprocess.py:93} INFO - platzi_data_20240309.csv
[2024-05-10T06:26:46.857+0000] {subprocess.py:93} INFO - platzi_data_20240310.csv
[2024-05-10T06:26:46.858+0000] {subprocess.py:93} INFO - platzi_data_20240311.csv
[2024-05-10T06:26:46.858+0000] {subprocess.py:93} INFO - platzi_data_20240312.csv
[2024-05-10T06:26:46.859+0000] {subprocess.py:93} INFO - platzi_data_20240313.csv
[2024-05-10T06:26:46.860+0000] {subprocess.py:93} INFO - platzi_data_20240314.csv
[2024-05-10T06:26:46.862+0000] {subprocess.py:93} INFO - platzi_data_20240316.csv
[2024-05-10T06:26:46.863+0000] {subprocess.py:93} INFO - platzi_data_20240317.csv
[2024-05-10T06:26:46.868+0000] {subprocess.py:93} INFO - platzi_data_20240318.csv
[2024-05-10T06:26:46.870+0000] {subprocess.py:93} INFO - platzi_data_20240319.csv
[2024-05-10T06:26:46.871+0000] {subprocess.py:93} INFO - platzi_data_20240320.csv
[2024-05-10T06:26:46.871+0000] {subprocess.py:93} INFO - platzi_data_20240321.csv
[2024-05-10T06:26:46.871+0000] {subprocess.py:93} INFO - platzi_data_20240322.csv
[2024-05-10T06:26:46.872+0000] {subprocess.py:93} INFO - platzi_data_20240323.csv
[2024-05-10T06:26:46.872+0000] {subprocess.py:93} INFO - platzi_data_20240324.csv
[2024-05-10T06:26:46.873+0000] {subprocess.py:93} INFO - platzi_data_20240325.csv
[2024-05-10T06:26:46.873+0000] {subprocess.py:93} INFO - platzi_data_20240326.csv
[2024-05-10T06:26:46.874+0000] {subprocess.py:93} INFO - platzi_data_20240327.csv
[2024-05-10T06:26:46.874+0000] {subprocess.py:93} INFO - platzi_data_20240328.csv
[2024-05-10T06:26:46.875+0000] {subprocess.py:93} INFO - platzi_data_20240329.csv
[2024-05-10T06:26:46.877+0000] {subprocess.py:93} INFO - platzi_data_20240330.csv
[2024-05-10T06:26:46.878+0000] {subprocess.py:93} INFO - pymp-uyxtzsi7
[2024-05-10T06:26:46.879+0000] {subprocess.py:93} INFO - response_20231125.txt
[2024-05-10T06:26:46.881+0000] {subprocess.py:93} INFO - response_20231126.txt
[2024-05-10T06:26:46.886+0000] {subprocess.py:93} INFO - response_20231127.txt
[2024-05-10T06:26:46.886+0000] {subprocess.py:93} INFO - response_20240101.txt
[2024-05-10T06:26:46.887+0000] {subprocess.py:93} INFO - response_20240201.txt
[2024-05-10T06:26:46.887+0000] {subprocess.py:93} INFO - response_20240301.txt
[2024-05-10T06:26:46.888+0000] {subprocess.py:93} INFO - response_20240302.txt
[2024-05-10T06:26:46.888+0000] {subprocess.py:93} INFO - response_20240303.txt
[2024-05-10T06:26:46.889+0000] {subprocess.py:93} INFO - response_20240304.txt
[2024-05-10T06:26:46.890+0000] {subprocess.py:93} INFO - response_20240305.txt
[2024-05-10T06:26:46.890+0000] {subprocess.py:93} INFO - response_20240306.txt
[2024-05-10T06:26:46.892+0000] {subprocess.py:93} INFO - response_20240307.txt
[2024-05-10T06:26:46.893+0000] {subprocess.py:93} INFO - response_20240308.txt
[2024-05-10T06:26:46.899+0000] {subprocess.py:93} INFO - response_20240309.txt
[2024-05-10T06:26:46.902+0000] {subprocess.py:93} INFO - response_20240310.txt
[2024-05-10T06:26:46.902+0000] {subprocess.py:93} INFO - response_20240311.txt
[2024-05-10T06:26:46.903+0000] {subprocess.py:93} INFO - response_20240312.txt
[2024-05-10T06:26:46.904+0000] {subprocess.py:93} INFO - response_20240313.txt
[2024-05-10T06:26:46.905+0000] {subprocess.py:93} INFO - response_20240314.txt
[2024-05-10T06:26:46.905+0000] {subprocess.py:93} INFO - response_20240315.txt
[2024-05-10T06:26:46.907+0000] {subprocess.py:93} INFO - response_20240316.txt
[2024-05-10T06:26:46.908+0000] {subprocess.py:93} INFO - response_20240317.txt
[2024-05-10T06:26:46.917+0000] {subprocess.py:93} INFO - response_20240318.txt
[2024-05-10T06:26:46.919+0000] {subprocess.py:93} INFO - response_20240319.txt
[2024-05-10T06:26:46.921+0000] {subprocess.py:93} INFO - response_20240320.txt
[2024-05-10T06:26:46.924+0000] {subprocess.py:93} INFO - response_20240321.txt
[2024-05-10T06:26:46.925+0000] {subprocess.py:93} INFO - response_20240322.txt
[2024-05-10T06:26:46.926+0000] {subprocess.py:93} INFO - response_20240323.txt
[2024-05-10T06:26:46.927+0000] {subprocess.py:93} INFO - response_20240324.txt
[2024-05-10T06:26:46.928+0000] {subprocess.py:93} INFO - response_20240325.txt
[2024-05-10T06:26:46.928+0000] {subprocess.py:93} INFO - response_20240326.txt
[2024-05-10T06:26:46.929+0000] {subprocess.py:93} INFO - response_20240327.txt
[2024-05-10T06:26:46.929+0000] {subprocess.py:93} INFO - response_20240328.txt
[2024-05-10T06:26:46.930+0000] {subprocess.py:93} INFO - response_20240329.txt
[2024-05-10T06:26:46.931+0000] {subprocess.py:93} INFO - response_20240330.txt
[2024-05-10T06:26:46.931+0000] {subprocess.py:93} INFO - Student,timestamp
[2024-05-10T06:26:46.932+0000] {subprocess.py:93} INFO - Maria Cruz,2024-03-30 00:00:00+00:00
[2024-05-10T06:26:46.932+0000] {subprocess.py:93} INFO - Daniel Crema,2024-03-30 00:00:00+00:00
[2024-05-10T06:26:46.933+0000] {subprocess.py:93} INFO - Elon Musk,2024-03-30 00:00:00+00:00
[2024-05-10T06:26:46.934+0000] {subprocess.py:93} INFO - Karol Castrejon,2024-03-30 00:00:00+00:00
[2024-05-10T06:26:46.934+0000] {subprocess.py:93} INFO - Freddy Vega,2024-03-30 00:00:00+00:00
[2024-05-10T06:26:46.935+0000] {subprocess.py:93} INFO - Felipe Duque,2024-03-30 00:00:00+00:00
[2024-05-10T06:26:46.935+0000] {subprocess.py:97} INFO - Command exited with return code 0
[2024-05-10T06:26:46.936+0000] {taskinstance.py:441} INFO - ::group::Post task execution logs
[2024-05-10T06:26:46.964+0000] {taskinstance.py:1206} INFO - Marking task as SUCCESS. dag_id=Proyecto_SpaceX_v1, task_id=Visualizar_Respuesta_Satelite, run_id=scheduled__2024-03-30T00:00:00+00:00, execution_date=20240330T000000, start_date=20240510T062646, end_date=20240510T062646
[2024-05-10T06:26:47.032+0000] {local_task_job_runner.py:240} INFO - Task exited with return code 0
[2024-05-10T06:26:47.060+0000] {taskinstance.py:3498} INFO - 1 downstream tasks scheduled from follow-on schedule check
[2024-05-10T06:26:47.075+0000] {local_task_job_runner.py:222} INFO - ::endgroup::
