[2024-05-10T06:16:22.134+0000] {local_task_job_runner.py:120} INFO - ::group::Pre task execution logs
[2024-05-10T06:16:22.151+0000] {taskinstance.py:2076} INFO - Dependencies all met for dep_context=non-requeueable deps ti=<TaskInstance: Proyecto_SpaceX_v1.Lectura_Datos_NASA scheduled__2024-03-11T00:00:00+00:00 [queued]>
[2024-05-10T06:16:22.159+0000] {taskinstance.py:2076} INFO - Dependencies all met for dep_context=requeueable deps ti=<TaskInstance: Proyecto_SpaceX_v1.Lectura_Datos_NASA scheduled__2024-03-11T00:00:00+00:00 [queued]>
[2024-05-10T06:16:22.167+0000] {taskinstance.py:2306} INFO - Starting attempt 1 of 1
[2024-05-10T06:16:22.184+0000] {taskinstance.py:2330} INFO - Executing <Task(BashOperator): Lectura_Datos_NASA> on 2024-03-11 00:00:00+00:00
[2024-05-10T06:16:22.191+0000] {warnings.py:110} WARNING - /home/***/.local/lib/python3.12/site-packages/***/task/task_runner/standard_task_runner.py:61: DeprecationWarning: This process (pid=1618) is multi-threaded, use of fork() may lead to deadlocks in the child.
  pid = os.fork()

[2024-05-10T06:16:22.193+0000] {standard_task_runner.py:63} INFO - Started process 1620 to run task
[2024-05-10T06:16:22.193+0000] {standard_task_runner.py:90} INFO - Running: ['***', 'tasks', 'run', 'Proyecto_SpaceX_v1', 'Lectura_Datos_NASA', 'scheduled__2024-03-11T00:00:00+00:00', '--job-id', '1204', '--raw', '--subdir', 'DAGS_FOLDER/Proyecto_SpaceX_v1.py', '--cfg-path', '/tmp/tmp9zhq18og']
[2024-05-10T06:16:22.195+0000] {standard_task_runner.py:91} INFO - Job 1204: Subtask Lectura_Datos_NASA
[2024-05-10T06:16:22.238+0000] {task_command.py:426} INFO - Running <TaskInstance: Proyecto_SpaceX_v1.Lectura_Datos_NASA scheduled__2024-03-11T00:00:00+00:00 [running]> on host 1b7f0b10dd99
[2024-05-10T06:16:22.439+0000] {taskinstance.py:2648} INFO - Exporting env vars: AIRFLOW_CTX_DAG_OWNER='***' AIRFLOW_CTX_DAG_ID='Proyecto_SpaceX_v1' AIRFLOW_CTX_TASK_ID='Lectura_Datos_NASA' AIRFLOW_CTX_EXECUTION_DATE='2024-03-11T00:00:00+00:00' AIRFLOW_CTX_TRY_NUMBER='1' AIRFLOW_CTX_DAG_RUN_ID='scheduled__2024-03-11T00:00:00+00:00'
[2024-05-10T06:16:22.451+0000] {taskinstance.py:430} INFO - ::endgroup::
[2024-05-10T06:16:22.460+0000] {subprocess.py:63} INFO - Tmp dir root location: /tmp
[2024-05-10T06:16:22.463+0000] {subprocess.py:75} INFO - Running command: ['/usr/bin/bash', '-c', 'ls /tmp && head /tmp/response_20240311.txt']
[2024-05-10T06:16:22.473+0000] {subprocess.py:86} INFO - Output:
[2024-05-10T06:16:22.476+0000] {subprocess.py:93} INFO - ***tmpgbw3n9bc
[2024-05-10T06:16:22.477+0000] {subprocess.py:93} INFO - history.json
[2024-05-10T06:16:22.479+0000] {subprocess.py:93} INFO - platzi_data_20231125.csv
[2024-05-10T06:16:22.479+0000] {subprocess.py:93} INFO - platzi_data_20231126.csv
[2024-05-10T06:16:22.480+0000] {subprocess.py:93} INFO - platzi_data_20231127.csv
[2024-05-10T06:16:22.486+0000] {subprocess.py:93} INFO - platzi_data_20240101.csv
[2024-05-10T06:16:22.490+0000] {subprocess.py:93} INFO - platzi_data_20240201.csv
[2024-05-10T06:16:22.497+0000] {subprocess.py:93} INFO - platzi_data_20240301.csv
[2024-05-10T06:16:22.498+0000] {subprocess.py:93} INFO - platzi_data_20240302.csv
[2024-05-10T06:16:22.502+0000] {subprocess.py:93} INFO - platzi_data_20240303.csv
[2024-05-10T06:16:22.504+0000] {subprocess.py:93} INFO - platzi_data_20240304.csv
[2024-05-10T06:16:22.505+0000] {subprocess.py:93} INFO - platzi_data_20240305.csv
[2024-05-10T06:16:22.505+0000] {subprocess.py:93} INFO - platzi_data_20240306.csv
[2024-05-10T06:16:22.506+0000] {subprocess.py:93} INFO - platzi_data_20240307.csv
[2024-05-10T06:16:22.506+0000] {subprocess.py:93} INFO - platzi_data_20240308.csv
[2024-05-10T06:16:22.507+0000] {subprocess.py:93} INFO - platzi_data_20240309.csv
[2024-05-10T06:16:22.508+0000] {subprocess.py:93} INFO - platzi_data_20240310.csv
[2024-05-10T06:16:22.509+0000] {subprocess.py:93} INFO - pymp-uyxtzsi7
[2024-05-10T06:16:22.509+0000] {subprocess.py:93} INFO - response_20231125.txt
[2024-05-10T06:16:22.510+0000] {subprocess.py:93} INFO - response_20231126.txt
[2024-05-10T06:16:22.511+0000] {subprocess.py:93} INFO - response_20231127.txt
[2024-05-10T06:16:22.512+0000] {subprocess.py:93} INFO - response_20240101.txt
[2024-05-10T06:16:22.513+0000] {subprocess.py:93} INFO - response_20240201.txt
[2024-05-10T06:16:22.516+0000] {subprocess.py:93} INFO - response_20240301.txt
[2024-05-10T06:16:22.517+0000] {subprocess.py:93} INFO - response_20240302.txt
[2024-05-10T06:16:22.518+0000] {subprocess.py:93} INFO - response_20240303.txt
[2024-05-10T06:16:22.519+0000] {subprocess.py:93} INFO - response_20240304.txt
[2024-05-10T06:16:22.520+0000] {subprocess.py:93} INFO - response_20240305.txt
[2024-05-10T06:16:22.522+0000] {subprocess.py:93} INFO - response_20240306.txt
[2024-05-10T06:16:22.522+0000] {subprocess.py:93} INFO - response_20240307.txt
[2024-05-10T06:16:22.524+0000] {subprocess.py:93} INFO - response_20240308.txt
[2024-05-10T06:16:22.525+0000] {subprocess.py:93} INFO - response_20240309.txt
[2024-05-10T06:16:22.527+0000] {subprocess.py:93} INFO - response_20240310.txt
[2024-05-10T06:16:22.528+0000] {subprocess.py:93} INFO - response_20240311.txt
[2024-05-10T06:16:22.532+0000] {subprocess.py:93} INFO - Confirmación, puede proceder
[2024-05-10T06:16:22.533+0000] {subprocess.py:97} INFO - Command exited with return code 0
[2024-05-10T06:16:22.534+0000] {taskinstance.py:441} INFO - ::group::Post task execution logs
[2024-05-10T06:16:22.560+0000] {taskinstance.py:1206} INFO - Marking task as SUCCESS. dag_id=Proyecto_SpaceX_v1, task_id=Lectura_Datos_NASA, run_id=scheduled__2024-03-11T00:00:00+00:00, execution_date=20240311T000000, start_date=20240510T061622, end_date=20240510T061622
[2024-05-10T06:16:22.608+0000] {local_task_job_runner.py:240} INFO - Task exited with return code 0
[2024-05-10T06:16:22.760+0000] {taskinstance.py:3498} INFO - 0 downstream tasks scheduled from follow-on schedule check
[2024-05-10T06:16:22.765+0000] {local_task_job_runner.py:222} INFO - ::endgroup::
