[2024-05-10T06:15:21.220+0000] {local_task_job_runner.py:120} INFO - ::group::Pre task execution logs
[2024-05-10T06:15:21.243+0000] {taskinstance.py:2076} INFO - Dependencies all met for dep_context=non-requeueable deps ti=<TaskInstance: Proyecto_SpaceX_v1.Visualizar_Respuesta_Satelite scheduled__2024-03-09T00:00:00+00:00 [queued]>
[2024-05-10T06:15:21.253+0000] {taskinstance.py:2076} INFO - Dependencies all met for dep_context=requeueable deps ti=<TaskInstance: Proyecto_SpaceX_v1.Visualizar_Respuesta_Satelite scheduled__2024-03-09T00:00:00+00:00 [queued]>
[2024-05-10T06:15:21.282+0000] {taskinstance.py:2306} INFO - Starting attempt 1 of 1
[2024-05-10T06:15:21.297+0000] {taskinstance.py:2330} INFO - Executing <Task(BashOperator): Visualizar_Respuesta_Satelite> on 2024-03-09 00:00:00+00:00
[2024-05-10T06:15:21.303+0000] {warnings.py:110} WARNING - /home/***/.local/lib/python3.12/site-packages/***/task/task_runner/standard_task_runner.py:61: DeprecationWarning: This process (pid=1560) is multi-threaded, use of fork() may lead to deadlocks in the child.
  pid = os.fork()

[2024-05-10T06:15:21.304+0000] {standard_task_runner.py:63} INFO - Started process 1562 to run task
[2024-05-10T06:15:21.304+0000] {standard_task_runner.py:90} INFO - Running: ['***', 'tasks', 'run', 'Proyecto_SpaceX_v1', 'Visualizar_Respuesta_Satelite', 'scheduled__2024-03-09T00:00:00+00:00', '--job-id', '1194', '--raw', '--subdir', 'DAGS_FOLDER/Proyecto_SpaceX_v1.py', '--cfg-path', '/tmp/tmpefxmjm28']
[2024-05-10T06:15:21.306+0000] {standard_task_runner.py:91} INFO - Job 1194: Subtask Visualizar_Respuesta_Satelite
[2024-05-10T06:15:21.473+0000] {task_command.py:426} INFO - Running <TaskInstance: Proyecto_SpaceX_v1.Visualizar_Respuesta_Satelite scheduled__2024-03-09T00:00:00+00:00 [running]> on host 1b7f0b10dd99
[2024-05-10T06:15:21.529+0000] {taskinstance.py:2648} INFO - Exporting env vars: AIRFLOW_CTX_DAG_OWNER='***' AIRFLOW_CTX_DAG_ID='Proyecto_SpaceX_v1' AIRFLOW_CTX_TASK_ID='Visualizar_Respuesta_Satelite' AIRFLOW_CTX_EXECUTION_DATE='2024-03-09T00:00:00+00:00' AIRFLOW_CTX_TRY_NUMBER='1' AIRFLOW_CTX_DAG_RUN_ID='scheduled__2024-03-09T00:00:00+00:00'
[2024-05-10T06:15:21.530+0000] {taskinstance.py:430} INFO - ::endgroup::
[2024-05-10T06:15:21.538+0000] {subprocess.py:63} INFO - Tmp dir root location: /tmp
[2024-05-10T06:15:21.539+0000] {subprocess.py:75} INFO - Running command: ['/usr/bin/bash', '-c', 'ls /tmp && head /tmp/platzi_data_20240309.csv']
[2024-05-10T06:15:21.549+0000] {subprocess.py:86} INFO - Output:
[2024-05-10T06:15:21.551+0000] {subprocess.py:93} INFO - ***tmp8etc9vr5
[2024-05-10T06:15:21.551+0000] {subprocess.py:93} INFO - history.json
[2024-05-10T06:15:21.552+0000] {subprocess.py:93} INFO - platzi_data_20231125.csv
[2024-05-10T06:15:21.552+0000] {subprocess.py:93} INFO - platzi_data_20231126.csv
[2024-05-10T06:15:21.553+0000] {subprocess.py:93} INFO - platzi_data_20231127.csv
[2024-05-10T06:15:21.553+0000] {subprocess.py:93} INFO - platzi_data_20240101.csv
[2024-05-10T06:15:21.553+0000] {subprocess.py:93} INFO - platzi_data_20240201.csv
[2024-05-10T06:15:21.554+0000] {subprocess.py:93} INFO - platzi_data_20240301.csv
[2024-05-10T06:15:21.554+0000] {subprocess.py:93} INFO - platzi_data_20240302.csv
[2024-05-10T06:15:21.561+0000] {subprocess.py:93} INFO - platzi_data_20240303.csv
[2024-05-10T06:15:21.562+0000] {subprocess.py:93} INFO - platzi_data_20240304.csv
[2024-05-10T06:15:21.562+0000] {subprocess.py:93} INFO - platzi_data_20240305.csv
[2024-05-10T06:15:21.562+0000] {subprocess.py:93} INFO - platzi_data_20240306.csv
[2024-05-10T06:15:21.563+0000] {subprocess.py:93} INFO - platzi_data_20240307.csv
[2024-05-10T06:15:21.563+0000] {subprocess.py:93} INFO - platzi_data_20240308.csv
[2024-05-10T06:15:21.564+0000] {subprocess.py:93} INFO - platzi_data_20240309.csv
[2024-05-10T06:15:21.574+0000] {subprocess.py:93} INFO - pymp-uyxtzsi7
[2024-05-10T06:15:21.575+0000] {subprocess.py:93} INFO - response_20231125.txt
[2024-05-10T06:15:21.593+0000] {subprocess.py:93} INFO - response_20231126.txt
[2024-05-10T06:15:21.594+0000] {subprocess.py:93} INFO - response_20231127.txt
[2024-05-10T06:15:21.595+0000] {subprocess.py:93} INFO - response_20240101.txt
[2024-05-10T06:15:21.595+0000] {subprocess.py:93} INFO - response_20240201.txt
[2024-05-10T06:15:21.596+0000] {subprocess.py:93} INFO - response_20240301.txt
[2024-05-10T06:15:21.597+0000] {subprocess.py:93} INFO - response_20240302.txt
[2024-05-10T06:15:21.598+0000] {subprocess.py:93} INFO - response_20240303.txt
[2024-05-10T06:15:21.604+0000] {subprocess.py:93} INFO - response_20240304.txt
[2024-05-10T06:15:21.605+0000] {subprocess.py:93} INFO - response_20240305.txt
[2024-05-10T06:15:21.606+0000] {subprocess.py:93} INFO - response_20240306.txt
[2024-05-10T06:15:21.607+0000] {subprocess.py:93} INFO - response_20240307.txt
[2024-05-10T06:15:21.608+0000] {subprocess.py:93} INFO - response_20240308.txt
[2024-05-10T06:15:21.609+0000] {subprocess.py:93} INFO - response_20240309.txt
[2024-05-10T06:15:21.610+0000] {subprocess.py:93} INFO - Student,timestamp
[2024-05-10T06:15:21.611+0000] {subprocess.py:93} INFO - Maria Cruz,2024-03-09 00:00:00+00:00
[2024-05-10T06:15:21.612+0000] {subprocess.py:93} INFO - Daniel Crema,2024-03-09 00:00:00+00:00
[2024-05-10T06:15:21.613+0000] {subprocess.py:93} INFO - Elon Musk,2024-03-09 00:00:00+00:00
[2024-05-10T06:15:21.614+0000] {subprocess.py:93} INFO - Karol Castrejon,2024-03-09 00:00:00+00:00
[2024-05-10T06:15:21.615+0000] {subprocess.py:93} INFO - Freddy Vega,2024-03-09 00:00:00+00:00
[2024-05-10T06:15:21.616+0000] {subprocess.py:93} INFO - Felipe Duque,2024-03-09 00:00:00+00:00
[2024-05-10T06:15:21.617+0000] {subprocess.py:97} INFO - Command exited with return code 0
[2024-05-10T06:15:21.619+0000] {taskinstance.py:441} INFO - ::group::Post task execution logs
[2024-05-10T06:15:21.660+0000] {taskinstance.py:1206} INFO - Marking task as SUCCESS. dag_id=Proyecto_SpaceX_v1, task_id=Visualizar_Respuesta_Satelite, run_id=scheduled__2024-03-09T00:00:00+00:00, execution_date=20240309T000000, start_date=20240510T061521, end_date=20240510T061521
[2024-05-10T06:15:21.720+0000] {local_task_job_runner.py:240} INFO - Task exited with return code 0
[2024-05-10T06:15:21.857+0000] {taskinstance.py:3498} INFO - 0 downstream tasks scheduled from follow-on schedule check
[2024-05-10T06:15:21.864+0000] {local_task_job_runner.py:222} INFO - ::endgroup::
