[2024-05-07T23:41:54.535+0000] {local_task_job_runner.py:120} INFO - ::group::Pre task execution logs
[2024-05-07T23:41:54.563+0000] {taskinstance.py:2076} INFO - Dependencies all met for dep_context=non-requeueable deps ti=<TaskInstance: 5.1_orquestacion.tarea1 scheduled__2024-03-20T00:00:00+00:00 [queued]>
[2024-05-07T23:41:54.593+0000] {taskinstance.py:2076} INFO - Dependencies all met for dep_context=requeueable deps ti=<TaskInstance: 5.1_orquestacion.tarea1 scheduled__2024-03-20T00:00:00+00:00 [queued]>
[2024-05-07T23:41:54.594+0000] {taskinstance.py:2306} INFO - Starting attempt 1 of 1
[2024-05-07T23:41:54.608+0000] {taskinstance.py:2330} INFO - Executing <Task(BashOperator): tarea1> on 2024-03-20 00:00:00+00:00
[2024-05-07T23:41:54.615+0000] {warnings.py:110} WARNING - /home/***/.local/lib/python3.12/site-packages/***/task/task_runner/standard_task_runner.py:61: DeprecationWarning: This process (pid=3070) is multi-threaded, use of fork() may lead to deadlocks in the child.
  pid = os.fork()

[2024-05-07T23:41:54.616+0000] {standard_task_runner.py:63} INFO - Started process 3076 to run task
[2024-05-07T23:41:54.616+0000] {standard_task_runner.py:90} INFO - Running: ['***', 'tasks', 'run', '5.1_orquestacion', 'tarea1', 'scheduled__2024-03-20T00:00:00+00:00', '--job-id', '130', '--raw', '--subdir', 'DAGS_FOLDER/051_orquestacion.py', '--cfg-path', '/tmp/tmpuuoj010c']
[2024-05-07T23:41:54.617+0000] {standard_task_runner.py:91} INFO - Job 130: Subtask tarea1
[2024-05-07T23:41:54.677+0000] {task_command.py:426} INFO - Running <TaskInstance: 5.1_orquestacion.tarea1 scheduled__2024-03-20T00:00:00+00:00 [running]> on host 521bf890d837
[2024-05-07T23:41:54.763+0000] {taskinstance.py:2648} INFO - Exporting env vars: AIRFLOW_CTX_DAG_OWNER='***' AIRFLOW_CTX_DAG_ID='5.1_orquestacion' AIRFLOW_CTX_TASK_ID='tarea1' AIRFLOW_CTX_EXECUTION_DATE='2024-03-20T00:00:00+00:00' AIRFLOW_CTX_TRY_NUMBER='1' AIRFLOW_CTX_DAG_RUN_ID='scheduled__2024-03-20T00:00:00+00:00'
[2024-05-07T23:41:54.764+0000] {taskinstance.py:430} INFO - ::endgroup::
[2024-05-07T23:41:54.778+0000] {subprocess.py:63} INFO - Tmp dir root location: /tmp
[2024-05-07T23:41:54.779+0000] {subprocess.py:75} INFO - Running command: ['/usr/bin/bash', '-c', "sleep 2 && echo 'Tarea 1'"]
[2024-05-07T23:41:54.789+0000] {subprocess.py:86} INFO - Output:
[2024-05-07T23:41:56.791+0000] {subprocess.py:93} INFO - Tarea 1
[2024-05-07T23:41:56.792+0000] {subprocess.py:97} INFO - Command exited with return code 0
[2024-05-07T23:41:56.793+0000] {taskinstance.py:441} INFO - ::group::Post task execution logs
[2024-05-07T23:41:56.842+0000] {taskinstance.py:1206} INFO - Marking task as SUCCESS. dag_id=5.1_orquestacion, task_id=tarea1, run_id=scheduled__2024-03-20T00:00:00+00:00, execution_date=20240320T000000, start_date=20240507T234154, end_date=20240507T234156
[2024-05-07T23:41:56.963+0000] {local_task_job_runner.py:240} INFO - Task exited with return code 0
[2024-05-07T23:41:57.172+0000] {taskinstance.py:3498} INFO - 1 downstream tasks scheduled from follow-on schedule check
[2024-05-07T23:41:57.183+0000] {local_task_job_runner.py:222} INFO - ::endgroup::
[2024-05-07T23:48:56.248+0000] {local_task_job_runner.py:120} INFO - ::group::Pre task execution logs
[2024-05-07T23:48:56.274+0000] {taskinstance.py:2076} INFO - Dependencies all met for dep_context=non-requeueable deps ti=<TaskInstance: 5.1_orquestacion.tarea1 scheduled__2024-03-20T00:00:00+00:00 [queued]>
[2024-05-07T23:48:56.286+0000] {taskinstance.py:2076} INFO - Dependencies all met for dep_context=requeueable deps ti=<TaskInstance: 5.1_orquestacion.tarea1 scheduled__2024-03-20T00:00:00+00:00 [queued]>
[2024-05-07T23:48:56.293+0000] {taskinstance.py:2306} INFO - Starting attempt 1 of 1
[2024-05-07T23:48:56.310+0000] {taskinstance.py:2330} INFO - Executing <Task(BashOperator): tarea1> on 2024-03-20 00:00:00+00:00
[2024-05-07T23:48:56.332+0000] {warnings.py:110} WARNING - /home/***/.local/lib/python3.12/site-packages/***/task/task_runner/standard_task_runner.py:61: DeprecationWarning: This process (pid=3693) is multi-threaded, use of fork() may lead to deadlocks in the child.
  pid = os.fork()

[2024-05-07T23:48:56.334+0000] {standard_task_runner.py:63} INFO - Started process 3694 to run task
[2024-05-07T23:48:56.337+0000] {standard_task_runner.py:90} INFO - Running: ['***', 'tasks', 'run', '5.1_orquestacion', 'tarea1', 'scheduled__2024-03-20T00:00:00+00:00', '--job-id', '261', '--raw', '--subdir', 'DAGS_FOLDER/051_orquestacion.py', '--cfg-path', '/tmp/tmpbh108db3']
[2024-05-07T23:48:56.338+0000] {standard_task_runner.py:91} INFO - Job 261: Subtask tarea1
[2024-05-07T23:48:56.377+0000] {task_command.py:426} INFO - Running <TaskInstance: 5.1_orquestacion.tarea1 scheduled__2024-03-20T00:00:00+00:00 [running]> on host 521bf890d837
[2024-05-07T23:48:56.451+0000] {taskinstance.py:2648} INFO - Exporting env vars: AIRFLOW_CTX_DAG_OWNER='***' AIRFLOW_CTX_DAG_ID='5.1_orquestacion' AIRFLOW_CTX_TASK_ID='tarea1' AIRFLOW_CTX_EXECUTION_DATE='2024-03-20T00:00:00+00:00' AIRFLOW_CTX_TRY_NUMBER='1' AIRFLOW_CTX_DAG_RUN_ID='scheduled__2024-03-20T00:00:00+00:00'
[2024-05-07T23:48:56.452+0000] {taskinstance.py:430} INFO - ::endgroup::
[2024-05-07T23:48:56.464+0000] {subprocess.py:63} INFO - Tmp dir root location: /tmp
[2024-05-07T23:48:56.465+0000] {subprocess.py:75} INFO - Running command: ['/usr/bin/bash', '-c', "sleep 2 && echo 'Tarea 1'"]
[2024-05-07T23:48:56.475+0000] {subprocess.py:86} INFO - Output:
[2024-05-07T23:48:58.478+0000] {subprocess.py:93} INFO - Tarea 1
[2024-05-07T23:48:58.479+0000] {subprocess.py:97} INFO - Command exited with return code 0
[2024-05-07T23:48:58.481+0000] {taskinstance.py:441} INFO - ::group::Post task execution logs
[2024-05-07T23:48:58.500+0000] {taskinstance.py:1206} INFO - Marking task as SUCCESS. dag_id=5.1_orquestacion, task_id=tarea1, run_id=scheduled__2024-03-20T00:00:00+00:00, execution_date=20240320T000000, start_date=20240507T234856, end_date=20240507T234858
[2024-05-07T23:48:58.520+0000] {local_task_job_runner.py:240} INFO - Task exited with return code 0
[2024-05-07T23:48:58.545+0000] {taskinstance.py:3498} INFO - 1 downstream tasks scheduled from follow-on schedule check
[2024-05-07T23:48:58.548+0000] {local_task_job_runner.py:222} INFO - ::endgroup::
