[2024-05-07T23:42:12.973+0000] {local_task_job_runner.py:120} INFO - ::group::Pre task execution logs
[2024-05-07T23:42:13.002+0000] {taskinstance.py:2076} INFO - Dependencies all met for dep_context=non-requeueable deps ti=<TaskInstance: 5.1_orquestacion.tarea2 scheduled__2024-03-24T00:00:00+00:00 [queued]>
[2024-05-07T23:42:13.014+0000] {taskinstance.py:2076} INFO - Dependencies all met for dep_context=requeueable deps ti=<TaskInstance: 5.1_orquestacion.tarea2 scheduled__2024-03-24T00:00:00+00:00 [queued]>
[2024-05-07T23:42:13.015+0000] {taskinstance.py:2306} INFO - Starting attempt 1 of 1
[2024-05-07T23:42:13.032+0000] {taskinstance.py:2330} INFO - Executing <Task(BashOperator): tarea2> on 2024-03-24 00:00:00+00:00
[2024-05-07T23:42:13.037+0000] {warnings.py:110} WARNING - /home/***/.local/lib/python3.12/site-packages/***/task/task_runner/standard_task_runner.py:61: DeprecationWarning: This process (pid=3159) is multi-threaded, use of fork() may lead to deadlocks in the child.
  pid = os.fork()

[2024-05-07T23:42:13.039+0000] {standard_task_runner.py:63} INFO - Started process 3164 to run task
[2024-05-07T23:42:13.039+0000] {standard_task_runner.py:90} INFO - Running: ['***', 'tasks', 'run', '5.1_orquestacion', 'tarea2', 'scheduled__2024-03-24T00:00:00+00:00', '--job-id', '151', '--raw', '--subdir', 'DAGS_FOLDER/051_orquestacion.py', '--cfg-path', '/tmp/tmp1fha5ywz']
[2024-05-07T23:42:13.040+0000] {standard_task_runner.py:91} INFO - Job 151: Subtask tarea2
[2024-05-07T23:42:13.088+0000] {task_command.py:426} INFO - Running <TaskInstance: 5.1_orquestacion.tarea2 scheduled__2024-03-24T00:00:00+00:00 [running]> on host 521bf890d837
[2024-05-07T23:42:13.198+0000] {taskinstance.py:2648} INFO - Exporting env vars: AIRFLOW_CTX_DAG_OWNER='***' AIRFLOW_CTX_DAG_ID='5.1_orquestacion' AIRFLOW_CTX_TASK_ID='tarea2' AIRFLOW_CTX_EXECUTION_DATE='2024-03-24T00:00:00+00:00' AIRFLOW_CTX_TRY_NUMBER='1' AIRFLOW_CTX_DAG_RUN_ID='scheduled__2024-03-24T00:00:00+00:00'
[2024-05-07T23:42:13.199+0000] {taskinstance.py:430} INFO - ::endgroup::
[2024-05-07T23:42:13.214+0000] {subprocess.py:63} INFO - Tmp dir root location: /tmp
[2024-05-07T23:42:13.216+0000] {subprocess.py:75} INFO - Running command: ['/usr/bin/bash', '-c', "sleep 2 && echo 'Tarea 2'"]
[2024-05-07T23:42:13.224+0000] {subprocess.py:86} INFO - Output:
[2024-05-07T23:42:15.227+0000] {subprocess.py:93} INFO - Tarea 2
[2024-05-07T23:42:15.228+0000] {subprocess.py:97} INFO - Command exited with return code 0
[2024-05-07T23:42:15.229+0000] {taskinstance.py:441} INFO - ::group::Post task execution logs
[2024-05-07T23:42:15.300+0000] {taskinstance.py:1206} INFO - Marking task as SUCCESS. dag_id=5.1_orquestacion, task_id=tarea2, run_id=scheduled__2024-03-24T00:00:00+00:00, execution_date=20240324T000000, start_date=20240507T234213, end_date=20240507T234215
[2024-05-07T23:42:15.345+0000] {local_task_job_runner.py:240} INFO - Task exited with return code 0
[2024-05-07T23:42:15.396+0000] {taskinstance.py:3498} INFO - 2 downstream tasks scheduled from follow-on schedule check
[2024-05-07T23:42:15.400+0000] {local_task_job_runner.py:222} INFO - ::endgroup::
[2024-05-07T23:49:39.720+0000] {local_task_job_runner.py:120} INFO - ::group::Pre task execution logs
[2024-05-07T23:49:39.744+0000] {taskinstance.py:2076} INFO - Dependencies all met for dep_context=non-requeueable deps ti=<TaskInstance: 5.1_orquestacion.tarea2 scheduled__2024-03-24T00:00:00+00:00 [queued]>
[2024-05-07T23:49:39.753+0000] {taskinstance.py:2076} INFO - Dependencies all met for dep_context=requeueable deps ti=<TaskInstance: 5.1_orquestacion.tarea2 scheduled__2024-03-24T00:00:00+00:00 [queued]>
[2024-05-07T23:49:39.754+0000] {taskinstance.py:2306} INFO - Starting attempt 1 of 1
[2024-05-07T23:49:39.769+0000] {taskinstance.py:2330} INFO - Executing <Task(BashOperator): tarea2> on 2024-03-24 00:00:00+00:00
[2024-05-07T23:49:39.774+0000] {warnings.py:110} WARNING - /home/***/.local/lib/python3.12/site-packages/***/task/task_runner/standard_task_runner.py:61: DeprecationWarning: This process (pid=3768) is multi-threaded, use of fork() may lead to deadlocks in the child.
  pid = os.fork()

[2024-05-07T23:49:39.776+0000] {standard_task_runner.py:63} INFO - Started process 3769 to run task
[2024-05-07T23:49:39.776+0000] {standard_task_runner.py:90} INFO - Running: ['***', 'tasks', 'run', '5.1_orquestacion', 'tarea2', 'scheduled__2024-03-24T00:00:00+00:00', '--job-id', '278', '--raw', '--subdir', 'DAGS_FOLDER/051_orquestacion.py', '--cfg-path', '/tmp/tmp4v33eqhk']
[2024-05-07T23:49:39.777+0000] {standard_task_runner.py:91} INFO - Job 278: Subtask tarea2
[2024-05-07T23:49:39.825+0000] {task_command.py:426} INFO - Running <TaskInstance: 5.1_orquestacion.tarea2 scheduled__2024-03-24T00:00:00+00:00 [running]> on host 521bf890d837
[2024-05-07T23:49:39.899+0000] {taskinstance.py:2648} INFO - Exporting env vars: AIRFLOW_CTX_DAG_OWNER='***' AIRFLOW_CTX_DAG_ID='5.1_orquestacion' AIRFLOW_CTX_TASK_ID='tarea2' AIRFLOW_CTX_EXECUTION_DATE='2024-03-24T00:00:00+00:00' AIRFLOW_CTX_TRY_NUMBER='1' AIRFLOW_CTX_DAG_RUN_ID='scheduled__2024-03-24T00:00:00+00:00'
[2024-05-07T23:49:39.900+0000] {taskinstance.py:430} INFO - ::endgroup::
[2024-05-07T23:49:39.910+0000] {subprocess.py:63} INFO - Tmp dir root location: /tmp
[2024-05-07T23:49:39.911+0000] {subprocess.py:75} INFO - Running command: ['/usr/bin/bash', '-c', "sleep 2 && echo 'Tarea 2'"]
[2024-05-07T23:49:39.919+0000] {subprocess.py:86} INFO - Output:
[2024-05-07T23:49:41.922+0000] {subprocess.py:93} INFO - Tarea 2
[2024-05-07T23:49:41.923+0000] {subprocess.py:97} INFO - Command exited with return code 0
[2024-05-07T23:49:41.924+0000] {taskinstance.py:441} INFO - ::group::Post task execution logs
[2024-05-07T23:49:41.948+0000] {taskinstance.py:1206} INFO - Marking task as SUCCESS. dag_id=5.1_orquestacion, task_id=tarea2, run_id=scheduled__2024-03-24T00:00:00+00:00, execution_date=20240324T000000, start_date=20240507T234939, end_date=20240507T234941
[2024-05-07T23:49:42.002+0000] {local_task_job_runner.py:240} INFO - Task exited with return code 0
[2024-05-07T23:49:42.027+0000] {taskinstance.py:3498} INFO - 2 downstream tasks scheduled from follow-on schedule check
[2024-05-07T23:49:42.031+0000] {local_task_job_runner.py:222} INFO - ::endgroup::
