[2024-05-07T23:41:33.058+0000] {local_task_job_runner.py:120} INFO - ::group::Pre task execution logs
[2024-05-07T23:41:33.096+0000] {taskinstance.py:2076} INFO - Dependencies all met for dep_context=non-requeueable deps ti=<TaskInstance: 5.1_orquestacion.tarea1 scheduled__2024-03-14T00:00:00+00:00 [queued]>
[2024-05-07T23:41:33.111+0000] {taskinstance.py:2076} INFO - Dependencies all met for dep_context=requeueable deps ti=<TaskInstance: 5.1_orquestacion.tarea1 scheduled__2024-03-14T00:00:00+00:00 [queued]>
[2024-05-07T23:41:33.112+0000] {taskinstance.py:2306} INFO - Starting attempt 1 of 1
[2024-05-07T23:41:33.132+0000] {taskinstance.py:2330} INFO - Executing <Task(BashOperator): tarea1> on 2024-03-14 00:00:00+00:00
[2024-05-07T23:41:33.140+0000] {warnings.py:110} WARNING - /home/***/.local/lib/python3.12/site-packages/***/task/task_runner/standard_task_runner.py:61: DeprecationWarning: This process (pid=2967) is multi-threaded, use of fork() may lead to deadlocks in the child.
  pid = os.fork()

[2024-05-07T23:41:33.142+0000] {standard_task_runner.py:63} INFO - Started process 2971 to run task
[2024-05-07T23:41:33.142+0000] {standard_task_runner.py:90} INFO - Running: ['***', 'tasks', 'run', '5.1_orquestacion', 'tarea1', 'scheduled__2024-03-14T00:00:00+00:00', '--job-id', '104', '--raw', '--subdir', 'DAGS_FOLDER/051_orquestacion.py', '--cfg-path', '/tmp/tmp1fkwj2ib']
[2024-05-07T23:41:33.144+0000] {standard_task_runner.py:91} INFO - Job 104: Subtask tarea1
[2024-05-07T23:41:33.205+0000] {task_command.py:426} INFO - Running <TaskInstance: 5.1_orquestacion.tarea1 scheduled__2024-03-14T00:00:00+00:00 [running]> on host 521bf890d837
[2024-05-07T23:41:33.326+0000] {taskinstance.py:2648} INFO - Exporting env vars: AIRFLOW_CTX_DAG_OWNER='***' AIRFLOW_CTX_DAG_ID='5.1_orquestacion' AIRFLOW_CTX_TASK_ID='tarea1' AIRFLOW_CTX_EXECUTION_DATE='2024-03-14T00:00:00+00:00' AIRFLOW_CTX_TRY_NUMBER='1' AIRFLOW_CTX_DAG_RUN_ID='scheduled__2024-03-14T00:00:00+00:00'
[2024-05-07T23:41:33.327+0000] {taskinstance.py:430} INFO - ::endgroup::
[2024-05-07T23:41:33.346+0000] {subprocess.py:63} INFO - Tmp dir root location: /tmp
[2024-05-07T23:41:33.347+0000] {subprocess.py:75} INFO - Running command: ['/usr/bin/bash', '-c', "sleep 2 && echo 'Tarea 1'"]
[2024-05-07T23:41:33.357+0000] {subprocess.py:86} INFO - Output:
[2024-05-07T23:41:35.361+0000] {subprocess.py:93} INFO - Tarea 1
[2024-05-07T23:41:35.361+0000] {subprocess.py:97} INFO - Command exited with return code 0
[2024-05-07T23:41:35.362+0000] {taskinstance.py:441} INFO - ::group::Post task execution logs
[2024-05-07T23:41:35.384+0000] {taskinstance.py:1206} INFO - Marking task as SUCCESS. dag_id=5.1_orquestacion, task_id=tarea1, run_id=scheduled__2024-03-14T00:00:00+00:00, execution_date=20240314T000000, start_date=20240507T234133, end_date=20240507T234135
[2024-05-07T23:41:35.447+0000] {local_task_job_runner.py:240} INFO - Task exited with return code 0
[2024-05-07T23:41:35.509+0000] {taskinstance.py:3498} INFO - 0 downstream tasks scheduled from follow-on schedule check
[2024-05-07T23:41:35.512+0000] {local_task_job_runner.py:222} INFO - ::endgroup::
[2024-05-07T23:47:44.897+0000] {local_task_job_runner.py:120} INFO - ::group::Pre task execution logs
[2024-05-07T23:47:44.924+0000] {taskinstance.py:2076} INFO - Dependencies all met for dep_context=non-requeueable deps ti=<TaskInstance: 5.1_orquestacion.tarea1 scheduled__2024-03-14T00:00:00+00:00 [queued]>
[2024-05-07T23:47:44.937+0000] {taskinstance.py:2076} INFO - Dependencies all met for dep_context=requeueable deps ti=<TaskInstance: 5.1_orquestacion.tarea1 scheduled__2024-03-14T00:00:00+00:00 [queued]>
[2024-05-07T23:47:44.944+0000] {taskinstance.py:2306} INFO - Starting attempt 1 of 1
[2024-05-07T23:47:44.965+0000] {taskinstance.py:2330} INFO - Executing <Task(BashOperator): tarea1> on 2024-03-14 00:00:00+00:00
[2024-05-07T23:47:44.972+0000] {warnings.py:110} WARNING - /home/***/.local/lib/python3.12/site-packages/***/task/task_runner/standard_task_runner.py:61: DeprecationWarning: This process (pid=3583) is multi-threaded, use of fork() may lead to deadlocks in the child.
  pid = os.fork()

[2024-05-07T23:47:44.973+0000] {standard_task_runner.py:90} INFO - Running: ['***', 'tasks', 'run', '5.1_orquestacion', 'tarea1', 'scheduled__2024-03-14T00:00:00+00:00', '--job-id', '237', '--raw', '--subdir', 'DAGS_FOLDER/051_orquestacion.py', '--cfg-path', '/tmp/tmp1z816k9e']
[2024-05-07T23:47:44.974+0000] {standard_task_runner.py:63} INFO - Started process 3584 to run task
[2024-05-07T23:47:44.974+0000] {standard_task_runner.py:91} INFO - Job 237: Subtask tarea1
[2024-05-07T23:47:45.034+0000] {task_command.py:426} INFO - Running <TaskInstance: 5.1_orquestacion.tarea1 scheduled__2024-03-14T00:00:00+00:00 [running]> on host 521bf890d837
[2024-05-07T23:47:45.117+0000] {taskinstance.py:2648} INFO - Exporting env vars: AIRFLOW_CTX_DAG_OWNER='***' AIRFLOW_CTX_DAG_ID='5.1_orquestacion' AIRFLOW_CTX_TASK_ID='tarea1' AIRFLOW_CTX_EXECUTION_DATE='2024-03-14T00:00:00+00:00' AIRFLOW_CTX_TRY_NUMBER='1' AIRFLOW_CTX_DAG_RUN_ID='scheduled__2024-03-14T00:00:00+00:00'
[2024-05-07T23:47:45.118+0000] {taskinstance.py:430} INFO - ::endgroup::
[2024-05-07T23:47:45.147+0000] {subprocess.py:63} INFO - Tmp dir root location: /tmp
[2024-05-07T23:47:45.148+0000] {subprocess.py:75} INFO - Running command: ['/usr/bin/bash', '-c', "sleep 2 && echo 'Tarea 1'"]
[2024-05-07T23:47:45.156+0000] {subprocess.py:86} INFO - Output:
[2024-05-07T23:47:47.159+0000] {subprocess.py:93} INFO - Tarea 1
[2024-05-07T23:47:47.162+0000] {subprocess.py:97} INFO - Command exited with return code 0
[2024-05-07T23:47:47.164+0000] {taskinstance.py:441} INFO - ::group::Post task execution logs
[2024-05-07T23:47:47.185+0000] {taskinstance.py:1206} INFO - Marking task as SUCCESS. dag_id=5.1_orquestacion, task_id=tarea1, run_id=scheduled__2024-03-14T00:00:00+00:00, execution_date=20240314T000000, start_date=20240507T234744, end_date=20240507T234747
[2024-05-07T23:47:47.241+0000] {local_task_job_runner.py:240} INFO - Task exited with return code 0
[2024-05-07T23:47:47.370+0000] {taskinstance.py:3498} INFO - 0 downstream tasks scheduled from follow-on schedule check
[2024-05-07T23:47:47.378+0000] {local_task_job_runner.py:222} INFO - ::endgroup::
