[2024-05-10T06:22:52.834+0000] {local_task_job_runner.py:120} INFO - ::group::Pre task execution logs
[2024-05-10T06:22:52.959+0000] {taskinstance.py:2076} INFO - Dependencies all met for dep_context=non-requeueable deps ti=<TaskInstance: Proyecto_SpaceX_v1.Lectura_Datos_NASA scheduled__2024-03-23T00:00:00+00:00 [queued]>
[2024-05-10T06:22:52.964+0000] {taskinstance.py:2076} INFO - Dependencies all met for dep_context=requeueable deps ti=<TaskInstance: Proyecto_SpaceX_v1.Lectura_Datos_NASA scheduled__2024-03-23T00:00:00+00:00 [queued]>
[2024-05-10T06:22:52.966+0000] {taskinstance.py:2306} INFO - Starting attempt 1 of 1
[2024-05-10T06:22:52.976+0000] {taskinstance.py:2330} INFO - Executing <Task(BashOperator): Lectura_Datos_NASA> on 2024-03-23 00:00:00+00:00
[2024-05-10T06:22:52.982+0000] {warnings.py:110} WARNING - /home/***/.local/lib/python3.12/site-packages/***/task/task_runner/standard_task_runner.py:61: DeprecationWarning: This process (pid=2040) is multi-threaded, use of fork() may lead to deadlocks in the child.
  pid = os.fork()

[2024-05-10T06:22:52.984+0000] {standard_task_runner.py:63} INFO - Started process 2042 to run task
[2024-05-10T06:22:52.983+0000] {standard_task_runner.py:90} INFO - Running: ['***', 'tasks', 'run', 'Proyecto_SpaceX_v1', 'Lectura_Datos_NASA', 'scheduled__2024-03-23T00:00:00+00:00', '--job-id', '1282', '--raw', '--subdir', 'DAGS_FOLDER/Proyecto_SpaceX_v1.py', '--cfg-path', '/tmp/tmptc9r6mh8']
[2024-05-10T06:22:52.985+0000] {standard_task_runner.py:91} INFO - Job 1282: Subtask Lectura_Datos_NASA
[2024-05-10T06:22:53.025+0000] {task_command.py:426} INFO - Running <TaskInstance: Proyecto_SpaceX_v1.Lectura_Datos_NASA scheduled__2024-03-23T00:00:00+00:00 [running]> on host 1b7f0b10dd99
[2024-05-10T06:22:53.091+0000] {taskinstance.py:2648} INFO - Exporting env vars: AIRFLOW_CTX_DAG_OWNER='***' AIRFLOW_CTX_DAG_ID='Proyecto_SpaceX_v1' AIRFLOW_CTX_TASK_ID='Lectura_Datos_NASA' AIRFLOW_CTX_EXECUTION_DATE='2024-03-23T00:00:00+00:00' AIRFLOW_CTX_TRY_NUMBER='1' AIRFLOW_CTX_DAG_RUN_ID='scheduled__2024-03-23T00:00:00+00:00'
[2024-05-10T06:22:53.093+0000] {taskinstance.py:430} INFO - ::endgroup::
[2024-05-10T06:22:53.102+0000] {subprocess.py:63} INFO - Tmp dir root location: /tmp
[2024-05-10T06:22:53.104+0000] {subprocess.py:75} INFO - Running command: ['/usr/bin/bash', '-c', 'ls /tmp && head /tmp/response_20240323.txt']
[2024-05-10T06:22:53.113+0000] {subprocess.py:86} INFO - Output:
[2024-05-10T06:22:53.115+0000] {subprocess.py:93} INFO - ***tmp9ds_x9a9
[2024-05-10T06:22:53.116+0000] {subprocess.py:93} INFO - history.json
[2024-05-10T06:22:53.116+0000] {subprocess.py:93} INFO - platzi_data_20231125.csv
[2024-05-10T06:22:53.117+0000] {subprocess.py:93} INFO - platzi_data_20231126.csv
[2024-05-10T06:22:53.118+0000] {subprocess.py:93} INFO - platzi_data_20231127.csv
[2024-05-10T06:22:53.118+0000] {subprocess.py:93} INFO - platzi_data_20240101.csv
[2024-05-10T06:22:53.119+0000] {subprocess.py:93} INFO - platzi_data_20240201.csv
[2024-05-10T06:22:53.119+0000] {subprocess.py:93} INFO - platzi_data_20240301.csv
[2024-05-10T06:22:53.120+0000] {subprocess.py:93} INFO - platzi_data_20240302.csv
[2024-05-10T06:22:53.121+0000] {subprocess.py:93} INFO - platzi_data_20240303.csv
[2024-05-10T06:22:53.121+0000] {subprocess.py:93} INFO - platzi_data_20240304.csv
[2024-05-10T06:22:53.122+0000] {subprocess.py:93} INFO - platzi_data_20240305.csv
[2024-05-10T06:22:53.123+0000] {subprocess.py:93} INFO - platzi_data_20240306.csv
[2024-05-10T06:22:53.123+0000] {subprocess.py:93} INFO - platzi_data_20240307.csv
[2024-05-10T06:22:53.124+0000] {subprocess.py:93} INFO - platzi_data_20240308.csv
[2024-05-10T06:22:53.125+0000] {subprocess.py:93} INFO - platzi_data_20240309.csv
[2024-05-10T06:22:53.125+0000] {subprocess.py:93} INFO - platzi_data_20240310.csv
[2024-05-10T06:22:53.126+0000] {subprocess.py:93} INFO - platzi_data_20240311.csv
[2024-05-10T06:22:53.127+0000] {subprocess.py:93} INFO - platzi_data_20240312.csv
[2024-05-10T06:22:53.127+0000] {subprocess.py:93} INFO - platzi_data_20240313.csv
[2024-05-10T06:22:53.128+0000] {subprocess.py:93} INFO - platzi_data_20240314.csv
[2024-05-10T06:22:53.128+0000] {subprocess.py:93} INFO - platzi_data_20240316.csv
[2024-05-10T06:22:53.129+0000] {subprocess.py:93} INFO - platzi_data_20240317.csv
[2024-05-10T06:22:53.130+0000] {subprocess.py:93} INFO - platzi_data_20240318.csv
[2024-05-10T06:22:53.131+0000] {subprocess.py:93} INFO - platzi_data_20240319.csv
[2024-05-10T06:22:53.131+0000] {subprocess.py:93} INFO - platzi_data_20240320.csv
[2024-05-10T06:22:53.132+0000] {subprocess.py:93} INFO - platzi_data_20240321.csv
[2024-05-10T06:22:53.132+0000] {subprocess.py:93} INFO - platzi_data_20240322.csv
[2024-05-10T06:22:53.133+0000] {subprocess.py:93} INFO - pymp-uyxtzsi7
[2024-05-10T06:22:53.134+0000] {subprocess.py:93} INFO - response_20231125.txt
[2024-05-10T06:22:53.134+0000] {subprocess.py:93} INFO - response_20231126.txt
[2024-05-10T06:22:53.135+0000] {subprocess.py:93} INFO - response_20231127.txt
[2024-05-10T06:22:53.135+0000] {subprocess.py:93} INFO - response_20240101.txt
[2024-05-10T06:22:53.136+0000] {subprocess.py:93} INFO - response_20240201.txt
[2024-05-10T06:22:53.136+0000] {subprocess.py:93} INFO - response_20240301.txt
[2024-05-10T06:22:53.137+0000] {subprocess.py:93} INFO - response_20240302.txt
[2024-05-10T06:22:53.138+0000] {subprocess.py:93} INFO - response_20240303.txt
[2024-05-10T06:22:53.138+0000] {subprocess.py:93} INFO - response_20240304.txt
[2024-05-10T06:22:53.139+0000] {subprocess.py:93} INFO - response_20240305.txt
[2024-05-10T06:22:53.140+0000] {subprocess.py:93} INFO - response_20240306.txt
[2024-05-10T06:22:53.141+0000] {subprocess.py:93} INFO - response_20240307.txt
[2024-05-10T06:22:53.141+0000] {subprocess.py:93} INFO - response_20240308.txt
[2024-05-10T06:22:53.142+0000] {subprocess.py:93} INFO - response_20240309.txt
[2024-05-10T06:22:53.143+0000] {subprocess.py:93} INFO - response_20240310.txt
[2024-05-10T06:22:53.143+0000] {subprocess.py:93} INFO - response_20240311.txt
[2024-05-10T06:22:53.144+0000] {subprocess.py:93} INFO - response_20240312.txt
[2024-05-10T06:22:53.145+0000] {subprocess.py:93} INFO - response_20240313.txt
[2024-05-10T06:22:53.145+0000] {subprocess.py:93} INFO - response_20240314.txt
[2024-05-10T06:22:53.146+0000] {subprocess.py:93} INFO - response_20240315.txt
[2024-05-10T06:22:53.146+0000] {subprocess.py:93} INFO - response_20240316.txt
[2024-05-10T06:22:53.147+0000] {subprocess.py:93} INFO - response_20240317.txt
[2024-05-10T06:22:53.148+0000] {subprocess.py:93} INFO - response_20240318.txt
[2024-05-10T06:22:53.148+0000] {subprocess.py:93} INFO - response_20240319.txt
[2024-05-10T06:22:53.149+0000] {subprocess.py:93} INFO - response_20240320.txt
[2024-05-10T06:22:53.150+0000] {subprocess.py:93} INFO - response_20240321.txt
[2024-05-10T06:22:53.150+0000] {subprocess.py:93} INFO - response_20240322.txt
[2024-05-10T06:22:53.151+0000] {subprocess.py:93} INFO - response_20240323.txt
[2024-05-10T06:22:53.151+0000] {subprocess.py:93} INFO - Confirmación, puede proceder
[2024-05-10T06:22:53.152+0000] {subprocess.py:97} INFO - Command exited with return code 0
[2024-05-10T06:22:53.153+0000] {taskinstance.py:441} INFO - ::group::Post task execution logs
[2024-05-10T06:22:53.174+0000] {taskinstance.py:1206} INFO - Marking task as SUCCESS. dag_id=Proyecto_SpaceX_v1, task_id=Lectura_Datos_NASA, run_id=scheduled__2024-03-23T00:00:00+00:00, execution_date=20240323T000000, start_date=20240510T062252, end_date=20240510T062253
[2024-05-10T06:22:53.200+0000] {local_task_job_runner.py:240} INFO - Task exited with return code 0
[2024-05-10T06:22:53.219+0000] {taskinstance.py:3498} INFO - 1 downstream tasks scheduled from follow-on schedule check
[2024-05-10T06:22:53.222+0000] {local_task_job_runner.py:222} INFO - ::endgroup::
