[2024-05-09T20:01:46.651+0000] {local_task_job_runner.py:120} INFO - ::group::Pre task execution logs
[2024-05-09T20:01:46.672+0000] {taskinstance.py:2076} INFO - Dependencies all met for dep_context=non-requeueable deps ti=<TaskInstance: Proyecto_SpaceX.Leer_Datos_Respuesta_Satelite scheduled__2024-02-01T00:00:00+00:00 [queued]>
[2024-05-09T20:01:46.681+0000] {taskinstance.py:2076} INFO - Dependencies all met for dep_context=requeueable deps ti=<TaskInstance: Proyecto_SpaceX.Leer_Datos_Respuesta_Satelite scheduled__2024-02-01T00:00:00+00:00 [queued]>
[2024-05-09T20:01:46.685+0000] {taskinstance.py:2306} INFO - Starting attempt 3 of 3
[2024-05-09T20:01:46.821+0000] {taskinstance.py:2330} INFO - Executing <Task(BashOperator): Leer_Datos_Respuesta_Satelite> on 2024-02-01 00:00:00+00:00
[2024-05-09T20:01:46.829+0000] {warnings.py:110} WARNING - /home/***/.local/lib/python3.12/site-packages/***/task/task_runner/standard_task_runner.py:61: DeprecationWarning: This process (pid=1242) is multi-threaded, use of fork() may lead to deadlocks in the child.
  pid = os.fork()

[2024-05-09T20:01:46.830+0000] {standard_task_runner.py:63} INFO - Started process 1244 to run task
[2024-05-09T20:01:46.830+0000] {standard_task_runner.py:90} INFO - Running: ['***', 'tasks', 'run', 'Proyecto_SpaceX', 'Leer_Datos_Respuesta_Satelite', 'scheduled__2024-02-01T00:00:00+00:00', '--job-id', '976', '--raw', '--subdir', 'DAGS_FOLDER/Proyecto_SpaceX.py', '--cfg-path', '/tmp/tmpfonbg95a']
[2024-05-09T20:01:46.832+0000] {standard_task_runner.py:91} INFO - Job 976: Subtask Leer_Datos_Respuesta_Satelite
[2024-05-09T20:01:46.874+0000] {task_command.py:426} INFO - Running <TaskInstance: Proyecto_SpaceX.Leer_Datos_Respuesta_Satelite scheduled__2024-02-01T00:00:00+00:00 [running]> on host 7a81a983afb0
[2024-05-09T20:01:46.942+0000] {taskinstance.py:2648} INFO - Exporting env vars: AIRFLOW_CTX_DAG_OWNER='***' AIRFLOW_CTX_DAG_ID='Proyecto_SpaceX' AIRFLOW_CTX_TASK_ID='Leer_Datos_Respuesta_Satelite' AIRFLOW_CTX_EXECUTION_DATE='2024-02-01T00:00:00+00:00' AIRFLOW_CTX_TRY_NUMBER='3' AIRFLOW_CTX_DAG_RUN_ID='scheduled__2024-02-01T00:00:00+00:00'
[2024-05-09T20:01:46.944+0000] {taskinstance.py:430} INFO - ::endgroup::
[2024-05-09T20:01:46.954+0000] {subprocess.py:63} INFO - Tmp dir root location: /tmp
[2024-05-09T20:01:46.956+0000] {subprocess.py:75} INFO - Running command: ['/usr/bin/bash', '-c', 'ls /tmp && head /tmp/platzi_data_20240201.csv']
[2024-05-09T20:01:46.964+0000] {subprocess.py:86} INFO - Output:
[2024-05-09T20:01:46.967+0000] {subprocess.py:93} INFO - ***tmpmbar9uln
[2024-05-09T20:01:46.967+0000] {subprocess.py:93} INFO - platzi_data_20240101.csv
[2024-05-09T20:01:46.968+0000] {subprocess.py:93} INFO - platzi_data_20240201.csv
[2024-05-09T20:01:46.969+0000] {subprocess.py:93} INFO - platzi_data_20240301.csv
[2024-05-09T20:01:46.970+0000] {subprocess.py:93} INFO - pymp-lgtt6ocg
[2024-05-09T20:01:46.971+0000] {subprocess.py:93} INFO - response_20240101.txt
[2024-05-09T20:01:46.972+0000] {subprocess.py:93} INFO - response_20240201.txt
[2024-05-09T20:01:46.972+0000] {subprocess.py:93} INFO - response_20240301.txt
[2024-05-09T20:01:46.973+0000] {subprocess.py:93} INFO - Student,timestamp
[2024-05-09T20:01:46.974+0000] {subprocess.py:93} INFO - Maria Cruz,2024-02-01 00:00:00+00:00
[2024-05-09T20:01:46.975+0000] {subprocess.py:93} INFO - Daniel Crema,2024-02-01 00:00:00+00:00
[2024-05-09T20:01:46.975+0000] {subprocess.py:93} INFO - Elon Musk,2024-02-01 00:00:00+00:00
[2024-05-09T20:01:46.976+0000] {subprocess.py:93} INFO - Karol Castrejon,2024-02-01 00:00:00+00:00
[2024-05-09T20:01:46.976+0000] {subprocess.py:93} INFO - Freddy Vega,2024-02-01 00:00:00+00:00
[2024-05-09T20:01:46.977+0000] {subprocess.py:93} INFO - Felipe Duque,2024-02-01 00:00:00+00:00
[2024-05-09T20:01:46.978+0000] {subprocess.py:97} INFO - Command exited with return code 0
[2024-05-09T20:01:46.979+0000] {taskinstance.py:441} INFO - ::group::Post task execution logs
[2024-05-09T20:01:47.002+0000] {taskinstance.py:1206} INFO - Marking task as SUCCESS. dag_id=Proyecto_SpaceX, task_id=Leer_Datos_Respuesta_Satelite, run_id=scheduled__2024-02-01T00:00:00+00:00, execution_date=20240201T000000, start_date=20240509T200146, end_date=20240509T200147
[2024-05-09T20:01:47.045+0000] {local_task_job_runner.py:240} INFO - Task exited with return code 0
[2024-05-09T20:01:47.066+0000] {taskinstance.py:3498} INFO - 1 downstream tasks scheduled from follow-on schedule check
[2024-05-09T20:01:47.076+0000] {local_task_job_runner.py:222} INFO - ::endgroup::
[2024-05-10T05:45:24.014+0000] {local_task_job_runner.py:120} INFO - ::group::Pre task execution logs
[2024-05-10T05:45:24.043+0000] {taskinstance.py:2076} INFO - Dependencies all met for dep_context=non-requeueable deps ti=<TaskInstance: Proyecto_SpaceX.Leer_Datos_Respuesta_Satelite scheduled__2024-02-01T00:00:00+00:00 [queued]>
[2024-05-10T05:45:24.061+0000] {taskinstance.py:2076} INFO - Dependencies all met for dep_context=requeueable deps ti=<TaskInstance: Proyecto_SpaceX.Leer_Datos_Respuesta_Satelite scheduled__2024-02-01T00:00:00+00:00 [queued]>
[2024-05-10T05:45:24.063+0000] {taskinstance.py:2306} INFO - Starting attempt 3 of 3
[2024-05-10T05:45:24.254+0000] {taskinstance.py:2330} INFO - Executing <Task(BashOperator): Leer_Datos_Respuesta_Satelite> on 2024-02-01 00:00:00+00:00
[2024-05-10T05:45:24.263+0000] {warnings.py:110} WARNING - /home/***/.local/lib/python3.12/site-packages/***/task/task_runner/standard_task_runner.py:61: DeprecationWarning: This process (pid=553) is multi-threaded, use of fork() may lead to deadlocks in the child.
  pid = os.fork()

[2024-05-10T05:45:24.265+0000] {standard_task_runner.py:63} INFO - Started process 555 to run task
[2024-05-10T05:45:24.265+0000] {standard_task_runner.py:90} INFO - Running: ['***', 'tasks', 'run', 'Proyecto_SpaceX', 'Leer_Datos_Respuesta_Satelite', 'scheduled__2024-02-01T00:00:00+00:00', '--job-id', '1050', '--raw', '--subdir', 'DAGS_FOLDER/Proyecto_SpaceX.py', '--cfg-path', '/tmp/tmp8j1m3uwv']
[2024-05-10T05:45:24.268+0000] {standard_task_runner.py:91} INFO - Job 1050: Subtask Leer_Datos_Respuesta_Satelite
[2024-05-10T05:45:24.329+0000] {task_command.py:426} INFO - Running <TaskInstance: Proyecto_SpaceX.Leer_Datos_Respuesta_Satelite scheduled__2024-02-01T00:00:00+00:00 [running]> on host 1b7f0b10dd99
[2024-05-10T05:45:24.435+0000] {taskinstance.py:2648} INFO - Exporting env vars: AIRFLOW_CTX_DAG_OWNER='***' AIRFLOW_CTX_DAG_ID='Proyecto_SpaceX' AIRFLOW_CTX_TASK_ID='Leer_Datos_Respuesta_Satelite' AIRFLOW_CTX_EXECUTION_DATE='2024-02-01T00:00:00+00:00' AIRFLOW_CTX_TRY_NUMBER='3' AIRFLOW_CTX_DAG_RUN_ID='scheduled__2024-02-01T00:00:00+00:00'
[2024-05-10T05:45:24.438+0000] {taskinstance.py:430} INFO - ::endgroup::
[2024-05-10T05:45:24.457+0000] {subprocess.py:63} INFO - Tmp dir root location: /tmp
[2024-05-10T05:45:24.461+0000] {subprocess.py:75} INFO - Running command: ['/usr/bin/bash', '-c', 'ls /tmp && head /tmp/platzi_data_20240201.csv']
[2024-05-10T05:45:24.478+0000] {subprocess.py:86} INFO - Output:
[2024-05-10T05:45:24.482+0000] {subprocess.py:93} INFO - ***tmpvowng4ub
[2024-05-10T05:45:24.486+0000] {subprocess.py:93} INFO - platzi_data_20240101.csv
[2024-05-10T05:45:24.490+0000] {subprocess.py:93} INFO - platzi_data_20240201.csv
[2024-05-10T05:45:24.491+0000] {subprocess.py:93} INFO - platzi_data_20240301.csv
[2024-05-10T05:45:24.493+0000] {subprocess.py:93} INFO - pymp-uyxtzsi7
[2024-05-10T05:45:24.494+0000] {subprocess.py:93} INFO - response_20240101.txt
[2024-05-10T05:45:24.495+0000] {subprocess.py:93} INFO - response_20240201.txt
[2024-05-10T05:45:24.501+0000] {subprocess.py:93} INFO - response_20240301.txt
[2024-05-10T05:45:24.503+0000] {subprocess.py:93} INFO - Student,timestamp
[2024-05-10T05:45:24.508+0000] {subprocess.py:93} INFO - Maria Cruz,2024-02-01 00:00:00+00:00
[2024-05-10T05:45:24.508+0000] {subprocess.py:93} INFO - Daniel Crema,2024-02-01 00:00:00+00:00
[2024-05-10T05:45:24.510+0000] {subprocess.py:93} INFO - Elon Musk,2024-02-01 00:00:00+00:00
[2024-05-10T05:45:24.510+0000] {subprocess.py:93} INFO - Karol Castrejon,2024-02-01 00:00:00+00:00
[2024-05-10T05:45:24.514+0000] {subprocess.py:93} INFO - Freddy Vega,2024-02-01 00:00:00+00:00
[2024-05-10T05:45:24.515+0000] {subprocess.py:93} INFO - Felipe Duque,2024-02-01 00:00:00+00:00
[2024-05-10T05:45:24.520+0000] {subprocess.py:97} INFO - Command exited with return code 0
[2024-05-10T05:45:24.526+0000] {taskinstance.py:441} INFO - ::group::Post task execution logs
[2024-05-10T05:45:24.558+0000] {taskinstance.py:1206} INFO - Marking task as SUCCESS. dag_id=Proyecto_SpaceX, task_id=Leer_Datos_Respuesta_Satelite, run_id=scheduled__2024-02-01T00:00:00+00:00, execution_date=20240201T000000, start_date=20240510T054524, end_date=20240510T054524
[2024-05-10T05:45:24.601+0000] {local_task_job_runner.py:240} INFO - Task exited with return code 0
[2024-05-10T05:45:24.639+0000] {taskinstance.py:3498} INFO - 1 downstream tasks scheduled from follow-on schedule check
[2024-05-10T05:45:24.647+0000] {local_task_job_runner.py:222} INFO - ::endgroup::
