[2024-05-09T20:20:13.439+0000] {local_task_job_runner.py:120} INFO - ::group::Pre task execution logs
[2024-05-09T20:20:13.457+0000] {taskinstance.py:2076} INFO - Dependencies all met for dep_context=non-requeueable deps ti=<TaskInstance: Proyecto_SpaceX.Leer_Datos_Respuesta_Satelite scheduled__2024-02-01T00:00:00+00:00 [queued]>
[2024-05-09T20:20:13.465+0000] {taskinstance.py:2076} INFO - Dependencies all met for dep_context=requeueable deps ti=<TaskInstance: Proyecto_SpaceX.Leer_Datos_Respuesta_Satelite scheduled__2024-02-01T00:00:00+00:00 [queued]>
[2024-05-09T20:20:13.466+0000] {taskinstance.py:2306} INFO - Starting attempt 4 of 4
[2024-05-09T20:20:13.605+0000] {taskinstance.py:2330} INFO - Executing <Task(BashOperator): Leer_Datos_Respuesta_Satelite> on 2024-02-01 00:00:00+00:00
[2024-05-09T20:20:13.612+0000] {warnings.py:110} WARNING - /home/***/.local/lib/python3.12/site-packages/***/task/task_runner/standard_task_runner.py:61: DeprecationWarning: This process (pid=1557) is multi-threaded, use of fork() may lead to deadlocks in the child.
  pid = os.fork()

[2024-05-09T20:20:13.613+0000] {standard_task_runner.py:90} INFO - Running: ['***', 'tasks', 'run', 'Proyecto_SpaceX', 'Leer_Datos_Respuesta_Satelite', 'scheduled__2024-02-01T00:00:00+00:00', '--job-id', '994', '--raw', '--subdir', 'DAGS_FOLDER/Proyecto_SpaceX.py', '--cfg-path', '/tmp/tmpxjlpb5nj']
[2024-05-09T20:20:13.616+0000] {standard_task_runner.py:63} INFO - Started process 1559 to run task
[2024-05-09T20:20:13.616+0000] {standard_task_runner.py:91} INFO - Job 994: Subtask Leer_Datos_Respuesta_Satelite
[2024-05-09T20:20:13.663+0000] {task_command.py:426} INFO - Running <TaskInstance: Proyecto_SpaceX.Leer_Datos_Respuesta_Satelite scheduled__2024-02-01T00:00:00+00:00 [running]> on host 7a81a983afb0
[2024-05-09T20:20:13.737+0000] {taskinstance.py:2648} INFO - Exporting env vars: AIRFLOW_CTX_DAG_OWNER='***' AIRFLOW_CTX_DAG_ID='Proyecto_SpaceX' AIRFLOW_CTX_TASK_ID='Leer_Datos_Respuesta_Satelite' AIRFLOW_CTX_EXECUTION_DATE='2024-02-01T00:00:00+00:00' AIRFLOW_CTX_TRY_NUMBER='4' AIRFLOW_CTX_DAG_RUN_ID='scheduled__2024-02-01T00:00:00+00:00'
[2024-05-09T20:20:13.745+0000] {taskinstance.py:430} INFO - ::endgroup::
[2024-05-09T20:20:13.757+0000] {subprocess.py:63} INFO - Tmp dir root location: /tmp
[2024-05-09T20:20:13.758+0000] {subprocess.py:75} INFO - Running command: ['/usr/bin/bash', '-c', 'ls /tmp && head /tmp/platzi_data_20240201.csv']
[2024-05-09T20:20:13.768+0000] {subprocess.py:86} INFO - Output:
[2024-05-09T20:20:13.771+0000] {subprocess.py:93} INFO - ***tmpmjm8uobv
[2024-05-09T20:20:13.772+0000] {subprocess.py:93} INFO - platzi_data_20240101.csv
[2024-05-09T20:20:13.773+0000] {subprocess.py:93} INFO - platzi_data_20240201.csv
[2024-05-09T20:20:13.774+0000] {subprocess.py:93} INFO - platzi_data_20240301.csv
[2024-05-09T20:20:13.775+0000] {subprocess.py:93} INFO - pymp-lgtt6ocg
[2024-05-09T20:20:13.776+0000] {subprocess.py:93} INFO - response_20240101.txt
[2024-05-09T20:20:13.777+0000] {subprocess.py:93} INFO - response_20240201.txt
[2024-05-09T20:20:13.778+0000] {subprocess.py:93} INFO - response_20240301.txt
[2024-05-09T20:20:13.779+0000] {subprocess.py:93} INFO - Student,timestamp
[2024-05-09T20:20:13.779+0000] {subprocess.py:93} INFO - Maria Cruz,2024-02-01 00:00:00+00:00
[2024-05-09T20:20:13.780+0000] {subprocess.py:93} INFO - Daniel Crema,2024-02-01 00:00:00+00:00
[2024-05-09T20:20:13.781+0000] {subprocess.py:93} INFO - Elon Musk,2024-02-01 00:00:00+00:00
[2024-05-09T20:20:13.781+0000] {subprocess.py:93} INFO - Karol Castrejon,2024-02-01 00:00:00+00:00
[2024-05-09T20:20:13.782+0000] {subprocess.py:93} INFO - Freddy Vega,2024-02-01 00:00:00+00:00
[2024-05-09T20:20:13.783+0000] {subprocess.py:93} INFO - Felipe Duque,2024-02-01 00:00:00+00:00
[2024-05-09T20:20:13.783+0000] {subprocess.py:97} INFO - Command exited with return code 0
[2024-05-09T20:20:13.784+0000] {taskinstance.py:441} INFO - ::group::Post task execution logs
[2024-05-09T20:20:13.802+0000] {taskinstance.py:1206} INFO - Marking task as SUCCESS. dag_id=Proyecto_SpaceX, task_id=Leer_Datos_Respuesta_Satelite, run_id=scheduled__2024-02-01T00:00:00+00:00, execution_date=20240201T000000, start_date=20240509T202013, end_date=20240509T202013
[2024-05-09T20:20:13.831+0000] {local_task_job_runner.py:240} INFO - Task exited with return code 0
[2024-05-09T20:20:13.851+0000] {taskinstance.py:3498} INFO - 1 downstream tasks scheduled from follow-on schedule check
[2024-05-09T20:20:13.861+0000] {local_task_job_runner.py:222} INFO - ::endgroup::
[2024-05-10T05:55:09.821+0000] {local_task_job_runner.py:120} INFO - ::group::Pre task execution logs
[2024-05-10T05:55:09.846+0000] {taskinstance.py:2076} INFO - Dependencies all met for dep_context=non-requeueable deps ti=<TaskInstance: Proyecto_SpaceX.Leer_Datos_Respuesta_Satelite scheduled__2024-02-01T00:00:00+00:00 [queued]>
[2024-05-10T05:55:09.860+0000] {taskinstance.py:2076} INFO - Dependencies all met for dep_context=requeueable deps ti=<TaskInstance: Proyecto_SpaceX.Leer_Datos_Respuesta_Satelite scheduled__2024-02-01T00:00:00+00:00 [queued]>
[2024-05-10T05:55:09.861+0000] {taskinstance.py:2306} INFO - Starting attempt 4 of 4
[2024-05-10T05:55:10.023+0000] {taskinstance.py:2330} INFO - Executing <Task(BashOperator): Leer_Datos_Respuesta_Satelite> on 2024-02-01 00:00:00+00:00
[2024-05-10T05:55:10.030+0000] {warnings.py:110} WARNING - /home/***/.local/lib/python3.12/site-packages/***/task/task_runner/standard_task_runner.py:61: DeprecationWarning: This process (pid=747) is multi-threaded, use of fork() may lead to deadlocks in the child.
  pid = os.fork()

[2024-05-10T05:55:10.033+0000] {standard_task_runner.py:63} INFO - Started process 749 to run task
[2024-05-10T05:55:10.032+0000] {standard_task_runner.py:90} INFO - Running: ['***', 'tasks', 'run', 'Proyecto_SpaceX', 'Leer_Datos_Respuesta_Satelite', 'scheduled__2024-02-01T00:00:00+00:00', '--job-id', '1068', '--raw', '--subdir', 'DAGS_FOLDER/Proyecto_SpaceX.py', '--cfg-path', '/tmp/tmpkev8rso4']
[2024-05-10T05:55:10.042+0000] {standard_task_runner.py:91} INFO - Job 1068: Subtask Leer_Datos_Respuesta_Satelite
[2024-05-10T05:55:10.115+0000] {task_command.py:426} INFO - Running <TaskInstance: Proyecto_SpaceX.Leer_Datos_Respuesta_Satelite scheduled__2024-02-01T00:00:00+00:00 [running]> on host 1b7f0b10dd99
[2024-05-10T05:55:10.193+0000] {taskinstance.py:2648} INFO - Exporting env vars: AIRFLOW_CTX_DAG_OWNER='***' AIRFLOW_CTX_DAG_ID='Proyecto_SpaceX' AIRFLOW_CTX_TASK_ID='Leer_Datos_Respuesta_Satelite' AIRFLOW_CTX_EXECUTION_DATE='2024-02-01T00:00:00+00:00' AIRFLOW_CTX_TRY_NUMBER='4' AIRFLOW_CTX_DAG_RUN_ID='scheduled__2024-02-01T00:00:00+00:00'
[2024-05-10T05:55:10.194+0000] {taskinstance.py:430} INFO - ::endgroup::
[2024-05-10T05:55:10.206+0000] {subprocess.py:63} INFO - Tmp dir root location: /tmp
[2024-05-10T05:55:10.207+0000] {subprocess.py:75} INFO - Running command: ['/usr/bin/bash', '-c', 'ls /tmp && head /tmp/platzi_data_20240201.csv']
[2024-05-10T05:55:10.217+0000] {subprocess.py:86} INFO - Output:
[2024-05-10T05:55:10.221+0000] {subprocess.py:93} INFO - ***tmppa3ihk5x
[2024-05-10T05:55:10.223+0000] {subprocess.py:93} INFO - platzi_data_20240101.csv
[2024-05-10T05:55:10.230+0000] {subprocess.py:93} INFO - platzi_data_20240201.csv
[2024-05-10T05:55:10.233+0000] {subprocess.py:93} INFO - platzi_data_20240301.csv
[2024-05-10T05:55:10.252+0000] {subprocess.py:93} INFO - pymp-uyxtzsi7
[2024-05-10T05:55:10.255+0000] {subprocess.py:93} INFO - response_20240101.txt
[2024-05-10T05:55:10.256+0000] {subprocess.py:93} INFO - response_20240201.txt
[2024-05-10T05:55:10.257+0000] {subprocess.py:93} INFO - response_20240301.txt
[2024-05-10T05:55:10.258+0000] {subprocess.py:93} INFO - Student,timestamp
[2024-05-10T05:55:10.261+0000] {subprocess.py:93} INFO - Maria Cruz,2024-02-01 00:00:00+00:00
[2024-05-10T05:55:10.261+0000] {subprocess.py:93} INFO - Daniel Crema,2024-02-01 00:00:00+00:00
[2024-05-10T05:55:10.263+0000] {subprocess.py:93} INFO - Elon Musk,2024-02-01 00:00:00+00:00
[2024-05-10T05:55:10.264+0000] {subprocess.py:93} INFO - Karol Castrejon,2024-02-01 00:00:00+00:00
[2024-05-10T05:55:10.265+0000] {subprocess.py:93} INFO - Freddy Vega,2024-02-01 00:00:00+00:00
[2024-05-10T05:55:10.265+0000] {subprocess.py:93} INFO - Felipe Duque,2024-02-01 00:00:00+00:00
[2024-05-10T05:55:10.267+0000] {subprocess.py:97} INFO - Command exited with return code 0
[2024-05-10T05:55:10.270+0000] {taskinstance.py:441} INFO - ::group::Post task execution logs
[2024-05-10T05:55:10.296+0000] {taskinstance.py:1206} INFO - Marking task as SUCCESS. dag_id=Proyecto_SpaceX, task_id=Leer_Datos_Respuesta_Satelite, run_id=scheduled__2024-02-01T00:00:00+00:00, execution_date=20240201T000000, start_date=20240510T055509, end_date=20240510T055510
[2024-05-10T05:55:10.337+0000] {local_task_job_runner.py:240} INFO - Task exited with return code 0
[2024-05-10T05:55:10.356+0000] {taskinstance.py:3498} INFO - 1 downstream tasks scheduled from follow-on schedule check
[2024-05-10T05:55:10.365+0000] {local_task_job_runner.py:222} INFO - ::endgroup::
