[2024-05-09T19:45:12.791+0000] {local_task_job_runner.py:120} INFO - ::group::Pre task execution logs
[2024-05-09T19:45:12.818+0000] {taskinstance.py:2076} INFO - Dependencies all met for dep_context=non-requeueable deps ti=<TaskInstance: Proyecto_SpaceX.Leer_Datos_Respuesta_Satelite scheduled__2024-02-01T00:00:00+00:00 [queued]>
[2024-05-09T19:45:12.827+0000] {taskinstance.py:2076} INFO - Dependencies all met for dep_context=requeueable deps ti=<TaskInstance: Proyecto_SpaceX.Leer_Datos_Respuesta_Satelite scheduled__2024-02-01T00:00:00+00:00 [queued]>
[2024-05-09T19:45:12.829+0000] {taskinstance.py:2306} INFO - Starting attempt 2 of 2
[2024-05-09T19:45:12.974+0000] {taskinstance.py:2330} INFO - Executing <Task(BashOperator): Leer_Datos_Respuesta_Satelite> on 2024-02-01 00:00:00+00:00
[2024-05-09T19:45:12.982+0000] {warnings.py:110} WARNING - /home/***/.local/lib/python3.12/site-packages/***/task/task_runner/standard_task_runner.py:61: DeprecationWarning: This process (pid=953) is multi-threaded, use of fork() may lead to deadlocks in the child.
  pid = os.fork()

[2024-05-09T19:45:12.985+0000] {standard_task_runner.py:63} INFO - Started process 955 to run task
[2024-05-09T19:45:12.985+0000] {standard_task_runner.py:90} INFO - Running: ['***', 'tasks', 'run', 'Proyecto_SpaceX', 'Leer_Datos_Respuesta_Satelite', 'scheduled__2024-02-01T00:00:00+00:00', '--job-id', '958', '--raw', '--subdir', 'DAGS_FOLDER/Proyecto_SpaceX.py', '--cfg-path', '/tmp/tmp8gncp3ze']
[2024-05-09T19:45:12.987+0000] {standard_task_runner.py:91} INFO - Job 958: Subtask Leer_Datos_Respuesta_Satelite
[2024-05-09T19:45:13.034+0000] {task_command.py:426} INFO - Running <TaskInstance: Proyecto_SpaceX.Leer_Datos_Respuesta_Satelite scheduled__2024-02-01T00:00:00+00:00 [running]> on host 7a81a983afb0
[2024-05-09T19:45:13.096+0000] {taskinstance.py:2648} INFO - Exporting env vars: AIRFLOW_CTX_DAG_OWNER='***' AIRFLOW_CTX_DAG_ID='Proyecto_SpaceX' AIRFLOW_CTX_TASK_ID='Leer_Datos_Respuesta_Satelite' AIRFLOW_CTX_EXECUTION_DATE='2024-02-01T00:00:00+00:00' AIRFLOW_CTX_TRY_NUMBER='2' AIRFLOW_CTX_DAG_RUN_ID='scheduled__2024-02-01T00:00:00+00:00'
[2024-05-09T19:45:13.098+0000] {taskinstance.py:430} INFO - ::endgroup::
[2024-05-09T19:45:13.108+0000] {subprocess.py:63} INFO - Tmp dir root location: /tmp
[2024-05-09T19:45:13.109+0000] {subprocess.py:75} INFO - Running command: ['/usr/bin/bash', '-c', 'ls /tmp && head /tmp/platzi_data_20240201.csv']
[2024-05-09T19:45:13.118+0000] {subprocess.py:86} INFO - Output:
[2024-05-09T19:45:13.122+0000] {subprocess.py:93} INFO - ***tmpgwo9_zkq
[2024-05-09T19:45:13.127+0000] {subprocess.py:93} INFO - platzi_data_20240101.csv
[2024-05-09T19:45:13.128+0000] {subprocess.py:93} INFO - platzi_data_20240201.csv
[2024-05-09T19:45:13.129+0000] {subprocess.py:93} INFO - platzi_data_20240301.csv
[2024-05-09T19:45:13.130+0000] {subprocess.py:93} INFO - pymp-lgtt6ocg
[2024-05-09T19:45:13.132+0000] {subprocess.py:93} INFO - response_20240101.txt
[2024-05-09T19:45:13.137+0000] {subprocess.py:93} INFO - response_20240201.txt
[2024-05-09T19:45:13.141+0000] {subprocess.py:93} INFO - response_20240301.txt
[2024-05-09T19:45:13.142+0000] {subprocess.py:93} INFO - Student,timestamp
[2024-05-09T19:45:13.143+0000] {subprocess.py:93} INFO - Maria Cruz,2024-02-01 00:00:00+00:00
[2024-05-09T19:45:13.145+0000] {subprocess.py:93} INFO - Daniel Crema,2024-02-01 00:00:00+00:00
[2024-05-09T19:45:13.146+0000] {subprocess.py:93} INFO - Elon Musk,2024-02-01 00:00:00+00:00
[2024-05-09T19:45:13.147+0000] {subprocess.py:93} INFO - Karol Castrejon,2024-02-01 00:00:00+00:00
[2024-05-09T19:45:13.148+0000] {subprocess.py:93} INFO - Freddy Vega,2024-02-01 00:00:00+00:00
[2024-05-09T19:45:13.149+0000] {subprocess.py:93} INFO - Felipe Duque,2024-02-01 00:00:00+00:00
[2024-05-09T19:45:13.150+0000] {subprocess.py:97} INFO - Command exited with return code 0
[2024-05-09T19:45:13.152+0000] {taskinstance.py:441} INFO - ::group::Post task execution logs
[2024-05-09T19:45:13.191+0000] {taskinstance.py:1206} INFO - Marking task as SUCCESS. dag_id=Proyecto_SpaceX, task_id=Leer_Datos_Respuesta_Satelite, run_id=scheduled__2024-02-01T00:00:00+00:00, execution_date=20240201T000000, start_date=20240509T194512, end_date=20240509T194513
[2024-05-09T19:45:13.241+0000] {local_task_job_runner.py:240} INFO - Task exited with return code 0
[2024-05-09T19:45:13.266+0000] {taskinstance.py:3498} INFO - 1 downstream tasks scheduled from follow-on schedule check
[2024-05-09T19:45:13.269+0000] {local_task_job_runner.py:222} INFO - ::endgroup::
[2024-05-10T05:21:53.493+0000] {local_task_job_runner.py:120} INFO - ::group::Pre task execution logs
[2024-05-10T05:21:53.524+0000] {taskinstance.py:2076} INFO - Dependencies all met for dep_context=non-requeueable deps ti=<TaskInstance: Proyecto_SpaceX.Leer_Datos_Respuesta_Satelite scheduled__2024-02-01T00:00:00+00:00 [queued]>
[2024-05-10T05:21:53.536+0000] {taskinstance.py:2076} INFO - Dependencies all met for dep_context=requeueable deps ti=<TaskInstance: Proyecto_SpaceX.Leer_Datos_Respuesta_Satelite scheduled__2024-02-01T00:00:00+00:00 [queued]>
[2024-05-10T05:21:53.537+0000] {taskinstance.py:2306} INFO - Starting attempt 2 of 2
[2024-05-10T05:21:53.732+0000] {taskinstance.py:2330} INFO - Executing <Task(BashOperator): Leer_Datos_Respuesta_Satelite> on 2024-02-01 00:00:00+00:00
[2024-05-10T05:21:53.739+0000] {warnings.py:110} WARNING - /home/***/.local/lib/python3.12/site-packages/***/task/task_runner/standard_task_runner.py:61: DeprecationWarning: This process (pid=179) is multi-threaded, use of fork() may lead to deadlocks in the child.
  pid = os.fork()

[2024-05-10T05:21:53.742+0000] {standard_task_runner.py:63} INFO - Started process 181 to run task
[2024-05-10T05:21:53.741+0000] {standard_task_runner.py:90} INFO - Running: ['***', 'tasks', 'run', 'Proyecto_SpaceX', 'Leer_Datos_Respuesta_Satelite', 'scheduled__2024-02-01T00:00:00+00:00', '--job-id', '1032', '--raw', '--subdir', 'DAGS_FOLDER/Proyecto_SpaceX.py', '--cfg-path', '/tmp/tmphvig8svc']
[2024-05-10T05:21:53.744+0000] {standard_task_runner.py:91} INFO - Job 1032: Subtask Leer_Datos_Respuesta_Satelite
[2024-05-10T05:21:53.791+0000] {task_command.py:426} INFO - Running <TaskInstance: Proyecto_SpaceX.Leer_Datos_Respuesta_Satelite scheduled__2024-02-01T00:00:00+00:00 [running]> on host 1b7f0b10dd99
[2024-05-10T05:21:53.871+0000] {taskinstance.py:2648} INFO - Exporting env vars: AIRFLOW_CTX_DAG_OWNER='***' AIRFLOW_CTX_DAG_ID='Proyecto_SpaceX' AIRFLOW_CTX_TASK_ID='Leer_Datos_Respuesta_Satelite' AIRFLOW_CTX_EXECUTION_DATE='2024-02-01T00:00:00+00:00' AIRFLOW_CTX_TRY_NUMBER='2' AIRFLOW_CTX_DAG_RUN_ID='scheduled__2024-02-01T00:00:00+00:00'
[2024-05-10T05:21:53.873+0000] {taskinstance.py:430} INFO - ::endgroup::
[2024-05-10T05:21:53.887+0000] {subprocess.py:63} INFO - Tmp dir root location: /tmp
[2024-05-10T05:21:53.890+0000] {subprocess.py:75} INFO - Running command: ['/usr/bin/bash', '-c', 'ls /tmp && head /tmp/platzi_data_20240201.csv']
[2024-05-10T05:21:53.906+0000] {subprocess.py:86} INFO - Output:
[2024-05-10T05:21:53.910+0000] {subprocess.py:93} INFO - ***tmpkr46pxs5
[2024-05-10T05:21:53.911+0000] {subprocess.py:93} INFO - platzi_data_20240101.csv
[2024-05-10T05:21:53.912+0000] {subprocess.py:93} INFO - platzi_data_20240201.csv
[2024-05-10T05:21:53.912+0000] {subprocess.py:93} INFO - pymp-uyxtzsi7
[2024-05-10T05:21:53.913+0000] {subprocess.py:93} INFO - response_20240101.txt
[2024-05-10T05:21:53.914+0000] {subprocess.py:93} INFO - response_20240201.txt
[2024-05-10T05:21:53.914+0000] {subprocess.py:93} INFO - Student,timestamp
[2024-05-10T05:21:53.915+0000] {subprocess.py:93} INFO - Maria Cruz,2024-02-01 00:00:00+00:00
[2024-05-10T05:21:53.915+0000] {subprocess.py:93} INFO - Daniel Crema,2024-02-01 00:00:00+00:00
[2024-05-10T05:21:53.916+0000] {subprocess.py:93} INFO - Elon Musk,2024-02-01 00:00:00+00:00
[2024-05-10T05:21:53.916+0000] {subprocess.py:93} INFO - Karol Castrejon,2024-02-01 00:00:00+00:00
[2024-05-10T05:21:53.917+0000] {subprocess.py:93} INFO - Freddy Vega,2024-02-01 00:00:00+00:00
[2024-05-10T05:21:53.917+0000] {subprocess.py:93} INFO - Felipe Duque,2024-02-01 00:00:00+00:00
[2024-05-10T05:21:53.918+0000] {subprocess.py:97} INFO - Command exited with return code 0
[2024-05-10T05:21:53.919+0000] {taskinstance.py:441} INFO - ::group::Post task execution logs
[2024-05-10T05:21:53.947+0000] {taskinstance.py:1206} INFO - Marking task as SUCCESS. dag_id=Proyecto_SpaceX, task_id=Leer_Datos_Respuesta_Satelite, run_id=scheduled__2024-02-01T00:00:00+00:00, execution_date=20240201T000000, start_date=20240510T052153, end_date=20240510T052153
[2024-05-10T05:21:53.998+0000] {local_task_job_runner.py:240} INFO - Task exited with return code 0
[2024-05-10T05:21:54.031+0000] {taskinstance.py:3498} INFO - 1 downstream tasks scheduled from follow-on schedule check
[2024-05-10T05:21:54.037+0000] {local_task_job_runner.py:222} INFO - ::endgroup::
