[2024-05-10T05:58:13.905+0000] {local_task_job_runner.py:120} INFO - ::group::Pre task execution logs
[2024-05-10T05:58:13.923+0000] {taskinstance.py:2076} INFO - Dependencies all met for dep_context=non-requeueable deps ti=<TaskInstance: Proyecto_SpaceX.Leer_Datos_Respuesta_Satelite scheduled__2024-02-01T00:00:00+00:00 [queued]>
[2024-05-10T05:58:13.929+0000] {taskinstance.py:2076} INFO - Dependencies all met for dep_context=requeueable deps ti=<TaskInstance: Proyecto_SpaceX.Leer_Datos_Respuesta_Satelite scheduled__2024-02-01T00:00:00+00:00 [queued]>
[2024-05-10T05:58:13.933+0000] {taskinstance.py:2306} INFO - Starting attempt 5 of 5
[2024-05-10T05:58:14.055+0000] {taskinstance.py:2330} INFO - Executing <Task(BashOperator): Leer_Datos_Respuesta_Satelite> on 2024-02-01 00:00:00+00:00
[2024-05-10T05:58:14.061+0000] {warnings.py:110} WARNING - /home/***/.local/lib/python3.12/site-packages/***/task/task_runner/standard_task_runner.py:61: DeprecationWarning: This process (pid=864) is multi-threaded, use of fork() may lead to deadlocks in the child.
  pid = os.fork()

[2024-05-10T05:58:14.063+0000] {standard_task_runner.py:63} INFO - Started process 866 to run task
[2024-05-10T05:58:14.062+0000] {standard_task_runner.py:90} INFO - Running: ['***', 'tasks', 'run', 'Proyecto_SpaceX', 'Leer_Datos_Respuesta_Satelite', 'scheduled__2024-02-01T00:00:00+00:00', '--job-id', '1086', '--raw', '--subdir', 'DAGS_FOLDER/Proyecto_SpaceX.py', '--cfg-path', '/tmp/tmphbc1z8vw']
[2024-05-10T05:58:14.065+0000] {standard_task_runner.py:91} INFO - Job 1086: Subtask Leer_Datos_Respuesta_Satelite
[2024-05-10T05:58:14.103+0000] {task_command.py:426} INFO - Running <TaskInstance: Proyecto_SpaceX.Leer_Datos_Respuesta_Satelite scheduled__2024-02-01T00:00:00+00:00 [running]> on host 1b7f0b10dd99
[2024-05-10T05:58:14.165+0000] {taskinstance.py:2648} INFO - Exporting env vars: AIRFLOW_CTX_DAG_OWNER='***' AIRFLOW_CTX_DAG_ID='Proyecto_SpaceX' AIRFLOW_CTX_TASK_ID='Leer_Datos_Respuesta_Satelite' AIRFLOW_CTX_EXECUTION_DATE='2024-02-01T00:00:00+00:00' AIRFLOW_CTX_TRY_NUMBER='5' AIRFLOW_CTX_DAG_RUN_ID='scheduled__2024-02-01T00:00:00+00:00'
[2024-05-10T05:58:14.166+0000] {taskinstance.py:430} INFO - ::endgroup::
[2024-05-10T05:58:14.177+0000] {subprocess.py:63} INFO - Tmp dir root location: /tmp
[2024-05-10T05:58:14.179+0000] {subprocess.py:75} INFO - Running command: ['/usr/bin/bash', '-c', 'ls /tmp && head /tmp/platzi_data_20240201.csv']
[2024-05-10T05:58:14.188+0000] {subprocess.py:86} INFO - Output:
[2024-05-10T05:58:14.190+0000] {subprocess.py:93} INFO - ***tmpgotlshms
[2024-05-10T05:58:14.191+0000] {subprocess.py:93} INFO - platzi_data_20240101.csv
[2024-05-10T05:58:14.191+0000] {subprocess.py:93} INFO - platzi_data_20240201.csv
[2024-05-10T05:58:14.192+0000] {subprocess.py:93} INFO - platzi_data_20240301.csv
[2024-05-10T05:58:14.192+0000] {subprocess.py:93} INFO - pymp-uyxtzsi7
[2024-05-10T05:58:14.193+0000] {subprocess.py:93} INFO - response_20240101.txt
[2024-05-10T05:58:14.194+0000] {subprocess.py:93} INFO - response_20240201.txt
[2024-05-10T05:58:14.194+0000] {subprocess.py:93} INFO - response_20240301.txt
[2024-05-10T05:58:14.195+0000] {subprocess.py:93} INFO - Student,timestamp
[2024-05-10T05:58:14.195+0000] {subprocess.py:93} INFO - Maria Cruz,2024-02-01 00:00:00+00:00
[2024-05-10T05:58:14.196+0000] {subprocess.py:93} INFO - Daniel Crema,2024-02-01 00:00:00+00:00
[2024-05-10T05:58:14.196+0000] {subprocess.py:93} INFO - Elon Musk,2024-02-01 00:00:00+00:00
[2024-05-10T05:58:14.196+0000] {subprocess.py:93} INFO - Karol Castrejon,2024-02-01 00:00:00+00:00
[2024-05-10T05:58:14.197+0000] {subprocess.py:93} INFO - Freddy Vega,2024-02-01 00:00:00+00:00
[2024-05-10T05:58:14.197+0000] {subprocess.py:93} INFO - Felipe Duque,2024-02-01 00:00:00+00:00
[2024-05-10T05:58:14.198+0000] {subprocess.py:97} INFO - Command exited with return code 0
[2024-05-10T05:58:14.198+0000] {taskinstance.py:441} INFO - ::group::Post task execution logs
[2024-05-10T05:58:14.223+0000] {taskinstance.py:1206} INFO - Marking task as SUCCESS. dag_id=Proyecto_SpaceX, task_id=Leer_Datos_Respuesta_Satelite, run_id=scheduled__2024-02-01T00:00:00+00:00, execution_date=20240201T000000, start_date=20240510T055813, end_date=20240510T055814
[2024-05-10T05:58:14.278+0000] {local_task_job_runner.py:240} INFO - Task exited with return code 0
[2024-05-10T05:58:14.299+0000] {taskinstance.py:3498} INFO - 1 downstream tasks scheduled from follow-on schedule check
[2024-05-10T05:58:14.308+0000] {local_task_job_runner.py:222} INFO - ::endgroup::
