[2024-05-07T23:41:44.251+0000] {local_task_job_runner.py:120} INFO - ::group::Pre task execution logs
[2024-05-07T23:41:44.281+0000] {taskinstance.py:2076} INFO - Dependencies all met for dep_context=non-requeueable deps ti=<TaskInstance: 5.1_orquestacion.tarea2 scheduled__2024-03-16T00:00:00+00:00 [queued]>
[2024-05-07T23:41:44.294+0000] {taskinstance.py:2076} INFO - Dependencies all met for dep_context=requeueable deps ti=<TaskInstance: 5.1_orquestacion.tarea2 scheduled__2024-03-16T00:00:00+00:00 [queued]>
[2024-05-07T23:41:44.295+0000] {taskinstance.py:2306} INFO - Starting attempt 1 of 1
[2024-05-07T23:41:44.309+0000] {taskinstance.py:2330} INFO - Executing <Task(BashOperator): tarea2> on 2024-03-16 00:00:00+00:00
[2024-05-07T23:41:44.315+0000] {warnings.py:110} WARNING - /home/***/.local/lib/python3.12/site-packages/***/task/task_runner/standard_task_runner.py:61: DeprecationWarning: This process (pid=3024) is multi-threaded, use of fork() may lead to deadlocks in the child.
  pid = os.fork()

[2024-05-07T23:41:44.316+0000] {standard_task_runner.py:63} INFO - Started process 3027 to run task
[2024-05-07T23:41:44.316+0000] {standard_task_runner.py:90} INFO - Running: ['***', 'tasks', 'run', '5.1_orquestacion', 'tarea2', 'scheduled__2024-03-16T00:00:00+00:00', '--job-id', '117', '--raw', '--subdir', 'DAGS_FOLDER/051_orquestacion.py', '--cfg-path', '/tmp/tmpmcpyhm88']
[2024-05-07T23:41:44.318+0000] {standard_task_runner.py:91} INFO - Job 117: Subtask tarea2
[2024-05-07T23:41:44.361+0000] {task_command.py:426} INFO - Running <TaskInstance: 5.1_orquestacion.tarea2 scheduled__2024-03-16T00:00:00+00:00 [running]> on host 521bf890d837
[2024-05-07T23:41:44.460+0000] {taskinstance.py:2648} INFO - Exporting env vars: AIRFLOW_CTX_DAG_OWNER='***' AIRFLOW_CTX_DAG_ID='5.1_orquestacion' AIRFLOW_CTX_TASK_ID='tarea2' AIRFLOW_CTX_EXECUTION_DATE='2024-03-16T00:00:00+00:00' AIRFLOW_CTX_TRY_NUMBER='1' AIRFLOW_CTX_DAG_RUN_ID='scheduled__2024-03-16T00:00:00+00:00'
[2024-05-07T23:41:44.461+0000] {taskinstance.py:430} INFO - ::endgroup::
[2024-05-07T23:41:44.472+0000] {subprocess.py:63} INFO - Tmp dir root location: /tmp
[2024-05-07T23:41:44.473+0000] {subprocess.py:75} INFO - Running command: ['/usr/bin/bash', '-c', "sleep 2 && echo 'Tarea 2'"]
[2024-05-07T23:41:44.481+0000] {subprocess.py:86} INFO - Output:
[2024-05-07T23:41:46.484+0000] {subprocess.py:93} INFO - Tarea 2
[2024-05-07T23:41:46.484+0000] {subprocess.py:97} INFO - Command exited with return code 0
[2024-05-07T23:41:46.487+0000] {taskinstance.py:441} INFO - ::group::Post task execution logs
[2024-05-07T23:41:46.562+0000] {taskinstance.py:1206} INFO - Marking task as SUCCESS. dag_id=5.1_orquestacion, task_id=tarea2, run_id=scheduled__2024-03-16T00:00:00+00:00, execution_date=20240316T000000, start_date=20240507T234144, end_date=20240507T234146
[2024-05-07T23:41:46.663+0000] {local_task_job_runner.py:240} INFO - Task exited with return code 0
[2024-05-07T23:41:46.859+0000] {taskinstance.py:3498} INFO - 2 downstream tasks scheduled from follow-on schedule check
[2024-05-07T23:41:46.868+0000] {local_task_job_runner.py:222} INFO - ::endgroup::
[2024-05-07T23:48:12.586+0000] {local_task_job_runner.py:120} INFO - ::group::Pre task execution logs
[2024-05-07T23:48:12.616+0000] {taskinstance.py:2076} INFO - Dependencies all met for dep_context=non-requeueable deps ti=<TaskInstance: 5.1_orquestacion.tarea2 scheduled__2024-03-16T00:00:00+00:00 [queued]>
[2024-05-07T23:48:12.630+0000] {taskinstance.py:2076} INFO - Dependencies all met for dep_context=requeueable deps ti=<TaskInstance: 5.1_orquestacion.tarea2 scheduled__2024-03-16T00:00:00+00:00 [queued]>
[2024-05-07T23:48:12.632+0000] {taskinstance.py:2306} INFO - Starting attempt 1 of 1
[2024-05-07T23:48:12.650+0000] {taskinstance.py:2330} INFO - Executing <Task(BashOperator): tarea2> on 2024-03-16 00:00:00+00:00
[2024-05-07T23:48:12.657+0000] {warnings.py:110} WARNING - /home/***/.local/lib/python3.12/site-packages/***/task/task_runner/standard_task_runner.py:61: DeprecationWarning: This process (pid=3626) is multi-threaded, use of fork() may lead to deadlocks in the child.
  pid = os.fork()

[2024-05-07T23:48:12.659+0000] {standard_task_runner.py:63} INFO - Started process 3627 to run task
[2024-05-07T23:48:12.659+0000] {standard_task_runner.py:90} INFO - Running: ['***', 'tasks', 'run', '5.1_orquestacion', 'tarea2', 'scheduled__2024-03-16T00:00:00+00:00', '--job-id', '246', '--raw', '--subdir', 'DAGS_FOLDER/051_orquestacion.py', '--cfg-path', '/tmp/tmpo3d_gdzh']
[2024-05-07T23:48:12.661+0000] {standard_task_runner.py:91} INFO - Job 246: Subtask tarea2
[2024-05-07T23:48:12.712+0000] {task_command.py:426} INFO - Running <TaskInstance: 5.1_orquestacion.tarea2 scheduled__2024-03-16T00:00:00+00:00 [running]> on host 521bf890d837
[2024-05-07T23:48:12.820+0000] {taskinstance.py:2648} INFO - Exporting env vars: AIRFLOW_CTX_DAG_OWNER='***' AIRFLOW_CTX_DAG_ID='5.1_orquestacion' AIRFLOW_CTX_TASK_ID='tarea2' AIRFLOW_CTX_EXECUTION_DATE='2024-03-16T00:00:00+00:00' AIRFLOW_CTX_TRY_NUMBER='1' AIRFLOW_CTX_DAG_RUN_ID='scheduled__2024-03-16T00:00:00+00:00'
[2024-05-07T23:48:12.822+0000] {taskinstance.py:430} INFO - ::endgroup::
[2024-05-07T23:48:12.839+0000] {subprocess.py:63} INFO - Tmp dir root location: /tmp
[2024-05-07T23:48:12.840+0000] {subprocess.py:75} INFO - Running command: ['/usr/bin/bash', '-c', "sleep 2 && echo 'Tarea 2'"]
[2024-05-07T23:48:12.850+0000] {subprocess.py:86} INFO - Output:
[2024-05-07T23:48:14.854+0000] {subprocess.py:93} INFO - Tarea 2
[2024-05-07T23:48:14.858+0000] {subprocess.py:97} INFO - Command exited with return code 0
[2024-05-07T23:48:14.862+0000] {taskinstance.py:441} INFO - ::group::Post task execution logs
[2024-05-07T23:48:14.884+0000] {taskinstance.py:1206} INFO - Marking task as SUCCESS. dag_id=5.1_orquestacion, task_id=tarea2, run_id=scheduled__2024-03-16T00:00:00+00:00, execution_date=20240316T000000, start_date=20240507T234812, end_date=20240507T234814
[2024-05-07T23:48:14.927+0000] {local_task_job_runner.py:240} INFO - Task exited with return code 0
[2024-05-07T23:48:14.961+0000] {taskinstance.py:3498} INFO - 2 downstream tasks scheduled from follow-on schedule check
[2024-05-07T23:48:14.966+0000] {local_task_job_runner.py:222} INFO - ::endgroup::
