[2024-05-07T23:41:18.306+0000] {local_task_job_runner.py:120} INFO - ::group::Pre task execution logs
[2024-05-07T23:41:18.331+0000] {taskinstance.py:2076} INFO - Dependencies all met for dep_context=non-requeueable deps ti=<TaskInstance: 5.1_orquestacion.tarea2 scheduled__2024-03-09T00:00:00+00:00 [queued]>
[2024-05-07T23:41:18.342+0000] {taskinstance.py:2076} INFO - Dependencies all met for dep_context=requeueable deps ti=<TaskInstance: 5.1_orquestacion.tarea2 scheduled__2024-03-09T00:00:00+00:00 [queued]>
[2024-05-07T23:41:18.342+0000] {taskinstance.py:2306} INFO - Starting attempt 1 of 1
[2024-05-07T23:41:18.357+0000] {taskinstance.py:2330} INFO - Executing <Task(BashOperator): tarea2> on 2024-03-09 00:00:00+00:00
[2024-05-07T23:41:18.363+0000] {warnings.py:110} WARNING - /home/***/.local/lib/python3.12/site-packages/***/task/task_runner/standard_task_runner.py:61: DeprecationWarning: This process (pid=2903) is multi-threaded, use of fork() may lead to deadlocks in the child.
  pid = os.fork()

[2024-05-07T23:41:18.366+0000] {standard_task_runner.py:63} INFO - Started process 2907 to run task
[2024-05-07T23:41:18.366+0000] {standard_task_runner.py:90} INFO - Running: ['***', 'tasks', 'run', '5.1_orquestacion', 'tarea2', 'scheduled__2024-03-09T00:00:00+00:00', '--job-id', '88', '--raw', '--subdir', 'DAGS_FOLDER/051_orquestacion.py', '--cfg-path', '/tmp/tmp42crznqe']
[2024-05-07T23:41:18.368+0000] {standard_task_runner.py:91} INFO - Job 88: Subtask tarea2
[2024-05-07T23:41:18.456+0000] {task_command.py:426} INFO - Running <TaskInstance: 5.1_orquestacion.tarea2 scheduled__2024-03-09T00:00:00+00:00 [running]> on host 521bf890d837
[2024-05-07T23:41:18.580+0000] {taskinstance.py:2648} INFO - Exporting env vars: AIRFLOW_CTX_DAG_OWNER='***' AIRFLOW_CTX_DAG_ID='5.1_orquestacion' AIRFLOW_CTX_TASK_ID='tarea2' AIRFLOW_CTX_EXECUTION_DATE='2024-03-09T00:00:00+00:00' AIRFLOW_CTX_TRY_NUMBER='1' AIRFLOW_CTX_DAG_RUN_ID='scheduled__2024-03-09T00:00:00+00:00'
[2024-05-07T23:41:18.581+0000] {taskinstance.py:430} INFO - ::endgroup::
[2024-05-07T23:41:18.594+0000] {subprocess.py:63} INFO - Tmp dir root location: /tmp
[2024-05-07T23:41:18.596+0000] {subprocess.py:75} INFO - Running command: ['/usr/bin/bash', '-c', "sleep 2 && echo 'Tarea 2'"]
[2024-05-07T23:41:18.606+0000] {subprocess.py:86} INFO - Output:
[2024-05-07T23:41:20.611+0000] {subprocess.py:93} INFO - Tarea 2
[2024-05-07T23:41:20.616+0000] {subprocess.py:97} INFO - Command exited with return code 0
[2024-05-07T23:41:20.622+0000] {taskinstance.py:441} INFO - ::group::Post task execution logs
[2024-05-07T23:41:20.806+0000] {taskinstance.py:1206} INFO - Marking task as SUCCESS. dag_id=5.1_orquestacion, task_id=tarea2, run_id=scheduled__2024-03-09T00:00:00+00:00, execution_date=20240309T000000, start_date=20240507T234118, end_date=20240507T234120
[2024-05-07T23:41:20.918+0000] {local_task_job_runner.py:240} INFO - Task exited with return code 0
[2024-05-07T23:41:20.979+0000] {taskinstance.py:3498} INFO - 2 downstream tasks scheduled from follow-on schedule check
[2024-05-07T23:41:20.984+0000] {local_task_job_runner.py:222} INFO - ::endgroup::
[2024-05-07T23:46:51.456+0000] {local_task_job_runner.py:120} INFO - ::group::Pre task execution logs
[2024-05-07T23:46:51.492+0000] {taskinstance.py:2076} INFO - Dependencies all met for dep_context=non-requeueable deps ti=<TaskInstance: 5.1_orquestacion.tarea2 scheduled__2024-03-09T00:00:00+00:00 [queued]>
[2024-05-07T23:46:51.506+0000] {taskinstance.py:2076} INFO - Dependencies all met for dep_context=requeueable deps ti=<TaskInstance: 5.1_orquestacion.tarea2 scheduled__2024-03-09T00:00:00+00:00 [queued]>
[2024-05-07T23:46:51.507+0000] {taskinstance.py:2306} INFO - Starting attempt 1 of 1
[2024-05-07T23:46:51.540+0000] {taskinstance.py:2330} INFO - Executing <Task(BashOperator): tarea2> on 2024-03-09 00:00:00+00:00
[2024-05-07T23:46:51.547+0000] {warnings.py:110} WARNING - /home/***/.local/lib/python3.12/site-packages/***/task/task_runner/standard_task_runner.py:61: DeprecationWarning: This process (pid=3493) is multi-threaded, use of fork() may lead to deadlocks in the child.
  pid = os.fork()

[2024-05-07T23:46:51.548+0000] {standard_task_runner.py:90} INFO - Running: ['***', 'tasks', 'run', '5.1_orquestacion', 'tarea2', 'scheduled__2024-03-09T00:00:00+00:00', '--job-id', '218', '--raw', '--subdir', 'DAGS_FOLDER/051_orquestacion.py', '--cfg-path', '/tmp/tmpwdwtisu5']
[2024-05-07T23:46:51.549+0000] {standard_task_runner.py:63} INFO - Started process 3494 to run task
[2024-05-07T23:46:51.549+0000] {standard_task_runner.py:91} INFO - Job 218: Subtask tarea2
[2024-05-07T23:46:51.628+0000] {task_command.py:426} INFO - Running <TaskInstance: 5.1_orquestacion.tarea2 scheduled__2024-03-09T00:00:00+00:00 [running]> on host 521bf890d837
[2024-05-07T23:46:51.831+0000] {taskinstance.py:2648} INFO - Exporting env vars: AIRFLOW_CTX_DAG_OWNER='***' AIRFLOW_CTX_DAG_ID='5.1_orquestacion' AIRFLOW_CTX_TASK_ID='tarea2' AIRFLOW_CTX_EXECUTION_DATE='2024-03-09T00:00:00+00:00' AIRFLOW_CTX_TRY_NUMBER='1' AIRFLOW_CTX_DAG_RUN_ID='scheduled__2024-03-09T00:00:00+00:00'
[2024-05-07T23:46:51.832+0000] {taskinstance.py:430} INFO - ::endgroup::
[2024-05-07T23:46:51.847+0000] {subprocess.py:63} INFO - Tmp dir root location: /tmp
[2024-05-07T23:46:51.849+0000] {subprocess.py:75} INFO - Running command: ['/usr/bin/bash', '-c', "sleep 2 && echo 'Tarea 2'"]
[2024-05-07T23:46:51.859+0000] {subprocess.py:86} INFO - Output:
[2024-05-07T23:46:53.862+0000] {subprocess.py:93} INFO - Tarea 2
[2024-05-07T23:46:53.863+0000] {subprocess.py:97} INFO - Command exited with return code 0
[2024-05-07T23:46:53.865+0000] {taskinstance.py:441} INFO - ::group::Post task execution logs
[2024-05-07T23:46:53.888+0000] {taskinstance.py:1206} INFO - Marking task as SUCCESS. dag_id=5.1_orquestacion, task_id=tarea2, run_id=scheduled__2024-03-09T00:00:00+00:00, execution_date=20240309T000000, start_date=20240507T234651, end_date=20240507T234653
[2024-05-07T23:46:53.938+0000] {local_task_job_runner.py:240} INFO - Task exited with return code 0
[2024-05-07T23:46:53.965+0000] {taskinstance.py:3498} INFO - 2 downstream tasks scheduled from follow-on schedule check
[2024-05-07T23:46:53.968+0000] {local_task_job_runner.py:222} INFO - ::endgroup::
