[2024-05-07T23:40:53.075+0000] {local_task_job_runner.py:120} INFO - ::group::Pre task execution logs
[2024-05-07T23:40:53.104+0000] {taskinstance.py:2076} INFO - Dependencies all met for dep_context=non-requeueable deps ti=<TaskInstance: 5.1_orquestacion.tarea4 scheduled__2024-03-02T00:00:00+00:00 [queued]>
[2024-05-07T23:40:53.115+0000] {taskinstance.py:2076} INFO - Dependencies all met for dep_context=requeueable deps ti=<TaskInstance: 5.1_orquestacion.tarea4 scheduled__2024-03-02T00:00:00+00:00 [queued]>
[2024-05-07T23:40:53.116+0000] {taskinstance.py:2306} INFO - Starting attempt 1 of 1
[2024-05-07T23:40:53.131+0000] {taskinstance.py:2330} INFO - Executing <Task(BashOperator): tarea4> on 2024-03-02 00:00:00+00:00
[2024-05-07T23:40:53.137+0000] {warnings.py:110} WARNING - /home/***/.local/lib/python3.12/site-packages/***/task/task_runner/standard_task_runner.py:61: DeprecationWarning: This process (pid=2803) is multi-threaded, use of fork() may lead to deadlocks in the child.
  pid = os.fork()

[2024-05-07T23:40:53.138+0000] {standard_task_runner.py:63} INFO - Started process 2806 to run task
[2024-05-07T23:40:53.138+0000] {standard_task_runner.py:90} INFO - Running: ['***', 'tasks', 'run', '5.1_orquestacion', 'tarea4', 'scheduled__2024-03-02T00:00:00+00:00', '--job-id', '66', '--raw', '--subdir', 'DAGS_FOLDER/051_orquestacion.py', '--cfg-path', '/tmp/tmp92nt149a']
[2024-05-07T23:40:53.139+0000] {standard_task_runner.py:91} INFO - Job 66: Subtask tarea4
[2024-05-07T23:40:53.182+0000] {task_command.py:426} INFO - Running <TaskInstance: 5.1_orquestacion.tarea4 scheduled__2024-03-02T00:00:00+00:00 [running]> on host 521bf890d837
[2024-05-07T23:40:53.360+0000] {taskinstance.py:2648} INFO - Exporting env vars: AIRFLOW_CTX_DAG_OWNER='***' AIRFLOW_CTX_DAG_ID='5.1_orquestacion' AIRFLOW_CTX_TASK_ID='tarea4' AIRFLOW_CTX_EXECUTION_DATE='2024-03-02T00:00:00+00:00' AIRFLOW_CTX_TRY_NUMBER='1' AIRFLOW_CTX_DAG_RUN_ID='scheduled__2024-03-02T00:00:00+00:00'
[2024-05-07T23:40:53.361+0000] {taskinstance.py:430} INFO - ::endgroup::
[2024-05-07T23:40:53.376+0000] {subprocess.py:63} INFO - Tmp dir root location: /tmp
[2024-05-07T23:40:53.377+0000] {subprocess.py:75} INFO - Running command: ['/usr/bin/bash', '-c', "sleep 2 && echo 'Tarea 4'"]
[2024-05-07T23:40:53.387+0000] {subprocess.py:86} INFO - Output:
[2024-05-07T23:40:55.390+0000] {subprocess.py:93} INFO - Tarea 4
[2024-05-07T23:40:55.395+0000] {subprocess.py:97} INFO - Command exited with return code 0
[2024-05-07T23:40:55.396+0000] {taskinstance.py:441} INFO - ::group::Post task execution logs
[2024-05-07T23:40:55.538+0000] {taskinstance.py:1206} INFO - Marking task as SUCCESS. dag_id=5.1_orquestacion, task_id=tarea4, run_id=scheduled__2024-03-02T00:00:00+00:00, execution_date=20240302T000000, start_date=20240507T234053, end_date=20240507T234055
[2024-05-07T23:40:56.050+0000] {local_task_job_runner.py:240} INFO - Task exited with return code 0
[2024-05-07T23:40:56.059+0000] {local_task_job_runner.py:222} INFO - ::endgroup::
[2024-05-07T23:45:31.713+0000] {local_task_job_runner.py:120} INFO - ::group::Pre task execution logs
[2024-05-07T23:45:31.741+0000] {taskinstance.py:2076} INFO - Dependencies all met for dep_context=non-requeueable deps ti=<TaskInstance: 5.1_orquestacion.tarea4 scheduled__2024-03-02T00:00:00+00:00 [queued]>
[2024-05-07T23:45:31.752+0000] {taskinstance.py:2076} INFO - Dependencies all met for dep_context=requeueable deps ti=<TaskInstance: 5.1_orquestacion.tarea4 scheduled__2024-03-02T00:00:00+00:00 [queued]>
[2024-05-07T23:45:31.753+0000] {taskinstance.py:2306} INFO - Starting attempt 1 of 1
[2024-05-07T23:45:31.772+0000] {taskinstance.py:2330} INFO - Executing <Task(BashOperator): tarea4> on 2024-03-02 00:00:00+00:00
[2024-05-07T23:45:31.779+0000] {warnings.py:110} WARNING - /home/***/.local/lib/python3.12/site-packages/***/task/task_runner/standard_task_runner.py:61: DeprecationWarning: This process (pid=3371) is multi-threaded, use of fork() may lead to deadlocks in the child.
  pid = os.fork()

[2024-05-07T23:45:31.781+0000] {standard_task_runner.py:63} INFO - Started process 3373 to run task
[2024-05-07T23:45:31.780+0000] {standard_task_runner.py:90} INFO - Running: ['***', 'tasks', 'run', '5.1_orquestacion', 'tarea4', 'scheduled__2024-03-02T00:00:00+00:00', '--job-id', '191', '--raw', '--subdir', 'DAGS_FOLDER/051_orquestacion.py', '--cfg-path', '/tmp/tmphjmkqcs8']
[2024-05-07T23:45:31.782+0000] {standard_task_runner.py:91} INFO - Job 191: Subtask tarea4
[2024-05-07T23:45:31.831+0000] {task_command.py:426} INFO - Running <TaskInstance: 5.1_orquestacion.tarea4 scheduled__2024-03-02T00:00:00+00:00 [running]> on host 521bf890d837
[2024-05-07T23:45:31.947+0000] {taskinstance.py:2648} INFO - Exporting env vars: AIRFLOW_CTX_DAG_OWNER='***' AIRFLOW_CTX_DAG_ID='5.1_orquestacion' AIRFLOW_CTX_TASK_ID='tarea4' AIRFLOW_CTX_EXECUTION_DATE='2024-03-02T00:00:00+00:00' AIRFLOW_CTX_TRY_NUMBER='1' AIRFLOW_CTX_DAG_RUN_ID='scheduled__2024-03-02T00:00:00+00:00'
[2024-05-07T23:45:31.949+0000] {taskinstance.py:430} INFO - ::endgroup::
[2024-05-07T23:45:31.963+0000] {subprocess.py:63} INFO - Tmp dir root location: /tmp
[2024-05-07T23:45:31.964+0000] {subprocess.py:75} INFO - Running command: ['/usr/bin/bash', '-c', "sleep 2 && echo 'Tarea 4'"]
[2024-05-07T23:45:31.974+0000] {subprocess.py:86} INFO - Output:
[2024-05-07T23:45:33.980+0000] {subprocess.py:93} INFO - Tarea 4
[2024-05-07T23:45:33.984+0000] {subprocess.py:97} INFO - Command exited with return code 0
[2024-05-07T23:45:33.986+0000] {taskinstance.py:441} INFO - ::group::Post task execution logs
[2024-05-07T23:45:34.084+0000] {taskinstance.py:1206} INFO - Marking task as SUCCESS. dag_id=5.1_orquestacion, task_id=tarea4, run_id=scheduled__2024-03-02T00:00:00+00:00, execution_date=20240302T000000, start_date=20240507T234531, end_date=20240507T234534
[2024-05-07T23:45:34.127+0000] {local_task_job_runner.py:240} INFO - Task exited with return code 0
[2024-05-07T23:45:34.160+0000] {taskinstance.py:3498} INFO - 0 downstream tasks scheduled from follow-on schedule check
[2024-05-07T23:45:34.163+0000] {local_task_job_runner.py:222} INFO - ::endgroup::
