[2024-05-08T19:51:34.218+0000] {local_task_job_runner.py:120} INFO - ::group::Pre task execution logs
[2024-05-08T19:51:34.243+0000] {taskinstance.py:2076} INFO - Dependencies all met for dep_context=non-requeueable deps ti=<TaskInstance: 7.3_filesensor.end_task scheduled__2022-07-30T00:00:00+00:00 [queued]>
[2024-05-08T19:51:34.253+0000] {taskinstance.py:2076} INFO - Dependencies all met for dep_context=requeueable deps ti=<TaskInstance: 7.3_filesensor.end_task scheduled__2022-07-30T00:00:00+00:00 [queued]>
[2024-05-08T19:51:34.254+0000] {taskinstance.py:2306} INFO - Starting attempt 1 of 1
[2024-05-08T19:51:34.268+0000] {taskinstance.py:2330} INFO - Executing <Task(BashOperator): end_task> on 2022-07-30 00:00:00+00:00
[2024-05-08T19:51:34.273+0000] {warnings.py:110} WARNING - /home/***/.local/lib/python3.12/site-packages/***/task/task_runner/standard_task_runner.py:61: DeprecationWarning: This process (pid=2159) is multi-threaded, use of fork() may lead to deadlocks in the child.
  pid = os.fork()

[2024-05-08T19:51:34.275+0000] {standard_task_runner.py:63} INFO - Started process 2160 to run task
[2024-05-08T19:51:34.275+0000] {standard_task_runner.py:90} INFO - Running: ['***', 'tasks', 'run', '7.3_filesensor', 'end_task', 'scheduled__2022-07-30T00:00:00+00:00', '--job-id', '699', '--raw', '--subdir', 'DAGS_FOLDER/07_FileSensor.py', '--cfg-path', '/tmp/tmptpk0bb13']
[2024-05-08T19:51:34.276+0000] {standard_task_runner.py:91} INFO - Job 699: Subtask end_task
[2024-05-08T19:51:34.381+0000] {task_command.py:426} INFO - Running <TaskInstance: 7.3_filesensor.end_task scheduled__2022-07-30T00:00:00+00:00 [running]> on host ccc314eb571d
[2024-05-08T19:51:34.441+0000] {taskinstance.py:2648} INFO - Exporting env vars: AIRFLOW_CTX_DAG_OWNER='***' AIRFLOW_CTX_DAG_ID='7.3_filesensor' AIRFLOW_CTX_TASK_ID='end_task' AIRFLOW_CTX_EXECUTION_DATE='2022-07-30T00:00:00+00:00' AIRFLOW_CTX_TRY_NUMBER='1' AIRFLOW_CTX_DAG_RUN_ID='scheduled__2022-07-30T00:00:00+00:00'
[2024-05-08T19:51:34.445+0000] {taskinstance.py:430} INFO - ::endgroup::
[2024-05-08T19:51:34.454+0000] {subprocess.py:63} INFO - Tmp dir root location: /tmp
[2024-05-08T19:51:34.484+0000] {subprocess.py:75} INFO - Running command: ['/usr/bin/bash', '-c', "echo 'El fichero ha llegado'"]
[2024-05-08T19:51:34.492+0000] {subprocess.py:86} INFO - Output:
[2024-05-08T19:51:34.493+0000] {subprocess.py:93} INFO - El fichero ha llegado
[2024-05-08T19:51:34.494+0000] {subprocess.py:97} INFO - Command exited with return code 0
[2024-05-08T19:51:34.494+0000] {taskinstance.py:441} INFO - ::group::Post task execution logs
[2024-05-08T19:51:34.513+0000] {taskinstance.py:1206} INFO - Marking task as SUCCESS. dag_id=7.3_filesensor, task_id=end_task, run_id=scheduled__2022-07-30T00:00:00+00:00, execution_date=20220730T000000, start_date=20240508T195134, end_date=20240508T195134
[2024-05-08T19:51:34.529+0000] {local_task_job_runner.py:240} INFO - Task exited with return code 0
[2024-05-08T19:51:34.541+0000] {taskinstance.py:3498} INFO - 0 downstream tasks scheduled from follow-on schedule check
[2024-05-08T19:51:34.544+0000] {local_task_job_runner.py:222} INFO - ::endgroup::
