[2024-05-10T06:13:26.511+0000] {local_task_job_runner.py:120} INFO - ::group::Pre task execution logs
[2024-05-10T06:13:26.528+0000] {taskinstance.py:2076} INFO - Dependencies all met for dep_context=non-requeueable deps ti=<TaskInstance: Proyecto_SpaceX_v1.Lectura_Datos_NASA scheduled__2024-03-06T00:00:00+00:00 [queued]>
[2024-05-10T06:13:26.536+0000] {taskinstance.py:2076} INFO - Dependencies all met for dep_context=requeueable deps ti=<TaskInstance: Proyecto_SpaceX_v1.Lectura_Datos_NASA scheduled__2024-03-06T00:00:00+00:00 [queued]>
[2024-05-10T06:13:26.539+0000] {taskinstance.py:2306} INFO - Starting attempt 1 of 1
[2024-05-10T06:13:26.554+0000] {taskinstance.py:2330} INFO - Executing <Task(BashOperator): Lectura_Datos_NASA> on 2024-03-06 00:00:00+00:00
[2024-05-10T06:13:26.561+0000] {warnings.py:110} WARNING - /home/***/.local/lib/python3.12/site-packages/***/task/task_runner/standard_task_runner.py:61: DeprecationWarning: This process (pid=1433) is multi-threaded, use of fork() may lead to deadlocks in the child.
  pid = os.fork()

[2024-05-10T06:13:26.563+0000] {standard_task_runner.py:63} INFO - Started process 1435 to run task
[2024-05-10T06:13:26.563+0000] {standard_task_runner.py:90} INFO - Running: ['***', 'tasks', 'run', 'Proyecto_SpaceX_v1', 'Lectura_Datos_NASA', 'scheduled__2024-03-06T00:00:00+00:00', '--job-id', '1169', '--raw', '--subdir', 'DAGS_FOLDER/Proyecto_SpaceX_v1.py', '--cfg-path', '/tmp/tmpb3zj0009']
[2024-05-10T06:13:26.565+0000] {standard_task_runner.py:91} INFO - Job 1169: Subtask Lectura_Datos_NASA
[2024-05-10T06:13:26.612+0000] {task_command.py:426} INFO - Running <TaskInstance: Proyecto_SpaceX_v1.Lectura_Datos_NASA scheduled__2024-03-06T00:00:00+00:00 [running]> on host 1b7f0b10dd99
[2024-05-10T06:13:26.831+0000] {taskinstance.py:2648} INFO - Exporting env vars: AIRFLOW_CTX_DAG_OWNER='***' AIRFLOW_CTX_DAG_ID='Proyecto_SpaceX_v1' AIRFLOW_CTX_TASK_ID='Lectura_Datos_NASA' AIRFLOW_CTX_EXECUTION_DATE='2024-03-06T00:00:00+00:00' AIRFLOW_CTX_TRY_NUMBER='1' AIRFLOW_CTX_DAG_RUN_ID='scheduled__2024-03-06T00:00:00+00:00'
[2024-05-10T06:13:26.832+0000] {taskinstance.py:430} INFO - ::endgroup::
[2024-05-10T06:13:26.840+0000] {subprocess.py:63} INFO - Tmp dir root location: /tmp
[2024-05-10T06:13:26.842+0000] {subprocess.py:75} INFO - Running command: ['/usr/bin/bash', '-c', 'ls /tmp && head /tmp/response_20240306.txt']
[2024-05-10T06:13:26.852+0000] {subprocess.py:86} INFO - Output:
[2024-05-10T06:13:26.854+0000] {subprocess.py:93} INFO - ***tmpf2djnjtq
[2024-05-10T06:13:26.855+0000] {subprocess.py:93} INFO - history.json
[2024-05-10T06:13:26.856+0000] {subprocess.py:93} INFO - platzi_data_20231125.csv
[2024-05-10T06:13:26.856+0000] {subprocess.py:93} INFO - platzi_data_20231126.csv
[2024-05-10T06:13:26.857+0000] {subprocess.py:93} INFO - platzi_data_20231127.csv
[2024-05-10T06:13:26.858+0000] {subprocess.py:93} INFO - platzi_data_20240101.csv
[2024-05-10T06:13:26.859+0000] {subprocess.py:93} INFO - platzi_data_20240201.csv
[2024-05-10T06:13:26.859+0000] {subprocess.py:93} INFO - platzi_data_20240301.csv
[2024-05-10T06:13:26.860+0000] {subprocess.py:93} INFO - platzi_data_20240302.csv
[2024-05-10T06:13:26.861+0000] {subprocess.py:93} INFO - platzi_data_20240303.csv
[2024-05-10T06:13:26.862+0000] {subprocess.py:93} INFO - platzi_data_20240304.csv
[2024-05-10T06:13:26.863+0000] {subprocess.py:93} INFO - platzi_data_20240305.csv
[2024-05-10T06:13:26.863+0000] {subprocess.py:93} INFO - pymp-uyxtzsi7
[2024-05-10T06:13:26.864+0000] {subprocess.py:93} INFO - response_20231125.txt
[2024-05-10T06:13:26.865+0000] {subprocess.py:93} INFO - response_20231126.txt
[2024-05-10T06:13:26.866+0000] {subprocess.py:93} INFO - response_20231127.txt
[2024-05-10T06:13:26.867+0000] {subprocess.py:93} INFO - response_20240101.txt
[2024-05-10T06:13:26.867+0000] {subprocess.py:93} INFO - response_20240201.txt
[2024-05-10T06:13:26.868+0000] {subprocess.py:93} INFO - response_20240301.txt
[2024-05-10T06:13:26.869+0000] {subprocess.py:93} INFO - response_20240302.txt
[2024-05-10T06:13:26.870+0000] {subprocess.py:93} INFO - response_20240303.txt
[2024-05-10T06:13:26.871+0000] {subprocess.py:93} INFO - response_20240304.txt
[2024-05-10T06:13:26.871+0000] {subprocess.py:93} INFO - response_20240305.txt
[2024-05-10T06:13:26.872+0000] {subprocess.py:93} INFO - response_20240306.txt
[2024-05-10T06:13:26.873+0000] {subprocess.py:93} INFO - Confirmación, puede proceder
[2024-05-10T06:13:26.874+0000] {subprocess.py:97} INFO - Command exited with return code 0
[2024-05-10T06:13:26.875+0000] {taskinstance.py:441} INFO - ::group::Post task execution logs
[2024-05-10T06:13:26.900+0000] {taskinstance.py:1206} INFO - Marking task as SUCCESS. dag_id=Proyecto_SpaceX_v1, task_id=Lectura_Datos_NASA, run_id=scheduled__2024-03-06T00:00:00+00:00, execution_date=20240306T000000, start_date=20240510T061326, end_date=20240510T061326
[2024-05-10T06:13:26.938+0000] {local_task_job_runner.py:240} INFO - Task exited with return code 0
[2024-05-10T06:13:27.080+0000] {taskinstance.py:3498} INFO - 1 downstream tasks scheduled from follow-on schedule check
[2024-05-10T06:13:27.083+0000] {local_task_job_runner.py:222} INFO - ::endgroup::
